/home/runner/simulations/TestJob01_temp_1/output-0000/TEST/sim/MemSpeed
Preparing:
+ set -e
+ cd output-0000-active
+ echo Checking:
Checking:
+ pwd
/home/runner/simulations/TestJob01_temp_1/output-0000/TEST/sim/MemSpeed/output-0000-active
+ hostname
fv-az96-582
+ date
Mon Oct 11 07:27:06 UTC 2021
+ echo Environment:
Environment:
+ export CACTUS_NUM_PROCS=1
+ export CACTUS_NUM_THREADS=2
+ export GMON_OUT_PREFIX=gmon.out
+ export OMP_NUM_THREADS=2
+ env
+ sort
+ echo Starting:
Starting:
+ date +%s
+ export CACTUS_STARTTIME=1633937226
+ [ 1 = 1 ]
+ [ 0 -eq 0 ]
+ /home/runner/simulations/TestJob01_temp_1/SIMFACTORY/exe/cactus_sim -L 3 /home/runner/simulations/TestJob01_temp_1/output-0000/arrangements/CactusUtils/MemSpeed/test/memspeed.par
INFO (Cactus): Increased logging level from 0 to 3
--------------------------------------------------------------------------------

       10                                  
  1   0101       ************************  
  01  1010 10      The Cactus Code V4.9.0    
 1010 1101 011      www.cactuscode.org     
  1001 100101    ************************  
    00010101                               
     100011     (c) Copyright The Authors  
      0100      GNU Licensed. No Warranty  
      0101                                 
--------------------------------------------------------------------------------

Cactus version:    4.9.0
Compile date:      Oct 11 2021 (07:18:55)
Run date:          Oct 11 2021 (07:27:07+0000)
Run host:          fv-az96-582.m4cgkdvplvgupd014rd20bgx3d.gx.internal.cloudapp.net (pid=101106)
Working directory: /home/runner/simulations/TestJob01_temp_1/output-0000/TEST/sim/MemSpeed
Executable:        /home/runner/simulations/TestJob01_temp_1/SIMFACTORY/exe/cactus_sim
Parameter file:    /home/runner/simulations/TestJob01_temp_1/output-0000/arrangements/CactusUtils/MemSpeed/test/memspeed.par
--------------------------------------------------------------------------------

Activating thorn Cactus...Success -> active implementation Cactus
Activation requested for 
--->hwloc MemSpeed SystemTopology CartGrid3D CoordBase IOASCII IOUtil PUGH PUGHSlab<---
Thorn hwloc requests automatic activation of zlib
Thorn MemSpeed requests automatic activation of Vectors
Thorn MemSpeed requests automatic activation of MPI
Activating thorn CartGrid3D...Success -> active implementation grid
Activating thorn CoordBase...Success -> active implementation CoordBase
Activating thorn hwloc...Success -> active implementation hwloc
Activating thorn IOASCII...Success -> active implementation IOASCII
Activating thorn IOUtil...Success -> active implementation IO
Activating thorn MemSpeed...Success -> active implementation MemSpeed
Activating thorn MPI...Success -> active implementation MPI
Activating thorn PUGH...Success -> active implementation Driver
Activating thorn PUGHSlab...Success -> active implementation Hyperslab
Activating thorn SystemTopology...Success -> active implementation SystemTopology
Activating thorn Vectors...Success -> active implementation Vectors
Activating thorn zlib...Success -> active implementation zlib
--------------------------------------------------------------------------------
  if (recover initial data)
    Recover parameters
  endif

  Startup routines
    [CCTK_STARTUP]
      CartGrid3D::SymmetryStartup: Register GH Extension for GridSymmetry
      CoordBase::CoordBase_Startup: Register a GH extension to store the coordinate system handles
      GROUP hwloc_startup: hwloc startup group
        hwloc::hwloc_version: Output hwloc version
      SystemTopology::ST_system_topology: Output and/or modify system topology and hardware locality
      PUGH::Driver_Startup: Startup routine
      PUGH::PUGH_RegisterPUGHP2LRoutines: Register Physical to Logical process mapping routines
      PUGH::PUGH_RegisterPUGHTopologyRoutines: Register topology generation routines routines
      IOUtil::IOUtil_Startup: Startup routine
      Vectors::Vectors_Startup: Print startup message
      IOASCII::IOASCII_Startup: Startup routine

  Startup routines which need an existing grid hierarchy
    [CCTK_WRAGH]
      CartGrid3D::RegisterCartGrid3DCoords: [meta] Register coordinates for the Cartesian grid
      MemSpeed::MemSpeed_MeasureSpeed: [meta] Measure CPU, memory, cache speeds
  Parameter checking routines
    [CCTK_PARAMCHECK]
      CartGrid3D::ParamCheck_CartGrid3D: Check coordinates for CartGrid3D
      Vectors::Vectors_Test: Run correctness tests.

  Initialisation
    if (NOT (recover initial data AND recovery_mode is 'strict'))
      [CCTK_PREREGRIDINITIAL]
      Set up grid hierarchy
      [CCTK_POSTREGRIDINITIAL]
        CartGrid3D::SpatialCoordinates: Set Coordinates after regridding
      [CCTK_BASEGRID]
        CartGrid3D::SpatialSpacings: Set up ranges for spatial 3D Cartesian coordinates (on all grids)
        CartGrid3D::SpatialCoordinates: Set up spatial 3D Cartesian coordinates on the GH
        IOASCII::IOASCII_Choose1D: Choose 1D output lines
        IOASCII::IOASCII_Choose2D: Choose 2D output planes
        PUGH::PUGH_Report: Report on PUGH set up
      [CCTK_INITIAL]
      [CCTK_POSTINITIAL]
      Initialise finer grids recursively
      Restrict from finer grids
      [CCTK_POSTRESTRICTINITIAL]
      [CCTK_POSTPOSTINITIAL]
      [CCTK_POSTSTEP]
    endif
    if (recover initial data)
      [CCTK_BASEGRID]
        CartGrid3D::SpatialSpacings: Set up ranges for spatial 3D Cartesian coordinates (on all grids)
        CartGrid3D::SpatialCoordinates: Set up spatial 3D Cartesian coordinates on the GH
        IOASCII::IOASCII_Choose1D: Choose 1D output lines
        IOASCII::IOASCII_Choose2D: Choose 2D output planes
        PUGH::PUGH_Report: Report on PUGH set up
      [CCTK_RECOVER_VARIABLES]
      [CCTK_POST_RECOVER_VARIABLES]
    endif
    if (checkpoint initial data)
      [CCTK_CPINITIAL]
    endif
    if (analysis)
      [CCTK_ANALYSIS]
  endif
  Output grid variables

  do loop over timesteps
    [CCTK_PREREGRID]
    Change grid hierarchy
    [CCTK_POSTREGRID]
      CartGrid3D::SpatialCoordinates: Set Coordinates after regridding
    Rotate timelevels
    iteration = iteration+1
    t = t+dt
    [CCTK_PRESTEP]
    [CCTK_EVOL]
    Evolve finer grids recursively
    Restrict from finer grids
    [CCTK_POSTRESTRICT]
    [CCTK_POSTSTEP]
    if (checkpoint)
      [CCTK_CHECKPOINT]
    endif
    if (analysis)
      [CCTK_ANALYSIS]
    endif
    Output grid variables
    enddo

  Termination routines
    [CCTK_TERMINATE]
      PUGH::Driver_Terminate: Termination routine

  Shutdown routines
    [CCTK_SHUTDOWN]

  Routines run after changing the grid hierarchy:
    [CCTK_POSTREGRID]
      CartGrid3D::SpatialCoordinates: Set Coordinates after regridding
--------------------------------------------------------------------------------
INFO (hwloc): library version 2.1.0, API version 0x20100
INFO (SystemTopology): MPI process-to-host mapping:
This is MPI process 0 of 1
MPI hosts:
  0: fv-az96-582
This MPI process runs on host 0 of 1
On this host, this is MPI process 0 of 1
INFO (SystemTopology): Topology support:
Discovery support:
  discovery->pu                            : yes
CPU binding support:
  cpubind->set_thisproc_cpubind            : yes
  cpubind->get_thisproc_cpubind            : yes
  cpubind->set_proc_cpubind                : yes
  cpubind->get_proc_cpubind                : yes
  cpubind->set_thisthread_cpubind          : yes
  cpubind->get_thisthread_cpubind          : yes
  cpubind->set_thread_cpubind              : yes
  cpubind->get_thread_cpubind              : yes
  cpubind->get_thisproc_last_cpu_location  : yes
  cpubind->get_proc_last_cpu_location      : yes
  cpubind->get_thisthread_last_cpu_location: yes
Memory binding support:
  membind->set_thisproc_membind            : no
  membind->get_thisproc_membind            : no
  membind->set_proc_membind                : no
  membind->get_proc_membind                : no
  membind->set_thisthread_membind          : yes
  membind->get_thisthread_membind          : yes
  membind->set_area_membind                : yes
  membind->get_area_membind                : yes
  membind->alloc_membind                   : yes
  membind->firsttouch_membind              : yes
  membind->bind_membind                    : yes
  membind->interleave_membind              : yes
  membind->nexttouch_membind               : no
  membind->migrate_membind                 : yes
INFO (SystemTopology): Hardware objects in this node:
Machine L#0: (P#0, total=7120800KB, DMIProductName="Virtual Machine", DMIProductVersion=7.0, DMIProductUUID=043d0fab-3ef2-d849-bff4-1ec77956fa10, DMIBoardVendor="Microsoft Corporation", DMIBoardName="Virtual Machine", DMIBoardVersion=7.0, DMIChassisVendor="Microsoft Corporation", DMIChassisType=3, DMIChassisVersion=7.0, DMIChassisAssetTag=7783-7084-3265-9085-8269-3286-77, DMIBIOSVendor="American Megatrends Inc.", DMIBIOSVersion="090008 ", DMIBIOSDate=12/07/2018, DMISysVendor="Microsoft Corporation", Backend=Linux, LinuxCgroup=/, OSName=Linux, OSRelease=5.8.0-1042-azure, OSVersion="#45~20.04.1-Ubuntu SMP Wed Sep 15 14:24:15 UTC 2021", HostName=fv-az96-582, Architecture=x86_64, hwlocVersion=2.1.0, ProcessName=cactus_sim)
  Package L#0: (P#0, total=7120800KB, CPUVendor=GenuineIntel, CPUFamilyNumber=6, CPUModelNumber=79, CPUModel="Intel(R) Xeon(R) CPU E5-2673 v4 @ 2.30GHz", CPUStepping=1)
    L3Cache L#0: (P#-1, size=51200KB, linesize=64, ways=20, Inclusive=1)
      L2Cache L#0: (P#-1, size=256KB, linesize=64, ways=8, Inclusive=0)
        L1dCache L#0: (P#-1, size=32KB, linesize=64, ways=8, Inclusive=0)
          Core L#0: (P#0)
            PU L#0: (P#0)
      L2Cache L#1: (P#-1, size=256KB, linesize=64, ways=8, Inclusive=0)
        L1dCache L#1: (P#-1, size=32KB, linesize=64, ways=8, Inclusive=0)
          Core L#1: (P#1)
            PU L#1: (P#1)
INFO (SystemTopology): Thread CPU bindings:
  MPI process 0 on host 0 (process 0 of 1 on this host)
    OpenMP thread 0: PU set L#{0-1} P#{0-1}
    OpenMP thread 1: PU set L#{0-1} P#{0-1}
INFO (SystemTopology): Setting thread CPU bindings:
INFO (SystemTopology): Thread CPU bindings:
  MPI process 0 on host 0 (process 0 of 1 on this host)
    OpenMP thread 0: PU set L#{0} P#{0}
    OpenMP thread 1: PU set L#{1} P#{1}
INFO (SystemTopology): Extracting CPU/cache/memory properties:
  There are 1 PUs per core (aka hardware SMT threads)
  There are 1 threads per core (aka SMT threads used)
  Cache (unknown name) has type "data" depth 1
    size 32768 linesize 64 associativity 8 stride 4096, for 1 PUs
  Cache (unknown name) has type "unified" depth 2
    size 262144 linesize 64 associativity 8 stride 32768, for 1 PUs
  Cache (unknown name) has type "unified" depth 3
    size 52428800 linesize 64 associativity 20 stride 2621440, for 2 PUs
INFO (PUGH): Using physical to logical mappings: direct
INFO (PUGH): Using topology generator: automatic
INFO (Vectors): Using vector size 2 for architecture SSE2 (64-bit precision)
--------------------------------------------------------------------------------
Driver provided by PUGH
--------------------------------------------------------------------------------

INFO (PUGH): Not setting up a topology for 1 dimensions
INFO (PUGH): Not setting up a topology for 2 dimensions
INFO (PUGH): Setting up a topology for 3 dimensions
INFO (IOASCII): I/O Method 'IOASCII_1D' registered: output of 1D lines of grid functions/arrays to ASCII files
INFO (IOASCII): Periodic 1D output every 1 iterations
INFO (IOASCII): Periodic 1D output requested for 'GRID::r'
INFO (IOASCII): I/O Method 'IOASCII_2D' registered: output of 2D planes of grid functions/arrays to ASCII files
INFO (IOASCII): Periodic 2D output turned off
INFO (IOASCII): I/O Method 'IOASCII_3D' registered: output of 3D grid functions/arrays to ASCII files
INFO (IOASCII): Periodic 3D output turned off
INFO (MemSpeed): Measuring CPU, cache, memory, and communication speeds:
  Single-core measurements (using 1 MPI processes with 1 OpenMP threads each):
    CPU frequency:
      iterations=1000000... time=0.0033717 sec
      iterations=10000000... time=0.0333965 sec
      iterations=100000000... time=0.329508 sec
      iterations=300000000... time=0.966579 sec
      iterations=600000000... time=1.97617 sec
      iterations=600000000... time=1.4671 sec
      result: 2.35725 GHz
    CPU floating point performance:
      iterations=1000000... time=0.0033905 sec
      iterations=10000000... time=0.033494 sec
      iterations=100000000... time=0.357467 sec
      iterations=300000000... time=1.02855 sec
      result: 9.33351 Gflop/sec
    CPU integer performance:
      iterations=1000000... time=0.0021669 sec
      iterations=10000000... time=0.0214257 sec
      iterations=100000000... time=0.219245 sec
      iterations=500000000... time=1.10808 sec
      result: 7.21971 Giop/sec
    Read latency of D1 cache (for 1 PUs) (using 1*24576 bytes):
      iterations=1000... time=0.0001552 sec
      iterations=10000... time=0.0015301 sec
      iterations=100000... time=0.0167385 sec
      iterations=1000000... time=0.15765 sec
      iterations=7000000... time=1.14191 sec
      result: 1.6313 nsec
    Read latency of L2 cache (for 1 PUs) (using 1*196608 bytes):
      iterations=1000... time=0.0005624 sec
      iterations=10000... time=0.00580011 sec
      iterations=100000... time=0.0671471 sec
      iterations=1000000... time=0.578802 sec
      iterations=2000000... time=1.21128 sec
      result: 6.05641 nsec
    Read latency of L3 cache (for 2 PUs) (using 1*39321600 bytes):
      [skipped -- avoiding large-memory benchmarks]
    Read bandwidth of D1 cache (for 1 PUs) (using 1*24576 bytes):
      iterations=1... time=7e-07 sec
      iterations=10... time=3.4e-06 sec
      iterations=100... time=3.12e-05 sec
      iterations=1000... time=0.0003122 sec
      iterations=10000... time=0.0030886 sec
      iterations=100000... time=0.0327407 sec
      iterations=1000000... time=0.320166 sec
      iterations=3000000... time=0.970968 sec
      iterations=6000000... time=1.9317 sec
      result: 76.335 GByte/sec
    Read bandwidth of L2 cache (for 1 PUs) (using 1*196608 bytes):
      iterations=1... time=7.3e-06 sec
      iterations=10... time=5.36e-05 sec
      iterations=100... time=0.000507601 sec
      iterations=1000... time=0.00521011 sec
      iterations=10000... time=0.0606334 sec
      iterations=100000... time=0.525853 sec
      iterations=200000... time=1.04393 sec
      result: 37.6668 GByte/sec
    Read bandwidth of L3 cache (for 2 PUs) (using 1*39321600 bytes):
      [skipped -- avoiding large-memory benchmarks]
    Write latency of D1 cache (for 1 PUs) (using 1*24576 bytes):
      iterations=1000... time=4.3e-06 sec
      iterations=10000... time=3.2e-05 sec
      iterations=100000... time=0.0003093 sec
      iterations=1000000... time=0.0030996 sec
      iterations=10000000... time=0.0315151 sec
      iterations=100000000... time=0.322757 sec
      iterations=300000000... time=0.959278 sec
      iterations=600000000... time=1.94008 sec
      result: 0.404183 nsec
    Write latency of L2 cache (for 1 PUs) (using 1*196608 bytes):
      iterations=1000... time=2.07e-05 sec
      iterations=10000... time=0.0002157 sec
      iterations=100000... time=0.001929 sec
      iterations=1000000... time=0.0202061 sec
      iterations=10000000... time=0.196754 sec
      iterations=60000000... time=1.23015 sec
      result: 2.56282 nsec
    Write latency of L3 cache (for 2 PUs) (using 1*39321600 bytes):
      [skipped -- avoiding large-memory benchmarks]
    Write bandwidth of D1 cache (for 1 PUs) (using 1*24576 bytes):
      iterations=1... time=7e-07 sec
      iterations=10... time=3.6e-06 sec
      iterations=100... time=3.2e-05 sec
      iterations=1000... time=0.000315801 sec
      iterations=10000... time=0.0031966 sec
      iterations=100000... time=0.0322761 sec
      iterations=1000000... time=0.336685 sec
      iterations=3000000... time=0.99448 sec
      iterations=6000000... time=1.99831 sec
      result: 73.7905 GByte/sec
    Write bandwidth of L2 cache (for 1 PUs) (using 1*196608 bytes):
      iterations=1... time=9.5e-06 sec
      iterations=10... time=9.48e-05 sec
      iterations=100... time=0.000942801 sec
      iterations=1000... time=0.0101392 sec
      iterations=10000... time=0.105584 sec
      iterations=100000... time=0.94484 sec
      iterations=200000... time=1.99342 sec
      result: 19.7257 GByte/sec
    Write bandwidth of L3 cache (for 2 PUs) (using 1*39321600 bytes):
      [skipped -- avoiding large-memory benchmarks]
    Stencil code performance of D1 cache (for 1 PUs) (using 1*12^3 grid points, 1*27648 bytes):
      iterations=1... time=1.56e-05 sec
      iterations=10... time=0.0002394 sec
      iterations=100... time=0.0021807 sec
      iterations=1000... time=0.021384 sec
      iterations=10000... time=0.227071 sec
      iterations=50000... time=1.15 sec
      result: 0.0751301 Gupdates/sec
    Stencil code performance of L2 cache (for 1 PUs) (using 1*23^3 grid points, 1*194672 bytes):
      iterations=1... time=2.93e-05 sec
      iterations=10... time=0.000820801 sec
      iterations=100... time=0.00849651 sec
      iterations=1000... time=0.0857365 sec
      iterations=10000... time=0.814011 sec
      iterations=20000... time=1.599 sec
      result: 0.152183 Gupdates/sec
    Stencil code performance of L3 cache (for 2 PUs) (using 1*135^3 grid points, 1*39366000 bytes):
      iterations=1... time=0.00603681 sec
      iterations=10... time=0.0643005 sec
      iterations=100... time=0.625403 sec
      iterations=200... time=1.30974 sec
      result: 0.375704 Gupdates/sec
  Single-node measurements (using 1 MPI processes with 2 OpenMP threads each):
    CPU frequency:
      iterations=1000000... time=0.00316585 sec
      iterations=10000000... time=0.0320824 sec
      iterations=100000000... time=0.323391 sec
      iterations=300000000... time=0.975165 sec
      iterations=600000000... time=1.96974 sec
      iterations=600000000... time=1.45967 sec
      result: 2.35264 GHz
    CPU floating point performance:
      iterations=1000000... time=0.00325345 sec
      iterations=10000000... time=0.03314 sec
      iterations=100000000... time=0.333463 sec
      iterations=300000000... time=1.03295 sec
      result: 9.29378 Gflop/sec
    CPU integer performance:
      iterations=1000000... time=0.00213235 sec
      iterations=10000000... time=0.0220134 sec
      iterations=100000000... time=0.215607 sec
      iterations=500000000... time=1.09752 sec
      result: 7.28914 Giop/sec
    Read latency of D1 cache (for 1 PUs) (using 2*24576 bytes):
      iterations=1000... time=0.000139051 sec
      iterations=10000... time=0.0015362 sec
      iterations=100000... time=0.0153962 sec
      iterations=1000000... time=0.161175 sec
      iterations=7000000... time=1.15414 sec
      result: 1.64877 nsec
    Read latency of L2 cache (for 1 PUs) (using 2*196608 bytes):
      iterations=1000... time=0.000559001 sec
      iterations=10000... time=0.00574916 sec
      iterations=100000... time=0.0572412 sec
      iterations=1000000... time=0.578281 sec
      iterations=2000000... time=1.1614 sec
      result: 5.807 nsec
    Read latency of L3 cache (for 2 PUs) (using 1*39321600 bytes):
      [skipped -- avoiding large-memory benchmarks]
    Read bandwidth of D1 cache (for 1 PUs) (using 2*24576 bytes):
      iterations=1... time=7.5e-07 sec
      iterations=10... time=3.25e-06 sec
      iterations=100... time=2.91e-05 sec
      iterations=1000... time=0.0003383 sec
      iterations=10000... time=0.0032614 sec
      iterations=100000... time=0.032897 sec
      iterations=1000000... time=0.327599 sec
      iterations=3000000... time=0.972695 sec
      iterations=6000000... time=1.95086 sec
      result: 75.5853 GByte/sec
    Read bandwidth of L2 cache (for 1 PUs) (using 2*196608 bytes):
      iterations=1... time=7.15e-06 sec
      iterations=10... time=5.435e-05 sec
      iterations=100... time=0.000527401 sec
      iterations=1000... time=0.00578506 sec
      iterations=10000... time=0.0549364 sec
      iterations=100000... time=0.55306 sec
      iterations=200000... time=1.13287 sec
      result: 34.7096 GByte/sec
    Read bandwidth of L3 cache (for 2 PUs) (using 1*39321600 bytes):
      [skipped -- avoiding large-memory benchmarks]
    Write latency of D1 cache (for 1 PUs) (using 2*24576 bytes):
      iterations=1000... time=4.5e-06 sec
      iterations=10000... time=3.155e-05 sec
      iterations=100000... time=0.00030925 sec
      iterations=1000000... time=0.0031786 sec
      iterations=10000000... time=0.0320519 sec
      iterations=100000000... time=0.325122 sec
      iterations=300000000... time=0.977606 sec
      iterations=600000000... time=1.95056 sec
      result: 0.406367 nsec
    Write latency of L2 cache (for 1 PUs) (using 2*196608 bytes):
      iterations=1000... time=2.05e-05 sec
      iterations=10000... time=0.000214551 sec
      iterations=100000... time=0.00190545 sec
      iterations=1000000... time=0.0199745 sec
      iterations=10000000... time=0.197188 sec
      iterations=60000000... time=1.19666 sec
      result: 2.49305 nsec
    Write latency of L3 cache (for 2 PUs) (using 1*39321600 bytes):
      [skipped -- avoiding large-memory benchmarks]
    Write bandwidth of D1 cache (for 1 PUs) (using 2*24576 bytes):
      iterations=1... time=1.05e-06 sec
      iterations=10... time=3.85e-06 sec
      iterations=100... time=3.225e-05 sec
      iterations=1000... time=0.0003647 sec
      iterations=10000... time=0.0033204 sec
      iterations=100000... time=0.0330077 sec
      iterations=1000000... time=0.328738 sec
      iterations=3000000... time=0.991758 sec
      iterations=6000000... time=2.02411 sec
      result: 72.8496 GByte/sec
    Write bandwidth of L2 cache (for 1 PUs) (using 2*196608 bytes):
      iterations=1... time=9.6e-06 sec
      iterations=10... time=9.64e-05 sec
      iterations=100... time=0.000961951 sec
      iterations=1000... time=0.0110207 sec
      iterations=10000... time=0.101287 sec
      iterations=100000... time=0.96689 sec
      iterations=200000... time=1.94872 sec
      result: 20.1781 GByte/sec
    Write bandwidth of L3 cache (for 2 PUs) (using 1*39321600 bytes):
      [skipped -- avoiding large-memory benchmarks]
    Stencil code performance of D1 cache (for 1 PUs) (using 2*9^3 grid points, 2*11664 bytes):
      iterations=1... time=6.75e-06 sec
      iterations=10... time=2.89e-05 sec
      iterations=100... time=0.00029695 sec
      iterations=1000... time=0.0028798 sec
      iterations=10000... time=0.0300979 sec
      iterations=100000... time=0.288817 sec
      iterations=400000... time=1.11464 sec
      result: 0.261608 Gupdates/sec
    Stencil code performance of L2 cache (for 1 PUs) (using 2*18^3 grid points, 2*93312 bytes):
      iterations=1... time=1.575e-05 sec
      iterations=10... time=0.00015315 sec
      iterations=100... time=0.0013473 sec
      iterations=1000... time=0.0135946 sec
      iterations=10000... time=0.14052 sec
      iterations=80000... time=1.10267 sec
      result: 0.42312 Gupdates/sec
    Stencil code performance of L3 cache (for 2 PUs) (using 1*135^3 grid points, 1*39366000 bytes):
      iterations=1... time=0.002152 sec
      iterations=10... time=0.0200286 sec
      iterations=100... time=0.198689 sec
      iterations=600... time=1.21239 sec
      result: 1.21762 Gupdates/sec
INFO (Vectors): Testing vectorisation... [errors may result in segfaults]
INFO (Vectors): 375/375 tests passed 
INFO (CartGrid3D): Grid Spacings:
INFO (CartGrid3D): dx=>1.1111111e-01  dy=>1.1111111e-01  dz=>1.1111111e-01
INFO (CartGrid3D): Computational Coordinates:
INFO (CartGrid3D): x=>[-0.500, 0.500]  y=>[-0.500, 0.500]  z=>[-0.500, 0.500]
INFO (CartGrid3D): Indices of Physical Coordinates:
INFO (CartGrid3D): x=>[0,9]  y=>[0,9]  z=>[0,9]
INFO (PUGH): MPI Evolution on 1 processors
INFO (PUGH): 3-dimensional grid functions
INFO (PUGH):   Size: 10 10 10
INFO (PUGH):   Processor topology: 1 x 1 x 1
INFO (PUGH):   Local load: 1000   [10 x 10 x 10]
INFO (PUGH):   Maximum load skew: 0.000000
--------------------------------------------------------------------------------
Done.
+ echo Stopping:
Stopping:
+ date
Mon Oct 11 07:28:15 UTC 2021
+ echo Done.
Done.
  Elapsed time: 69.0 s
