/home/runner/simulations/TestJob01_temp_1/output-0000/TEST/sim/MemSpeed
Preparing:
+ set -e
+ cd output-0000-active
+ echo Checking:
Checking:
+ pwd
/home/runner/simulations/TestJob01_temp_1/output-0000/TEST/sim/MemSpeed/output-0000-active
+ hostname
fv-az257-968
+ date
Tue Sep 12 17:01:25 UTC 2023
+ echo Environment:
Environment:
+ export CACTUS_NUM_PROCS=1
+ CACTUS_NUM_PROCS=1
+ export CACTUS_NUM_THREADS=2
+ CACTUS_NUM_THREADS=2
+ export GMON_OUT_PREFIX=gmon.out
+ GMON_OUT_PREFIX=gmon.out
+ export OMP_NUM_THREADS=2
+ OMP_NUM_THREADS=2
+ env
+ sort
+ echo Starting:
Starting:
++ date +%s
+ export CACTUS_STARTTIME=1694538085
+ CACTUS_STARTTIME=1694538085
+ '[' 1 = 1 ']'
+ '[' 0 -eq 0 ']'
+ /home/runner/simulations/TestJob01_temp_1/SIMFACTORY/exe/cactus_sim -L 3 /home/runner/simulations/TestJob01_temp_1/output-0000/arrangements/CactusUtils/MemSpeed/test/memspeed.par
INFO (Cactus): Increased logging level from 0 to 3
--------------------------------------------------------------------------------

       10                                  
  1   0101       ************************  
  01  1010 10      The Cactus Code V4.14.0    
 1010 1101 011      www.cactuscode.org     
  1001 100101    ************************  
    00010101                               
     100011     (c) Copyright The Authors  
      0100      GNU Licensed. No Warranty  
      0101                                 
--------------------------------------------------------------------------------

Cactus version:    4.14.0
Compile date:      Sep 12 2023 (16:53:09)
Run date:          Sep 12 2023 (17:01:26+0000)
Run host:          fv-az257-968 (pid=127579)
Working directory: /home/runner/simulations/TestJob01_temp_1/output-0000/TEST/sim/MemSpeed
Executable:        /home/runner/simulations/TestJob01_temp_1/SIMFACTORY/exe/cactus_sim
Parameter file:    /home/runner/simulations/TestJob01_temp_1/output-0000/arrangements/CactusUtils/MemSpeed/test/memspeed.par
--------------------------------------------------------------------------------

Activating thorn Cactus...Success -> active implementation Cactus
Activation requested for 
--->hwloc MemSpeed SystemTopology CartGrid3D CoordBase IOASCII IOUtil PUGH PUGHSlab<---
Thorn hwloc requests automatic activation of zlib
Thorn MemSpeed requests automatic activation of Vectors
Thorn MemSpeed requests automatic activation of MPI
Activating thorn CartGrid3D...Success -> active implementation grid
Activating thorn CoordBase...Success -> active implementation CoordBase
Activating thorn hwloc...Success -> active implementation hwloc
Activating thorn IOASCII...Success -> active implementation IOASCII
Activating thorn IOUtil...Success -> active implementation IO
Activating thorn MemSpeed...Success -> active implementation MemSpeed
Activating thorn MPI...Success -> active implementation MPI
Activating thorn PUGH...Success -> active implementation Driver
Activating thorn PUGHSlab...Success -> active implementation Hyperslab
Activating thorn SystemTopology...Success -> active implementation SystemTopology
Activating thorn Vectors...Success -> active implementation Vectors
Activating thorn zlib...Success -> active implementation zlib
--------------------------------------------------------------------------------
  if (recover initial data)
    Recover parameters
  endif

  Startup routines
    [CCTK_STARTUP]
      CartGrid3D::SymmetryStartup: Register GH Extension for GridSymmetry
      CoordBase::CoordBase_Startup: Register a GH extension to store the coordinate system handles
      GROUP hwloc_startup: hwloc startup group
        hwloc::hwloc_version: Output hwloc version
      SystemTopology::ST_system_topology: Output and/or modify system topology and hardware locality
      PUGH::Driver_Startup: Startup routine
      PUGH::PUGH_RegisterPUGHP2LRoutines: Register Physical to Logical process mapping routines
      PUGH::PUGH_RegisterPUGHTopologyRoutines: Register topology generation routines routines
      IOUtil::IOUtil_Startup: Startup routine
      Vectors::Vectors_Startup: Print startup message
      IOASCII::IOASCII_Startup: Startup routine

  Startup routines which need an existing grid hierarchy
    [CCTK_WRAGH]
      CartGrid3D::RegisterCartGrid3DCoords: [meta] Register coordinates for the Cartesian grid
      MemSpeed::MemSpeed_MeasureSpeed: [meta] Measure CPU, memory, cache speeds
  Parameter checking routines
    [CCTK_PARAMCHECK]
      CartGrid3D::ParamCheck_CartGrid3D: Check coordinates for CartGrid3D
      Vectors::Vectors_Test: Run correctness tests.

  Initialisation
    if (NOT (recover initial data AND recovery_mode is 'strict'))
      [CCTK_PREREGRIDINITIAL]
      Set up grid hierarchy
      [CCTK_POSTREGRIDINITIAL]
        CartGrid3D::SpatialCoordinates: Set Coordinates after regridding
      [CCTK_BASEGRID]
        CartGrid3D::SpatialSpacings: Set up ranges for spatial 3D Cartesian coordinates (on all grids)
        CartGrid3D::SpatialCoordinates: Set up spatial 3D Cartesian coordinates on the GH
        IOASCII::IOASCII_Choose1D: Choose 1D output lines
        IOASCII::IOASCII_Choose2D: Choose 2D output planes
        PUGH::PUGH_Report: Report on PUGH set up
      [CCTK_INITIAL]
      [CCTK_POSTINITIAL]
      Initialise finer grids recursively
      Restrict from finer grids
      [CCTK_POSTRESTRICTINITIAL]
      [CCTK_POSTPOSTINITIAL]
      [CCTK_POSTSTEP]
    endif
    if (recover initial data)
      [CCTK_BASEGRID]
        CartGrid3D::SpatialSpacings: Set up ranges for spatial 3D Cartesian coordinates (on all grids)
        CartGrid3D::SpatialCoordinates: Set up spatial 3D Cartesian coordinates on the GH
        IOASCII::IOASCII_Choose1D: Choose 1D output lines
        IOASCII::IOASCII_Choose2D: Choose 2D output planes
        PUGH::PUGH_Report: Report on PUGH set up
      [CCTK_RECOVER_VARIABLES]
      [CCTK_POST_RECOVER_VARIABLES]
    endif
    if (checkpoint initial data)
      [CCTK_CPINITIAL]
    endif
    if (analysis)
      [CCTK_ANALYSIS]
  endif
  Output grid variables

  do loop over timesteps
    [CCTK_PREREGRID]
    Change grid hierarchy
    [CCTK_POSTREGRID]
      CartGrid3D::SpatialCoordinates: Set Coordinates after regridding
    Rotate timelevels
    iteration = iteration+1
    t = t+dt
    [CCTK_PRESTEP]
    [CCTK_EVOL]
    Evolve finer grids recursively
    Restrict from finer grids
    [CCTK_POSTRESTRICT]
    [CCTK_POSTSTEP]
    if (checkpoint)
      [CCTK_CHECKPOINT]
    endif
    if (analysis)
      [CCTK_ANALYSIS]
    endif
    Output grid variables
    enddo

  Termination routines
    [CCTK_TERMINATE]
      PUGH::Driver_Terminate: Termination routine

  Shutdown routines
    [CCTK_SHUTDOWN]

  Routines run after changing the grid hierarchy:
    [CCTK_POSTREGRID]
      CartGrid3D::SpatialCoordinates: Set Coordinates after regridding
--------------------------------------------------------------------------------
INFO (hwloc): library version 2.7.0, API version 0x20500
INFO (SystemTopology): MPI process-to-host mapping:
This is MPI process 0 of 1
MPI hosts:
  0: fv-az257-968
This MPI process runs on host 0 of 1
On this host, this is MPI process 0 of 1
INFO (SystemTopology): Topology support:
Discovery support:
  discovery->pu                            : yes
CPU binding support:
  cpubind->set_thisproc_cpubind            : yes
  cpubind->get_thisproc_cpubind            : yes
  cpubind->set_proc_cpubind                : yes
  cpubind->get_proc_cpubind                : yes
  cpubind->set_thisthread_cpubind          : yes
  cpubind->get_thisthread_cpubind          : yes
  cpubind->set_thread_cpubind              : yes
  cpubind->get_thread_cpubind              : yes
  cpubind->get_thisproc_last_cpu_location  : yes
  cpubind->get_proc_last_cpu_location      : yes
  cpubind->get_thisthread_last_cpu_location: yes
Memory binding support:
  membind->set_thisproc_membind            : no
  membind->get_thisproc_membind            : no
  membind->set_proc_membind                : no
  membind->get_proc_membind                : no
  membind->set_thisthread_membind          : yes
  membind->get_thisthread_membind          : yes
  membind->set_area_membind                : yes
  membind->get_area_membind                : yes
  membind->alloc_membind                   : yes
  membind->firsttouch_membind              : yes
  membind->bind_membind                    : yes
  membind->interleave_membind              : yes
  membind->nexttouch_membind               : no
  membind->migrate_membind                 : yes
INFO (SystemTopology): Hardware objects in this node:
Machine L#0: (P#0, total=7098320KB, DMIProductName="Virtual Machine", DMIProductVersion=7.0, DMIProductUUID=2da69c58-fd9a-8840-b00e-842be91bc89e, DMIBoardVendor="Microsoft Corporation", DMIBoardName="Virtual Machine", DMIBoardVersion=7.0, DMIChassisVendor="Microsoft Corporation", DMIChassisType=3, DMIChassisVersion=7.0, DMIChassisAssetTag=7783-7084-3265-9085-8269-3286-77, DMIBIOSVendor="American Megatrends Inc.", DMIBIOSVersion="090008 ", DMIBIOSDate=12/07/2018, DMISysVendor="Microsoft Corporation", Backend=Linux, LinuxCgroup=/system.slice/runner-provisioner.service, OSName=Linux, OSRelease=5.15.0-1041-azure, OSVersion="#48-Ubuntu SMP Tue Jun 20 20:34:08 UTC 2023", HostName=fv-az257-968, Architecture=x86_64, hwlocVersion=2.7.0, ProcessName=cactus_sim)
  Package L#0: (P#0, total=7098320KB, CPUVendor=GenuineIntel, CPUFamilyNumber=6, CPUModelNumber=85, CPUModel="Intel(R) Xeon(R) Platinum 8272CL CPU @ 2.60GHz", CPUStepping=7)
    L3Cache L#0: (P#0, size=36608KB, linesize=64, ways=11, Inclusive=0)
      L2Cache L#0: (P#0, size=1024KB, linesize=64, ways=16, Inclusive=0)
        L1dCache L#0: (P#0, size=32KB, linesize=64, ways=8, Inclusive=0)
          Core L#0: (P#0)
            PU L#0: (P#0)
      L2Cache L#1: (P#1, size=1024KB, linesize=64, ways=16, Inclusive=0)
        L1dCache L#1: (P#1, size=32KB, linesize=64, ways=8, Inclusive=0)
          Core L#1: (P#1)
            PU L#1: (P#1)
INFO (SystemTopology): Thread CPU bindings:
  MPI process 0 on host 0 (process 0 of 1 on this host)
    OpenMP thread 0: PU set L#{0-1} P#{0-1}
    OpenMP thread 1: PU set L#{0-1} P#{0-1}
INFO (SystemTopology): Setting thread CPU bindings:
INFO (SystemTopology): Thread CPU bindings:
  MPI process 0 on host 0 (process 0 of 1 on this host)
    OpenMP thread 0: PU set L#{0} P#{0}
    OpenMP thread 1: PU set L#{1} P#{1}
INFO (SystemTopology): Extracting CPU/cache/memory properties:
  There are 1 PUs per core (aka hardware SMT threads)
  There are 1 threads per core (aka SMT threads used)
  Cache (unknown name) has type "data" depth 1
    size 32768 linesize 64 associativity 8 stride 4096, for 1 PUs
  Cache (unknown name) has type "unified" depth 2
    size 1048576 linesize 64 associativity 16 stride 65536, for 1 PUs
  Cache (unknown name) has type "unified" depth 3
    size 37486592 linesize 64 associativity 11 stride 3407872, for 2 PUs
INFO (PUGH): Using physical to logical mappings: direct
INFO (PUGH): Using topology generator: automatic
INFO (Vectors): Using vector size 2 for architecture SSE2 (64-bit precision)
--------------------------------------------------------------------------------
Driver provided by PUGH
--------------------------------------------------------------------------------

INFO (PUGH): Not setting up a topology for 1 dimensions
INFO (PUGH): Not setting up a topology for 2 dimensions
INFO (PUGH): Setting up a topology for 3 dimensions
INFO (IOASCII): I/O Method 'IOASCII_1D' registered: output of 1D lines of grid functions/arrays to ASCII files
INFO (IOASCII): Periodic 1D output every 1 iterations
INFO (IOASCII): Periodic 1D output requested for 'GRID::r'
INFO (IOASCII): I/O Method 'IOASCII_2D' registered: output of 2D planes of grid functions/arrays to ASCII files
INFO (IOASCII): Periodic 2D output turned off
INFO (IOASCII): I/O Method 'IOASCII_3D' registered: output of 3D grid functions/arrays to ASCII files
INFO (IOASCII): Periodic 3D output turned off
INFO (MemSpeed): Measuring CPU, cache, memory, and communication speeds:
  Single-core measurements (using 1 MPI processes with 1 OpenMP threads each):
    CPU frequency:
      iterations=1000000... time=0.00133772 sec
      iterations=10000000... time=0.0133916 sec
      iterations=100000000... time=0.135235 sec
      iterations=800000000... time=1.07285 sec
      iterations=800000000... time=1.07227 sec
      result: 2767.17 GHz
    CPU floating point performance:
      iterations=1000000... time=0.00299074 sec
      iterations=10000000... time=0.0299388 sec
      iterations=100000000... time=0.299023 sec
      iterations=400000000... time=1.19577 sec
      result: 10.7044 Gflop/sec
    CPU integer performance:
      iterations=1000000... time=0.00203883 sec
      iterations=10000000... time=0.0201726 sec
      iterations=100000000... time=0.201199 sec
      iterations=500000000... time=1.00588 sec
      result: 7.9532 Giop/sec
    Read latency of D1 cache (for 1 PUs) (using 1*24576 bytes):
      iterations=1000... time=0.000134401 sec
      iterations=10000... time=0.00133852 sec
      iterations=100000... time=0.0134108 sec
      iterations=1000000... time=0.134054 sec
      iterations=8000000... time=1.0727 sec
      result: 1.34088 nsec
    Read latency of L2 cache (for 1 PUs) (using 1*786432 bytes):
      iterations=1000... time=0.000662308 sec
      iterations=10000... time=0.00631358 sec
      iterations=100000... time=0.0624839 sec
      iterations=1000000... time=0.624782 sec
      iterations=2000000... time=1.24932 sec
      result: 6.24661 nsec
    Read latency of L3 cache (for 2 PUs) (using 1*28114944 bytes):
      [skipped -- avoiding large-memory benchmarks]
    Read bandwidth of D1 cache (for 1 PUs) (using 1*24576 bytes):
      iterations=1... time=1.2e-06 sec
      iterations=10... time=4e-06 sec
      iterations=100... time=3.1101e-05 sec
      iterations=1000... time=0.000312604 sec
      iterations=10000... time=0.00311554 sec
      iterations=100000... time=0.0310757 sec
      iterations=1000000... time=0.313199 sec
      iterations=4000000... time=1.24243 sec
      result: 79.1225 GByte/sec
    Read bandwidth of L2 cache (for 1 PUs) (using 1*786432 bytes):
      iterations=1... time=2.03e-05 sec
      iterations=10... time=0.000171103 sec
      iterations=100... time=0.00168832 sec
      iterations=1000... time=0.0169001 sec
      iterations=10000... time=0.168181 sec
      iterations=70000... time=1.1778 sec
      result: 46.7398 GByte/sec
    Read bandwidth of L3 cache (for 2 PUs) (using 1*28114944 bytes):
      [skipped -- avoiding large-memory benchmarks]
    Write latency of D1 cache (for 1 PUs) (using 1*24576 bytes):
      iterations=1000... time=3e-06 sec
      iterations=10000... time=2.7e-05 sec
      iterations=100000... time=0.000267804 sec
      iterations=1000000... time=0.00269113 sec
      iterations=10000000... time=0.0268555 sec
      iterations=100000000... time=0.268313 sec
      iterations=400000000... time=1.07341 sec
      result: 0.335442 nsec
    Write latency of L2 cache (for 1 PUs) (using 1*786432 bytes):
      iterations=1000... time=2.97e-05 sec
      iterations=10000... time=0.000148802 sec
      iterations=100000... time=0.00144662 sec
      iterations=1000000... time=0.0144347 sec
      iterations=10000000... time=0.144339 sec
      iterations=80000000... time=1.15516 sec
      result: 1.80494 nsec
    Write latency of L3 cache (for 2 PUs) (using 1*28114944 bytes):
      [skipped -- avoiding large-memory benchmarks]
    Write bandwidth of D1 cache (for 1 PUs) (using 1*24576 bytes):
      iterations=1... time=7e-07 sec
      iterations=10... time=1.7e-06 sec
      iterations=100... time=1.5201e-05 sec
      iterations=1000... time=0.000150902 sec
      iterations=10000... time=0.00150902 sec
      iterations=100000... time=0.0151308 sec
      iterations=1000000... time=0.151195 sec
      iterations=7000000... time=1.05874 sec
      result: 162.488 GByte/sec
    Write bandwidth of L2 cache (for 1 PUs) (using 1*786432 bytes):
      iterations=1... time=2.8401e-05 sec
      iterations=10... time=0.000286304 sec
      iterations=100... time=0.00286484 sec
      iterations=1000... time=0.0277094 sec
      iterations=10000... time=0.22246 sec
      iterations=50000... time=0.950184 sec
      iterations=100000... time=1.69328 sec
      result: 46.4444 GByte/sec
    Write bandwidth of L3 cache (for 2 PUs) (using 1*28114944 bytes):
      [skipped -- avoiding large-memory benchmarks]
    Stencil code performance of D1 cache (for 1 PUs) (using 1*12^3 grid points, 1*27648 bytes):
      iterations=1... time=3.2901e-05 sec
      iterations=10... time=0.000475006 sec
      iterations=100... time=0.00478616 sec
      iterations=1000... time=0.0479601 sec
      iterations=10000... time=0.477405 sec
      iterations=20000... time=0.958794 sec
      iterations=40000... time=1.91546 sec
      result: 0.0360854 Gupdates/sec
    Stencil code performance of L2 cache (for 1 PUs) (using 1*37^3 grid points, 1*810448 bytes):
      iterations=1... time=0.000390605 sec
      iterations=10... time=0.00326304 sec
      iterations=100... time=0.0321237 sec
      iterations=1000... time=0.326163 sec
      iterations=3000... time=0.971264 sec
      iterations=6000... time=1.94109 sec
      result: 0.156571 Gupdates/sec
    Stencil code performance of L3 cache (for 2 PUs) (using 1*121^3 grid points, 1*28344976 bytes):
      iterations=1... time=0.00664319 sec
      iterations=10... time=0.066168 sec
      iterations=100... time=0.656786 sec
      iterations=200... time=1.31787 sec
      result: 0.268852 Gupdates/sec
  Single-node measurements (using 1 MPI processes with 2 OpenMP threads each):
    CPU frequency:
      iterations=1000000... time=0.00133912 sec
      iterations=10000000... time=0.017083 sec
      iterations=100000000... time=0.13738 sec
      iterations=800000000... time=1.07956 sec
      iterations=800000000... time=1.07937 sec
      result: 8104.92 GHz
    CPU floating point performance:
      iterations=1000000... time=0.00298504 sec
      iterations=10000000... time=0.0302451 sec
      iterations=100000000... time=0.299875 sec
      iterations=400000000... time=1.20424 sec
      result: 10.6291 Gflop/sec
    CPU integer performance:
      iterations=1000000... time=0.00202423 sec
      iterations=10000000... time=0.0201668 sec
      iterations=100000000... time=0.202333 sec
      iterations=500000000... time=1.02123 sec
      result: 7.83366 Giop/sec
    Read latency of D1 cache (for 1 PUs) (using 2*24576 bytes):
      iterations=1000... time=0.000134652 sec
      iterations=10000... time=0.00135132 sec
      iterations=100000... time=0.0134826 sec
      iterations=1000000... time=0.134694 sec
      iterations=8000000... time=1.08227 sec
      result: 1.35284 nsec
    Read latency of L2 cache (for 1 PUs) (using 2*786432 bytes):
      iterations=1000... time=0.000605608 sec
      iterations=10000... time=0.00597708 sec
      iterations=100000... time=0.0591824 sec
      iterations=1000000... time=0.597024 sec
      iterations=2000000... time=1.19339 sec
      result: 5.96697 nsec
    Read latency of L3 cache (for 2 PUs) (using 1*28114944 bytes):
      [skipped -- avoiding large-memory benchmarks]
    Read bandwidth of D1 cache (for 1 PUs) (using 2*24576 bytes):
      iterations=1... time=9.5e-07 sec
      iterations=10... time=3.8e-06 sec
      iterations=100... time=3.3401e-05 sec
      iterations=1000... time=0.000333304 sec
      iterations=10000... time=0.00345215 sec
      iterations=100000... time=0.0312513 sec
      iterations=1000000... time=0.312472 sec
      iterations=4000000... time=1.25464 sec
      result: 78.3521 GByte/sec
    Read bandwidth of L2 cache (for 1 PUs) (using 2*786432 bytes):
      iterations=1... time=1.9501e-05 sec
      iterations=10... time=0.000167852 sec
      iterations=100... time=0.00165997 sec
      iterations=1000... time=0.0163304 sec
      iterations=10000... time=0.16471 sec
      iterations=70000... time=1.13791 sec
      result: 48.3784 GByte/sec
    Read bandwidth of L3 cache (for 2 PUs) (using 1*28114944 bytes):
      [skipped -- avoiding large-memory benchmarks]
    Write latency of D1 cache (for 1 PUs) (using 2*24576 bytes):
      iterations=1000... time=3.45e-06 sec
      iterations=10000... time=2.93e-05 sec
      iterations=100000... time=0.000288404 sec
      iterations=1000000... time=0.00294219 sec
      iterations=10000000... time=0.0271372 sec
      iterations=100000000... time=0.26966 sec
      iterations=400000000... time=1.08173 sec
      result: 0.33804 nsec
    Write latency of L2 cache (for 1 PUs) (using 2*786432 bytes):
      iterations=1000... time=3.6951e-05 sec
      iterations=10000... time=0.000148652 sec
      iterations=100000... time=0.00143292 sec
      iterations=1000000... time=0.0143785 sec
      iterations=10000000... time=0.145401 sec
      iterations=80000000... time=1.14991 sec
      result: 1.79673 nsec
    Write latency of L3 cache (for 2 PUs) (using 1*28114944 bytes):
      [skipped -- avoiding large-memory benchmarks]
    Write bandwidth of D1 cache (for 1 PUs) (using 2*24576 bytes):
      iterations=1... time=6e-07 sec
      iterations=10... time=4.1e-06 sec
      iterations=100... time=1.56e-05 sec
      iterations=1000... time=0.000152652 sec
      iterations=10000... time=0.00152357 sec
      iterations=100000... time=0.0153366 sec
      iterations=1000000... time=0.153701 sec
      iterations=7000000... time=1.07609 sec
      result: 159.868 GByte/sec
    Write bandwidth of L2 cache (for 1 PUs) (using 2*786432 bytes):
      iterations=1... time=3.065e-05 sec
      iterations=10... time=0.000306604 sec
      iterations=100... time=0.00307314 sec
      iterations=1000... time=0.026468 sec
      iterations=10000... time=0.181794 sec
      iterations=60000... time=0.955643 sec
      iterations=120000... time=2.00778 sec
      result: 47.003 GByte/sec
    Write bandwidth of L3 cache (for 2 PUs) (using 1*28114944 bytes):
      [skipped -- avoiding large-memory benchmarks]
    Stencil code performance of D1 cache (for 1 PUs) (using 2*9^3 grid points, 2*11664 bytes):
      iterations=1... time=5.4e-06 sec
      iterations=10... time=5.06005e-05 sec
      iterations=100... time=0.000507807 sec
      iterations=1000... time=0.00518132 sec
      iterations=10000... time=0.0513916 sec
      iterations=100000... time=0.510676 sec
      iterations=200000... time=1.02313 sec
      result: 0.142504 Gupdates/sec
    Stencil code performance of L2 cache (for 1 PUs) (using 2*29^3 grid points, 2*390224 bytes):
      iterations=1... time=5.9151e-05 sec
      iterations=10... time=0.000564407 sec
      iterations=100... time=0.00517102 sec
      iterations=1000... time=0.0546679 sec
      iterations=10000... time=0.534257 sec
      iterations=20000... time=1.07684 sec
      result: 0.452975 Gupdates/sec
    Stencil code performance of L3 cache (for 2 PUs) (using 1*121^3 grid points, 1*28344976 bytes):
      iterations=1... time=0.00167252 sec
      iterations=10... time=0.0164758 sec
      iterations=100... time=0.164087 sec
      iterations=700... time=1.14641 sec
      result: 1.08172 Gupdates/sec
INFO (Vectors): Testing vectorisation... [errors may result in segfaults]
INFO (Vectors): 375/375 tests passed 
INFO (CartGrid3D): Grid Spacings:
INFO (CartGrid3D): dx=>1.1111111e-01  dy=>1.1111111e-01  dz=>1.1111111e-01
INFO (CartGrid3D): Computational Coordinates:
INFO (CartGrid3D): x=>[-0.500, 0.500]  y=>[-0.500, 0.500]  z=>[-0.500, 0.500]
INFO (CartGrid3D): Indices of Physical Coordinates:
INFO (CartGrid3D): x=>[0,9]  y=>[0,9]  z=>[0,9]
INFO (PUGH): MPI Evolution on 1 processors
INFO (PUGH): 3-dimensional grid functions
INFO (PUGH):   Size: 10 10 10
INFO (PUGH):   Processor topology: 1 x 1 x 1
INFO (PUGH):   Local load: 1000   [10 x 10 x 10]
INFO (PUGH):   Maximum load skew: 0.000000
--------------------------------------------------------------------------------
Done.
+ echo Stopping:
Stopping:
+ date
Tue Sep 12 17:02:20 UTC 2023
+ echo Done.
Done.
  Elapsed time: 55.3 s
