/home/runner/simulations/TestJob01_temp_2/output-0000/TEST/sim/BoxInBox
Preparing:
+ set -e
+ cd output-0000-active
+ echo Checking:
Checking:
+ pwd
/home/runner/simulations/TestJob01_temp_2/output-0000/TEST/sim/BoxInBox/output-0000-active
+ hostname
fv-az183-475
+ date
Wed Nov  8 01:50:50 UTC 2023
+ echo Environment:
Environment:
+ export CACTUS_NUM_PROCS=2
+ CACTUS_NUM_PROCS=2
+ export CACTUS_NUM_THREADS=1
+ CACTUS_NUM_THREADS=1
+ export GMON_OUT_PREFIX=gmon.out
+ GMON_OUT_PREFIX=gmon.out
+ export OMP_NUM_THREADS=1
+ OMP_NUM_THREADS=1
+ env
+ sort
+ echo Starting:
Starting:
++ date +%s
+ export CACTUS_STARTTIME=1699408250
+ CACTUS_STARTTIME=1699408250
+ '[' 2 = 1 ']'
+ mpirun -np 2 /home/runner/simulations/TestJob01_temp_2/SIMFACTORY/exe/cactus_sim -L 3 /home/runner/simulations/TestJob01_temp_2/output-0000/arrangements/CarpetX/BoxInBox/test/levels1.par
INFO (Cactus): Increased logging level from 0 to 3
--------------------------------------------------------------------------------

       10                                  
  1   0101       ************************  
  01  1010 10      The Cactus Code V4.14.0    
 1010 1101 011      www.cactuscode.org     
  1001 100101    ************************  
    00010101                               
     100011     (c) Copyright The Authors  
      0100      GNU Licensed. No Warranty  
      0101                                 
--------------------------------------------------------------------------------

Cactus version:    4.14.0
Compile date:      Nov 08 2023 (01:31:07)
Run date:          Nov 08 2023 (01:50:51+0000)
Run host:          fv-az183-475.bo25gj2xpxjubeahy1pjynl3ea.cx.internal.cloudapp.net (pid=135124)
Working directory: /home/runner/simulations/TestJob01_temp_2/output-0000/TEST/sim/BoxInBox
Executable:        /home/runner/simulations/TestJob01_temp_2/SIMFACTORY/exe/cactus_sim
Parameter file:    /home/runner/simulations/TestJob01_temp_2/output-0000/arrangements/CarpetX/BoxInBox/test/levels1.par
--------------------------------------------------------------------------------

Activating thorn Cactus...Success -> active implementation Cactus
Activation requested for 
--->BoxInBox CarpetX CoordinatesX IOUtil<---
Thorn BoxInBox requests automatic activation of Loop
Thorn CarpetX requests automatic activation of AMReX
Thorn CarpetX requests automatic activation of MPI
Thorn CarpetX requests automatic activation of yaml_cpp
Thorn CarpetX requests automatic activation of zlib
Thorn CarpetX requests automatic activation of Arith
Thorn CarpetX requests automatic activation of ADIOS2
Thorn CarpetX requests automatic activation of openPMD
Thorn CarpetX requests automatic activation of Silo
Thorn Arith requests automatic activation of NSIMD
Thorn MPI requests automatic activation of hwloc
Thorn openPMD requests automatic activation of HDF5
Activating thorn ADIOS2...Success -> active implementation ADIOS2
Activating thorn AMReX...Success -> active implementation AMReX
Activating thorn Arith...Success -> active implementation Arith
Activating thorn BoxInBox...Success -> active implementation BoxInBox
Activating thorn CarpetX...Success -> active implementation CarpetX
Activating thorn CoordinatesX...Success -> active implementation CoordinatesX
Activating thorn HDF5...Success -> active implementation HDF5
Activating thorn hwloc...Success -> active implementation hwloc
Activating thorn IOUtil...Success -> active implementation IO
Activating thorn Loop...Success -> active implementation Loop
Activating thorn MPI...Success -> active implementation MPI
Activating thorn NSIMD...Success -> active implementation NSIMD
Activating thorn openPMD...Success -> active implementation openPMD
Activating thorn Silo...Success -> active implementation Silo
Activating thorn yaml_cpp...Success -> active implementation yaml_cpp
Activating thorn zlib...Success -> active implementation zlib
INFO (hwloc): library version 2.7.0, API version 0x20500
--------------------------------------------------------------------------------

  [34m  ▕▏  [34m  ▕▏  [34m  ▕▏  [34m  ▕▏  [34m  ▕▏  [34m  ▕▏  [34m  ▕▏  [34m  ▕▏  [34m  ▕▏  [39m  
  [34m──██──[34m──██──[34m──██──[34m──██──[34m──██──[34m──██──[34m──██──[34m──██──[34m──██──[39m  
  [34m  ▕▏  [34m  ▕▏  [34m  ▕▏  [34m  ▕▏  [34m  ▕▏  [34m  ▕▏  [34m  ▕▏  [34m  ▕▏  [34m  ▕▏  [39m  
  [34m  ▕▏  [32m██████[34m  ▕▏  [34m  ▕▏  [32m██████[34m  ▕▏  [34m  ▕▏  [32m██████[34m  ▕▏  [39m  
  [34m──██──[32m██████[34m──██──[34m──██──[32m██████[34m──██──[34m──██──[32m██████[34m──██──[39m  
  [34m  ▕▏  [32m██████[34m  ▕▏  [34m  ▕▏  [32m██████[34m  ▕▏  [34m  ▕▏  [32m██████[34m  ▕▏  [39m  
  [34m  ▕▏  [34m  ▕▏  [34m  ▕▏  [34m  ▕▏  [34m  ▕▏  [34m  ▕▏  [34m  ▕▏  [34m  ▕▏  [34m  ▕▏  [39m  
  [34m──██──[34m──██──[34m──██──[34m──██──[34m──██──[34m──██──[34m──██──[34m──██──[34m──██──[39m  
  [34m  ▕▏  [34m  ▕▏  [34m  ▕▏  [34m  ▕▏  [34m  ▕▏  [34m  ▕▏  [34m  ▕▏  [34m  ▕▏  [34m  ▕▏  [39m  
  [34m  ▕▏  [34m  ▕▏  [34m  ▕▏  [31m██████[31m██████[31m██████[34m  ▕▏  [34m  ▕▏  [34m  ▕▏  [39m  
  [34m──██──[34m──██──[34m──██──[31m██████[31m██████[31m██████[34m──██──[34m──██──[34m──██──[39m  
  [34m  ▕▏  [34m  ▕▏  [34m  ▕▏  [31m██████[31m██████[31m██████[34m  ▕▏  [34m  ▕▏  [34m  ▕▏  [39m  
  [34m  ▕▏  [32m██████[34m  ▕▏  [31m██████[31m██████[31m██████[34m  ▕▏  [32m██████[34m  ▕▏  [39m  
  [34m──██──[32m██████[34m──██──[31m██████[31m██████[31m██████[34m──██──[32m██████[34m──██──[39m  
  [34m  ▕▏  [32m██████[34m  ▕▏  [31m██████[31m██████[31m██████[34m  ▕▏  [32m██████[34m  ▕▏  [39m  
  [34m  ▕▏  [34m  ▕▏  [34m  ▕▏  [31m██████[31m██████[31m██████[34m  ▕▏  [34m  ▕▏  [34m  ▕▏  [39m  
  [34m──██──[34m──██──[34m──██──[31m██████[31m██████[31m██████[34m──██──[34m──██──[34m──██──[39m  
  [34m  ▕▏  [34m  ▕▏  [34m  ▕▏  [31m██████[31m██████[31m██████[34m  ▕▏  [34m  ▕▏  [34m  ▕▏  [39m  
  [34m  ▕▏  [34m  ▕▏  [34m  ▕▏  [34m  ▕▏  [34m  ▕▏  [34m  ▕▏  [34m  ▕▏  [34m  ▕▏  [34m  ▕▏  [39m  
  [34m──██──[34m──██──[34m──██──[34m──██──[34m──██──[34m──██──[34m──██──[34m──██──[34m──██──[39m  
  [34m  ▕▏  [34m  ▕▏  [34m  ▕▏  [34m  ▕▏  [34m  ▕▏  [34m  ▕▏  [34m  ▕▏  [34m  ▕▏  [34m  ▕▏  [39m  
  [34m  ▕▏  [32m██████[34m  ▕▏  [34m  ▕▏  [32m██████[34m  ▕▏  [34m  ▕▏  [32m██████[34m  ▕▏  [39m  
  [34m──██──[32m██████[34m──██──[34m──██──[32m██████[34m──██──[34m──██──[32m██████[34m──██──[39m  
  [34m  ▕▏  [32m██████[34m  ▕▏  [34m  ▕▏  [32m██████[34m  ▕▏  [34m  ▕▏  [32m██████[34m  ▕▏  [39m  
  [34m  ▕▏  [34m  ▕▏  [34m  ▕▏  [34m  ▕▏  [34m  ▕▏  [34m  ▕▏  [34m  ▕▏  [34m  ▕▏  [34m  ▕▏  [39m  
  [34m──██──[34m──██──[34m──██──[34m──██──[34m──██──[34m──██──[34m──██──[34m──██──[34m──██──[39m  
  [34m  ▕▏  [34m  ▕▏  [34m  ▕▏  [34m  ▕▏  [34m  ▕▏  [34m  ▕▏  [34m  ▕▏  [34m  ▕▏  [34m  ▕▏  [39m  

AMR driver provided by CarpetX,
using AMReX 23.08 (MPI, OpenMP, no accelerators, debug)
--------------------------------------------------------------------------------

MPI initialized with 2 MPI processes
MPI initialized with thread support level 2
OMP initialized with 1 OMP threads
AMReX (23.08) initialized
INFO (CarpetX): 
Symmetries:
  lower x: none
  lower y: none
  lower z: none
  upper x: none
  upper y: none
  upper z: none
Default boundaries:
  lower x: dirichlet
  lower y: dirichlet
  lower z: dirichlet
  upper x: dirichlet
  upper y: dirichlet
  upper z: dirichlet
INFO (Arith): Test_smallvector
INFO (Arith): Test_spvect
INFO (CarpetX): Setting up initial conditions...
INFO (CarpetX): Iteration: 0   time: 0   delta_time: 0.03125
INFO (CarpetX): Patch 0:
INFO (CarpetX):   Grid extent:
INFO (CarpetX):     gsh=[35,35,35]
INFO (CarpetX):     blocking_factor=[8,8,8]
INFO (CarpetX):     max_grid_size=[32,32,32]
INFO (CarpetX):     max_tile_size=[1024000,16,32]
INFO (CarpetX):   Domain extent:
INFO (CarpetX):     xmin=[-1,-1,-1]
INFO (CarpetX):     xmax=[1,1,1]
INFO (CarpetX):     base dx=[0.0625,0.0625,0.0625]
INFO (CarpetX): Initializing level 0...
INFO (CarpetX): Regridding...
INFO (CarpetX):   level 0: 2 boxes, 32768 cells (100%)
INFO (CarpetX): Initialized 1 levels
INFO (CarpetX): OutputGH: iteration 0, time 0.000000, run time 1 s
INFO (CarpetX): OutputADIOS2...
INFO (CarpetX): OutputGH done.
INFO (CarpetX): Starting evolution...
INFO (CarpetX): Regridding...
INFO (CarpetX):   old levels 1, new levels 1
INFO (CarpetX):   level 0: 2 boxes, 32768 cells (100%)
INFO (CarpetX): OutputGH: iteration 1, time 0.031250, run time 1 s
INFO (CarpetX): OutputGH done.
INFO (CarpetX): Simulation time: 0.03125   Iterations per second: 302.401   Simulation time per second: 9.45004
INFO (CarpetX): Grid cells: 32768   Grid cell updates per second: 9.90908e+06
INFO (CarpetX): Performance:
INFO (CarpetX):   total evolution time:            0.00330687 sec
INFO (CarpetX):   total evolution compute time:    0.00328302 sec
INFO (CarpetX):   total evolution output time:     2.38419e-05 sec
INFO (CarpetX):   total iterations:                1
INFO (CarpetX):   total cells updated:             32768
INFO (CarpetX):   average iterations per second: 302.401
INFO (CarpetX):   average cell updates per second: 9.90908e+06
INFO (CarpetX): Regridding...
INFO (CarpetX):   old levels 1, new levels 1
INFO (CarpetX):   level 0: 2 boxes, 32768 cells (100%)
INFO (CarpetX): OutputGH: iteration 2, time 0.062500, run time 1 s
INFO (CarpetX): OutputGH done.
INFO (CarpetX): Simulation time: 0.0625   Iterations per second: 310.367   Simulation time per second: 9.69898
INFO (CarpetX): Grid cells: 32768   Grid cell updates per second: 1.01701e+07
INFO (CarpetX): Performance:
INFO (CarpetX):   total evolution time:            0.00652885 sec
INFO (CarpetX):   total evolution compute time:    0.00648594 sec
INFO (CarpetX):   total evolution output time:     4.29153e-05 sec
INFO (CarpetX):   total iterations:                2
INFO (CarpetX):   total cells updated:             65536
INFO (CarpetX):   average iterations per second: 306.332
INFO (CarpetX):   average cell updates per second: 1.00379e+07
INFO (CarpetX): Regridding...
INFO (CarpetX):   old levels 1, new levels 1
INFO (CarpetX):   level 0: 2 boxes, 32768 cells (100%)
INFO (CarpetX): OutputGH: iteration 3, time 0.093750, run time 1 s
INFO (CarpetX): OutputGH done.
INFO (CarpetX): Simulation time: 0.09375   Iterations per second: 303.781   Simulation time per second: 9.49316
INFO (CarpetX): Grid cells: 32768   Grid cell updates per second: 9.9543e+06
INFO (CarpetX): Performance:
INFO (CarpetX):   total evolution time:            0.0098207 sec
INFO (CarpetX):   total evolution compute time:    0.00975895 sec
INFO (CarpetX):   total evolution output time:     6.17504e-05 sec
INFO (CarpetX):   total iterations:                3
INFO (CarpetX):   total cells updated:             98304
INFO (CarpetX):   average iterations per second: 305.477
INFO (CarpetX):   average cell updates per second: 1.00099e+07
INFO (CarpetX): Regridding...
INFO (CarpetX):   old levels 1, new levels 1
INFO (CarpetX):   level 0: 2 boxes, 32768 cells (100%)
INFO (CarpetX): OutputGH: iteration 4, time 0.125000, run time 1 s
INFO (CarpetX): OutputGH done.
INFO (CarpetX): Simulation time: 0.125   Iterations per second: 308.359   Simulation time per second: 9.63623
INFO (CarpetX): Grid cells: 32768   Grid cell updates per second: 1.01043e+07
INFO (CarpetX): Performance:
INFO (CarpetX):   total evolution time:            0.0130637 sec
INFO (CarpetX):   total evolution compute time:    0.01298 sec
INFO (CarpetX):   total evolution output time:     8.36849e-05 sec
INFO (CarpetX):   total iterations:                4
INFO (CarpetX):   total cells updated:             131072
INFO (CarpetX):   average iterations per second: 306.193
INFO (CarpetX):   average cell updates per second: 1.00333e+07
INFO (CarpetX): Regridding...
INFO (CarpetX):   old levels 1, new levels 1
INFO (CarpetX):   level 0: 2 boxes, 32768 cells (100%)
INFO (CarpetX): OutputGH: iteration 5, time 0.156250, run time 1 s
INFO (CarpetX): OutputGH done.
INFO (CarpetX): Simulation time: 0.15625   Iterations per second: 303.781   Simulation time per second: 9.49316
INFO (CarpetX): Grid cells: 32768   Grid cell updates per second: 9.9543e+06
INFO (CarpetX): Performance:
INFO (CarpetX):   total evolution time:            0.0163555 sec
INFO (CarpetX):   total evolution compute time:    0.0162499 sec
INFO (CarpetX):   total evolution output time:     0.000105619 sec
INFO (CarpetX):   total iterations:                5
INFO (CarpetX):   total cells updated:             163840
INFO (CarpetX):   average iterations per second: 305.707
INFO (CarpetX):   average cell updates per second: 1.00174e+07
INFO (CarpetX): Regridding...
INFO (CarpetX):   old levels 1, new levels 1
INFO (CarpetX):   level 0: 2 boxes, 32768 cells (100%)
INFO (CarpetX): OutputGH: iteration 6, time 0.187500, run time 1 s
INFO (CarpetX): OutputGH done.
INFO (CarpetX): Simulation time: 0.1875   Iterations per second: 306.556   Simulation time per second: 9.57989
INFO (CarpetX): Grid cells: 32768   Grid cell updates per second: 1.00452e+07
INFO (CarpetX): Performance:
INFO (CarpetX):   total evolution time:            0.0196176 sec
INFO (CarpetX):   total evolution compute time:    0.019491 sec
INFO (CarpetX):   total evolution output time:     0.0001266 sec
INFO (CarpetX):   total iterations:                6
INFO (CarpetX):   total cells updated:             196608
INFO (CarpetX):   average iterations per second: 305.848
INFO (CarpetX):   average cell updates per second: 1.0022e+07
INFO (CarpetX): Regridding...
INFO (CarpetX):   old levels 1, new levels 1
INFO (CarpetX):   level 0: 2 boxes, 32768 cells (100%)
INFO (CarpetX): OutputGH: iteration 7, time 0.218750, run time 1 s
INFO (CarpetX): OutputGH done.
INFO (CarpetX): Simulation time: 0.21875   Iterations per second: 308.065   Simulation time per second: 9.62703
INFO (CarpetX): Grid cells: 32768   Grid cell updates per second: 1.00947e+07
INFO (CarpetX): Performance:
INFO (CarpetX):   total evolution time:            0.0228636 sec
INFO (CarpetX):   total evolution compute time:    0.022716 sec
INFO (CarpetX):   total evolution output time:     0.000147581 sec
INFO (CarpetX):   total iterations:                7
INFO (CarpetX):   total cells updated:             229376
INFO (CarpetX):   average iterations per second: 306.163
INFO (CarpetX):   average cell updates per second: 1.00324e+07
INFO (CarpetX): Regridding...
INFO (CarpetX):   old levels 1, new levels 1
INFO (CarpetX):   level 0: 2 boxes, 32768 cells (100%)
INFO (CarpetX): OutputGH: iteration 8, time 0.250000, run time 1 s
INFO (CarpetX): OutputGH done.
INFO (CarpetX): Simulation time: 0.25   Iterations per second: 311.219   Simulation time per second: 9.72561
INFO (CarpetX): Grid cells: 32768   Grid cell updates per second: 1.0198e+07
INFO (CarpetX): Performance:
INFO (CarpetX):   total evolution time:            0.0260768 sec
INFO (CarpetX):   total evolution compute time:    0.025912 sec
INFO (CarpetX):   total evolution output time:     0.000164747 sec
INFO (CarpetX):   total iterations:                8
INFO (CarpetX):   total cells updated:             262144
INFO (CarpetX):   average iterations per second: 306.786
INFO (CarpetX):   average cell updates per second: 1.00528e+07
INFO (CarpetX): Regridding...
INFO (CarpetX):   old levels 1, new levels 1
INFO (CarpetX):   level 0: 2 boxes, 32768 cells (100%)
INFO (CarpetX): OutputGH: iteration 9, time 0.281250, run time 1 s
INFO (CarpetX): OutputGH done.
INFO (CarpetX): Simulation time: 0.28125   Iterations per second: 302.314   Simulation time per second: 9.44731
INFO (CarpetX): Grid cells: 32768   Grid cell updates per second: 9.90622e+06
INFO (CarpetX): Performance:
INFO (CarpetX):   total evolution time:            0.0293846 sec
INFO (CarpetX):   total evolution compute time:    0.0292029 sec
INFO (CarpetX):   total evolution output time:     0.000181675 sec
INFO (CarpetX):   total iterations:                9
INFO (CarpetX):   total cells updated:             294912
INFO (CarpetX):   average iterations per second: 306.283
INFO (CarpetX):   average cell updates per second: 1.00363e+07
INFO (CarpetX): Regridding...
INFO (CarpetX):   old levels 1, new levels 1
INFO (CarpetX):   level 0: 2 boxes, 32768 cells (100%)
INFO (CarpetX): OutputGH: iteration 10, time 0.312500, run time 1 s
INFO (CarpetX): OutputADIOS2...
INFO (CarpetX): OutputGH done.
INFO (CarpetX): Simulation time: 0.3125   Iterations per second: 120.35   Simulation time per second: 3.76093
INFO (CarpetX): Grid cells: 32768   Grid cell updates per second: 3.94362e+06
INFO (CarpetX): Performance:
INFO (CarpetX):   total evolution time:            0.0376937 sec
INFO (CarpetX):   total evolution compute time:    0.0324221 sec
INFO (CarpetX):   total evolution output time:     0.00527167 sec
INFO (CarpetX):   total iterations:                10
INFO (CarpetX):   total cells updated:             327680
INFO (CarpetX):   average iterations per second: 265.296
INFO (CarpetX):   average cell updates per second: 8.69322e+06
INFO (CarpetX): Shutting down...
AMReX (23.08) finalized
--------------------------------------------------------------------------------
Done.
+ echo Stopping:
Stopping:
+ date
Wed Nov  8 01:50:51 UTC 2023
+ echo Done.
Done.
  Elapsed time: 0.9 s
