/home/runner/simulations/TestJob01_temp_1/output-0000/TEST/sim/MemSpeed
Preparing:
+ set -e
+ cd output-0000-active
+ echo Checking:
Checking:
+ pwd
/home/runner/simulations/TestJob01_temp_1/output-0000/TEST/sim/MemSpeed/output-0000-active
+ hostname
fv-az1269-789
+ date
Thu Oct 24 01:00:09 UTC 2024
+ echo Environment:
Environment:
+ export CACTUS_NUM_PROCS=1
+ CACTUS_NUM_PROCS=1
+ export CACTUS_NUM_THREADS=2
+ CACTUS_NUM_THREADS=2
+ export GMON_OUT_PREFIX=gmon.out
+ GMON_OUT_PREFIX=gmon.out
+ export OMP_NUM_THREADS=2
+ OMP_NUM_THREADS=2
+ env
+ sort
+ echo Starting:
Starting:
++ date +%s
+ export CACTUS_STARTTIME=1729731609
+ CACTUS_STARTTIME=1729731609
+ '[' 1 = 1 ']'
+ '[' 0 -eq 0 ']'
+ /home/runner/simulations/TestJob01_temp_1/SIMFACTORY/exe/cactus_sim -L 3 /home/runner/simulations/TestJob01_temp_1/output-0000/arrangements/CactusUtils/MemSpeed/test/memspeed.par
INFO (Cactus): Increased logging level from 0 to 3
--------------------------------------------------------------------------------

       10                                  
  1   0101       ************************  
  01  1010 10      The Cactus Code V4.16.0    
 1010 1101 011      www.cactuscode.org     
  1001 100101    ************************  
    00010101                               
     100011     (c) Copyright The Authors  
      0100      GNU Licensed. No Warranty  
      0101                                 
--------------------------------------------------------------------------------

Cactus version:    4.16.0
Compile date:      Oct 24 2024 (00:53:28)
Run date:          Oct 24 2024 (01:00:10+0000)
Run host:          fv-az1269-789.fxpsww3xma3elm0kakxm5dxyzh.phxx.internal.cloudapp.net (pid=131538)
Working directory: /home/runner/simulations/TestJob01_temp_1/output-0000/TEST/sim/MemSpeed
Executable:        /home/runner/simulations/TestJob01_temp_1/SIMFACTORY/exe/cactus_sim
Parameter file:    /home/runner/simulations/TestJob01_temp_1/output-0000/arrangements/CactusUtils/MemSpeed/test/memspeed.par
--------------------------------------------------------------------------------

Activating thorn Cactus...Success -> active implementation Cactus
Activation requested for 
--->hwloc MemSpeed SystemTopology CartGrid3D CoordBase IOASCII IOUtil PUGH PUGHSlab<---
Thorn hwloc requests automatic activation of zlib
Thorn MemSpeed requests automatic activation of Vectors
Thorn MemSpeed requests automatic activation of MPI
Activating thorn CartGrid3D...Success -> active implementation grid
Activating thorn CoordBase...Success -> active implementation CoordBase
Activating thorn hwloc...Success -> active implementation hwloc
Activating thorn IOASCII...Success -> active implementation IOASCII
Activating thorn IOUtil...Success -> active implementation IO
Activating thorn MemSpeed...Success -> active implementation MemSpeed
Activating thorn MPI...Success -> active implementation MPI
Activating thorn PUGH...Success -> active implementation Driver
Activating thorn PUGHSlab...Success -> active implementation Hyperslab
Activating thorn SystemTopology...Success -> active implementation SystemTopology
Activating thorn Vectors...Success -> active implementation Vectors
Activating thorn zlib...Success -> active implementation zlib
--------------------------------------------------------------------------------
  if (recover initial data)
    Recover parameters
  endif

  Startup routines
    [CCTK_STARTUP]
      CartGrid3D::SymmetryStartup: Register GH Extension for GridSymmetry
      CoordBase::CoordBase_Startup: Register a GH extension to store the coordinate system handles
      GROUP hwloc_startup: hwloc startup group
        hwloc::hwloc_version: Output hwloc version
      SystemTopology::ST_system_topology: Output and/or modify system topology and hardware locality
      PUGH::Driver_Startup: Startup routine
      PUGH::PUGH_RegisterPUGHP2LRoutines: Register Physical to Logical process mapping routines
      PUGH::PUGH_RegisterPUGHTopologyRoutines: Register topology generation routines routines
      IOUtil::IOUtil_Startup: Startup routine
      Vectors::Vectors_Startup: Print startup message
      IOASCII::IOASCII_Startup: Startup routine

  Startup routines which need an existing grid hierarchy
    [CCTK_WRAGH]
      CartGrid3D::RegisterCartGrid3DCoords: [meta] Register coordinates for the Cartesian grid
      MemSpeed::MemSpeed_MeasureSpeed: [meta] Measure CPU, memory, cache speeds
  Parameter checking routines
    [CCTK_PARAMCHECK]
      CartGrid3D::ParamCheck_CartGrid3D: Check coordinates for CartGrid3D
      Vectors::Vectors_Test: Run correctness tests.

  Initialisation
    if (NOT (recover initial data AND recovery_mode is 'strict'))
      [CCTK_PREREGRIDINITIAL]
      Set up grid hierarchy
      [CCTK_POSTREGRIDINITIAL]
        CartGrid3D::SpatialCoordinates: Set Coordinates after regridding
      [CCTK_BASEGRID]
        CartGrid3D::SpatialSpacings: Set up ranges for spatial 3D Cartesian coordinates (on all grids)
        CartGrid3D::SpatialCoordinates: Set up spatial 3D Cartesian coordinates on the GH
        IOASCII::IOASCII_Choose1D: Choose 1D output lines
        IOASCII::IOASCII_Choose2D: Choose 2D output planes
        PUGH::PUGH_Report: Report on PUGH set up
      [CCTK_INITIAL]
      [CCTK_POSTINITIAL]
      Initialise finer grids recursively
      Restrict from finer grids
      [CCTK_POSTRESTRICTINITIAL]
      [CCTK_POSTPOSTINITIAL]
      [CCTK_POSTSTEP]
    endif
    if (recover initial data)
      [CCTK_BASEGRID]
        CartGrid3D::SpatialSpacings: Set up ranges for spatial 3D Cartesian coordinates (on all grids)
        CartGrid3D::SpatialCoordinates: Set up spatial 3D Cartesian coordinates on the GH
        IOASCII::IOASCII_Choose1D: Choose 1D output lines
        IOASCII::IOASCII_Choose2D: Choose 2D output planes
        PUGH::PUGH_Report: Report on PUGH set up
      [CCTK_RECOVER_VARIABLES]
      [CCTK_POST_RECOVER_VARIABLES]
    endif
    if (checkpoint initial data)
      [CCTK_CPINITIAL]
    endif
    if (analysis)
      [CCTK_ANALYSIS]
  endif
  Output grid variables

  do loop over timesteps
    [CCTK_PREREGRID]
    Change grid hierarchy
    [CCTK_POSTREGRID]
      CartGrid3D::SpatialCoordinates: Set Coordinates after regridding
    Rotate timelevels
    iteration = iteration+1
    t = t+dt
    [CCTK_PRESTEP]
    [CCTK_EVOL]
    Evolve finer grids recursively
    Restrict from finer grids
    [CCTK_POSTRESTRICT]
    [CCTK_POSTSTEP]
    if (checkpoint)
      [CCTK_CHECKPOINT]
    endif
    if (analysis)
      [CCTK_ANALYSIS]
    endif
    Output grid variables
    enddo

  Termination routines
    [CCTK_TERMINATE]
      PUGH::Driver_Terminate: Termination routine

  Shutdown routines
    [CCTK_SHUTDOWN]

  Routines run after changing the grid hierarchy:
    [CCTK_POSTREGRID]
      CartGrid3D::SpatialCoordinates: Set Coordinates after regridding
--------------------------------------------------------------------------------
INFO (hwloc): library version 2.7.0, API version 0x20500
INFO (SystemTopology): MPI process-to-host mapping:
This is MPI process 0 of 1
MPI hosts:
  0: fv-az1269-789
This MPI process runs on host 0 of 1
On this host, this is MPI process 0 of 1
INFO (SystemTopology): Topology support:
Discovery support:
  discovery->pu                            : yes
CPU binding support:
  cpubind->set_thisproc_cpubind            : yes
  cpubind->get_thisproc_cpubind            : yes
  cpubind->set_proc_cpubind                : yes
  cpubind->get_proc_cpubind                : yes
  cpubind->set_thisthread_cpubind          : yes
  cpubind->get_thisthread_cpubind          : yes
  cpubind->set_thread_cpubind              : yes
  cpubind->get_thread_cpubind              : yes
  cpubind->get_thisproc_last_cpu_location  : yes
  cpubind->get_proc_last_cpu_location      : yes
  cpubind->get_thisthread_last_cpu_location: yes
Memory binding support:
  membind->set_thisproc_membind            : no
  membind->get_thisproc_membind            : no
  membind->set_proc_membind                : no
  membind->get_proc_membind                : no
  membind->set_thisthread_membind          : yes
  membind->get_thisthread_membind          : yes
  membind->set_area_membind                : yes
  membind->get_area_membind                : yes
  membind->alloc_membind                   : yes
  membind->firsttouch_membind              : yes
  membind->bind_membind                    : yes
  membind->interleave_membind              : yes
  membind->nexttouch_membind               : no
  membind->migrate_membind                 : yes
INFO (SystemTopology): Hardware objects in this node:
Machine L#0: (P#0, total=16364592KB, DMIProductName="Virtual Machine", DMIProductVersion=7.0, DMIProductUUID=bff059ac-4723-024d-9186-b1ac6c704fbb, DMIBoardVendor="Microsoft Corporation", DMIBoardName="Virtual Machine", DMIBoardVersion=7.0, DMIChassisVendor="Microsoft Corporation", DMIChassisType=3, DMIChassisVersion=7.0, DMIChassisAssetTag=7783-7084-3265-9085-8269-3286-77, DMIBIOSVendor="American Megatrends Inc.", DMIBIOSVersion="090008 ", DMIBIOSDate=12/07/2018, DMISysVendor="Microsoft Corporation", Backend=Linux, LinuxCgroup=/system.slice/runner-provisioner.service, OSName=Linux, OSRelease=6.5.0-1025-azure, OSVersion="#26~22.04.1-Ubuntu SMP Thu Jul 11 22:33:04 UTC 2024", HostName=fv-az1269-789, Architecture=x86_64, hwlocVersion=2.7.0, ProcessName=cactus_sim)
  Package L#0: (P#0, total=16364592KB, CPUVendor=AuthenticAMD, CPUFamilyNumber=25, CPUModelNumber=1, CPUModel="AMD EPYC 7763 64-Core Processor                ", CPUStepping=1)
    L3Cache L#0: (P#0, size=32768KB, linesize=64, ways=16, Inclusive=0)
      L2Cache L#0: (P#0, size=512KB, linesize=64, ways=8, Inclusive=1)
        L1dCache L#0: (P#0, size=32KB, linesize=64, ways=8, Inclusive=0)
          Core L#0: (P#0)
            PU L#0: (P#0)
            PU L#1: (P#1)
      L2Cache L#1: (P#1, size=512KB, linesize=64, ways=8, Inclusive=1)
        L1dCache L#1: (P#1, size=32KB, linesize=64, ways=8, Inclusive=0)
          Core L#1: (P#1)
            PU L#2: (P#2)
            PU L#3: (P#3)
INFO (SystemTopology): Thread CPU bindings:
  MPI process 0 on host 0 (process 0 of 1 on this host)
    OpenMP thread 0: PU set L#{0-3} P#{0-3}
    OpenMP thread 1: PU set L#{0-3} P#{0-3}
INFO (SystemTopology): Setting thread CPU bindings:
INFO (SystemTopology): Thread CPU bindings:
  MPI process 0 on host 0 (process 0 of 1 on this host)
    OpenMP thread 0: PU set L#{0} P#{0}
    OpenMP thread 1: PU set L#{2} P#{2}
INFO (SystemTopology): Extracting CPU/cache/memory properties:
  There are 2 PUs per core (aka hardware SMT threads)
  There are 1 threads per core (aka SMT threads used)
  Cache (unknown name) has type "data" depth 1
    size 32768 linesize 64 associativity 8 stride 4096, for 2 PUs
  Cache (unknown name) has type "unified" depth 2
    size 524288 linesize 64 associativity 8 stride 65536, for 2 PUs
  Cache (unknown name) has type "unified" depth 3
    size 33554432 linesize 64 associativity 16 stride 2097152, for 4 PUs
INFO (PUGH): Using physical to logical mappings: direct
INFO (PUGH): Using topology generator: automatic
INFO (Vectors): Using vector size 2 for architecture SSE2 (64-bit precision)
--------------------------------------------------------------------------------
Driver provided by PUGH
--------------------------------------------------------------------------------

INFO (PUGH): Not setting up a topology for 1 dimensions
INFO (PUGH): Not setting up a topology for 2 dimensions
INFO (PUGH): Setting up a topology for 3 dimensions
INFO (IOASCII): I/O Method 'IOASCII_1D' registered: output of 1D lines of grid functions/arrays to ASCII files
INFO (IOASCII): Periodic 1D output every 1 iterations
INFO (IOASCII): Periodic 1D output requested for 'GRID::r'
INFO (IOASCII): I/O Method 'IOASCII_2D' registered: output of 2D planes of grid functions/arrays to ASCII files
INFO (IOASCII): Periodic 2D output turned off
INFO (IOASCII): I/O Method 'IOASCII_3D' registered: output of 3D grid functions/arrays to ASCII files
INFO (IOASCII): Periodic 3D output turned off
INFO (MemSpeed): Measuring CPU, cache, memory, and communication speeds:
  Single-core measurements (using 1 MPI processes with 1 OpenMP threads each):
    CPU frequency:
      iterations=1000000... time=0.00124588 sec
      iterations=10000000... time=0.0124751 sec
      iterations=100000000... time=0.123898 sec
      iterations=900000000... time=1.11557 sec
      iterations=900000000... time=0.835904 sec
      result: 6.4362 GHz
    CPU floating point performance:
      iterations=1000000... time=0.00197354 sec
      iterations=10000000... time=0.0197618 sec
      iterations=100000000... time=0.197345 sec
      iterations=600000000... time=1.18405 sec
      result: 16.2156 Gflop/sec
    CPU integer performance:
      iterations=1000000... time=0.00187055 sec
      iterations=10000000... time=0.0185499 sec
      iterations=100000000... time=0.185593 sec
      iterations=600000000... time=1.11544 sec
      result: 8.60645 Giop/sec
    Read latency of D1 cache (for 2 PUs) (using 1*24576 bytes):
      iterations=1000... time=0.000125154 sec
      iterations=10000... time=0.00124793 sec
      iterations=100000... time=0.0130317 sec
      iterations=1000000... time=0.123671 sec
      iterations=9000000... time=1.11598 sec
      result: 1.23998 nsec
    Read latency of L2 cache (for 2 PUs) (using 1*393216 bytes):
      iterations=1000... time=0.000402863 sec
      iterations=10000... time=0.00386583 sec
      iterations=100000... time=0.0380689 sec
      iterations=1000000... time=0.380869 sec
      iterations=3000000... time=1.14337 sec
      result: 3.81125 nsec
    Read latency of L3 cache (for 4 PUs) (using 1*25165824 bytes):
      [skipped -- avoiding large-memory benchmarks]
    Read bandwidth of D1 cache (for 2 PUs) (using 1*24576 bytes):
      iterations=1... time=5.51e-07 sec
      iterations=10... time=4.359e-06 sec
      iterations=100... time=2.8193e-05 sec
      iterations=1000... time=0.000247172 sec
      iterations=10000... time=0.0024702 sec
      iterations=100000... time=0.0241523 sec
      iterations=1000000... time=0.242956 sec
      iterations=5000000... time=1.21527 sec
      result: 101.114 GByte/sec
    Read bandwidth of L2 cache (for 2 PUs) (using 1*393216 bytes):
      iterations=1... time=6.031e-06 sec
      iterations=10... time=5.6997e-05 sec
      iterations=100... time=0.000554857 sec
      iterations=1000... time=0.00542802 sec
      iterations=10000... time=0.0538055 sec
      iterations=100000... time=0.514954 sec
      iterations=200000... time=1.03004 sec
      result: 76.3494 GByte/sec
    Read bandwidth of L3 cache (for 4 PUs) (using 1*25165824 bytes):
      [skipped -- avoiding large-memory benchmarks]
    Write latency of D1 cache (for 2 PUs) (using 1*24576 bytes):
      iterations=1000... time=2.575e-06 sec
      iterations=10000... time=2.4796e-05 sec
      iterations=100000... time=0.000247593 sec
      iterations=1000000... time=0.0024774 sec
      iterations=10000000... time=0.0247375 sec
      iterations=100000000... time=0.247446 sec
      iterations=400000000... time=0.989677 sec
      iterations=800000000... time=1.98156 sec
      result: 0.309618 nsec
    Write latency of L2 cache (for 2 PUs) (using 1*393216 bytes):
      iterations=1000... time=1.0059e-05 sec
      iterations=10000... time=0.000106419 sec
      iterations=100000... time=0.000958081 sec
      iterations=1000000... time=0.010196 sec
      iterations=10000000... time=0.0958967 sec
      iterations=100000000... time=0.965587 sec
      iterations=200000000... time=1.94838 sec
      result: 1.21774 nsec
    Write latency of L3 cache (for 4 PUs) (using 1*25165824 bytes):
      [skipped -- avoiding large-memory benchmarks]
    Write bandwidth of D1 cache (for 2 PUs) (using 1*24576 bytes):
      iterations=1... time=3.21e-07 sec
      iterations=10... time=2.675e-06 sec
      iterations=100... time=2.5998e-05 sec
      iterations=1000... time=0.000259595 sec
      iterations=10000... time=0.00260508 sec
      iterations=100000... time=0.0261132 sec
      iterations=1000000... time=0.260411 sec
      iterations=4000000... time=1.04253 sec
      result: 94.2933 GByte/sec
    Write bandwidth of L2 cache (for 2 PUs) (using 1*393216 bytes):
      iterations=1... time=7.905e-06 sec
      iterations=10... time=6.3208e-05 sec
      iterations=100... time=0.000564636 sec
      iterations=1000... time=0.0060477 sec
      iterations=10000... time=0.0511576 sec
      iterations=100000... time=0.494386 sec
      iterations=200000... time=0.982104 sec
      iterations=400000... time=1.96598 sec
      result: 80.0039 GByte/sec
    Write bandwidth of L3 cache (for 4 PUs) (using 1*25165824 bytes):
      [skipped -- avoiding large-memory benchmarks]
    Stencil code performance of D1 cache (for 2 PUs) (using 1*12^3 grid points, 1*27648 bytes):
      iterations=1... time=3.787e-05 sec
      iterations=10... time=0.000407092 sec
      iterations=100... time=0.00387494 sec
      iterations=1000... time=0.0385369 sec
      iterations=10000... time=0.381599 sec
      iterations=30000... time=1.15738 sec
      result: 0.0447908 Gupdates/sec
    Stencil code performance of L2 cache (for 2 PUs) (using 1*29^3 grid points, 1*390224 bytes):
      iterations=1... time=0.000148528 sec
      iterations=10... time=0.0014729 sec
      iterations=100... time=0.0152411 sec
      iterations=1000... time=0.147811 sec
      iterations=7000... time=1.0131 sec
      result: 0.168516 Gupdates/sec
    Stencil code performance of L3 cache (for 4 PUs) (using 1*116^3 grid points, 1*24974336 bytes):
      iterations=1... time=0.00350475 sec
      iterations=10... time=0.0345611 sec
      iterations=100... time=0.362743 sec
      iterations=300... time=1.03667 sec
      result: 0.451703 Gupdates/sec
  Single-node measurements (using 1 MPI processes with 2 OpenMP threads each):
    CPU frequency:
      iterations=1000000... time=0.00139373 sec
      iterations=10000000... time=0.0124027 sec
      iterations=100000000... time=0.123853 sec
      iterations=900000000... time=1.11718 sec
      iterations=900000000... time=0.83565 sec
      result: 6.39368 GHz
    CPU floating point performance:
      iterations=1000000... time=0.00197623 sec
      iterations=10000000... time=0.0197236 sec
      iterations=100000000... time=0.197286 sec
      iterations=600000000... time=1.18384 sec
      result: 16.2184 Gflop/sec
    CPU integer performance:
      iterations=1000000... time=0.00187494 sec
      iterations=10000000... time=0.0185688 sec
      iterations=100000000... time=0.185739 sec
      iterations=600000000... time=1.11784 sec
      result: 8.588 Giop/sec
    Read latency of D1 cache (for 2 PUs) (using 2*24576 bytes):
      iterations=1000... time=0.000124081 sec
      iterations=10000... time=0.00123388 sec
      iterations=100000... time=0.012379 sec
      iterations=1000000... time=0.123675 sec
      iterations=9000000... time=1.11325 sec
      result: 1.23695 nsec
    Read latency of L2 cache (for 2 PUs) (using 2*393216 bytes):
      iterations=1000... time=0.000435434 sec
      iterations=10000... time=0.00434786 sec
      iterations=100000... time=0.0404459 sec
      iterations=1000000... time=0.405273 sec
      iterations=3000000... time=1.21301 sec
      result: 4.04337 nsec
    Read latency of L3 cache (for 4 PUs) (using 1*25165824 bytes):
      [skipped -- avoiding large-memory benchmarks]
    Read bandwidth of D1 cache (for 2 PUs) (using 2*24576 bytes):
      iterations=1... time=4.41e-07 sec
      iterations=10... time=2.941e-06 sec
      iterations=100... time=3.12385e-05 sec
      iterations=1000... time=0.000287633 sec
      iterations=10000... time=0.00256019 sec
      iterations=100000... time=0.0241931 sec
      iterations=1000000... time=0.242419 sec
      iterations=5000000... time=1.21486 sec
      result: 101.147 GByte/sec
    Read bandwidth of L2 cache (for 2 PUs) (using 2*393216 bytes):
      iterations=1... time=9.282e-06 sec
      iterations=10... time=6.2221e-05 sec
      iterations=100... time=0.000565848 sec
      iterations=1000... time=0.00559052 sec
      iterations=10000... time=0.0519012 sec
      iterations=100000... time=0.495836 sec
      iterations=200000... time=0.996553 sec
      iterations=400000... time=2.00541 sec
      result: 78.4312 GByte/sec
    Read bandwidth of L3 cache (for 4 PUs) (using 1*25165824 bytes):
      [skipped -- avoiding large-memory benchmarks]
    Write latency of D1 cache (for 2 PUs) (using 2*24576 bytes):
      iterations=1000... time=3.326e-06 sec
      iterations=10000... time=3.30265e-05 sec
      iterations=100000... time=0.000282648 sec
      iterations=1000000... time=0.00255252 sec
      iterations=10000000... time=0.024741 sec
      iterations=100000000... time=0.247678 sec
      iterations=400000000... time=0.991127 sec
      iterations=800000000... time=1.98231 sec
      result: 0.309736 nsec
    Write latency of L2 cache (for 2 PUs) (using 2*393216 bytes):
      iterations=1000... time=1.52135e-05 sec
      iterations=10000... time=0.000119879 sec
      iterations=100000... time=0.000992516 sec
      iterations=1000000... time=0.00905974 sec
      iterations=10000000... time=0.0910878 sec
      iterations=100000000... time=0.911766 sec
      iterations=200000000... time=1.82459 sec
      result: 1.14037 nsec
    Write latency of L3 cache (for 4 PUs) (using 1*25165824 bytes):
      [skipped -- avoiding large-memory benchmarks]
    Write bandwidth of D1 cache (for 2 PUs) (using 2*24576 bytes):
      iterations=1... time=4.26e-07 sec
      iterations=10... time=3.737e-06 sec
      iterations=100... time=3.5807e-05 sec
      iterations=1000... time=0.000307881 sec
      iterations=10000... time=0.00270788 sec
      iterations=100000... time=0.026896 sec
      iterations=1000000... time=0.269842 sec
      iterations=4000000... time=1.07662 sec
      result: 91.3079 GByte/sec
    Write bandwidth of L2 cache (for 2 PUs) (using 2*393216 bytes):
      iterations=1... time=1.10055e-05 sec
      iterations=10... time=8.33255e-05 sec
      iterations=100... time=0.000654984 sec
      iterations=1000... time=0.00585304 sec
      iterations=10000... time=0.0494297 sec
      iterations=100000... time=0.470584 sec
      iterations=200000... time=0.942033 sec
      iterations=400000... time=1.89558 sec
      result: 82.9755 GByte/sec
    Write bandwidth of L3 cache (for 4 PUs) (using 1*25165824 bytes):
      [skipped -- avoiding large-memory benchmarks]
    Stencil code performance of D1 cache (for 2 PUs) (using 1*12^3 grid points, 1*27648 bytes):
      iterations=1... time=9.613e-06 sec
      iterations=10... time=0.000107516 sec
      iterations=100... time=0.00104769 sec
      iterations=1000... time=0.01054 sec
      iterations=10000... time=0.105922 sec
      iterations=100000... time=1.00453 sec
      result: 0.17202 Gupdates/sec
    Stencil code performance of L2 cache (for 2 PUs) (using 1*29^3 grid points, 1*390224 bytes):
      iterations=1... time=3.88675e-05 sec
      iterations=10... time=0.000356572 sec
      iterations=100... time=0.00359936 sec
      iterations=1000... time=0.0360281 sec
      iterations=10000... time=0.348094 sec
      iterations=30000... time=1.06323 sec
      result: 0.688156 Gupdates/sec
    Stencil code performance of L3 cache (for 4 PUs) (using 1*116^3 grid points, 1*24974336 bytes):
      iterations=1... time=0.000833814 sec
      iterations=10... time=0.0108095 sec
      iterations=100... time=0.107881 sec
      iterations=1000... time=1.05626 sec
      result: 1.47776 Gupdates/sec
INFO (Vectors): Testing vectorisation... [errors may result in segfaults]
INFO (Vectors): 375/375 tests passed 
INFO (CartGrid3D): Grid Spacings:
INFO (CartGrid3D): dx=>1.1111111e-01  dy=>1.1111111e-01  dz=>1.1111111e-01
INFO (CartGrid3D): Computational Coordinates:
INFO (CartGrid3D): x=>[-0.500, 0.500]  y=>[-0.500, 0.500]  z=>[-0.500, 0.500]
INFO (CartGrid3D): Indices of Physical Coordinates:
INFO (CartGrid3D): x=>[0,9]  y=>[0,9]  z=>[0,9]
INFO (PUGH): MPI Evolution on 1 processors
INFO (PUGH): 3-dimensional grid functions
INFO (PUGH):   Size: 10 10 10
INFO (PUGH):   Processor topology: 1 x 1 x 1
INFO (PUGH):   Local load: 1000   [10 x 10 x 10]
INFO (PUGH):   Maximum load skew: 0.000000
--------------------------------------------------------------------------------
Done.
+ echo Stopping:
Stopping:
+ date
Thu Oct 24 01:01:08 UTC 2024
+ echo Done.
Done.
  Elapsed time: 58.5 s
