/home/runner/simulations/TestJob01_temp_2/output-0000/TEST/sim/MemSpeed
Preparing:
+ set -e
+ cd output-0000-active
+ echo Checking:
Checking:
+ pwd
/home/runner/simulations/TestJob01_temp_2/output-0000/TEST/sim/MemSpeed/output-0000-active
+ hostname
fv-az661-818
+ date
Sat Aug  3 07:58:48 UTC 2024
+ echo Environment:
Environment:
+ export CACTUS_NUM_PROCS=2
+ CACTUS_NUM_PROCS=2
+ export CACTUS_NUM_THREADS=1
+ CACTUS_NUM_THREADS=1
+ export GMON_OUT_PREFIX=gmon.out
+ GMON_OUT_PREFIX=gmon.out
+ export OMP_NUM_THREADS=1
+ OMP_NUM_THREADS=1
+ env
+ sort
+ echo Starting:
Starting:
++ date +%s
+ export CACTUS_STARTTIME=1722671928
+ CACTUS_STARTTIME=1722671928
+ '[' 2 = 1 ']'
+ mpirun -np 2 /home/runner/simulations/TestJob01_temp_2/SIMFACTORY/exe/cactus_sim -L 3 /home/runner/simulations/TestJob01_temp_2/output-0000/arrangements/CactusUtils/MemSpeed/test/memspeed.par
INFO (Cactus): Increased logging level from 0 to 3
--------------------------------------------------------------------------------

       10                                  
  1   0101       ************************  
  01  1010 10      The Cactus Code V4.16.0    
 1010 1101 011      www.cactuscode.org     
  1001 100101    ************************  
    00010101                               
     100011     (c) Copyright The Authors  
      0100      GNU Licensed. No Warranty  
      0101                                 
--------------------------------------------------------------------------------

Cactus version:    4.16.0
Compile date:      Aug 03 2024 (07:33:19)
Run date:          Aug 03 2024 (07:58:49+0000)
Run host:          fv-az661-818.ngp0c201cp4ufi15zzjabxwmaf.cx.internal.cloudapp.net (pid=139656)
Working directory: /home/runner/simulations/TestJob01_temp_2/output-0000/TEST/sim/MemSpeed
Executable:        /home/runner/simulations/TestJob01_temp_2/SIMFACTORY/exe/cactus_sim
Parameter file:    /home/runner/simulations/TestJob01_temp_2/output-0000/arrangements/CactusUtils/MemSpeed/test/memspeed.par
--------------------------------------------------------------------------------

Activating thorn Cactus...Success -> active implementation Cactus
Activation requested for 
--->hwloc MemSpeed SystemTopology CartGrid3D CoordBase IOASCII IOUtil PUGH PUGHSlab<---
Thorn hwloc requests automatic activation of zlib
Thorn MemSpeed requests automatic activation of Vectors
Thorn MemSpeed requests automatic activation of MPI
Activating thorn CartGrid3D...Success -> active implementation grid
Activating thorn CoordBase...Success -> active implementation CoordBase
Activating thorn hwloc...Success -> active implementation hwloc
Activating thorn IOASCII...Success -> active implementation IOASCII
Activating thorn IOUtil...Success -> active implementation IO
Activating thorn MemSpeed...Success -> active implementation MemSpeed
Activating thorn MPI...Success -> active implementation MPI
Activating thorn PUGH...Success -> active implementation Driver
Activating thorn PUGHSlab...Success -> active implementation Hyperslab
Activating thorn SystemTopology...Success -> active implementation SystemTopology
Activating thorn Vectors...Success -> active implementation Vectors
Activating thorn zlib...Success -> active implementation zlib
--------------------------------------------------------------------------------
  if (recover initial data)
    Recover parameters
  endif

  Startup routines
    [CCTK_STARTUP]
      CartGrid3D::SymmetryStartup: Register GH Extension for GridSymmetry
      CoordBase::CoordBase_Startup: Register a GH extension to store the coordinate system handles
      GROUP hwloc_startup: hwloc startup group
        hwloc::hwloc_version: Output hwloc version
      SystemTopology::ST_system_topology: Output and/or modify system topology and hardware locality
      PUGH::Driver_Startup: Startup routine
      PUGH::PUGH_RegisterPUGHP2LRoutines: Register Physical to Logical process mapping routines
      PUGH::PUGH_RegisterPUGHTopologyRoutines: Register topology generation routines routines
      IOUtil::IOUtil_Startup: Startup routine
      Vectors::Vectors_Startup: Print startup message
      IOASCII::IOASCII_Startup: Startup routine

  Startup routines which need an existing grid hierarchy
    [CCTK_WRAGH]
      CartGrid3D::RegisterCartGrid3DCoords: [meta] Register coordinates for the Cartesian grid
      MemSpeed::MemSpeed_MeasureSpeed: [meta] Measure CPU, memory, cache speeds
  Parameter checking routines
    [CCTK_PARAMCHECK]
      CartGrid3D::ParamCheck_CartGrid3D: Check coordinates for CartGrid3D
      Vectors::Vectors_Test: Run correctness tests.

  Initialisation
    if (NOT (recover initial data AND recovery_mode is 'strict'))
      [CCTK_PREREGRIDINITIAL]
      Set up grid hierarchy
      [CCTK_POSTREGRIDINITIAL]
        CartGrid3D::SpatialCoordinates: Set Coordinates after regridding
      [CCTK_BASEGRID]
        CartGrid3D::SpatialSpacings: Set up ranges for spatial 3D Cartesian coordinates (on all grids)
        CartGrid3D::SpatialCoordinates: Set up spatial 3D Cartesian coordinates on the GH
        IOASCII::IOASCII_Choose1D: Choose 1D output lines
        IOASCII::IOASCII_Choose2D: Choose 2D output planes
        PUGH::PUGH_Report: Report on PUGH set up
      [CCTK_INITIAL]
      [CCTK_POSTINITIAL]
      Initialise finer grids recursively
      Restrict from finer grids
      [CCTK_POSTRESTRICTINITIAL]
      [CCTK_POSTPOSTINITIAL]
      [CCTK_POSTSTEP]
    endif
    if (recover initial data)
      [CCTK_BASEGRID]
        CartGrid3D::SpatialSpacings: Set up ranges for spatial 3D Cartesian coordinates (on all grids)
        CartGrid3D::SpatialCoordinates: Set up spatial 3D Cartesian coordinates on the GH
        IOASCII::IOASCII_Choose1D: Choose 1D output lines
        IOASCII::IOASCII_Choose2D: Choose 2D output planes
        PUGH::PUGH_Report: Report on PUGH set up
      [CCTK_RECOVER_VARIABLES]
      [CCTK_POST_RECOVER_VARIABLES]
    endif
    if (checkpoint initial data)
      [CCTK_CPINITIAL]
    endif
    if (analysis)
      [CCTK_ANALYSIS]
  endif
  Output grid variables

  do loop over timesteps
    [CCTK_PREREGRID]
    Change grid hierarchy
    [CCTK_POSTREGRID]
      CartGrid3D::SpatialCoordinates: Set Coordinates after regridding
    Rotate timelevels
    iteration = iteration+1
    t = t+dt
    [CCTK_PRESTEP]
    [CCTK_EVOL]
    Evolve finer grids recursively
    Restrict from finer grids
    [CCTK_POSTRESTRICT]
    [CCTK_POSTSTEP]
    if (checkpoint)
      [CCTK_CHECKPOINT]
    endif
    if (analysis)
      [CCTK_ANALYSIS]
    endif
    Output grid variables
    enddo

  Termination routines
    [CCTK_TERMINATE]
      PUGH::Driver_Terminate: Termination routine

  Shutdown routines
    [CCTK_SHUTDOWN]

  Routines run after changing the grid hierarchy:
    [CCTK_POSTREGRID]
      CartGrid3D::SpatialCoordinates: Set Coordinates after regridding
--------------------------------------------------------------------------------
INFO (hwloc): library version 2.7.0, API version 0x20500
INFO (SystemTopology): MPI process-to-host mapping:
This is MPI process 0 of 2
MPI hosts:
  0: fv-az661-818
This MPI process runs on host 0 of 1
On this host, this is MPI process 0 of 2
INFO (SystemTopology): Topology support:
Discovery support:
  discovery->pu                            : yes
CPU binding support:
  cpubind->set_thisproc_cpubind            : yes
  cpubind->get_thisproc_cpubind            : yes
  cpubind->set_proc_cpubind                : yes
  cpubind->get_proc_cpubind                : yes
  cpubind->set_thisthread_cpubind          : yes
  cpubind->get_thisthread_cpubind          : yes
  cpubind->set_thread_cpubind              : yes
  cpubind->get_thread_cpubind              : yes
  cpubind->get_thisproc_last_cpu_location  : yes
  cpubind->get_proc_last_cpu_location      : yes
  cpubind->get_thisthread_last_cpu_location: yes
Memory binding support:
  membind->set_thisproc_membind            : no
  membind->get_thisproc_membind            : no
  membind->set_proc_membind                : no
  membind->get_proc_membind                : no
  membind->set_thisthread_membind          : yes
  membind->get_thisthread_membind          : yes
  membind->set_area_membind                : yes
  membind->get_area_membind                : yes
  membind->alloc_membind                   : yes
  membind->firsttouch_membind              : yes
  membind->bind_membind                    : yes
  membind->interleave_membind              : yes
  membind->nexttouch_membind               : no
  membind->migrate_membind                 : yes
INFO (SystemTopology): Hardware objects in this node:
Machine L#0: (P#0, total=16364592KB, DMIProductName="Virtual Machine", DMIProductVersion=7.0, DMIProductUUID=1d8af52a-0334-354a-81e3-cff39533fa53, DMIBoardVendor="Microsoft Corporation", DMIBoardName="Virtual Machine", DMIBoardVersion=7.0, DMIChassisVendor="Microsoft Corporation", DMIChassisType=3, DMIChassisVersion=7.0, DMIChassisAssetTag=7783-7084-3265-9085-8269-3286-77, DMIBIOSVendor="American Megatrends Inc.", DMIBIOSVersion="090008 ", DMIBIOSDate=12/07/2018, DMISysVendor="Microsoft Corporation", Backend=Linux, LinuxCgroup=/system.slice/runner-provisioner.service, OSName=Linux, OSRelease=6.5.0-1025-azure, OSVersion="#26~22.04.1-Ubuntu SMP Thu Jul 11 22:33:04 UTC 2024", HostName=fv-az661-818, Architecture=x86_64, hwlocVersion=2.7.0, ProcessName=cactus_sim)
  Package L#0: (P#0, total=16364592KB, CPUVendor=AuthenticAMD, CPUFamilyNumber=25, CPUModelNumber=1, CPUModel="AMD EPYC 7763 64-Core Processor                ", CPUStepping=1)
    L3Cache L#0: (P#0, size=32768KB, linesize=64, ways=16, Inclusive=0)
      L2Cache L#0: (P#0, size=512KB, linesize=64, ways=8, Inclusive=1)
        L1dCache L#0: (P#0, size=32KB, linesize=64, ways=8, Inclusive=0)
          Core L#0: (P#0)
            PU L#0: (P#0)
            PU L#1: (P#1)
      L2Cache L#1: (P#1, size=512KB, linesize=64, ways=8, Inclusive=1)
        L1dCache L#1: (P#1, size=32KB, linesize=64, ways=8, Inclusive=0)
          Core L#1: (P#1)
            PU L#2: (P#2)
            PU L#3: (P#3)
INFO (SystemTopology): Thread CPU bindings:
  MPI process 0 on host 0 (process 0 of 2 on this host)
    OpenMP thread 0: PU set L#{0-1} P#{0-1}
  MPI process 1 on host 0 (process 1 of 2 on this host)
    OpenMP thread 0: PU set L#{2-3} P#{2-3}
INFO (SystemTopology): Setting thread CPU bindings:
INFO (SystemTopology): Thread CPU bindings:
  MPI process 0 on host 0 (process 0 of 2 on this host)
    OpenMP thread 0: PU set L#{0} P#{0}
  MPI process 1 on host 0 (process 1 of 2 on this host)
    OpenMP thread 0: PU set L#{2} P#{2}
INFO (SystemTopology): Extracting CPU/cache/memory properties:
  There are 2 PUs per core (aka hardware SMT threads)
  There are 1 threads per core (aka SMT threads used)
  Cache (unknown name) has type "data" depth 1
    size 32768 linesize 64 associativity 8 stride 4096, for 2 PUs
  Cache (unknown name) has type "unified" depth 2
    size 524288 linesize 64 associativity 8 stride 65536, for 2 PUs
  Cache (unknown name) has type "unified" depth 3
    size 33554432 linesize 64 associativity 16 stride 2097152, for 4 PUs
INFO (PUGH): Using physical to logical mappings: direct
INFO (PUGH): Using topology generator: automatic
INFO (Vectors): Using vector size 2 for architecture SSE2 (64-bit precision)
--------------------------------------------------------------------------------
Driver provided by PUGH
--------------------------------------------------------------------------------

INFO (PUGH): Not setting up a topology for 1 dimensions
INFO (PUGH): Not setting up a topology for 2 dimensions
INFO (PUGH): Setting up a topology for 3 dimensions
INFO (IOASCII): I/O Method 'IOASCII_1D' registered: output of 1D lines of grid functions/arrays to ASCII files
INFO (IOASCII): Periodic 1D output every 1 iterations
INFO (IOASCII): Periodic 1D output requested for 'GRID::r'
INFO (IOASCII): I/O Method 'IOASCII_2D' registered: output of 2D planes of grid functions/arrays to ASCII files
INFO (IOASCII): Periodic 2D output turned off
INFO (IOASCII): I/O Method 'IOASCII_3D' registered: output of 3D grid functions/arrays to ASCII files
INFO (IOASCII): Periodic 3D output turned off
INFO (MemSpeed): Measuring CPU, cache, memory, and communication speeds:
  Single-core measurements (using 1 MPI processes with 1 OpenMP threads each):
    CPU frequency:
      iterations=1000000... time=0.00126503 sec
      iterations=10000000... time=0.0124933 sec
      iterations=100000000... time=0.124086 sec
      iterations=900000000... time=1.11763 sec
      iterations=900000000... time=0.83613 sec
      result: 6.39425 GHz
    CPU floating point performance:
      iterations=1000000... time=0.00197586 sec
      iterations=10000000... time=0.0197435 sec
      iterations=100000000... time=0.197378 sec
      iterations=600000000... time=1.18428 sec
      result: 16.2124 Gflop/sec
    CPU integer performance:
      iterations=1000000... time=0.00188361 sec
      iterations=10000000... time=0.0185938 sec
      iterations=100000000... time=0.186899 sec
      iterations=600000000... time=1.1167 sec
      result: 8.59678 Giop/sec
    Read latency of D1 cache (for 2 PUs) (using 1*24576 bytes):
      iterations=1000... time=0.000126868 sec
      iterations=10000... time=0.00124712 sec
      iterations=100000... time=0.0123806 sec
      iterations=1000000... time=0.123736 sec
      iterations=9000000... time=1.113 sec
      result: 1.23666 nsec
    Read latency of L2 cache (for 2 PUs) (using 1*393216 bytes):
      iterations=1000... time=0.000499407 sec
      iterations=10000... time=0.004677 sec
      iterations=100000... time=0.0466081 sec
      iterations=1000000... time=0.465856 sec
      iterations=2000000... time=0.928131 sec
      iterations=4000000... time=1.85462 sec
      result: 4.63654 nsec
    Read latency of L3 cache (for 4 PUs) (using 1*25165824 bytes):
      [skipped -- avoiding large-memory benchmarks]
    Read bandwidth of D1 cache (for 2 PUs) (using 1*24576 bytes):
      iterations=1... time=3.81e-07 sec
      iterations=10... time=3.005e-06 sec
      iterations=100... time=3.0167e-05 sec
      iterations=1000... time=0.000251301 sec
      iterations=10000... time=0.00245561 sec
      iterations=100000... time=0.0245049 sec
      iterations=1000000... time=0.243996 sec
      iterations=5000000... time=1.22047 sec
      result: 100.683 GByte/sec
    Read bandwidth of L2 cache (for 2 PUs) (using 1*393216 bytes):
      iterations=1... time=5.65e-06 sec
      iterations=10... time=5.5945e-05 sec
      iterations=100... time=0.000472536 sec
      iterations=1000... time=0.00456912 sec
      iterations=10000... time=0.045999 sec
      iterations=100000... time=0.462378 sec
      iterations=200000... time=0.924221 sec
      iterations=400000... time=1.85203 sec
      result: 84.9265 GByte/sec
    Read bandwidth of L3 cache (for 4 PUs) (using 1*25165824 bytes):
      [skipped -- avoiding large-memory benchmarks]
    Write latency of D1 cache (for 2 PUs) (using 1*24576 bytes):
      iterations=1000... time=3.867e-06 sec
      iterations=10000... time=2.8394e-05 sec
      iterations=100000... time=0.000260458 sec
      iterations=1000000... time=0.00248072 sec
      iterations=10000000... time=0.0247972 sec
      iterations=100000000... time=0.247507 sec
      iterations=400000000... time=0.993093 sec
      iterations=800000000... time=1.98376 sec
      result: 0.309963 nsec
    Write latency of L2 cache (for 2 PUs) (using 1*393216 bytes):
      iterations=1000... time=1.2243e-05 sec
      iterations=10000... time=0.000120506 sec
      iterations=100000... time=0.00106098 sec
      iterations=1000000... time=0.011108 sec
      iterations=10000000... time=0.109078 sec
      iterations=100000000... time=1.08994 sec
      result: 1.36243 nsec
    Write latency of L3 cache (for 4 PUs) (using 1*25165824 bytes):
      [skipped -- avoiding large-memory benchmarks]
    Write bandwidth of D1 cache (for 2 PUs) (using 1*24576 bytes):
      iterations=1... time=4.81e-07 sec
      iterations=10... time=4.469e-06 sec
      iterations=100... time=3.8733e-05 sec
      iterations=1000... time=0.00029354 sec
      iterations=10000... time=0.00261244 sec
      iterations=100000... time=0.0261211 sec
      iterations=1000000... time=0.261554 sec
      iterations=4000000... time=1.04752 sec
      result: 93.8445 GByte/sec
    Write bandwidth of L2 cache (for 2 PUs) (using 1*393216 bytes):
      iterations=1... time=8.356e-06 sec
      iterations=10... time=7.0522e-05 sec
      iterations=100... time=0.000472947 sec
      iterations=1000... time=0.004672 sec
      iterations=10000... time=0.045796 sec
      iterations=100000... time=0.460122 sec
      iterations=200000... time=0.920419 sec
      iterations=400000... time=1.8426 sec
      result: 85.3611 GByte/sec
    Write bandwidth of L3 cache (for 4 PUs) (using 1*25165824 bytes):
      [skipped -- avoiding large-memory benchmarks]
    Stencil code performance of D1 cache (for 2 PUs) (using 1*12^3 grid points, 1*27648 bytes):
      iterations=1... time=4.3312e-05 sec
      iterations=10... time=0.000469511 sec
      iterations=100... time=0.00464747 sec
      iterations=1000... time=0.0464062 sec
      iterations=10000... time=0.464811 sec
      iterations=20000... time=0.932655 sec
      iterations=40000... time=1.86155 sec
      result: 0.0371304 Gupdates/sec
    Stencil code performance of L2 cache (for 2 PUs) (using 1*29^3 grid points, 1*390224 bytes):
      iterations=1... time=0.000151013 sec
      iterations=10... time=0.00160238 sec
      iterations=100... time=0.0159734 sec
      iterations=1000... time=0.160258 sec
      iterations=7000... time=1.12138 sec
      result: 0.152244 Gupdates/sec
    Stencil code performance of L3 cache (for 4 PUs) (using 1*116^3 grid points, 1*24974336 bytes):
      iterations=1... time=0.00402059 sec
      iterations=10... time=0.0397899 sec
      iterations=100... time=0.401071 sec
      iterations=300... time=1.19992 sec
      result: 0.390251 Gupdates/sec
  Single-node measurements (using 2 MPI processes with 1 OpenMP threads each):
    CPU frequency:
      iterations=1000000... time=0.00124517 sec
      iterations=10000000... time=0.0124009 sec
      iterations=100000000... time=0.123859 sec
      iterations=900000000... time=1.11858 sec
      iterations=900000000... time=0.835786 sec
      result: 6.36499 GHz
    CPU floating point performance:
      iterations=1000000... time=0.00196482 sec
      iterations=10000000... time=0.0197481 sec
      iterations=100000000... time=0.197371 sec
      iterations=600000000... time=1.18392 sec
      result: 16.2173 Gflop/sec
    CPU integer performance:
      iterations=1000000... time=0.00187142 sec
      iterations=10000000... time=0.0185669 sec
      iterations=100000000... time=0.185682 sec
      iterations=600000000... time=1.1247 sec
      result: 8.53563 Giop/sec
    Read latency of D1 cache (for 2 PUs) (using 2*24576 bytes):
      iterations=1000... time=0.000128491 sec
      iterations=10000... time=0.00123848 sec
      iterations=100000... time=0.0123713 sec
      iterations=1000000... time=0.123662 sec
      iterations=9000000... time=1.11337 sec
      result: 1.23708 nsec
    Read latency of L2 cache (for 2 PUs) (using 2*393216 bytes):
      iterations=1000... time=0.000470097 sec
      iterations=10000... time=0.00452428 sec
      iterations=100000... time=0.044137 sec
      iterations=1000000... time=0.440999 sec
      iterations=2000000... time=0.9028 sec
      iterations=4000000... time=1.76688 sec
      result: 4.41721 nsec
    Read latency of L3 cache (for 4 PUs) (using 1*25165824 bytes):
      [skipped -- too many MPI processes]
    Read bandwidth of D1 cache (for 2 PUs) (using 2*24576 bytes):
      iterations=1... time=5.16e-07 sec
      iterations=10... time=2.941e-06 sec
      iterations=100... time=3.0477e-05 sec
      iterations=1000... time=0.000251452 sec
      iterations=10000... time=0.00243136 sec
      iterations=100000... time=0.0243586 sec
      iterations=1000000... time=0.243756 sec
      iterations=5000000... time=1.22009 sec
      result: 100.714 GByte/sec
    Read bandwidth of L2 cache (for 2 PUs) (using 2*393216 bytes):
      iterations=1... time=1.20025e-05 sec
      iterations=10... time=8.548e-05 sec
      iterations=100... time=0.000539302 sec
      iterations=1000... time=0.0050727 sec
      iterations=10000... time=0.0498441 sec
      iterations=100000... time=0.486952 sec
      iterations=200000... time=0.972127 sec
      iterations=400000... time=1.94761 sec
      result: 80.7587 GByte/sec
    Read bandwidth of L3 cache (for 4 PUs) (using 1*25165824 bytes):
      [skipped -- too many MPI processes]
    Write latency of D1 cache (for 2 PUs) (using 2*24576 bytes):
      iterations=1000... time=3.777e-06 sec
      iterations=10000... time=3.41235e-05 sec
      iterations=100000... time=0.000260619 sec
      iterations=1000000... time=0.0024799 sec
      iterations=10000000... time=0.0247447 sec
      iterations=100000000... time=0.247476 sec
      iterations=400000000... time=0.99103 sec
      iterations=800000000... time=1.98218 sec
      result: 0.309716 nsec
    Write latency of L2 cache (for 2 PUs) (using 2*393216 bytes):
      iterations=1000... time=2.07835e-05 sec
      iterations=10000... time=0.000172093 sec
      iterations=100000... time=0.00107953 sec
      iterations=1000000... time=0.0107156 sec
      iterations=10000000... time=0.106163 sec
      iterations=100000000... time=1.07034 sec
      result: 1.33792 nsec
    Write latency of L3 cache (for 4 PUs) (using 1*25165824 bytes):
      [skipped -- too many MPI processes]
    Write bandwidth of D1 cache (for 2 PUs) (using 2*24576 bytes):
      iterations=1... time=6.165e-07 sec
      iterations=10... time=4.864e-06 sec
      iterations=100... time=4.1989e-05 sec
      iterations=1000... time=0.000285751 sec
      iterations=10000... time=0.00271197 sec
      iterations=100000... time=0.0277508 sec
      iterations=1000000... time=0.269197 sec
      iterations=4000000... time=1.077 sec
      result: 91.2756 GByte/sec
    Write bandwidth of L2 cache (for 2 PUs) (using 2*393216 bytes):
      iterations=1... time=1.5113e-05 sec
      iterations=10... time=7.74005e-05 sec
      iterations=100... time=0.000526281 sec
      iterations=1000... time=0.00493992 sec
      iterations=10000... time=0.0476878 sec
      iterations=100000... time=0.474173 sec
      iterations=200000... time=0.944754 sec
      iterations=400000... time=1.89064 sec
      result: 83.1922 GByte/sec
    Write bandwidth of L3 cache (for 4 PUs) (using 1*25165824 bytes):
      [skipped -- too many MPI processes]
    Stencil code performance of D1 cache (for 2 PUs) (using 1*12^3 grid points, 1*27648 bytes):
      [skipped -- too many MPI processes]
    Stencil code performance of L2 cache (for 2 PUs) (using 1*29^3 grid points, 1*390224 bytes):
      [skipped -- too many MPI processes]
    Stencil code performance of L3 cache (for 4 PUs) (using 1*116^3 grid points, 1*24974336 bytes):
      [skipped -- too many MPI processes]
  Single-node measurements:
    MPI latency: 626 nsec
    MPI bandwidth: 10.4814 GByte/sec
INFO (Vectors): Testing vectorisation... [errors may result in segfaults]
INFO (Vectors): 375/375 tests passed 
INFO (CartGrid3D): Grid Spacings:
INFO (CartGrid3D): dx=>1.1111111e-01  dy=>1.1111111e-01  dz=>1.1111111e-01
INFO (CartGrid3D): Computational Coordinates:
INFO (CartGrid3D): x=>[-0.500, 0.500]  y=>[-0.500, 0.500]  z=>[-0.500, 0.500]
INFO (CartGrid3D): Indices of Physical Coordinates:
INFO (CartGrid3D): x=>[0,9]  y=>[0,9]  z=>[0,9]
INFO (PUGH): MPI Evolution on 2 processors
INFO (PUGH): 3-dimensional grid functions
INFO (PUGH):   Size: 10 10 10
INFO (PUGH):   Processor topology: 2 x 1 x 1
INFO (PUGH):   Local load: 600   [6 x 10 x 10]
INFO (PUGH):   Maximum load skew: 0.000000
--------------------------------------------------------------------------------
Done.
+ echo Stopping:
Stopping:
+ date
Sat Aug  3 07:59:42 UTC 2024
+ echo Done.
Done.
  Elapsed time: 54.4 s
