/home/runner/simulations/TestJob01_temp_2/output-0000/TEST/sim/CanudaX_BSSNMoL
Preparing:
+ set -e
+ cd output-0000-active
+ echo Checking:
Checking:
+ pwd
/home/runner/simulations/TestJob01_temp_2/output-0000/TEST/sim/CanudaX_BSSNMoL/output-0000-active
+ hostname
runnervm35a4x
+ date
Fri Apr 10 22:50:29 UTC 2026
+ echo Environment:
Environment:
+ export CACTUS_NUM_PROCS=2
+ CACTUS_NUM_PROCS=2
+ export CACTUS_NUM_THREADS=1
+ CACTUS_NUM_THREADS=1
+ export GMON_OUT_PREFIX=gmon.out
+ GMON_OUT_PREFIX=gmon.out
+ export OMP_NUM_THREADS=1
+ OMP_NUM_THREADS=1
+ env
+ sort
+ echo Starting:
Starting:
++ date +%s
+ export CACTUS_STARTTIME=1775861429
+ CACTUS_STARTTIME=1775861429
+ '[' 2 = 1 ']'
+ mpirun -np 2 /home/runner/simulations/TestJob01_temp_2/SIMFACTORY/exe/cactus_sim -L 3 /home/runner/simulations/TestJob01_temp_2/output-0000/arrangements/CanudaX/CanudaX_BSSNMoL/test/gaugewave.par
INFO (Cactus): Increased logging level from 0 to 3
--------------------------------------------------------------------------------

       10                                  
  1   0101       ************************  
  01  1010 10      The Cactus Code V4.18.0    
 1010 1101 011      www.cactuscode.org     
  1001 100101    ************************  
    00010101                               
     100011     (c) Copyright The Authors  
      0100      GNU Licensed. No Warranty  
      0101                                 
--------------------------------------------------------------------------------

Cactus version:    4.18.0
Compile date:      Apr 10 2026 (22:27:50)
Run date:          Apr 10 2026 (22:50:30+0000)
Run host:          runnervm35a4x.ne02jlwbml0ehokqdifvkp3bbf.yx.internal.cloudapp.net (pid=144207)
Working directory: /home/runner/simulations/TestJob01_temp_2/output-0000/TEST/sim/CanudaX_BSSNMoL
Executable:        /home/runner/simulations/TestJob01_temp_2/SIMFACTORY/exe/cactus_sim
Parameter file:    /home/runner/simulations/TestJob01_temp_2/output-0000/arrangements/CanudaX/CanudaX_BSSNMoL/test/gaugewave.par
--------------------------------------------------------------------------------

Activating thorn Cactus...Success -> active implementation Cactus
Activation requested for 
--->ADMBaseX CanudaX_BSSNMoL CanudaX_ExactID CarpetX IOUtil ODESolvers TmunuBaseX<---
Thorn ADMBaseX requests automatic activation of Loop
Thorn CarpetX requests automatic activation of AMReX
Thorn CarpetX requests automatic activation of MPI
Thorn CarpetX requests automatic activation of yaml_cpp
Thorn CarpetX requests automatic activation of zlib
Thorn CarpetX requests automatic activation of Arith
Thorn CarpetX requests automatic activation of CarpetXRegrid
Thorn CarpetX requests automatic activation of ADIOS2
Thorn CarpetX requests automatic activation of openPMD
Thorn CarpetX requests automatic activation of Silo
Thorn ADIOS2 requests automatic activation of CMake
Thorn Arith requests automatic activation of NSIMD
Thorn MPI requests automatic activation of hwloc
Thorn openPMD requests automatic activation of HDF5
Activating thorn ADIOS2...Success -> active implementation ADIOS2
Activating thorn ADMBaseX...Success -> active implementation ADMBaseX
Activating thorn AMReX...Success -> active implementation AMReX
Activating thorn Arith...Success -> active implementation Arith
Activating thorn CanudaX_BSSNMoL...Success -> active implementation CanudaX_BSSNMoL
Activating thorn CanudaX_ExactID...Success -> active implementation CanudaX_ExactID
Activating thorn CarpetX...Success -> active implementation Driver
Activating thorn CarpetXRegrid...Success -> active implementation CarpetXRegrid
Activating thorn CMake...Success -> active implementation CMake
Activating thorn HDF5...Success -> active implementation HDF5
Activating thorn hwloc...Success -> active implementation hwloc
Activating thorn IOUtil...Success -> active implementation IO
Activating thorn Loop...Success -> active implementation Loop
Activating thorn MPI...Success -> active implementation MPI
Activating thorn NSIMD...Success -> active implementation NSIMD
Activating thorn ODESolvers...Success -> active implementation ODESolvers
Activating thorn openPMD...Success -> active implementation openPMD
Activating thorn Silo...Success -> active implementation Silo
Activating thorn TmunuBaseX...Success -> active implementation TmunuBaseX
Activating thorn yaml_cpp...Success -> active implementation yaml_cpp
Activating thorn zlib...Success -> active implementation zlib
--------------------------------------------------------------------------------
  if (recover initial data)
    Recover parameters
  endif

  Startup routines
    [CCTK_STARTUP]
      CarpetX::Driver_Startup: Start up the driver
      IOUtil::IOUtil_Startup: Startup routine
      GROUP hwloc_startup: hwloc startup group
        hwloc::hwloc_version: Output hwloc version

  Startup routines which need an existing grid hierarchy
    [CCTK_WRAGH]
      Arith::Test_smallvector: [meta] Test small vectors
      Arith::Test_spvect: [meta] Test sparse vectors
      ODESolvers::ODESolvers_InitConstants: [global] Set up dummy loop counters for schedule printout
  Parameter checking routines
    [CCTK_PARAMCHECK]
      CanudaX_BSSNMoL::CanudaX_BSSNMoL_paramcheck: Check CanudaX_BSSNMoL parameters for consistency

  Initialisation
    if (NOT (recover initial data AND recovery_mode is 'strict'))
      [CCTK_PREREGRIDINITIAL]
      Set up grid hierarchy
      [CCTK_POSTREGRIDINITIAL]
      [CCTK_BASEGRID]
        CarpetXRegrid::CarpetXRegrid_InitError: Initialize regridding error to zero
        GROUP ODESolvers_BaseGrid: Set up constants (e.g. coordinates) everywhere on the grid
      [CCTK_INITIAL]
        GROUP TmunuBaseX_SetTmunuVars: Schedule group for setting T_munu
          TmunuBaseX::TmunuBaseX_ZeroTmunu: Set T_munu to zero
          GROUP TmunuBaseX_AddToTmunu: Add to T_munu here
        GROUP ODESolvers_Initial: Set up initial conditions on interior of state vector
          GROUP ADMBaseX_InitialData: Schedule group for calculating ADM initial data
            GROUP CanudaX_ExactIDGroup: CanudaX_ExactID group for setting up initial data
              CanudaX_ExactID::CanudaX_ExactID_GaugeWave: [local] Create gauge wave initial data
          GROUP ADMBaseX_InitialGauge: Schedule group for the ADM initial gauge condition
            ADMBaseX::ADMBaseX_initial_dtlapse: Set dtlapse to zero
            ADMBaseX::ADMBaseX_initial_dtshift: Set dtshift to zero
          GROUP ADMBaseX_PostInitial: Schedule group for modifying the ADM initial data, such as e.g. adding noise
        GROUP CanudaX_BSSNMoL_InitialGroup: CanudaX_BSSNMoL: initial bin
          CanudaX_BSSNMoL::CanudaX_BSSNMoL_adm2bssn: [local] Convert initial data into BSSN variables
          CanudaX_BSSNMoL::CanudaX_BSSNMoL_gammat: [local] Set Gammat initial data
      [CCTK_POSTINITIAL]
        GROUP ODESolvers_PostStep: Apply boundary conditions to state vector, and project if necessary
          GROUP CanudaX_BSSNMoL_PostStepGroup: CanudaX_BSSNMoL: post-step operations
            CanudaX_BSSNMoL::CanudaX_BSSNMoL_impose_conf_fac_floor: Make sure conformal factor does not drop below specified value
            CanudaX_BSSNMoL::CanudaX_BSSNMoL_reset_detmetric: reset dethh = 1
            CanudaX_BSSNMoL::CanudaX_BSSNMoL_remove_trA: Remove trace of A
            CanudaX_BSSNMoL::CanudaX_BSSNMoL_sync: [global] Sync state vector
            CanudaX_BSSNMoL::CanudaX_BSSNMoL_bssn2adm: [local] Convert variables back to the ADM ones
          GROUP ADMBaseX_SetADMRHS: Set ADM RHS variables in this group
          GROUP ADMBaseX_SetADMVars: Set ADM variables in this group
          GROUP TmunuBaseX_SetTmunuVars: Schedule group for setting T_munu
            TmunuBaseX::TmunuBaseX_ZeroTmunu: Set T_munu to zero
            GROUP TmunuBaseX_AddToTmunu: Add to T_munu here
        GROUP ODESolvers_EstimateError: Estimate discretization error (for regridding)
      Initialise finer grids recursively
      Restrict from finer grids
      [CCTK_POSTRESTRICTINITIAL]
      [CCTK_POSTPOSTINITIAL]
      [CCTK_POSTSTEP]
        GROUP ODESolvers_EstimateError: Estimate discretization error (for regridding)
    endif
    if (recover initial data)
      [CCTK_BASEGRID]
        CarpetXRegrid::CarpetXRegrid_InitError: Initialize regridding error to zero
        GROUP ODESolvers_BaseGrid: Set up constants (e.g. coordinates) everywhere on the grid
      [CCTK_RECOVER_VARIABLES]
      [CCTK_POST_RECOVER_VARIABLES]
        GROUP ODESolvers_PostStep: Apply boundary conditions to state vector, and project if necessary
          GROUP CanudaX_BSSNMoL_PostStepGroup: CanudaX_BSSNMoL: post-step operations
            CanudaX_BSSNMoL::CanudaX_BSSNMoL_impose_conf_fac_floor: Make sure conformal factor does not drop below specified value
            CanudaX_BSSNMoL::CanudaX_BSSNMoL_reset_detmetric: reset dethh = 1
            CanudaX_BSSNMoL::CanudaX_BSSNMoL_remove_trA: Remove trace of A
            CanudaX_BSSNMoL::CanudaX_BSSNMoL_sync: [global] Sync state vector
            CanudaX_BSSNMoL::CanudaX_BSSNMoL_bssn2adm: [local] Convert variables back to the ADM ones
          GROUP ADMBaseX_SetADMRHS: Set ADM RHS variables in this group
          GROUP ADMBaseX_SetADMVars: Set ADM variables in this group
          GROUP TmunuBaseX_SetTmunuVars: Schedule group for setting T_munu
            TmunuBaseX::TmunuBaseX_ZeroTmunu: Set T_munu to zero
            GROUP TmunuBaseX_AddToTmunu: Add to T_munu here
        GROUP ODESolvers_EstimateError: Estimate discretization error (for regridding)
    endif
    if (checkpoint initial data)
      [CCTK_CPINITIAL]
        CarpetX::CarpetX_CheckpointInitial: [meta] Checkpoint initial conditions
    endif
    if (analysis)
      [CCTK_ANALYSIS]
        CanudaX_BSSNMoL::CanudaX_BSSNMoL_bssn_constraints: Compute constraints
        GROUP ODESolvers_Analysis: Calculate analysis quantities everywhere
  endif
  Output grid variables

  do loop over timesteps
    [CCTK_PREREGRID]
    Change grid hierarchy
    [CCTK_POSTREGRID]
      GROUP ODESolvers_PostStep: Apply boundary conditions to state vector, and project if necessary
        GROUP CanudaX_BSSNMoL_PostStepGroup: CanudaX_BSSNMoL: post-step operations
          CanudaX_BSSNMoL::CanudaX_BSSNMoL_impose_conf_fac_floor: Make sure conformal factor does not drop below specified value
          CanudaX_BSSNMoL::CanudaX_BSSNMoL_reset_detmetric: reset dethh = 1
          CanudaX_BSSNMoL::CanudaX_BSSNMoL_remove_trA: Remove trace of A
          CanudaX_BSSNMoL::CanudaX_BSSNMoL_sync: [global] Sync state vector
          CanudaX_BSSNMoL::CanudaX_BSSNMoL_bssn2adm: [local] Convert variables back to the ADM ones
        GROUP ADMBaseX_SetADMRHS: Set ADM RHS variables in this group
        GROUP ADMBaseX_SetADMVars: Set ADM variables in this group
        GROUP TmunuBaseX_SetTmunuVars: Schedule group for setting T_munu
          TmunuBaseX::TmunuBaseX_ZeroTmunu: Set T_munu to zero
          GROUP TmunuBaseX_AddToTmunu: Add to T_munu here
    Rotate timelevels
    iteration = iteration+1
    t = t+dt
    [CCTK_PRESTEP]
    [CCTK_EVOL]
      ODESolvers::ODESolvers_Solve: [level] Solve ODEs
      while (ODESolvers::do_substeps)
        GROUP ODESolvers_CalledBySolve: Groups internally scheduled by ODESolvers_Solve
          GROUP ODESolvers_RHS: Evaluate the RHS for of state vector everywhere on the grid
            GROUP CanudaX_BSSNMoL_RHSGroup: CanudaX_BSSNMoL: calculate BSSN RHS
              CanudaX_BSSNMoL::CanudaX_BSSNMoL_calc_bssn_rhs: MoL RHS calculation
              CanudaX_BSSNMoL::CanudaX_BSSNMoL_apply_boundary_conditions: Apply radiative boundary conditions 
          GROUP ODESolvers_PostStep: Apply boundary conditions to state vector, and project if necessary
            GROUP CanudaX_BSSNMoL_PostStepGroup: CanudaX_BSSNMoL: post-step operations
              CanudaX_BSSNMoL::CanudaX_BSSNMoL_impose_conf_fac_floor: Make sure conformal factor does not drop below specified value
              CanudaX_BSSNMoL::CanudaX_BSSNMoL_reset_detmetric: reset dethh = 1
              CanudaX_BSSNMoL::CanudaX_BSSNMoL_remove_trA: Remove trace of A
              CanudaX_BSSNMoL::CanudaX_BSSNMoL_sync: [global] Sync state vector
              CanudaX_BSSNMoL::CanudaX_BSSNMoL_bssn2adm: [local] Convert variables back to the ADM ones
            GROUP ADMBaseX_SetADMRHS: Set ADM RHS variables in this group
            GROUP ADMBaseX_SetADMVars: Set ADM variables in this group
            GROUP TmunuBaseX_SetTmunuVars: Schedule group for setting T_munu
              TmunuBaseX::TmunuBaseX_ZeroTmunu: Set T_munu to zero
              GROUP TmunuBaseX_AddToTmunu: Add to T_munu here
      end while
    Evolve finer grids recursively
    Restrict from finer grids
    [CCTK_POSTRESTRICT]
      GROUP ODESolvers_PostStep: Apply boundary conditions to state vector, and project if necessary
        GROUP CanudaX_BSSNMoL_PostStepGroup: CanudaX_BSSNMoL: post-step operations
          CanudaX_BSSNMoL::CanudaX_BSSNMoL_impose_conf_fac_floor: Make sure conformal factor does not drop below specified value
          CanudaX_BSSNMoL::CanudaX_BSSNMoL_reset_detmetric: reset dethh = 1
          CanudaX_BSSNMoL::CanudaX_BSSNMoL_remove_trA: Remove trace of A
          CanudaX_BSSNMoL::CanudaX_BSSNMoL_sync: [global] Sync state vector
          CanudaX_BSSNMoL::CanudaX_BSSNMoL_bssn2adm: [local] Convert variables back to the ADM ones
        GROUP ADMBaseX_SetADMRHS: Set ADM RHS variables in this group
        GROUP ADMBaseX_SetADMVars: Set ADM variables in this group
        GROUP TmunuBaseX_SetTmunuVars: Schedule group for setting T_munu
          TmunuBaseX::TmunuBaseX_ZeroTmunu: Set T_munu to zero
          GROUP TmunuBaseX_AddToTmunu: Add to T_munu here
    [CCTK_POSTSTEP]
      GROUP ODESolvers_EstimateError: Estimate discretization error (for regridding)
    if (checkpoint)
      [CCTK_CHECKPOINT]
      CarpetX::CarpetX_Checkpoint: [meta] Checkpoint
    endif
    if (analysis)
      [CCTK_ANALYSIS]
      CanudaX_BSSNMoL::CanudaX_BSSNMoL_bssn_constraints: Compute constraints
      GROUP ODESolvers_Analysis: Calculate analysis quantities everywhere
    endif
    Output grid variables
    enddo

  Termination routines
    [CCTK_TERMINATE]
      CarpetX::CarpetX_CheckpointTerminate: [meta] Checkpoint before terminating

  Shutdown routines
    [CCTK_SHUTDOWN]
      CarpetX::Driver_Shutdown: [meta] Shut down the driver

  Routines run after changing the grid hierarchy:
    [CCTK_POSTREGRID]
      GROUP ODESolvers_PostStep: Apply boundary conditions to state vector, and project if necessary
        GROUP CanudaX_BSSNMoL_PostStepGroup: CanudaX_BSSNMoL: post-step operations
          CanudaX_BSSNMoL::CanudaX_BSSNMoL_impose_conf_fac_floor: Make sure conformal factor does not drop below specified value
          CanudaX_BSSNMoL::CanudaX_BSSNMoL_reset_detmetric: reset dethh = 1
          CanudaX_BSSNMoL::CanudaX_BSSNMoL_remove_trA: Remove trace of A
          CanudaX_BSSNMoL::CanudaX_BSSNMoL_sync: [global] Sync state vector
          CanudaX_BSSNMoL::CanudaX_BSSNMoL_bssn2adm: [local] Convert variables back to the ADM ones
        GROUP ADMBaseX_SetADMRHS: Set ADM RHS variables in this group
        GROUP ADMBaseX_SetADMVars: Set ADM variables in this group
        GROUP TmunuBaseX_SetTmunuVars: Schedule group for setting T_munu
          TmunuBaseX::TmunuBaseX_ZeroTmunu: Set T_munu to zero
          GROUP TmunuBaseX_AddToTmunu: Add to T_munu here
--------------------------------------------------------------------------------
INFO (hwloc): library version 2.10.0, API version 0x20800
--------------------------------------------------------------------------------

  [34m  ▕▏  [34m  ▕▏  [34m  ▕▏  [34m  ▕▏  [34m  ▕▏  [34m  ▕▏  [34m  ▕▏  [34m  ▕▏  [34m  ▕▏  [39m  
  [34m──██──[34m──██──[34m──██──[34m──██──[34m──██──[34m──██──[34m──██──[34m──██──[34m──██──[39m  
  [34m  ▕▏  [34m  ▕▏  [34m  ▕▏  [34m  ▕▏  [34m  ▕▏  [34m  ▕▏  [34m  ▕▏  [34m  ▕▏  [34m  ▕▏  [39m  
  [34m  ▕▏  [32m██████[34m  ▕▏  [34m  ▕▏  [32m██████[34m  ▕▏  [34m  ▕▏  [32m██████[34m  ▕▏  [39m  
  [34m──██──[32m██████[34m──██──[34m──██──[32m██████[34m──██──[34m──██──[32m██████[34m──██──[39m  
  [34m  ▕▏  [32m██████[34m  ▕▏  [34m  ▕▏  [32m██████[34m  ▕▏  [34m  ▕▏  [32m██████[34m  ▕▏  [39m  
  [34m  ▕▏  [34m  ▕▏  [34m  ▕▏  [34m  ▕▏  [34m  ▕▏  [34m  ▕▏  [34m  ▕▏  [34m  ▕▏  [34m  ▕▏  [39m  
  [34m──██──[34m──██──[34m──██──[34m──██──[34m──██──[34m──██──[34m──██──[34m──██──[34m──██──[39m  
  [34m  ▕▏  [34m  ▕▏  [34m  ▕▏  [34m  ▕▏  [34m  ▕▏  [34m  ▕▏  [34m  ▕▏  [34m  ▕▏  [34m  ▕▏  [39m  
  [34m  ▕▏  [34m  ▕▏  [34m  ▕▏  [31m██████[31m██████[31m██████[34m  ▕▏  [34m  ▕▏  [34m  ▕▏  [39m  
  [34m──██──[34m──██──[34m──██──[31m██████[31m██████[31m██████[34m──██──[34m──██──[34m──██──[39m  
  [34m  ▕▏  [34m  ▕▏  [34m  ▕▏  [31m██████[31m██████[31m██████[34m  ▕▏  [34m  ▕▏  [34m  ▕▏  [39m  
  [34m  ▕▏  [32m██████[34m  ▕▏  [31m██████[31m██████[31m██████[34m  ▕▏  [32m██████[34m  ▕▏  [39m  
  [34m──██──[32m██████[34m──██──[31m██████[31m██████[31m██████[34m──██──[32m██████[34m──██──[39m  
  [34m  ▕▏  [32m██████[34m  ▕▏  [31m██████[31m██████[31m██████[34m  ▕▏  [32m██████[34m  ▕▏  [39m  
  [34m  ▕▏  [34m  ▕▏  [34m  ▕▏  [31m██████[31m██████[31m██████[34m  ▕▏  [34m  ▕▏  [34m  ▕▏  [39m  
  [34m──██──[34m──██──[34m──██──[31m██████[31m██████[31m██████[34m──██──[34m──██──[34m──██──[39m  
  [34m  ▕▏  [34m  ▕▏  [34m  ▕▏  [31m██████[31m██████[31m██████[34m  ▕▏  [34m  ▕▏  [34m  ▕▏  [39m  
  [34m  ▕▏  [34m  ▕▏  [34m  ▕▏  [34m  ▕▏  [34m  ▕▏  [34m  ▕▏  [34m  ▕▏  [34m  ▕▏  [34m  ▕▏  [39m  
  [34m──██──[34m──██──[34m──██──[34m──██──[34m──██──[34m──██──[34m──██──[34m──██──[34m──██──[39m  
  [34m  ▕▏  [34m  ▕▏  [34m  ▕▏  [34m  ▕▏  [34m  ▕▏  [34m  ▕▏  [34m  ▕▏  [34m  ▕▏  [34m  ▕▏  [39m  
  [34m  ▕▏  [32m██████[34m  ▕▏  [34m  ▕▏  [32m██████[34m  ▕▏  [34m  ▕▏  [32m██████[34m  ▕▏  [39m  
  [34m──██──[32m██████[34m──██──[34m──██──[32m██████[34m──██──[34m──██──[32m██████[34m──██──[39m  
  [34m  ▕▏  [32m██████[34m  ▕▏  [34m  ▕▏  [32m██████[34m  ▕▏  [34m  ▕▏  [32m██████[34m  ▕▏  [39m  
  [34m  ▕▏  [34m  ▕▏  [34m  ▕▏  [34m  ▕▏  [34m  ▕▏  [34m  ▕▏  [34m  ▕▏  [34m  ▕▏  [34m  ▕▏  [39m  
  [34m──██──[34m──██──[34m──██──[34m──██──[34m──██──[34m──██──[34m──██──[34m──██──[34m──██──[39m  
  [34m  ▕▏  [34m  ▕▏  [34m  ▕▏  [34m  ▕▏  [34m  ▕▏  [34m  ▕▏  [34m  ▕▏  [34m  ▕▏  [34m  ▕▏  [39m  

AMR driver provided by CarpetX,
using AMReX 25.11 (MPI, OpenMP, no accelerators, debug)
--------------------------------------------------------------------------------

Initializing AMReX (25.11)...
MPI initialized with 2 MPI processes
MPI initialized with thread support level 2
OMP initialized with 1 OMP threads
AMReX (25.11) initialized
INFO (CarpetX): 
Symmetries:
  lower x: periodic
  lower y: periodic
  lower z: periodic
  upper x: periodic
  upper y: periodic
  upper z: periodic
Default boundaries:
  lower x: symmetry_boundary
  lower y: symmetry_boundary
  lower z: symmetry_boundary
  upper x: symmetry_boundary
  upper y: symmetry_boundary
  upper z: symmetry_boundary
INFO (Arith): Test_smallvector
INFO (Arith): Test_spvect
INFO (CarpetX): Setting initial values for max_grid_size values for all levels
INFO (CarpetX): Setting up initial conditions...
INFO (CarpetX): Iteration: 0   time: 0   delta_time: 0.00390625
INFO (CarpetX): Patch 0:
INFO (CarpetX):   Grid extent:
INFO (CarpetX):     gsh=[71,15,15]
INFO (CarpetX):     blocking_factor=[8,8,8]
INFO (CarpetX):     max_grid_size=[10000000,10000000,10000000]
INFO (CarpetX):     max_tile_size=[1024000,16,32]
INFO (CarpetX):   Domain extent:
INFO (CarpetX):     xmin=[-0.5,-0.0625,-0.0625]
INFO (CarpetX):     xmax=[0.5,0.0625,0.0625]
INFO (CarpetX):     base dx=[0.015625,0.015625,0.015625]
INFO (CarpetX): Initializing level 0...
INFO (CanudaX_ExactID): Begin Gauge Wave initial data
INFO (CanudaX_ExactID): === End gauge wave initial data ===
INFO (CarpetX): Regridding...
INFO (CarpetX):   level 0: 2 boxes, 4096 cells (100%)
INFO (CarpetX): Initialized 1 levels
INFO (CarpetX): OutputGH: iteration 0, time 0.000000, run time 1 s
INFO (CarpetX): OutputGH done.
INFO (CarpetX): Starting evolution...
INFO (ODESolvers): ODE integrator is RK4
INFO (CarpetX): OutputGH: iteration 1, time 0.003906, run time 1 s
INFO (CarpetX): OutputGH done.
INFO (CarpetX): Simulation time: 0.00390625   Iterations per second: 23.7434   Simulation time per second: 0.0927478
INFO (CarpetX): Grid cells: 4096   Grid cell updates per second: 97253.2
INFO (CarpetX): Performance:
INFO (CarpetX):   total evolution time:            0.0421169 sec
INFO (CarpetX):   total evolution compute time:    0.0420809 sec
INFO (CarpetX):   total evolution output time:     3.60012e-05 sec
INFO (CarpetX):   total iterations:                1
INFO (CarpetX):   total cells updated:             4096
INFO (CarpetX):   average iterations per second: 23.7434
INFO (CarpetX):   average cell updates per second: 97253.2
INFO (CarpetX): OutputGH: iteration 2, time 0.007812, run time 1 s
INFO (CarpetX): OutputGH done.
INFO (CarpetX): Simulation time: 0.0078125   Iterations per second: 24.5535   Simulation time per second: 0.0959121
INFO (CarpetX): Grid cells: 4096   Grid cell updates per second: 100571
INFO (CarpetX): Performance:
INFO (CarpetX):   total evolution time:            0.0814548 sec
INFO (CarpetX):   total evolution compute time:    0.0813746 sec
INFO (CarpetX):   total evolution output time:     8.01086e-05 sec
INFO (CarpetX):   total iterations:                2
INFO (CarpetX):   total cells updated:             8192
INFO (CarpetX):   average iterations per second: 24.5535
INFO (CarpetX):   average cell updates per second: 100571
INFO (CarpetX): OutputGH: iteration 3, time 0.011719, run time 1 s
INFO (CarpetX): OutputGH done.
INFO (CarpetX): Simulation time: 0.0117188   Iterations per second: 25.115   Simulation time per second: 0.0981054
INFO (CarpetX): Grid cells: 4096   Grid cell updates per second: 102871
INFO (CarpetX): Performance:
INFO (CarpetX):   total evolution time:            0.119451 sec
INFO (CarpetX):   total evolution compute time:    0.119332 sec
INFO (CarpetX):   total evolution output time:     0.000118971 sec
INFO (CarpetX):   total iterations:                3
INFO (CarpetX):   total cells updated:             12288
INFO (CarpetX):   average iterations per second: 25.115
INFO (CarpetX):   average cell updates per second: 102871
INFO (CarpetX): OutputGH: iteration 4, time 0.015625, run time 2 s
INFO (CarpetX): OutputGH done.
INFO (CarpetX): Simulation time: 0.015625   Iterations per second: 25.2946   Simulation time per second: 0.098807
INFO (CarpetX): Grid cells: 4096   Grid cell updates per second: 103607
INFO (CarpetX): Performance:
INFO (CarpetX):   total evolution time:            0.158137 sec
INFO (CarpetX):   total evolution compute time:    0.157979 sec
INFO (CarpetX):   total evolution output time:     0.000158072 sec
INFO (CarpetX):   total iterations:                4
INFO (CarpetX):   total cells updated:             16384
INFO (CarpetX):   average iterations per second: 25.2946
INFO (CarpetX):   average cell updates per second: 103607
INFO (CarpetX): OutputGH: iteration 5, time 0.019531, run time 2 s
INFO (CarpetX): OutputGH done.
INFO (CarpetX): Simulation time: 0.0195312   Iterations per second: 25.3917   Simulation time per second: 0.0991864
INFO (CarpetX): Grid cells: 4096   Grid cell updates per second: 104004
INFO (CarpetX): Performance:
INFO (CarpetX):   total evolution time:            0.196915 sec
INFO (CarpetX):   total evolution compute time:    0.196722 sec
INFO (CarpetX):   total evolution output time:     0.000193119 sec
INFO (CarpetX):   total iterations:                5
INFO (CarpetX):   total cells updated:             20480
INFO (CarpetX):   average iterations per second: 25.3917
INFO (CarpetX):   average cell updates per second: 104004
INFO (CarpetX): OutputGH: iteration 6, time 0.023438, run time 2 s
INFO (CarpetX): OutputGH done.
INFO (CarpetX): Simulation time: 0.0234375   Iterations per second: 25.454   Simulation time per second: 0.0994295
INFO (CarpetX): Grid cells: 4096   Grid cell updates per second: 104259
INFO (CarpetX): Performance:
INFO (CarpetX):   total evolution time:            0.23572 sec
INFO (CarpetX):   total evolution compute time:    0.235487 sec
INFO (CarpetX):   total evolution output time:     0.000233173 sec
INFO (CarpetX):   total iterations:                6
INFO (CarpetX):   total cells updated:             24576
INFO (CarpetX):   average iterations per second: 25.454
INFO (CarpetX):   average cell updates per second: 104259
INFO (CarpetX): OutputGH: iteration 7, time 0.027344, run time 2 s
INFO (CarpetX): OutputGH done.
INFO (CarpetX): Simulation time: 0.0273438   Iterations per second: 25.5225   Simulation time per second: 0.0996973
INFO (CarpetX): Grid cells: 4096   Grid cell updates per second: 104540
INFO (CarpetX): Performance:
INFO (CarpetX):   total evolution time:            0.274268 sec
INFO (CarpetX):   total evolution compute time:    0.273997 sec
INFO (CarpetX):   total evolution output time:     0.000270367 sec
INFO (CarpetX):   total iterations:                7
INFO (CarpetX):   total cells updated:             28672
INFO (CarpetX):   average iterations per second: 25.5225
INFO (CarpetX):   average cell updates per second: 104540
INFO (CarpetX): OutputGH: iteration 8, time 0.031250, run time 2 s
INFO (CarpetX): OutputGH done.
INFO (CarpetX): Simulation time: 0.03125   Iterations per second: 25.5325   Simulation time per second: 0.0997365
INFO (CarpetX): Grid cells: 4096   Grid cell updates per second: 104581
INFO (CarpetX): Performance:
INFO (CarpetX):   total evolution time:            0.313326 sec
INFO (CarpetX):   total evolution compute time:    0.313019 sec
INFO (CarpetX):   total evolution output time:     0.000306368 sec
INFO (CarpetX):   total iterations:                8
INFO (CarpetX):   total cells updated:             32768
INFO (CarpetX):   average iterations per second: 25.5325
INFO (CarpetX):   average cell updates per second: 104581
INFO (CarpetX): OutputGH: iteration 9, time 0.035156, run time 2 s
INFO (CarpetX): OutputGH done.
INFO (CarpetX): Simulation time: 0.0351562   Iterations per second: 25.4969   Simulation time per second: 0.0995971
INFO (CarpetX): Grid cells: 4096   Grid cell updates per second: 104435
INFO (CarpetX): Performance:
INFO (CarpetX):   total evolution time:            0.352985 sec
INFO (CarpetX):   total evolution compute time:    0.352644 sec
INFO (CarpetX):   total evolution output time:     0.000340223 sec
INFO (CarpetX):   total iterations:                9
INFO (CarpetX):   total cells updated:             36864
INFO (CarpetX):   average iterations per second: 25.4969
INFO (CarpetX):   average cell updates per second: 104435
INFO (CarpetX): OutputGH: iteration 10, time 0.039062, run time 2 s
INFO (CarpetX): OutputGH done.
INFO (CarpetX): Simulation time: 0.0390625   Iterations per second: 25.5497   Simulation time per second: 0.0998034
INFO (CarpetX): Grid cells: 4096   Grid cell updates per second: 104651
INFO (CarpetX): Performance:
INFO (CarpetX):   total evolution time:            0.391395 sec
INFO (CarpetX):   total evolution compute time:    0.391013 sec
INFO (CarpetX):   total evolution output time:     0.000381231 sec
INFO (CarpetX):   total iterations:                10
INFO (CarpetX):   total cells updated:             40960
INFO (CarpetX):   average iterations per second: 25.5497
INFO (CarpetX):   average cell updates per second: 104651
INFO (CarpetX): OutputGH: iteration 11, time 0.042969, run time 2 s
INFO (CarpetX): OutputGH done.
INFO (CarpetX): Simulation time: 0.0429688   Iterations per second: 25.555   Simulation time per second: 0.0998244
INFO (CarpetX): Grid cells: 4096   Grid cell updates per second: 104673
INFO (CarpetX): Performance:
INFO (CarpetX):   total evolution time:            0.430452 sec
INFO (CarpetX):   total evolution compute time:    0.43003 sec
INFO (CarpetX):   total evolution output time:     0.000421286 sec
INFO (CarpetX):   total iterations:                11
INFO (CarpetX):   total cells updated:             45056
INFO (CarpetX):   average iterations per second: 25.5546
INFO (CarpetX):   average cell updates per second: 104671
INFO (CarpetX): OutputGH: iteration 12, time 0.046875, run time 2 s
INFO (CarpetX): OutputGH done.
INFO (CarpetX): Simulation time: 0.046875   Iterations per second: 24.1534   Simulation time per second: 0.0943493
INFO (CarpetX): Grid cells: 4096   Grid cell updates per second: 98932.5
INFO (CarpetX): Performance:
INFO (CarpetX):   total evolution time:            0.49229 sec
INFO (CarpetX):   total evolution compute time:    0.491707 sec
INFO (CarpetX):   total evolution output time:     0.00058341 sec
INFO (CarpetX):   total iterations:                12
INFO (CarpetX):   total cells updated:             49152
INFO (CarpetX):   average iterations per second: 24.3759
INFO (CarpetX):   average cell updates per second: 99843.5
INFO (CarpetX): OutputGH: iteration 13, time 0.050781, run time 2 s
INFO (CarpetX): OutputGH done.
INFO (CarpetX): Simulation time: 0.0507812   Iterations per second: 22.8514   Simulation time per second: 0.0892633
INFO (CarpetX): Grid cells: 4096   Grid cell updates per second: 93599.4
INFO (CarpetX): Performance:
INFO (CarpetX):   total evolution time:            0.557282 sec
INFO (CarpetX):   total evolution compute time:    0.556658 sec
INFO (CarpetX):   total evolution output time:     0.000624418 sec
INFO (CarpetX):   total iterations:                13
INFO (CarpetX):   total cells updated:             53248
INFO (CarpetX):   average iterations per second: 23.3275
INFO (CarpetX):   average cell updates per second: 95549.4
INFO (CarpetX): OutputGH: iteration 14, time 0.054688, run time 2 s
INFO (CarpetX): OutputGH done.
INFO (CarpetX): Simulation time: 0.0546875   Iterations per second: 23.1077   Simulation time per second: 0.0902645
INFO (CarpetX): Grid cells: 4096   Grid cell updates per second: 94649.2
INFO (CarpetX): Performance:
INFO (CarpetX):   total evolution time:            0.596189 sec
INFO (CarpetX):   total evolution compute time:    0.595528 sec
INFO (CarpetX):   total evolution output time:     0.000661612 sec
INFO (CarpetX):   total iterations:                14
INFO (CarpetX):   total cells updated:             57344
INFO (CarpetX):   average iterations per second: 23.4825
INFO (CarpetX):   average cell updates per second: 96184.2
INFO (CarpetX): OutputGH: iteration 15, time 0.058594, run time 2 s
INFO (CarpetX): OutputGH done.
INFO (CarpetX): Simulation time: 0.0585938   Iterations per second: 23.3291   Simulation time per second: 0.0911295
INFO (CarpetX): Grid cells: 4096   Grid cell updates per second: 95556.2
INFO (CarpetX): Performance:
INFO (CarpetX):   total evolution time:            0.635358 sec
INFO (CarpetX):   total evolution compute time:    0.634655 sec
INFO (CarpetX):   total evolution output time:     0.00070262 sec
INFO (CarpetX):   total iterations:                15
INFO (CarpetX):   total cells updated:             61440
INFO (CarpetX):   average iterations per second: 23.6088
INFO (CarpetX):   average cell updates per second: 96701.4
INFO (CarpetX): OutputGH: iteration 16, time 0.062500, run time 2 s
INFO (CarpetX): OutputGH done.
INFO (CarpetX): Simulation time: 0.0625   Iterations per second: 23.5029   Simulation time per second: 0.0918082
INFO (CarpetX): Grid cells: 4096   Grid cell updates per second: 96267.9
INFO (CarpetX): Performance:
INFO (CarpetX):   total evolution time:            0.675054 sec
INFO (CarpetX):   total evolution compute time:    0.67431 sec
INFO (CarpetX):   total evolution output time:     0.000743628 sec
INFO (CarpetX):   total iterations:                16
INFO (CarpetX):   total cells updated:             65536
INFO (CarpetX):   average iterations per second: 23.7018
INFO (CarpetX):   average cell updates per second: 97082.7
INFO (CarpetX): OutputGH: iteration 17, time 0.066406, run time 2 s
INFO (CarpetX): OutputGH done.
INFO (CarpetX): Simulation time: 0.0664062   Iterations per second: 23.6861   Simulation time per second: 0.092524
INFO (CarpetX): Grid cells: 4096   Grid cell updates per second: 97018.5
INFO (CarpetX): Performance:
INFO (CarpetX):   total evolution time:            0.71431 sec
INFO (CarpetX):   total evolution compute time:    0.713527 sec
INFO (CarpetX):   total evolution output time:     0.000782728 sec
INFO (CarpetX):   total iterations:                17
INFO (CarpetX):   total cells updated:             69632
INFO (CarpetX):   average iterations per second: 23.7992
INFO (CarpetX):   average cell updates per second: 97481.5
INFO (CarpetX): OutputGH: iteration 18, time 0.070312, run time 2 s
INFO (CarpetX): OutputGH done.
INFO (CarpetX): Simulation time: 0.0703125   Iterations per second: 23.8677   Simulation time per second: 0.0932333
INFO (CarpetX): Grid cells: 4096   Grid cell updates per second: 97762.2
INFO (CarpetX): Performance:
INFO (CarpetX):   total evolution time:            0.753317 sec
INFO (CarpetX):   total evolution compute time:    0.752476 sec
INFO (CarpetX):   total evolution output time:     0.000840902 sec
INFO (CarpetX):   total iterations:                18
INFO (CarpetX):   total cells updated:             73728
INFO (CarpetX):   average iterations per second: 23.8943
INFO (CarpetX):   average cell updates per second: 97871.2
INFO (CarpetX): OutputGH: iteration 19, time 0.074219, run time 2 s
INFO (CarpetX): OutputGH done.
INFO (CarpetX): Simulation time: 0.0742188   Iterations per second: 24.086   Simulation time per second: 0.0940858
INFO (CarpetX): Grid cells: 4096   Grid cell updates per second: 98656.1
INFO (CarpetX): Performance:
INFO (CarpetX):   total evolution time:            0.791418 sec
INFO (CarpetX):   total evolution compute time:    0.790539 sec
INFO (CarpetX):   total evolution output time:     0.000879049 sec
INFO (CarpetX):   total iterations:                19
INFO (CarpetX):   total cells updated:             77824
INFO (CarpetX):   average iterations per second: 24.0075
INFO (CarpetX):   average cell updates per second: 98334.9
INFO (CarpetX): OutputGH: iteration 20, time 0.078125, run time 2 s
INFO (CarpetX): OutputGH done.
INFO (CarpetX): Simulation time: 0.078125   Iterations per second: 24.2518   Simulation time per second: 0.0947336
INFO (CarpetX): Grid cells: 4096   Grid cell updates per second: 99335.3
INFO (CarpetX): Performance:
INFO (CarpetX):   total evolution time:            0.830097 sec
INFO (CarpetX):   total evolution compute time:    0.829178 sec
INFO (CarpetX):   total evolution output time:     0.000919104 sec
INFO (CarpetX):   total iterations:                20
INFO (CarpetX):   total cells updated:             81920
INFO (CarpetX):   average iterations per second: 24.0936
INFO (CarpetX):   average cell updates per second: 98687.3
INFO (CarpetX): OutputGH: iteration 21, time 0.082031, run time 2 s
INFO (CarpetX): OutputGH done.
INFO (CarpetX): Simulation time: 0.0820312   Iterations per second: 24.3845   Simulation time per second: 0.0952519
INFO (CarpetX): Grid cells: 4096   Grid cell updates per second: 99878.9
INFO (CarpetX): Performance:
INFO (CarpetX):   total evolution time:            0.869087 sec
INFO (CarpetX):   total evolution compute time:    0.868107 sec
INFO (CarpetX):   total evolution output time:     0.0009799 sec
INFO (CarpetX):   total iterations:                21
INFO (CarpetX):   total cells updated:             86016
INFO (CarpetX):   average iterations per second: 24.1633
INFO (CarpetX):   average cell updates per second: 98972.8
INFO (CarpetX): OutputGH: iteration 22, time 0.085938, run time 2 s
INFO (CarpetX): OutputGH done.
INFO (CarpetX): Simulation time: 0.0859375   Iterations per second: 24.4974   Simulation time per second: 0.0956929
INFO (CarpetX): Grid cells: 4096   Grid cell updates per second: 100341
INFO (CarpetX): Performance:
INFO (CarpetX):   total evolution time:            0.908207 sec
INFO (CarpetX):   total evolution compute time:    0.907189 sec
INFO (CarpetX):   total evolution output time:     0.00101781 sec
INFO (CarpetX):   total iterations:                22
INFO (CarpetX):   total cells updated:             90112
INFO (CarpetX):   average iterations per second: 24.2236
INFO (CarpetX):   average cell updates per second: 99219.7
INFO (CarpetX): OutputGH: iteration 23, time 0.089844, run time 2 s
INFO (CarpetX): OutputGH done.
INFO (CarpetX): Simulation time: 0.0898438   Iterations per second: 24.6894   Simulation time per second: 0.0964432
INFO (CarpetX): Grid cells: 4096   Grid cell updates per second: 101128
INFO (CarpetX): Performance:
INFO (CarpetX):   total evolution time:            0.945852 sec
INFO (CarpetX):   total evolution compute time:    0.944797 sec
INFO (CarpetX):   total evolution output time:     0.00105476 sec
INFO (CarpetX):   total iterations:                23
INFO (CarpetX):   total cells updated:             94208
INFO (CarpetX):   average iterations per second: 24.3167
INFO (CarpetX):   average cell updates per second: 99601.2
INFO (CarpetX): OutputGH: iteration 24, time 0.093750, run time 2 s
INFO (CarpetX): OutputGH done.
INFO (CarpetX): Simulation time: 0.09375   Iterations per second: 24.8563   Simulation time per second: 0.097095
INFO (CarpetX): Grid cells: 4096   Grid cell updates per second: 101811
INFO (CarpetX): Performance:
INFO (CarpetX):   total evolution time:            0.983636 sec
INFO (CarpetX):   total evolution compute time:    0.98254 sec
INFO (CarpetX):   total evolution output time:     0.00109577 sec
INFO (CarpetX):   total iterations:                24
INFO (CarpetX):   total cells updated:             98304
INFO (CarpetX):   average iterations per second: 24.3993
INFO (CarpetX):   average cell updates per second: 99939.4
INFO (CarpetX): OutputGH: iteration 25, time 0.097656, run time 2 s
INFO (CarpetX): OutputGH done.
INFO (CarpetX): Simulation time: 0.0976562   Iterations per second: 24.9723   Simulation time per second: 0.0975482
INFO (CarpetX): Grid cells: 4096   Grid cell updates per second: 102287
INFO (CarpetX): Performance:
INFO (CarpetX):   total evolution time:            1.022 sec
INFO (CarpetX):   total evolution compute time:    1.02087 sec
INFO (CarpetX):   total evolution output time:     0.00112891 sec
INFO (CarpetX):   total iterations:                25
INFO (CarpetX):   total cells updated:             102400
INFO (CarpetX):   average iterations per second: 24.4619
INFO (CarpetX):   average cell updates per second: 100196
INFO (CarpetX): OutputGH: iteration 26, time 0.101562, run time 2 s
INFO (CarpetX): OutputGH done.
INFO (CarpetX): Simulation time: 0.101562   Iterations per second: 25.0935   Simulation time per second: 0.0980214
INFO (CarpetX): Grid cells: 4096   Grid cell updates per second: 102783
INFO (CarpetX): Performance:
INFO (CarpetX):   total evolution time:            1.06011 sec
INFO (CarpetX):   total evolution compute time:    1.05894 sec
INFO (CarpetX):   total evolution output time:     0.00116992 sec
INFO (CarpetX):   total iterations:                26
INFO (CarpetX):   total cells updated:             106496
INFO (CarpetX):   average iterations per second: 24.5258
INFO (CarpetX):   average cell updates per second: 100458
INFO (CarpetX): OutputGH: iteration 27, time 0.105469, run time 2 s
INFO (CarpetX): OutputGH done.
INFO (CarpetX): Simulation time: 0.105469   Iterations per second: 25.1792   Simulation time per second: 0.0983561
INFO (CarpetX): Grid cells: 4096   Grid cell updates per second: 103134
INFO (CarpetX): Performance:
INFO (CarpetX):   total evolution time:            1.0986 sec
INFO (CarpetX):   total evolution compute time:    1.0974 sec
INFO (CarpetX):   total evolution output time:     0.00120687 sec
INFO (CarpetX):   total iterations:                27
INFO (CarpetX):   total cells updated:             110592
INFO (CarpetX):   average iterations per second: 24.5766
INFO (CarpetX):   average cell updates per second: 100666
INFO (CarpetX): OutputGH: iteration 28, time 0.109375, run time 2 s
INFO (CarpetX): OutputGH done.
INFO (CarpetX): Simulation time: 0.109375   Iterations per second: 25.2897   Simulation time per second: 0.098788
INFO (CarpetX): Grid cells: 4096   Grid cell updates per second: 103587
INFO (CarpetX): Performance:
INFO (CarpetX):   total evolution time:            1.13658 sec
INFO (CarpetX):   total evolution compute time:    1.13534 sec
INFO (CarpetX):   total evolution output time:     0.00124478 sec
INFO (CarpetX):   total iterations:                28
INFO (CarpetX):   total cells updated:             114688
INFO (CarpetX):   average iterations per second: 24.6352
INFO (CarpetX):   average cell updates per second: 100906
INFO (CarpetX): OutputGH: iteration 29, time 0.113281, run time 3 s
INFO (CarpetX): OutputGH done.
INFO (CarpetX): Simulation time: 0.113281   Iterations per second: 25.3812   Simulation time per second: 0.0991452
INFO (CarpetX): Grid cells: 4096   Grid cell updates per second: 103961
INFO (CarpetX): Performance:
INFO (CarpetX):   total evolution time:            1.1747 sec
INFO (CarpetX):   total evolution compute time:    1.17342 sec
INFO (CarpetX):   total evolution output time:     0.00128293 sec
INFO (CarpetX):   total iterations:                29
INFO (CarpetX):   total cells updated:             118784
INFO (CarpetX):   average iterations per second: 24.6871
INFO (CarpetX):   average cell updates per second: 101119
INFO (CarpetX): OutputGH: iteration 30, time 0.117188, run time 3 s
INFO (CarpetX): OutputGH done.
INFO (CarpetX): Simulation time: 0.117188   Iterations per second: 25.4047   Simulation time per second: 0.0992372
INFO (CarpetX): Grid cells: 4096   Grid cell updates per second: 104058
INFO (CarpetX): Performance:
INFO (CarpetX):   total evolution time:            1.21373 sec
INFO (CarpetX):   total evolution compute time:    1.21241 sec
INFO (CarpetX):   total evolution output time:     0.00132108 sec
INFO (CarpetX):   total iterations:                30
INFO (CarpetX):   total cells updated:             122880
INFO (CarpetX):   average iterations per second: 24.7171
INFO (CarpetX):   average cell updates per second: 101241
INFO (CarpetX): OutputGH: iteration 31, time 0.121094, run time 3 s
INFO (CarpetX): OutputGH done.
INFO (CarpetX): Simulation time: 0.121094   Iterations per second: 25.3709   Simulation time per second: 0.0991049
INFO (CarpetX): Grid cells: 4096   Grid cell updates per second: 103919
INFO (CarpetX): Performance:
INFO (CarpetX):   total evolution time:            1.25362 sec
INFO (CarpetX):   total evolution compute time:    1.25226 sec
INFO (CarpetX):   total evolution output time:     0.00135803 sec
INFO (CarpetX):   total iterations:                31
INFO (CarpetX):   total cells updated:             126976
INFO (CarpetX):   average iterations per second: 24.7283
INFO (CarpetX):   average cell updates per second: 101287
INFO (CarpetX): OutputGH: iteration 32, time 0.125000, run time 3 s
INFO (CarpetX): OutputGH done.
INFO (CarpetX): Simulation time: 0.125   Iterations per second: 25.4623   Simulation time per second: 0.0994621
INFO (CarpetX): Grid cells: 4096   Grid cell updates per second: 104294
INFO (CarpetX): Performance:
INFO (CarpetX):   total evolution time:            1.29162 sec
INFO (CarpetX):   total evolution compute time:    1.29022 sec
INFO (CarpetX):   total evolution output time:     0.00139785 sec
INFO (CarpetX):   total iterations:                32
INFO (CarpetX):   total cells updated:             131072
INFO (CarpetX):   average iterations per second: 24.775
INFO (CarpetX):   average cell updates per second: 101479
INFO (CarpetX): OutputGH: iteration 33, time 0.128906, run time 3 s
INFO (CarpetX): OutputGH done.
INFO (CarpetX): Simulation time: 0.128906   Iterations per second: 25.5608   Simulation time per second: 0.0998469
INFO (CarpetX): Grid cells: 4096   Grid cell updates per second: 104697
INFO (CarpetX): Performance:
INFO (CarpetX):   total evolution time:            1.32938 sec
INFO (CarpetX):   total evolution compute time:    1.32793 sec
INFO (CarpetX):   total evolution output time:     0.00145388 sec
INFO (CarpetX):   total iterations:                33
INFO (CarpetX):   total cells updated:             135168
INFO (CarpetX):   average iterations per second: 24.8236
INFO (CarpetX):   average cell updates per second: 101677
INFO (CarpetX): OutputGH: iteration 34, time 0.132812, run time 3 s
INFO (CarpetX): OutputGH done.
INFO (CarpetX): Simulation time: 0.132812   Iterations per second: 25.6711   Simulation time per second: 0.100278
INFO (CarpetX): Grid cells: 4096   Grid cell updates per second: 105149
INFO (CarpetX): Performance:
INFO (CarpetX):   total evolution time:            1.36682 sec
INFO (CarpetX):   total evolution compute time:    1.36534 sec
INFO (CarpetX):   total evolution output time:     0.00148773 sec
INFO (CarpetX):   total iterations:                34
INFO (CarpetX):   total cells updated:             139264
INFO (CarpetX):   average iterations per second: 24.8752
INFO (CarpetX):   average cell updates per second: 101889
INFO (CarpetX): OutputGH: iteration 35, time 0.136719, run time 3 s
INFO (CarpetX): OutputGH done.
INFO (CarpetX): Simulation time: 0.136719   Iterations per second: 25.755   Simulation time per second: 0.100605
INFO (CarpetX): Grid cells: 4096   Grid cell updates per second: 105492
INFO (CarpetX): Performance:
INFO (CarpetX):   total evolution time:            1.40451 sec
INFO (CarpetX):   total evolution compute time:    1.40298 sec
INFO (CarpetX):   total evolution output time:     0.00152469 sec
INFO (CarpetX):   total iterations:                35
INFO (CarpetX):   total cells updated:             143360
INFO (CarpetX):   average iterations per second: 24.9197
INFO (CarpetX):   average cell updates per second: 102071
INFO (CarpetX): OutputGH: iteration 36, time 0.140625, run time 3 s
INFO (CarpetX): OutputGH done.
INFO (CarpetX): Simulation time: 0.140625   Iterations per second: 25.8029   Simulation time per second: 0.100793
INFO (CarpetX): Grid cells: 4096   Grid cell updates per second: 105689
INFO (CarpetX): Performance:
INFO (CarpetX):   total evolution time:            1.44262 sec
INFO (CarpetX):   total evolution compute time:    1.44105 sec
INFO (CarpetX):   total evolution output time:     0.00156355 sec
INFO (CarpetX):   total iterations:                36
INFO (CarpetX):   total cells updated:             147456
INFO (CarpetX):   average iterations per second: 24.9547
INFO (CarpetX):   average cell updates per second: 102214
INFO (CarpetX): OutputGH: iteration 37, time 0.144531, run time 3 s
INFO (CarpetX): OutputGH done.
INFO (CarpetX): Simulation time: 0.144531   Iterations per second: 25.8645   Simulation time per second: 0.101033
INFO (CarpetX): Grid cells: 4096   Grid cell updates per second: 105941
INFO (CarpetX): Performance:
INFO (CarpetX):   total evolution time:            1.48045 sec
INFO (CarpetX):   total evolution compute time:    1.47884 sec
INFO (CarpetX):   total evolution output time:     0.0016036 sec
INFO (CarpetX):   total iterations:                37
INFO (CarpetX):   total cells updated:             151552
INFO (CarpetX):   average iterations per second: 24.9924
INFO (CarpetX):   average cell updates per second: 102369
INFO (CarpetX): OutputGH: iteration 38, time 0.148438, run time 3 s
INFO (CarpetX): OutputGH done.
INFO (CarpetX): Simulation time: 0.148438   Iterations per second: 25.9242   Simulation time per second: 0.101266
INFO (CarpetX): Grid cells: 4096   Grid cell updates per second: 106186
INFO (CarpetX): Performance:
INFO (CarpetX):   total evolution time:            1.51822 sec
INFO (CarpetX):   total evolution compute time:    1.51658 sec
INFO (CarpetX):   total evolution output time:     0.00164151 sec
INFO (CarpetX):   total iterations:                38
INFO (CarpetX):   total cells updated:             155648
INFO (CarpetX):   average iterations per second: 25.0293
INFO (CarpetX):   average cell updates per second: 102520
INFO (CarpetX): OutputGH: iteration 39, time 0.152344, run time 3 s
INFO (CarpetX): OutputGH done.
INFO (CarpetX): Simulation time: 0.152344   Iterations per second: 26.0038   Simulation time per second: 0.101577
INFO (CarpetX): Grid cells: 4096   Grid cell updates per second: 106511
INFO (CarpetX): Performance:
INFO (CarpetX):   total evolution time:            1.55561 sec
INFO (CarpetX):   total evolution compute time:    1.55394 sec
INFO (CarpetX):   total evolution output time:     0.00167656 sec
INFO (CarpetX):   total iterations:                39
INFO (CarpetX):   total cells updated:             159744
INFO (CarpetX):   average iterations per second: 25.0705
INFO (CarpetX):   average cell updates per second: 102689
INFO (CarpetX): OutputGH: iteration 40, time 0.156250, run time 3 s
INFO (CarpetX): OutputGH done.
INFO (CarpetX): Simulation time: 0.15625   Iterations per second: 26.0693   Simulation time per second: 0.101833
INFO (CarpetX): Grid cells: 4096   Grid cell updates per second: 106780
INFO (CarpetX): Performance:
INFO (CarpetX):   total evolution time:            1.5931 sec
INFO (CarpetX):   total evolution compute time:    1.59139 sec
INFO (CarpetX):   total evolution output time:     0.00171566 sec
INFO (CarpetX):   total iterations:                40
INFO (CarpetX):   total cells updated:             163840
INFO (CarpetX):   average iterations per second: 25.1082
INFO (CarpetX):   average cell updates per second: 102843
INFO (CarpetX): OutputGH: iteration 41, time 0.160156, run time 3 s
INFO (CarpetX): OutputGH done.
INFO (CarpetX): Simulation time: 0.160156   Iterations per second: 26.133   Simulation time per second: 0.102082
INFO (CarpetX): Grid cells: 4096   Grid cell updates per second: 107041
INFO (CarpetX): Performance:
INFO (CarpetX):   total evolution time:            1.63053 sec
INFO (CarpetX):   total evolution compute time:    1.62877 sec
INFO (CarpetX):   total evolution output time:     0.00175667 sec
INFO (CarpetX):   total iterations:                41
INFO (CarpetX):   total cells updated:             167936
INFO (CarpetX):   average iterations per second: 25.1452
INFO (CarpetX):   average cell updates per second: 102995
INFO (CarpetX): OutputGH: iteration 42, time 0.164062, run time 3 s
INFO (CarpetX): OutputGH done.
INFO (CarpetX): Simulation time: 0.164062   Iterations per second: 26.1598   Simulation time per second: 0.102187
INFO (CarpetX): Grid cells: 4096   Grid cell updates per second: 107151
INFO (CarpetX): Performance:
INFO (CarpetX):   total evolution time:            1.6684 sec
INFO (CarpetX):   total evolution compute time:    1.66661 sec
INFO (CarpetX):   total evolution output time:     0.00179172 sec
INFO (CarpetX):   total iterations:                42
INFO (CarpetX):   total cells updated:             172032
INFO (CarpetX):   average iterations per second: 25.1738
INFO (CarpetX):   average cell updates per second: 103112
INFO (CarpetX): OutputGH: iteration 43, time 0.167969, run time 3 s
INFO (CarpetX): OutputGH done.
INFO (CarpetX): Simulation time: 0.167969   Iterations per second: 26.1584   Simulation time per second: 0.102181
INFO (CarpetX): Grid cells: 4096   Grid cell updates per second: 107145
INFO (CarpetX): Performance:
INFO (CarpetX):   total evolution time:            1.70665 sec
INFO (CarpetX):   total evolution compute time:    1.70482 sec
INFO (CarpetX):   total evolution output time:     0.00183177 sec
INFO (CarpetX):   total iterations:                43
INFO (CarpetX):   total cells updated:             176128
INFO (CarpetX):   average iterations per second: 25.1956
INFO (CarpetX):   average cell updates per second: 103201
INFO (CarpetX): OutputGH: iteration 44, time 0.171875, run time 3 s
INFO (CarpetX): OutputGH done.
INFO (CarpetX): Simulation time: 0.171875   Iterations per second: 26.187   Simulation time per second: 0.102293
INFO (CarpetX): Grid cells: 4096   Grid cell updates per second: 107262
INFO (CarpetX): Performance:
INFO (CarpetX):   total evolution time:            1.74446 sec
INFO (CarpetX):   total evolution compute time:    1.74259 sec
INFO (CarpetX):   total evolution output time:     0.00187182 sec
INFO (CarpetX):   total iterations:                44
INFO (CarpetX):   total cells updated:             180224
INFO (CarpetX):   average iterations per second: 25.2227
INFO (CarpetX):   average cell updates per second: 103312
INFO (CarpetX): OutputGH: iteration 45, time 0.175781, run time 3 s
INFO (CarpetX): OutputGH done.
INFO (CarpetX): Simulation time: 0.175781   Iterations per second: 26.2325   Simulation time per second: 0.102471
INFO (CarpetX): Grid cells: 4096   Grid cell updates per second: 107448
INFO (CarpetX): Performance:
INFO (CarpetX):   total evolution time:            1.78198 sec
INFO (CarpetX):   total evolution compute time:    1.78008 sec
INFO (CarpetX):   total evolution output time:     0.00190783 sec
INFO (CarpetX):   total iterations:                45
INFO (CarpetX):   total cells updated:             184320
INFO (CarpetX):   average iterations per second: 25.2527
INFO (CarpetX):   average cell updates per second: 103435
INFO (CarpetX): OutputGH: iteration 46, time 0.179688, run time 3 s
INFO (CarpetX): OutputGH done.
INFO (CarpetX): Simulation time: 0.179688   Iterations per second: 26.2988   Simulation time per second: 0.10273
INFO (CarpetX): Grid cells: 4096   Grid cell updates per second: 107720
INFO (CarpetX): Performance:
INFO (CarpetX):   total evolution time:            1.81914 sec
INFO (CarpetX):   total evolution compute time:    1.8172 sec
INFO (CarpetX):   total evolution output time:     0.00194693 sec
INFO (CarpetX):   total iterations:                46
INFO (CarpetX):   total cells updated:             188416
INFO (CarpetX):   average iterations per second: 25.2866
INFO (CarpetX):   average cell updates per second: 103574
INFO (CarpetX): OutputGH: iteration 47, time 0.183594, run time 3 s
INFO (CarpetX): OutputGH done.
INFO (CarpetX): Simulation time: 0.183594   Iterations per second: 26.3043   Simulation time per second: 0.102751
INFO (CarpetX): Grid cells: 4096   Grid cell updates per second: 107743
INFO (CarpetX): Performance:
INFO (CarpetX):   total evolution time:            1.85709 sec
INFO (CarpetX):   total evolution compute time:    1.85511 sec
INFO (CarpetX):   total evolution output time:     0.00197911 sec
INFO (CarpetX):   total iterations:                47
INFO (CarpetX):   total cells updated:             192512
INFO (CarpetX):   average iterations per second: 25.3084
INFO (CarpetX):   average cell updates per second: 103663
INFO (CarpetX): OutputGH: iteration 48, time 0.187500, run time 3 s
INFO (CarpetX): OutputGH done.
INFO (CarpetX): Simulation time: 0.1875   Iterations per second: 26.3484   Simulation time per second: 0.102923
INFO (CarpetX): Grid cells: 4096   Grid cell updates per second: 107923
INFO (CarpetX): Performance:
INFO (CarpetX):   total evolution time:            1.89447 sec
INFO (CarpetX):   total evolution compute time:    1.89245 sec
INFO (CarpetX):   total evolution output time:     0.00202012 sec
INFO (CarpetX):   total iterations:                48
INFO (CarpetX):   total cells updated:             196608
INFO (CarpetX):   average iterations per second: 25.3369
INFO (CarpetX):   average cell updates per second: 103780
INFO (CarpetX): OutputGH: iteration 49, time 0.191406, run time 3 s
INFO (CarpetX): OutputGH done.
INFO (CarpetX): Simulation time: 0.191406   Iterations per second: 26.3613   Simulation time per second: 0.102974
INFO (CarpetX): Grid cells: 4096   Grid cell updates per second: 107976
INFO (CarpetX): Performance:
INFO (CarpetX):   total evolution time:            1.93224 sec
INFO (CarpetX):   total evolution compute time:    1.93018 sec
INFO (CarpetX):   total evolution output time:     0.00206017 sec
INFO (CarpetX):   total iterations:                49
INFO (CarpetX):   total cells updated:             200704
INFO (CarpetX):   average iterations per second: 25.3592
INFO (CarpetX):   average cell updates per second: 103871
INFO (CarpetX): OutputGH: iteration 50, time 0.195312, run time 3 s
INFO (CarpetX): OutputGH done.
INFO (CarpetX): Simulation time: 0.195312   Iterations per second: 26.3902   Simulation time per second: 0.103087
INFO (CarpetX): Grid cells: 4096   Grid cell updates per second: 108094
INFO (CarpetX): Performance:
INFO (CarpetX):   total evolution time:            1.96976 sec
INFO (CarpetX):   total evolution compute time:    1.96765 sec
INFO (CarpetX):   total evolution output time:     0.00210118 sec
INFO (CarpetX):   total iterations:                50
INFO (CarpetX):   total cells updated:             204800
INFO (CarpetX):   average iterations per second: 25.3839
INFO (CarpetX):   average cell updates per second: 103972
INFO (CarpetX): OutputGH: iteration 51, time 0.199219, run time 3 s
INFO (CarpetX): OutputGH done.
INFO (CarpetX): Simulation time: 0.199219   Iterations per second: 26.4213   Simulation time per second: 0.103208
INFO (CarpetX): Grid cells: 4096   Grid cell updates per second: 108222
INFO (CarpetX): Performance:
INFO (CarpetX):   total evolution time:            2.0072 sec
INFO (CarpetX):   total evolution compute time:    2.00506 sec
INFO (CarpetX):   total evolution output time:     0.00213838 sec
INFO (CarpetX):   total iterations:                51
INFO (CarpetX):   total cells updated:             208896
INFO (CarpetX):   average iterations per second: 25.4085
INFO (CarpetX):   average cell updates per second: 104073
INFO (CarpetX): OutputGH: iteration 52, time 0.203125, run time 3 s
INFO (CarpetX): OutputGH done.
INFO (CarpetX): Simulation time: 0.203125   Iterations per second: 26.4131   Simulation time per second: 0.103176
INFO (CarpetX): Grid cells: 4096   Grid cell updates per second: 108188
INFO (CarpetX): Performance:
INFO (CarpetX):   total evolution time:            2.04517 sec
INFO (CarpetX):   total evolution compute time:    2.04299 sec
INFO (CarpetX):   total evolution output time:     0.00217533 sec
INFO (CarpetX):   total iterations:                52
INFO (CarpetX):   total cells updated:             212992
INFO (CarpetX):   average iterations per second: 25.4258
INFO (CarpetX):   average cell updates per second: 104144
INFO (CarpetX): OutputGH: iteration 53, time 0.207031, run time 3 s
INFO (CarpetX): OutputGH done.
INFO (CarpetX): Simulation time: 0.207031   Iterations per second: 26.4143   Simulation time per second: 0.103181
INFO (CarpetX): Grid cells: 4096   Grid cell updates per second: 108193
INFO (CarpetX): Performance:
INFO (CarpetX):   total evolution time:            2.08301 sec
INFO (CarpetX):   total evolution compute time:    2.0808 sec
INFO (CarpetX):   total evolution output time:     0.00220942 sec
INFO (CarpetX):   total iterations:                53
INFO (CarpetX):   total cells updated:             217088
INFO (CarpetX):   average iterations per second: 25.4439
INFO (CarpetX):   average cell updates per second: 104218
INFO (CarpetX): OutputGH: iteration 54, time 0.210938, run time 3 s
INFO (CarpetX): OutputGH done.
INFO (CarpetX): Simulation time: 0.210938   Iterations per second: 26.4328   Simulation time per second: 0.103253
INFO (CarpetX): Grid cells: 4096   Grid cell updates per second: 108269
INFO (CarpetX): Performance:
INFO (CarpetX):   total evolution time:            2.1206 sec
INFO (CarpetX):   total evolution compute time:    2.11836 sec
INFO (CarpetX):   total evolution output time:     0.00224543 sec
INFO (CarpetX):   total iterations:                54
INFO (CarpetX):   total cells updated:             221184
INFO (CarpetX):   average iterations per second: 25.4644
INFO (CarpetX):   average cell updates per second: 104302
INFO (CarpetX): OutputGH: iteration 55, time 0.214844, run time 4 s
INFO (CarpetX): OutputGH done.
INFO (CarpetX): Simulation time: 0.214844   Iterations per second: 26.4528   Simulation time per second: 0.103331
INFO (CarpetX): Grid cells: 4096   Grid cell updates per second: 108351
INFO (CarpetX): Performance:
INFO (CarpetX):   total evolution time:            2.15815 sec
INFO (CarpetX):   total evolution compute time:    2.15587 sec
INFO (CarpetX):   total evolution output time:     0.00228333 sec
INFO (CarpetX):   total iterations:                55
INFO (CarpetX):   total cells updated:             225280
INFO (CarpetX):   average iterations per second: 25.4848
INFO (CarpetX):   average cell updates per second: 104386
INFO (CarpetX): OutputGH: iteration 56, time 0.218750, run time 4 s
INFO (CarpetX): OutputGH done.
INFO (CarpetX): Simulation time: 0.21875   Iterations per second: 26.4503   Simulation time per second: 0.103321
INFO (CarpetX): Grid cells: 4096   Grid cell updates per second: 108340
INFO (CarpetX): Performance:
INFO (CarpetX):   total evolution time:            2.19599 sec
INFO (CarpetX):   total evolution compute time:    2.19367 sec
INFO (CarpetX):   total evolution output time:     0.00231934 sec
INFO (CarpetX):   total iterations:                56
INFO (CarpetX):   total cells updated:             229376
INFO (CarpetX):   average iterations per second: 25.501
INFO (CarpetX):   average cell updates per second: 104452
INFO (CarpetX): OutputGH: iteration 57, time 0.222656, run time 4 s
INFO (CarpetX): OutputGH done.
INFO (CarpetX): Simulation time: 0.222656   Iterations per second: 26.4379   Simulation time per second: 0.103273
INFO (CarpetX): Grid cells: 4096   Grid cell updates per second: 108290
INFO (CarpetX): Performance:
INFO (CarpetX):   total evolution time:            2.23397 sec
INFO (CarpetX):   total evolution compute time:    2.23162 sec
INFO (CarpetX):   total evolution output time:     0.00235319 sec
INFO (CarpetX):   total iterations:                57
INFO (CarpetX):   total cells updated:             233472
INFO (CarpetX):   average iterations per second: 25.5151
INFO (CarpetX):   average cell updates per second: 104510
INFO (CarpetX): OutputGH: iteration 58, time 0.226562, run time 4 s
INFO (CarpetX): OutputGH done.
INFO (CarpetX): Simulation time: 0.226562   Iterations per second: 26.4464   Simulation time per second: 0.103306
INFO (CarpetX): Grid cells: 4096   Grid cell updates per second: 108324
INFO (CarpetX): Performance:
INFO (CarpetX):   total evolution time:            2.27168 sec
INFO (CarpetX):   total evolution compute time:    2.26929 sec
INFO (CarpetX):   total evolution output time:     0.00239015 sec
INFO (CarpetX):   total iterations:                58
INFO (CarpetX):   total cells updated:             237568
INFO (CarpetX):   average iterations per second: 25.5318
INFO (CarpetX):   average cell updates per second: 104578
INFO (CarpetX): OutputGH: iteration 59, time 0.230469, run time 4 s
INFO (CarpetX): OutputGH done.
INFO (CarpetX): Simulation time: 0.230469   Iterations per second: 26.4658   Simulation time per second: 0.103382
INFO (CarpetX): Grid cells: 4096   Grid cell updates per second: 108404
INFO (CarpetX): Performance:
INFO (CarpetX):   total evolution time:            2.30921 sec
INFO (CarpetX):   total evolution compute time:    2.30678 sec
INFO (CarpetX):   total evolution output time:     0.0024302 sec
INFO (CarpetX):   total iterations:                59
INFO (CarpetX):   total cells updated:             241664
INFO (CarpetX):   average iterations per second: 25.5499
INFO (CarpetX):   average cell updates per second: 104652
INFO (CarpetX): OutputGH: iteration 60, time 0.234375, run time 4 s
INFO (CarpetX): OutputGH done.
INFO (CarpetX): Simulation time: 0.234375   Iterations per second: 26.4795   Simulation time per second: 0.103435
INFO (CarpetX): Grid cells: 4096   Grid cell updates per second: 108460
INFO (CarpetX): Performance:
INFO (CarpetX):   total evolution time:            2.3468 sec
INFO (CarpetX):   total evolution compute time:    2.34434 sec
INFO (CarpetX):   total evolution output time:     0.00246525 sec
INFO (CarpetX):   total iterations:                60
INFO (CarpetX):   total cells updated:             245760
INFO (CarpetX):   average iterations per second: 25.5667
INFO (CarpetX):   average cell updates per second: 104721
INFO (CarpetX): OutputGH: iteration 61, time 0.238281, run time 4 s
INFO (CarpetX): OutputGH done.
INFO (CarpetX): Simulation time: 0.238281   Iterations per second: 26.4507   Simulation time per second: 0.103323
INFO (CarpetX): Grid cells: 4096   Grid cell updates per second: 108342
INFO (CarpetX): Performance:
INFO (CarpetX):   total evolution time:            2.38498 sec
INFO (CarpetX):   total evolution compute time:    2.38248 sec
INFO (CarpetX):   total evolution output time:     0.00250125 sec
INFO (CarpetX):   total iterations:                61
INFO (CarpetX):   total cells updated:             249856
INFO (CarpetX):   average iterations per second: 25.5768
INFO (CarpetX):   average cell updates per second: 104762
INFO (CarpetX): OutputGH: iteration 62, time 0.242188, run time 4 s
INFO (CarpetX): OutputGH done.
INFO (CarpetX): Simulation time: 0.242188   Iterations per second: 26.4731   Simulation time per second: 0.10341
INFO (CarpetX): Grid cells: 4096   Grid cell updates per second: 108434
INFO (CarpetX): Performance:
INFO (CarpetX):   total evolution time:            2.42246 sec
INFO (CarpetX):   total evolution compute time:    2.41992 sec
INFO (CarpetX):   total evolution output time:     0.00254107 sec
INFO (CarpetX):   total iterations:                62
INFO (CarpetX):   total cells updated:             253952
INFO (CarpetX):   average iterations per second: 25.5938
INFO (CarpetX):   average cell updates per second: 104832
INFO (CarpetX): OutputGH: iteration 63, time 0.246094, run time 4 s
INFO (CarpetX): OutputGH done.
INFO (CarpetX): Simulation time: 0.246094   Iterations per second: 26.4687   Simulation time per second: 0.103393
INFO (CarpetX): Grid cells: 4096   Grid cell updates per second: 108416
INFO (CarpetX): Performance:
INFO (CarpetX):   total evolution time:            2.4603 sec
INFO (CarpetX):   total evolution compute time:    2.45772 sec
INFO (CarpetX):   total evolution output time:     0.00258112 sec
INFO (CarpetX):   total iterations:                63
INFO (CarpetX):   total cells updated:             258048
INFO (CarpetX):   average iterations per second: 25.6066
INFO (CarpetX):   average cell updates per second: 104885
INFO (CarpetX): OutputGH: iteration 64, time 0.250000, run time 4 s
INFO (CarpetX): OutputGH done.
INFO (CarpetX): Simulation time: 0.25   Iterations per second: 14.1232   Simulation time per second: 0.0551688
INFO (CarpetX): Grid cells: 4096   Grid cell updates per second: 57848.7
INFO (CarpetX): Performance:
INFO (CarpetX):   total evolution time:            2.82833 sec
INFO (CarpetX):   total evolution compute time:    2.4979 sec
INFO (CarpetX):   total evolution output time:     0.330426 sec
INFO (CarpetX):   total iterations:                64
INFO (CarpetX):   total cells updated:             262144
INFO (CarpetX):   average iterations per second: 22.6282
INFO (CarpetX):   average cell updates per second: 92685.1
INFO (CarpetX): Shutting down...
AMReX (25.11) finalized
--------------------------------------------------------------------------------
Done.
+ echo Stopping:
Stopping:
+ date
Fri Apr 10 22:50:33 UTC 2026
+ echo Done.
Done.
  Elapsed time: 3.9 s
