/home/runner/simulations/TestJob01_temp_2/output-0000/TEST/sim/CarpetRegrid2
Preparing:
+ set -e
+ cd output-0000-active
+ echo Checking:
Checking:
+ pwd
/home/runner/simulations/TestJob01_temp_2/output-0000/TEST/sim/CarpetRegrid2/output-0000-active
+ hostname
fv-az178-181
+ date
Mon Dec 12 02:38:47 UTC 2022
+ echo Environment:
Environment:
+ export CACTUS_NUM_PROCS=2
+ CACTUS_NUM_PROCS=2
+ export CACTUS_NUM_THREADS=1
+ CACTUS_NUM_THREADS=1
+ export GMON_OUT_PREFIX=gmon.out
+ GMON_OUT_PREFIX=gmon.out
+ export OMP_NUM_THREADS=1
+ OMP_NUM_THREADS=1
+ env
+ sort
+ echo Starting:
Starting:
++ date +%s
+ export CACTUS_STARTTIME=1670812727
+ CACTUS_STARTTIME=1670812727
+ '[' 2 = 1 ']'
+ mpirun -np 2 /home/runner/simulations/TestJob01_temp_2/SIMFACTORY/exe/cactus_sim -L 3 /home/runner/simulations/TestJob01_temp_2/output-0000/arrangements/Carpet/CarpetRegrid2/test/regrid2_granularity.par
INFO (Cactus): Increased logging level from 0 to 3
--------------------------------------------------------------------------------

       10                                  
  1   0101       ************************  
  01  1010 10      The Cactus Code V4.13.0    
 1010 1101 011      www.cactuscode.org     
  1001 100101    ************************  
    00010101                               
     100011     (c) Copyright The Authors  
      0100      GNU Licensed. No Warranty  
      0101                                 
--------------------------------------------------------------------------------

Cactus version:    4.13.0
Compile date:      Dec 12 2022 (02:19:54)
Run date:          Dec 12 2022 (02:38:47+0000)
Run host:          fv-az178-181.4hr1jzigf4quzlbutvnlm3yq0e.cx.internal.cloudapp.net (pid=108456)
Working directory: /home/runner/simulations/TestJob01_temp_2/output-0000/TEST/sim/CarpetRegrid2
Executable:        /home/runner/simulations/TestJob01_temp_2/SIMFACTORY/exe/cactus_sim
Parameter file:    /home/runner/simulations/TestJob01_temp_2/output-0000/arrangements/Carpet/CarpetRegrid2/test/regrid2_granularity.par
--------------------------------------------------------------------------------

Activating thorn Cactus...Success -> active implementation Cactus
Activation requested for 
--->Carpet CarpetIOASCII CarpetLib Boundary CartGrid3D CoordBase IOUtil InitBase LoopControl MoL SymBase CarpetRegrid2<---
Thorn Carpet requests automatic activation of MPI
Thorn Carpet requests automatic activation of Timers
Thorn CarpetLib requests automatic activation of Vectors
Thorn CarpetLib requests automatic activation of CycleClock
Thorn LoopControl requests automatic activation of hwloc
Thorn hwloc requests automatic activation of zlib
Activating thorn Boundary...Success -> active implementation boundary
Activating thorn Carpet...Success -> active implementation Driver
Activating thorn CarpetIOASCII...Success -> active implementation IOASCII
Activating thorn CarpetLib...Success -> active implementation CarpetLib
Activating thorn CarpetRegrid2...Success -> active implementation CarpetRegrid2
Activating thorn CartGrid3D...Success -> active implementation grid
Activating thorn CoordBase...Success -> active implementation CoordBase
Activating thorn CycleClock...Success -> active implementation CycleClock
Activating thorn hwloc...Success -> active implementation hwloc
Activating thorn InitBase...Success -> active implementation InitBase
Activating thorn IOUtil...Success -> active implementation IO
Activating thorn LoopControl...Success -> active implementation LoopControl
Activating thorn MoL...Success -> active implementation MethodOfLines
Activating thorn MPI...Success -> active implementation MPI
Activating thorn SymBase...Success -> active implementation SymBase
Activating thorn Timers...Success -> active implementation Timers
Activating thorn Vectors...Success -> active implementation Vectors
Activating thorn zlib...Success -> active implementation zlib
--------------------------------------------------------------------------------
  if (recover initial data)
    Recover parameters
  endif

  Startup routines
    [CCTK_STARTUP]
      Carpet::MultiModel_Startup: Multi-model Startup routine
      CycleClock::CycleClock_Setup: Set up CycleClock
      LoopControl::LC_setup: Set up LoopControl
      CartGrid3D::SymmetryStartup: Register GH Extension for GridSymmetry
      CoordBase::CoordBase_Startup: Register a GH extension to store the coordinate system handles
      Timers::Timer_Startup: Prepare hierarchical timers
      Carpet::Driver_Startup: Startup routine
      IOUtil::IOUtil_Startup: Startup routine
      MoL::MoL_Startup: Startup banner
      SymBase::SymBase_Startup: Register GH Extension for SymBase
      CarpetIOASCII::CarpetIOASCIIStartup: [global] Startup routine
      Vectors::Vectors_Startup: Print startup message
      GROUP hwloc_startup: hwloc startup group
        hwloc::hwloc_version: Output hwloc version

  Startup routines which need an existing grid hierarchy
    [CCTK_WRAGH]
      Boundary::Boundary_RegisterBCs: [global] Register boundary conditions that this thorn provides
      CarpetRegrid2::CarpetRegrid2_Initialise: [global] Initialise locations of refined regions
      CartGrid3D::RegisterCartGrid3DCoords: [meta] Register coordinates for the Cartesian grid
      MoL::MoL_SetupIndexArrays: Set up the MoL bookkeeping index arrays
      MoL::MoL_SetScheduleStatus: [global] Set the flag so it is ok to register with MoL
      GROUP MoL_Register: The group where physics thorns register variables with MoL
      MoL::MoL_ReportNumberVariables: [meta] Report how many of each type of variable there are
      GROUP SymBase_Wrapper: Wrapper group for SymBase
        GROUP SymmetryRegister: Register your symmetries here
          CartGrid3D::CartGrid3D_RegisterSymmetryBoundaries: [meta] Register symmetry boundaries
        SymBase::SymBase_Statistics: Print symmetry boundary face descriptions
  Parameter checking routines
    [CCTK_PARAMCHECK]
      Boundary::Boundary_Check: Check dimension of grid variables
      Carpet::CarpetParamCheck: Parameter checking routine
      CarpetLib::CarpetLib_test_prolongate_3d_rf2: [global] Test prolongation operators
      CarpetRegrid2::CarpetRegrid2_ParamCheck: Check parameters
      CartGrid3D::ParamCheck_CartGrid3D: Check coordinates for CartGrid3D
      MoL::MoL_ParamCheck: Basic parameter checking
      Vectors::Vectors_Test: Run correctness tests.

  Initialisation
    if (NOT (recover initial data AND recovery_mode is 'strict'))
      [CCTK_PREREGRIDINITIAL]
      Set up grid hierarchy
      [CCTK_POSTREGRIDINITIAL]
        CartGrid3D::SpatialCoordinates: Set Coordinates after regridding
        GROUP MoL_PseudoEvolutionBoundaries: Apply boundary conditions to pseudo-evolved quantities
      [CCTK_BASEGRID]
        CartGrid3D::SpatialSpacings: Set up ranges for spatial 3D Cartesian coordinates (on all grids)
        CartGrid3D::SpatialCoordinates: Set up spatial 3D Cartesian coordinates on the GH
        SymBase::SymBase_Check: Check whether the driver set up the grid consistently
      [CCTK_INITIAL]
        CarpetIOASCII::CarpetIOASCIIInit: [global] Initialisation routine
        MoL::MoL_StartLoop: [level] Initialise the step size control
      [CCTK_POSTINITIAL]
        GROUP MoL_PostStepModify: The group for physics thorns to schedule enforcing constraints
        GROUP MoL_PostStep: Ensure that everything is correct after the initial data have been set up
        GROUP MoL_PseudoEvolution: Calculate pseudo-evolved quantities
      Initialise finer grids recursively
      Restrict from finer grids
      [CCTK_POSTRESTRICTINITIAL]
        GROUP MoL_PostStep: Ensure that everything is correct after restriction
        GROUP MoL_PseudoEvolutionBoundaries: Apply boundary conditions to pseudo-evolved quantities
      [CCTK_POSTPOSTINITIAL]
      [CCTK_POSTSTEP]
    endif
    if (recover initial data)
      [CCTK_BASEGRID]
        CartGrid3D::SpatialSpacings: Set up ranges for spatial 3D Cartesian coordinates (on all grids)
        CartGrid3D::SpatialCoordinates: Set up spatial 3D Cartesian coordinates on the GH
        SymBase::SymBase_Check: Check whether the driver set up the grid consistently
      [CCTK_RECOVER_VARIABLES]
      [CCTK_POST_RECOVER_VARIABLES]
        GROUP MoL_PostStep: Ensure that everything is correct after recovery
    endif
    if (checkpoint initial data)
      [CCTK_CPINITIAL]
    endif
    if (analysis)
      [CCTK_ANALYSIS]
        CarpetLib::CarpetLib_printtimestats: [global] Print timing statistics if desired
        CarpetLib::CarpetLib_printmemstats: [global] Print memory statistics if desired
        LoopControl::LC_statistics_analysis: [meta] Output LoopControl statistics
  endif
  Output grid variables

  do loop over timesteps
    [CCTK_PREREGRID]
    Change grid hierarchy
    [CCTK_POSTREGRID]
      CartGrid3D::SpatialCoordinates: Set Coordinates after regridding
      GROUP MoL_PostStep: Ensure that everything is correct after regridding
      GROUP MoL_PseudoEvolutionBoundaries: Apply boundary conditions to pseudo-evolved quantities
    Rotate timelevels
    iteration = iteration+1
    t = t+dt
    [CCTK_PRESTEP]
      LoopControl::LC_steer: [meta] Update LoopControl algorithm preferences
    [CCTK_EVOL]
      MoL::MoL_StartLoop: [level] Initialise the step size control
      while (MoL::MoL_Stepsize_Bad)
        GROUP MoL_Evolution: A single Cactus evolution step using MoL
          GROUP MoL_StartStep: MoL internal setup for the evolution step
            MoL::MoL_SetCounter: [level] Set the counter for the ODE method to loop over
            MoL::MoL_SetTime: [level] Ensure the correct time and timestep are used
            MoL::MoL_AllocateScratchSpace: [level] Allocate storage for scratch levels
          GROUP MoL_PreStep: Physics thorns can schedule preloop setup routines in here
          MoL::MoL_AllocateScratch: Allocate sufficient space for array scratch variables
          MoL::MoL_InitialCopy: Ensure the data is in the correct timelevel
          while (MoL::MoL_Intermediate_Step)
            GROUP MoL_Step: The loop over the intermediate steps for the ODE integrator
              MoL::MoL_InitRHS: Initialise the RHS functions
              GROUP MoL_CalcRHS: Physics thorns schedule the calculation of the discrete spatial operator in here
              GROUP MoL_PostRHS: Modify RHS functions
              GROUP MoL_RHSBoundaries: Any 'final' modifications to the RHS functions (boundaries etc.)
              MoL::MoL_Add: Updates calculated with the efficient Runge-Kutta 2 method
              MoL::MoL_DecrementCounter: [level] Alter the counter number
              MoL::MoL_ResetTime: [level] If necessary, change the time
              GROUP MoL_PostStepModify: The group for physics thorns to schedule enforcing constraints
              GROUP MoL_PostStep: The group for physics thorns to schedule boundary calls etc.
              MoL::MoL_ResetDeltaTime: [level] If necessary, change the timestep
          end while
          MoL::MoL_FinishLoop: [level] Control the step size
          MoL::MoL_RestoreSandR: Restoring the Save and Restore variables to the original state
          MoL::MoL_FreeScratchSpace: [level] Free storage for scratch levels
      end while
      GROUP MoL_PseudoEvolution: Calculate pseudo-evolved quantities
    Evolve finer grids recursively
    Restrict from finer grids
    [CCTK_POSTRESTRICT]
      GROUP MoL_PostStep: Ensure that everything is correct after restriction
      GROUP MoL_PseudoEvolutionBoundaries: Apply boundary conditions to pseudo-evolved quantities
    [CCTK_POSTSTEP]
    if (checkpoint)
      [CCTK_CHECKPOINT]
    endif
    if (analysis)
      [CCTK_ANALYSIS]
      CarpetLib::CarpetLib_printtimestats: [global] Print timing statistics if desired
      CarpetLib::CarpetLib_printmemstats: [global] Print memory statistics if desired
      LoopControl::LC_statistics_analysis: [meta] Output LoopControl statistics
    endif
    Output grid variables
    enddo

  Termination routines
    [CCTK_TERMINATE]
      LoopControl::LC_statistics_terminate: [meta] Output LoopControl statistics
      MoL::MoL_FreeIndexArrays: Free the MoL bookkeeping index arrays

  Shutdown routines
    [CCTK_SHUTDOWN]
      Timers::Timer_Shutdown: Prepare hierarchical timers

  Routines run after changing the grid hierarchy:
    [CCTK_POSTREGRID]
      CartGrid3D::SpatialCoordinates: Set Coordinates after regridding
      GROUP MoL_PostStep: Ensure that everything is correct after regridding
      GROUP MoL_PseudoEvolutionBoundaries: Apply boundary conditions to pseudo-evolved quantities
--------------------------------------------------------------------------------
INFO (Carpet): Multi-Model listing:
   model 0: "world"
INFO (Carpet): Multi-Model process distribution:
   processes 0-1: model 0 "world"
INFO (Carpet): Multi-Model: This is process 0, model 0 "world"
INFO (CarpetLib): Process startup time was 0.998 seconds
Current core file size limit: hard=[unlimited], soft=0 MB
Current addres space size limit: hard=[unlimited], soft=[unlimited]
Current data segment size limit: hard=[unlimited], soft=[unlimited]
Current resident set size limit: hard=[unlimited], soft=[unlimited]
INFO (CycleClock): Measuring CycleClock tick via OpenMP...
INFO (CycleClock): Calibrated CycleClock: 0.385516 ns per clock tick (2.59392 GHz)
INFO (Vectors): Using vector size 2 for architecture SSE2 (64-bit precision)
INFO (hwloc): library version 2.1.0, API version 0x20100
--------------------------------------------------------------------------------
AMR driver provided by Carpet
--------------------------------------------------------------------------------
MoL: Generalized time integration.
--------------------------------------------------------------------------------
AMR 0D ASCII I/O provided by CarpetIOASCII
--------------------------------------------------------------------------------
AMR 1D ASCII I/O provided by CarpetIOASCII
--------------------------------------------------------------------------------
AMR 2D ASCII I/O provided by CarpetIOASCII
--------------------------------------------------------------------------------
AMR 3D ASCII I/O provided by CarpetIOASCII
--------------------------------------------------------------------------------

INFO (Carpet): MPI is enabled
INFO (Carpet): Carpet is running on 2 processes
INFO (Carpet): This is process 0
INFO (Carpet): OpenMP is enabled
INFO (Carpet): This process contains 1 threads, this is thread 0
INFO (Carpet): There are 2 threads in total
INFO (Carpet): There are 1 threads per process
INFO (Carpet): This process runs on host fv-az178-181, pid=108456
INFO (Carpet): This process runs on 1 core: 0
INFO (Carpet): Thread 0 runs on 1 core: 0
INFO (Carpet): This simulation is running in 3 dimensions
INFO (Carpet): Boundary specification for map 0:
   nboundaryzones: [[1,1,1],[1,1,1]]
   is_internal   : [[0,0,0],[0,0,0]]
   is_staggered  : [[1,1,1],[1,1,1]]
   shiftout      : [[0,0,0],[0,0,0]]
INFO (Carpet): CoordBase domain specification for map 0:
   physical extent: [-10,-10,-10] : [10,10,10]   ([20,20,20])
   interior extent: [-9.5,-9.5,-9.5] : [9.5,9.5,9.5]   ([19,19,19])
   exterior extent: [-10.5,-10.5,-10.5] : [10.5,10.5,10.5]   ([21,21,21])
   base_spacing   : [1,1,1]
INFO (Carpet): Adapted domain specification for map 0:
   convergence factor: 2
   convergence level : 0
   physical extent   : [-10,-10,-10] : [10,10,10]   ([20,20,20])
   interior extent   : [-9.5,-9.5,-9.5] : [9.5,9.5,9.5]   ([19,19,19])
   exterior extent   : [-10.5,-10.5,-10.5] : [10.5,10.5,10.5]   ([21,21,21])
   spacing           : [1,1,1]
INFO (Carpet): Base grid specification for map 0:
   number of grid points             : [22,22,22]
   number of coarse grid ghost points: [[1,1,1],[1,1,1]]
INFO (Carpet): Buffer zone counts (excluding ghosts):
   [0]: [[0,0,0],[0,0,0]]
   [1]: [[1,1,1],[1,1,1]]
   [2]: [[1,1,1],[1,1,1]]
INFO (Carpet): Overlap zone counts:
   [0]: [[0,0,0],[0,0,0]]
   [1]: [[0,0,0],[0,0,0]]
   [2]: [[0,0,0],[0,0,0]]
INFO (Carpet): Group and variable statistics:
INFO (Carpet):    There are 205 grid functions in 8 groups
INFO (Carpet):    There are 158 grid scalars in 17 groups
INFO (Carpet):    There are 81 1-dimensional grid arrays in 7 groups
INFO (Carpet):    There are 1 2-dimensional grid arrays in 1 groups
INFO (Carpet):    There are 0 3-dimensional grid arrays in 0 groups
INFO (Carpet):    (The number of variables counts all time levels)
INFO (CarpetIOASCII): I/O Method 'IOASCII_0D' registered: 0D AMR output of grid variables to ASCII files
INFO (CarpetIOASCII): I/O Method 'IOASCII_1D' registered: 1D AMR output of grid variables to ASCII files
INFO (CarpetIOASCII): Periodic 1D AMR output requested for:
   GRID::x
   GRID::y
   GRID::z
   GRID::r
INFO (CarpetIOASCII): I/O Method 'IOASCII_2D' registered: 2D AMR output of grid variables to ASCII files
INFO (CarpetIOASCII): I/O Method 'IOASCII_3D' registered: 3D AMR output of grid variables to ASCII files
INFO (CarpetRegrid2): Initialising position of centre 0 to [0,0,0.5]
INFO (MoL): Using Runge-Kutta 2 as the time integrator.
INFO (MoL): The maximum number of evolved variables is 249. 0 are registered.
INFO (MoL): The maximum number of slow evolved variables is 249. 0 are registered.
INFO (MoL): The maximum number of constrained variables is 249. 0 are registered.
INFO (MoL): The maximum number of SandR variables is 249. 0 are registered.
INFO (MoL): The maximum number of evolved array variables is 249. 0 are registered.
INFO (MoL): The maximum number of constrained array variables is 249. 0 are registered.
INFO (MoL): The maximum number of SandR array variables is 249. 0 are registered.
INFO (MoL): The maximum size of any array variables is 0.
INFO (Vectors): Testing vectorisation... [errors may result in segfaults]
INFO (Vectors): 375/375 tests passed 
INFO (CarpetRegrid2): Centre 1 is at position [0,0,0.5] with 3 levels
INFO (CarpetRegrid2): Regridding level 0 map 0 at iteration 0 time 0
Refinement level 0: will not be changed
Refinement level 0: regions are bboxset<CCTK_INT4,3>(set<bbox>:{([0,0,0]:[168,168,168]:[8,8,8]/[0,0,0]:[21,21,21]/[22,22,22]/10648)},stride:[8,8,8],offset:[0,0,0])
Refinement level 1: importing refined region settings...
Determining domain outer boundary...
Refinement level 1: determining outer boundary...
Refinement level 1: physical coordinate boundary is at [[-10,-10,-10],[10,10,10]]
Refinement level 1: spacing is [0.5,0.5,0.5]
Refinement level 1: exterior coordinate boundary is at [[-10.25,-10.25,-10.25],[10.25,10.25,10.25]]
Refinement level 1: stride is [4,4,4]
Refinement level 1: physical boundary is at [[6,6,6],[162,162,162]]
Refinement level 1: reconstructed physical coordinate boundary is at [[-10,-10,-10],[10,10,10]]
Refinement level 1: exterior boundary is at [[2,2,2],[166,166,166]]
Refinement level 1: reconstructed exterior coordinate boundary is at [[-10.25,-10.25,-10.25],[10.25,10.25,10.25]]
Centre 1 refinement level 1: coordinate region is ([-1.5,-1.5,-1]:[1.5,1.5,2])
Centre 1 refinement level 1: integer region is ([74,74,78]:[94,94,98])
Refinement level 1: preliminary regions are bboxset<CCTK_INT4,3>(set<bbox>:{([74,74,78]:[94,94,98]:[4,4,4]/[18,18,19]:[23,23,24]/[6,6,6]/216)},stride:[4,4,4],offset:[2,2,2])
Refinement level 2: importing refined region settings...
Determining domain outer boundary...
Refinement level 2: determining outer boundary...
Refinement level 2: physical coordinate boundary is at [[-10,-10,-10],[10,10,10]]
Refinement level 2: spacing is [0.25,0.25,0.25]
Refinement level 2: exterior coordinate boundary is at [[-10.125,-10.125,-10.125],[10.125,10.125,10.125]]
Refinement level 2: stride is [2,2,2]
Refinement level 2: physical boundary is at [[5,5,5],[163,163,163]]
Refinement level 2: reconstructed physical coordinate boundary is at [[-10,-10,-10],[10,10,10]]
Refinement level 2: exterior boundary is at [[3,3,3],[165,165,165]]
Refinement level 2: reconstructed exterior coordinate boundary is at [[-10.125,-10.125,-10.125],[10.125,10.125,10.125]]
Centre 1 refinement level 2: coordinate region is ([-0.75,-0.75,-0.25]:[0.75,0.75,1.25])
Centre 1 refinement level 2: integer region is ([79,79,83]:[89,89,93])
Refinement level 2: preliminary regions are bboxset<CCTK_INT4,3>(set<bbox>:{([79,79,83]:[89,89,93]:[2,2,2]/[39,39,41]:[44,44,46]/[6,6,6]/216)},stride:[2,2,2],offset:[1,1,1])
Determining domain outer boundary...
Refinement level 2: determining outer boundary...
Refinement level 2: physical coordinate boundary is at [[-10,-10,-10],[10,10,10]]
Refinement level 2: spacing is [0.25,0.25,0.25]
Refinement level 2: exterior coordinate boundary is at [[-10.125,-10.125,-10.125],[10.125,10.125,10.125]]
Refinement level 2: stride is [2,2,2]
Refinement level 2: physical boundary is at [[5,5,5],[163,163,163]]
Refinement level 2: reconstructed physical coordinate boundary is at [[-10,-10,-10],[10,10,10]]
Refinement level 2: exterior boundary is at [[3,3,3],[165,165,165]]
Refinement level 2: reconstructed exterior coordinate boundary is at [[-10.125,-10.125,-10.125],[10.125,10.125,10.125]]
Refinement level 2:
   Original regions are bboxset<CCTK_INT4,3>(set<bbox>:{([79,79,83]:[89,89,93]:[2,2,2]/[39,39,41]:[44,44,46]/[6,6,6]/216)},stride:[2,2,2],offset:[1,1,1])
Refinement level 2: adding buffer zones...
   New regions are bboxset<CCTK_INT4,3>(set<bbox>:{([77,77,81]:[91,91,95]:[2,2,2]/[38,38,40]:[45,45,47]/[8,8,8]/512)},stride:[2,2,2],offset:[1,1,1])
INFO (CarpetRegrid2): Enforcing grid structure properties, iteration 0
Refinement level 2: enforcing granularity of 4...
   New regions are bboxset<CCTK_INT4,3>(set<bbox>:{([75,75,75]:[97,97,97]:[2,2,2]/[37,37,37]:[48,48,48]/[12,12,12]/1728)},stride:[2,2,2],offset:[1,1,1])
INFO (CarpetRegrid2): Enforcing grid structure properties, iteration 1
Refinement level 2:
   Final regions are bboxset<CCTK_INT4,3>(set<bbox>:{([75,75,75]:[97,97,97]:[2,2,2]/[37,37,37]:[48,48,48]/[12,12,12]/1728)},stride:[2,2,2],offset:[1,1,1])
Determining domain outer boundary...
Refinement level 1: determining outer boundary...
Refinement level 1: physical coordinate boundary is at [[-10,-10,-10],[10,10,10]]
Refinement level 1: spacing is [0.5,0.5,0.5]
Refinement level 1: exterior coordinate boundary is at [[-10.25,-10.25,-10.25],[10.25,10.25,10.25]]
Refinement level 1: stride is [4,4,4]
Refinement level 1: physical boundary is at [[6,6,6],[162,162,162]]
Refinement level 1: reconstructed physical coordinate boundary is at [[-10,-10,-10],[10,10,10]]
Refinement level 1: exterior boundary is at [[2,2,2],[166,166,166]]
Refinement level 1: reconstructed exterior coordinate boundary is at [[-10.25,-10.25,-10.25],[10.25,10.25,10.25]]
Refinement level 1:
   Original regions are bboxset<CCTK_INT4,3>(set<bbox>:{([74,74,78]:[94,94,98]:[4,4,4]/[18,18,19]:[23,23,24]/[6,6,6]/216)},stride:[4,4,4],offset:[2,2,2])
Refinement level 1: ensuring proper nesting...
   New regions are bboxset<CCTK_INT4,3>(set<bbox>:{([54,54,54]:[118,118,118]:[4,4,4]/[13,13,13]:[29,29,29]/[17,17,17]/4913)},stride:[4,4,4],offset:[2,2,2])
Refinement level 1: adding buffer zones...
   New regions are bboxset<CCTK_INT4,3>(set<bbox>:{([50,50,50]:[122,122,122]:[4,4,4]/[12,12,12]:[30,30,30]/[19,19,19]/6859)},stride:[4,4,4],offset:[2,2,2])
INFO (CarpetRegrid2): Enforcing grid structure properties, iteration 0
Refinement level 1: enforcing granularity of 4...
   New regions are bboxset<CCTK_INT4,3>(set<bbox>:{([50,50,50]:[126,126,126]:[4,4,4]/[12,12,12]:[31,31,31]/[20,20,20]/8000)},stride:[4,4,4],offset:[2,2,2])
INFO (CarpetRegrid2): Enforcing grid structure properties, iteration 1
Refinement level 1:
   Final regions are bboxset<CCTK_INT4,3>(set<bbox>:{([50,50,50]:[126,126,126]:[4,4,4]/[12,12,12]:[31,31,31]/[20,20,20]/8000)},stride:[4,4,4],offset:[2,2,2])
INFO (Carpet): Grid structure (superregions, grid points):
   [0][0][0]   exterior: [0,0,0] : [21,21,21]   ([22,22,22] + PADDING) 10648
   [1][0][0]   exterior: [12,12,12] : [31,31,31]   ([20,20,20] + PADDING) 8000
   [2][0][0]   exterior: [37,37,37] : [48,48,48]   ([12,12,12] + PADDING) 1728
INFO (Carpet): Grid structure (superregions, coordinates):
   [0][0][0]   exterior: [-10.5,-10.5,-10.5] : [10.5,10.5,10.5] : [1,1,1]
   [1][0][0]   exterior: [-4.25,-4.25,-4.25] : [5.25,5.25,5.25] : [0.5,0.5,0.5]
   [2][0][0]   exterior: [-1.125,-1.125,-1.125] : [1.625,1.625,1.625] : [0.25,0.25,0.25]
INFO (Carpet): Global grid structure statistics:
INFO (Carpet): GF: rhs: 3k active, 4k owned (+31%), 7k total (+53%), 7 steps/time
INFO (Carpet): GF: vars: 4, pts: 0M active, 0M owned (+20%), 0M total (+49%), 1.0 comp/proc
INFO (Carpet): GA: vars: 235, pts: 0M active, 0M total (+0%)
INFO (Carpet): Total required memory: 0.001 GByte (for GAs and currently active GFs)
INFO (Carpet): Load balance:  min     avg     max     sdv     max/avg-1
INFO (Carpet): Level  0:       0M      0M      0M      0M owned     20%
INFO (Carpet): Level  1:       0M      0M      0M      0M owned     20%
INFO (Carpet): Level  2:       0M      0M      0M      0M owned     33%
INFO (CartGrid3D): Grid Spacings:
INFO (CartGrid3D): dx=>1.0000000e+00  dy=>1.0000000e+00  dz=>1.0000000e+00
INFO (CartGrid3D): Computational Coordinates:
INFO (CartGrid3D): x=>[-10.500,10.500]  y=>[-10.500,10.500]  z=>[-10.500,10.500]
INFO (CartGrid3D): Indices of Physical Coordinates:
INFO (CartGrid3D): x=>[0,21]  y=>[0,21]  z=>[0,21]
--------------------------------------------------------------------------------
Done.
+ echo Stopping:
Stopping:
+ date
Mon Dec 12 02:38:48 UTC 2022
+ echo Done.
Done.
  Elapsed time: 1.0 s
