/home/runner/simulations/TestJob01_temp_2/output-0000/TEST/sim/MemSpeed
Preparing:
+ set -e
+ cd output-0000-active
+ echo Checking:
Checking:
+ pwd
/home/runner/simulations/TestJob01_temp_2/output-0000/TEST/sim/MemSpeed/output-0000-active
+ hostname
fv-az2031-111
+ date
Mon Dec 23 21:45:51 UTC 2024
+ echo Environment:
Environment:
+ export CACTUS_NUM_PROCS=2
+ CACTUS_NUM_PROCS=2
+ export CACTUS_NUM_THREADS=1
+ CACTUS_NUM_THREADS=1
+ export GMON_OUT_PREFIX=gmon.out
+ GMON_OUT_PREFIX=gmon.out
+ export OMP_NUM_THREADS=1
+ OMP_NUM_THREADS=1
+ env
+ sort
+ echo Starting:
Starting:
++ date +%s
+ export CACTUS_STARTTIME=1734990351
+ CACTUS_STARTTIME=1734990351
+ '[' 2 = 1 ']'
+ mpirun -np 2 /home/runner/simulations/TestJob01_temp_2/SIMFACTORY/exe/cactus_sim -L 3 /home/runner/simulations/TestJob01_temp_2/output-0000/arrangements/CactusUtils/MemSpeed/test/memspeed.par
INFO (Cactus): Increased logging level from 0 to 3
--------------------------------------------------------------------------------

       10                                  
  1   0101       ************************  
  01  1010 10      The Cactus Code V4.17.0    
 1010 1101 011      www.cactuscode.org     
  1001 100101    ************************  
    00010101                               
     100011     (c) Copyright The Authors  
      0100      GNU Licensed. No Warranty  
      0101                                 
--------------------------------------------------------------------------------

Cactus version:    4.17.0
Compile date:      Dec 23 2024 (21:19:57)
Run date:          Dec 23 2024 (21:45:51+0000)
Run host:          fv-az2031-111.rag0t2s20xiu3oejmeweyzhkrf.bx.internal.cloudapp.net (pid=140271)
Working directory: /home/runner/simulations/TestJob01_temp_2/output-0000/TEST/sim/MemSpeed
Executable:        /home/runner/simulations/TestJob01_temp_2/SIMFACTORY/exe/cactus_sim
Parameter file:    /home/runner/simulations/TestJob01_temp_2/output-0000/arrangements/CactusUtils/MemSpeed/test/memspeed.par
--------------------------------------------------------------------------------

Activating thorn Cactus...Success -> active implementation Cactus
Activation requested for 
--->hwloc MemSpeed SystemTopology CartGrid3D CoordBase IOASCII IOUtil PUGH PUGHSlab<---
Thorn hwloc requests automatic activation of zlib
Thorn MemSpeed requests automatic activation of Vectors
Thorn MemSpeed requests automatic activation of MPI
Activating thorn CartGrid3D...Success -> active implementation grid
Activating thorn CoordBase...Success -> active implementation CoordBase
Activating thorn hwloc...Success -> active implementation hwloc
Activating thorn IOASCII...Success -> active implementation IOASCII
Activating thorn IOUtil...Success -> active implementation IO
Activating thorn MemSpeed...Success -> active implementation MemSpeed
Activating thorn MPI...Success -> active implementation MPI
Activating thorn PUGH...Success -> active implementation Driver
Activating thorn PUGHSlab...Success -> active implementation Hyperslab
Activating thorn SystemTopology...Success -> active implementation SystemTopology
Activating thorn Vectors...Success -> active implementation Vectors
Activating thorn zlib...Success -> active implementation zlib
--------------------------------------------------------------------------------
  if (recover initial data)
    Recover parameters
  endif

  Startup routines
    [CCTK_STARTUP]
      CartGrid3D::SymmetryStartup: Register GH Extension for GridSymmetry
      CoordBase::CoordBase_Startup: Register a GH extension to store the coordinate system handles
      GROUP hwloc_startup: hwloc startup group
        hwloc::hwloc_version: Output hwloc version
      SystemTopology::ST_system_topology: Output and/or modify system topology and hardware locality
      PUGH::Driver_Startup: Startup routine
      PUGH::PUGH_RegisterPUGHP2LRoutines: Register Physical to Logical process mapping routines
      PUGH::PUGH_RegisterPUGHTopologyRoutines: Register topology generation routines routines
      IOUtil::IOUtil_Startup: Startup routine
      Vectors::Vectors_Startup: Print startup message
      IOASCII::IOASCII_Startup: Startup routine

  Startup routines which need an existing grid hierarchy
    [CCTK_WRAGH]
      CartGrid3D::RegisterCartGrid3DCoords: [meta] Register coordinates for the Cartesian grid
      MemSpeed::MemSpeed_MeasureSpeed: [meta] Measure CPU, memory, cache speeds
  Parameter checking routines
    [CCTK_PARAMCHECK]
      CartGrid3D::ParamCheck_CartGrid3D: Check coordinates for CartGrid3D
      Vectors::Vectors_Test: Run correctness tests.

  Initialisation
    if (NOT (recover initial data AND recovery_mode is 'strict'))
      [CCTK_PREREGRIDINITIAL]
      Set up grid hierarchy
      [CCTK_POSTREGRIDINITIAL]
        CartGrid3D::SpatialCoordinates: Set Coordinates after regridding
      [CCTK_BASEGRID]
        CartGrid3D::SpatialSpacings: Set up ranges for spatial 3D Cartesian coordinates (on all grids)
        CartGrid3D::SpatialCoordinates: Set up spatial 3D Cartesian coordinates on the GH
        IOASCII::IOASCII_Choose1D: Choose 1D output lines
        IOASCII::IOASCII_Choose2D: Choose 2D output planes
        PUGH::PUGH_Report: Report on PUGH set up
      [CCTK_INITIAL]
      [CCTK_POSTINITIAL]
      Initialise finer grids recursively
      Restrict from finer grids
      [CCTK_POSTRESTRICTINITIAL]
      [CCTK_POSTPOSTINITIAL]
      [CCTK_POSTSTEP]
    endif
    if (recover initial data)
      [CCTK_BASEGRID]
        CartGrid3D::SpatialSpacings: Set up ranges for spatial 3D Cartesian coordinates (on all grids)
        CartGrid3D::SpatialCoordinates: Set up spatial 3D Cartesian coordinates on the GH
        IOASCII::IOASCII_Choose1D: Choose 1D output lines
        IOASCII::IOASCII_Choose2D: Choose 2D output planes
        PUGH::PUGH_Report: Report on PUGH set up
      [CCTK_RECOVER_VARIABLES]
      [CCTK_POST_RECOVER_VARIABLES]
    endif
    if (checkpoint initial data)
      [CCTK_CPINITIAL]
    endif
    if (analysis)
      [CCTK_ANALYSIS]
  endif
  Output grid variables

  do loop over timesteps
    [CCTK_PREREGRID]
    Change grid hierarchy
    [CCTK_POSTREGRID]
      CartGrid3D::SpatialCoordinates: Set Coordinates after regridding
    Rotate timelevels
    iteration = iteration+1
    t = t+dt
    [CCTK_PRESTEP]
    [CCTK_EVOL]
    Evolve finer grids recursively
    Restrict from finer grids
    [CCTK_POSTRESTRICT]
    [CCTK_POSTSTEP]
    if (checkpoint)
      [CCTK_CHECKPOINT]
    endif
    if (analysis)
      [CCTK_ANALYSIS]
    endif
    Output grid variables
    enddo

  Termination routines
    [CCTK_TERMINATE]
      PUGH::Driver_Terminate: Termination routine

  Shutdown routines
    [CCTK_SHUTDOWN]

  Routines run after changing the grid hierarchy:
    [CCTK_POSTREGRID]
      CartGrid3D::SpatialCoordinates: Set Coordinates after regridding
--------------------------------------------------------------------------------
INFO (hwloc): library version 2.7.0, API version 0x20500
INFO (SystemTopology): MPI process-to-host mapping:
This is MPI process 0 of 2
MPI hosts:
  0: fv-az2031-111
This MPI process runs on host 0 of 1
On this host, this is MPI process 0 of 2
INFO (SystemTopology): Topology support:
Discovery support:
  discovery->pu                            : yes
CPU binding support:
  cpubind->set_thisproc_cpubind            : yes
  cpubind->get_thisproc_cpubind            : yes
  cpubind->set_proc_cpubind                : yes
  cpubind->get_proc_cpubind                : yes
  cpubind->set_thisthread_cpubind          : yes
  cpubind->get_thisthread_cpubind          : yes
  cpubind->set_thread_cpubind              : yes
  cpubind->get_thread_cpubind              : yes
  cpubind->get_thisproc_last_cpu_location  : yes
  cpubind->get_proc_last_cpu_location      : yes
  cpubind->get_thisthread_last_cpu_location: yes
Memory binding support:
  membind->set_thisproc_membind            : no
  membind->get_thisproc_membind            : no
  membind->set_proc_membind                : no
  membind->get_proc_membind                : no
  membind->set_thisthread_membind          : yes
  membind->get_thisthread_membind          : yes
  membind->set_area_membind                : yes
  membind->get_area_membind                : yes
  membind->alloc_membind                   : yes
  membind->firsttouch_membind              : yes
  membind->bind_membind                    : yes
  membind->interleave_membind              : yes
  membind->nexttouch_membind               : no
  membind->migrate_membind                 : yes
INFO (SystemTopology): Hardware objects in this node:
Machine L#0: (P#0, total=16364592KB, DMIProductName="Virtual Machine", DMIProductVersion=7.0, DMIProductUUID=671614bd-3bae-d648-b161-3c5c88679683, DMIBoardVendor="Microsoft Corporation", DMIBoardName="Virtual Machine", DMIBoardVersion=7.0, DMIChassisVendor="Microsoft Corporation", DMIChassisType=3, DMIChassisVersion=7.0, DMIChassisAssetTag=7783-7084-3265-9085-8269-3286-77, DMIBIOSVendor="American Megatrends Inc.", DMIBIOSVersion="090008 ", DMIBIOSDate=12/07/2018, DMISysVendor="Microsoft Corporation", Backend=Linux, LinuxCgroup=/system.slice/runner-provisioner.service, OSName=Linux, OSRelease=6.5.0-1025-azure, OSVersion="#26~22.04.1-Ubuntu SMP Thu Jul 11 22:33:04 UTC 2024", HostName=fv-az2031-111, Architecture=x86_64, hwlocVersion=2.7.0, ProcessName=cactus_sim)
  Package L#0: (P#0, total=16364592KB, CPUVendor=AuthenticAMD, CPUFamilyNumber=25, CPUModelNumber=1, CPUModel="AMD EPYC 7763 64-Core Processor                ", CPUStepping=1)
    L3Cache L#0: (P#0, size=32768KB, linesize=64, ways=16, Inclusive=0)
      L2Cache L#0: (P#0, size=512KB, linesize=64, ways=8, Inclusive=1)
        L1dCache L#0: (P#0, size=32KB, linesize=64, ways=8, Inclusive=0)
          Core L#0: (P#0)
            PU L#0: (P#0)
            PU L#1: (P#1)
      L2Cache L#1: (P#1, size=512KB, linesize=64, ways=8, Inclusive=1)
        L1dCache L#1: (P#1, size=32KB, linesize=64, ways=8, Inclusive=0)
          Core L#1: (P#1)
            PU L#2: (P#2)
            PU L#3: (P#3)
INFO (SystemTopology): Thread CPU bindings:
  MPI process 0 on host 0 (process 0 of 2 on this host)
    OpenMP thread 0: PU set L#{0-1} P#{0-1}
  MPI process 1 on host 0 (process 1 of 2 on this host)
    OpenMP thread 0: PU set L#{2-3} P#{2-3}
INFO (SystemTopology): Setting thread CPU bindings:
INFO (SystemTopology): Thread CPU bindings:
  MPI process 0 on host 0 (process 0 of 2 on this host)
    OpenMP thread 0: PU set L#{0} P#{0}
  MPI process 1 on host 0 (process 1 of 2 on this host)
    OpenMP thread 0: PU set L#{2} P#{2}
INFO (SystemTopology): Extracting CPU/cache/memory properties:
  There are 2 PUs per core (aka hardware SMT threads)
  There are 1 threads per core (aka SMT threads used)
  Cache (unknown name) has type "data" depth 1
    size 32768 linesize 64 associativity 8 stride 4096, for 2 PUs
  Cache (unknown name) has type "unified" depth 2
    size 524288 linesize 64 associativity 8 stride 65536, for 2 PUs
  Cache (unknown name) has type "unified" depth 3
    size 33554432 linesize 64 associativity 16 stride 2097152, for 4 PUs
INFO (PUGH): Using physical to logical mappings: direct
INFO (PUGH): Using topology generator: automatic
INFO (Vectors): Using vector size 2 for architecture SSE2 (64-bit precision)
--------------------------------------------------------------------------------
Driver provided by PUGH
--------------------------------------------------------------------------------

INFO (PUGH): Not setting up a topology for 1 dimensions
INFO (PUGH): Not setting up a topology for 2 dimensions
INFO (PUGH): Setting up a topology for 3 dimensions
INFO (IOASCII): I/O Method 'IOASCII_1D' registered: output of 1D lines of grid functions/arrays to ASCII files
INFO (IOASCII): Periodic 1D output every 1 iterations
INFO (IOASCII): Periodic 1D output requested for 'GRID::r'
INFO (IOASCII): I/O Method 'IOASCII_2D' registered: output of 2D planes of grid functions/arrays to ASCII files
INFO (IOASCII): Periodic 2D output turned off
INFO (IOASCII): I/O Method 'IOASCII_3D' registered: output of 3D grid functions/arrays to ASCII files
INFO (IOASCII): Periodic 3D output turned off
INFO (MemSpeed): Measuring CPU, cache, memory, and communication speeds:
  Single-core measurements (using 1 MPI processes with 1 OpenMP threads each):
    CPU frequency:
      iterations=1000000... time=0.00124088 sec
      iterations=10000000... time=0.0124712 sec
      iterations=100000000... time=0.124616 sec
      iterations=900000000... time=1.11599 sec
      iterations=900000000... time=0.835883 sec
      result: 6.42605 GHz
    CPU floating point performance:
      iterations=1000000... time=0.00197937 sec
      iterations=10000000... time=0.0197143 sec
      iterations=100000000... time=0.197427 sec
      iterations=600000000... time=1.18405 sec
      result: 16.2156 Gflop/sec
    CPU integer performance:
      iterations=1000000... time=0.00189044 sec
      iterations=10000000... time=0.0185666 sec
      iterations=100000000... time=0.185791 sec
      iterations=600000000... time=1.11543 sec
      result: 8.60651 Giop/sec
    Read latency of D1 cache (for 2 PUs) (using 1*24576 bytes):
      iterations=1000... time=0.000125313 sec
      iterations=10000... time=0.00123766 sec
      iterations=100000... time=0.0123745 sec
      iterations=1000000... time=0.123705 sec
      iterations=9000000... time=1.11363 sec
      result: 1.23737 nsec
    Read latency of L2 cache (for 2 PUs) (using 1*393216 bytes):
      iterations=1000... time=0.000590411 sec
      iterations=10000... time=0.0054658 sec
      iterations=100000... time=0.0546448 sec
      iterations=1000000... time=0.546835 sec
      iterations=2000000... time=1.09611 sec
      result: 5.48054 nsec
    Read latency of L3 cache (for 4 PUs) (using 1*25165824 bytes):
      [skipped -- avoiding large-memory benchmarks]
    Read bandwidth of D1 cache (for 2 PUs) (using 1*24576 bytes):
      iterations=1... time=7.92e-07 sec
      iterations=10... time=6.602e-06 sec
      iterations=100... time=5.5363e-05 sec
      iterations=1000... time=0.000345845 sec
      iterations=10000... time=0.00268169 sec
      iterations=100000... time=0.0244633 sec
      iterations=1000000... time=0.243584 sec
      iterations=5000000... time=1.22213 sec
      result: 100.545 GByte/sec
    Read bandwidth of L2 cache (for 2 PUs) (using 1*393216 bytes):
      iterations=1... time=9.628e-06 sec
      iterations=10... time=6.6655e-05 sec
      iterations=100... time=0.00053111 sec
      iterations=1000... time=0.00527647 sec
      iterations=10000... time=0.0521911 sec
      iterations=100000... time=0.522278 sec
      iterations=200000... time=1.0444 sec
      result: 75.2996 GByte/sec
    Read bandwidth of L3 cache (for 4 PUs) (using 1*25165824 bytes):
      [skipped -- avoiding large-memory benchmarks]
    Write latency of D1 cache (for 2 PUs) (using 1*24576 bytes):
      iterations=1000... time=3.587e-06 sec
      iterations=10000... time=3.1829e-05 sec
      iterations=100000... time=0.000256338 sec
      iterations=1000000... time=0.00249406 sec
      iterations=10000000... time=0.024768 sec
      iterations=100000000... time=0.249913 sec
      iterations=400000000... time=0.990605 sec
      iterations=800000000... time=1.9833 sec
      result: 0.30989 nsec
    Write latency of L2 cache (for 2 PUs) (using 1*393216 bytes):
      iterations=1000... time=3.9894e-05 sec
      iterations=10000... time=0.00013476 sec
      iterations=100000... time=0.0010208 sec
      iterations=1000000... time=0.00952287 sec
      iterations=10000000... time=0.0950907 sec
      iterations=100000000... time=0.952252 sec
      iterations=200000000... time=1.90437 sec
      result: 1.19023 nsec
    Write latency of L3 cache (for 4 PUs) (using 1*25165824 bytes):
      [skipped -- avoiding large-memory benchmarks]
    Write bandwidth of D1 cache (for 2 PUs) (using 1*24576 bytes):
      iterations=1... time=5.61e-07 sec
      iterations=10... time=4.018e-06 sec
      iterations=100... time=4.1648e-05 sec
      iterations=1000... time=0.000294909 sec
      iterations=10000... time=0.00279534 sec
      iterations=100000... time=0.0285841 sec
      iterations=1000000... time=0.279407 sec
      iterations=4000000... time=1.10904 sec
      result: 88.6389 GByte/sec
    Write bandwidth of L2 cache (for 2 PUs) (using 1*393216 bytes):
      iterations=1... time=1.3515e-05 sec
      iterations=10... time=8.7443e-05 sec
      iterations=100... time=0.000702408 sec
      iterations=1000... time=0.00530018 sec
      iterations=10000... time=0.047546 sec
      iterations=100000... time=0.475209 sec
      iterations=200000... time=0.945789 sec
      iterations=400000... time=1.89014 sec
      result: 83.2142 GByte/sec
    Write bandwidth of L3 cache (for 4 PUs) (using 1*25165824 bytes):
      [skipped -- avoiding large-memory benchmarks]
    Stencil code performance of D1 cache (for 2 PUs) (using 1*12^3 grid points, 1*27648 bytes):
      iterations=1... time=3.0908e-05 sec
      iterations=10... time=0.000360031 sec
      iterations=100... time=0.00381691 sec
      iterations=1000... time=0.037727 sec
      iterations=10000... time=0.371955 sec
      iterations=30000... time=1.11513 sec
      result: 0.0464878 Gupdates/sec
    Stencil code performance of L2 cache (for 2 PUs) (using 1*29^3 grid points, 1*390224 bytes):
      iterations=1... time=0.000179805 sec
      iterations=10... time=0.00175306 sec
      iterations=100... time=0.0184443 sec
      iterations=1000... time=0.188835 sec
      iterations=6000... time=1.13859 sec
      result: 0.128522 Gupdates/sec
    Stencil code performance of L3 cache (for 4 PUs) (using 1*116^3 grid points, 1*24974336 bytes):
      iterations=1... time=0.00478265 sec
      iterations=10... time=0.0498809 sec
      iterations=100... time=0.474803 sec
      iterations=200... time=0.960545 sec
      iterations=400... time=1.95725 sec
      result: 0.318998 Gupdates/sec
  Single-node measurements (using 2 MPI processes with 1 OpenMP threads each):
    CPU frequency:
      iterations=1000000... time=0.00126326 sec
      iterations=10000000... time=0.0124281 sec
      iterations=100000000... time=0.123804 sec
      iterations=900000000... time=1.11731 sec
      iterations=900000000... time=0.835645 sec
      result: 6.39067 GHz
    CPU floating point performance:
      iterations=1000000... time=0.00196915 sec
      iterations=10000000... time=0.0197431 sec
      iterations=100000000... time=0.197259 sec
      iterations=600000000... time=1.18369 sec
      result: 16.2205 Gflop/sec
    CPU integer performance:
      iterations=1000000... time=0.00187057 sec
      iterations=10000000... time=0.0185707 sec
      iterations=100000000... time=0.185616 sec
      iterations=600000000... time=1.11695 sec
      result: 8.5948 Giop/sec
    Read latency of D1 cache (for 2 PUs) (using 2*24576 bytes):
      iterations=1000... time=0.000126406 sec
      iterations=10000... time=0.0012381 sec
      iterations=100000... time=0.0123731 sec
      iterations=1000000... time=0.123749 sec
      iterations=9000000... time=1.11348 sec
      result: 1.23721 nsec
    Read latency of L2 cache (for 2 PUs) (using 2*393216 bytes):
      iterations=1000... time=0.000419432 sec
      iterations=10000... time=0.00405796 sec
      iterations=100000... time=0.0403559 sec
      iterations=1000000... time=0.40226 sec
      iterations=3000000... time=1.20769 sec
      result: 4.02563 nsec
    Read latency of L3 cache (for 4 PUs) (using 1*25165824 bytes):
      [skipped -- too many MPI processes]
    Read bandwidth of D1 cache (for 2 PUs) (using 2*24576 bytes):
      iterations=1... time=4.905e-07 sec
      iterations=10... time=4.288e-06 sec
      iterations=100... time=4.13665e-05 sec
      iterations=1000... time=0.000298131 sec
      iterations=10000... time=0.00260288 sec
      iterations=100000... time=0.0244512 sec
      iterations=1000000... time=0.24429 sec
      iterations=5000000... time=1.21894 sec
      result: 100.809 GByte/sec
    Read bandwidth of L2 cache (for 2 PUs) (using 2*393216 bytes):
      iterations=1... time=1.0229e-05 sec
      iterations=10... time=8.2534e-05 sec
      iterations=100... time=0.00057424 sec
      iterations=1000... time=0.00524475 sec
      iterations=10000... time=0.0527315 sec
      iterations=100000... time=0.508636 sec
      iterations=200000... time=1.01886 sec
      result: 77.1873 GByte/sec
    Read bandwidth of L3 cache (for 4 PUs) (using 1*25165824 bytes):
      [skipped -- too many MPI processes]
    Write latency of D1 cache (for 2 PUs) (using 2*24576 bytes):
      iterations=1000... time=3.6465e-06 sec
      iterations=10000... time=3.2886e-05 sec
      iterations=100000... time=0.000256182 sec
      iterations=1000000... time=0.00248326 sec
      iterations=10000000... time=0.0247821 sec
      iterations=100000000... time=0.248517 sec
      iterations=400000000... time=0.99115 sec
      iterations=800000000... time=1.98331 sec
      result: 0.309893 nsec
    Write latency of L2 cache (for 2 PUs) (using 2*393216 bytes):
      iterations=1000... time=2.5287e-05 sec
      iterations=10000... time=0.000181318 sec
      iterations=100000... time=0.00123076 sec
      iterations=1000000... time=0.0126564 sec
      iterations=10000000... time=0.126501 sec
      iterations=90000000... time=1.13956 sec
      result: 1.58272 nsec
    Write latency of L3 cache (for 4 PUs) (using 1*25165824 bytes):
      [skipped -- too many MPI processes]
    Write bandwidth of D1 cache (for 2 PUs) (using 2*24576 bytes):
      iterations=1... time=5.21e-07 sec
      iterations=10... time=4.4285e-06 sec
      iterations=100... time=3.9233e-05 sec
      iterations=1000... time=0.000283639 sec
      iterations=10000... time=0.00270394 sec
      iterations=100000... time=0.0268663 sec
      iterations=1000000... time=0.268866 sec
      iterations=4000000... time=1.07863 sec
      result: 91.138 GByte/sec
    Write bandwidth of L2 cache (for 2 PUs) (using 2*393216 bytes):
      iterations=1... time=1.47325e-05 sec
      iterations=10... time=8.86445e-05 sec
      iterations=100... time=0.000585475 sec
      iterations=1000... time=0.00489025 sec
      iterations=10000... time=0.0481382 sec
      iterations=100000... time=0.462838 sec
      iterations=200000... time=0.926739 sec
      iterations=400000... time=1.85425 sec
      result: 84.8247 GByte/sec
    Write bandwidth of L3 cache (for 4 PUs) (using 1*25165824 bytes):
      [skipped -- too many MPI processes]
    Stencil code performance of D1 cache (for 2 PUs) (using 1*12^3 grid points, 1*27648 bytes):
      [skipped -- too many MPI processes]
    Stencil code performance of L2 cache (for 2 PUs) (using 1*29^3 grid points, 1*390224 bytes):
      [skipped -- too many MPI processes]
    Stencil code performance of L3 cache (for 4 PUs) (using 1*116^3 grid points, 1*24974336 bytes):
      [skipped -- too many MPI processes]
  Single-node measurements:
    MPI latency: 641 nsec
    MPI bandwidth: 9.7125 GByte/sec
INFO (Vectors): Testing vectorisation... [errors may result in segfaults]
INFO (Vectors): 375/375 tests passed 
INFO (CartGrid3D): Grid Spacings:
INFO (CartGrid3D): dx=>1.1111111e-01  dy=>1.1111111e-01  dz=>1.1111111e-01
INFO (CartGrid3D): Computational Coordinates:
INFO (CartGrid3D): x=>[-0.500, 0.500]  y=>[-0.500, 0.500]  z=>[-0.500, 0.500]
INFO (CartGrid3D): Indices of Physical Coordinates:
INFO (CartGrid3D): x=>[0,9]  y=>[0,9]  z=>[0,9]
INFO (PUGH): MPI Evolution on 2 processors
INFO (PUGH): 3-dimensional grid functions
INFO (PUGH):   Size: 10 10 10
INFO (PUGH):   Processor topology: 2 x 1 x 1
INFO (PUGH):   Local load: 600   [6 x 10 x 10]
INFO (PUGH):   Maximum load skew: 0.000000
--------------------------------------------------------------------------------
Done.
+ echo Stopping:
Stopping:
+ date
Mon Dec 23 21:46:40 UTC 2024
+ echo Done.
Done.
  Elapsed time: 49.5 s
