/home/runner/simulations/TestJob01_temp_1/output-0000/TEST/sim/BoxInBox
Preparing:
+ set -e
+ cd output-0000-active
+ echo Checking:
Checking:
+ pwd
/home/runner/simulations/TestJob01_temp_1/output-0000/TEST/sim/BoxInBox/output-0000-active
+ hostname
fv-az1014-109
+ date
Thu Dec  7 22:46:41 UTC 2023
+ echo Environment:
Environment:
+ export CACTUS_NUM_PROCS=1
+ CACTUS_NUM_PROCS=1
+ export CACTUS_NUM_THREADS=2
+ CACTUS_NUM_THREADS=2
+ export GMON_OUT_PREFIX=gmon.out
+ GMON_OUT_PREFIX=gmon.out
+ export OMP_NUM_THREADS=2
+ OMP_NUM_THREADS=2
+ env
+ sort
+ echo Starting:
Starting:
++ date +%s
+ export CACTUS_STARTTIME=1701989201
+ CACTUS_STARTTIME=1701989201
+ '[' 1 = 1 ']'
+ '[' 0 -eq 0 ']'
+ /home/runner/simulations/TestJob01_temp_1/SIMFACTORY/exe/cactus_sim -L 3 /home/runner/simulations/TestJob01_temp_1/output-0000/arrangements/CarpetX/BoxInBox/test/levels3.par
INFO (Cactus): Increased logging level from 0 to 3
--------------------------------------------------------------------------------

       10                                  
  1   0101       ************************  
  01  1010 10      The Cactus Code V4.14.0    
 1010 1101 011      www.cactuscode.org     
  1001 100101    ************************  
    00010101                               
     100011     (c) Copyright The Authors  
      0100      GNU Licensed. No Warranty  
      0101                                 
--------------------------------------------------------------------------------

Cactus version:    4.14.0
Compile date:      Dec 07 2023 (22:44:52)
Run date:          Dec 07 2023 (22:46:42+0000)
Run host:          fv-az1014-109 (pid=127667)
Working directory: /home/runner/simulations/TestJob01_temp_1/output-0000/TEST/sim/BoxInBox
Executable:        /home/runner/simulations/TestJob01_temp_1/SIMFACTORY/exe/cactus_sim
Parameter file:    /home/runner/simulations/TestJob01_temp_1/output-0000/arrangements/CarpetX/BoxInBox/test/levels3.par
--------------------------------------------------------------------------------

Activating thorn Cactus...Success -> active implementation Cactus
Activation requested for 
--->BoxInBox CarpetX CoordinatesX IOUtil<---
Thorn BoxInBox requests automatic activation of Loop
Thorn CarpetX requests automatic activation of AMReX
Thorn CarpetX requests automatic activation of MPI
Thorn CarpetX requests automatic activation of yaml_cpp
Thorn CarpetX requests automatic activation of zlib
Thorn CarpetX requests automatic activation of Arith
Thorn CarpetX requests automatic activation of ADIOS2
Thorn CarpetX requests automatic activation of openPMD
Thorn CarpetX requests automatic activation of Silo
Thorn Arith requests automatic activation of NSIMD
Thorn MPI requests automatic activation of hwloc
Thorn openPMD requests automatic activation of HDF5
Activating thorn ADIOS2...Success -> active implementation ADIOS2
Activating thorn AMReX...Success -> active implementation AMReX
Activating thorn Arith...Success -> active implementation Arith
Activating thorn BoxInBox...Success -> active implementation BoxInBox
Activating thorn CarpetX...Success -> active implementation CarpetX
Activating thorn CoordinatesX...Success -> active implementation CoordinatesX
Activating thorn HDF5...Success -> active implementation HDF5
Activating thorn hwloc...Success -> active implementation hwloc
Activating thorn IOUtil...Success -> active implementation IO
Activating thorn Loop...Success -> active implementation Loop
Activating thorn MPI...Success -> active implementation MPI
Activating thorn NSIMD...Success -> active implementation NSIMD
Activating thorn openPMD...Success -> active implementation openPMD
Activating thorn Silo...Success -> active implementation Silo
Activating thorn yaml_cpp...Success -> active implementation yaml_cpp
Activating thorn zlib...Success -> active implementation zlib
INFO (hwloc): library version 2.7.0, API version 0x20500
--------------------------------------------------------------------------------

  [34m  ▕▏  [34m  ▕▏  [34m  ▕▏  [34m  ▕▏  [34m  ▕▏  [34m  ▕▏  [34m  ▕▏  [34m  ▕▏  [34m  ▕▏  [39m  
  [34m──██──[34m──██──[34m──██──[34m──██──[34m──██──[34m──██──[34m──██──[34m──██──[34m──██──[39m  
  [34m  ▕▏  [34m  ▕▏  [34m  ▕▏  [34m  ▕▏  [34m  ▕▏  [34m  ▕▏  [34m  ▕▏  [34m  ▕▏  [34m  ▕▏  [39m  
  [34m  ▕▏  [32m██████[34m  ▕▏  [34m  ▕▏  [32m██████[34m  ▕▏  [34m  ▕▏  [32m██████[34m  ▕▏  [39m  
  [34m──██──[32m██████[34m──██──[34m──██──[32m██████[34m──██──[34m──██──[32m██████[34m──██──[39m  
  [34m  ▕▏  [32m██████[34m  ▕▏  [34m  ▕▏  [32m██████[34m  ▕▏  [34m  ▕▏  [32m██████[34m  ▕▏  [39m  
  [34m  ▕▏  [34m  ▕▏  [34m  ▕▏  [34m  ▕▏  [34m  ▕▏  [34m  ▕▏  [34m  ▕▏  [34m  ▕▏  [34m  ▕▏  [39m  
  [34m──██──[34m──██──[34m──██──[34m──██──[34m──██──[34m──██──[34m──██──[34m──██──[34m──██──[39m  
  [34m  ▕▏  [34m  ▕▏  [34m  ▕▏  [34m  ▕▏  [34m  ▕▏  [34m  ▕▏  [34m  ▕▏  [34m  ▕▏  [34m  ▕▏  [39m  
  [34m  ▕▏  [34m  ▕▏  [34m  ▕▏  [31m██████[31m██████[31m██████[34m  ▕▏  [34m  ▕▏  [34m  ▕▏  [39m  
  [34m──██──[34m──██──[34m──██──[31m██████[31m██████[31m██████[34m──██──[34m──██──[34m──██──[39m  
  [34m  ▕▏  [34m  ▕▏  [34m  ▕▏  [31m██████[31m██████[31m██████[34m  ▕▏  [34m  ▕▏  [34m  ▕▏  [39m  
  [34m  ▕▏  [32m██████[34m  ▕▏  [31m██████[31m██████[31m██████[34m  ▕▏  [32m██████[34m  ▕▏  [39m  
  [34m──██──[32m██████[34m──██──[31m██████[31m██████[31m██████[34m──██──[32m██████[34m──██──[39m  
  [34m  ▕▏  [32m██████[34m  ▕▏  [31m██████[31m██████[31m██████[34m  ▕▏  [32m██████[34m  ▕▏  [39m  
  [34m  ▕▏  [34m  ▕▏  [34m  ▕▏  [31m██████[31m██████[31m██████[34m  ▕▏  [34m  ▕▏  [34m  ▕▏  [39m  
  [34m──██──[34m──██──[34m──██──[31m██████[31m██████[31m██████[34m──██──[34m──██──[34m──██──[39m  
  [34m  ▕▏  [34m  ▕▏  [34m  ▕▏  [31m██████[31m██████[31m██████[34m  ▕▏  [34m  ▕▏  [34m  ▕▏  [39m  
  [34m  ▕▏  [34m  ▕▏  [34m  ▕▏  [34m  ▕▏  [34m  ▕▏  [34m  ▕▏  [34m  ▕▏  [34m  ▕▏  [34m  ▕▏  [39m  
  [34m──██──[34m──██──[34m──██──[34m──██──[34m──██──[34m──██──[34m──██──[34m──██──[34m──██──[39m  
  [34m  ▕▏  [34m  ▕▏  [34m  ▕▏  [34m  ▕▏  [34m  ▕▏  [34m  ▕▏  [34m  ▕▏  [34m  ▕▏  [34m  ▕▏  [39m  
  [34m  ▕▏  [32m██████[34m  ▕▏  [34m  ▕▏  [32m██████[34m  ▕▏  [34m  ▕▏  [32m██████[34m  ▕▏  [39m  
  [34m──██──[32m██████[34m──██──[34m──██──[32m██████[34m──██──[34m──██──[32m██████[34m──██──[39m  
  [34m  ▕▏  [32m██████[34m  ▕▏  [34m  ▕▏  [32m██████[34m  ▕▏  [34m  ▕▏  [32m██████[34m  ▕▏  [39m  
  [34m  ▕▏  [34m  ▕▏  [34m  ▕▏  [34m  ▕▏  [34m  ▕▏  [34m  ▕▏  [34m  ▕▏  [34m  ▕▏  [34m  ▕▏  [39m  
  [34m──██──[34m──██──[34m──██──[34m──██──[34m──██──[34m──██──[34m──██──[34m──██──[34m──██──[39m  
  [34m  ▕▏  [34m  ▕▏  [34m  ▕▏  [34m  ▕▏  [34m  ▕▏  [34m  ▕▏  [34m  ▕▏  [34m  ▕▏  [34m  ▕▏  [39m  

AMR driver provided by CarpetX,
using AMReX 23.08 (MPI, OpenMP, no accelerators, debug)
--------------------------------------------------------------------------------

MPI initialized with 1 MPI processes
MPI initialized with thread support level 2
OMP initialized with 2 OMP threads
AMReX (23.08) initialized
INFO (CarpetX): 
Symmetries:
  lower x: none
  lower y: none
  lower z: none
  upper x: none
  upper y: none
  upper z: none
Default boundaries:
  lower x: dirichlet
  lower y: dirichlet
  lower z: dirichlet
  upper x: dirichlet
  upper y: dirichlet
  upper z: dirichlet
INFO (Arith): Test_smallvector
INFO (Arith): Test_spvect
INFO (CarpetX): Setting up initial conditions...
INFO (CarpetX): Iteration: 0   time: 0   delta_time: 0.03125
INFO (CarpetX): Patch 0:
INFO (CarpetX):   Grid extent:
INFO (CarpetX):     gsh=[35,35,35]
INFO (CarpetX):     blocking_factor=[8,8,8]
INFO (CarpetX):     max_grid_size=[32,32,32]
INFO (CarpetX):     max_tile_size=[1024000,16,32]
INFO (CarpetX):   Domain extent:
INFO (CarpetX):     xmin=[-1,-1,-1]
INFO (CarpetX):     xmax=[1,1,1]
INFO (CarpetX):     base dx=[0.0625,0.0625,0.0625]
INFO (CarpetX): Initializing level 0...
INFO (CarpetX): Regridding...
INFO (CarpetX):   level 0: 1 boxes, 32768 cells (100%)
INFO (CarpetX):   level 1: 1 boxes, 32768 cells (12.5%, 12%)
INFO (CarpetX): Iteration: 0   time: 0   delta_time: 0.015625
INFO (CarpetX): Initializing level 1...
INFO (CarpetX): Regridding...
INFO (CarpetX):   level 0: 1 boxes, 32768 cells (100%)
INFO (CarpetX):   level 1: 1 boxes, 32768 cells (12.5%, 12%)
INFO (CarpetX):   level 2: 1 boxes, 32768 cells (1.562%, 12%)
INFO (CarpetX): Iteration: 0   time: 0   delta_time: 0.0078125
INFO (CarpetX): Initializing level 2...
INFO (CarpetX): Regridding...
INFO (CarpetX):   level 0: 1 boxes, 32768 cells (100%)
INFO (CarpetX):   level 1: 1 boxes, 32768 cells (12.5%, 12%)
INFO (CarpetX):   level 2: 1 boxes, 32768 cells (1.562%, 12%)
INFO (CarpetX): Initialized 3 levels
INFO (CarpetX): OutputGH: iteration 0, time 0.000000, run time 1 s
INFO (CarpetX): OutputADIOS2...
INFO (CarpetX): OutputGH done.
INFO (CarpetX): Starting evolution...
INFO (CarpetX): Regridding...
INFO (CarpetX):   old levels 3, new levels 3
INFO (CarpetX):   level 0: 1 boxes, 32768 cells (100%)
INFO (CarpetX):   level 1: 1 boxes, 32768 cells (12.5%, 12%)
INFO (CarpetX):   level 2: 1 boxes, 32768 cells (1.562%, 12%)
INFO (CarpetX): OutputGH: iteration 1, time 0.007812, run time 1 s
INFO (CarpetX): OutputGH done.
INFO (CarpetX): Simulation time: 0.0078125   Iterations per second: 98.1652   Simulation time per second: 0.766916
INFO (CarpetX): Grid cells: 98304   Grid cell updates per second: 9.65003e+06
INFO (CarpetX): Performance:
INFO (CarpetX):   total evolution time:            0.0101869 sec
INFO (CarpetX):   total evolution compute time:    0.0101819 sec
INFO (CarpetX):   total evolution output time:     5.00679e-06 sec
INFO (CarpetX):   total iterations:                1
INFO (CarpetX):   total cells updated:             98304
INFO (CarpetX):   average iterations per second: 98.1652
INFO (CarpetX):   average cell updates per second: 9.65003e+06
INFO (CarpetX): Regridding...
INFO (CarpetX):   old levels 3, new levels 3
INFO (CarpetX):   level 0: 1 boxes, 32768 cells (100%)
INFO (CarpetX):   level 1: 1 boxes, 32768 cells (12.5%, 12%)
INFO (CarpetX):   level 2: 1 boxes, 32768 cells (1.562%, 12%)
INFO (CarpetX): OutputGH: iteration 2, time 0.015625, run time 1 s
INFO (CarpetX): OutputGH done.
INFO (CarpetX): Simulation time: 0.015625   Iterations per second: 98.9806   Simulation time per second: 0.773286
INFO (CarpetX): Grid cells: 98304   Grid cell updates per second: 9.73019e+06
INFO (CarpetX): Performance:
INFO (CarpetX):   total evolution time:            0.0202899 sec
INFO (CarpetX):   total evolution compute time:    0.0202799 sec
INFO (CarpetX):   total evolution output time:     1.00136e-05 sec
INFO (CarpetX):   total iterations:                2
INFO (CarpetX):   total cells updated:             196608
INFO (CarpetX):   average iterations per second: 98.5712
INFO (CarpetX):   average cell updates per second: 9.68995e+06
INFO (CarpetX): Regridding...
INFO (CarpetX):   old levels 3, new levels 3
INFO (CarpetX):   level 0: 1 boxes, 32768 cells (100%)
INFO (CarpetX):   level 1: 1 boxes, 32768 cells (12.5%, 12%)
INFO (CarpetX):   level 2: 1 boxes, 32768 cells (1.562%, 12%)
INFO (CarpetX): OutputGH: iteration 3, time 0.023438, run time 1 s
INFO (CarpetX): OutputGH done.
INFO (CarpetX): Simulation time: 0.0234375   Iterations per second: 98.9013   Simulation time per second: 0.772666
INFO (CarpetX): Grid cells: 98304   Grid cell updates per second: 9.72239e+06
INFO (CarpetX): Performance:
INFO (CarpetX):   total evolution time:            0.030401 sec
INFO (CarpetX):   total evolution compute time:    0.03037 sec
INFO (CarpetX):   total evolution output time:     3.09944e-05 sec
INFO (CarpetX):   total iterations:                3
INFO (CarpetX):   total cells updated:             294912
INFO (CarpetX):   average iterations per second: 98.681
INFO (CarpetX):   average cell updates per second: 9.70074e+06
INFO (CarpetX): Regridding...
INFO (CarpetX):   old levels 3, new levels 3
INFO (CarpetX):   level 0: 1 boxes, 32768 cells (100%)
INFO (CarpetX):   level 1: 1 boxes, 32768 cells (12.5%, 12%)
INFO (CarpetX):   level 2: 1 boxes, 32768 cells (1.562%, 12%)
INFO (CarpetX): OutputGH: iteration 4, time 0.031250, run time 1 s
INFO (CarpetX): OutputGH done.
INFO (CarpetX): Simulation time: 0.03125   Iterations per second: 98.8523   Simulation time per second: 0.772284
INFO (CarpetX): Grid cells: 98304   Grid cell updates per second: 9.71758e+06
INFO (CarpetX): Performance:
INFO (CarpetX):   total evolution time:            0.0405171 sec
INFO (CarpetX):   total evolution compute time:    0.0404801 sec
INFO (CarpetX):   total evolution output time:     3.69549e-05 sec
INFO (CarpetX):   total iterations:                4
INFO (CarpetX):   total cells updated:             393216
INFO (CarpetX):   average iterations per second: 98.7238
INFO (CarpetX):   average cell updates per second: 9.70494e+06
INFO (CarpetX): Regridding...
INFO (CarpetX):   old levels 3, new levels 3
INFO (CarpetX):   level 0: 1 boxes, 32768 cells (100%)
INFO (CarpetX):   level 1: 1 boxes, 32768 cells (12.5%, 12%)
INFO (CarpetX):   level 2: 1 boxes, 32768 cells (1.562%, 12%)
INFO (CarpetX): OutputGH: iteration 5, time 0.039062, run time 1 s
INFO (CarpetX): OutputGH done.
INFO (CarpetX): Simulation time: 0.0390625   Iterations per second: 99.384   Simulation time per second: 0.776438
INFO (CarpetX): Grid cells: 98304   Grid cell updates per second: 9.76985e+06
INFO (CarpetX): Performance:
INFO (CarpetX):   total evolution time:            0.0505791 sec
INFO (CarpetX):   total evolution compute time:    0.0505381 sec
INFO (CarpetX):   total evolution output time:     4.1008e-05 sec
INFO (CarpetX):   total iterations:                5
INFO (CarpetX):   total cells updated:             491520
INFO (CarpetX):   average iterations per second: 98.8551
INFO (CarpetX):   average cell updates per second: 9.71785e+06
INFO (CarpetX): Regridding...
INFO (CarpetX):   old levels 3, new levels 3
INFO (CarpetX):   level 0: 1 boxes, 32768 cells (100%)
INFO (CarpetX):   level 1: 1 boxes, 32768 cells (12.5%, 12%)
INFO (CarpetX):   level 2: 1 boxes, 32768 cells (1.562%, 12%)
INFO (CarpetX): OutputGH: iteration 6, time 0.046875, run time 1 s
INFO (CarpetX): OutputGH done.
INFO (CarpetX): Simulation time: 0.046875   Iterations per second: 99.3746   Simulation time per second: 0.776364
INFO (CarpetX): Grid cells: 98304   Grid cell updates per second: 9.76892e+06
INFO (CarpetX): Performance:
INFO (CarpetX):   total evolution time:            0.060642 sec
INFO (CarpetX):   total evolution compute time:    0.0605969 sec
INFO (CarpetX):   total evolution output time:     4.50611e-05 sec
INFO (CarpetX):   total iterations:                6
INFO (CarpetX):   total cells updated:             589824
INFO (CarpetX):   average iterations per second: 98.9413
INFO (CarpetX):   average cell updates per second: 9.72633e+06
INFO (CarpetX): Regridding...
INFO (CarpetX):   old levels 3, new levels 3
INFO (CarpetX):   level 0: 1 boxes, 32768 cells (100%)
INFO (CarpetX):   level 1: 1 boxes, 32768 cells (12.5%, 12%)
INFO (CarpetX):   level 2: 1 boxes, 32768 cells (1.562%, 12%)
INFO (CarpetX): OutputGH: iteration 7, time 0.054688, run time 1 s
INFO (CarpetX): OutputGH done.
INFO (CarpetX): Simulation time: 0.0546875   Iterations per second: 99.4712   Simulation time per second: 0.777119
INFO (CarpetX): Grid cells: 98304   Grid cell updates per second: 9.77842e+06
INFO (CarpetX): Performance:
INFO (CarpetX):   total evolution time:            0.0706952 sec
INFO (CarpetX):   total evolution compute time:    0.070646 sec
INFO (CarpetX):   total evolution output time:     4.91142e-05 sec
INFO (CarpetX):   total iterations:                7
INFO (CarpetX):   total cells updated:             688128
INFO (CarpetX):   average iterations per second: 99.0167
INFO (CarpetX):   average cell updates per second: 9.73374e+06
INFO (CarpetX): Regridding...
INFO (CarpetX):   old levels 3, new levels 3
INFO (CarpetX):   level 0: 1 boxes, 32768 cells (100%)
INFO (CarpetX):   level 1: 1 boxes, 32768 cells (12.5%, 12%)
INFO (CarpetX):   level 2: 1 boxes, 32768 cells (1.562%, 12%)
INFO (CarpetX): OutputGH: iteration 8, time 0.062500, run time 1 s
INFO (CarpetX): OutputGH done.
INFO (CarpetX): Simulation time: 0.0625   Iterations per second: 99.2241   Simulation time per second: 0.775189
INFO (CarpetX): Grid cells: 98304   Grid cell updates per second: 9.75413e+06
INFO (CarpetX): Performance:
INFO (CarpetX):   total evolution time:            0.0807734 sec
INFO (CarpetX):   total evolution compute time:    0.0807202 sec
INFO (CarpetX):   total evolution output time:     5.31673e-05 sec
INFO (CarpetX):   total iterations:                8
INFO (CarpetX):   total cells updated:             786432
INFO (CarpetX):   average iterations per second: 99.0426
INFO (CarpetX):   average cell updates per second: 9.73628e+06
INFO (CarpetX): Regridding...
INFO (CarpetX):   old levels 3, new levels 3
INFO (CarpetX):   level 0: 1 boxes, 32768 cells (100%)
INFO (CarpetX):   level 1: 1 boxes, 32768 cells (12.5%, 12%)
INFO (CarpetX):   level 2: 1 boxes, 32768 cells (1.562%, 12%)
INFO (CarpetX): OutputGH: iteration 9, time 0.070312, run time 1 s
INFO (CarpetX): OutputGH done.
INFO (CarpetX): Simulation time: 0.0703125   Iterations per second: 99.3934   Simulation time per second: 0.776511
INFO (CarpetX): Grid cells: 98304   Grid cell updates per second: 9.77077e+06
INFO (CarpetX): Performance:
INFO (CarpetX):   total evolution time:            0.0908344 sec
INFO (CarpetX):   total evolution compute time:    0.0907772 sec
INFO (CarpetX):   total evolution output time:     5.72205e-05 sec
INFO (CarpetX):   total iterations:                9
INFO (CarpetX):   total cells updated:             884736
INFO (CarpetX):   average iterations per second: 99.0814
INFO (CarpetX):   average cell updates per second: 9.7401e+06
INFO (CarpetX): Regridding...
INFO (CarpetX):   old levels 3, new levels 3
INFO (CarpetX):   level 0: 1 boxes, 32768 cells (100%)
INFO (CarpetX):   level 1: 1 boxes, 32768 cells (12.5%, 12%)
INFO (CarpetX):   level 2: 1 boxes, 32768 cells (1.562%, 12%)
INFO (CarpetX): OutputGH: iteration 10, time 0.078125, run time 1 s
INFO (CarpetX): OutputADIOS2...
INFO (CarpetX): OutputGH done.
INFO (CarpetX): Simulation time: 0.078125   Iterations per second: 45.0042   Simulation time per second: 0.351596
INFO (CarpetX): Grid cells: 98304   Grid cell updates per second: 4.4241e+06
INFO (CarpetX): Performance:
INFO (CarpetX):   total evolution time:            0.113055 sec
INFO (CarpetX):   total evolution compute time:    0.100834 sec
INFO (CarpetX):   total evolution output time:     0.0122204 sec
INFO (CarpetX):   total iterations:                10
INFO (CarpetX):   total cells updated:             983040
INFO (CarpetX):   average iterations per second: 88.4529
INFO (CarpetX):   average cell updates per second: 8.69527e+06
INFO (CarpetX): Shutting down...
AMReX (23.08) finalized
--------------------------------------------------------------------------------
Done.
+ echo Stopping:
Stopping:
+ date
Thu Dec  7 22:46:42 UTC 2023
+ echo Done.
Done.
  Elapsed time: 0.9 s
