/home/runner/simulations/TestJob01_temp_1/output-0000/TEST/sim/MemSpeed
Preparing:
+ set -e
+ cd output-0000-active
+ echo Checking:
Checking:
+ pwd
/home/runner/simulations/TestJob01_temp_1/output-0000/TEST/sim/MemSpeed/output-0000-active
+ hostname
fv-az99-75
+ date
Mon Sep 20 05:36:30 UTC 2021
+ echo Environment:
Environment:
+ export CACTUS_NUM_PROCS=1
+ export CACTUS_NUM_THREADS=2
+ export GMON_OUT_PREFIX=gmon.out
+ export OMP_NUM_THREADS=2
+ env
+ sort
+ echo Starting:
Starting:
+ date +%s
+ export CACTUS_STARTTIME=1632116190
+ [ 1 = 1 ]
+ [ 0 -eq 0 ]
+ /home/runner/simulations/TestJob01_temp_1/SIMFACTORY/exe/cactus_sim -L 3 /home/runner/simulations/TestJob01_temp_1/output-0000/arrangements/CactusUtils/MemSpeed/test/memspeed.par
INFO (Cactus): Increased logging level from 0 to 3
--------------------------------------------------------------------------------

       10                                  
  1   0101       ************************  
  01  1010 10      The Cactus Code V4.9.0    
 1010 1101 011      www.cactuscode.org     
  1001 100101    ************************  
    00010101                               
     100011     (c) Copyright The Authors  
      0100      GNU Licensed. No Warranty  
      0101                                 
--------------------------------------------------------------------------------

Cactus version:    4.9.0
Compile date:      Sep 20 2021 (05:28:13)
Run date:          Sep 20 2021 (05:36:31+0000)
Run host:          fv-az99-75.euuzywwtp3iu5l5aj42nbmzodg.gx.internal.cloudapp.net (pid=105417)
Working directory: /home/runner/simulations/TestJob01_temp_1/output-0000/TEST/sim/MemSpeed
Executable:        /home/runner/simulations/TestJob01_temp_1/SIMFACTORY/exe/cactus_sim
Parameter file:    /home/runner/simulations/TestJob01_temp_1/output-0000/arrangements/CactusUtils/MemSpeed/test/memspeed.par
--------------------------------------------------------------------------------

Activating thorn Cactus...Success -> active implementation Cactus
Activation requested for 
--->hwloc MemSpeed SystemTopology CartGrid3D CoordBase IOASCII IOUtil PUGH PUGHSlab<---
Thorn hwloc requests automatic activation of zlib
Thorn MemSpeed requests automatic activation of Vectors
Thorn MemSpeed requests automatic activation of MPI
Activating thorn CartGrid3D...Success -> active implementation grid
Activating thorn CoordBase...Success -> active implementation CoordBase
Activating thorn hwloc...Success -> active implementation hwloc
Activating thorn IOASCII...Success -> active implementation IOASCII
Activating thorn IOUtil...Success -> active implementation IO
Activating thorn MemSpeed...Success -> active implementation MemSpeed
Activating thorn MPI...Success -> active implementation MPI
Activating thorn PUGH...Success -> active implementation Driver
Activating thorn PUGHSlab...Success -> active implementation Hyperslab
Activating thorn SystemTopology...Success -> active implementation SystemTopology
Activating thorn Vectors...Success -> active implementation Vectors
Activating thorn zlib...Success -> active implementation zlib
--------------------------------------------------------------------------------
  if (recover initial data)
    Recover parameters
  endif

  Startup routines
    [CCTK_STARTUP]
      CartGrid3D::SymmetryStartup: Register GH Extension for GridSymmetry
      CoordBase::CoordBase_Startup: Register a GH extension to store the coordinate system handles
      GROUP hwloc_startup: hwloc startup group
        hwloc::hwloc_version: Output hwloc version
      SystemTopology::ST_system_topology: Output and/or modify system topology and hardware locality
      PUGH::Driver_Startup: Startup routine
      PUGH::PUGH_RegisterPUGHP2LRoutines: Register Physical to Logical process mapping routines
      PUGH::PUGH_RegisterPUGHTopologyRoutines: Register topology generation routines routines
      IOUtil::IOUtil_Startup: Startup routine
      Vectors::Vectors_Startup: Print startup message
      IOASCII::IOASCII_Startup: Startup routine

  Startup routines which need an existing grid hierarchy
    [CCTK_WRAGH]
      CartGrid3D::RegisterCartGrid3DCoords: [meta] Register coordinates for the Cartesian grid
      MemSpeed::MemSpeed_MeasureSpeed: [meta] Measure CPU, memory, cache speeds
  Parameter checking routines
    [CCTK_PARAMCHECK]
      CartGrid3D::ParamCheck_CartGrid3D: Check coordinates for CartGrid3D
      Vectors::Vectors_Test: Run correctness tests.

  Initialisation
    if (NOT (recover initial data AND recovery_mode is 'strict'))
      [CCTK_PREREGRIDINITIAL]
      Set up grid hierarchy
      [CCTK_POSTREGRIDINITIAL]
        CartGrid3D::SpatialCoordinates: Set Coordinates after regridding
      [CCTK_BASEGRID]
        CartGrid3D::SpatialSpacings: Set up ranges for spatial 3D Cartesian coordinates (on all grids)
        CartGrid3D::SpatialCoordinates: Set up spatial 3D Cartesian coordinates on the GH
        IOASCII::IOASCII_Choose1D: Choose 1D output lines
        IOASCII::IOASCII_Choose2D: Choose 2D output planes
        PUGH::PUGH_Report: Report on PUGH set up
      [CCTK_INITIAL]
      [CCTK_POSTINITIAL]
      Initialise finer grids recursively
      Restrict from finer grids
      [CCTK_POSTRESTRICTINITIAL]
      [CCTK_POSTPOSTINITIAL]
      [CCTK_POSTSTEP]
    endif
    if (recover initial data)
      [CCTK_BASEGRID]
        CartGrid3D::SpatialSpacings: Set up ranges for spatial 3D Cartesian coordinates (on all grids)
        CartGrid3D::SpatialCoordinates: Set up spatial 3D Cartesian coordinates on the GH
        IOASCII::IOASCII_Choose1D: Choose 1D output lines
        IOASCII::IOASCII_Choose2D: Choose 2D output planes
        PUGH::PUGH_Report: Report on PUGH set up
      [CCTK_RECOVER_VARIABLES]
      [CCTK_POST_RECOVER_VARIABLES]
    endif
    if (checkpoint initial data)
      [CCTK_CPINITIAL]
    endif
    if (analysis)
      [CCTK_ANALYSIS]
  endif
  Output grid variables

  do loop over timesteps
    [CCTK_PREREGRID]
    Change grid hierarchy
    [CCTK_POSTREGRID]
      CartGrid3D::SpatialCoordinates: Set Coordinates after regridding
    Rotate timelevels
    iteration = iteration+1
    t = t+dt
    [CCTK_PRESTEP]
    [CCTK_EVOL]
    Evolve finer grids recursively
    Restrict from finer grids
    [CCTK_POSTRESTRICT]
    [CCTK_POSTSTEP]
    if (checkpoint)
      [CCTK_CHECKPOINT]
    endif
    if (analysis)
      [CCTK_ANALYSIS]
    endif
    Output grid variables
    enddo

  Termination routines
    [CCTK_TERMINATE]
      PUGH::Driver_Terminate: Termination routine

  Shutdown routines
    [CCTK_SHUTDOWN]

  Routines run after changing the grid hierarchy:
    [CCTK_POSTREGRID]
      CartGrid3D::SpatialCoordinates: Set Coordinates after regridding
--------------------------------------------------------------------------------
INFO (hwloc): library version 2.1.0, API version 0x20100
INFO (SystemTopology): MPI process-to-host mapping:
This is MPI process 0 of 1
MPI hosts:
  0: fv-az99-75
This MPI process runs on host 0 of 1
On this host, this is MPI process 0 of 1
INFO (SystemTopology): Topology support:
Discovery support:
  discovery->pu                            : yes
CPU binding support:
  cpubind->set_thisproc_cpubind            : yes
  cpubind->get_thisproc_cpubind            : yes
  cpubind->set_proc_cpubind                : yes
  cpubind->get_proc_cpubind                : yes
  cpubind->set_thisthread_cpubind          : yes
  cpubind->get_thisthread_cpubind          : yes
  cpubind->set_thread_cpubind              : yes
  cpubind->get_thread_cpubind              : yes
  cpubind->get_thisproc_last_cpu_location  : yes
  cpubind->get_proc_last_cpu_location      : yes
  cpubind->get_thisthread_last_cpu_location: yes
Memory binding support:
  membind->set_thisproc_membind            : no
  membind->get_thisproc_membind            : no
  membind->set_proc_membind                : no
  membind->get_proc_membind                : no
  membind->set_thisthread_membind          : yes
  membind->get_thisthread_membind          : yes
  membind->set_area_membind                : yes
  membind->get_area_membind                : yes
  membind->alloc_membind                   : yes
  membind->firsttouch_membind              : yes
  membind->bind_membind                    : yes
  membind->interleave_membind              : yes
  membind->nexttouch_membind               : no
  membind->migrate_membind                 : yes
INFO (SystemTopology): Hardware objects in this node:
Machine L#0: (P#0, total=7120800KB, DMIProductName="Virtual Machine", DMIProductVersion=7.0, DMIProductUUID=caee8d42-9817-c240-9c70-7b0f4ada1b2d, DMIBoardVendor="Microsoft Corporation", DMIBoardName="Virtual Machine", DMIBoardVersion=7.0, DMIChassisVendor="Microsoft Corporation", DMIChassisType=3, DMIChassisVersion=7.0, DMIChassisAssetTag=7783-7084-3265-9085-8269-3286-77, DMIBIOSVendor="American Megatrends Inc.", DMIBIOSVersion="090008 ", DMIBIOSDate=12/07/2018, DMISysVendor="Microsoft Corporation", Backend=Linux, LinuxCgroup=/, OSName=Linux, OSRelease=5.8.0-1041-azure, OSVersion="#44~20.04.1-Ubuntu SMP Fri Aug 20 20:41:09 UTC 2021", HostName=fv-az99-75, Architecture=x86_64, hwlocVersion=2.1.0, ProcessName=cactus_sim)
  Package L#0: (P#0, total=7120800KB, CPUVendor=GenuineIntel, CPUFamilyNumber=6, CPUModelNumber=79, CPUModel="Intel(R) Xeon(R) CPU E5-2673 v4 @ 2.30GHz", CPUStepping=1)
    L3Cache L#0: (P#-1, size=51200KB, linesize=64, ways=20, Inclusive=1)
      L2Cache L#0: (P#-1, size=256KB, linesize=64, ways=8, Inclusive=0)
        L1dCache L#0: (P#-1, size=32KB, linesize=64, ways=8, Inclusive=0)
          Core L#0: (P#0)
            PU L#0: (P#0)
      L2Cache L#1: (P#-1, size=256KB, linesize=64, ways=8, Inclusive=0)
        L1dCache L#1: (P#-1, size=32KB, linesize=64, ways=8, Inclusive=0)
          Core L#1: (P#1)
            PU L#1: (P#1)
INFO (SystemTopology): Thread CPU bindings:
  MPI process 0 on host 0 (process 0 of 1 on this host)
    OpenMP thread 0: PU set L#{0-1} P#{0-1}
    OpenMP thread 1: PU set L#{0-1} P#{0-1}
INFO (SystemTopology): Setting thread CPU bindings:
INFO (SystemTopology): Thread CPU bindings:
  MPI process 0 on host 0 (process 0 of 1 on this host)
    OpenMP thread 0: PU set L#{0} P#{0}
    OpenMP thread 1: PU set L#{1} P#{1}
INFO (SystemTopology): Extracting CPU/cache/memory properties:
  There are 1 PUs per core (aka hardware SMT threads)
  There are 1 threads per core (aka SMT threads used)
  Cache (unknown name) has type "data" depth 1
    size 32768 linesize 64 associativity 8 stride 4096, for 1 PUs
  Cache (unknown name) has type "unified" depth 2
    size 262144 linesize 64 associativity 8 stride 32768, for 1 PUs
  Cache (unknown name) has type "unified" depth 3
    size 52428800 linesize 64 associativity 20 stride 2621440, for 2 PUs
INFO (PUGH): Using physical to logical mappings: direct
INFO (PUGH): Using topology generator: automatic
INFO (Vectors): Using vector size 2 for architecture SSE2 (64-bit precision)
--------------------------------------------------------------------------------
Driver provided by PUGH
--------------------------------------------------------------------------------

INFO (PUGH): Not setting up a topology for 1 dimensions
INFO (PUGH): Not setting up a topology for 2 dimensions
INFO (PUGH): Setting up a topology for 3 dimensions
INFO (IOASCII): I/O Method 'IOASCII_1D' registered: output of 1D lines of grid functions/arrays to ASCII files
INFO (IOASCII): Periodic 1D output every 1 iterations
INFO (IOASCII): Periodic 1D output requested for 'GRID::r'
INFO (IOASCII): I/O Method 'IOASCII_2D' registered: output of 2D planes of grid functions/arrays to ASCII files
INFO (IOASCII): Periodic 2D output turned off
INFO (IOASCII): I/O Method 'IOASCII_3D' registered: output of 3D grid functions/arrays to ASCII files
INFO (IOASCII): Periodic 3D output turned off
INFO (MemSpeed): Measuring CPU, cache, memory, and communication speeds:
  Single-core measurements (using 1 MPI processes with 1 OpenMP threads each):
    CPU frequency:
      iterations=1000000... time=0.00312622 sec
      iterations=10000000... time=0.0310459 sec
      iterations=100000000... time=0.314119 sec
      iterations=400000000... time=1.24833 sec
      iterations=400000000... time=0.92832 sec
      result: 2.49991 GHz
    CPU floating point performance:
      iterations=1000000... time=0.00307072 sec
      iterations=10000000... time=0.0324069 sec
      iterations=100000000... time=0.345515 sec
      iterations=300000000... time=0.974986 sec
      iterations=600000000... time=1.97606 sec
      result: 9.71629 Gflop/sec
    CPU integer performance:
      iterations=1000000... time=0.00192331 sec
      iterations=10000000... time=0.0209964 sec
      iterations=100000000... time=0.213433 sec
      iterations=500000000... time=1.04419 sec
      result: 7.66146 Giop/sec
    Read latency of D1 cache (for 1 PUs) (using 1*24576 bytes):
      iterations=1000... time=0.0001512 sec
      iterations=10000... time=0.00162161 sec
      iterations=100000... time=0.0148412 sec
      iterations=1000000... time=0.154054 sec
      iterations=7000000... time=1.09338 sec
      result: 1.56197 nsec
    Read latency of L2 cache (for 1 PUs) (using 1*196608 bytes):
      iterations=1000... time=0.000501403 sec
      iterations=10000... time=0.00491973 sec
      iterations=100000... time=0.0512901 sec
      iterations=1000000... time=0.488849 sec
      iterations=2000000... time=0.937428 sec
      iterations=4000000... time=1.86561 sec
      result: 4.66402 nsec
    Read latency of L3 cache (for 2 PUs) (using 1*39321600 bytes):
      [skipped -- avoiding large-memory benchmarks]
    Read bandwidth of D1 cache (for 1 PUs) (using 1*24576 bytes):
      iterations=1... time=7e-07 sec
      iterations=10... time=3.4e-06 sec
      iterations=100... time=3.11e-05 sec
      iterations=1000... time=0.000309002 sec
      iterations=10000... time=0.00318602 sec
      iterations=100000... time=0.0297298 sec
      iterations=1000000... time=0.303337 sec
      iterations=4000000... time=1.24528 sec
      result: 78.9412 GByte/sec
    Read bandwidth of L2 cache (for 1 PUs) (using 1*196608 bytes):
      iterations=1... time=7.1e-06 sec
      iterations=10... time=5.09e-05 sec
      iterations=100... time=0.000693504 sec
      iterations=1000... time=0.00521063 sec
      iterations=10000... time=0.0521683 sec
      iterations=100000... time=0.485016 sec
      iterations=200000... time=1.02247 sec
      result: 38.4576 GByte/sec
    Read bandwidth of L3 cache (for 2 PUs) (using 1*39321600 bytes):
      [skipped -- avoiding large-memory benchmarks]
    Write latency of D1 cache (for 1 PUs) (using 1*24576 bytes):
      iterations=1000... time=3.9e-06 sec
      iterations=10000... time=2.87e-05 sec
      iterations=100000... time=0.000362003 sec
      iterations=1000000... time=0.00358952 sec
      iterations=10000000... time=0.0317253 sec
      iterations=100000000... time=0.318859 sec
      iterations=300000000... time=0.949444 sec
      iterations=600000000... time=1.93148 sec
      result: 0.402392 nsec
    Write latency of L2 cache (for 1 PUs) (using 1*196608 bytes):
      iterations=1000... time=3.62e-05 sec
      iterations=10000... time=0.000275802 sec
      iterations=100000... time=0.00236951 sec
      iterations=1000000... time=0.0179587 sec
      iterations=10000000... time=0.193165 sec
      iterations=60000000... time=1.20418 sec
      result: 2.50871 nsec
    Write latency of L3 cache (for 2 PUs) (using 1*39321600 bytes):
      [skipped -- avoiding large-memory benchmarks]
    Write bandwidth of D1 cache (for 1 PUs) (using 1*24576 bytes):
      iterations=1... time=6e-07 sec
      iterations=10... time=5.6e-06 sec
      iterations=100... time=5.45e-05 sec
      iterations=1000... time=0.000549203 sec
      iterations=10000... time=0.00583904 sec
      iterations=100000... time=0.0649363 sec
      iterations=1000000... time=0.625925 sec
      iterations=2000000... time=1.24837 sec
      result: 39.373 GByte/sec
    Write bandwidth of L2 cache (for 1 PUs) (using 1*196608 bytes):
      iterations=1... time=8.1e-06 sec
      iterations=10... time=8.0501e-05 sec
      iterations=100... time=0.000882205 sec
      iterations=1000... time=0.00934596 sec
      iterations=10000... time=0.0900589 sec
      iterations=100000... time=0.964792 sec
      iterations=200000... time=1.93493 sec
      result: 20.322 GByte/sec
    Write bandwidth of L3 cache (for 2 PUs) (using 1*39321600 bytes):
      [skipped -- avoiding large-memory benchmarks]
    Stencil code performance of D1 cache (for 1 PUs) (using 1*12^3 grid points, 1*27648 bytes):
      iterations=1... time=3.07e-05 sec
      iterations=10... time=0.000258402 sec
      iterations=100... time=0.00256681 sec
      iterations=1000... time=0.0242233 sec
      iterations=10000... time=0.254101 sec
      iterations=40000... time=1.0181 sec
      result: 0.0678911 Gupdates/sec
    Stencil code performance of L2 cache (for 1 PUs) (using 1*23^3 grid points, 1*194672 bytes):
      iterations=1... time=4.2801e-05 sec
      iterations=10... time=0.000392002 sec
      iterations=100... time=0.00462013 sec
      iterations=1000... time=0.0436548 sec
      iterations=10000... time=0.435485 sec
      iterations=30000... time=1.31115 sec
      result: 0.27839 Gupdates/sec
    Stencil code performance of L3 cache (for 2 PUs) (using 1*135^3 grid points, 1*39366000 bytes):
      iterations=1... time=0.00692184 sec
      iterations=10... time=0.0687511 sec
      iterations=100... time=0.669854 sec
      iterations=200... time=1.33517 sec
      result: 0.368549 Gupdates/sec
  Single-node measurements (using 1 MPI processes with 2 OpenMP threads each):
    CPU frequency:
      iterations=1000000... time=0.00340102 sec
      iterations=10000000... time=0.030726 sec
      iterations=100000000... time=0.320127 sec
      iterations=300000000... time=0.953091 sec
      iterations=600000000... time=1.91277 sec
      iterations=600000000... time=1.43986 sec
      result: 2.5375 GHz
    CPU floating point performance:
      iterations=1000000... time=0.00367427 sec
      iterations=10000000... time=0.0350022 sec
      iterations=100000000... time=0.342715 sec
      iterations=300000000... time=1.02322 sec
      result: 9.38218 Gflop/sec
    CPU integer performance:
      iterations=1000000... time=0.00219811 sec
      iterations=10000000... time=0.0220822 sec
      iterations=100000000... time=0.214792 sec
      iterations=500000000... time=1.11147 sec
      result: 7.19768 Giop/sec
    Read latency of D1 cache (for 1 PUs) (using 2*24576 bytes):
      iterations=1000... time=0.000158501 sec
      iterations=10000... time=0.00155106 sec
      iterations=100000... time=0.0154768 sec
      iterations=1000000... time=0.163989 sec
      iterations=7000000... time=1.14428 sec
      result: 1.63468 nsec
    Read latency of L2 cache (for 1 PUs) (using 2*196608 bytes):
      iterations=1000... time=0.000521603 sec
      iterations=10000... time=0.00538373 sec
      iterations=100000... time=0.0535883 sec
      iterations=1000000... time=0.53208 sec
      iterations=2000000... time=1.08304 sec
      result: 5.41521 nsec
    Read latency of L3 cache (for 2 PUs) (using 1*39321600 bytes):
      [skipped -- avoiding large-memory benchmarks]
    Read bandwidth of D1 cache (for 1 PUs) (using 2*24576 bytes):
      iterations=1... time=6.5e-07 sec
      iterations=10... time=2.7e-06 sec
      iterations=100... time=2.51e-05 sec
      iterations=1000... time=0.000248552 sec
      iterations=10000... time=0.00318572 sec
      iterations=100000... time=0.0307557 sec
      iterations=1000000... time=0.323219 sec
      iterations=3000000... time=0.961988 sec
      iterations=6000000... time=1.88962 sec
      result: 78.0349 GByte/sec
    Read bandwidth of L2 cache (for 1 PUs) (using 2*196608 bytes):
      iterations=1... time=6.1e-06 sec
      iterations=10... time=4.9251e-05 sec
      iterations=100... time=0.000525553 sec
      iterations=1000... time=0.00464443 sec
      iterations=10000... time=0.0469939 sec
      iterations=100000... time=0.519861 sec
      iterations=200000... time=1.05573 sec
      result: 37.2458 GByte/sec
    Read bandwidth of L3 cache (for 2 PUs) (using 1*39321600 bytes):
      [skipped -- avoiding large-memory benchmarks]
    Write latency of D1 cache (for 1 PUs) (using 2*24576 bytes):
      iterations=1000... time=3.6e-06 sec
      iterations=10000... time=2.625e-05 sec
      iterations=100000... time=0.000271802 sec
      iterations=1000000... time=0.00337742 sec
      iterations=10000000... time=0.0306816 sec
      iterations=100000000... time=0.32443 sec
      iterations=300000000... time=0.980106 sec
      iterations=600000000... time=1.96821 sec
      result: 0.410043 nsec
    Write latency of L2 cache (for 1 PUs) (using 2*196608 bytes):
      iterations=1000... time=2.275e-05 sec
      iterations=10000... time=0.000213751 sec
      iterations=100000... time=0.00201761 sec
      iterations=1000000... time=0.0199243 sec
      iterations=10000000... time=0.200792 sec
      iterations=50000000... time=1.02811 sec
      result: 2.57027 nsec
    Write latency of L3 cache (for 2 PUs) (using 1*39321600 bytes):
      [skipped -- avoiding large-memory benchmarks]
    Write bandwidth of D1 cache (for 1 PUs) (using 2*24576 bytes):
      iterations=1... time=8e-07 sec
      iterations=10... time=4.55e-06 sec
      iterations=100... time=4.16e-05 sec
      iterations=1000... time=0.000530054 sec
      iterations=10000... time=0.00493678 sec
      iterations=100000... time=0.0514667 sec
      iterations=1000000... time=0.482241 sec
      iterations=2000000... time=0.927913 sec
      iterations=4000000... time=1.87156 sec
      result: 52.5252 GByte/sec
    Write bandwidth of L2 cache (for 1 PUs) (using 2*196608 bytes):
      iterations=1... time=9.4e-06 sec
      iterations=10... time=9.27e-05 sec
      iterations=100... time=0.000954206 sec
      iterations=1000... time=0.00987391 sec
      iterations=10000... time=0.097789 sec
      iterations=100000... time=0.963014 sec
      iterations=200000... time=1.90329 sec
      result: 20.6598 GByte/sec
    Write bandwidth of L3 cache (for 2 PUs) (using 1*39321600 bytes):
      [skipped -- avoiding large-memory benchmarks]
    Stencil code performance of D1 cache (for 1 PUs) (using 2*9^3 grid points, 2*11664 bytes):
      iterations=1... time=2.9e-06 sec
      iterations=10... time=2.70505e-05 sec
      iterations=100... time=0.000267952 sec
      iterations=1000... time=0.00273097 sec
      iterations=10000... time=0.0290303 sec
      iterations=100000... time=0.313524 sec
      iterations=400000... time=1.27025 sec
      result: 0.229561 Gupdates/sec
    Stencil code performance of L2 cache (for 1 PUs) (using 2*18^3 grid points, 2*93312 bytes):
      iterations=1... time=1.63505e-05 sec
      iterations=10... time=0.000125001 sec
      iterations=100... time=0.00132756 sec
      iterations=1000... time=0.0148745 sec
      iterations=10000... time=0.146219 sec
      iterations=80000... time=1.18081 sec
      result: 0.395119 Gupdates/sec
    Stencil code performance of L3 cache (for 2 PUs) (using 1*135^3 grid points, 1*39366000 bytes):
      iterations=1... time=0.00186786 sec
      iterations=10... time=0.0169575 sec
      iterations=100... time=0.169933 sec
      iterations=600... time=1.03549 sec
      result: 1.42563 Gupdates/sec
INFO (Vectors): Testing vectorisation... [errors may result in segfaults]
INFO (Vectors): 375/375 tests passed 
INFO (CartGrid3D): Grid Spacings:
INFO (CartGrid3D): dx=>1.1111111e-01  dy=>1.1111111e-01  dz=>1.1111111e-01
INFO (CartGrid3D): Computational Coordinates:
INFO (CartGrid3D): x=>[-0.500, 0.500]  y=>[-0.500, 0.500]  z=>[-0.500, 0.500]
INFO (CartGrid3D): Indices of Physical Coordinates:
INFO (CartGrid3D): x=>[0,9]  y=>[0,9]  z=>[0,9]
INFO (PUGH): MPI Evolution on 1 processors
INFO (PUGH): 3-dimensional grid functions
INFO (PUGH):   Size: 10 10 10
INFO (PUGH):   Processor topology: 1 x 1 x 1
INFO (PUGH):   Local load: 1000   [10 x 10 x 10]
INFO (PUGH):   Maximum load skew: 0.000000
--------------------------------------------------------------------------------
Done.
+ echo Stopping:
Stopping:
+ date
Mon Sep 20 05:37:36 UTC 2021
+ echo Done.
Done.
  Elapsed time: 66.3 s
