/home/runner/simulations/TestJob01_temp_2/output-0000/TEST/sim/MemSpeed
Preparing:
+ set -e
+ cd output-0000-active
+ echo Checking:
Checking:
+ pwd
/home/runner/simulations/TestJob01_temp_2/output-0000/TEST/sim/MemSpeed/output-0000-active
+ hostname
fv-az412-716
+ date
Tue Oct 24 15:54:21 UTC 2023
+ echo Environment:
Environment:
+ export CACTUS_NUM_PROCS=2
+ CACTUS_NUM_PROCS=2
+ export CACTUS_NUM_THREADS=1
+ CACTUS_NUM_THREADS=1
+ export GMON_OUT_PREFIX=gmon.out
+ GMON_OUT_PREFIX=gmon.out
+ export OMP_NUM_THREADS=1
+ OMP_NUM_THREADS=1
+ env
+ sort
+ echo Starting:
Starting:
++ date +%s
+ export CACTUS_STARTTIME=1698162861
+ CACTUS_STARTTIME=1698162861
+ '[' 2 = 1 ']'
+ mpirun -np 2 /home/runner/simulations/TestJob01_temp_2/SIMFACTORY/exe/cactus_sim -L 3 /home/runner/simulations/TestJob01_temp_2/output-0000/arrangements/CactusUtils/MemSpeed/test/memspeed.par
INFO (Cactus): Increased logging level from 0 to 3
--------------------------------------------------------------------------------

       10                                  
  1   0101       ************************  
  01  1010 10      The Cactus Code V4.14.0    
 1010 1101 011      www.cactuscode.org     
  1001 100101    ************************  
    00010101                               
     100011     (c) Copyright The Authors  
      0100      GNU Licensed. No Warranty  
      0101                                 
--------------------------------------------------------------------------------

Cactus version:    4.14.0
Compile date:      Oct 24 2023 (15:21:57)
Run date:          Oct 24 2023 (15:54:22+0000)
Run host:          fv-az412-716.ap3zscylkjruhik2cxa3opwqzb.jx.internal.cloudapp.net (pid=138900)
Working directory: /home/runner/simulations/TestJob01_temp_2/output-0000/TEST/sim/MemSpeed
Executable:        /home/runner/simulations/TestJob01_temp_2/SIMFACTORY/exe/cactus_sim
Parameter file:    /home/runner/simulations/TestJob01_temp_2/output-0000/arrangements/CactusUtils/MemSpeed/test/memspeed.par
--------------------------------------------------------------------------------

Activating thorn Cactus...Success -> active implementation Cactus
Activation requested for 
--->hwloc MemSpeed SystemTopology CartGrid3D CoordBase IOASCII IOUtil PUGH PUGHSlab<---
Thorn hwloc requests automatic activation of zlib
Thorn MemSpeed requests automatic activation of Vectors
Thorn MemSpeed requests automatic activation of MPI
Activating thorn CartGrid3D...Success -> active implementation grid
Activating thorn CoordBase...Success -> active implementation CoordBase
Activating thorn hwloc...Success -> active implementation hwloc
Activating thorn IOASCII...Success -> active implementation IOASCII
Activating thorn IOUtil...Success -> active implementation IO
Activating thorn MemSpeed...Success -> active implementation MemSpeed
Activating thorn MPI...Success -> active implementation MPI
Activating thorn PUGH...Success -> active implementation Driver
Activating thorn PUGHSlab...Success -> active implementation Hyperslab
Activating thorn SystemTopology...Success -> active implementation SystemTopology
Activating thorn Vectors...Success -> active implementation Vectors
Activating thorn zlib...Success -> active implementation zlib
--------------------------------------------------------------------------------
  if (recover initial data)
    Recover parameters
  endif

  Startup routines
    [CCTK_STARTUP]
      CartGrid3D::SymmetryStartup: Register GH Extension for GridSymmetry
      CoordBase::CoordBase_Startup: Register a GH extension to store the coordinate system handles
      GROUP hwloc_startup: hwloc startup group
        hwloc::hwloc_version: Output hwloc version
      SystemTopology::ST_system_topology: Output and/or modify system topology and hardware locality
      PUGH::Driver_Startup: Startup routine
      PUGH::PUGH_RegisterPUGHP2LRoutines: Register Physical to Logical process mapping routines
      PUGH::PUGH_RegisterPUGHTopologyRoutines: Register topology generation routines routines
      IOUtil::IOUtil_Startup: Startup routine
      Vectors::Vectors_Startup: Print startup message
      IOASCII::IOASCII_Startup: Startup routine

  Startup routines which need an existing grid hierarchy
    [CCTK_WRAGH]
      CartGrid3D::RegisterCartGrid3DCoords: [meta] Register coordinates for the Cartesian grid
      MemSpeed::MemSpeed_MeasureSpeed: [meta] Measure CPU, memory, cache speeds
  Parameter checking routines
    [CCTK_PARAMCHECK]
      CartGrid3D::ParamCheck_CartGrid3D: Check coordinates for CartGrid3D
      Vectors::Vectors_Test: Run correctness tests.

  Initialisation
    if (NOT (recover initial data AND recovery_mode is 'strict'))
      [CCTK_PREREGRIDINITIAL]
      Set up grid hierarchy
      [CCTK_POSTREGRIDINITIAL]
        CartGrid3D::SpatialCoordinates: Set Coordinates after regridding
      [CCTK_BASEGRID]
        CartGrid3D::SpatialSpacings: Set up ranges for spatial 3D Cartesian coordinates (on all grids)
        CartGrid3D::SpatialCoordinates: Set up spatial 3D Cartesian coordinates on the GH
        IOASCII::IOASCII_Choose1D: Choose 1D output lines
        IOASCII::IOASCII_Choose2D: Choose 2D output planes
        PUGH::PUGH_Report: Report on PUGH set up
      [CCTK_INITIAL]
      [CCTK_POSTINITIAL]
      Initialise finer grids recursively
      Restrict from finer grids
      [CCTK_POSTRESTRICTINITIAL]
      [CCTK_POSTPOSTINITIAL]
      [CCTK_POSTSTEP]
    endif
    if (recover initial data)
      [CCTK_BASEGRID]
        CartGrid3D::SpatialSpacings: Set up ranges for spatial 3D Cartesian coordinates (on all grids)
        CartGrid3D::SpatialCoordinates: Set up spatial 3D Cartesian coordinates on the GH
        IOASCII::IOASCII_Choose1D: Choose 1D output lines
        IOASCII::IOASCII_Choose2D: Choose 2D output planes
        PUGH::PUGH_Report: Report on PUGH set up
      [CCTK_RECOVER_VARIABLES]
      [CCTK_POST_RECOVER_VARIABLES]
    endif
    if (checkpoint initial data)
      [CCTK_CPINITIAL]
    endif
    if (analysis)
      [CCTK_ANALYSIS]
  endif
  Output grid variables

  do loop over timesteps
    [CCTK_PREREGRID]
    Change grid hierarchy
    [CCTK_POSTREGRID]
      CartGrid3D::SpatialCoordinates: Set Coordinates after regridding
    Rotate timelevels
    iteration = iteration+1
    t = t+dt
    [CCTK_PRESTEP]
    [CCTK_EVOL]
    Evolve finer grids recursively
    Restrict from finer grids
    [CCTK_POSTRESTRICT]
    [CCTK_POSTSTEP]
    if (checkpoint)
      [CCTK_CHECKPOINT]
    endif
    if (analysis)
      [CCTK_ANALYSIS]
    endif
    Output grid variables
    enddo

  Termination routines
    [CCTK_TERMINATE]
      PUGH::Driver_Terminate: Termination routine

  Shutdown routines
    [CCTK_SHUTDOWN]

  Routines run after changing the grid hierarchy:
    [CCTK_POSTREGRID]
      CartGrid3D::SpatialCoordinates: Set Coordinates after regridding
--------------------------------------------------------------------------------
INFO (hwloc): library version 2.7.0, API version 0x20500
INFO (SystemTopology): MPI process-to-host mapping:
This is MPI process 0 of 2
MPI hosts:
  0: fv-az412-716
This MPI process runs on host 0 of 1
On this host, this is MPI process 0 of 2
INFO (SystemTopology): Topology support:
Discovery support:
  discovery->pu                            : yes
CPU binding support:
  cpubind->set_thisproc_cpubind            : yes
  cpubind->get_thisproc_cpubind            : yes
  cpubind->set_proc_cpubind                : yes
  cpubind->get_proc_cpubind                : yes
  cpubind->set_thisthread_cpubind          : yes
  cpubind->get_thisthread_cpubind          : yes
  cpubind->set_thread_cpubind              : yes
  cpubind->get_thread_cpubind              : yes
  cpubind->get_thisproc_last_cpu_location  : yes
  cpubind->get_proc_last_cpu_location      : yes
  cpubind->get_thisthread_last_cpu_location: yes
Memory binding support:
  membind->set_thisproc_membind            : no
  membind->get_thisproc_membind            : no
  membind->set_proc_membind                : no
  membind->get_proc_membind                : no
  membind->set_thisthread_membind          : yes
  membind->get_thisthread_membind          : yes
  membind->set_area_membind                : yes
  membind->get_area_membind                : yes
  membind->alloc_membind                   : yes
  membind->firsttouch_membind              : yes
  membind->bind_membind                    : yes
  membind->interleave_membind              : yes
  membind->nexttouch_membind               : no
  membind->migrate_membind                 : yes
INFO (SystemTopology): Hardware objects in this node:
Machine L#0: (P#0, total=7088112KB, DMIProductName="Virtual Machine", DMIProductVersion=7.0, DMIProductUUID=7a3310b2-0129-9442-a530-f51582def924, DMIBoardVendor="Microsoft Corporation", DMIBoardName="Virtual Machine", DMIBoardVersion=7.0, DMIChassisVendor="Microsoft Corporation", DMIChassisType=3, DMIChassisVersion=7.0, DMIChassisAssetTag=7783-7084-3265-9085-8269-3286-77, DMIBIOSVendor="American Megatrends Inc.", DMIBIOSVersion="090008 ", DMIBIOSDate=12/07/2018, DMISysVendor="Microsoft Corporation", Backend=Linux, LinuxCgroup=/system.slice/runner-provisioner.service, OSName=Linux, OSRelease=6.2.0-1014-azure, OSVersion="#14~22.04.1-Ubuntu SMP Wed Sep 13 16:15:26 UTC 2023", HostName=fv-az412-716, Architecture=x86_64, hwlocVersion=2.7.0, ProcessName=cactus_sim)
  Package L#0: (P#0, total=7088112KB, CPUVendor=GenuineIntel, CPUFamilyNumber=6, CPUModelNumber=106, CPUModel="Intel(R) Xeon(R) Platinum 8370C CPU @ 2.80GHz", CPUStepping=6)
    L3Cache L#0: (P#0, size=49152KB, linesize=64, ways=12, Inclusive=0)
      L2Cache L#0: (P#0, size=1280KB, linesize=64, ways=20, Inclusive=0)
        L1dCache L#0: (P#0, size=48KB, linesize=64, ways=12, Inclusive=0)
          Core L#0: (P#0)
            PU L#0: (P#0)
      L2Cache L#1: (P#1, size=1280KB, linesize=64, ways=20, Inclusive=0)
        L1dCache L#1: (P#1, size=48KB, linesize=64, ways=12, Inclusive=0)
          Core L#1: (P#1)
            PU L#1: (P#1)
INFO (SystemTopology): Thread CPU bindings:
  MPI process 0 on host 0 (process 0 of 2 on this host)
    OpenMP thread 0: PU set L#{0} P#{0}
  MPI process 1 on host 0 (process 1 of 2 on this host)
    OpenMP thread 0: PU set L#{1} P#{1}
INFO (SystemTopology): Setting thread CPU bindings:
INFO (SystemTopology): Thread CPU bindings:
  MPI process 0 on host 0 (process 0 of 2 on this host)
    OpenMP thread 0: PU set L#{0} P#{0}
  MPI process 1 on host 0 (process 1 of 2 on this host)
    OpenMP thread 0: PU set L#{1} P#{1}
INFO (SystemTopology): Extracting CPU/cache/memory properties:
  There are 1 PUs per core (aka hardware SMT threads)
  There are 1 threads per core (aka SMT threads used)
  Cache (unknown name) has type "data" depth 1
    size 49152 linesize 64 associativity 12 stride 4096, for 1 PUs
  Cache (unknown name) has type "unified" depth 2
    size 1310720 linesize 64 associativity 20 stride 65536, for 1 PUs
  Cache (unknown name) has type "unified" depth 3
    size 50331648 linesize 64 associativity 12 stride 4194304, for 2 PUs
INFO (PUGH): Using physical to logical mappings: direct
INFO (PUGH): Using topology generator: automatic
INFO (Vectors): Using vector size 2 for architecture SSE2 (64-bit precision)
--------------------------------------------------------------------------------
Driver provided by PUGH
--------------------------------------------------------------------------------

INFO (PUGH): Not setting up a topology for 1 dimensions
INFO (PUGH): Not setting up a topology for 2 dimensions
INFO (PUGH): Setting up a topology for 3 dimensions
INFO (IOASCII): I/O Method 'IOASCII_1D' registered: output of 1D lines of grid functions/arrays to ASCII files
INFO (IOASCII): Periodic 1D output every 1 iterations
INFO (IOASCII): Periodic 1D output requested for 'GRID::r'
INFO (IOASCII): I/O Method 'IOASCII_2D' registered: output of 2D planes of grid functions/arrays to ASCII files
INFO (IOASCII): Periodic 2D output turned off
INFO (IOASCII): I/O Method 'IOASCII_3D' registered: output of 3D grid functions/arrays to ASCII files
INFO (IOASCII): Periodic 3D output turned off
INFO (MemSpeed): Measuring CPU, cache, memory, and communication speeds:
  Single-core measurements (using 1 MPI processes with 1 OpenMP threads each):
    CPU frequency:
      iterations=1000000... time=0.0016935 sec
      iterations=10000000... time=0.0170961 sec
      iterations=100000000... time=0.169857 sec
      iterations=600000000... time=1.02104 sec
      iterations=600000000... time=1.04246 sec
      result: -56.0072 GHz
    CPU floating point performance:
      iterations=1000000... time=0.00361421 sec
      iterations=10000000... time=0.0360971 sec
      iterations=100000000... time=0.362253 sec
      iterations=300000000... time=1.08744 sec
      result: 8.82807 Gflop/sec
    CPU integer performance:
      iterations=1000000... time=0.0020031 sec
      iterations=10000000... time=0.0199213 sec
      iterations=100000000... time=0.19958 sec
      iterations=600000000... time=1.22024 sec
      result: 7.86731 Giop/sec
    Read latency of D1 cache (for 1 PUs) (using 1*36864 bytes):
      iterations=1000... time=0.0002028 sec
      iterations=10000... time=0.0020175 sec
      iterations=100000... time=0.0201097 sec
      iterations=1000000... time=0.201311 sec
      iterations=5000000... time=1.00922 sec
      result: 2.01844 nsec
    Read latency of L2 cache (for 1 PUs) (using 1*983040 bytes):
      iterations=1000... time=0.000590901 sec
      iterations=10000... time=0.00580901 sec
      iterations=100000... time=0.0581044 sec
      iterations=1000000... time=0.578613 sec
      iterations=2000000... time=1.16278 sec
      result: 5.81388 nsec
    Read latency of L3 cache (for 2 PUs) (using 1*37748736 bytes):
      [skipped -- avoiding large-memory benchmarks]
    Read bandwidth of D1 cache (for 1 PUs) (using 1*36864 bytes):
      iterations=1... time=1e-06 sec
      iterations=10... time=5.9e-06 sec
      iterations=100... time=5.44e-05 sec
      iterations=1000... time=0.000540701 sec
      iterations=10000... time=0.00657381 sec
      iterations=100000... time=0.0544448 sec
      iterations=1000000... time=0.543513 sec
      iterations=2000000... time=1.08719 sec
      result: 67.8152 GByte/sec
    Read bandwidth of L2 cache (for 1 PUs) (using 1*983040 bytes):
      iterations=1... time=2.73e-05 sec
      iterations=10... time=0.0002225 sec
      iterations=100... time=0.002162 sec
      iterations=1000... time=0.0214508 sec
      iterations=10000... time=0.214992 sec
      iterations=50000... time=1.20424 sec
      result: 40.8158 GByte/sec
    Read bandwidth of L3 cache (for 2 PUs) (using 1*37748736 bytes):
      [skipped -- avoiding large-memory benchmarks]
    Write latency of D1 cache (for 1 PUs) (using 1*36864 bytes):
      iterations=1000... time=4e-06 sec
      iterations=10000... time=3.27e-05 sec
      iterations=100000... time=0.000321601 sec
      iterations=1000000... time=0.0032217 sec
      iterations=10000000... time=0.0349094 sec
      iterations=100000000... time=0.322984 sec
      iterations=300000000... time=0.967016 sec
      iterations=600000000... time=1.93659 sec
      result: 0.403456 nsec
    Write latency of L2 cache (for 1 PUs) (using 1*983040 bytes):
      iterations=1000... time=2.04e-05 sec
      iterations=10000... time=0.000170801 sec
      iterations=100000... time=0.001821 sec
      iterations=1000000... time=0.0180557 sec
      iterations=10000000... time=0.181232 sec
      iterations=60000000... time=1.08814 sec
      result: 2.26695 nsec
    Write latency of L3 cache (for 2 PUs) (using 1*37748736 bytes):
      [skipped -- avoiding large-memory benchmarks]
    Write bandwidth of D1 cache (for 1 PUs) (using 1*36864 bytes):
      iterations=1... time=7e-07 sec
      iterations=10... time=2.9e-06 sec
      iterations=100... time=2.47e-05 sec
      iterations=1000... time=0.000242301 sec
      iterations=10000... time=0.0024312 sec
      iterations=100000... time=0.0242724 sec
      iterations=1000000... time=0.242822 sec
      iterations=5000000... time=1.21583 sec
      result: 151.6 GByte/sec
    Write bandwidth of L2 cache (for 1 PUs) (using 1*983040 bytes):
      iterations=1... time=2.98e-05 sec
      iterations=10... time=0.000210601 sec
      iterations=100... time=0.0020447 sec
      iterations=1000... time=0.0206862 sec
      iterations=10000... time=0.205177 sec
      iterations=50000... time=1.02469 sec
      result: 47.9677 GByte/sec
    Write bandwidth of L3 cache (for 2 PUs) (using 1*37748736 bytes):
      [skipped -- avoiding large-memory benchmarks]
    Stencil code performance of D1 cache (for 1 PUs) (using 1*13^3 grid points, 1*35152 bytes):
      iterations=1... time=1.4e-05 sec
      iterations=10... time=0.0001401 sec
      iterations=100... time=0.001452 sec
      iterations=1000... time=0.014355 sec
      iterations=10000... time=0.140396 sec
      iterations=80000... time=1.15215 sec
      result: 0.152549 Gupdates/sec
    Stencil code performance of L2 cache (for 1 PUs) (using 1*39^3 grid points, 1*949104 bytes):
      iterations=1... time=0.0001151 sec
      iterations=10... time=0.0010919 sec
      iterations=100... time=0.0103558 sec
      iterations=1000... time=0.103237 sec
      iterations=10000... time=1.03183 sec
      result: 0.574894 Gupdates/sec
    Stencil code performance of L3 cache (for 2 PUs) (using 1*133^3 grid points, 1*37642192 bytes):
      iterations=1... time=0.0505362 sec
      iterations=10... time=0.51618 sec
      iterations=20... time=1.02991 sec
      result: 0.0456861 Gupdates/sec
  Single-node measurements (using 2 MPI processes with 1 OpenMP threads each):
    CPU frequency:
      iterations=1000000... time=0.00169405 sec
      iterations=10000000... time=0.0169891 sec
      iterations=100000000... time=0.169986 sec
      iterations=600000000... time=1.02143 sec
      iterations=600000000... time=1.04309 sec
      result: -55.3883 GHz
    CPU floating point performance:
      iterations=1000000... time=0.00361361 sec
      iterations=10000000... time=0.0361105 sec
      iterations=100000000... time=0.361766 sec
      iterations=300000000... time=1.08822 sec
      result: 8.82175 Gflop/sec
    CPU integer performance:
      iterations=1000000... time=0.00202296 sec
      iterations=10000000... time=0.0199153 sec
      iterations=100000000... time=0.201215 sec
      iterations=500000000... time=1.00227 sec
      result: 7.98189 Giop/sec
    Read latency of D1 cache (for 1 PUs) (using 2*36864 bytes):
      iterations=1000... time=0.000202401 sec
      iterations=10000... time=0.00201781 sec
      iterations=100000... time=0.0201009 sec
      iterations=1000000... time=0.201572 sec
      iterations=5000000... time=1.0082 sec
      result: 2.01641 nsec
    Read latency of L2 cache (for 1 PUs) (using 2*983040 bytes):
      iterations=1000... time=0.000607602 sec
      iterations=10000... time=0.00580062 sec
      iterations=100000... time=0.0580962 sec
      iterations=1000000... time=0.583014 sec
      iterations=2000000... time=1.1644 sec
      result: 5.82198 nsec
    Read latency of L3 cache (for 2 PUs) (using 2*37748736 bytes):
      [skipped -- too much memory requested]
    Read bandwidth of D1 cache (for 1 PUs) (using 2*36864 bytes):
      iterations=1... time=1e-06 sec
      iterations=10... time=5.8e-06 sec
      iterations=100... time=5.43e-05 sec
      iterations=1000... time=0.000540504 sec
      iterations=10000... time=0.00542649 sec
      iterations=100000... time=0.0541446 sec
      iterations=1000000... time=0.544566 sec
      iterations=2000000... time=1.09008 sec
      result: 67.6354 GByte/sec
    Read bandwidth of L2 cache (for 1 PUs) (using 2*983040 bytes):
      iterations=1... time=2.565e-05 sec
      iterations=10... time=0.000221051 sec
      iterations=100... time=0.00218402 sec
      iterations=1000... time=0.0217581 sec
      iterations=10000... time=0.21959 sec
      iterations=50000... time=1.08987 sec
      result: 45.0988 GByte/sec
    Read bandwidth of L3 cache (for 2 PUs) (using 2*37748736 bytes):
      [skipped -- too much memory requested]
    Write latency of D1 cache (for 1 PUs) (using 2*36864 bytes):
      iterations=1000... time=3.8e-06 sec
      iterations=10000... time=3.2901e-05 sec
      iterations=100000... time=0.000321402 sec
      iterations=1000000... time=0.00321037 sec
      iterations=10000000... time=0.0321816 sec
      iterations=100000000... time=0.322661 sec
      iterations=300000000... time=0.978586 sec
      iterations=600000000... time=1.93604 sec
      result: 0.403341 nsec
    Write latency of L2 cache (for 1 PUs) (using 2*983040 bytes):
      iterations=1000... time=1.69e-05 sec
      iterations=10000... time=0.000162252 sec
      iterations=100000... time=0.00178691 sec
      iterations=1000000... time=0.0179568 sec
      iterations=10000000... time=0.181043 sec
      iterations=60000000... time=1.08724 sec
      result: 2.26509 nsec
    Write latency of L3 cache (for 2 PUs) (using 2*37748736 bytes):
      [skipped -- too much memory requested]
    Write bandwidth of D1 cache (for 1 PUs) (using 2*36864 bytes):
      iterations=1... time=6e-07 sec
      iterations=10... time=2.85e-06 sec
      iterations=100... time=2.4801e-05 sec
      iterations=1000... time=0.000245201 sec
      iterations=10000... time=0.00245272 sec
      iterations=100000... time=0.0245603 sec
      iterations=1000000... time=0.247441 sec
      iterations=4000000... time=0.990986 sec
      iterations=8000000... time=1.97966 sec
      result: 148.971 GByte/sec
    Write bandwidth of L2 cache (for 1 PUs) (using 2*983040 bytes):
      iterations=1... time=3.1e-05 sec
      iterations=10... time=0.000212551 sec
      iterations=100... time=0.00207356 sec
      iterations=1000... time=0.020757 sec
      iterations=10000... time=0.207854 sec
      iterations=50000... time=1.0417 sec
      result: 47.1842 GByte/sec
    Write bandwidth of L3 cache (for 2 PUs) (using 2*37748736 bytes):
      [skipped -- too much memory requested]
    Stencil code performance of D1 cache (for 1 PUs) (using 2*10^3 grid points, 2*16000 bytes):
      iterations=1... time=1.22e-05 sec
      iterations=10... time=0.000124401 sec
      iterations=100... time=0.00127376 sec
      iterations=1000... time=0.0127314 sec
      iterations=10000... time=0.126947 sec
      iterations=90000... time=1.14715 sec
      result: 0.0784554 Gupdates/sec
    Stencil code performance of L2 cache (for 1 PUs) (using 2*31^3 grid points, 2*476656 bytes):
      iterations=1... time=0.000508904 sec
      iterations=10... time=0.00226937 sec
      iterations=100... time=0.0223042 sec
      iterations=1000... time=0.226154 sec
      iterations=5000... time=1.11928 sec
      result: 0.133081 Gupdates/sec
    Stencil code performance of L3 cache (for 2 PUs) (using 1*133^3 grid points, 1*37642192 bytes):
      [skipped -- too many MPI processes]
  Single-node measurements:
    MPI latency: 800 nsec
    MPI bandwidth: 6.30177 GByte/sec
INFO (Vectors): Testing vectorisation... [errors may result in segfaults]
INFO (Vectors): 375/375 tests passed 
INFO (CartGrid3D): Grid Spacings:
INFO (CartGrid3D): dx=>1.1111111e-01  dy=>1.1111111e-01  dz=>1.1111111e-01
INFO (CartGrid3D): Computational Coordinates:
INFO (CartGrid3D): x=>[-0.500, 0.500]  y=>[-0.500, 0.500]  z=>[-0.500, 0.500]
INFO (CartGrid3D): Indices of Physical Coordinates:
INFO (CartGrid3D): x=>[0,9]  y=>[0,9]  z=>[0,9]
INFO (PUGH): MPI Evolution on 2 processors
INFO (PUGH): 3-dimensional grid functions
INFO (PUGH):   Size: 10 10 10
INFO (PUGH):   Processor topology: 2 x 1 x 1
INFO (PUGH):   Local load: 600   [6 x 10 x 10]
INFO (PUGH):   Maximum load skew: 0.000000
--------------------------------------------------------------------------------
Done.
+ echo Stopping:
Stopping:
+ date
Tue Oct 24 15:55:08 UTC 2023
+ echo Done.
Done.
  Elapsed time: 46.5 s
