/home/runner/simulations/TestJob01_temp_1/output-0000/TEST/sim/MemSpeed
Preparing:
+ set -e
+ cd output-0000-active
+ echo Checking:
Checking:
+ pwd
/home/runner/simulations/TestJob01_temp_1/output-0000/TEST/sim/MemSpeed/output-0000-active
+ hostname
runnervmg1sw1
+ date
Wed Nov 19 02:01:34 UTC 2025
+ echo Environment:
Environment:
+ export CACTUS_NUM_PROCS=1
+ CACTUS_NUM_PROCS=1
+ export CACTUS_NUM_THREADS=2
+ CACTUS_NUM_THREADS=2
+ export GMON_OUT_PREFIX=gmon.out
+ GMON_OUT_PREFIX=gmon.out
+ export OMP_NUM_THREADS=2
+ OMP_NUM_THREADS=2
+ env
+ sort
+ echo Starting:
Starting:
++ date +%s
+ export CACTUS_STARTTIME=1763517694
+ CACTUS_STARTTIME=1763517694
+ '[' 1 = 1 ']'
+ '[' 0 -eq 0 ']'
+ /home/runner/simulations/TestJob01_temp_1/SIMFACTORY/exe/cactus_sim -L 3 /home/runner/simulations/TestJob01_temp_1/output-0000/arrangements/CactusUtils/MemSpeed/test/memspeed.par
INFO (Cactus): Increased logging level from 0 to 3
--------------------------------------------------------------------------------

       10                                  
  1   0101       ************************  
  01  1010 10      The Cactus Code V4.18.0    
 1010 1101 011      www.cactuscode.org     
  1001 100101    ************************  
    00010101                               
     100011     (c) Copyright The Authors  
      0100      GNU Licensed. No Warranty  
      0101                                 
--------------------------------------------------------------------------------

Cactus version:    4.18.0
Compile date:      Nov 19 2025 (01:54:10)
Run date:          Nov 19 2025 (02:01:34+0000)
Run host:          runnervmg1sw1.ezo1goeqigjutp0txb4kr5b2ne.dx.internal.cloudapp.net (pid=131140)
Working directory: /home/runner/simulations/TestJob01_temp_1/output-0000/TEST/sim/MemSpeed
Executable:        /home/runner/simulations/TestJob01_temp_1/SIMFACTORY/exe/cactus_sim
Parameter file:    /home/runner/simulations/TestJob01_temp_1/output-0000/arrangements/CactusUtils/MemSpeed/test/memspeed.par
--------------------------------------------------------------------------------

Activating thorn Cactus...Success -> active implementation Cactus
Activation requested for 
--->hwloc MemSpeed SystemTopology CartGrid3D CoordBase IOASCII IOUtil PUGH PUGHSlab<---
Thorn hwloc requests automatic activation of zlib
Thorn MemSpeed requests automatic activation of Vectors
Thorn MemSpeed requests automatic activation of MPI
Activating thorn CartGrid3D...Success -> active implementation grid
Activating thorn CoordBase...Success -> active implementation CoordBase
Activating thorn hwloc...Success -> active implementation hwloc
Activating thorn IOASCII...Success -> active implementation IOASCII
Activating thorn IOUtil...Success -> active implementation IO
Activating thorn MemSpeed...Success -> active implementation MemSpeed
Activating thorn MPI...Success -> active implementation MPI
Activating thorn PUGH...Success -> active implementation Driver
Activating thorn PUGHSlab...Success -> active implementation Hyperslab
Activating thorn SystemTopology...Success -> active implementation SystemTopology
Activating thorn Vectors...Success -> active implementation Vectors
Activating thorn zlib...Success -> active implementation zlib
--------------------------------------------------------------------------------
  if (recover initial data)
    Recover parameters
  endif

  Startup routines
    [CCTK_STARTUP]
      CartGrid3D::SymmetryStartup: Register GH Extension for GridSymmetry
      CoordBase::CoordBase_Startup: Register a GH extension to store the coordinate system handles
      GROUP hwloc_startup: hwloc startup group
        hwloc::hwloc_version: Output hwloc version
      SystemTopology::ST_system_topology: Output and/or modify system topology and hardware locality
      PUGH::Driver_Startup: Startup routine
      PUGH::PUGH_RegisterPUGHP2LRoutines: Register Physical to Logical process mapping routines
      PUGH::PUGH_RegisterPUGHTopologyRoutines: Register topology generation routines routines
      IOUtil::IOUtil_Startup: Startup routine
      Vectors::Vectors_Startup: Print startup message
      IOASCII::IOASCII_Startup: Startup routine

  Startup routines which need an existing grid hierarchy
    [CCTK_WRAGH]
      CartGrid3D::RegisterCartGrid3DCoords: [meta] Register coordinates for the Cartesian grid
      MemSpeed::MemSpeed_MeasureSpeed: [meta] Measure CPU, memory, cache speeds
  Parameter checking routines
    [CCTK_PARAMCHECK]
      CartGrid3D::ParamCheck_CartGrid3D: Check coordinates for CartGrid3D
      Vectors::Vectors_Test: Run correctness tests.

  Initialisation
    if (NOT (recover initial data AND recovery_mode is 'strict'))
      [CCTK_PREREGRIDINITIAL]
      Set up grid hierarchy
      [CCTK_POSTREGRIDINITIAL]
        CartGrid3D::SpatialCoordinates: Set Coordinates after regridding
      [CCTK_BASEGRID]
        CartGrid3D::SpatialSpacings: Set up ranges for spatial 3D Cartesian coordinates (on all grids)
        CartGrid3D::SpatialCoordinates: Set up spatial 3D Cartesian coordinates on the GH
        IOASCII::IOASCII_Choose1D: Choose 1D output lines
        IOASCII::IOASCII_Choose2D: Choose 2D output planes
        PUGH::PUGH_Report: Report on PUGH set up
      [CCTK_INITIAL]
      [CCTK_POSTINITIAL]
      Initialise finer grids recursively
      Restrict from finer grids
      [CCTK_POSTRESTRICTINITIAL]
      [CCTK_POSTPOSTINITIAL]
      [CCTK_POSTSTEP]
    endif
    if (recover initial data)
      [CCTK_BASEGRID]
        CartGrid3D::SpatialSpacings: Set up ranges for spatial 3D Cartesian coordinates (on all grids)
        CartGrid3D::SpatialCoordinates: Set up spatial 3D Cartesian coordinates on the GH
        IOASCII::IOASCII_Choose1D: Choose 1D output lines
        IOASCII::IOASCII_Choose2D: Choose 2D output planes
        PUGH::PUGH_Report: Report on PUGH set up
      [CCTK_RECOVER_VARIABLES]
      [CCTK_POST_RECOVER_VARIABLES]
    endif
    if (checkpoint initial data)
      [CCTK_CPINITIAL]
    endif
    if (analysis)
      [CCTK_ANALYSIS]
  endif
  Output grid variables

  do loop over timesteps
    [CCTK_PREREGRID]
    Change grid hierarchy
    [CCTK_POSTREGRID]
      CartGrid3D::SpatialCoordinates: Set Coordinates after regridding
    Rotate timelevels
    iteration = iteration+1
    t = t+dt
    [CCTK_PRESTEP]
    [CCTK_EVOL]
    Evolve finer grids recursively
    Restrict from finer grids
    [CCTK_POSTRESTRICT]
    [CCTK_POSTSTEP]
    if (checkpoint)
      [CCTK_CHECKPOINT]
    endif
    if (analysis)
      [CCTK_ANALYSIS]
    endif
    Output grid variables
    enddo

  Termination routines
    [CCTK_TERMINATE]
      PUGH::Driver_Terminate: Termination routine

  Shutdown routines
    [CCTK_SHUTDOWN]

  Routines run after changing the grid hierarchy:
    [CCTK_POSTREGRID]
      CartGrid3D::SpatialCoordinates: Set Coordinates after regridding
--------------------------------------------------------------------------------
INFO (hwloc): library version 2.10.0, API version 0x20800
INFO (SystemTopology): MPI process-to-host mapping:
This is MPI process 0 of 1
MPI hosts:
  0: runnervmg1sw1
This MPI process runs on host 0 of 1
On this host, this is MPI process 0 of 1
INFO (SystemTopology): Topology support:
Discovery support:
  discovery->pu                            : yes
CPU binding support:
  cpubind->set_thisproc_cpubind            : yes
  cpubind->get_thisproc_cpubind            : yes
  cpubind->set_proc_cpubind                : yes
  cpubind->get_proc_cpubind                : yes
  cpubind->set_thisthread_cpubind          : yes
  cpubind->get_thisthread_cpubind          : yes
  cpubind->set_thread_cpubind              : yes
  cpubind->get_thread_cpubind              : yes
  cpubind->get_thisproc_last_cpu_location  : yes
  cpubind->get_proc_last_cpu_location      : yes
  cpubind->get_thisthread_last_cpu_location: yes
Memory binding support:
  membind->set_thisproc_membind            : no
  membind->get_thisproc_membind            : no
  membind->set_proc_membind                : no
  membind->get_proc_membind                : no
  membind->set_thisthread_membind          : yes
  membind->get_thisthread_membind          : yes
  membind->set_area_membind                : yes
  membind->get_area_membind                : yes
  membind->alloc_membind                   : yes
  membind->firsttouch_membind              : yes
  membind->bind_membind                    : yes
  membind->interleave_membind              : yes
  membind->nexttouch_membind               : no
  membind->migrate_membind                 : yes
INFO (SystemTopology): Hardware objects in this node:
Machine L#0: (P#0, total=16379472KB, DMIProductName="Virtual Machine", DMIProductVersion=7.0, DMIProductUUID=536fa2c7-fcce-3840-8f8b-c86f88ed11a2, DMIBoardVendor="Microsoft Corporation", DMIBoardName="Virtual Machine", DMIBoardVersion=7.0, DMIChassisVendor="Microsoft Corporation", DMIChassisType=3, DMIChassisVersion=7.0, DMIChassisAssetTag=7783-7084-3265-9085-8269-3286-77, DMIBIOSVendor="American Megatrends Inc.", DMIBIOSVersion="090008 ", DMIBIOSDate=12/07/2018, DMISysVendor="Microsoft Corporation", Backend=Linux, LinuxCgroup=/system.slice/hosted-compute-agent.service, OSName=Linux, OSRelease=6.11.0-1018-azure, OSVersion="#18~24.04.1-Ubuntu SMP Sat Jun 28 04:46:03 UTC 2025", HostName=runnervmg1sw1, Architecture=x86_64, hwlocVersion=2.10.0, ProcessName=cactus_sim)
  Package L#0: (P#0, total=16379472KB, CPUVendor=AuthenticAMD, CPUFamilyNumber=25, CPUModelNumber=1, CPUModel="AMD EPYC 7763 64-Core Processor                ", CPUStepping=1)
    L3Cache L#0: (P#0, size=32768KB, linesize=64, ways=16, Inclusive=0)
      L2Cache L#0: (P#0, size=512KB, linesize=64, ways=8, Inclusive=1)
        L1dCache L#0: (P#0, size=32KB, linesize=64, ways=8, Inclusive=0)
          Core L#0: (P#0)
            PU L#0: (P#0)
            PU L#1: (P#1)
      L2Cache L#1: (P#1, size=512KB, linesize=64, ways=8, Inclusive=1)
        L1dCache L#1: (P#1, size=32KB, linesize=64, ways=8, Inclusive=0)
          Core L#1: (P#1)
            PU L#2: (P#2)
            PU L#3: (P#3)
INFO (SystemTopology): Thread CPU bindings:
  MPI process 0 on host 0 (process 0 of 1 on this host)
    OpenMP thread 0: PU set L#{0-3} P#{0-3}
    OpenMP thread 1: PU set L#{0-3} P#{0-3}
INFO (SystemTopology): Setting thread CPU bindings:
INFO (SystemTopology): Thread CPU bindings:
  MPI process 0 on host 0 (process 0 of 1 on this host)
    OpenMP thread 0: PU set L#{0} P#{0}
    OpenMP thread 1: PU set L#{2} P#{2}
INFO (SystemTopology): Extracting CPU/cache/memory properties:
  There are 2 PUs per core (aka hardware SMT threads)
  There are 1 threads per core (aka SMT threads used)
  Cache (unknown name) has type "data" depth 1
    size 32768 linesize 64 associativity 8 stride 4096, for 2 PUs
  Cache (unknown name) has type "unified" depth 2
    size 524288 linesize 64 associativity 8 stride 65536, for 2 PUs
  Cache (unknown name) has type "unified" depth 3
    size 33554432 linesize 64 associativity 16 stride 2097152, for 4 PUs
INFO (PUGH): Using physical to logical mappings: direct
INFO (PUGH): Using topology generator: automatic
INFO (Vectors): Using vector size 2 for architecture SSE2 (64-bit precision)
--------------------------------------------------------------------------------
Driver provided by PUGH
--------------------------------------------------------------------------------

INFO (PUGH): Not setting up a topology for 1 dimensions
INFO (PUGH): Not setting up a topology for 2 dimensions
INFO (PUGH): Setting up a topology for 3 dimensions
INFO (IOASCII): I/O Method 'IOASCII_1D' registered: output of 1D lines of grid functions/arrays to ASCII files
INFO (IOASCII): Periodic 1D output every 1 iterations
INFO (IOASCII): Periodic 1D output requested for 'GRID::r'
INFO (IOASCII): I/O Method 'IOASCII_2D' registered: output of 2D planes of grid functions/arrays to ASCII files
INFO (IOASCII): Periodic 2D output turned off
INFO (IOASCII): I/O Method 'IOASCII_3D' registered: output of 3D grid functions/arrays to ASCII files
INFO (IOASCII): Periodic 3D output turned off
INFO (MemSpeed): Measuring CPU, cache, memory, and communication speeds:
  Single-core measurements (using 1 MPI processes with 1 OpenMP threads each):
    CPU frequency:
      iterations=1000000... time=0.00124808 sec
      iterations=10000000... time=0.0125358 sec
      iterations=100000000... time=0.124426 sec
      iterations=900000000... time=1.12017 sec
      iterations=900000000... time=0.839537 sec
      result: 6.41417 GHz
    CPU floating point performance:
      iterations=1000000... time=0.00198323 sec
      iterations=10000000... time=0.0198261 sec
      iterations=100000000... time=0.198254 sec
      iterations=600000000... time=1.19022 sec
      result: 16.1315 Gflop/sec
    CPU integer performance:
      iterations=1000000... time=0.00157079 sec
      iterations=10000000... time=0.0155346 sec
      iterations=100000000... time=0.155523 sec
      iterations=700000000... time=1.08828 sec
      result: 10.2915 Giop/sec
    Read latency of D1 cache (for 2 PUs) (using 1*24576 bytes):
      iterations=1000... time=0.000123411 sec
      iterations=10000... time=0.00124808 sec
      iterations=100000... time=0.0124188 sec
      iterations=1000000... time=0.124378 sec
      iterations=9000000... time=1.11921 sec
      result: 1.24357 nsec
    Read latency of L2 cache (for 2 PUs) (using 1*393216 bytes):
      iterations=1000... time=0.000559227 sec
      iterations=10000... time=0.00562628 sec
      iterations=100000... time=0.0548583 sec
      iterations=1000000... time=0.563208 sec
      iterations=2000000... time=1.12846 sec
      result: 5.6423 nsec
    Read latency of L3 cache (for 4 PUs) (using 1*25165824 bytes):
      [skipped -- avoiding large-memory benchmarks]
    Read bandwidth of D1 cache (for 2 PUs) (using 1*24576 bytes):
      iterations=1... time=3.7e-07 sec
      iterations=10... time=2.765e-06 sec
      iterations=100... time=2.5978e-05 sec
      iterations=1000... time=0.000256741 sec
      iterations=10000... time=0.0024945 sec
      iterations=100000... time=0.0244414 sec
      iterations=1000000... time=0.243147 sec
      iterations=5000000... time=1.21693 sec
      result: 100.976 GByte/sec
    Read bandwidth of L2 cache (for 2 PUs) (using 1*393216 bytes):
      iterations=1... time=5.65e-06 sec
      iterations=10... time=4.5646e-05 sec
      iterations=100... time=0.000457316 sec
      iterations=1000... time=0.00480241 sec
      iterations=10000... time=0.0487843 sec
      iterations=100000... time=0.485843 sec
      iterations=200000... time=0.972434 sec
      iterations=400000... time=1.94537 sec
      result: 80.8516 GByte/sec
    Read bandwidth of L3 cache (for 4 PUs) (using 1*25165824 bytes):
      [skipped -- avoiding large-memory benchmarks]
    Write latency of D1 cache (for 2 PUs) (using 1*24576 bytes):
      iterations=1000... time=2.545e-06 sec
      iterations=10000... time=2.4767e-05 sec
      iterations=100000... time=0.000246722 sec
      iterations=1000000... time=0.0024816 sec
      iterations=10000000... time=0.0248567 sec
      iterations=100000000... time=0.248537 sec
      iterations=400000000... time=0.994955 sec
      iterations=800000000... time=1.99078 sec
      result: 0.311059 nsec
    Write latency of L2 cache (for 2 PUs) (using 1*393216 bytes):
      iterations=1000... time=8.987e-06 sec
      iterations=10000... time=9.1321e-05 sec
      iterations=100000... time=0.00106263 sec
      iterations=1000000... time=0.0105905 sec
      iterations=10000000... time=0.106023 sec
      iterations=100000000... time=1.08739 sec
      result: 1.35924 nsec
    Write latency of L3 cache (for 4 PUs) (using 1*25165824 bytes):
      [skipped -- avoiding large-memory benchmarks]
    Write bandwidth of D1 cache (for 2 PUs) (using 1*24576 bytes):
      iterations=1... time=3.11e-07 sec
      iterations=10... time=2.815e-06 sec
      iterations=100... time=2.7621e-05 sec
      iterations=1000... time=0.000276127 sec
      iterations=10000... time=0.00278357 sec
      iterations=100000... time=0.0278934 sec
      iterations=1000000... time=0.27829 sec
      iterations=4000000... time=1.17109 sec
      result: 83.942 GByte/sec
    Write bandwidth of L2 cache (for 2 PUs) (using 1*393216 bytes):
      iterations=1... time=5.61e-06 sec
      iterations=10... time=5.332e-05 sec
      iterations=100... time=0.000547395 sec
      iterations=1000... time=0.0046231 sec
      iterations=10000... time=0.0448891 sec
      iterations=100000... time=0.447936 sec
      iterations=200000... time=0.896369 sec
      iterations=400000... time=1.79364 sec
      result: 87.6913 GByte/sec
    Write bandwidth of L3 cache (for 4 PUs) (using 1*25165824 bytes):
      [skipped -- avoiding large-memory benchmarks]
    Stencil code performance of D1 cache (for 2 PUs) (using 1*12^3 grid points, 1*27648 bytes):
      iterations=1... time=2.3164e-05 sec
      iterations=10... time=0.000323876 sec
      iterations=100... time=0.00316463 sec
      iterations=1000... time=0.0314851 sec
      iterations=10000... time=0.318643 sec
      iterations=30000... time=0.984907 sec
      iterations=60000... time=2.01206 sec
      result: 0.0515292 Gupdates/sec
    Stencil code performance of L2 cache (for 2 PUs) (using 1*29^3 grid points, 1*390224 bytes):
      iterations=1... time=0.000158917 sec
      iterations=10... time=0.00164868 sec
      iterations=100... time=0.0167506 sec
      iterations=1000... time=0.171235 sec
      iterations=6000... time=1.0159 sec
      result: 0.144044 Gupdates/sec
    Stencil code performance of L3 cache (for 4 PUs) (using 1*116^3 grid points, 1*24974336 bytes):
      iterations=1... time=0.00417002 sec
      iterations=10... time=0.0433623 sec
      iterations=100... time=0.433549 sec
      iterations=300... time=1.30977 sec
      result: 0.35752 Gupdates/sec
  Single-node measurements (using 1 MPI processes with 2 OpenMP threads each):
    CPU frequency:
      iterations=1000000... time=0.00133909 sec
      iterations=10000000... time=0.0124701 sec
      iterations=100000000... time=0.124469 sec
      iterations=900000000... time=1.12067 sec
      iterations=900000000... time=0.839692 sec
      result: 6.40621 GHz
    CPU floating point performance:
      iterations=1000000... time=0.00198445 sec
      iterations=10000000... time=0.0198329 sec
      iterations=100000000... time=0.198268 sec
      iterations=600000000... time=1.19004 sec
      result: 16.1338 Gflop/sec
    CPU integer performance:
      iterations=1000000... time=0.0015752 sec
      iterations=10000000... time=0.0155398 sec
      iterations=100000000... time=0.155344 sec
      iterations=700000000... time=1.088 sec
      result: 10.2941 Giop/sec
    Read latency of D1 cache (for 2 PUs) (using 2*24576 bytes):
      iterations=1000... time=0.000133805 sec
      iterations=10000... time=0.00124256 sec
      iterations=100000... time=0.0124247 sec
      iterations=1000000... time=0.12425 sec
      iterations=9000000... time=1.11858 sec
      result: 1.24287 nsec
    Read latency of L2 cache (for 2 PUs) (using 2*393216 bytes):
      iterations=1000... time=0.000449287 sec
      iterations=10000... time=0.00415864 sec
      iterations=100000... time=0.0417265 sec
      iterations=1000000... time=0.416028 sec
      iterations=3000000... time=1.24932 sec
      result: 4.16442 nsec
    Read latency of L3 cache (for 4 PUs) (using 1*25165824 bytes):
      [skipped -- avoiding large-memory benchmarks]
    Read bandwidth of D1 cache (for 2 PUs) (using 2*24576 bytes):
      iterations=1... time=6.11e-07 sec
      iterations=10... time=4.4185e-06 sec
      iterations=100... time=4.67475e-05 sec
      iterations=1000... time=0.000436111 sec
      iterations=10000... time=0.00285817 sec
      iterations=100000... time=0.024367 sec
      iterations=1000000... time=0.243841 sec
      iterations=5000000... time=1.22012 sec
      result: 100.711 GByte/sec
    Read bandwidth of L2 cache (for 2 PUs) (using 2*393216 bytes):
      iterations=1... time=1.05055e-05 sec
      iterations=10... time=5.51735e-05 sec
      iterations=100... time=0.00049132 sec
      iterations=1000... time=0.00494641 sec
      iterations=10000... time=0.0487102 sec
      iterations=100000... time=0.487505 sec
      iterations=200000... time=0.976416 sec
      iterations=400000... time=1.95492 sec
      result: 80.4567 GByte/sec
    Read bandwidth of L3 cache (for 4 PUs) (using 1*25165824 bytes):
      [skipped -- avoiding large-memory benchmarks]
    Write latency of D1 cache (for 2 PUs) (using 2*24576 bytes):
      iterations=1000... time=3.291e-06 sec
      iterations=10000... time=3.1564e-05 sec
      iterations=100000... time=0.000281026 sec
      iterations=1000000... time=0.00250847 sec
      iterations=10000000... time=0.02491 sec
      iterations=100000000... time=0.248783 sec
      iterations=400000000... time=0.995007 sec
      iterations=800000000... time=1.99095 sec
      result: 0.311086 nsec
    Write latency of L2 cache (for 2 PUs) (using 2*393216 bytes):
      iterations=1000... time=9.413e-06 sec
      iterations=10000... time=8.75335e-05 sec
      iterations=100000... time=0.000942189 sec
      iterations=1000000... time=0.00962394 sec
      iterations=10000000... time=0.0960366 sec
      iterations=100000000... time=0.968194 sec
      iterations=200000000... time=1.94417 sec
      result: 1.21511 nsec
    Write latency of L3 cache (for 4 PUs) (using 1*25165824 bytes):
      [skipped -- avoiding large-memory benchmarks]
    Write bandwidth of D1 cache (for 2 PUs) (using 2*24576 bytes):
      iterations=1... time=4.31e-07 sec
      iterations=10... time=3.772e-06 sec
      iterations=100... time=3.64285e-05 sec
      iterations=1000... time=0.000329457 sec
      iterations=10000... time=0.00277598 sec
      iterations=100000... time=0.0270095 sec
      iterations=1000000... time=0.270173 sec
      iterations=4000000... time=1.08126 sec
      result: 90.9158 GByte/sec
    Write bandwidth of L2 cache (for 2 PUs) (using 2*393216 bytes):
      iterations=1... time=8.837e-06 sec
      iterations=10... time=7.33525e-05 sec
      iterations=100... time=0.000690432 sec
      iterations=1000... time=0.00473079 sec
      iterations=10000... time=0.0452412 sec
      iterations=100000... time=0.454931 sec
      iterations=200000... time=0.908523 sec
      iterations=400000... time=1.81546 sec
      result: 86.6374 GByte/sec
    Write bandwidth of L3 cache (for 4 PUs) (using 1*25165824 bytes):
      [skipped -- avoiding large-memory benchmarks]
    Stencil code performance of D1 cache (for 2 PUs) (using 1*12^3 grid points, 1*27648 bytes):
      iterations=1... time=6.7075e-06 sec
      iterations=10... time=8.62765e-05 sec
      iterations=100... time=0.00085428 sec
      iterations=1000... time=0.00826831 sec
      iterations=10000... time=0.0837487 sec
      iterations=100000... time=0.860889 sec
      iterations=200000... time=1.72278 sec
      result: 0.200606 Gupdates/sec
    Stencil code performance of L2 cache (for 2 PUs) (using 1*29^3 grid points, 1*390224 bytes):
      iterations=1... time=4.15325e-05 sec
      iterations=10... time=0.000418924 sec
      iterations=100... time=0.0043023 sec
      iterations=1000... time=0.0415315 sec
      iterations=10000... time=0.480034 sec
      iterations=20000... time=0.876668 sec
      iterations=40000... time=1.64991 sec
      result: 0.591281 Gupdates/sec
    Stencil code performance of L3 cache (for 4 PUs) (using 1*116^3 grid points, 1*24974336 bytes):
      iterations=1... time=0.00101541 sec
      iterations=10... time=0.0119582 sec
      iterations=100... time=0.11267 sec
      iterations=1000... time=1.17959 sec
      result: 1.32325 Gupdates/sec
INFO (Vectors): Testing vectorisation... [errors may result in segfaults]
INFO (Vectors): 375/375 tests passed 
INFO (CartGrid3D): Grid Spacings:
INFO (CartGrid3D): dx=>1.1111111e-01  dy=>1.1111111e-01  dz=>1.1111111e-01
INFO (CartGrid3D): Computational Coordinates:
INFO (CartGrid3D): x=>[-0.500, 0.500]  y=>[-0.500, 0.500]  z=>[-0.500, 0.500]
INFO (CartGrid3D): Indices of Physical Coordinates:
INFO (CartGrid3D): x=>[0,9]  y=>[0,9]  z=>[0,9]
INFO (PUGH): MPI Evolution on 1 processors
INFO (PUGH): 3-dimensional grid functions
INFO (PUGH):  10
INFO (PUGH):  1
INFO (PUGH): 10]
INFO (PUGH):   Maximum load skew: 0.000000
--------------------------------------------------------------------------------
Done.
+ echo Stopping:
Stopping:
+ date
Wed Nov 19 02:02:41 UTC 2025
+ echo Done.
Done.
  Elapsed time: 67.3 s
