/home/runner/simulations/TestJob01_temp_1/output-0000/TEST/sim/MemSpeed
Preparing:
+ set -e
+ cd output-0000-active
+ echo Checking:
Checking:
+ pwd
/home/runner/simulations/TestJob01_temp_1/output-0000/TEST/sim/MemSpeed/output-0000-active
+ hostname
fv-az489-912
+ date
Sat Dec 10 21:43:50 UTC 2022
+ echo Environment:
Environment:
+ export CACTUS_NUM_PROCS=1
+ CACTUS_NUM_PROCS=1
+ export CACTUS_NUM_THREADS=2
+ CACTUS_NUM_THREADS=2
+ export GMON_OUT_PREFIX=gmon.out
+ GMON_OUT_PREFIX=gmon.out
+ export OMP_NUM_THREADS=2
+ OMP_NUM_THREADS=2
+ env
+ sort
+ echo Starting:
Starting:
++ date +%s
+ export CACTUS_STARTTIME=1670708630
+ CACTUS_STARTTIME=1670708630
+ '[' 1 = 1 ']'
+ '[' 0 -eq 0 ']'
+ /home/runner/simulations/TestJob01_temp_1/SIMFACTORY/exe/cactus_sim -L 3 /home/runner/simulations/TestJob01_temp_1/output-0000/arrangements/CactusUtils/MemSpeed/test/memspeed.par
INFO (Cactus): Increased logging level from 0 to 3
--------------------------------------------------------------------------------

       10                                  
  1   0101       ************************  
  01  1010 10      The Cactus Code V4.13.0    
 1010 1101 011      www.cactuscode.org     
  1001 100101    ************************  
    00010101                               
     100011     (c) Copyright The Authors  
      0100      GNU Licensed. No Warranty  
      0101                                 
--------------------------------------------------------------------------------

Cactus version:    4.13.0
Compile date:      Dec 10 2022 (21:36:36)
Run date:          Dec 10 2022 (21:43:51+0000)
Run host:          fv-az489-912.ommslwehxtse5c44z5cafbrg5d.jx.internal.cloudapp.net (pid=103283)
Working directory: /home/runner/simulations/TestJob01_temp_1/output-0000/TEST/sim/MemSpeed
Executable:        /home/runner/simulations/TestJob01_temp_1/SIMFACTORY/exe/cactus_sim
Parameter file:    /home/runner/simulations/TestJob01_temp_1/output-0000/arrangements/CactusUtils/MemSpeed/test/memspeed.par
--------------------------------------------------------------------------------

Activating thorn Cactus...Success -> active implementation Cactus
Activation requested for 
--->hwloc MemSpeed SystemTopology CartGrid3D CoordBase IOASCII IOUtil PUGH PUGHSlab<---
Thorn hwloc requests automatic activation of zlib
Thorn MemSpeed requests automatic activation of Vectors
Thorn MemSpeed requests automatic activation of MPI
Activating thorn CartGrid3D...Success -> active implementation grid
Activating thorn CoordBase...Success -> active implementation CoordBase
Activating thorn hwloc...Success -> active implementation hwloc
Activating thorn IOASCII...Success -> active implementation IOASCII
Activating thorn IOUtil...Success -> active implementation IO
Activating thorn MemSpeed...Success -> active implementation MemSpeed
Activating thorn MPI...Success -> active implementation MPI
Activating thorn PUGH...Success -> active implementation Driver
Activating thorn PUGHSlab...Success -> active implementation Hyperslab
Activating thorn SystemTopology...Success -> active implementation SystemTopology
Activating thorn Vectors...Success -> active implementation Vectors
Activating thorn zlib...Success -> active implementation zlib
--------------------------------------------------------------------------------
  if (recover initial data)
    Recover parameters
  endif

  Startup routines
    [CCTK_STARTUP]
      CartGrid3D::SymmetryStartup: Register GH Extension for GridSymmetry
      CoordBase::CoordBase_Startup: Register a GH extension to store the coordinate system handles
      GROUP hwloc_startup: hwloc startup group
        hwloc::hwloc_version: Output hwloc version
      SystemTopology::ST_system_topology: Output and/or modify system topology and hardware locality
      PUGH::Driver_Startup: Startup routine
      PUGH::PUGH_RegisterPUGHP2LRoutines: Register Physical to Logical process mapping routines
      PUGH::PUGH_RegisterPUGHTopologyRoutines: Register topology generation routines routines
      IOUtil::IOUtil_Startup: Startup routine
      Vectors::Vectors_Startup: Print startup message
      IOASCII::IOASCII_Startup: Startup routine

  Startup routines which need an existing grid hierarchy
    [CCTK_WRAGH]
      CartGrid3D::RegisterCartGrid3DCoords: [meta] Register coordinates for the Cartesian grid
      MemSpeed::MemSpeed_MeasureSpeed: [meta] Measure CPU, memory, cache speeds
  Parameter checking routines
    [CCTK_PARAMCHECK]
      CartGrid3D::ParamCheck_CartGrid3D: Check coordinates for CartGrid3D
      Vectors::Vectors_Test: Run correctness tests.

  Initialisation
    if (NOT (recover initial data AND recovery_mode is 'strict'))
      [CCTK_PREREGRIDINITIAL]
      Set up grid hierarchy
      [CCTK_POSTREGRIDINITIAL]
        CartGrid3D::SpatialCoordinates: Set Coordinates after regridding
      [CCTK_BASEGRID]
        CartGrid3D::SpatialSpacings: Set up ranges for spatial 3D Cartesian coordinates (on all grids)
        CartGrid3D::SpatialCoordinates: Set up spatial 3D Cartesian coordinates on the GH
        IOASCII::IOASCII_Choose1D: Choose 1D output lines
        IOASCII::IOASCII_Choose2D: Choose 2D output planes
        PUGH::PUGH_Report: Report on PUGH set up
      [CCTK_INITIAL]
      [CCTK_POSTINITIAL]
      Initialise finer grids recursively
      Restrict from finer grids
      [CCTK_POSTRESTRICTINITIAL]
      [CCTK_POSTPOSTINITIAL]
      [CCTK_POSTSTEP]
    endif
    if (recover initial data)
      [CCTK_BASEGRID]
        CartGrid3D::SpatialSpacings: Set up ranges for spatial 3D Cartesian coordinates (on all grids)
        CartGrid3D::SpatialCoordinates: Set up spatial 3D Cartesian coordinates on the GH
        IOASCII::IOASCII_Choose1D: Choose 1D output lines
        IOASCII::IOASCII_Choose2D: Choose 2D output planes
        PUGH::PUGH_Report: Report on PUGH set up
      [CCTK_RECOVER_VARIABLES]
      [CCTK_POST_RECOVER_VARIABLES]
    endif
    if (checkpoint initial data)
      [CCTK_CPINITIAL]
    endif
    if (analysis)
      [CCTK_ANALYSIS]
  endif
  Output grid variables

  do loop over timesteps
    [CCTK_PREREGRID]
    Change grid hierarchy
    [CCTK_POSTREGRID]
      CartGrid3D::SpatialCoordinates: Set Coordinates after regridding
    Rotate timelevels
    iteration = iteration+1
    t = t+dt
    [CCTK_PRESTEP]
    [CCTK_EVOL]
    Evolve finer grids recursively
    Restrict from finer grids
    [CCTK_POSTRESTRICT]
    [CCTK_POSTSTEP]
    if (checkpoint)
      [CCTK_CHECKPOINT]
    endif
    if (analysis)
      [CCTK_ANALYSIS]
    endif
    Output grid variables
    enddo

  Termination routines
    [CCTK_TERMINATE]
      PUGH::Driver_Terminate: Termination routine

  Shutdown routines
    [CCTK_SHUTDOWN]

  Routines run after changing the grid hierarchy:
    [CCTK_POSTREGRID]
      CartGrid3D::SpatialCoordinates: Set Coordinates after regridding
--------------------------------------------------------------------------------
INFO (hwloc): library version 2.1.0, API version 0x20100
INFO (SystemTopology): MPI process-to-host mapping:
This is MPI process 0 of 1
MPI hosts:
  0: fv-az489-912
This MPI process runs on host 0 of 1
On this host, this is MPI process 0 of 1
INFO (SystemTopology): Topology support:
Discovery support:
  discovery->pu                            : yes
CPU binding support:
  cpubind->set_thisproc_cpubind            : yes
  cpubind->get_thisproc_cpubind            : yes
  cpubind->set_proc_cpubind                : yes
  cpubind->get_proc_cpubind                : yes
  cpubind->set_thisthread_cpubind          : yes
  cpubind->get_thisthread_cpubind          : yes
  cpubind->set_thread_cpubind              : yes
  cpubind->get_thread_cpubind              : yes
  cpubind->get_thisproc_last_cpu_location  : yes
  cpubind->get_proc_last_cpu_location      : yes
  cpubind->get_thisthread_last_cpu_location: yes
Memory binding support:
  membind->set_thisproc_membind            : no
  membind->get_thisproc_membind            : no
  membind->set_proc_membind                : no
  membind->get_proc_membind                : no
  membind->set_thisthread_membind          : yes
  membind->get_thisthread_membind          : yes
  membind->set_area_membind                : yes
  membind->get_area_membind                : yes
  membind->alloc_membind                   : yes
  membind->firsttouch_membind              : yes
  membind->bind_membind                    : yes
  membind->interleave_membind              : yes
  membind->nexttouch_membind               : no
  membind->migrate_membind                 : yes
INFO (SystemTopology): Hardware objects in this node:
Machine L#0: (P#0, total=7110656KB, DMIProductName="Virtual Machine", DMIProductVersion=7.0, DMIProductUUID=c4147076-9d06-064a-b6d2-ff199cc108d0, DMIBoardVendor="Microsoft Corporation", DMIBoardName="Virtual Machine", DMIBoardVersion=7.0, DMIChassisVendor="Microsoft Corporation", DMIChassisType=3, DMIChassisVersion=7.0, DMIChassisAssetTag=7783-7084-3265-9085-8269-3286-77, DMIBIOSVendor="American Megatrends Inc.", DMIBIOSVersion="090008 ", DMIBIOSDate=12/07/2018, DMISysVendor="Microsoft Corporation", Backend=Linux, LinuxCgroup=/, OSName=Linux, OSRelease=5.15.0-1023-azure, OSVersion="#29~20.04.1-Ubuntu SMP Wed Oct 26 19:18:25 UTC 2022", HostName=fv-az489-912, Architecture=x86_64, hwlocVersion=2.1.0, ProcessName=cactus_sim)
  Package L#0: (P#0, total=7110656KB, CPUVendor=GenuineIntel, CPUFamilyNumber=6, CPUModelNumber=85, CPUModel="Intel(R) Xeon(R) Platinum 8171M CPU @ 2.60GHz", CPUStepping=4)
    L3Cache L#0: (P#-1, size=36608KB, linesize=64, ways=11, Inclusive=0)
      L2Cache L#0: (P#-1, size=1024KB, linesize=64, ways=16, Inclusive=0)
        L1dCache L#0: (P#-1, size=32KB, linesize=64, ways=8, Inclusive=0)
          Core L#0: (P#0)
            PU L#0: (P#0)
      L2Cache L#1: (P#-1, size=1024KB, linesize=64, ways=16, Inclusive=0)
        L1dCache L#1: (P#-1, size=32KB, linesize=64, ways=8, Inclusive=0)
          Core L#1: (P#1)
            PU L#1: (P#1)
INFO (SystemTopology): Thread CPU bindings:
  MPI process 0 on host 0 (process 0 of 1 on this host)
    OpenMP thread 0: PU set L#{0-1} P#{0-1}
    OpenMP thread 1: PU set L#{0-1} P#{0-1}
INFO (SystemTopology): Setting thread CPU bindings:
INFO (SystemTopology): Thread CPU bindings:
  MPI process 0 on host 0 (process 0 of 1 on this host)
    OpenMP thread 0: PU set L#{0} P#{0}
    OpenMP thread 1: PU set L#{1} P#{1}
INFO (SystemTopology): Extracting CPU/cache/memory properties:
  There are 1 PUs per core (aka hardware SMT threads)
  There are 1 threads per core (aka SMT threads used)
  Cache (unknown name) has type "data" depth 1
    size 32768 linesize 64 associativity 8 stride 4096, for 1 PUs
  Cache (unknown name) has type "unified" depth 2
    size 1048576 linesize 64 associativity 16 stride 65536, for 1 PUs
  Cache (unknown name) has type "unified" depth 3
    size 37486592 linesize 64 associativity 11 stride 3407872, for 2 PUs
INFO (PUGH): Using physical to logical mappings: direct
INFO (PUGH): Using topology generator: automatic
INFO (Vectors): Using vector size 2 for architecture SSE2 (64-bit precision)
--------------------------------------------------------------------------------
Driver provided by PUGH
--------------------------------------------------------------------------------

INFO (PUGH): Not setting up a topology for 1 dimensions
INFO (PUGH): Not setting up a topology for 2 dimensions
INFO (PUGH): Setting up a topology for 3 dimensions
INFO (IOASCII): I/O Method 'IOASCII_1D' registered: output of 1D lines of grid functions/arrays to ASCII files
INFO (IOASCII): Periodic 1D output every 1 iterations
INFO (IOASCII): Periodic 1D output requested for 'GRID::r'
INFO (IOASCII): I/O Method 'IOASCII_2D' registered: output of 2D planes of grid functions/arrays to ASCII files
INFO (IOASCII): Periodic 2D output turned off
INFO (IOASCII): I/O Method 'IOASCII_3D' registered: output of 3D grid functions/arrays to ASCII files
INFO (IOASCII): Periodic 3D output turned off
INFO (MemSpeed): Measuring CPU, cache, memory, and communication speeds:
  Single-core measurements (using 1 MPI processes with 1 OpenMP threads each):
    CPU frequency:
      iterations=1000000... time=0.00152525 sec
      iterations=10000000... time=0.0147778 sec
      iterations=100000000... time=0.149799 sec
      iterations=700000000... time=0.989963 sec
      iterations=1400000000... time=2.01771 sec
      iterations=1400000000... time=2.12003 sec
      result: -27.3664 GHz
    CPU floating point performance:
      iterations=1000000... time=0.00349494 sec
      iterations=10000000... time=0.0347314 sec
      iterations=100000000... time=0.345701 sec
      iterations=300000000... time=1.00595 sec
      result: 9.54318 Gflop/sec
    CPU integer performance:
      iterations=1000000... time=0.00195499 sec
      iterations=10000000... time=0.0198544 sec
      iterations=100000000... time=0.213398 sec
      iterations=500000000... time=1.02862 sec
      result: 7.7774 Giop/sec
    Read latency of D1 cache (for 1 PUs) (using 1*24576 bytes):
      iterations=1000... time=0.000161115 sec
      iterations=10000... time=0.00145584 sec
      iterations=100000... time=0.0128029 sec
      iterations=1000000... time=0.145538 sec
      iterations=8000000... time=1.14105 sec
      result: 1.42632 nsec
    Read latency of L2 cache (for 1 PUs) (using 1*786432 bytes):
      iterations=1000... time=0.000741272 sec
      iterations=10000... time=0.006216 sec
      iterations=100000... time=0.0661846 sec
      iterations=1000000... time=0.665118 sec
      iterations=2000000... time=1.32217 sec
      result: 6.61087 nsec
    Read latency of L3 cache (for 2 PUs) (using 1*28114944 bytes):
      [skipped -- avoiding large-memory benchmarks]
    Read bandwidth of D1 cache (for 1 PUs) (using 1*24576 bytes):
      iterations=1... time=6e-07 sec
      iterations=10... time=3.601e-06 sec
      iterations=100... time=3.4103e-05 sec
      iterations=1000... time=0.000363535 sec
      iterations=10000... time=0.00353444 sec
      iterations=100000... time=0.0349529 sec
      iterations=1000000... time=0.332172 sec
      iterations=3000000... time=1.00207 sec
      result: 73.5756 GByte/sec
    Read bandwidth of L2 cache (for 1 PUs) (using 1*786432 bytes):
      iterations=1... time=1.8402e-05 sec
      iterations=10... time=0.000157615 sec
      iterations=100... time=0.00170786 sec
      iterations=1000... time=0.0172741 sec
      iterations=10000... time=0.177585 sec
      iterations=60000... time=1.09148 sec
      result: 43.2312 GByte/sec
    Read bandwidth of L3 cache (for 2 PUs) (using 1*28114944 bytes):
      [skipped -- avoiding large-memory benchmarks]
    Write latency of D1 cache (for 1 PUs) (using 1*24576 bytes):
      iterations=1000... time=3.7e-06 sec
      iterations=10000... time=3.2303e-05 sec
      iterations=100000... time=0.000321431 sec
      iterations=1000000... time=0.00280937 sec
      iterations=10000000... time=0.0303758 sec
      iterations=100000000... time=0.304353 sec
      iterations=400000000... time=1.19285 sec
      result: 0.372765 nsec
    Write latency of L2 cache (for 1 PUs) (using 1*786432 bytes):
      iterations=1000... time=2.6703e-05 sec
      iterations=10000... time=0.000161716 sec
      iterations=100000... time=0.00171457 sec
      iterations=1000000... time=0.0166387 sec
      iterations=10000000... time=0.156281 sec
      iterations=70000000... time=1.10062 sec
      result: 1.96539 nsec
    Write latency of L3 cache (for 2 PUs) (using 1*28114944 bytes):
      [skipped -- avoiding large-memory benchmarks]
    Write bandwidth of D1 cache (for 1 PUs) (using 1*24576 bytes):
      iterations=1... time=6e-07 sec
      iterations=10... time=4.8e-06 sec
      iterations=100... time=3.2804e-05 sec
      iterations=1000... time=0.000145314 sec
      iterations=10000... time=0.00141814 sec
      iterations=100000... time=0.0149326 sec
      iterations=1000000... time=0.158645 sec
      iterations=7000000... time=1.14213 sec
      result: 150.624 GByte/sec
    Write bandwidth of L2 cache (for 1 PUs) (using 1*786432 bytes):
      iterations=1... time=2.8103e-05 sec
      iterations=10... time=0.000285728 sec
      iterations=100... time=0.0030534 sec
      iterations=1000... time=0.0298455 sec
      iterations=10000... time=0.280327 sec
      iterations=40000... time=0.901514 sec
      iterations=80000... time=1.47501 sec
      result: 42.6538 GByte/sec
    Write bandwidth of L3 cache (for 2 PUs) (using 1*28114944 bytes):
      [skipped -- avoiding large-memory benchmarks]
    Stencil code performance of D1 cache (for 1 PUs) (using 1*12^3 grid points, 1*27648 bytes):
      iterations=1... time=3.3103e-05 sec
      iterations=10... time=0.000239224 sec
      iterations=100... time=0.00242644 sec
      iterations=1000... time=0.0240606 sec
      iterations=10000... time=0.240878 sec
      iterations=50000... time=1.20476 sec
      result: 0.0717156 Gupdates/sec
    Stencil code performance of L2 cache (for 1 PUs) (using 1*37^3 grid points, 1*810448 bytes):
      iterations=1... time=0.000227722 sec
      iterations=10... time=0.00196309 sec
      iterations=100... time=0.0195494 sec
      iterations=1000... time=0.192948 sec
      iterations=6000... time=1.1599 sec
      result: 0.262021 Gupdates/sec
    Stencil code performance of L3 cache (for 2 PUs) (using 1*121^3 grid points, 1*28344976 bytes):
      iterations=1... time=0.00451334 sec
      iterations=10... time=0.0435931 sec
      iterations=100... time=0.427844 sec
      iterations=300... time=1.30552 sec
      result: 0.407092 Gupdates/sec
  Single-node measurements (using 1 MPI processes with 2 OpenMP threads each):
    CPU frequency:
      iterations=1000000... time=0.00226732 sec
      iterations=10000000... time=0.0172915 sec
      iterations=100000000... time=0.158922 sec
      iterations=700000000... time=1.03199 sec
      iterations=700000000... time=1.0359 sec
      result: -357.902 GHz
    CPU floating point performance:
      iterations=1000000... time=0.00321576 sec
      iterations=10000000... time=0.0336828 sec
      iterations=100000000... time=0.328069 sec
      iterations=300000000... time=0.993273 sec
      iterations=600000000... time=2.02385 sec
      result: 9.48687 Gflop/sec
    CPU integer performance:
      iterations=1000000... time=0.00221782 sec
      iterations=10000000... time=0.0206151 sec
      iterations=100000000... time=0.200762 sec
      iterations=500000000... time=1.02272 sec
      result: 7.82227 Giop/sec
    Read latency of D1 cache (for 1 PUs) (using 2*24576 bytes):
      iterations=1000... time=0.000149514 sec
      iterations=10000... time=0.00146639 sec
      iterations=100000... time=0.0147507 sec
      iterations=1000000... time=0.145539 sec
      iterations=8000000... time=1.17711 sec
      result: 1.47138 nsec
    Read latency of L2 cache (for 1 PUs) (using 2*786432 bytes):
      iterations=1000... time=0.00072152 sec
      iterations=10000... time=0.0071536 sec
      iterations=100000... time=0.0698982 sec
      iterations=1000000... time=0.709196 sec
      iterations=2000000... time=1.39368 sec
      result: 6.9684 nsec
    Read latency of L3 cache (for 2 PUs) (using 1*28114944 bytes):
      [skipped -- avoiding large-memory benchmarks]
    Read bandwidth of D1 cache (for 1 PUs) (using 2*24576 bytes):
      iterations=1... time=8.5e-07 sec
      iterations=10... time=4.4e-06 sec
      iterations=100... time=4.1454e-05 sec
      iterations=1000... time=0.000411891 sec
      iterations=10000... time=0.0040643 sec
      iterations=100000... time=0.0362294 sec
      iterations=1000000... time=0.348194 sec
      iterations=3000000... time=1.03134 sec
      result: 71.4876 GByte/sec
    Read bandwidth of L2 cache (for 1 PUs) (using 2*786432 bytes):
      iterations=1... time=1.9902e-05 sec
      iterations=10... time=0.000162266 sec
      iterations=100... time=0.00177207 sec
      iterations=1000... time=0.0186296 sec
      iterations=10000... time=0.184744 sec
      iterations=60000... time=1.10062 sec
      result: 42.8722 GByte/sec
    Read bandwidth of L3 cache (for 2 PUs) (using 1*28114944 bytes):
      [skipped -- avoiding large-memory benchmarks]
    Write latency of D1 cache (for 1 PUs) (using 2*24576 bytes):
      iterations=1000... time=5.1005e-06 sec
      iterations=10000... time=4.20035e-05 sec
      iterations=100000... time=0.000429042 sec
      iterations=1000000... time=0.00382317 sec
      iterations=10000000... time=0.030227 sec
      iterations=100000000... time=0.293123 sec
      iterations=400000000... time=1.19623 sec
      result: 0.373823 nsec
    Write latency of L2 cache (for 1 PUs) (using 2*786432 bytes):
      iterations=1000... time=3.4304e-05 sec
      iterations=10000... time=0.000163266 sec
      iterations=100000... time=0.00159616 sec
      iterations=1000000... time=0.0155842 sec
      iterations=10000000... time=0.15896 sec
      iterations=70000000... time=1.09962 sec
      result: 1.96361 nsec
    Write latency of L3 cache (for 2 PUs) (using 1*28114944 bytes):
      [skipped -- avoiding large-memory benchmarks]
    Write bandwidth of D1 cache (for 1 PUs) (using 2*24576 bytes):
      iterations=1... time=6e-07 sec
      iterations=10... time=3.1e-06 sec
      iterations=100... time=1.4852e-05 sec
      iterations=1000... time=0.000146265 sec
      iterations=10000... time=0.00176407 sec
      iterations=100000... time=0.0169399 sec
      iterations=1000000... time=0.165003 sec
      iterations=7000000... time=1.1856 sec
      result: 145.101 GByte/sec
    Write bandwidth of L2 cache (for 1 PUs) (using 2*786432 bytes):
      iterations=1... time=3.4504e-05 sec
      iterations=10... time=0.000343484 sec
      iterations=100... time=0.00345499 sec
      iterations=1000... time=0.0339508 sec
      iterations=10000... time=0.301861 sec
      iterations=40000... time=0.891769 sec
      iterations=80000... time=1.83029 sec
      result: 34.3742 GByte/sec
    Write bandwidth of L3 cache (for 2 PUs) (using 1*28114944 bytes):
      [skipped -- avoiding large-memory benchmarks]
    Stencil code performance of D1 cache (for 1 PUs) (using 2*9^3 grid points, 2*11664 bytes):
      iterations=1... time=3.5e-06 sec
      iterations=10... time=3.8304e-05 sec
      iterations=100... time=0.000389037 sec
      iterations=1000... time=0.00329952 sec
      iterations=10000... time=0.0305608 sec
      iterations=100000... time=0.303487 sec
      iterations=400000... time=1.20276 sec
      result: 0.242441 Gupdates/sec
    Stencil code performance of L2 cache (for 1 PUs) (using 2*29^3 grid points, 2*390224 bytes):
      iterations=1... time=3.1703e-05 sec
      iterations=10... time=0.000290528 sec
      iterations=100... time=0.00297339 sec
      iterations=1000... time=0.0300953 sec
      iterations=10000... time=0.301699 sec
      iterations=40000... time=1.20766 sec
      result: 0.80781 Gupdates/sec
    Stencil code performance of L3 cache (for 2 PUs) (using 1*121^3 grid points, 1*28344976 bytes):
      iterations=1... time=0.00113416 sec
      iterations=10... time=0.0106465 sec
      iterations=100... time=0.105999 sec
      iterations=1000... time=1.04735 sec
      result: 1.69147 Gupdates/sec
INFO (Vectors): Testing vectorisation... [errors may result in segfaults]
INFO (Vectors): 375/375 tests passed 
INFO (CartGrid3D): Grid Spacings:
INFO (CartGrid3D): dx=>1.1111111e-01  dy=>1.1111111e-01  dz=>1.1111111e-01
INFO (CartGrid3D): Computational Coordinates:
INFO (CartGrid3D): x=>[-0.500, 0.500]  y=>[-0.500, 0.500]  z=>[-0.500, 0.500]
INFO (CartGrid3D): Indices of Physical Coordinates:
INFO (CartGrid3D): x=>[0,9]  y=>[0,9]  z=>[0,9]
INFO (PUGH): MPI Evolution on 1 processors
INFO (PUGH): 3-dimensional grid functions
INFO (PUGH):   Size: 10 10 10
INFO (PUGH):   Processor topology: 1 x 1 x 1
INFO (PUGH):   Local load: 1000   [10 x 10 x 10]
INFO (PUGH):   Maximum load skew: 0.000000
--------------------------------------------------------------------------------
Done.
+ echo Stopping:
Stopping:
+ date
Sat Dec 10 21:44:46 UTC 2022
+ echo Done.
Done.
  Elapsed time: 55.5 s
