/home/runner/simulations/TestJob01_temp_2/output-0000/TEST/sim/WaveToyX
Preparing:
+ set -e
+ cd output-0000-active
+ echo Checking:
Checking:
+ pwd
/home/runner/simulations/TestJob01_temp_2/output-0000/TEST/sim/WaveToyX/output-0000-active
+ hostname
fv-az257-968
+ date
Tue Sep 12 17:33:14 UTC 2023
+ echo Environment:
Environment:
+ export CACTUS_NUM_PROCS=2
+ CACTUS_NUM_PROCS=2
+ export CACTUS_NUM_THREADS=1
+ CACTUS_NUM_THREADS=1
+ export GMON_OUT_PREFIX=gmon.out
+ GMON_OUT_PREFIX=gmon.out
+ export OMP_NUM_THREADS=1
+ OMP_NUM_THREADS=1
+ env
+ sort
+ echo Starting:
Starting:
++ date +%s
+ export CACTUS_STARTTIME=1694539994
+ CACTUS_STARTTIME=1694539994
+ '[' 2 = 1 ']'
+ mpirun -np 2 /home/runner/simulations/TestJob01_temp_2/SIMFACTORY/exe/cactus_sim -L 3 /home/runner/simulations/TestJob01_temp_2/output-0000/arrangements/CarpetX/WaveToyX/test/radiative.par
INFO (Cactus): Increased logging level from 0 to 3
--------------------------------------------------------------------------------

       10                                  
  1   0101       ************************  
  01  1010 10      The Cactus Code V4.14.0    
 1010 1101 011      www.cactuscode.org     
  1001 100101    ************************  
    00010101                               
     100011     (c) Copyright The Authors  
      0100      GNU Licensed. No Warranty  
      0101                                 
--------------------------------------------------------------------------------

Cactus version:    4.14.0
Compile date:      Sep 12 2023 (16:53:09)
Run date:          Sep 12 2023 (17:33:14+0000)
Run host:          fv-az257-968 (pid=140445)
Working directory: /home/runner/simulations/TestJob01_temp_2/output-0000/TEST/sim/WaveToyX
Executable:        /home/runner/simulations/TestJob01_temp_2/SIMFACTORY/exe/cactus_sim
Parameter file:    /home/runner/simulations/TestJob01_temp_2/output-0000/arrangements/CarpetX/WaveToyX/test/radiative.par
--------------------------------------------------------------------------------

Activating thorn Cactus...Success -> active implementation Cactus
Activation requested for 
--->CarpetX IOUtil ODESolvers WaveToyX<---
Thorn CarpetX requests automatic activation of AMReX
Thorn CarpetX requests automatic activation of MPI
Thorn CarpetX requests automatic activation of yaml_cpp
Thorn CarpetX requests automatic activation of zlib
Thorn CarpetX requests automatic activation of Arith
Thorn CarpetX requests automatic activation of Loop
Thorn CarpetX requests automatic activation of ADIOS2
Thorn CarpetX requests automatic activation of openPMD
Thorn CarpetX requests automatic activation of Silo
Thorn Arith requests automatic activation of NSIMD
Thorn MPI requests automatic activation of hwloc
Thorn openPMD requests automatic activation of HDF5
Activating thorn ADIOS2...Success -> active implementation ADIOS2
Activating thorn AMReX...Success -> active implementation AMReX
Activating thorn Arith...Success -> active implementation Arith
Activating thorn CarpetX...Success -> active implementation CarpetX
Activating thorn HDF5...Success -> active implementation HDF5
Activating thorn hwloc...Success -> active implementation hwloc
Activating thorn IOUtil...Success -> active implementation IO
Activating thorn Loop...Success -> active implementation Loop
Activating thorn MPI...Success -> active implementation MPI
Activating thorn NSIMD...Success -> active implementation NSIMD
Activating thorn ODESolvers...Success -> active implementation ODESolvers
Activating thorn openPMD...Success -> active implementation openPMD
Activating thorn Silo...Success -> active implementation Silo
Activating thorn WaveToyX...Success -> active implementation WaveToyX
Activating thorn yaml_cpp...Success -> active implementation yaml_cpp
Activating thorn zlib...Success -> active implementation zlib
INFO (hwloc): library version 2.7.0, API version 0x20500
--------------------------------------------------------------------------------

  [34m  ▕▏  [34m  ▕▏  [34m  ▕▏  [34m  ▕▏  [34m  ▕▏  [34m  ▕▏  [34m  ▕▏  [34m  ▕▏  [34m  ▕▏  [39m  
  [34m──██──[34m──██──[34m──██──[34m──██──[34m──██──[34m──██──[34m──██──[34m──██──[34m──██──[39m  
  [34m  ▕▏  [34m  ▕▏  [34m  ▕▏  [34m  ▕▏  [34m  ▕▏  [34m  ▕▏  [34m  ▕▏  [34m  ▕▏  [34m  ▕▏  [39m  
  [34m  ▕▏  [32m██████[34m  ▕▏  [34m  ▕▏  [32m██████[34m  ▕▏  [34m  ▕▏  [32m██████[34m  ▕▏  [39m  
  [34m──██──[32m██████[34m──██──[34m──██──[32m██████[34m──██──[34m──██──[32m██████[34m──██──[39m  
  [34m  ▕▏  [32m██████[34m  ▕▏  [34m  ▕▏  [32m██████[34m  ▕▏  [34m  ▕▏  [32m██████[34m  ▕▏  [39m  
  [34m  ▕▏  [34m  ▕▏  [34m  ▕▏  [34m  ▕▏  [34m  ▕▏  [34m  ▕▏  [34m  ▕▏  [34m  ▕▏  [34m  ▕▏  [39m  
  [34m──██──[34m──██──[34m──██──[34m──██──[34m──██──[34m──██──[34m──██──[34m──██──[34m──██──[39m  
  [34m  ▕▏  [34m  ▕▏  [34m  ▕▏  [34m  ▕▏  [34m  ▕▏  [34m  ▕▏  [34m  ▕▏  [34m  ▕▏  [34m  ▕▏  [39m  
  [34m  ▕▏  [34m  ▕▏  [34m  ▕▏  [31m██████[31m██████[31m██████[34m  ▕▏  [34m  ▕▏  [34m  ▕▏  [39m  
  [34m──██──[34m──██──[34m──██──[31m██████[31m██████[31m██████[34m──██──[34m──██──[34m──██──[39m  
  [34m  ▕▏  [34m  ▕▏  [34m  ▕▏  [31m██████[31m██████[31m██████[34m  ▕▏  [34m  ▕▏  [34m  ▕▏  [39m  
  [34m  ▕▏  [32m██████[34m  ▕▏  [31m██████[31m██████[31m██████[34m  ▕▏  [32m██████[34m  ▕▏  [39m  
  [34m──██──[32m██████[34m──██──[31m██████[31m██████[31m██████[34m──██──[32m██████[34m──██──[39m  
  [34m  ▕▏  [32m██████[34m  ▕▏  [31m██████[31m██████[31m██████[34m  ▕▏  [32m██████[34m  ▕▏  [39m  
  [34m  ▕▏  [34m  ▕▏  [34m  ▕▏  [31m██████[31m██████[31m██████[34m  ▕▏  [34m  ▕▏  [34m  ▕▏  [39m  
  [34m──██──[34m──██──[34m──██──[31m██████[31m██████[31m██████[34m──██──[34m──██──[34m──██──[39m  
  [34m  ▕▏  [34m  ▕▏  [34m  ▕▏  [31m██████[31m██████[31m██████[34m  ▕▏  [34m  ▕▏  [34m  ▕▏  [39m  
  [34m  ▕▏  [34m  ▕▏  [34m  ▕▏  [34m  ▕▏  [34m  ▕▏  [34m  ▕▏  [34m  ▕▏  [34m  ▕▏  [34m  ▕▏  [39m  
  [34m──██──[34m──██──[34m──██──[34m──██──[34m──██──[34m──██──[34m──██──[34m──██──[34m──██──[39m  
  [34m  ▕▏  [34m  ▕▏  [34m  ▕▏  [34m  ▕▏  [34m  ▕▏  [34m  ▕▏  [34m  ▕▏  [34m  ▕▏  [34m  ▕▏  [39m  
  [34m  ▕▏  [32m██████[34m  ▕▏  [34m  ▕▏  [32m██████[34m  ▕▏  [34m  ▕▏  [32m██████[34m  ▕▏  [39m  
  [34m──██──[32m██████[34m──██──[34m──██──[32m██████[34m──██──[34m──██──[32m██████[34m──██──[39m  
  [34m  ▕▏  [32m██████[34m  ▕▏  [34m  ▕▏  [32m██████[34m  ▕▏  [34m  ▕▏  [32m██████[34m  ▕▏  [39m  
  [34m  ▕▏  [34m  ▕▏  [34m  ▕▏  [34m  ▕▏  [34m  ▕▏  [34m  ▕▏  [34m  ▕▏  [34m  ▕▏  [34m  ▕▏  [39m  
  [34m──██──[34m──██──[34m──██──[34m──██──[34m──██──[34m──██──[34m──██──[34m──██──[34m──██──[39m  
  [34m  ▕▏  [34m  ▕▏  [34m  ▕▏  [34m  ▕▏  [34m  ▕▏  [34m  ▕▏  [34m  ▕▏  [34m  ▕▏  [34m  ▕▏  [39m  

AMR driver provided by CarpetX,
using AMReX 23.08 (MPI, OpenMP, no accelerators, debug)
--------------------------------------------------------------------------------

MPI initialized with 2 MPI processes
MPI initialized with thread support level 2
OMP initialized with 1 OMP threads
AMReX (23.08) initialized
INFO (CarpetX): 
Symmetries:
  lower x: none
  lower y: none
  lower z: none
  upper x: none
  upper y: none
  upper z: none
Default boundaries:
  lower x: neumann
  lower y: neumann
  lower z: neumann
  upper x: neumann
  upper y: neumann
  upper z: neumann
INFO (Arith): Test_smallvector
INFO (Arith): Test_spvect
INFO (CarpetX): Setting up initial conditions...
INFO (CarpetX): Iteration: 0   time: 0   delta_time: 0.125
INFO (CarpetX): Patch 0:
INFO (CarpetX):   Grid extent:
INFO (CarpetX):     gsh=[11,11,11]
INFO (CarpetX):     blocking_factor=[8,8,8]
INFO (CarpetX):     max_grid_size=[32,32,32]
INFO (CarpetX):     max_tile_size=[1024000,16,32]
INFO (CarpetX):   Domain extent:
INFO (CarpetX):     xmin=[-1,-1,-1]
INFO (CarpetX):     xmax=[1,1,1]
INFO (CarpetX):     base dx=[0.25,0.25,0.25]
INFO (CarpetX): Initializing level 0...
INFO (CarpetX): sync level=0 patch=0
INFO (CarpetX): sync level=0 patch=0
INFO (CarpetX): sync level=0 patch=0
INFO (CarpetX): sync level=0 patch=0
INFO (CarpetX): Regridding...
INFO (CarpetX):   level 0: 1 boxes, 512 cells (100%)
INFO (CarpetX): Initialized 1 levels
INFO (CarpetX): sync level=0 patch=0
INFO (CarpetX): sync level=0 patch=0
INFO (CarpetX): sync level=0 patch=0
INFO (CarpetX): OutputGH: iteration 0, time 0.000000, run time 0 s
INFO (CarpetX): OutputADIOS2...
INFO (CarpetX): OutputGH done.
INFO (CarpetX): Starting evolution...
INFO (ODESolvers): Integrator is RK3
INFO (CarpetX): sync level=0 patch=0
INFO (CarpetX): sync level=0 patch=0
INFO (CarpetX): sync level=0 patch=0
INFO (CarpetX): sync level=0 patch=0
INFO (CarpetX): sync level=0 patch=0
INFO (CarpetX): sync level=0 patch=0
INFO (CarpetX): sync level=0 patch=0
INFO (CarpetX): sync level=0 patch=0
INFO (CarpetX): sync level=0 patch=0
INFO (CarpetX): sync level=0 patch=0
INFO (CarpetX): sync level=0 patch=0
INFO (CarpetX): sync level=0 patch=0
INFO (CarpetX): OutputGH: iteration 1, time 0.125000, run time 0 s
INFO (CarpetX): OutputGH done.
INFO (CarpetX): Simulation time: 0.125   Iterations per second: 215.059   Simulation time per second: 26.8824
INFO (CarpetX): Grid cells: 512   Grid cell updates per second: 110110
INFO (CarpetX): Performance:
INFO (CarpetX):   total evolution time:            0.00464988 sec
INFO (CarpetX):   total evolution compute time:    0.0046339 sec
INFO (CarpetX):   total evolution output time:     1.5974e-05 sec
INFO (CarpetX):   total iterations:                1
INFO (CarpetX):   total cells updated:             512
INFO (CarpetX):   average interations per second: 215.059
INFO (CarpetX):   average cell updates per second: 110110
INFO (CarpetX): sync level=0 patch=0
INFO (CarpetX): sync level=0 patch=0
INFO (CarpetX): sync level=0 patch=0
INFO (CarpetX): sync level=0 patch=0
INFO (CarpetX): sync level=0 patch=0
INFO (CarpetX): sync level=0 patch=0
INFO (CarpetX): sync level=0 patch=0
INFO (CarpetX): sync level=0 patch=0
INFO (CarpetX): sync level=0 patch=0
INFO (CarpetX): sync level=0 patch=0
INFO (CarpetX): sync level=0 patch=0
INFO (CarpetX): sync level=0 patch=0
INFO (CarpetX): OutputGH: iteration 2, time 0.250000, run time 0 s
INFO (CarpetX): OutputGH done.
INFO (CarpetX): Simulation time: 0.25   Iterations per second: 228.572   Simulation time per second: 28.5716
INFO (CarpetX): Grid cells: 512   Grid cell updates per second: 117029
INFO (CarpetX): Performance:
INFO (CarpetX):   total evolution time:            0.00902486 sec
INFO (CarpetX):   total evolution compute time:    0.00899482 sec
INFO (CarpetX):   total evolution output time:     3.00407e-05 sec
INFO (CarpetX):   total iterations:                2
INFO (CarpetX):   total cells updated:             1024
INFO (CarpetX):   average interations per second: 221.61
INFO (CarpetX):   average cell updates per second: 113464
INFO (CarpetX): sync level=0 patch=0
INFO (CarpetX): sync level=0 patch=0
INFO (CarpetX): sync level=0 patch=0
INFO (CarpetX): sync level=0 patch=0
INFO (CarpetX): sync level=0 patch=0
INFO (CarpetX): sync level=0 patch=0
INFO (CarpetX): sync level=0 patch=0
INFO (CarpetX): sync level=0 patch=0
INFO (CarpetX): sync level=0 patch=0
INFO (CarpetX): sync level=0 patch=0
INFO (CarpetX): sync level=0 patch=0
INFO (CarpetX): sync level=0 patch=0
INFO (CarpetX): OutputGH: iteration 3, time 0.375000, run time 0 s
INFO (CarpetX): OutputGH done.
INFO (CarpetX): Simulation time: 0.375   Iterations per second: 201.05   Simulation time per second: 25.1312
INFO (CarpetX): Grid cells: 512   Grid cell updates per second: 102938
INFO (CarpetX): Performance:
INFO (CarpetX):   total evolution time:            0.0139987 sec
INFO (CarpetX):   total evolution compute time:    0.0139527 sec
INFO (CarpetX):   total evolution output time:     4.60148e-05 sec
INFO (CarpetX):   total iterations:                3
INFO (CarpetX):   total cells updated:             1536
INFO (CarpetX):   average interations per second: 214.305
INFO (CarpetX):   average cell updates per second: 109724
INFO (CarpetX): sync level=0 patch=0
INFO (CarpetX): sync level=0 patch=0
INFO (CarpetX): sync level=0 patch=0
INFO (CarpetX): sync level=0 patch=0
INFO (CarpetX): sync level=0 patch=0
INFO (CarpetX): sync level=0 patch=0
INFO (CarpetX): sync level=0 patch=0
INFO (CarpetX): sync level=0 patch=0
INFO (CarpetX): sync level=0 patch=0
INFO (CarpetX): sync level=0 patch=0
INFO (CarpetX): sync level=0 patch=0
INFO (CarpetX): sync level=0 patch=0
INFO (CarpetX): OutputGH: iteration 4, time 0.500000, run time 0 s
INFO (CarpetX): OutputGH done.
INFO (CarpetX): Simulation time: 0.5   Iterations per second: 227.063   Simulation time per second: 28.3828
INFO (CarpetX): Grid cells: 512   Grid cell updates per second: 116256
INFO (CarpetX): Performance:
INFO (CarpetX):   total evolution time:            0.0184028 sec
INFO (CarpetX):   total evolution compute time:    0.0183418 sec
INFO (CarpetX):   total evolution output time:     6.10352e-05 sec
INFO (CarpetX):   total iterations:                4
INFO (CarpetX):   total cells updated:             2048
INFO (CarpetX):   average interations per second: 217.358
INFO (CarpetX):   average cell updates per second: 111287
INFO (CarpetX): sync level=0 patch=0
INFO (CarpetX): sync level=0 patch=0
INFO (CarpetX): sync level=0 patch=0
INFO (CarpetX): sync level=0 patch=0
INFO (CarpetX): sync level=0 patch=0
INFO (CarpetX): sync level=0 patch=0
INFO (CarpetX): sync level=0 patch=0
INFO (CarpetX): sync level=0 patch=0
INFO (CarpetX): sync level=0 patch=0
INFO (CarpetX): sync level=0 patch=0
INFO (CarpetX): sync level=0 patch=0
INFO (CarpetX): sync level=0 patch=0
INFO (CarpetX): OutputGH: iteration 5, time 0.625000, run time 0 s
INFO (CarpetX): OutputGH done.
INFO (CarpetX): Simulation time: 0.625   Iterations per second: 226.597   Simulation time per second: 28.3246
INFO (CarpetX): Grid cells: 512   Grid cell updates per second: 116017
INFO (CarpetX): Performance:
INFO (CarpetX):   total evolution time:            0.0228159 sec
INFO (CarpetX):   total evolution compute time:    0.0227408 sec
INFO (CarpetX):   total evolution output time:     7.51019e-05 sec
INFO (CarpetX):   total iterations:                5
INFO (CarpetX):   total cells updated:             2560
INFO (CarpetX):   average interations per second: 219.145
INFO (CarpetX):   average cell updates per second: 112202
INFO (CarpetX): sync level=0 patch=0
INFO (CarpetX): sync level=0 patch=0
INFO (CarpetX): sync level=0 patch=0
INFO (CarpetX): sync level=0 patch=0
INFO (CarpetX): sync level=0 patch=0
INFO (CarpetX): sync level=0 patch=0
INFO (CarpetX): sync level=0 patch=0
INFO (CarpetX): sync level=0 patch=0
INFO (CarpetX): sync level=0 patch=0
INFO (CarpetX): sync level=0 patch=0
INFO (CarpetX): sync level=0 patch=0
INFO (CarpetX): sync level=0 patch=0
INFO (CarpetX): OutputGH: iteration 6, time 0.750000, run time 0 s
INFO (CarpetX): OutputGH done.
INFO (CarpetX): Simulation time: 0.75   Iterations per second: 224.763   Simulation time per second: 28.0954
INFO (CarpetX): Grid cells: 512   Grid cell updates per second: 115079
INFO (CarpetX): Performance:
INFO (CarpetX):   total evolution time:            0.0272651 sec
INFO (CarpetX):   total evolution compute time:    0.0271749 sec
INFO (CarpetX):   total evolution output time:     9.01222e-05 sec
INFO (CarpetX):   total iterations:                6
INFO (CarpetX):   total cells updated:             3072
INFO (CarpetX):   average interations per second: 220.062
INFO (CarpetX):   average cell updates per second: 112672
INFO (CarpetX): sync level=0 patch=0
INFO (CarpetX): sync level=0 patch=0
INFO (CarpetX): sync level=0 patch=0
INFO (CarpetX): sync level=0 patch=0
INFO (CarpetX): sync level=0 patch=0
INFO (CarpetX): sync level=0 patch=0
INFO (CarpetX): sync level=0 patch=0
INFO (CarpetX): sync level=0 patch=0
INFO (CarpetX): sync level=0 patch=0
INFO (CarpetX): sync level=0 patch=0
INFO (CarpetX): sync level=0 patch=0
INFO (CarpetX): sync level=0 patch=0
INFO (CarpetX): OutputGH: iteration 7, time 0.875000, run time 0 s
INFO (CarpetX): OutputGH done.
INFO (CarpetX): Simulation time: 0.875   Iterations per second: 226.401   Simulation time per second: 28.3001
INFO (CarpetX): Grid cells: 512   Grid cell updates per second: 115917
INFO (CarpetX): Performance:
INFO (CarpetX):   total evolution time:            0.031682 sec
INFO (CarpetX):   total evolution compute time:    0.0315759 sec
INFO (CarpetX):   total evolution output time:     0.000106096 sec
INFO (CarpetX):   total iterations:                7
INFO (CarpetX):   total cells updated:             3584
INFO (CarpetX):   average interations per second: 220.946
INFO (CarpetX):   average cell updates per second: 113124
INFO (CarpetX): sync level=0 patch=0
INFO (CarpetX): sync level=0 patch=0
INFO (CarpetX): sync level=0 patch=0
INFO (CarpetX): sync level=0 patch=0
INFO (CarpetX): sync level=0 patch=0
INFO (CarpetX): sync level=0 patch=0
INFO (CarpetX): sync level=0 patch=0
INFO (CarpetX): sync level=0 patch=0
INFO (CarpetX): sync level=0 patch=0
INFO (CarpetX): sync level=0 patch=0
INFO (CarpetX): sync level=0 patch=0
INFO (CarpetX): sync level=0 patch=0
INFO (CarpetX): OutputGH: iteration 8, time 1.000000, run time 0 s
INFO (CarpetX): OutputGH done.
INFO (CarpetX): Simulation time: 1   Iterations per second: 228.001   Simulation time per second: 28.5001
INFO (CarpetX): Grid cells: 512   Grid cell updates per second: 116736
INFO (CarpetX): Performance:
INFO (CarpetX):   total evolution time:            0.036068 sec
INFO (CarpetX):   total evolution compute time:    0.0359478 sec
INFO (CarpetX):   total evolution output time:     0.000120163 sec
INFO (CarpetX):   total iterations:                8
INFO (CarpetX):   total cells updated:             4096
INFO (CarpetX):   average interations per second: 221.803
INFO (CarpetX):   average cell updates per second: 113563
INFO (CarpetX): sync level=0 patch=0
INFO (CarpetX): sync level=0 patch=0
INFO (CarpetX): sync level=0 patch=0
INFO (CarpetX): sync level=0 patch=0
INFO (CarpetX): sync level=0 patch=0
INFO (CarpetX): sync level=0 patch=0
INFO (CarpetX): sync level=0 patch=0
INFO (CarpetX): sync level=0 patch=0
INFO (CarpetX): sync level=0 patch=0
INFO (CarpetX): sync level=0 patch=0
INFO (CarpetX): sync level=0 patch=0
INFO (CarpetX): sync level=0 patch=0
INFO (CarpetX): OutputGH: iteration 9, time 1.125000, run time 0 s
INFO (CarpetX): OutputGH done.
INFO (CarpetX): Simulation time: 1.125   Iterations per second: 226.291   Simulation time per second: 28.2864
INFO (CarpetX): Grid cells: 512   Grid cell updates per second: 115861
INFO (CarpetX): Performance:
INFO (CarpetX):   total evolution time:            0.0404871 sec
INFO (CarpetX):   total evolution compute time:    0.0403528 sec
INFO (CarpetX):   total evolution output time:     0.00013423 sec
INFO (CarpetX):   total iterations:                9
INFO (CarpetX):   total cells updated:             4608
INFO (CarpetX):   average interations per second: 222.293
INFO (CarpetX):   average cell updates per second: 113814
INFO (CarpetX): sync level=0 patch=0
INFO (CarpetX): sync level=0 patch=0
INFO (CarpetX): sync level=0 patch=0
INFO (CarpetX): sync level=0 patch=0
INFO (CarpetX): sync level=0 patch=0
INFO (CarpetX): sync level=0 patch=0
INFO (CarpetX): sync level=0 patch=0
INFO (CarpetX): sync level=0 patch=0
INFO (CarpetX): sync level=0 patch=0
INFO (CarpetX): sync level=0 patch=0
INFO (CarpetX): sync level=0 patch=0
INFO (CarpetX): sync level=0 patch=0
INFO (CarpetX): OutputGH: iteration 10, time 1.250000, run time 0 s
INFO (CarpetX): OutputADIOS2...
INFO (CarpetX): OutputGH done.
INFO (CarpetX): Simulation time: 1.25   Iterations per second: 174.124   Simulation time per second: 21.7655
INFO (CarpetX): Grid cells: 512   Grid cell updates per second: 89151.6
INFO (CarpetX): Performance:
INFO (CarpetX):   total evolution time:            0.0462301 sec
INFO (CarpetX):   total evolution compute time:    0.0447159 sec
INFO (CarpetX):   total evolution output time:     0.0015142 sec
INFO (CarpetX):   total iterations:                10
INFO (CarpetX):   total cells updated:             5120
INFO (CarpetX):   average interations per second: 216.309
INFO (CarpetX):   average cell updates per second: 110750
INFO (CarpetX): Shutting down...
AMReX (23.08) finalized
--------------------------------------------------------------------------------
Done.
+ echo Stopping:
Stopping:
+ date
Tue Sep 12 17:33:14 UTC 2023
+ echo Done.
Done.
  Elapsed time: 0.9 s
