/home/runner/simulations/TestJob01_temp_1/output-0000/TEST/sim/MemSpeed
Preparing:
+ set -e
+ cd output-0000-active
+ echo Checking:
Checking:
+ pwd
/home/runner/simulations/TestJob01_temp_1/output-0000/TEST/sim/MemSpeed/output-0000-active
+ hostname
runnervmeorf1
+ date
Sun May  3 21:11:42 UTC 2026
+ echo Environment:
Environment:
+ export CACTUS_NUM_PROCS=1
+ CACTUS_NUM_PROCS=1
+ export CACTUS_NUM_THREADS=2
+ CACTUS_NUM_THREADS=2
+ export GMON_OUT_PREFIX=gmon.out
+ GMON_OUT_PREFIX=gmon.out
+ export OMP_NUM_THREADS=2
+ OMP_NUM_THREADS=2
+ env
+ sort
+ echo Starting:
Starting:
++ date +%s
+ export CACTUS_STARTTIME=1777842702
+ CACTUS_STARTTIME=1777842702
+ '[' 1 = 1 ']'
+ '[' 0 -eq 0 ']'
+ /home/runner/simulations/TestJob01_temp_1/SIMFACTORY/exe/cactus_sim -L 3 /home/runner/simulations/TestJob01_temp_1/output-0000/arrangements/CactusUtils/MemSpeed/test/memspeed.par
INFO (Cactus): Increased logging level from 0 to 3
--------------------------------------------------------------------------------

       10                                  
  1   0101       ************************  
  01  1010 10      The Cactus Code V4.18.0    
 1010 1101 011      www.cactuscode.org     
  1001 100101    ************************  
    00010101                               
     100011     (c) Copyright The Authors  
      0100      GNU Licensed. No Warranty  
      0101                                 
--------------------------------------------------------------------------------

Cactus version:    4.18.0
Compile date:      May 03 2026 (21:01:43)
Run date:          May 03 2026 (21:11:42+0000)
Run host:          runnervmeorf1.itq12z5e3yqebiubbzepbxgp4h.phxx.internal.cloudapp.net (pid=134069)
Working directory: /home/runner/simulations/TestJob01_temp_1/output-0000/TEST/sim/MemSpeed
Executable:        /home/runner/simulations/TestJob01_temp_1/SIMFACTORY/exe/cactus_sim
Parameter file:    /home/runner/simulations/TestJob01_temp_1/output-0000/arrangements/CactusUtils/MemSpeed/test/memspeed.par
--------------------------------------------------------------------------------

Activating thorn Cactus...Success -> active implementation Cactus
Activation requested for 
--->hwloc MemSpeed SystemTopology CartGrid3D CoordBase IOASCII IOUtil PUGH PUGHSlab<---
Thorn hwloc requests automatic activation of zlib
Thorn MemSpeed requests automatic activation of Vectors
Thorn MemSpeed requests automatic activation of MPI
Activating thorn CartGrid3D...Success -> active implementation grid
Activating thorn CoordBase...Success -> active implementation CoordBase
Activating thorn hwloc...Success -> active implementation hwloc
Activating thorn IOASCII...Success -> active implementation IOASCII
Activating thorn IOUtil...Success -> active implementation IO
Activating thorn MemSpeed...Success -> active implementation MemSpeed
Activating thorn MPI...Success -> active implementation MPI
Activating thorn PUGH...Success -> active implementation Driver
Activating thorn PUGHSlab...Success -> active implementation Hyperslab
Activating thorn SystemTopology...Success -> active implementation SystemTopology
Activating thorn Vectors...Success -> active implementation Vectors
Activating thorn zlib...Success -> active implementation zlib
--------------------------------------------------------------------------------
  if (recover initial data)
    Recover parameters
  endif

  Startup routines
    [CCTK_STARTUP]
      CartGrid3D::SymmetryStartup: Register GH Extension for GridSymmetry
      CoordBase::CoordBase_Startup: Register a GH extension to store the coordinate system handles
      GROUP hwloc_startup: hwloc startup group
        hwloc::hwloc_version: Output hwloc version
      SystemTopology::ST_system_topology: Output and/or modify system topology and hardware locality
      PUGH::Driver_Startup: Startup routine
      PUGH::PUGH_RegisterPUGHP2LRoutines: Register Physical to Logical process mapping routines
      PUGH::PUGH_RegisterPUGHTopologyRoutines: Register topology generation routines routines
      IOUtil::IOUtil_Startup: Startup routine
      Vectors::Vectors_Startup: Print startup message
      IOASCII::IOASCII_Startup: Startup routine

  Startup routines which need an existing grid hierarchy
    [CCTK_WRAGH]
      CartGrid3D::RegisterCartGrid3DCoords: [meta] Register coordinates for the Cartesian grid
      MemSpeed::MemSpeed_MeasureSpeed: [meta] Measure CPU, memory, cache speeds
  Parameter checking routines
    [CCTK_PARAMCHECK]
      CartGrid3D::ParamCheck_CartGrid3D: Check coordinates for CartGrid3D
      Vectors::Vectors_Test: Run correctness tests.

  Initialisation
    if (NOT (recover initial data AND recovery_mode is 'strict'))
      [CCTK_PREREGRIDINITIAL]
      Set up grid hierarchy
      [CCTK_POSTREGRIDINITIAL]
        CartGrid3D::SpatialCoordinates: Set Coordinates after regridding
      [CCTK_BASEGRID]
        CartGrid3D::SpatialSpacings: Set up ranges for spatial 3D Cartesian coordinates (on all grids)
        CartGrid3D::SpatialCoordinates: Set up spatial 3D Cartesian coordinates on the GH
        IOASCII::IOASCII_Choose1D: Choose 1D output lines
        IOASCII::IOASCII_Choose2D: Choose 2D output planes
        PUGH::PUGH_Report: Report on PUGH set up
      [CCTK_INITIAL]
      [CCTK_POSTINITIAL]
      Initialise finer grids recursively
      Restrict from finer grids
      [CCTK_POSTRESTRICTINITIAL]
      [CCTK_POSTPOSTINITIAL]
      [CCTK_POSTSTEP]
    endif
    if (recover initial data)
      [CCTK_BASEGRID]
        CartGrid3D::SpatialSpacings: Set up ranges for spatial 3D Cartesian coordinates (on all grids)
        CartGrid3D::SpatialCoordinates: Set up spatial 3D Cartesian coordinates on the GH
        IOASCII::IOASCII_Choose1D: Choose 1D output lines
        IOASCII::IOASCII_Choose2D: Choose 2D output planes
        PUGH::PUGH_Report: Report on PUGH set up
      [CCTK_RECOVER_VARIABLES]
      [CCTK_POST_RECOVER_VARIABLES]
    endif
    if (checkpoint initial data)
      [CCTK_CPINITIAL]
    endif
    if (analysis)
      [CCTK_ANALYSIS]
  endif
  Output grid variables

  do loop over timesteps
    [CCTK_PREREGRID]
    Change grid hierarchy
    [CCTK_POSTREGRID]
      CartGrid3D::SpatialCoordinates: Set Coordinates after regridding
    Rotate timelevels
    iteration = iteration+1
    t = t+dt
    [CCTK_PRESTEP]
    [CCTK_EVOL]
    Evolve finer grids recursively
    Restrict from finer grids
    [CCTK_POSTRESTRICT]
    [CCTK_POSTSTEP]
    if (checkpoint)
      [CCTK_CHECKPOINT]
    endif
    if (analysis)
      [CCTK_ANALYSIS]
    endif
    Output grid variables
    enddo

  Termination routines
    [CCTK_TERMINATE]
      PUGH::Driver_Terminate: Termination routine

  Shutdown routines
    [CCTK_SHUTDOWN]

  Routines run after changing the grid hierarchy:
    [CCTK_POSTREGRID]
      CartGrid3D::SpatialCoordinates: Set Coordinates after regridding
--------------------------------------------------------------------------------
INFO (hwloc): library version 2.10.0, API version 0x20800
INFO (SystemTopology): MPI process-to-host mapping:
This is MPI process 0 of 1
MPI hosts:
  0: runnervmeorf1
This MPI process runs on host 0 of 1
On this host, this is MPI process 0 of 1
INFO (SystemTopology): Topology support:
Discovery support:
  discovery->pu                            : yes
CPU binding support:
  cpubind->set_thisproc_cpubind            : yes
  cpubind->get_thisproc_cpubind            : yes
  cpubind->set_proc_cpubind                : yes
  cpubind->get_proc_cpubind                : yes
  cpubind->set_thisthread_cpubind          : yes
  cpubind->get_thisthread_cpubind          : yes
  cpubind->set_thread_cpubind              : yes
  cpubind->get_thread_cpubind              : yes
  cpubind->get_thisproc_last_cpu_location  : yes
  cpubind->get_proc_last_cpu_location      : yes
  cpubind->get_thisthread_last_cpu_location: yes
Memory binding support:
  membind->set_thisproc_membind            : no
  membind->get_thisproc_membind            : no
  membind->set_proc_membind                : no
  membind->get_proc_membind                : no
  membind->set_thisthread_membind          : yes
  membind->get_thisthread_membind          : yes
  membind->set_area_membind                : yes
  membind->get_area_membind                : yes
  membind->alloc_membind                   : yes
  membind->firsttouch_membind              : yes
  membind->bind_membind                    : yes
  membind->interleave_membind              : yes
  membind->nexttouch_membind               : no
  membind->migrate_membind                 : yes
INFO (SystemTopology): Hardware objects in this node:
Machine L#0: (P#0, total=16373468KB, DMIProductName="Virtual Machine", DMIProductVersion="Hyper-V UEFI Release v4.1", DMIProductUUID=1f1b55df-5ff4-4bdf-8093-305881c27612, DMIBoardVendor="Microsoft Corporation", DMIBoardName="Virtual Machine", DMIBoardVersion="Hyper-V UEFI Release v4.1", DMIBoardAssetTag=None, DMIChassisVendor="Microsoft Corporation", DMIChassisType=3, DMIChassisVersion="Hyper-V UEFI Release v4.1", DMIChassisAssetTag=7783-7084-3265-9085-8269-3286-77, DMIBIOSVendor="Microsoft Corporation", DMIBIOSVersion="Hyper-V UEFI Release v4.1", DMIBIOSDate=01/08/2026, DMISysVendor="Microsoft Corporation", Backend=Linux, LinuxCgroup=/system.slice/hosted-compute-agent.service, OSName=Linux, OSRelease=6.17.0-1010-azure, OSVersion="#10~24.04.1-Ubuntu SMP Fri Mar  6 22:00:57 UTC 2026", HostName=runnervmeorf1, Architecture=x86_64, hwlocVersion=2.10.0, ProcessName=cactus_sim)
  Package L#0: (P#0, total=16373468KB, CPUVendor=AuthenticAMD, CPUFamilyNumber=25, CPUModelNumber=1, CPUModel="AMD EPYC 7763 64-Core Processor                ", CPUStepping=1)
    L3Cache L#0: (P#0, size=32768KB, linesize=64, ways=16, Inclusive=0)
      L2Cache L#0: (P#0, size=512KB, linesize=64, ways=8, Inclusive=1)
        L1dCache L#0: (P#0, size=32KB, linesize=64, ways=8, Inclusive=0)
          Core L#0: (P#0)
            PU L#0: (P#0)
            PU L#1: (P#1)
      L2Cache L#1: (P#1, size=512KB, linesize=64, ways=8, Inclusive=1)
        L1dCache L#1: (P#1, size=32KB, linesize=64, ways=8, Inclusive=0)
          Core L#1: (P#1)
            PU L#2: (P#2)
            PU L#3: (P#3)
INFO (SystemTopology): Thread CPU bindings:
  MPI process 0 on host 0 (process 0 of 1 on this host)
    OpenMP thread 0: PU set L#{0-3} P#{0-3}
    OpenMP thread 1: PU set L#{0-3} P#{0-3}
INFO (SystemTopology): Setting thread CPU bindings:
INFO (SystemTopology): Thread CPU bindings:
  MPI process 0 on host 0 (process 0 of 1 on this host)
    OpenMP thread 0: PU set L#{0} P#{0}
    OpenMP thread 1: PU set L#{2} P#{2}
INFO (SystemTopology): Extracting CPU/cache/memory properties:
  There are 2 PUs per core (aka hardware SMT threads)
  There are 1 threads per core (aka SMT threads used)
  Cache (unknown name) has type "data" depth 1
    size 32768 linesize 64 associativity 8 stride 4096, for 2 PUs
  Cache (unknown name) has type "unified" depth 2
    size 524288 linesize 64 associativity 8 stride 65536, for 2 PUs
  Cache (unknown name) has type "unified" depth 3
    size 33554432 linesize 64 associativity 16 stride 2097152, for 4 PUs
INFO (PUGH): Using physical to logical mappings: direct
INFO (PUGH): Using topology generator: automatic
INFO (Vectors): Using vector size 2 for architecture SSE2 (64-bit precision)
--------------------------------------------------------------------------------
Driver provided by PUGH
--------------------------------------------------------------------------------

INFO (PUGH): Not setting up a topology for 1 dimensions
INFO (PUGH): Not setting up a topology for 2 dimensions
INFO (PUGH): Setting up a topology for 3 dimensions
INFO (IOASCII): I/O Method 'IOASCII_1D' registered: output of 1D lines of grid functions/arrays to ASCII files
INFO (IOASCII): Periodic 1D output every 1 iterations
INFO (IOASCII): Periodic 1D output requested for 'GRID::r'
INFO (IOASCII): I/O Method 'IOASCII_2D' registered: output of 2D planes of grid functions/arrays to ASCII files
INFO (IOASCII): Periodic 2D output turned off
INFO (IOASCII): I/O Method 'IOASCII_3D' registered: output of 3D grid functions/arrays to ASCII files
INFO (IOASCII): Periodic 3D output turned off
INFO (MemSpeed): Measuring CPU, cache, memory, and communication speeds:
  Single-core measurements (using 1 MPI processes with 1 OpenMP threads each):
    CPU frequency:
      iterations=1000000... time=0.00126387 sec
      iterations=10000000... time=0.0125077 sec
      iterations=100000000... time=0.12458 sec
      iterations=900000000... time=1.12155 sec
      iterations=900000000... time=0.841447 sec
      result: 6.42629 GHz
    CPU floating point performance:
      iterations=1000000... time=0.00198673 sec
      iterations=10000000... time=0.019872 sec
      iterations=100000000... time=0.198579 sec
      iterations=600000000... time=1.20152 sec
      result: 15.9798 Gflop/sec
    CPU integer performance:
      iterations=1000000... time=0.00158071 sec
      iterations=10000000... time=0.015551 sec
      iterations=100000000... time=0.155638 sec
      iterations=700000000... time=1.09012 sec
      result: 10.2741 Giop/sec
    Read latency of D1 cache (for 2 PUs) (using 1*24576 bytes):
      iterations=1000... time=0.000125766 sec
      iterations=10000... time=0.00125472 sec
      iterations=100000... time=0.0124388 sec
      iterations=1000000... time=0.124583 sec
      iterations=9000000... time=1.12031 sec
      result: 1.24479 nsec
    Read latency of L2 cache (for 2 PUs) (using 1*393216 bytes):
      iterations=1000... time=0.000494125 sec
      iterations=10000... time=0.00467458 sec
      iterations=100000... time=0.0459652 sec
      iterations=1000000... time=0.459692 sec
      iterations=2000000... time=0.9164 sec
      iterations=4000000... time=1.84595 sec
      result: 4.61487 nsec
    Read latency of L3 cache (for 4 PUs) (using 1*25165824 bytes):
      [skipped -- avoiding large-memory benchmarks]
    Read bandwidth of D1 cache (for 2 PUs) (using 1*24576 bytes):
      iterations=1... time=3.91e-07 sec
      iterations=10... time=2.665e-06 sec
      iterations=100... time=3.1739e-05 sec
      iterations=1000... time=0.000249707 sec
      iterations=10000... time=0.00248072 sec
      iterations=100000... time=0.0245409 sec
      iterations=1000000... time=0.245267 sec
      iterations=4000000... time=0.98511 sec
      iterations=8000000... time=1.97811 sec
      result: 99.392 GByte/sec
    Read bandwidth of L2 cache (for 2 PUs) (using 1*393216 bytes):
      iterations=1... time=8.146e-06 sec
      iterations=10... time=5.8339e-05 sec
      iterations=100... time=0.000551693 sec
      iterations=1000... time=0.00523269 sec
      iterations=10000... time=0.0511478 sec
      iterations=100000... time=0.507039 sec
      iterations=200000... time=1.01186 sec
      result: 77.7213 GByte/sec
    Read bandwidth of L3 cache (for 4 PUs) (using 1*25165824 bytes):
      [skipped -- avoiding large-memory benchmarks]
    Write latency of D1 cache (for 2 PUs) (using 1*24576 bytes):
      iterations=1000... time=3.366e-06 sec
      iterations=10000... time=3.1779e-05 sec
      iterations=100000... time=0.000265137 sec
      iterations=1000000... time=0.00249237 sec
      iterations=10000000... time=0.0248933 sec
      iterations=100000000... time=0.249074 sec
      iterations=400000000... time=1.00116 sec
      result: 0.312863 nsec
    Write latency of L2 cache (for 2 PUs) (using 1*393216 bytes):
      iterations=1000... time=1.05e-05 sec
      iterations=10000... time=0.000103624 sec
      iterations=100000... time=0.0015946 sec
      iterations=1000000... time=0.015079 sec
      iterations=10000000... time=0.152254 sec
      iterations=70000000... time=1.06964 sec
      result: 1.91007 nsec
    Write latency of L3 cache (for 4 PUs) (using 1*25165824 bytes):
      [skipped -- avoiding large-memory benchmarks]
    Write bandwidth of D1 cache (for 2 PUs) (using 1*24576 bytes):
      iterations=1... time=4.61e-07 sec
      iterations=10... time=4.077e-06 sec
      iterations=100... time=3.764e-05 sec
      iterations=1000... time=0.000287558 sec
      iterations=10000... time=0.00279836 sec
      iterations=100000... time=0.0278394 sec
      iterations=1000000... time=0.279058 sec
      iterations=4000000... time=1.11889 sec
      result: 87.8588 GByte/sec
    Write bandwidth of L2 cache (for 2 PUs) (using 1*393216 bytes):
      iterations=1... time=6.802e-06 sec
      iterations=10... time=6.5693e-05 sec
      iterations=100... time=0.000488013 sec
      iterations=1000... time=0.00471128 sec
      iterations=10000... time=0.047145 sec
      iterations=100000... time=0.468815 sec
      iterations=200000... time=0.937759 sec
      iterations=400000... time=1.87459 sec
      result: 83.9044 GByte/sec
    Write bandwidth of L3 cache (for 4 PUs) (using 1*25165824 bytes):
      [skipped -- avoiding large-memory benchmarks]
    Stencil code performance of D1 cache (for 2 PUs) (using 1*12^3 grid points, 1*27648 bytes):
      iterations=1... time=4.1428e-05 sec
      iterations=10... time=0.000332262 sec
      iterations=100... time=0.00332251 sec
      iterations=1000... time=0.0329795 sec
      iterations=10000... time=0.330375 sec
      iterations=30000... time=0.990008 sec
      iterations=60000... time=1.97713 sec
      result: 0.0524397 Gupdates/sec
    Stencil code performance of L2 cache (for 2 PUs) (using 1*29^3 grid points, 1*390224 bytes):
      iterations=1... time=0.000151955 sec
      iterations=10... time=0.00154885 sec
      iterations=100... time=0.0154122 sec
      iterations=1000... time=0.154424 sec
      iterations=7000... time=1.07304 sec
      result: 0.159102 Gupdates/sec
    Stencil code performance of L3 cache (for 4 PUs) (using 1*116^3 grid points, 1*24974336 bytes):
      iterations=1... time=0.00455052 sec
      iterations=10... time=0.0455127 sec
      iterations=100... time=0.437719 sec
      iterations=300... time=1.33137 sec
      result: 0.351719 Gupdates/sec
  Single-node measurements (using 1 MPI processes with 2 OpenMP threads each):
    CPU frequency:
      iterations=1000000... time=0.00128737 sec
      iterations=10000000... time=0.0124845 sec
      iterations=100000000... time=0.124843 sec
      iterations=900000000... time=1.12186 sec
      iterations=900000000... time=0.84195 sec
      result: 6.43073 GHz
    CPU floating point performance:
      iterations=1000000... time=0.0019855 sec
      iterations=10000000... time=0.0199598 sec
      iterations=100000000... time=0.198643 sec
      iterations=600000000... time=1.1931 sec
      result: 16.0926 Gflop/sec
    CPU integer performance:
      iterations=1000000... time=0.00157444 sec
      iterations=10000000... time=0.0155665 sec
      iterations=100000000... time=0.155732 sec
      iterations=700000000... time=1.09099 sec
      result: 10.2659 Giop/sec
    Read latency of D1 cache (for 2 PUs) (using 2*24576 bytes):
      iterations=1000... time=0.000124588 sec
      iterations=10000... time=0.00125414 sec
      iterations=100000... time=0.0124563 sec
      iterations=1000000... time=0.124613 sec
      iterations=9000000... time=1.12041 sec
      result: 1.2449 nsec
    Read latency of L2 cache (for 2 PUs) (using 2*393216 bytes):
      iterations=1000... time=0.000494366 sec
      iterations=10000... time=0.00463997 sec
      iterations=100000... time=0.0464325 sec
      iterations=1000000... time=0.464215 sec
      iterations=2000000... time=0.926535 sec
      iterations=4000000... time=1.84114 sec
      result: 4.60284 nsec
    Read latency of L3 cache (for 4 PUs) (using 1*25165824 bytes):
      [skipped -- avoiding large-memory benchmarks]
    Read bandwidth of D1 cache (for 2 PUs) (using 2*24576 bytes):
      iterations=1... time=3.81e-07 sec
      iterations=10... time=2.91e-06 sec
      iterations=100... time=3.21605e-05 sec
      iterations=1000... time=0.000278527 sec
      iterations=10000... time=0.00248886 sec
      iterations=100000... time=0.0245492 sec
      iterations=1000000... time=0.245378 sec
      iterations=4000000... time=0.983613 sec
      iterations=8000000... time=1.96411 sec
      result: 100.1 GByte/sec
    Read bandwidth of L2 cache (for 2 PUs) (using 2*393216 bytes):
      iterations=1... time=8.2805e-06 sec
      iterations=10... time=5.96165e-05 sec
      iterations=100... time=0.000592044 sec
      iterations=1000... time=0.0054936 sec
      iterations=10000... time=0.0509453 sec
      iterations=100000... time=0.4978 sec
      iterations=200000... time=0.991869 sec
      iterations=400000... time=1.98574 sec
      result: 79.2081 GByte/sec
    Read bandwidth of L3 cache (for 4 PUs) (using 1*25165824 bytes):
      [skipped -- avoiding large-memory benchmarks]
    Write latency of D1 cache (for 2 PUs) (using 2*24576 bytes):
      iterations=1000... time=2.9605e-06 sec
      iterations=10000... time=2.8338e-05 sec
      iterations=100000... time=0.000250649 sec
      iterations=1000000... time=0.00249507 sec
      iterations=10000000... time=0.024901 sec
      iterations=100000000... time=0.249051 sec
      iterations=400000000... time=0.996788 sec
      iterations=800000000... time=1.99418 sec
      result: 0.31159 nsec
    Write latency of L2 cache (for 2 PUs) (using 2*393216 bytes):
      iterations=1000... time=1.00835e-05 sec
      iterations=10000... time=0.000101595 sec
      iterations=100000... time=0.00109961 sec
      iterations=1000000... time=0.011266 sec
      iterations=10000000... time=0.118559 sec
      iterations=90000000... time=1.06448 sec
      result: 1.47845 nsec
    Write latency of L3 cache (for 4 PUs) (using 1*25165824 bytes):
      [skipped -- avoiding large-memory benchmarks]
    Write bandwidth of D1 cache (for 2 PUs) (using 2*24576 bytes):
      iterations=1... time=4.51e-07 sec
      iterations=10... time=3.8425e-06 sec
      iterations=100... time=3.54565e-05 sec
      iterations=1000... time=0.000315571 sec
      iterations=10000... time=0.00286708 sec
      iterations=100000... time=0.0278699 sec
      iterations=1000000... time=0.278885 sec
      iterations=4000000... time=1.1166 sec
      result: 88.0385 GByte/sec
    Write bandwidth of L2 cache (for 2 PUs) (using 2*393216 bytes):
      iterations=1... time=7.85e-06 sec
      iterations=10... time=6.143e-05 sec
      iterations=100... time=0.000501619 sec
      iterations=1000... time=0.00519366 sec
      iterations=10000... time=0.0486553 sec
      iterations=100000... time=0.474159 sec
      iterations=200000... time=0.947458 sec
      iterations=400000... time=1.89662 sec
      result: 82.9297 GByte/sec
    Write bandwidth of L3 cache (for 4 PUs) (using 1*25165824 bytes):
      [skipped -- avoiding large-memory benchmarks]
    Stencil code performance of D1 cache (for 2 PUs) (using 1*12^3 grid points, 1*27648 bytes):
      iterations=1... time=1.2498e-05 sec
      iterations=10... time=9.32395e-05 sec
      iterations=100... time=0.000912694 sec
      iterations=1000... time=0.00889605 sec
      iterations=10000... time=0.0899318 sec
      iterations=100000... time=0.894735 sec
      iterations=200000... time=1.80062 sec
      result: 0.191934 Gupdates/sec
    Stencil code performance of L2 cache (for 2 PUs) (using 1*29^3 grid points, 1*390224 bytes):
      iterations=1... time=4.0165e-05 sec
      iterations=10... time=0.000410063 sec
      iterations=100... time=0.00410331 sec
      iterations=1000... time=0.0401757 sec
      iterations=10000... time=0.388228 sec
      iterations=30000... time=1.23628 sec
      result: 0.591831 Gupdates/sec
    Stencil code performance of L3 cache (for 4 PUs) (using 1*116^3 grid points, 1*24974336 bytes):
      iterations=1... time=0.00139103 sec
      iterations=10... time=0.0115091 sec
      iterations=100... time=0.112461 sec
      iterations=1000... time=1.13534 sec
      result: 1.37483 Gupdates/sec
INFO (Vectors): Testing vectorisation... [errors may result in segfaults]
INFO (Vectors): 375/375 tests passed 
INFO (CartGrid3D): Grid Spacings:
INFO (CartGrid3D): dx=>1.1111111e-01  dy=>1.1111111e-01  dz=>1.1111111e-01
INFO (CartGrid3D): Computational Coordinates:
INFO (CartGrid3D): x=>[-0.500, 0.500]  y=>[-0.500, 0.500]  z=>[-0.500, 0.500]
INFO (CartGrid3D): Indices of Physical Coordinates:
INFO (CartGrid3D): x=>[0,9]  y=>[0,9]  z=>[0,9]
INFO (PUGH): MPI Evolution on 1 processors
INFO (PUGH): 3-dimensional grid functions
INFO (PUGH):  10
INFO (PUGH):  1
INFO (PUGH): 10]
INFO (PUGH):   Maximum load skew: 0.000000
--------------------------------------------------------------------------------
Done.
+ echo Stopping:
Stopping:
+ date
Sun May  3 21:12:48 UTC 2026
+ echo Done.
Done.
  Elapsed time: 65.8 s
