/home/runner/simulations/TestJob01_temp_1/output-0000/TEST/sim/MemSpeed
Preparing:
+ set -e
+ cd output-0000-active
+ echo Checking:
Checking:
+ pwd
/home/runner/simulations/TestJob01_temp_1/output-0000/TEST/sim/MemSpeed/output-0000-active
+ hostname
fv-az105-636
+ date
Mon Oct  4 19:32:48 UTC 2021
+ echo Environment:
Environment:
+ export CACTUS_NUM_PROCS=1
+ export CACTUS_NUM_THREADS=2
+ export GMON_OUT_PREFIX=gmon.out
+ export OMP_NUM_THREADS=2
+ env
+ sort
+ echo Starting:
Starting:
+ date +%s
+ export CACTUS_STARTTIME=1633375968
+ [ 1 = 1 ]
+ [ 0 -eq 0 ]
+ /home/runner/simulations/TestJob01_temp_1/SIMFACTORY/exe/cactus_sim -L 3 /home/runner/simulations/TestJob01_temp_1/output-0000/arrangements/CactusUtils/MemSpeed/test/memspeed.par
INFO (Cactus): Increased logging level from 0 to 3
--------------------------------------------------------------------------------

       10                                  
  1   0101       ************************  
  01  1010 10      The Cactus Code V4.9.0    
 1010 1101 011      www.cactuscode.org     
  1001 100101    ************************  
    00010101                               
     100011     (c) Copyright The Authors  
      0100      GNU Licensed. No Warranty  
      0101                                 
--------------------------------------------------------------------------------

Cactus version:    4.9.0
Compile date:      Oct 04 2021 (19:26:14)
Run date:          Oct 04 2021 (19:32:49+0000)
Run host:          fv-az105-636.wy5h1aom0jgehahef1oyr10hrc.bx.internal.cloudapp.net (pid=100431)
Working directory: /home/runner/simulations/TestJob01_temp_1/output-0000/TEST/sim/MemSpeed
Executable:        /home/runner/simulations/TestJob01_temp_1/SIMFACTORY/exe/cactus_sim
Parameter file:    /home/runner/simulations/TestJob01_temp_1/output-0000/arrangements/CactusUtils/MemSpeed/test/memspeed.par
--------------------------------------------------------------------------------

Activating thorn Cactus...Success -> active implementation Cactus
Activation requested for 
--->hwloc MemSpeed SystemTopology CartGrid3D CoordBase IOASCII IOUtil PUGH PUGHSlab<---
Thorn hwloc requests automatic activation of zlib
Thorn MemSpeed requests automatic activation of Vectors
Thorn MemSpeed requests automatic activation of MPI
Activating thorn CartGrid3D...Success -> active implementation grid
Activating thorn CoordBase...Success -> active implementation CoordBase
Activating thorn hwloc...Success -> active implementation hwloc
Activating thorn IOASCII...Success -> active implementation IOASCII
Activating thorn IOUtil...Success -> active implementation IO
Activating thorn MemSpeed...Success -> active implementation MemSpeed
Activating thorn MPI...Success -> active implementation MPI
Activating thorn PUGH...Success -> active implementation Driver
Activating thorn PUGHSlab...Success -> active implementation Hyperslab
Activating thorn SystemTopology...Success -> active implementation SystemTopology
Activating thorn Vectors...Success -> active implementation Vectors
Activating thorn zlib...Success -> active implementation zlib
--------------------------------------------------------------------------------
  if (recover initial data)
    Recover parameters
  endif

  Startup routines
    [CCTK_STARTUP]
      CartGrid3D::SymmetryStartup: Register GH Extension for GridSymmetry
      CoordBase::CoordBase_Startup: Register a GH extension to store the coordinate system handles
      GROUP hwloc_startup: hwloc startup group
        hwloc::hwloc_version: Output hwloc version
      SystemTopology::ST_system_topology: Output and/or modify system topology and hardware locality
      PUGH::Driver_Startup: Startup routine
      PUGH::PUGH_RegisterPUGHP2LRoutines: Register Physical to Logical process mapping routines
      PUGH::PUGH_RegisterPUGHTopologyRoutines: Register topology generation routines routines
      IOUtil::IOUtil_Startup: Startup routine
      Vectors::Vectors_Startup: Print startup message
      IOASCII::IOASCII_Startup: Startup routine

  Startup routines which need an existing grid hierarchy
    [CCTK_WRAGH]
      CartGrid3D::RegisterCartGrid3DCoords: [meta] Register coordinates for the Cartesian grid
      MemSpeed::MemSpeed_MeasureSpeed: [meta] Measure CPU, memory, cache speeds
  Parameter checking routines
    [CCTK_PARAMCHECK]
      CartGrid3D::ParamCheck_CartGrid3D: Check coordinates for CartGrid3D
      Vectors::Vectors_Test: Run correctness tests.

  Initialisation
    if (NOT (recover initial data AND recovery_mode is 'strict'))
      [CCTK_PREREGRIDINITIAL]
      Set up grid hierarchy
      [CCTK_POSTREGRIDINITIAL]
        CartGrid3D::SpatialCoordinates: Set Coordinates after regridding
      [CCTK_BASEGRID]
        CartGrid3D::SpatialSpacings: Set up ranges for spatial 3D Cartesian coordinates (on all grids)
        CartGrid3D::SpatialCoordinates: Set up spatial 3D Cartesian coordinates on the GH
        IOASCII::IOASCII_Choose1D: Choose 1D output lines
        IOASCII::IOASCII_Choose2D: Choose 2D output planes
        PUGH::PUGH_Report: Report on PUGH set up
      [CCTK_INITIAL]
      [CCTK_POSTINITIAL]
      Initialise finer grids recursively
      Restrict from finer grids
      [CCTK_POSTRESTRICTINITIAL]
      [CCTK_POSTPOSTINITIAL]
      [CCTK_POSTSTEP]
    endif
    if (recover initial data)
      [CCTK_BASEGRID]
        CartGrid3D::SpatialSpacings: Set up ranges for spatial 3D Cartesian coordinates (on all grids)
        CartGrid3D::SpatialCoordinates: Set up spatial 3D Cartesian coordinates on the GH
        IOASCII::IOASCII_Choose1D: Choose 1D output lines
        IOASCII::IOASCII_Choose2D: Choose 2D output planes
        PUGH::PUGH_Report: Report on PUGH set up
      [CCTK_RECOVER_VARIABLES]
      [CCTK_POST_RECOVER_VARIABLES]
    endif
    if (checkpoint initial data)
      [CCTK_CPINITIAL]
    endif
    if (analysis)
      [CCTK_ANALYSIS]
  endif
  Output grid variables

  do loop over timesteps
    [CCTK_PREREGRID]
    Change grid hierarchy
    [CCTK_POSTREGRID]
      CartGrid3D::SpatialCoordinates: Set Coordinates after regridding
    Rotate timelevels
    iteration = iteration+1
    t = t+dt
    [CCTK_PRESTEP]
    [CCTK_EVOL]
    Evolve finer grids recursively
    Restrict from finer grids
    [CCTK_POSTRESTRICT]
    [CCTK_POSTSTEP]
    if (checkpoint)
      [CCTK_CHECKPOINT]
    endif
    if (analysis)
      [CCTK_ANALYSIS]
    endif
    Output grid variables
    enddo

  Termination routines
    [CCTK_TERMINATE]
      PUGH::Driver_Terminate: Termination routine

  Shutdown routines
    [CCTK_SHUTDOWN]

  Routines run after changing the grid hierarchy:
    [CCTK_POSTREGRID]
      CartGrid3D::SpatialCoordinates: Set Coordinates after regridding
--------------------------------------------------------------------------------
INFO (hwloc): library version 2.1.0, API version 0x20100
INFO (SystemTopology): MPI process-to-host mapping:
This is MPI process 0 of 1
MPI hosts:
  0: fv-az105-636
This MPI process runs on host 0 of 1
On this host, this is MPI process 0 of 1
INFO (SystemTopology): Topology support:
Discovery support:
  discovery->pu                            : yes
CPU binding support:
  cpubind->set_thisproc_cpubind            : yes
  cpubind->get_thisproc_cpubind            : yes
  cpubind->set_proc_cpubind                : yes
  cpubind->get_proc_cpubind                : yes
  cpubind->set_thisthread_cpubind          : yes
  cpubind->get_thisthread_cpubind          : yes
  cpubind->set_thread_cpubind              : yes
  cpubind->get_thread_cpubind              : yes
  cpubind->get_thisproc_last_cpu_location  : yes
  cpubind->get_proc_last_cpu_location      : yes
  cpubind->get_thisthread_last_cpu_location: yes
Memory binding support:
  membind->set_thisproc_membind            : no
  membind->get_thisproc_membind            : no
  membind->set_proc_membind                : no
  membind->get_proc_membind                : no
  membind->set_thisthread_membind          : yes
  membind->get_thisthread_membind          : yes
  membind->set_area_membind                : yes
  membind->get_area_membind                : yes
  membind->alloc_membind                   : yes
  membind->firsttouch_membind              : yes
  membind->bind_membind                    : yes
  membind->interleave_membind              : yes
  membind->nexttouch_membind               : no
  membind->migrate_membind                 : yes
INFO (SystemTopology): Hardware objects in this node:
Machine L#0: (P#0, total=7120800KB, DMIProductName="Virtual Machine", DMIProductVersion=7.0, DMIProductUUID=e4ab184b-4580-6844-afab-3f9d9da01c46, DMIBoardVendor="Microsoft Corporation", DMIBoardName="Virtual Machine", DMIBoardVersion=7.0, DMIChassisVendor="Microsoft Corporation", DMIChassisType=3, DMIChassisVersion=7.0, DMIChassisAssetTag=7783-7084-3265-9085-8269-3286-77, DMIBIOSVendor="American Megatrends Inc.", DMIBIOSVersion="090008 ", DMIBIOSDate=12/07/2018, DMISysVendor="Microsoft Corporation", Backend=Linux, LinuxCgroup=/, OSName=Linux, OSRelease=5.8.0-1042-azure, OSVersion="#45~20.04.1-Ubuntu SMP Wed Sep 15 14:24:15 UTC 2021", HostName=fv-az105-636, Architecture=x86_64, hwlocVersion=2.1.0, ProcessName=cactus_sim)
  Package L#0: (P#0, total=7120800KB, CPUVendor=GenuineIntel, CPUFamilyNumber=6, CPUModelNumber=85, CPUModel="Intel(R) Xeon(R) Platinum 8272CL CPU @ 2.60GHz", CPUStepping=7)
    L3Cache L#0: (P#-1, size=36608KB, linesize=64, ways=11, Inclusive=0)
      L2Cache L#0: (P#-1, size=1024KB, linesize=64, ways=16, Inclusive=0)
        L1dCache L#0: (P#-1, size=32KB, linesize=64, ways=8, Inclusive=0)
          Core L#0: (P#0)
            PU L#0: (P#0)
      L2Cache L#1: (P#-1, size=1024KB, linesize=64, ways=16, Inclusive=0)
        L1dCache L#1: (P#-1, size=32KB, linesize=64, ways=8, Inclusive=0)
          Core L#1: (P#1)
            PU L#1: (P#1)
INFO (SystemTopology): Thread CPU bindings:
  MPI process 0 on host 0 (process 0 of 1 on this host)
    OpenMP thread 0: PU set L#{0-1} P#{0-1}
    OpenMP thread 1: PU set L#{0-1} P#{0-1}
INFO (SystemTopology): Setting thread CPU bindings:
INFO (SystemTopology): Thread CPU bindings:
  MPI process 0 on host 0 (process 0 of 1 on this host)
    OpenMP thread 0: PU set L#{0} P#{0}
    OpenMP thread 1: PU set L#{1} P#{1}
INFO (SystemTopology): Extracting CPU/cache/memory properties:
  There are 1 PUs per core (aka hardware SMT threads)
  There are 1 threads per core (aka SMT threads used)
  Cache (unknown name) has type "data" depth 1
    size 32768 linesize 64 associativity 8 stride 4096, for 1 PUs
  Cache (unknown name) has type "unified" depth 2
    size 1048576 linesize 64 associativity 16 stride 65536, for 1 PUs
  Cache (unknown name) has type "unified" depth 3
    size 37486592 linesize 64 associativity 11 stride 3407872, for 2 PUs
INFO (PUGH): Using physical to logical mappings: direct
INFO (PUGH): Using topology generator: automatic
INFO (Vectors): Using vector size 2 for architecture SSE2 (64-bit precision)
--------------------------------------------------------------------------------
Driver provided by PUGH
--------------------------------------------------------------------------------

INFO (PUGH): Not setting up a topology for 1 dimensions
INFO (PUGH): Not setting up a topology for 2 dimensions
INFO (PUGH): Setting up a topology for 3 dimensions
INFO (IOASCII): I/O Method 'IOASCII_1D' registered: output of 1D lines of grid functions/arrays to ASCII files
INFO (IOASCII): Periodic 1D output every 1 iterations
INFO (IOASCII): Periodic 1D output requested for 'GRID::r'
INFO (IOASCII): I/O Method 'IOASCII_2D' registered: output of 2D planes of grid functions/arrays to ASCII files
INFO (IOASCII): Periodic 2D output turned off
INFO (IOASCII): I/O Method 'IOASCII_3D' registered: output of 3D grid functions/arrays to ASCII files
INFO (IOASCII): Periodic 3D output turned off
INFO (MemSpeed): Measuring CPU, cache, memory, and communication speeds:
  Single-core measurements (using 1 MPI processes with 1 OpenMP threads each):
    CPU frequency:
      iterations=1000000... time=0.00133682 sec
      iterations=10000000... time=0.0134301 sec
      iterations=100000000... time=0.133967 sec
      iterations=800000000... time=1.07179 sec
      iterations=800000000... time=1.07129 sec
      result: 3190.45 GHz
    CPU floating point performance:
      iterations=1000000... time=0.00297684 sec
      iterations=10000000... time=0.0299452 sec
      iterations=100000000... time=0.299258 sec
      iterations=400000000... time=1.19854 sec
      result: 10.6796 Gflop/sec
    CPU integer performance:
      iterations=1000000... time=0.00186182 sec
      iterations=10000000... time=0.018389 sec
      iterations=100000000... time=0.184174 sec
      iterations=600000000... time=1.10835 sec
      result: 8.66151 Giop/sec
    Read latency of D1 cache (for 1 PUs) (using 1*24576 bytes):
      iterations=1000... time=0.000134601 sec
      iterations=10000... time=0.00133712 sec
      iterations=100000... time=0.0133869 sec
      iterations=1000000... time=0.133959 sec
      iterations=8000000... time=1.07167 sec
      result: 1.33959 nsec
    Read latency of L2 cache (for 1 PUs) (using 1*786432 bytes):
      iterations=1000... time=0.000542207 sec
      iterations=10000... time=0.00511557 sec
      iterations=100000... time=0.0508658 sec
      iterations=1000000... time=0.508191 sec
      iterations=2000000... time=1.01643 sec
      result: 5.08215 nsec
    Read latency of L3 cache (for 2 PUs) (using 1*28114944 bytes):
      [skipped -- avoiding large-memory benchmarks]
    Read bandwidth of D1 cache (for 1 PUs) (using 1*24576 bytes):
      iterations=1... time=6e-07 sec
      iterations=10... time=3.3e-06 sec
      iterations=100... time=3.0701e-05 sec
      iterations=1000... time=0.000305004 sec
      iterations=10000... time=0.00306134 sec
      iterations=100000... time=0.0305226 sec
      iterations=1000000... time=0.305455 sec
      iterations=4000000... time=1.22144 sec
      result: 80.4818 GByte/sec
    Read bandwidth of L2 cache (for 1 PUs) (using 1*786432 bytes):
      iterations=1... time=1.76e-05 sec
      iterations=10... time=0.000155702 sec
      iterations=100... time=0.00155872 sec
      iterations=1000... time=0.0154825 sec
      iterations=10000... time=0.154715 sec
      iterations=70000... time=1.08322 sec
      result: 50.8211 GByte/sec
    Read bandwidth of L3 cache (for 2 PUs) (using 1*28114944 bytes):
      [skipped -- avoiding large-memory benchmarks]
    Write latency of D1 cache (for 1 PUs) (using 1*24576 bytes):
      iterations=1000... time=3e-06 sec
      iterations=10000... time=2.7001e-05 sec
      iterations=100000... time=0.000267803 sec
      iterations=1000000... time=0.00268244 sec
      iterations=10000000... time=0.0268263 sec
      iterations=100000000... time=0.267878 sec
      iterations=400000000... time=1.07175 sec
      result: 0.334921 nsec
    Write latency of L2 cache (for 1 PUs) (using 1*786432 bytes):
      iterations=1000... time=2.5601e-05 sec
      iterations=10000... time=0.000144702 sec
      iterations=100000... time=0.00141712 sec
      iterations=1000000... time=0.0141964 sec
      iterations=10000000... time=0.142424 sec
      iterations=80000000... time=1.13465 sec
      result: 1.77289 nsec
    Write latency of L3 cache (for 2 PUs) (using 1*28114944 bytes):
      [skipped -- avoiding large-memory benchmarks]
    Write bandwidth of D1 cache (for 1 PUs) (using 1*24576 bytes):
      iterations=1... time=3e-07 sec
      iterations=10... time=1.7e-06 sec
      iterations=100... time=1.54e-05 sec
      iterations=1000... time=0.000152202 sec
      iterations=10000... time=0.00152322 sec
      iterations=100000... time=0.0152441 sec
      iterations=1000000... time=0.15232 sec
      iterations=7000000... time=1.06587 sec
      result: 161.4 GByte/sec
    Write bandwidth of L2 cache (for 1 PUs) (using 1*786432 bytes):
      iterations=1... time=2.0701e-05 sec
      iterations=10... time=0.000208202 sec
      iterations=100... time=0.00209003 sec
      iterations=1000... time=0.0207741 sec
      iterations=10000... time=0.198459 sec
      iterations=60000... time=1.01169 sec
      result: 46.6406 GByte/sec
    Write bandwidth of L3 cache (for 2 PUs) (using 1*28114944 bytes):
      [skipped -- avoiding large-memory benchmarks]
    Stencil code performance of D1 cache (for 1 PUs) (using 1*12^3 grid points, 1*27648 bytes):
      iterations=1... time=2.93e-05 sec
      iterations=10... time=0.000218503 sec
      iterations=100... time=0.00217553 sec
      iterations=1000... time=0.0218601 sec
      iterations=10000... time=0.219784 sec
      iterations=50000... time=1.10042 sec
      result: 0.0785152 Gupdates/sec
    Stencil code performance of L2 cache (for 1 PUs) (using 1*37^3 grid points, 1*810448 bytes):
      iterations=1... time=0.000193602 sec
      iterations=10... time=0.00176062 sec
      iterations=100... time=0.0173768 sec
      iterations=1000... time=0.175269 sec
      iterations=6000... time=1.04982 sec
      result: 0.289494 Gupdates/sec
    Stencil code performance of L3 cache (for 2 PUs) (using 1*121^3 grid points, 1*28344976 bytes):
      iterations=1... time=0.00403945 sec
      iterations=10... time=0.0427255 sec
      iterations=100... time=0.43414 sec
      iterations=300... time=1.30979 sec
      result: 0.405767 Gupdates/sec
  Single-node measurements (using 1 MPI processes with 2 OpenMP threads each):
    CPU frequency:
      iterations=1000000... time=0.00148317 sec
      iterations=10000000... time=0.0137379 sec
      iterations=100000000... time=0.134358 sec
      iterations=800000000... time=1.07451 sec
      iterations=800000000... time=1.07558 sec
      result: -1495.59 GHz
    CPU floating point performance:
      iterations=1000000... time=0.00299909 sec
      iterations=10000000... time=0.0300484 sec
      iterations=100000000... time=0.29892 sec
      iterations=400000000... time=1.19705 sec
      result: 10.693 Gflop/sec
    CPU integer performance:
      iterations=1000000... time=0.00184127 sec
      iterations=10000000... time=0.0184389 sec
      iterations=100000000... time=0.186174 sec
      iterations=600000000... time=1.1071 sec
      result: 8.67128 Giop/sec
    Read latency of D1 cache (for 1 PUs) (using 2*24576 bytes):
      iterations=1000... time=0.000134302 sec
      iterations=10000... time=0.00133717 sec
      iterations=100000... time=0.0134026 sec
      iterations=1000000... time=0.134256 sec
      iterations=8000000... time=1.07435 sec
      result: 1.34294 nsec
    Read latency of L2 cache (for 1 PUs) (using 2*786432 bytes):
      iterations=1000... time=0.000685309 sec
      iterations=10000... time=0.00643909 sec
      iterations=100000... time=0.0639172 sec
      iterations=1000000... time=0.638894 sec
      iterations=2000000... time=1.27892 sec
      result: 6.3946 nsec
    Read latency of L3 cache (for 2 PUs) (using 1*28114944 bytes):
      [skipped -- avoiding large-memory benchmarks]
    Read bandwidth of D1 cache (for 1 PUs) (using 2*24576 bytes):
      iterations=1... time=7.5e-07 sec
      iterations=10... time=3.5e-06 sec
      iterations=100... time=3.31e-05 sec
      iterations=1000... time=0.000342904 sec
      iterations=10000... time=0.00328489 sec
      iterations=100000... time=0.0310068 sec
      iterations=1000000... time=0.306423 sec
      iterations=4000000... time=1.22816 sec
      result: 80.042 GByte/sec
    Read bandwidth of L2 cache (for 1 PUs) (using 2*786432 bytes):
      iterations=1... time=2.3951e-05 sec
      iterations=10... time=0.000166452 sec
      iterations=100... time=0.00164887 sec
      iterations=1000... time=0.0165441 sec
      iterations=10000... time=0.165609 sec
      iterations=70000... time=1.16175 sec
      result: 47.3858 GByte/sec
    Read bandwidth of L3 cache (for 2 PUs) (using 1*28114944 bytes):
      [skipped -- avoiding large-memory benchmarks]
    Write latency of D1 cache (for 1 PUs) (using 2*24576 bytes):
      iterations=1000... time=3.75e-06 sec
      iterations=10000... time=2.9151e-05 sec
      iterations=100000... time=0.000288254 sec
      iterations=1000000... time=0.00290239 sec
      iterations=10000000... time=0.026915 sec
      iterations=100000000... time=0.268509 sec
      iterations=400000000... time=1.07824 sec
      result: 0.33695 nsec
    Write latency of L2 cache (for 1 PUs) (using 2*786432 bytes):
      iterations=1000... time=3.1201e-05 sec
      iterations=10000... time=0.000156302 sec
      iterations=100000... time=0.00151187 sec
      iterations=1000000... time=0.0151149 sec
      iterations=10000000... time=0.151293 sec
      iterations=70000000... time=1.05844 sec
      result: 1.89007 nsec
    Write latency of L3 cache (for 2 PUs) (using 1*28114944 bytes):
      [skipped -- avoiding large-memory benchmarks]
    Write bandwidth of D1 cache (for 1 PUs) (using 2*24576 bytes):
      iterations=1... time=7.5e-07 sec
      iterations=10... time=2.3e-06 sec
      iterations=100... time=1.745e-05 sec
      iterations=1000... time=0.000169052 sec
      iterations=10000... time=0.00168537 sec
      iterations=100000... time=0.0161248 sec
      iterations=1000000... time=0.156983 sec
      iterations=7000000... time=1.10052 sec
      result: 156.318 GByte/sec
    Write bandwidth of L2 cache (for 1 PUs) (using 2*786432 bytes):
      iterations=1... time=3.075e-05 sec
      iterations=10... time=0.000311704 sec
      iterations=100... time=0.00312374 sec
      iterations=1000... time=0.0283861 sec
      iterations=10000... time=0.204878 sec
      iterations=50000... time=0.836439 sec
      iterations=100000... time=1.51114 sec
      result: 52.0422 GByte/sec
    Write bandwidth of L3 cache (for 2 PUs) (using 1*28114944 bytes):
      [skipped -- avoiding large-memory benchmarks]
    Stencil code performance of D1 cache (for 1 PUs) (using 2*9^3 grid points, 2*11664 bytes):
      iterations=1... time=4.9e-06 sec
      iterations=10... time=3.08505e-05 sec
      iterations=100... time=0.000280954 sec
      iterations=1000... time=0.00281209 sec
      iterations=10000... time=0.0275444 sec
      iterations=100000... time=0.276697 sec
      iterations=400000... time=1.11242 sec
      result: 0.26213 Gupdates/sec
    Stencil code performance of L2 cache (for 1 PUs) (using 2*29^3 grid points, 2*390224 bytes):
      iterations=1... time=3.29e-05 sec
      iterations=10... time=0.000281454 sec
      iterations=100... time=0.00277674 sec
      iterations=1000... time=0.027519 sec
      iterations=10000... time=0.276446 sec
      iterations=40000... time=1.10677 sec
      result: 0.881445 Gupdates/sec
    Stencil code performance of L3 cache (for 2 PUs) (using 1*121^3 grid points, 1*28344976 bytes):
      iterations=1... time=0.000996113 sec
      iterations=10... time=0.00968268 sec
      iterations=100... time=0.100455 sec
      iterations=1000... time=0.996837 sec
      iterations=2000... time=2.00425 sec
      result: 1.7678 Gupdates/sec
INFO (Vectors): Testing vectorisation... [errors may result in segfaults]
INFO (Vectors): 375/375 tests passed 
INFO (CartGrid3D): Grid Spacings:
INFO (CartGrid3D): dx=>1.1111111e-01  dy=>1.1111111e-01  dz=>1.1111111e-01
INFO (CartGrid3D): Computational Coordinates:
INFO (CartGrid3D): x=>[-0.500, 0.500]  y=>[-0.500, 0.500]  z=>[-0.500, 0.500]
INFO (CartGrid3D): Indices of Physical Coordinates:
INFO (CartGrid3D): x=>[0,9]  y=>[0,9]  z=>[0,9]
INFO (PUGH): MPI Evolution on 1 processors
INFO (PUGH): 3-dimensional grid functions
INFO (PUGH):   Size: 10 10 10
INFO (PUGH):   Processor topology: 1 x 1 x 1
INFO (PUGH):   Local load: 1000   [10 x 10 x 10]
INFO (PUGH):   Maximum load skew: 0.000000
--------------------------------------------------------------------------------
Done.
+ echo Stopping:
Stopping:
+ date
Mon Oct  4 19:33:40 UTC 2021
+ echo Done.
Done.
  Elapsed time: 51.3 s
