/home/runner/simulations/TestJob01_temp_2/output-0000/TEST/sim/BoxInBox
Preparing:
+ set -e
+ cd output-0000-active
+ echo Checking:
Checking:
+ pwd
/home/runner/simulations/TestJob01_temp_2/output-0000/TEST/sim/BoxInBox/output-0000-active
+ hostname
fv-az973-623
+ date
Thu Feb 22 02:21:33 UTC 2024
+ echo Environment:
Environment:
+ export CACTUS_NUM_PROCS=2
+ CACTUS_NUM_PROCS=2
+ export CACTUS_NUM_THREADS=1
+ CACTUS_NUM_THREADS=1
+ export GMON_OUT_PREFIX=gmon.out
+ GMON_OUT_PREFIX=gmon.out
+ export OMP_NUM_THREADS=1
+ OMP_NUM_THREADS=1
+ env
+ sort
+ echo Starting:
Starting:
++ date +%s
+ export CACTUS_STARTTIME=1708568493
+ CACTUS_STARTTIME=1708568493
+ '[' 2 = 1 ']'
+ mpirun -np 2 /home/runner/simulations/TestJob01_temp_2/SIMFACTORY/exe/cactus_sim -L 3 /home/runner/simulations/TestJob01_temp_2/output-0000/arrangements/CarpetX/BoxInBox/test/regions3.par
INFO (Cactus): Increased logging level from 0 to 3
--------------------------------------------------------------------------------

       10                                  
  1   0101       ************************  
  01  1010 10      The Cactus Code V4.15.0    
 1010 1101 011      www.cactuscode.org     
  1001 100101    ************************  
    00010101                               
     100011     (c) Copyright The Authors  
      0100      GNU Licensed. No Warranty  
      0101                                 
--------------------------------------------------------------------------------

Cactus version:    4.15.0
Compile date:      Feb 22 2024 (02:05:57)
Run date:          Feb 22 2024 (02:21:34+0000)
Run host:          fv-az973-623 (pid=134749)
Working directory: /home/runner/simulations/TestJob01_temp_2/output-0000/TEST/sim/BoxInBox
Executable:        /home/runner/simulations/TestJob01_temp_2/SIMFACTORY/exe/cactus_sim
Parameter file:    /home/runner/simulations/TestJob01_temp_2/output-0000/arrangements/CarpetX/BoxInBox/test/regions3.par
--------------------------------------------------------------------------------

Activating thorn Cactus...Success -> active implementation Cactus
Activation requested for 
--->BoxInBox CarpetX CoordinatesX IOUtil<---
Thorn BoxInBox requests automatic activation of Loop
Thorn CarpetX requests automatic activation of AMReX
Thorn CarpetX requests automatic activation of MPI
Thorn CarpetX requests automatic activation of yaml_cpp
Thorn CarpetX requests automatic activation of zlib
Thorn CarpetX requests automatic activation of Arith
Thorn CarpetX requests automatic activation of ADIOS2
Thorn CarpetX requests automatic activation of openPMD
Thorn CarpetX requests automatic activation of Silo
Thorn Arith requests automatic activation of NSIMD
Thorn MPI requests automatic activation of hwloc
Thorn openPMD requests automatic activation of HDF5
Activating thorn ADIOS2...Success -> active implementation ADIOS2
Activating thorn AMReX...Success -> active implementation AMReX
Activating thorn Arith...Success -> active implementation Arith
Activating thorn BoxInBox...Success -> active implementation BoxInBox
Activating thorn CarpetX...Success -> active implementation CarpetX
Activating thorn CoordinatesX...Success -> active implementation CoordinatesX
Activating thorn HDF5...Success -> active implementation HDF5
Activating thorn hwloc...Success -> active implementation hwloc
Activating thorn IOUtil...Success -> active implementation IO
Activating thorn Loop...Success -> active implementation Loop
Activating thorn MPI...Success -> active implementation MPI
Activating thorn NSIMD...Success -> active implementation NSIMD
Activating thorn openPMD...Success -> active implementation openPMD
Activating thorn Silo...Success -> active implementation Silo
Activating thorn yaml_cpp...Success -> active implementation yaml_cpp
Activating thorn zlib...Success -> active implementation zlib
INFO (hwloc): library version 2.7.0, API version 0x20500
--------------------------------------------------------------------------------

  [34m  ▕▏  [34m  ▕▏  [34m  ▕▏  [34m  ▕▏  [34m  ▕▏  [34m  ▕▏  [34m  ▕▏  [34m  ▕▏  [34m  ▕▏  [39m  
  [34m──██──[34m──██──[34m──██──[34m──██──[34m──██──[34m──██──[34m──██──[34m──██──[34m──██──[39m  
  [34m  ▕▏  [34m  ▕▏  [34m  ▕▏  [34m  ▕▏  [34m  ▕▏  [34m  ▕▏  [34m  ▕▏  [34m  ▕▏  [34m  ▕▏  [39m  
  [34m  ▕▏  [32m██████[34m  ▕▏  [34m  ▕▏  [32m██████[34m  ▕▏  [34m  ▕▏  [32m██████[34m  ▕▏  [39m  
  [34m──██──[32m██████[34m──██──[34m──██──[32m██████[34m──██──[34m──██──[32m██████[34m──██──[39m  
  [34m  ▕▏  [32m██████[34m  ▕▏  [34m  ▕▏  [32m██████[34m  ▕▏  [34m  ▕▏  [32m██████[34m  ▕▏  [39m  
  [34m  ▕▏  [34m  ▕▏  [34m  ▕▏  [34m  ▕▏  [34m  ▕▏  [34m  ▕▏  [34m  ▕▏  [34m  ▕▏  [34m  ▕▏  [39m  
  [34m──██──[34m──██──[34m──██──[34m──██──[34m──██──[34m──██──[34m──██──[34m──██──[34m──██──[39m  
  [34m  ▕▏  [34m  ▕▏  [34m  ▕▏  [34m  ▕▏  [34m  ▕▏  [34m  ▕▏  [34m  ▕▏  [34m  ▕▏  [34m  ▕▏  [39m  
  [34m  ▕▏  [34m  ▕▏  [34m  ▕▏  [31m██████[31m██████[31m██████[34m  ▕▏  [34m  ▕▏  [34m  ▕▏  [39m  
  [34m──██──[34m──██──[34m──██──[31m██████[31m██████[31m██████[34m──██──[34m──██──[34m──██──[39m  
  [34m  ▕▏  [34m  ▕▏  [34m  ▕▏  [31m██████[31m██████[31m██████[34m  ▕▏  [34m  ▕▏  [34m  ▕▏  [39m  
  [34m  ▕▏  [32m██████[34m  ▕▏  [31m██████[31m██████[31m██████[34m  ▕▏  [32m██████[34m  ▕▏  [39m  
  [34m──██──[32m██████[34m──██──[31m██████[31m██████[31m██████[34m──██──[32m██████[34m──██──[39m  
  [34m  ▕▏  [32m██████[34m  ▕▏  [31m██████[31m██████[31m██████[34m  ▕▏  [32m██████[34m  ▕▏  [39m  
  [34m  ▕▏  [34m  ▕▏  [34m  ▕▏  [31m██████[31m██████[31m██████[34m  ▕▏  [34m  ▕▏  [34m  ▕▏  [39m  
  [34m──██──[34m──██──[34m──██──[31m██████[31m██████[31m██████[34m──██──[34m──██──[34m──██──[39m  
  [34m  ▕▏  [34m  ▕▏  [34m  ▕▏  [31m██████[31m██████[31m██████[34m  ▕▏  [34m  ▕▏  [34m  ▕▏  [39m  
  [34m  ▕▏  [34m  ▕▏  [34m  ▕▏  [34m  ▕▏  [34m  ▕▏  [34m  ▕▏  [34m  ▕▏  [34m  ▕▏  [34m  ▕▏  [39m  
  [34m──██──[34m──██──[34m──██──[34m──██──[34m──██──[34m──██──[34m──██──[34m──██──[34m──██──[39m  
  [34m  ▕▏  [34m  ▕▏  [34m  ▕▏  [34m  ▕▏  [34m  ▕▏  [34m  ▕▏  [34m  ▕▏  [34m  ▕▏  [34m  ▕▏  [39m  
  [34m  ▕▏  [32m██████[34m  ▕▏  [34m  ▕▏  [32m██████[34m  ▕▏  [34m  ▕▏  [32m██████[34m  ▕▏  [39m  
  [34m──██──[32m██████[34m──██──[34m──██──[32m██████[34m──██──[34m──██──[32m██████[34m──██──[39m  
  [34m  ▕▏  [32m██████[34m  ▕▏  [34m  ▕▏  [32m██████[34m  ▕▏  [34m  ▕▏  [32m██████[34m  ▕▏  [39m  
  [34m  ▕▏  [34m  ▕▏  [34m  ▕▏  [34m  ▕▏  [34m  ▕▏  [34m  ▕▏  [34m  ▕▏  [34m  ▕▏  [34m  ▕▏  [39m  
  [34m──██──[34m──██──[34m──██──[34m──██──[34m──██──[34m──██──[34m──██──[34m──██──[34m──██──[39m  
  [34m  ▕▏  [34m  ▕▏  [34m  ▕▏  [34m  ▕▏  [34m  ▕▏  [34m  ▕▏  [34m  ▕▏  [34m  ▕▏  [34m  ▕▏  [39m  

AMR driver provided by CarpetX,
using AMReX 23.08 (MPI, OpenMP, no accelerators, debug)
--------------------------------------------------------------------------------

MPI initialized with 2 MPI processes
MPI initialized with thread support level 2
OMP initialized with 1 OMP threads
AMReX (23.08) initialized
INFO (CarpetX): 
Symmetries:
  lower x: none
  lower y: none
  lower z: none
  upper x: none
  upper y: none
  upper z: none
Default boundaries:
  lower x: dirichlet
  lower y: dirichlet
  lower z: dirichlet
  upper x: dirichlet
  upper y: dirichlet
  upper z: dirichlet
INFO (Arith): Test_smallvector
INFO (Arith): Test_spvect
INFO (CarpetX): Setting up initial conditions...
INFO (CarpetX): Iteration: 0   time: 0   delta_time: 0.015625
INFO (CarpetX): Patch 0:
INFO (CarpetX):   Grid extent:
INFO (CarpetX):     gsh=[67,67,67]
INFO (CarpetX):     blocking_factor=[8,8,8]
INFO (CarpetX):     max_grid_size=[32,32,32]
INFO (CarpetX):     max_tile_size=[1024000,16,32]
INFO (CarpetX):   Domain extent:
INFO (CarpetX):     xmin=[-1,-1,-1]
INFO (CarpetX):     xmax=[1,1,1]
INFO (CarpetX):     base dx=[0.03125,0.03125,0.03125]
INFO (CarpetX): Initializing level 0...
INFO (CarpetX): Regridding...
INFO (CarpetX):   level 0: 8 boxes, 262144 cells (100%)
INFO (CarpetX):   level 1: 12 boxes, 393216 cells (18.75%, 19%)
INFO (CarpetX): Iteration: 0   time: 0   delta_time: 0.0078125
INFO (CarpetX): Initializing level 1...
INFO (CarpetX): Regridding...
INFO (CarpetX):   level 0: 8 boxes, 262144 cells (100%)
INFO (CarpetX):   level 1: 12 boxes, 393216 cells (18.75%, 19%)
INFO (CarpetX):   level 2: 2 boxes, 65536 cells (0.3906%, 2%)
INFO (CarpetX): Iteration: 0   time: 0   delta_time: 0.00390625
INFO (CarpetX): Initializing level 2...
INFO (CarpetX): Regridding...
INFO (CarpetX):   level 0: 8 boxes, 262144 cells (100%)
INFO (CarpetX):   level 1: 12 boxes, 393216 cells (18.75%, 19%)
INFO (CarpetX):   level 2: 2 boxes, 65536 cells (0.3906%, 2%)
INFO (CarpetX): Initialized 3 levels
INFO (CarpetX): OutputGH: iteration 0, time 0.000000, run time 1 s
INFO (CarpetX): OutputADIOS2...
INFO (CarpetX): OutputGH done.
INFO (CarpetX): Starting evolution...
INFO (CarpetX): Regridding...
INFO (CarpetX):   old levels 3, new levels 3
INFO (CarpetX):   level 0: 8 boxes, 262144 cells (100%)
INFO (CarpetX):   level 1: 12 boxes, 393216 cells (18.75%, 19%)
INFO (CarpetX):   level 2: 2 boxes, 65536 cells (0.3906%, 2%)
INFO (CarpetX): OutputGH: iteration 1, time 0.003906, run time 1 s
INFO (CarpetX): OutputGH done.
INFO (CarpetX): Simulation time: 0.00390625   Iterations per second: 13.4128   Simulation time per second: 0.0523936
INFO (CarpetX): Grid cells: 720896   Grid cell updates per second: 9.6692e+06
INFO (CarpetX): Performance:
INFO (CarpetX):   total evolution time:            0.0745559 sec
INFO (CarpetX):   total evolution compute time:    0.074537 sec
INFO (CarpetX):   total evolution output time:     1.88351e-05 sec
INFO (CarpetX):   total iterations:                1
INFO (CarpetX):   total cells updated:             720896
INFO (CarpetX):   average iterations per second: 13.4128
INFO (CarpetX):   average cell updates per second: 9.6692e+06
INFO (CarpetX): Regridding...
INFO (CarpetX):   old levels 3, new levels 3
INFO (CarpetX):   level 0: 8 boxes, 262144 cells (100%)
INFO (CarpetX):   level 1: 12 boxes, 393216 cells (18.75%, 19%)
INFO (CarpetX):   level 2: 2 boxes, 65536 cells (0.3906%, 2%)
INFO (CarpetX): OutputGH: iteration 2, time 0.007812, run time 2 s
INFO (CarpetX): OutputGH done.
INFO (CarpetX): Simulation time: 0.0078125   Iterations per second: 13.6681   Simulation time per second: 0.053391
INFO (CarpetX): Grid cells: 720896   Grid cell updates per second: 9.85328e+06
INFO (CarpetX): Performance:
INFO (CarpetX):   total evolution time:            0.147719 sec
INFO (CarpetX):   total evolution compute time:    0.147685 sec
INFO (CarpetX):   total evolution output time:     3.38554e-05 sec
INFO (CarpetX):   total iterations:                2
INFO (CarpetX):   total cells updated:             1.44179e+06
INFO (CarpetX):   average iterations per second: 13.5392
INFO (CarpetX):   average cell updates per second: 9.76038e+06
INFO (CarpetX): Regridding...
INFO (CarpetX):   old levels 3, new levels 3
INFO (CarpetX):   level 0: 8 boxes, 262144 cells (100%)
INFO (CarpetX):   level 1: 12 boxes, 393216 cells (18.75%, 19%)
INFO (CarpetX):   level 2: 2 boxes, 65536 cells (0.3906%, 2%)
INFO (CarpetX): OutputGH: iteration 3, time 0.011719, run time 2 s
INFO (CarpetX): OutputGH done.
INFO (CarpetX): Simulation time: 0.0117188   Iterations per second: 13.7586   Simulation time per second: 0.0537445
INFO (CarpetX): Grid cells: 720896   Grid cell updates per second: 9.91851e+06
INFO (CarpetX): Performance:
INFO (CarpetX):   total evolution time:            0.220401 sec
INFO (CarpetX):   total evolution compute time:    0.220352 sec
INFO (CarpetX):   total evolution output time:     4.88758e-05 sec
INFO (CarpetX):   total iterations:                3
INFO (CarpetX):   total cells updated:             2.16269e+06
INFO (CarpetX):   average iterations per second: 13.6116
INFO (CarpetX):   average cell updates per second: 9.81252e+06
INFO (CarpetX): Regridding...
INFO (CarpetX):   old levels 3, new levels 3
INFO (CarpetX):   level 0: 8 boxes, 262144 cells (100%)
INFO (CarpetX):   level 1: 12 boxes, 393216 cells (18.75%, 19%)
INFO (CarpetX):   level 2: 2 boxes, 65536 cells (0.3906%, 2%)
INFO (CarpetX): OutputGH: iteration 4, time 0.015625, run time 2 s
INFO (CarpetX): OutputGH done.
INFO (CarpetX): Simulation time: 0.015625   Iterations per second: 13.7567   Simulation time per second: 0.0537371
INFO (CarpetX): Grid cells: 720896   Grid cell updates per second: 9.91714e+06
INFO (CarpetX): Performance:
INFO (CarpetX):   total evolution time:            0.293093 sec
INFO (CarpetX):   total evolution compute time:    0.293028 sec
INFO (CarpetX):   total evolution output time:     6.48499e-05 sec
INFO (CarpetX):   total iterations:                4
INFO (CarpetX):   total cells updated:             2.88358e+06
INFO (CarpetX):   average iterations per second: 13.6476
INFO (CarpetX):   average cell updates per second: 9.83847e+06
INFO (CarpetX): Regridding...
INFO (CarpetX):   old levels 3, new levels 3
INFO (CarpetX):   level 0: 8 boxes, 262144 cells (100%)
INFO (CarpetX):   level 1: 12 boxes, 393216 cells (18.75%, 19%)
INFO (CarpetX):   level 2: 2 boxes, 65536 cells (0.3906%, 2%)
INFO (CarpetX): OutputGH: iteration 5, time 0.019531, run time 2 s
INFO (CarpetX): OutputGH done.
INFO (CarpetX): Simulation time: 0.0195312   Iterations per second: 13.7656   Simulation time per second: 0.0537718
INFO (CarpetX): Grid cells: 720896   Grid cell updates per second: 9.92355e+06
INFO (CarpetX): Performance:
INFO (CarpetX):   total evolution time:            0.365738 sec
INFO (CarpetX):   total evolution compute time:    0.365657 sec
INFO (CarpetX):   total evolution output time:     8.08239e-05 sec
INFO (CarpetX):   total iterations:                5
INFO (CarpetX):   total cells updated:             3.60448e+06
INFO (CarpetX):   average iterations per second: 13.671
INFO (CarpetX):   average cell updates per second: 9.85537e+06
INFO (CarpetX): Regridding...
INFO (CarpetX):   old levels 3, new levels 3
INFO (CarpetX):   level 0: 8 boxes, 262144 cells (100%)
INFO (CarpetX):   level 1: 12 boxes, 393216 cells (18.75%, 19%)
INFO (CarpetX):   level 2: 2 boxes, 65536 cells (0.3906%, 2%)
INFO (CarpetX): OutputGH: iteration 6, time 0.023438, run time 2 s
INFO (CarpetX): OutputGH done.
INFO (CarpetX): Simulation time: 0.0234375   Iterations per second: 13.7658   Simulation time per second: 0.0537725
INFO (CarpetX): Grid cells: 720896   Grid cell updates per second: 9.92368e+06
INFO (CarpetX): Performance:
INFO (CarpetX):   total evolution time:            0.438382 sec
INFO (CarpetX):   total evolution compute time:    0.438286 sec
INFO (CarpetX):   total evolution output time:     9.58443e-05 sec
INFO (CarpetX):   total iterations:                6
INFO (CarpetX):   total cells updated:             4.32538e+06
INFO (CarpetX):   average iterations per second: 13.6867
INFO (CarpetX):   average cell updates per second: 9.86669e+06
INFO (CarpetX): Regridding...
INFO (CarpetX):   old levels 3, new levels 3
INFO (CarpetX):   level 0: 8 boxes, 262144 cells (100%)
INFO (CarpetX):   level 1: 12 boxes, 393216 cells (18.75%, 19%)
INFO (CarpetX):   level 2: 2 boxes, 65536 cells (0.3906%, 2%)
INFO (CarpetX): OutputGH: iteration 7, time 0.027344, run time 2 s
INFO (CarpetX): OutputGH done.
INFO (CarpetX): Simulation time: 0.0273438   Iterations per second: 13.758   Simulation time per second: 0.0537422
INFO (CarpetX): Grid cells: 720896   Grid cell updates per second: 9.91808e+06
INFO (CarpetX): Performance:
INFO (CarpetX):   total evolution time:            0.511067 sec
INFO (CarpetX):   total evolution compute time:    0.510955 sec
INFO (CarpetX):   total evolution output time:     0.000112057 sec
INFO (CarpetX):   total iterations:                7
INFO (CarpetX):   total cells updated:             5.04627e+06
INFO (CarpetX):   average iterations per second: 13.6968
INFO (CarpetX):   average cell updates per second: 9.874e+06
INFO (CarpetX): Regridding...
INFO (CarpetX):   old levels 3, new levels 3
INFO (CarpetX):   level 0: 8 boxes, 262144 cells (100%)
INFO (CarpetX):   level 1: 12 boxes, 393216 cells (18.75%, 19%)
INFO (CarpetX):   level 2: 2 boxes, 65536 cells (0.3906%, 2%)
INFO (CarpetX): OutputGH: iteration 8, time 0.031250, run time 2 s
INFO (CarpetX): OutputGH done.
INFO (CarpetX): Simulation time: 0.03125   Iterations per second: 13.7561   Simulation time per second: 0.0537348
INFO (CarpetX): Grid cells: 720896   Grid cell updates per second: 9.91672e+06
INFO (CarpetX): Performance:
INFO (CarpetX):   total evolution time:            0.583762 sec
INFO (CarpetX):   total evolution compute time:    0.583634 sec
INFO (CarpetX):   total evolution output time:     0.000128031 sec
INFO (CarpetX):   total iterations:                8
INFO (CarpetX):   total cells updated:             5.76717e+06
INFO (CarpetX):   average iterations per second: 13.7042
INFO (CarpetX):   average cell updates per second: 9.87932e+06
INFO (CarpetX): Regridding...
INFO (CarpetX):   old levels 3, new levels 3
INFO (CarpetX):   level 0: 8 boxes, 262144 cells (100%)
INFO (CarpetX):   level 1: 12 boxes, 393216 cells (18.75%, 19%)
INFO (CarpetX):   level 2: 2 boxes, 65536 cells (0.3906%, 2%)
INFO (CarpetX): OutputGH: iteration 9, time 0.035156, run time 2 s
INFO (CarpetX): OutputGH done.
INFO (CarpetX): Simulation time: 0.0351562   Iterations per second: 13.7365   Simulation time per second: 0.053658
INFO (CarpetX): Grid cells: 720896   Grid cell updates per second: 9.90256e+06
INFO (CarpetX): Performance:
INFO (CarpetX):   total evolution time:            0.656561 sec
INFO (CarpetX):   total evolution compute time:    0.656418 sec
INFO (CarpetX):   total evolution output time:     0.000143051 sec
INFO (CarpetX):   total iterations:                9
INFO (CarpetX):   total cells updated:             6.48806e+06
INFO (CarpetX):   average iterations per second: 13.7078
INFO (CarpetX):   average cell updates per second: 9.8819e+06
INFO (CarpetX): Regridding...
INFO (CarpetX):   old levels 3, new levels 3
INFO (CarpetX):   level 0: 8 boxes, 262144 cells (100%)
INFO (CarpetX):   level 1: 12 boxes, 393216 cells (18.75%, 19%)
INFO (CarpetX):   level 2: 2 boxes, 65536 cells (0.3906%, 2%)
INFO (CarpetX): OutputGH: iteration 10, time 0.039062, run time 2 s
INFO (CarpetX): OutputADIOS2...
INFO (CarpetX): OutputGH done.
INFO (CarpetX): Simulation time: 0.0390625   Iterations per second: 6.85157   Simulation time per second: 0.0267639
INFO (CarpetX): Grid cells: 720896   Grid cell updates per second: 4.93927e+06
INFO (CarpetX): Performance:
INFO (CarpetX):   total evolution time:            0.802513 sec
INFO (CarpetX):   total evolution compute time:    0.72904 sec
INFO (CarpetX):   total evolution output time:     0.073473 sec
INFO (CarpetX):   total iterations:                10
INFO (CarpetX):   total cells updated:             7.20896e+06
INFO (CarpetX):   average iterations per second: 12.4609
INFO (CarpetX):   average cell updates per second: 8.98299e+06
INFO (CarpetX): Shutting down...
AMReX (23.08) finalized
--------------------------------------------------------------------------------
Done.
+ echo Stopping:
Stopping:
+ date
Thu Feb 22 02:21:35 UTC 2024
+ echo Done.
Done.
  Elapsed time: 2.1 s
