/home/runner/simulations/TestJob01_temp_1/output-0000/TEST/sim/BoxInBox
Preparing:
+ set -e
+ cd output-0000-active
+ echo Checking:
Checking:
+ pwd
/home/runner/simulations/TestJob01_temp_1/output-0000/TEST/sim/BoxInBox/output-0000-active
+ hostname
pkrvm7jw40e0xgp
+ date
Wed Sep  3 22:17:59 UTC 2025
+ echo Environment:
Environment:
+ export CACTUS_NUM_PROCS=1
+ CACTUS_NUM_PROCS=1
+ export CACTUS_NUM_THREADS=2
+ CACTUS_NUM_THREADS=2
+ export GMON_OUT_PREFIX=gmon.out
+ GMON_OUT_PREFIX=gmon.out
+ export OMP_NUM_THREADS=2
+ OMP_NUM_THREADS=2
+ env
+ sort
+ echo Starting:
Starting:
++ date +%s
+ export CACTUS_STARTTIME=1756937879
+ CACTUS_STARTTIME=1756937879
+ '[' 1 = 1 ']'
+ '[' 0 -eq 0 ']'
+ /home/runner/simulations/TestJob01_temp_1/SIMFACTORY/exe/cactus_sim -L 3 /home/runner/simulations/TestJob01_temp_1/output-0000/arrangements/CarpetX/BoxInBox/test/levels3.par
INFO (Cactus): Increased logging level from 0 to 3
--------------------------------------------------------------------------------

       10                                  
  1   0101       ************************  
  01  1010 10      The Cactus Code V4.18.0    
 1010 1101 011      www.cactuscode.org     
  1001 100101    ************************  
    00010101                               
     100011     (c) Copyright The Authors  
      0100      GNU Licensed. No Warranty  
      0101                                 
--------------------------------------------------------------------------------

Cactus version:    4.18.0
Compile date:      Sep 03 2025 (22:15:57)
Run date:          Sep 03 2025 (22:17:59+0000)
Run host:          pkrvm7jw40e0xgp (pid=129047)
Working directory: /home/runner/simulations/TestJob01_temp_1/output-0000/TEST/sim/BoxInBox
Executable:        /home/runner/simulations/TestJob01_temp_1/SIMFACTORY/exe/cactus_sim
Parameter file:    /home/runner/simulations/TestJob01_temp_1/output-0000/arrangements/CarpetX/BoxInBox/test/levels3.par
--------------------------------------------------------------------------------

Activating thorn Cactus...Success -> active implementation Cactus
Activation requested for 
--->BoxInBox CarpetX CarpetXRegrid CoordinatesX IOUtil<---
Thorn BoxInBox requests automatic activation of Loop
Thorn CarpetX requests automatic activation of AMReX
Thorn CarpetX requests automatic activation of MPI
Thorn CarpetX requests automatic activation of yaml_cpp
Thorn CarpetX requests automatic activation of zlib
Thorn CarpetX requests automatic activation of Arith
Thorn CarpetX requests automatic activation of ADIOS2
Thorn CarpetX requests automatic activation of openPMD
Thorn CarpetX requests automatic activation of Silo
Thorn ADIOS2 requests automatic activation of CMake
Thorn Arith requests automatic activation of NSIMD
Thorn MPI requests automatic activation of hwloc
Thorn openPMD requests automatic activation of HDF5
Activating thorn ADIOS2...Success -> active implementation ADIOS2
Activating thorn AMReX...Success -> active implementation AMReX
Activating thorn Arith...Success -> active implementation Arith
Activating thorn BoxInBox...Success -> active implementation BoxInBox
Activating thorn CarpetX...Success -> active implementation Driver
Activating thorn CarpetXRegrid...Success -> active implementation CarpetXRegrid
Activating thorn CMake...Success -> active implementation CMake
Activating thorn CoordinatesX...Success -> active implementation CoordinatesX
Activating thorn HDF5...Success -> active implementation HDF5
Activating thorn hwloc...Success -> active implementation hwloc
Activating thorn IOUtil...Success -> active implementation IO
Activating thorn Loop...Success -> active implementation Loop
Activating thorn MPI...Success -> active implementation MPI
Activating thorn NSIMD...Success -> active implementation NSIMD
Activating thorn openPMD...Success -> active implementation openPMD
Activating thorn Silo...Success -> active implementation Silo
Activating thorn yaml_cpp...Success -> active implementation yaml_cpp
Activating thorn zlib...Success -> active implementation zlib
INFO (hwloc): library version 2.10.0, API version 0x20800
--------------------------------------------------------------------------------

  [34m  ▕▏  [34m  ▕▏  [34m  ▕▏  [34m  ▕▏  [34m  ▕▏  [34m  ▕▏  [34m  ▕▏  [34m  ▕▏  [34m  ▕▏  [39m  
  [34m──██──[34m──██──[34m──██──[34m──██──[34m──██──[34m──██──[34m──██──[34m──██──[34m──██──[39m  
  [34m  ▕▏  [34m  ▕▏  [34m  ▕▏  [34m  ▕▏  [34m  ▕▏  [34m  ▕▏  [34m  ▕▏  [34m  ▕▏  [34m  ▕▏  [39m  
  [34m  ▕▏  [32m██████[34m  ▕▏  [34m  ▕▏  [32m██████[34m  ▕▏  [34m  ▕▏  [32m██████[34m  ▕▏  [39m  
  [34m──██──[32m██████[34m──██──[34m──██──[32m██████[34m──██──[34m──██──[32m██████[34m──██──[39m  
  [34m  ▕▏  [32m██████[34m  ▕▏  [34m  ▕▏  [32m██████[34m  ▕▏  [34m  ▕▏  [32m██████[34m  ▕▏  [39m  
  [34m  ▕▏  [34m  ▕▏  [34m  ▕▏  [34m  ▕▏  [34m  ▕▏  [34m  ▕▏  [34m  ▕▏  [34m  ▕▏  [34m  ▕▏  [39m  
  [34m──██──[34m──██──[34m──██──[34m──██──[34m──██──[34m──██──[34m──██──[34m──██──[34m──██──[39m  
  [34m  ▕▏  [34m  ▕▏  [34m  ▕▏  [34m  ▕▏  [34m  ▕▏  [34m  ▕▏  [34m  ▕▏  [34m  ▕▏  [34m  ▕▏  [39m  
  [34m  ▕▏  [34m  ▕▏  [34m  ▕▏  [31m██████[31m██████[31m██████[34m  ▕▏  [34m  ▕▏  [34m  ▕▏  [39m  
  [34m──██──[34m──██──[34m──██──[31m██████[31m██████[31m██████[34m──██──[34m──██──[34m──██──[39m  
  [34m  ▕▏  [34m  ▕▏  [34m  ▕▏  [31m██████[31m██████[31m██████[34m  ▕▏  [34m  ▕▏  [34m  ▕▏  [39m  
  [34m  ▕▏  [32m██████[34m  ▕▏  [31m██████[31m██████[31m██████[34m  ▕▏  [32m██████[34m  ▕▏  [39m  
  [34m──██──[32m██████[34m──██──[31m██████[31m██████[31m██████[34m──██──[32m██████[34m──██──[39m  
  [34m  ▕▏  [32m██████[34m  ▕▏  [31m██████[31m██████[31m██████[34m  ▕▏  [32m██████[34m  ▕▏  [39m  
  [34m  ▕▏  [34m  ▕▏  [34m  ▕▏  [31m██████[31m██████[31m██████[34m  ▕▏  [34m  ▕▏  [34m  ▕▏  [39m  
  [34m──██──[34m──██──[34m──██──[31m██████[31m██████[31m██████[34m──██──[34m──██──[34m──██──[39m  
  [34m  ▕▏  [34m  ▕▏  [34m  ▕▏  [31m██████[31m██████[31m██████[34m  ▕▏  [34m  ▕▏  [34m  ▕▏  [39m  
  [34m  ▕▏  [34m  ▕▏  [34m  ▕▏  [34m  ▕▏  [34m  ▕▏  [34m  ▕▏  [34m  ▕▏  [34m  ▕▏  [34m  ▕▏  [39m  
  [34m──██──[34m──██──[34m──██──[34m──██──[34m──██──[34m──██──[34m──██──[34m──██──[34m──██──[39m  
  [34m  ▕▏  [34m  ▕▏  [34m  ▕▏  [34m  ▕▏  [34m  ▕▏  [34m  ▕▏  [34m  ▕▏  [34m  ▕▏  [34m  ▕▏  [39m  
  [34m  ▕▏  [32m██████[34m  ▕▏  [34m  ▕▏  [32m██████[34m  ▕▏  [34m  ▕▏  [32m██████[34m  ▕▏  [39m  
  [34m──██──[32m██████[34m──██──[34m──██──[32m██████[34m──██──[34m──██──[32m██████[34m──██──[39m  
  [34m  ▕▏  [32m██████[34m  ▕▏  [34m  ▕▏  [32m██████[34m  ▕▏  [34m  ▕▏  [32m██████[34m  ▕▏  [39m  
  [34m  ▕▏  [34m  ▕▏  [34m  ▕▏  [34m  ▕▏  [34m  ▕▏  [34m  ▕▏  [34m  ▕▏  [34m  ▕▏  [34m  ▕▏  [39m  
  [34m──██──[34m──██──[34m──██──[34m──██──[34m──██──[34m──██──[34m──██──[34m──██──[34m──██──[39m  
  [34m  ▕▏  [34m  ▕▏  [34m  ▕▏  [34m  ▕▏  [34m  ▕▏  [34m  ▕▏  [34m  ▕▏  [34m  ▕▏  [34m  ▕▏  [39m  

AMR driver provided by CarpetX,
using AMReX 24.10 (MPI, OpenMP, no accelerators, debug)
--------------------------------------------------------------------------------

Initializing AMReX (24.10)...
MPI initialized with 1 MPI processes
MPI initialized with thread support level 2
OMP initialized with 2 OMP threads
AMReX (24.10) initialized
INFO (CarpetX): 
Symmetries:
  lower x: none
  lower y: none
  lower z: none
  upper x: none
  upper y: none
  upper z: none
Default boundaries:
  lower x: dirichlet
  lower y: dirichlet
  lower z: dirichlet
  upper x: dirichlet
  upper y: dirichlet
  upper z: dirichlet
INFO (Arith): Test_smallvector
INFO (Arith): Test_spvect
INFO (CarpetX): Setting initial values for max_grid_size values for all levels
INFO (CarpetX): Setting up initial conditions...
INFO (CarpetX): Iteration: 0   time: 0   delta_time: 0.03125
INFO (CarpetX): Patch 0:
INFO (CarpetX):   Grid extent:
INFO (CarpetX):     gsh=[35,35,35]
INFO (CarpetX):     blocking_factor=[8,8,8]
INFO (CarpetX):     max_grid_size=[32,32,32]
INFO (CarpetX):     max_tile_size=[1024000,16,32]
INFO (CarpetX):   Domain extent:
INFO (CarpetX):     xmin=[-1,-1,-1]
INFO (CarpetX):     xmax=[1,1,1]
INFO (CarpetX):     base dx=[0.0625,0.0625,0.0625]
INFO (CarpetX): Initializing level 0...
INFO (CarpetX): Regridding...
INFO (CarpetX):   level 0: 1 boxes, 32768 cells (100%)
INFO (CarpetX):   level 1: 1 boxes, 32768 cells (12.5%, 12%)
INFO (CarpetX): Iteration: 0   time: 0   delta_time: 0.015625
INFO (CarpetX): Initializing level 1...
INFO (CarpetX): Regridding...
INFO (CarpetX):   level 0: 1 boxes, 32768 cells (100%)
INFO (CarpetX):   level 1: 1 boxes, 32768 cells (12.5%, 12%)
INFO (CarpetX):   level 2: 1 boxes, 32768 cells (1.562%, 12%)
INFO (CarpetX): Iteration: 0   time: 0   delta_time: 0.0078125
INFO (CarpetX): Initializing level 2...
INFO (CarpetX): Regridding...
INFO (CarpetX):   level 0: 1 boxes, 32768 cells (100%)
INFO (CarpetX):   level 1: 1 boxes, 32768 cells (12.5%, 12%)
INFO (CarpetX):   level 2: 1 boxes, 32768 cells (1.562%, 12%)
INFO (CarpetX): Initialized 3 levels
INFO (CarpetX): OutputGH: iteration 0, time 0.000000, run time 1 s
INFO (CarpetX): OutputGH done.
INFO (CarpetX): Starting evolution...
INFO (CarpetX): Regridding...
INFO (CarpetX): Setting max_grid_size values for all levels before regridding
INFO (CarpetX):   old levels 3, new levels 3
INFO (CarpetX):   level 0: 1 boxes, 32768 cells (100%)
INFO (CarpetX):   level 1: 1 boxes, 32768 cells (12.5%, 12%)
INFO (CarpetX):   level 2: 1 boxes, 32768 cells (1.562%, 12%)
INFO (CarpetX): OutputGH: iteration 1, time 0.007812, run time 1 s
INFO (CarpetX): OutputGH done.
INFO (CarpetX): Simulation time: 0.0078125   Iterations per second: 13.6517   Simulation time per second: 0.106654
INFO (CarpetX): Grid cells: 98304   Grid cell updates per second: 1.34202e+06
INFO (CarpetX): Performance:
INFO (CarpetX):   total evolution time:            0.0732508 sec
INFO (CarpetX):   total evolution compute time:    0.073246 sec
INFO (CarpetX):   total evolution output time:     4.76837e-06 sec
INFO (CarpetX):   total iterations:                1
INFO (CarpetX):   total cells updated:             98304
INFO (CarpetX):   average iterations per second: 13.6517
INFO (CarpetX):   average cell updates per second: 1.34202e+06
INFO (CarpetX): Regridding...
INFO (CarpetX): Setting max_grid_size values for all levels before regridding
INFO (CarpetX):   old levels 3, new levels 3
INFO (CarpetX):   level 0: 1 boxes, 32768 cells (100%)
INFO (CarpetX):   level 1: 1 boxes, 32768 cells (12.5%, 12%)
INFO (CarpetX):   level 2: 1 boxes, 32768 cells (1.562%, 12%)
INFO (CarpetX): OutputGH: iteration 2, time 0.015625, run time 1 s
INFO (CarpetX): OutputGH done.
INFO (CarpetX): Simulation time: 0.015625   Iterations per second: 13.6731   Simulation time per second: 0.106821
INFO (CarpetX): Grid cells: 98304   Grid cell updates per second: 1.34412e+06
INFO (CarpetX): Performance:
INFO (CarpetX):   total evolution time:            0.146387 sec
INFO (CarpetX):   total evolution compute time:    0.146378 sec
INFO (CarpetX):   total evolution output time:     8.82149e-06 sec
INFO (CarpetX):   total iterations:                2
INFO (CarpetX):   total cells updated:             196608
INFO (CarpetX):   average iterations per second: 13.6624
INFO (CarpetX):   average cell updates per second: 1.34307e+06
INFO (CarpetX): Regridding...
INFO (CarpetX): Setting max_grid_size values for all levels before regridding
INFO (CarpetX):   old levels 3, new levels 3
INFO (CarpetX):   level 0: 1 boxes, 32768 cells (100%)
INFO (CarpetX):   level 1: 1 boxes, 32768 cells (12.5%, 12%)
INFO (CarpetX):   level 2: 1 boxes, 32768 cells (1.562%, 12%)
INFO (CarpetX): OutputGH: iteration 3, time 0.023438, run time 1 s
INFO (CarpetX): OutputGH done.
INFO (CarpetX): Simulation time: 0.0234375   Iterations per second: 13.6846   Simulation time per second: 0.106911
INFO (CarpetX): Grid cells: 98304   Grid cell updates per second: 1.34525e+06
INFO (CarpetX): Performance:
INFO (CarpetX):   total evolution time:            0.219462 sec
INFO (CarpetX):   total evolution compute time:    0.219449 sec
INFO (CarpetX):   total evolution output time:     1.28746e-05 sec
INFO (CarpetX):   total iterations:                3
INFO (CarpetX):   total cells updated:             294912
INFO (CarpetX):   average iterations per second: 13.6698
INFO (CarpetX):   average cell updates per second: 1.3438e+06
INFO (CarpetX): Regridding...
INFO (CarpetX): Setting max_grid_size values for all levels before regridding
INFO (CarpetX):   old levels 3, new levels 3
INFO (CarpetX):   level 0: 1 boxes, 32768 cells (100%)
INFO (CarpetX):   level 1: 1 boxes, 32768 cells (12.5%, 12%)
INFO (CarpetX):   level 2: 1 boxes, 32768 cells (1.562%, 12%)
INFO (CarpetX): OutputGH: iteration 4, time 0.031250, run time 1 s
INFO (CarpetX): OutputGH done.
INFO (CarpetX): Simulation time: 0.03125   Iterations per second: 13.6536   Simulation time per second: 0.106668
INFO (CarpetX): Grid cells: 98304   Grid cell updates per second: 1.3422e+06
INFO (CarpetX): Performance:
INFO (CarpetX):   total evolution time:            0.292703 sec
INFO (CarpetX):   total evolution compute time:    0.292685 sec
INFO (CarpetX):   total evolution output time:     1.78814e-05 sec
INFO (CarpetX):   total iterations:                4
INFO (CarpetX):   total cells updated:             393216
INFO (CarpetX):   average iterations per second: 13.6657
INFO (CarpetX):   average cell updates per second: 1.3434e+06
INFO (CarpetX): Regridding...
INFO (CarpetX): Setting max_grid_size values for all levels before regridding
INFO (CarpetX):   old levels 3, new levels 3
INFO (CarpetX):   level 0: 1 boxes, 32768 cells (100%)
INFO (CarpetX):   level 1: 1 boxes, 32768 cells (12.5%, 12%)
INFO (CarpetX):   level 2: 1 boxes, 32768 cells (1.562%, 12%)
INFO (CarpetX): OutputGH: iteration 5, time 0.039062, run time 1 s
INFO (CarpetX): OutputGH done.
INFO (CarpetX): Simulation time: 0.0390625   Iterations per second: 13.664   Simulation time per second: 0.10675
INFO (CarpetX): Grid cells: 98304   Grid cell updates per second: 1.34323e+06
INFO (CarpetX): Performance:
INFO (CarpetX):   total evolution time:            0.365888 sec
INFO (CarpetX):   total evolution compute time:    0.365865 sec
INFO (CarpetX):   total evolution output time:     2.28882e-05 sec
INFO (CarpetX):   total iterations:                5
INFO (CarpetX):   total cells updated:             491520
INFO (CarpetX):   average iterations per second: 13.6654
INFO (CarpetX):   average cell updates per second: 1.34336e+06
INFO (CarpetX): Regridding...
INFO (CarpetX): Setting max_grid_size values for all levels before regridding
INFO (CarpetX):   old levels 3, new levels 3
INFO (CarpetX):   level 0: 1 boxes, 32768 cells (100%)
INFO (CarpetX):   level 1: 1 boxes, 32768 cells (12.5%, 12%)
INFO (CarpetX):   level 2: 1 boxes, 32768 cells (1.562%, 12%)
INFO (CarpetX): OutputGH: iteration 6, time 0.046875, run time 1 s
INFO (CarpetX): OutputGH done.
INFO (CarpetX): Simulation time: 0.046875   Iterations per second: 13.5135   Simulation time per second: 0.105574
INFO (CarpetX): Grid cells: 98304   Grid cell updates per second: 1.32843e+06
INFO (CarpetX): Performance:
INFO (CarpetX):   total evolution time:            0.439888 sec
INFO (CarpetX):   total evolution compute time:    0.439861 sec
INFO (CarpetX):   total evolution output time:     2.69413e-05 sec
INFO (CarpetX):   total iterations:                6
INFO (CarpetX):   total cells updated:             589824
INFO (CarpetX):   average iterations per second: 13.6398
INFO (CarpetX):   average cell updates per second: 1.34085e+06
INFO (CarpetX): Regridding...
INFO (CarpetX): Setting max_grid_size values for all levels before regridding
INFO (CarpetX):   old levels 3, new levels 3
INFO (CarpetX):   level 0: 1 boxes, 32768 cells (100%)
INFO (CarpetX):   level 1: 1 boxes, 32768 cells (12.5%, 12%)
INFO (CarpetX):   level 2: 1 boxes, 32768 cells (1.562%, 12%)
INFO (CarpetX): OutputGH: iteration 7, time 0.054688, run time 1 s
INFO (CarpetX): OutputGH done.
INFO (CarpetX): Simulation time: 0.0546875   Iterations per second: 13.6737   Simulation time per second: 0.106826
INFO (CarpetX): Grid cells: 98304   Grid cell updates per second: 1.34418e+06
INFO (CarpetX): Performance:
INFO (CarpetX):   total evolution time:            0.513021 sec
INFO (CarpetX):   total evolution compute time:    0.51299 sec
INFO (CarpetX):   total evolution output time:     3.09944e-05 sec
INFO (CarpetX):   total iterations:                7
INFO (CarpetX):   total cells updated:             688128
INFO (CarpetX):   average iterations per second: 13.6447
INFO (CarpetX):   average cell updates per second: 1.34133e+06
INFO (CarpetX): Regridding...
INFO (CarpetX): Setting max_grid_size values for all levels before regridding
INFO (CarpetX):   old levels 3, new levels 3
INFO (CarpetX):   level 0: 1 boxes, 32768 cells (100%)
INFO (CarpetX):   level 1: 1 boxes, 32768 cells (12.5%, 12%)
INFO (CarpetX):   level 2: 1 boxes, 32768 cells (1.562%, 12%)
INFO (CarpetX): OutputGH: iteration 8, time 0.062500, run time 1 s
INFO (CarpetX): OutputGH done.
INFO (CarpetX): Simulation time: 0.0625   Iterations per second: 13.6834   Simulation time per second: 0.106902
INFO (CarpetX): Grid cells: 98304   Grid cell updates per second: 1.34514e+06
INFO (CarpetX): Performance:
INFO (CarpetX):   total evolution time:            0.586102 sec
INFO (CarpetX):   total evolution compute time:    0.586068 sec
INFO (CarpetX):   total evolution output time:     3.38554e-05 sec
INFO (CarpetX):   total iterations:                8
INFO (CarpetX):   total cells updated:             786432
INFO (CarpetX):   average iterations per second: 13.6495
INFO (CarpetX):   average cell updates per second: 1.3418e+06
INFO (CarpetX): Regridding...
INFO (CarpetX): Setting max_grid_size values for all levels before regridding
INFO (CarpetX):   old levels 3, new levels 3
INFO (CarpetX):   level 0: 1 boxes, 32768 cells (100%)
INFO (CarpetX):   level 1: 1 boxes, 32768 cells (12.5%, 12%)
INFO (CarpetX):   level 2: 1 boxes, 32768 cells (1.562%, 12%)
INFO (CarpetX): OutputGH: iteration 9, time 0.070312, run time 1 s
INFO (CarpetX): OutputGH done.
INFO (CarpetX): Simulation time: 0.0703125   Iterations per second: 13.6758   Simulation time per second: 0.106842
INFO (CarpetX): Grid cells: 98304   Grid cell updates per second: 1.34438e+06
INFO (CarpetX): Performance:
INFO (CarpetX):   total evolution time:            0.659224 sec
INFO (CarpetX):   total evolution compute time:    0.659186 sec
INFO (CarpetX):   total evolution output time:     3.79086e-05 sec
INFO (CarpetX):   total iterations:                9
INFO (CarpetX):   total cells updated:             884736
INFO (CarpetX):   average iterations per second: 13.6524
INFO (CarpetX):   average cell updates per second: 1.34209e+06
INFO (CarpetX): Regridding...
INFO (CarpetX): Setting max_grid_size values for all levels before regridding
INFO (CarpetX):   old levels 3, new levels 3
INFO (CarpetX):   level 0: 1 boxes, 32768 cells (100%)
INFO (CarpetX):   level 1: 1 boxes, 32768 cells (12.5%, 12%)
INFO (CarpetX):   level 2: 1 boxes, 32768 cells (1.562%, 12%)
INFO (CarpetX): OutputGH: iteration 10, time 0.078125, run time 1 s
INFO (CarpetX): OutputGH done.
INFO (CarpetX): Simulation time: 0.078125   Iterations per second: 12.1086   Simulation time per second: 0.0945983
INFO (CarpetX): Grid cells: 98304   Grid cell updates per second: 1.19032e+06
INFO (CarpetX): Performance:
INFO (CarpetX):   total evolution time:            0.74181 sec
INFO (CarpetX):   total evolution compute time:    0.73226 sec
INFO (CarpetX):   total evolution output time:     0.00955009 sec
INFO (CarpetX):   total iterations:                10
INFO (CarpetX):   total cells updated:             983040
INFO (CarpetX):   average iterations per second: 13.4805
INFO (CarpetX):   average cell updates per second: 1.32519e+06
INFO (CarpetX): Shutting down...
AMReX (24.10) finalized
--------------------------------------------------------------------------------
Done.
+ echo Stopping:
Stopping:
+ date
Wed Sep  3 22:18:00 UTC 2025
+ echo Done.
Done.
  Elapsed time: 1.6 s
