/home/runner/simulations/TestJob01_temp_1/output-0000/TEST/sim/SIMDWaveToyX
Preparing:
+ set -e
+ cd output-0000-active
+ echo Checking:
Checking:
+ pwd
/home/runner/simulations/TestJob01_temp_1/output-0000/TEST/sim/SIMDWaveToyX/output-0000-active
+ hostname
fv-az1247-944
+ date
Tue Sep 24 20:18:02 UTC 2024
+ echo Environment:
Environment:
+ export CACTUS_NUM_PROCS=1
+ CACTUS_NUM_PROCS=1
+ export CACTUS_NUM_THREADS=2
+ CACTUS_NUM_THREADS=2
+ export GMON_OUT_PREFIX=gmon.out
+ GMON_OUT_PREFIX=gmon.out
+ export OMP_NUM_THREADS=2
+ OMP_NUM_THREADS=2
+ env
+ sort
+ echo Starting:
Starting:
++ date +%s
+ export CACTUS_STARTTIME=1727209082
+ CACTUS_STARTTIME=1727209082
+ '[' 1 = 1 ']'
+ '[' 0 -eq 0 ']'
+ /home/runner/simulations/TestJob01_temp_1/SIMFACTORY/exe/cactus_sim -L 3 /home/runner/simulations/TestJob01_temp_1/output-0000/arrangements/CarpetX/SIMDWaveToyX/test/standing.par
INFO (Cactus): Increased logging level from 0 to 3
--------------------------------------------------------------------------------

       10                                  
  1   0101       ************************  
  01  1010 10      The Cactus Code V4.16.0    
 1010 1101 011      www.cactuscode.org     
  1001 100101    ************************  
    00010101                               
     100011     (c) Copyright The Authors  
      0100      GNU Licensed. No Warranty  
      0101                                 
--------------------------------------------------------------------------------

Cactus version:    4.16.0
Compile date:      Sep 24 2024 (20:09:27)
Run date:          Sep 24 2024 (20:18:02+0000)
Run host:          fv-az1247-944.grvplcbrxqwulonopmolb0o12f.dx.internal.cloudapp.net (pid=131539)
Working directory: /home/runner/simulations/TestJob01_temp_1/output-0000/TEST/sim/SIMDWaveToyX
Executable:        /home/runner/simulations/TestJob01_temp_1/SIMFACTORY/exe/cactus_sim
Parameter file:    /home/runner/simulations/TestJob01_temp_1/output-0000/arrangements/CarpetX/SIMDWaveToyX/test/standing.par
--------------------------------------------------------------------------------

Activating thorn Cactus...Success -> active implementation Cactus
Activation requested for 
--->CarpetX IOUtil ODESolvers SIMDWaveToyX<---
Thorn CarpetX requests automatic activation of AMReX
Thorn CarpetX requests automatic activation of MPI
Thorn CarpetX requests automatic activation of yaml_cpp
Thorn CarpetX requests automatic activation of zlib
Thorn CarpetX requests automatic activation of Arith
Thorn CarpetX requests automatic activation of Loop
Thorn CarpetX requests automatic activation of ADIOS2
Thorn CarpetX requests automatic activation of openPMD
Thorn CarpetX requests automatic activation of Silo
Thorn Arith requests automatic activation of NSIMD
Thorn MPI requests automatic activation of hwloc
Thorn openPMD requests automatic activation of HDF5
Activating thorn ADIOS2...Success -> active implementation ADIOS2
Activating thorn AMReX...Success -> active implementation AMReX
Activating thorn Arith...Success -> active implementation Arith
Activating thorn CarpetX...Success -> active implementation CarpetX
Activating thorn HDF5...Success -> active implementation HDF5
Activating thorn hwloc...Success -> active implementation hwloc
Activating thorn IOUtil...Success -> active implementation IO
Activating thorn Loop...Success -> active implementation Loop
Activating thorn MPI...Success -> active implementation MPI
Activating thorn NSIMD...Success -> active implementation NSIMD
Activating thorn ODESolvers...Success -> active implementation ODESolvers
Activating thorn openPMD...Success -> active implementation openPMD
Activating thorn Silo...Success -> active implementation Silo
Activating thorn SIMDWaveToyX...Success -> active implementation SIMDWaveToyX
Activating thorn yaml_cpp...Success -> active implementation yaml_cpp
Activating thorn zlib...Success -> active implementation zlib
INFO (hwloc): library version 2.7.0, API version 0x20500
--------------------------------------------------------------------------------

  [34m  ▕▏  [34m  ▕▏  [34m  ▕▏  [34m  ▕▏  [34m  ▕▏  [34m  ▕▏  [34m  ▕▏  [34m  ▕▏  [34m  ▕▏  [39m  
  [34m──██──[34m──██──[34m──██──[34m──██──[34m──██──[34m──██──[34m──██──[34m──██──[34m──██──[39m  
  [34m  ▕▏  [34m  ▕▏  [34m  ▕▏  [34m  ▕▏  [34m  ▕▏  [34m  ▕▏  [34m  ▕▏  [34m  ▕▏  [34m  ▕▏  [39m  
  [34m  ▕▏  [32m██████[34m  ▕▏  [34m  ▕▏  [32m██████[34m  ▕▏  [34m  ▕▏  [32m██████[34m  ▕▏  [39m  
  [34m──██──[32m██████[34m──██──[34m──██──[32m██████[34m──██──[34m──██──[32m██████[34m──██──[39m  
  [34m  ▕▏  [32m██████[34m  ▕▏  [34m  ▕▏  [32m██████[34m  ▕▏  [34m  ▕▏  [32m██████[34m  ▕▏  [39m  
  [34m  ▕▏  [34m  ▕▏  [34m  ▕▏  [34m  ▕▏  [34m  ▕▏  [34m  ▕▏  [34m  ▕▏  [34m  ▕▏  [34m  ▕▏  [39m  
  [34m──██──[34m──██──[34m──██──[34m──██──[34m──██──[34m──██──[34m──██──[34m──██──[34m──██──[39m  
  [34m  ▕▏  [34m  ▕▏  [34m  ▕▏  [34m  ▕▏  [34m  ▕▏  [34m  ▕▏  [34m  ▕▏  [34m  ▕▏  [34m  ▕▏  [39m  
  [34m  ▕▏  [34m  ▕▏  [34m  ▕▏  [31m██████[31m██████[31m██████[34m  ▕▏  [34m  ▕▏  [34m  ▕▏  [39m  
  [34m──██──[34m──██──[34m──██──[31m██████[31m██████[31m██████[34m──██──[34m──██──[34m──██──[39m  
  [34m  ▕▏  [34m  ▕▏  [34m  ▕▏  [31m██████[31m██████[31m██████[34m  ▕▏  [34m  ▕▏  [34m  ▕▏  [39m  
  [34m  ▕▏  [32m██████[34m  ▕▏  [31m██████[31m██████[31m██████[34m  ▕▏  [32m██████[34m  ▕▏  [39m  
  [34m──██──[32m██████[34m──██──[31m██████[31m██████[31m██████[34m──██──[32m██████[34m──██──[39m  
  [34m  ▕▏  [32m██████[34m  ▕▏  [31m██████[31m██████[31m██████[34m  ▕▏  [32m██████[34m  ▕▏  [39m  
  [34m  ▕▏  [34m  ▕▏  [34m  ▕▏  [31m██████[31m██████[31m██████[34m  ▕▏  [34m  ▕▏  [34m  ▕▏  [39m  
  [34m──██──[34m──██──[34m──██──[31m██████[31m██████[31m██████[34m──██──[34m──██──[34m──██──[39m  
  [34m  ▕▏  [34m  ▕▏  [34m  ▕▏  [31m██████[31m██████[31m██████[34m  ▕▏  [34m  ▕▏  [34m  ▕▏  [39m  
  [34m  ▕▏  [34m  ▕▏  [34m  ▕▏  [34m  ▕▏  [34m  ▕▏  [34m  ▕▏  [34m  ▕▏  [34m  ▕▏  [34m  ▕▏  [39m  
  [34m──██──[34m──██──[34m──██──[34m──██──[34m──██──[34m──██──[34m──██──[34m──██──[34m──██──[39m  
  [34m  ▕▏  [34m  ▕▏  [34m  ▕▏  [34m  ▕▏  [34m  ▕▏  [34m  ▕▏  [34m  ▕▏  [34m  ▕▏  [34m  ▕▏  [39m  
  [34m  ▕▏  [32m██████[34m  ▕▏  [34m  ▕▏  [32m██████[34m  ▕▏  [34m  ▕▏  [32m██████[34m  ▕▏  [39m  
  [34m──██──[32m██████[34m──██──[34m──██──[32m██████[34m──██──[34m──██──[32m██████[34m──██──[39m  
  [34m  ▕▏  [32m██████[34m  ▕▏  [34m  ▕▏  [32m██████[34m  ▕▏  [34m  ▕▏  [32m██████[34m  ▕▏  [39m  
  [34m  ▕▏  [34m  ▕▏  [34m  ▕▏  [34m  ▕▏  [34m  ▕▏  [34m  ▕▏  [34m  ▕▏  [34m  ▕▏  [34m  ▕▏  [39m  
  [34m──██──[34m──██──[34m──██──[34m──██──[34m──██──[34m──██──[34m──██──[34m──██──[34m──██──[39m  
  [34m  ▕▏  [34m  ▕▏  [34m  ▕▏  [34m  ▕▏  [34m  ▕▏  [34m  ▕▏  [34m  ▕▏  [34m  ▕▏  [34m  ▕▏  [39m  

AMR driver provided by CarpetX,
using AMReX 24.05 (MPI, OpenMP, no accelerators, debug)
--------------------------------------------------------------------------------

Initializing AMReX (24.05)...
MPI initialized with 1 MPI processes
MPI initialized with thread support level 2
OMP initialized with 2 OMP threads
AMReX (24.05) initialized
INFO (CarpetX): 
Symmetries:
  lower x: periodic
  lower y: periodic
  lower z: periodic
  upper x: periodic
  upper y: periodic
  upper z: periodic
Default boundaries:
  lower x: symmetry_boundary
  lower y: symmetry_boundary
  lower z: symmetry_boundary
  upper x: symmetry_boundary
  upper y: symmetry_boundary
  upper z: symmetry_boundary
INFO (Arith): Test_smallvector
INFO (Arith): Test_spvect
INFO (CarpetX): Setting initial values for max_grid_size values for all levels
INFO (CarpetX): Setting up initial conditions...
INFO (CarpetX): Iteration: 0   time: 0   delta_time: 0.125
INFO (CarpetX): Patch 0:
INFO (CarpetX):   Grid extent:
INFO (CarpetX):     gsh=[11,11,11]
INFO (CarpetX):     blocking_factor=[8,8,8]
INFO (CarpetX):     max_grid_size=[32,32,32]
INFO (CarpetX):     max_tile_size=[1024000,16,32]
INFO (CarpetX):   Domain extent:
INFO (CarpetX):     xmin=[-1,-1,-1]
INFO (CarpetX):     xmax=[1,1,1]
INFO (CarpetX):     base dx=[0.25,0.25,0.25]
INFO (CarpetX): Initializing level 0...
INFO (CarpetX): Regridding...
INFO (CarpetX):   level 0: 1 boxes, 512 cells (100%)
INFO (CarpetX): Initialized 1 levels
INFO (CarpetX): OutputGH: iteration 0, time 0.000000, run time 0 s
INFO (CarpetX): OutputADIOS2...
INFO (CarpetX): OutputGH done.
INFO (CarpetX): Starting evolution...
INFO (ODESolvers): Integrator is RK3
INFO (CarpetX): OutputGH: iteration 1, time 0.125000, run time 0 s
INFO (CarpetX): OutputGH done.
INFO (CarpetX): Simulation time: 0.125   Iterations per second: 290.625   Simulation time per second: 36.3282
INFO (CarpetX): Grid cells: 512   Grid cell updates per second: 148800
INFO (CarpetX): Performance:
INFO (CarpetX):   total evolution time:            0.00344086 sec
INFO (CarpetX):   total evolution compute time:    0.00343704 sec
INFO (CarpetX):   total evolution output time:     3.8147e-06 sec
INFO (CarpetX):   total iterations:                1
INFO (CarpetX):   total cells updated:             512
INFO (CarpetX):   average iterations per second: 290.625
INFO (CarpetX):   average cell updates per second: 148800
INFO (CarpetX): OutputGH: iteration 2, time 0.250000, run time 0 s
INFO (CarpetX): OutputGH done.
INFO (CarpetX): Simulation time: 0.25   Iterations per second: 296.124   Simulation time per second: 37.0155
INFO (CarpetX): Grid cells: 512   Grid cell updates per second: 151616
INFO (CarpetX): Performance:
INFO (CarpetX):   total evolution time:            0.00681782 sec
INFO (CarpetX):   total evolution compute time:    0.00681019 sec
INFO (CarpetX):   total evolution output time:     7.62939e-06 sec
INFO (CarpetX):   total iterations:                2
INFO (CarpetX):   total cells updated:             1024
INFO (CarpetX):   average iterations per second: 293.349
INFO (CarpetX):   average cell updates per second: 150195
INFO (CarpetX): OutputGH: iteration 3, time 0.375000, run time 0 s
INFO (CarpetX): OutputGH done.
INFO (CarpetX): Simulation time: 0.375   Iterations per second: 298.867   Simulation time per second: 37.3584
INFO (CarpetX): Grid cells: 512   Grid cell updates per second: 153020
INFO (CarpetX): Performance:
INFO (CarpetX):   total evolution time:            0.0101638 sec
INFO (CarpetX):   total evolution compute time:    0.0101521 sec
INFO (CarpetX):   total evolution output time:     1.16825e-05 sec
INFO (CarpetX):   total iterations:                3
INFO (CarpetX):   total cells updated:             1536
INFO (CarpetX):   average iterations per second: 295.166
INFO (CarpetX):   average cell updates per second: 151125
INFO (CarpetX): OutputGH: iteration 4, time 0.500000, run time 0 s
INFO (CarpetX): OutputGH done.
INFO (CarpetX): Simulation time: 0.5   Iterations per second: 293.595   Simulation time per second: 36.6994
INFO (CarpetX): Grid cells: 512   Grid cell updates per second: 150321
INFO (CarpetX): Performance:
INFO (CarpetX):   total evolution time:            0.0135698 sec
INFO (CarpetX):   total evolution compute time:    0.0135541 sec
INFO (CarpetX):   total evolution output time:     1.57356e-05 sec
INFO (CarpetX):   total iterations:                4
INFO (CarpetX):   total cells updated:             2048
INFO (CarpetX):   average iterations per second: 294.772
INFO (CarpetX):   average cell updates per second: 150923
INFO (CarpetX): OutputGH: iteration 5, time 0.625000, run time 0 s
INFO (CarpetX): OutputGH done.
INFO (CarpetX): Simulation time: 0.625   Iterations per second: 297.785   Simulation time per second: 37.2231
INFO (CarpetX): Grid cells: 512   Grid cell updates per second: 152466
INFO (CarpetX): Performance:
INFO (CarpetX):   total evolution time:            0.016928 sec
INFO (CarpetX):   total evolution compute time:    0.0169082 sec
INFO (CarpetX):   total evolution output time:     1.97887e-05 sec
INFO (CarpetX):   total iterations:                5
INFO (CarpetX):   total cells updated:             2560
INFO (CarpetX):   average iterations per second: 295.369
INFO (CarpetX):   average cell updates per second: 151229
INFO (CarpetX): OutputGH: iteration 6, time 0.750000, run time 0 s
INFO (CarpetX): OutputGH done.
INFO (CarpetX): Simulation time: 0.75   Iterations per second: 295.957   Simulation time per second: 36.9946
INFO (CarpetX): Grid cells: 512   Grid cell updates per second: 151530
INFO (CarpetX): Performance:
INFO (CarpetX):   total evolution time:            0.0203068 sec
INFO (CarpetX):   total evolution compute time:    0.0202832 sec
INFO (CarpetX):   total evolution output time:     2.36034e-05 sec
INFO (CarpetX):   total iterations:                6
INFO (CarpetX):   total cells updated:             3072
INFO (CarpetX):   average iterations per second: 295.467
INFO (CarpetX):   average cell updates per second: 151279
INFO (CarpetX): OutputGH: iteration 7, time 0.875000, run time 0 s
INFO (CarpetX): OutputGH done.
INFO (CarpetX): Simulation time: 0.875   Iterations per second: 297.068   Simulation time per second: 37.1335
INFO (CarpetX): Grid cells: 512   Grid cell updates per second: 152099
INFO (CarpetX): Performance:
INFO (CarpetX):   total evolution time:            0.0236731 sec
INFO (CarpetX):   total evolution compute time:    0.0236454 sec
INFO (CarpetX):   total evolution output time:     2.76566e-05 sec
INFO (CarpetX):   total iterations:                7
INFO (CarpetX):   total cells updated:             3584
INFO (CarpetX):   average iterations per second: 295.695
INFO (CarpetX):   average cell updates per second: 151396
INFO (CarpetX): OutputGH: iteration 8, time 1.000000, run time 0 s
INFO (CarpetX): OutputGH done.
INFO (CarpetX): Simulation time: 1   Iterations per second: 294.647   Simulation time per second: 36.8309
INFO (CarpetX): Grid cells: 512   Grid cell updates per second: 150859
INFO (CarpetX): Performance:
INFO (CarpetX):   total evolution time:            0.0270669 sec
INFO (CarpetX):   total evolution compute time:    0.0270355 sec
INFO (CarpetX):   total evolution output time:     3.14713e-05 sec
INFO (CarpetX):   total iterations:                8
INFO (CarpetX):   total cells updated:             4096
INFO (CarpetX):   average iterations per second: 295.563
INFO (CarpetX):   average cell updates per second: 151328
INFO (CarpetX): OutputGH: iteration 9, time 1.125000, run time 0 s
INFO (CarpetX): OutputGH done.
INFO (CarpetX): Simulation time: 1.125   Iterations per second: 296.48   Simulation time per second: 37.06
INFO (CarpetX): Grid cells: 512   Grid cell updates per second: 151798
INFO (CarpetX): Performance:
INFO (CarpetX):   total evolution time:            0.0304399 sec
INFO (CarpetX):   total evolution compute time:    0.0304034 sec
INFO (CarpetX):   total evolution output time:     3.6478e-05 sec
INFO (CarpetX):   total iterations:                9
INFO (CarpetX):   total cells updated:             4608
INFO (CarpetX):   average iterations per second: 295.665
INFO (CarpetX):   average cell updates per second: 151380
INFO (CarpetX): OutputGH: iteration 10, time 1.250000, run time 0 s
INFO (CarpetX): OutputADIOS2...
INFO (CarpetX): OutputGH done.
INFO (CarpetX): Simulation time: 1.25   Iterations per second: 229.787   Simulation time per second: 28.7234
INFO (CarpetX): Grid cells: 512   Grid cell updates per second: 117651
INFO (CarpetX): Performance:
INFO (CarpetX):   total evolution time:            0.0347917 sec
INFO (CarpetX):   total evolution compute time:    0.0337412 sec
INFO (CarpetX):   total evolution output time:     0.00105047 sec
INFO (CarpetX):   total iterations:                10
INFO (CarpetX):   total cells updated:             5120
INFO (CarpetX):   average iterations per second: 287.425
INFO (CarpetX):   average cell updates per second: 147162
INFO (CarpetX): Shutting down...
AMReX (24.05) finalized
--------------------------------------------------------------------------------
Done.
+ echo Stopping:
Stopping:
+ date
Tue Sep 24 20:18:02 UTC 2024
+ echo Done.
Done.
  Elapsed time: 0.7 s
