/home/runner/simulations/TestJob01_temp_2/output-0000/TEST/sim/WaveToy1DF77
Preparing:
+ set -e
+ cd output-0000-active
+ echo Checking:
Checking:
+ pwd
/home/runner/simulations/TestJob01_temp_2/output-0000/TEST/sim/WaveToy1DF77/output-0000-active
+ hostname
fv-az198-457
+ date
Fri Sep 16 15:18:17 UTC 2022
+ echo Environment:
Environment:
+ export CACTUS_NUM_PROCS=2
+ CACTUS_NUM_PROCS=2
+ export CACTUS_NUM_THREADS=1
+ CACTUS_NUM_THREADS=1
+ export GMON_OUT_PREFIX=gmon.out
+ GMON_OUT_PREFIX=gmon.out
+ export OMP_NUM_THREADS=1
+ OMP_NUM_THREADS=1
+ env
+ sort
+ echo Starting:
Starting:
++ date +%s
+ export CACTUS_STARTTIME=1663341497
+ CACTUS_STARTTIME=1663341497
+ '[' 2 = 1 ']'
+ mpirun -np 2 /home/runner/simulations/TestJob01_temp_2/SIMFACTORY/exe/cactus_sim -L 3 /home/runner/simulations/TestJob01_temp_2/output-0000/arrangements/CactusExamples/WaveToy1DF77/test/wavetoy1df77.par
INFO (Cactus): Increased logging level from 0 to 3
--------------------------------------------------------------------------------

       10                                  
  1   0101       ************************  
  01  1010 10      The Cactus Code V4.12.0    
 1010 1101 011      www.cactuscode.org     
  1001 100101    ************************  
    00010101                               
     100011     (c) Copyright The Authors  
      0100      GNU Licensed. No Warranty  
      0101                                 
--------------------------------------------------------------------------------

Cactus version:    4.12.0
Compile date:      Sep 16 2022 (14:41:26)
Run date:          Sep 16 2022 (15:18:17+0000)
Run host:          fv-az198-457.0ysmxxqiubsuhd4iogyozapjld.dx.internal.cloudapp.net (pid=111225)
Working directory: /home/runner/simulations/TestJob01_temp_2/output-0000/TEST/sim/WaveToy1DF77
Executable:        /home/runner/simulations/TestJob01_temp_2/SIMFACTORY/exe/cactus_sim
Parameter file:    /home/runner/simulations/TestJob01_temp_2/output-0000/arrangements/CactusExamples/WaveToy1DF77/test/wavetoy1df77.par
--------------------------------------------------------------------------------

Activating thorn Cactus...Success -> active implementation Cactus
Activation requested for 
--->CoordBase SymBase boundary ioutil iobasic ioascii pughslab pughreduce pugh time wavetoy1df77 localreduce<---
Thorn pugh requests automatic activation of MPI
Thorn pugh requests automatic activation of Vectors
Thorn MPI requests automatic activation of hwloc
Thorn hwloc requests automatic activation of zlib
Activating thorn boundary...Success -> active implementation boundary
Activating thorn CoordBase...Success -> active implementation CoordBase
Activating thorn hwloc...Success -> active implementation hwloc
Activating thorn ioascii...Success -> active implementation IOASCII
Activating thorn iobasic...Success -> active implementation IOBasic
Activating thorn ioutil...Success -> active implementation IO
Activating thorn localreduce...Success -> active implementation LocalReduce
Activating thorn MPI...Success -> active implementation MPI
Activating thorn pugh...Success -> active implementation Driver
Activating thorn pughreduce...Success -> active implementation Reduce
Activating thorn pughslab...Success -> active implementation Hyperslab
Activating thorn SymBase...Success -> active implementation SymBase
Activating thorn time...Success -> active implementation time
Activating thorn Vectors...Success -> active implementation Vectors
Activating thorn wavetoy1df77...Success -> active implementation wavetoy1d
Activating thorn zlib...Success -> active implementation zlib
--------------------------------------------------------------------------------
  if (recover initial data)
    Recover parameters
  endif

  Startup routines
    [CCTK_STARTUP]
      CoordBase::CoordBase_Startup: Register a GH extension to store the coordinate system handles
      PUGH::Driver_Startup: Startup routine
      IOUtil::IOUtil_Startup: Startup routine
      IOASCII::IOASCII_Startup: Startup routine
      LocalReduce::LocalReduce_Startup: Startup routine
      IOBasic::IOBasic_Startup: Startup routine
      PUGH::PUGH_RegisterPUGHP2LRoutines: Register Physical to Logical process mapping routines
      PUGH::PUGH_RegisterPUGHTopologyRoutines: Register topology generation routines routines
      PUGHReduce::PUGHReduce_Startup: Startup routine
      SymBase::SymBase_Startup: Register GH Extension for SymBase
      Vectors::Vectors_Startup: Print startup message
      WaveToy1DF77::WaveToy1DF77_Startup: Register WaveToy1DF77 banner
      GROUP hwloc_startup: hwloc startup group
        hwloc::hwloc_version: Output hwloc version

  Startup routines which need an existing grid hierarchy
    [CCTK_WRAGH]
      Boundary::Boundary_RegisterBCs: [global] Register boundary conditions that this thorn provides
      GROUP SymBase_Wrapper: Wrapper group for SymBase
        GROUP SymmetryRegister: Register your symmetries here
        SymBase::SymBase_Statistics: Print symmetry boundary face descriptions
      WaveToy1DF77::WaveToy1DF77_RegisterCoords: Register WaveToy1DF77 coordinates
  Parameter checking routines
    [CCTK_PARAMCHECK]
      Boundary::Boundary_Check: Check dimension of grid variables
      Vectors::Vectors_Test: Run correctness tests.

  Initialisation
    if (NOT (recover initial data AND recovery_mode is 'strict'))
      [CCTK_PREREGRIDINITIAL]
      Set up grid hierarchy
      [CCTK_POSTREGRIDINITIAL]
      [CCTK_BASEGRID]
        WaveToy1DF77::SpatialCoordinates: Set up 1D coordinates
        IOASCII::IOASCII_Choose2D: Choose 2D output planes
        PUGH::PUGH_Report: Report on PUGH set up
        SymBase::SymBase_Check: Check whether the driver set up the grid consistently
        Time::Time_Initialise: [global] Initialise Time variables
        Time::TemporalSpacings: [singlemap] Set timestep based on Courant condition (courant_static)
        IOASCII::IOASCII_Choose1D: Choose 1D output lines
      [CCTK_INITIAL]
        IOBasic::IOBasic_Init: Initialisation routine
        WaveToy1DF77::WaveToy1DF77_Initial: Initial data for 1D wave equation
      [CCTK_POSTINITIAL]
      Initialise finer grids recursively
      Restrict from finer grids
      [CCTK_POSTRESTRICTINITIAL]
      [CCTK_POSTPOSTINITIAL]
      [CCTK_POSTSTEP]
    endif
    if (recover initial data)
      [CCTK_BASEGRID]
        WaveToy1DF77::SpatialCoordinates: Set up 1D coordinates
        IOASCII::IOASCII_Choose2D: Choose 2D output planes
        PUGH::PUGH_Report: Report on PUGH set up
        SymBase::SymBase_Check: Check whether the driver set up the grid consistently
        Time::Time_Initialise: [global] Initialise Time variables
        Time::TemporalSpacings: [singlemap] Set timestep based on Courant condition (courant_static)
        IOASCII::IOASCII_Choose1D: Choose 1D output lines
      [CCTK_RECOVER_VARIABLES]
      [CCTK_POST_RECOVER_VARIABLES]
    endif
    if (checkpoint initial data)
      [CCTK_CPINITIAL]
    endif
    if (analysis)
      [CCTK_ANALYSIS]
  endif
  Output grid variables

  do loop over timesteps
    [CCTK_PREREGRID]
    Change grid hierarchy
    [CCTK_POSTREGRID]
    Rotate timelevels
    iteration = iteration+1
    t = t+dt
    [CCTK_PRESTEP]
    [CCTK_EVOL]
      WaveToy1DF77::WaveToy1DF77_Evolve: Evolution of 1D wave equation
      WaveToy1DF77::WaveToy1DF77_Boundary: Apply boundary conditions
    Evolve finer grids recursively
    Restrict from finer grids
    [CCTK_POSTRESTRICT]
    [CCTK_POSTSTEP]
    if (checkpoint)
      [CCTK_CHECKPOINT]
    endif
    if (analysis)
      [CCTK_ANALYSIS]
    endif
    Output grid variables
    enddo

  Termination routines
    [CCTK_TERMINATE]
      PUGH::Driver_Terminate: Termination routine

  Shutdown routines
    [CCTK_SHUTDOWN]

  Routines run after changing the grid hierarchy:
    [CCTK_POSTREGRID]
--------------------------------------------------------------------------------
INFO (PUGH): Using physical to logical mappings: direct
INFO (PUGH): Using topology generator: automatic
INFO (Vectors): Using vector size 2 for architecture SSE2 (64-bit precision)
INFO (hwloc): library version 2.1.0, API version 0x20100
--------------------------------------------------------------------------------
Driver provided by PUGH
--------------------------------------------------------------------------------
WaveToy1DF77: Evolution of a 1D Scalar Field
--------------------------------------------------------------------------------

INFO (PUGH): Setting up a topology for 1 dimensions
INFO (IOASCII): I/O Method 'IOASCII_1D' registered: output of 1D lines of grid functions/arrays to ASCII files
INFO (IOASCII): Periodic 1D output every 5 iterations
INFO (IOASCII): Periodic 1D output requested for 'WAVETOY1DF77::phi'
INFO (IOBasic): I/O Method 'Scalar' registered: output of scalar quantities (grid scalars, reductions) to ASCII files
INFO (IOBasic): I/O Method 'Info' registered: output of scalar quantities (grid scalars, reductions) to screen
INFO (Vectors): Testing vectorisation... [errors may result in segfaults]
INFO (Vectors): 375/375 tests passed 
INFO (PUGH): MPI Evolution on 2 processors
INFO (PUGH): 1-dimensional grid functions
INFO (PUGH):   Size: 101
INFO (PUGH):   Processor topology: 2
INFO (PUGH):   Local load: 52   [52]
INFO (PUGH):   Maximum load skew: 1.000000
INFO (Time): Timestep set to 0.01 (courant_static)
[1mWARNING[L3,P0] (IOASCII):[0m IOASCII_Write1D: No IOASCII_1D diagonal output for 'WAVETOY1DF77::phi' (only implemented for non-staggered 3D variables)
INFO (IOBasic): Periodic scalar output requested for 'WAVETOY1DF77::phi'
INFO (IOBasic): Periodic info output requested for 'WAVETOY1DF77::phi'
-------------------------------------------------
   it  |          | WAVETOY1DF77::phi           |
       |    t     | minimum      | maximum      |
-------------------------------------------------
     0 |    0.000 | 5.700792e-265 |   1.00000000 |
     5 |    0.050 | 6.634959e-205 |   0.50000747 |
    10 |    0.100 | 5.342803e-147 |   0.50000000 |
    15 |    0.150 | 9.609739e-99 |   0.50000000 |
    20 |    0.200 |-1.110223e-16 |   0.50000000 |
    25 |    0.250 |-1.665335e-16 |   0.50000000 |
    30 |    0.300 |-1.665335e-16 |   0.50000000 |
    35 |    0.350 |-1.665335e-16 |   0.50000000 |
    40 |    0.400 |-1.665335e-16 |   0.50000000 |
    45 |    0.450 |-1.665335e-16 |   0.50006170 |
    50 |    0.500 |-1.665335e-16 |   0.94741966 |
--------------------------------------------------------------------------------
Done.
+ echo Stopping:
Stopping:
+ date
Fri Sep 16 15:18:18 UTC 2022
+ echo Done.
Done.
  Elapsed time: 0.9 s
