/home/runner/simulations/TestJob01_temp_1/output-0000/TEST/sim/BoxInBox
Preparing:
+ set -e
+ cd output-0000-active
+ echo Checking:
Checking:
+ pwd
/home/runner/simulations/TestJob01_temp_1/output-0000/TEST/sim/BoxInBox/output-0000-active
+ hostname
fv-az1110-486
+ date
Thu Jan 30 03:32:39 UTC 2025
+ echo Environment:
Environment:
+ export CACTUS_NUM_PROCS=1
+ CACTUS_NUM_PROCS=1
+ export CACTUS_NUM_THREADS=2
+ CACTUS_NUM_THREADS=2
+ export GMON_OUT_PREFIX=gmon.out
+ GMON_OUT_PREFIX=gmon.out
+ export OMP_NUM_THREADS=2
+ OMP_NUM_THREADS=2
+ env
+ sort
+ echo Starting:
Starting:
++ date +%s
+ export CACTUS_STARTTIME=1738207959
+ CACTUS_STARTTIME=1738207959
+ '[' 1 = 1 ']'
+ '[' 0 -eq 0 ']'
+ /home/runner/simulations/TestJob01_temp_1/SIMFACTORY/exe/cactus_sim -L 3 /home/runner/simulations/TestJob01_temp_1/output-0000/arrangements/CarpetX/BoxInBox/test/regions2.par
INFO (Cactus): Increased logging level from 0 to 3
--------------------------------------------------------------------------------

       10                                  
  1   0101       ************************  
  01  1010 10      The Cactus Code V4.17.0    
 1010 1101 011      www.cactuscode.org     
  1001 100101    ************************  
    00010101                               
     100011     (c) Copyright The Authors  
      0100      GNU Licensed. No Warranty  
      0101                                 
--------------------------------------------------------------------------------

Cactus version:    4.17.0
Compile date:      Jan 30 2025 (03:30:48)
Run date:          Jan 30 2025 (03:32:40+0000)
Run host:          fv-az1110-486.web1hnpulnrebejjggulhupmdh.dx.internal.cloudapp.net (pid=127567)
Working directory: /home/runner/simulations/TestJob01_temp_1/output-0000/TEST/sim/BoxInBox
Executable:        /home/runner/simulations/TestJob01_temp_1/SIMFACTORY/exe/cactus_sim
Parameter file:    /home/runner/simulations/TestJob01_temp_1/output-0000/arrangements/CarpetX/BoxInBox/test/regions2.par
--------------------------------------------------------------------------------

Activating thorn Cactus...Success -> active implementation Cactus
Activation requested for 
--->BoxInBox CarpetX CarpetXRegrid CoordinatesX IOUtil<---
Thorn BoxInBox requests automatic activation of Loop
Thorn CarpetX requests automatic activation of AMReX
Thorn CarpetX requests automatic activation of MPI
Thorn CarpetX requests automatic activation of yaml_cpp
Thorn CarpetX requests automatic activation of zlib
Thorn CarpetX requests automatic activation of Arith
Thorn CarpetX requests automatic activation of ADIOS2
Thorn CarpetX requests automatic activation of openPMD
Thorn CarpetX requests automatic activation of Silo
Thorn Arith requests automatic activation of NSIMD
Thorn MPI requests automatic activation of hwloc
Thorn openPMD requests automatic activation of HDF5
Activating thorn ADIOS2...Success -> active implementation ADIOS2
Activating thorn AMReX...Success -> active implementation AMReX
Activating thorn Arith...Success -> active implementation Arith
Activating thorn BoxInBox...Success -> active implementation BoxInBox
Activating thorn CarpetX...Success -> active implementation Driver
Activating thorn CarpetXRegrid...Success -> active implementation CarpetXRegrid
Activating thorn CoordinatesX...Success -> active implementation CoordinatesX
Activating thorn HDF5...Success -> active implementation HDF5
Activating thorn hwloc...Success -> active implementation hwloc
Activating thorn IOUtil...Success -> active implementation IO
Activating thorn Loop...Success -> active implementation Loop
Activating thorn MPI...Success -> active implementation MPI
Activating thorn NSIMD...Success -> active implementation NSIMD
Activating thorn openPMD...Success -> active implementation openPMD
Activating thorn Silo...Success -> active implementation Silo
Activating thorn yaml_cpp...Success -> active implementation yaml_cpp
Activating thorn zlib...Success -> active implementation zlib
INFO (hwloc): library version 2.7.0, API version 0x20500
--------------------------------------------------------------------------------

  [34m  ▕▏  [34m  ▕▏  [34m  ▕▏  [34m  ▕▏  [34m  ▕▏  [34m  ▕▏  [34m  ▕▏  [34m  ▕▏  [34m  ▕▏  [39m  
  [34m──██──[34m──██──[34m──██──[34m──██──[34m──██──[34m──██──[34m──██──[34m──██──[34m──██──[39m  
  [34m  ▕▏  [34m  ▕▏  [34m  ▕▏  [34m  ▕▏  [34m  ▕▏  [34m  ▕▏  [34m  ▕▏  [34m  ▕▏  [34m  ▕▏  [39m  
  [34m  ▕▏  [32m██████[34m  ▕▏  [34m  ▕▏  [32m██████[34m  ▕▏  [34m  ▕▏  [32m██████[34m  ▕▏  [39m  
  [34m──██──[32m██████[34m──██──[34m──██──[32m██████[34m──██──[34m──██──[32m██████[34m──██──[39m  
  [34m  ▕▏  [32m██████[34m  ▕▏  [34m  ▕▏  [32m██████[34m  ▕▏  [34m  ▕▏  [32m██████[34m  ▕▏  [39m  
  [34m  ▕▏  [34m  ▕▏  [34m  ▕▏  [34m  ▕▏  [34m  ▕▏  [34m  ▕▏  [34m  ▕▏  [34m  ▕▏  [34m  ▕▏  [39m  
  [34m──██──[34m──██──[34m──██──[34m──██──[34m──██──[34m──██──[34m──██──[34m──██──[34m──██──[39m  
  [34m  ▕▏  [34m  ▕▏  [34m  ▕▏  [34m  ▕▏  [34m  ▕▏  [34m  ▕▏  [34m  ▕▏  [34m  ▕▏  [34m  ▕▏  [39m  
  [34m  ▕▏  [34m  ▕▏  [34m  ▕▏  [31m██████[31m██████[31m██████[34m  ▕▏  [34m  ▕▏  [34m  ▕▏  [39m  
  [34m──██──[34m──██──[34m──██──[31m██████[31m██████[31m██████[34m──██──[34m──██──[34m──██──[39m  
  [34m  ▕▏  [34m  ▕▏  [34m  ▕▏  [31m██████[31m██████[31m██████[34m  ▕▏  [34m  ▕▏  [34m  ▕▏  [39m  
  [34m  ▕▏  [32m██████[34m  ▕▏  [31m██████[31m██████[31m██████[34m  ▕▏  [32m██████[34m  ▕▏  [39m  
  [34m──██──[32m██████[34m──██──[31m██████[31m██████[31m██████[34m──██──[32m██████[34m──██──[39m  
  [34m  ▕▏  [32m██████[34m  ▕▏  [31m██████[31m██████[31m██████[34m  ▕▏  [32m██████[34m  ▕▏  [39m  
  [34m  ▕▏  [34m  ▕▏  [34m  ▕▏  [31m██████[31m██████[31m██████[34m  ▕▏  [34m  ▕▏  [34m  ▕▏  [39m  
  [34m──██──[34m──██──[34m──██──[31m██████[31m██████[31m██████[34m──██──[34m──██──[34m──██──[39m  
  [34m  ▕▏  [34m  ▕▏  [34m  ▕▏  [31m██████[31m██████[31m██████[34m  ▕▏  [34m  ▕▏  [34m  ▕▏  [39m  
  [34m  ▕▏  [34m  ▕▏  [34m  ▕▏  [34m  ▕▏  [34m  ▕▏  [34m  ▕▏  [34m  ▕▏  [34m  ▕▏  [34m  ▕▏  [39m  
  [34m──██──[34m──██──[34m──██──[34m──██──[34m──██──[34m──██──[34m──██──[34m──██──[34m──██──[39m  
  [34m  ▕▏  [34m  ▕▏  [34m  ▕▏  [34m  ▕▏  [34m  ▕▏  [34m  ▕▏  [34m  ▕▏  [34m  ▕▏  [34m  ▕▏  [39m  
  [34m  ▕▏  [32m██████[34m  ▕▏  [34m  ▕▏  [32m██████[34m  ▕▏  [34m  ▕▏  [32m██████[34m  ▕▏  [39m  
  [34m──██──[32m██████[34m──██──[34m──██──[32m██████[34m──██──[34m──██──[32m██████[34m──██──[39m  
  [34m  ▕▏  [32m██████[34m  ▕▏  [34m  ▕▏  [32m██████[34m  ▕▏  [34m  ▕▏  [32m██████[34m  ▕▏  [39m  
  [34m  ▕▏  [34m  ▕▏  [34m  ▕▏  [34m  ▕▏  [34m  ▕▏  [34m  ▕▏  [34m  ▕▏  [34m  ▕▏  [34m  ▕▏  [39m  
  [34m──██──[34m──██──[34m──██──[34m──██──[34m──██──[34m──██──[34m──██──[34m──██──[34m──██──[39m  
  [34m  ▕▏  [34m  ▕▏  [34m  ▕▏  [34m  ▕▏  [34m  ▕▏  [34m  ▕▏  [34m  ▕▏  [34m  ▕▏  [34m  ▕▏  [39m  

AMR driver provided by CarpetX,
using AMReX 24.10 (MPI, OpenMP, no accelerators, debug)
--------------------------------------------------------------------------------

Initializing AMReX (24.10)...
MPI initialized with 1 MPI processes
MPI initialized with thread support level 2
OMP initialized with 2 OMP threads
AMReX (24.10) initialized
INFO (CarpetX): 
Symmetries:
  lower x: none
  lower y: none
  lower z: none
  upper x: none
  upper y: none
  upper z: none
Default boundaries:
  lower x: dirichlet
  lower y: dirichlet
  lower z: dirichlet
  upper x: dirichlet
  upper y: dirichlet
  upper z: dirichlet
INFO (Arith): Test_smallvector
INFO (Arith): Test_spvect
INFO (CarpetX): Setting initial values for max_grid_size values for all levels
INFO (CarpetX): Setting up initial conditions...
INFO (CarpetX): Iteration: 0   time: 0   delta_time: 0.015625
INFO (CarpetX): Patch 0:
INFO (CarpetX):   Grid extent:
INFO (CarpetX):     gsh=[67,67,67]
INFO (CarpetX):     blocking_factor=[8,8,8]
INFO (CarpetX):     max_grid_size=[32,32,32]
INFO (CarpetX):     max_tile_size=[1024000,16,32]
INFO (CarpetX):   Domain extent:
INFO (CarpetX):     xmin=[-1,-1,-1]
INFO (CarpetX):     xmax=[1,1,1]
INFO (CarpetX):     base dx=[0.03125,0.03125,0.03125]
INFO (CarpetX): Initializing level 0...
INFO (CarpetX): Regridding...
INFO (CarpetX):   level 0: 8 boxes, 262144 cells (100%)
INFO (CarpetX):   level 1: 8 boxes, 262144 cells (12.5%, 12%)
INFO (CarpetX): Iteration: 0   time: 0   delta_time: 0.0078125
INFO (CarpetX): Initializing level 1...
INFO (CarpetX): Regridding...
INFO (CarpetX):   level 0: 8 boxes, 262144 cells (100%)
INFO (CarpetX):   level 1: 8 boxes, 262144 cells (12.5%, 12%)
INFO (CarpetX): Initialized 2 levels
INFO (CarpetX): OutputGH: iteration 0, time 0.000000, run time 1 s
INFO (CarpetX): OutputGH done.
INFO (CarpetX): Starting evolution...
INFO (CarpetX): Regridding...
INFO (CarpetX): Setting max_grid_size values for all levels before regridding
INFO (CarpetX):   old levels 2, new levels 2
INFO (CarpetX):   level 0: 8 boxes, 262144 cells (100%)
INFO (CarpetX):   level 1: 8 boxes, 262144 cells (12.5%, 12%)
INFO (CarpetX): OutputGH: iteration 1, time 0.007812, run time 1 s
INFO (CarpetX): OutputGH done.
INFO (CarpetX): Simulation time: 0.0078125   Iterations per second: 19.4239   Simulation time per second: 0.151749
INFO (CarpetX): Grid cells: 524288   Grid cell updates per second: 1.01837e+07
INFO (CarpetX): Performance:
INFO (CarpetX):   total evolution time:            0.0514829 sec
INFO (CarpetX):   total evolution compute time:    0.0514741 sec
INFO (CarpetX):   total evolution output time:     8.82149e-06 sec
INFO (CarpetX):   total iterations:                1
INFO (CarpetX):   total cells updated:             524288
INFO (CarpetX):   average iterations per second: 19.4239
INFO (CarpetX):   average cell updates per second: 1.01837e+07
INFO (CarpetX): Regridding...
INFO (CarpetX): Setting max_grid_size values for all levels before regridding
INFO (CarpetX):   old levels 2, new levels 2
INFO (CarpetX):   level 0: 8 boxes, 262144 cells (100%)
INFO (CarpetX):   level 1: 8 boxes, 262144 cells (12.5%, 12%)
INFO (CarpetX): OutputGH: iteration 2, time 0.015625, run time 1 s
INFO (CarpetX): OutputGH done.
INFO (CarpetX): Simulation time: 0.015625   Iterations per second: 19.5099   Simulation time per second: 0.152421
INFO (CarpetX): Grid cells: 524288   Grid cell updates per second: 1.02288e+07
INFO (CarpetX): Performance:
INFO (CarpetX):   total evolution time:            0.102739 sec
INFO (CarpetX):   total evolution compute time:    0.102723 sec
INFO (CarpetX):   total evolution output time:     1.5974e-05 sec
INFO (CarpetX):   total iterations:                2
INFO (CarpetX):   total cells updated:             1.04858e+06
INFO (CarpetX):   average iterations per second: 19.4668
INFO (CarpetX):   average cell updates per second: 1.02062e+07
INFO (CarpetX): Regridding...
INFO (CarpetX): Setting max_grid_size values for all levels before regridding
INFO (CarpetX):   old levels 2, new levels 2
INFO (CarpetX):   level 0: 8 boxes, 262144 cells (100%)
INFO (CarpetX):   level 1: 8 boxes, 262144 cells (12.5%, 12%)
INFO (CarpetX): OutputGH: iteration 3, time 0.023438, run time 1 s
INFO (CarpetX): OutputGH done.
INFO (CarpetX): Simulation time: 0.0234375   Iterations per second: 19.4727   Simulation time per second: 0.152131
INFO (CarpetX): Grid cells: 524288   Grid cell updates per second: 1.02093e+07
INFO (CarpetX): Performance:
INFO (CarpetX):   total evolution time:            0.154093 sec
INFO (CarpetX):   total evolution compute time:    0.15407 sec
INFO (CarpetX):   total evolution output time:     2.28882e-05 sec
INFO (CarpetX):   total iterations:                3
INFO (CarpetX):   total cells updated:             1.57286e+06
INFO (CarpetX):   average iterations per second: 19.4688
INFO (CarpetX):   average cell updates per second: 1.02073e+07
INFO (CarpetX): Regridding...
INFO (CarpetX): Setting max_grid_size values for all levels before regridding
INFO (CarpetX):   old levels 2, new levels 2
INFO (CarpetX):   level 0: 8 boxes, 262144 cells (100%)
INFO (CarpetX):   level 1: 8 boxes, 262144 cells (12.5%, 12%)
INFO (CarpetX): OutputGH: iteration 4, time 0.031250, run time 1 s
INFO (CarpetX): OutputGH done.
INFO (CarpetX): Simulation time: 0.03125   Iterations per second: 19.4408   Simulation time per second: 0.151882
INFO (CarpetX): Grid cells: 524288   Grid cell updates per second: 1.01926e+07
INFO (CarpetX): Performance:
INFO (CarpetX):   total evolution time:            0.205531 sec
INFO (CarpetX):   total evolution compute time:    0.205496 sec
INFO (CarpetX):   total evolution output time:     3.50475e-05 sec
INFO (CarpetX):   total iterations:                4
INFO (CarpetX):   total cells updated:             2.09715e+06
INFO (CarpetX):   average iterations per second: 19.4618
INFO (CarpetX):   average cell updates per second: 1.02036e+07
INFO (CarpetX): Regridding...
INFO (CarpetX): Setting max_grid_size values for all levels before regridding
INFO (CarpetX):   old levels 2, new levels 2
INFO (CarpetX):   level 0: 8 boxes, 262144 cells (100%)
INFO (CarpetX):   level 1: 8 boxes, 262144 cells (12.5%, 12%)
INFO (CarpetX): OutputGH: iteration 5, time 0.039062, run time 1 s
INFO (CarpetX): OutputGH done.
INFO (CarpetX): Simulation time: 0.0390625   Iterations per second: 19.4472   Simulation time per second: 0.151932
INFO (CarpetX): Grid cells: 524288   Grid cell updates per second: 1.0196e+07
INFO (CarpetX): Performance:
INFO (CarpetX):   total evolution time:            0.256952 sec
INFO (CarpetX):   total evolution compute time:    0.25691 sec
INFO (CarpetX):   total evolution output time:     4.22001e-05 sec
INFO (CarpetX):   total iterations:                5
INFO (CarpetX):   total cells updated:             2.62144e+06
INFO (CarpetX):   average iterations per second: 19.4589
INFO (CarpetX):   average cell updates per second: 1.02021e+07
INFO (CarpetX): Regridding...
INFO (CarpetX): Setting max_grid_size values for all levels before regridding
INFO (CarpetX):   old levels 2, new levels 2
INFO (CarpetX):   level 0: 8 boxes, 262144 cells (100%)
INFO (CarpetX):   level 1: 8 boxes, 262144 cells (12.5%, 12%)
INFO (CarpetX): OutputGH: iteration 6, time 0.046875, run time 1 s
INFO (CarpetX): OutputGH done.
INFO (CarpetX): Simulation time: 0.046875   Iterations per second: 19.5229   Simulation time per second: 0.152523
INFO (CarpetX): Grid cells: 524288   Grid cell updates per second: 1.02356e+07
INFO (CarpetX): Performance:
INFO (CarpetX):   total evolution time:            0.308174 sec
INFO (CarpetX):   total evolution compute time:    0.308125 sec
INFO (CarpetX):   total evolution output time:     4.91142e-05 sec
INFO (CarpetX):   total iterations:                6
INFO (CarpetX):   total cells updated:             3.14573e+06
INFO (CarpetX):   average iterations per second: 19.4695
INFO (CarpetX):   average cell updates per second: 1.02076e+07
INFO (CarpetX): Regridding...
INFO (CarpetX): Setting max_grid_size values for all levels before regridding
INFO (CarpetX):   old levels 2, new levels 2
INFO (CarpetX):   level 0: 8 boxes, 262144 cells (100%)
INFO (CarpetX):   level 1: 8 boxes, 262144 cells (12.5%, 12%)
INFO (CarpetX): OutputGH: iteration 7, time 0.054688, run time 1 s
INFO (CarpetX): OutputGH done.
INFO (CarpetX): Simulation time: 0.0546875   Iterations per second: 19.5377   Simulation time per second: 0.152639
INFO (CarpetX): Grid cells: 524288   Grid cell updates per second: 1.02434e+07
INFO (CarpetX): Performance:
INFO (CarpetX):   total evolution time:            0.359357 sec
INFO (CarpetX):   total evolution compute time:    0.359301 sec
INFO (CarpetX):   total evolution output time:     5.60284e-05 sec
INFO (CarpetX):   total iterations:                7
INFO (CarpetX):   total cells updated:             3.67002e+06
INFO (CarpetX):   average iterations per second: 19.4792
INFO (CarpetX):   average cell updates per second: 1.02127e+07
INFO (CarpetX): Regridding...
INFO (CarpetX): Setting max_grid_size values for all levels before regridding
INFO (CarpetX):   old levels 2, new levels 2
INFO (CarpetX):   level 0: 8 boxes, 262144 cells (100%)
INFO (CarpetX):   level 1: 8 boxes, 262144 cells (12.5%, 12%)
INFO (CarpetX): OutputGH: iteration 8, time 0.062500, run time 1 s
INFO (CarpetX): OutputGH done.
INFO (CarpetX): Simulation time: 0.0625   Iterations per second: 19.4353   Simulation time per second: 0.151838
INFO (CarpetX): Grid cells: 524288   Grid cell updates per second: 1.01897e+07
INFO (CarpetX): Performance:
INFO (CarpetX):   total evolution time:            0.41081 sec
INFO (CarpetX):   total evolution compute time:    0.410747 sec
INFO (CarpetX):   total evolution output time:     6.29425e-05 sec
INFO (CarpetX):   total iterations:                8
INFO (CarpetX):   total cells updated:             4.1943e+06
INFO (CarpetX):   average iterations per second: 19.4737
INFO (CarpetX):   average cell updates per second: 1.02098e+07
INFO (CarpetX): Regridding...
INFO (CarpetX): Setting max_grid_size values for all levels before regridding
INFO (CarpetX):   old levels 2, new levels 2
INFO (CarpetX):   level 0: 8 boxes, 262144 cells (100%)
INFO (CarpetX):   level 1: 8 boxes, 262144 cells (12.5%, 12%)
INFO (CarpetX): OutputGH: iteration 9, time 0.070312, run time 1 s
INFO (CarpetX): OutputGH done.
INFO (CarpetX): Simulation time: 0.0703125   Iterations per second: 19.5438   Simulation time per second: 0.152686
INFO (CarpetX): Grid cells: 524288   Grid cell updates per second: 1.02466e+07
INFO (CarpetX): Performance:
INFO (CarpetX):   total evolution time:            0.461977 sec
INFO (CarpetX):   total evolution compute time:    0.461908 sec
INFO (CarpetX):   total evolution output time:     6.8903e-05 sec
INFO (CarpetX):   total iterations:                9
INFO (CarpetX):   total cells updated:             4.71859e+06
INFO (CarpetX):   average iterations per second: 19.4815
INFO (CarpetX):   average cell updates per second: 1.02139e+07
INFO (CarpetX): Regridding...
INFO (CarpetX): Setting max_grid_size values for all levels before regridding
INFO (CarpetX):   old levels 2, new levels 2
INFO (CarpetX):   level 0: 8 boxes, 262144 cells (100%)
INFO (CarpetX):   level 1: 8 boxes, 262144 cells (12.5%, 12%)
INFO (CarpetX): OutputGH: iteration 10, time 0.078125, run time 2 s
INFO (CarpetX): OutputGH done.
INFO (CarpetX): Simulation time: 0.078125   Iterations per second: 10.3995   Simulation time per second: 0.0812465
INFO (CarpetX): Grid cells: 524288   Grid cell updates per second: 5.45236e+06
INFO (CarpetX): Performance:
INFO (CarpetX):   total evolution time:            0.558135 sec
INFO (CarpetX):   total evolution compute time:    0.513107 sec
INFO (CarpetX):   total evolution output time:     0.045028 sec
INFO (CarpetX):   total iterations:                10
INFO (CarpetX):   total cells updated:             5.24288e+06
INFO (CarpetX):   average iterations per second: 17.9168
INFO (CarpetX):   average cell updates per second: 9.39357e+06
INFO (CarpetX): Shutting down...
AMReX (24.10) finalized
--------------------------------------------------------------------------------
Done.
+ echo Stopping:
Stopping:
+ date
Thu Jan 30 03:32:41 UTC 2025
+ echo Done.
Done.
  Elapsed time: 1.5 s
