/home/runner/simulations/TestJob01_temp_1/output-0000/TEST/sim/BoxInBox
Preparing:
+ set -e
+ cd output-0000-active
+ echo Checking:
Checking:
+ pwd
/home/runner/simulations/TestJob01_temp_1/output-0000/TEST/sim/BoxInBox/output-0000-active
+ hostname
fv-az389-136
+ date
Wed Oct 18 22:47:58 UTC 2023
+ echo Environment:
Environment:
+ export CACTUS_NUM_PROCS=1
+ CACTUS_NUM_PROCS=1
+ export CACTUS_NUM_THREADS=2
+ CACTUS_NUM_THREADS=2
+ export GMON_OUT_PREFIX=gmon.out
+ GMON_OUT_PREFIX=gmon.out
+ export OMP_NUM_THREADS=2
+ OMP_NUM_THREADS=2
+ env
+ sort
+ echo Starting:
Starting:
++ date +%s
+ export CACTUS_STARTTIME=1697669278
+ CACTUS_STARTTIME=1697669278
+ '[' 1 = 1 ']'
+ '[' 0 -eq 0 ']'
+ /home/runner/simulations/TestJob01_temp_1/SIMFACTORY/exe/cactus_sim -L 3 /home/runner/simulations/TestJob01_temp_1/output-0000/arrangements/CarpetX/BoxInBox/test/levels20.par
INFO (Cactus): Increased logging level from 0 to 3
--------------------------------------------------------------------------------

       10                                  
  1   0101       ************************  
  01  1010 10      The Cactus Code V4.14.0    
 1010 1101 011      www.cactuscode.org     
  1001 100101    ************************  
    00010101                               
     100011     (c) Copyright The Authors  
      0100      GNU Licensed. No Warranty  
      0101                                 
--------------------------------------------------------------------------------

Cactus version:    4.14.0
Compile date:      Oct 18 2023 (22:45:06)
Run date:          Oct 18 2023 (22:47:59+0000)
Run host:          fv-az389-136.hbj5htltzyauvpykp5onz33k1d.gx.internal.cloudapp.net (pid=127337)
Working directory: /home/runner/simulations/TestJob01_temp_1/output-0000/TEST/sim/BoxInBox
Executable:        /home/runner/simulations/TestJob01_temp_1/SIMFACTORY/exe/cactus_sim
Parameter file:    /home/runner/simulations/TestJob01_temp_1/output-0000/arrangements/CarpetX/BoxInBox/test/levels20.par
--------------------------------------------------------------------------------

Activating thorn Cactus...Success -> active implementation Cactus
Activation requested for 
--->BoxInBox CarpetX CoordinatesX IOUtil<---
Thorn BoxInBox requests automatic activation of Loop
Thorn CarpetX requests automatic activation of AMReX
Thorn CarpetX requests automatic activation of MPI
Thorn CarpetX requests automatic activation of yaml_cpp
Thorn CarpetX requests automatic activation of zlib
Thorn CarpetX requests automatic activation of Arith
Thorn CarpetX requests automatic activation of ADIOS2
Thorn CarpetX requests automatic activation of openPMD
Thorn CarpetX requests automatic activation of Silo
Thorn Arith requests automatic activation of NSIMD
Thorn MPI requests automatic activation of hwloc
Thorn openPMD requests automatic activation of HDF5
Activating thorn ADIOS2...Success -> active implementation ADIOS2
Activating thorn AMReX...Success -> active implementation AMReX
Activating thorn Arith...Success -> active implementation Arith
Activating thorn BoxInBox...Success -> active implementation BoxInBox
Activating thorn CarpetX...Success -> active implementation CarpetX
Activating thorn CoordinatesX...Success -> active implementation CoordinatesX
Activating thorn HDF5...Success -> active implementation HDF5
Activating thorn hwloc...Success -> active implementation hwloc
Activating thorn IOUtil...Success -> active implementation IO
Activating thorn Loop...Success -> active implementation Loop
Activating thorn MPI...Success -> active implementation MPI
Activating thorn NSIMD...Success -> active implementation NSIMD
Activating thorn openPMD...Success -> active implementation openPMD
Activating thorn Silo...Success -> active implementation Silo
Activating thorn yaml_cpp...Success -> active implementation yaml_cpp
Activating thorn zlib...Success -> active implementation zlib
INFO (hwloc): library version 2.7.0, API version 0x20500
--------------------------------------------------------------------------------

  [34m  ▕▏  [34m  ▕▏  [34m  ▕▏  [34m  ▕▏  [34m  ▕▏  [34m  ▕▏  [34m  ▕▏  [34m  ▕▏  [34m  ▕▏  [39m  
  [34m──██──[34m──██──[34m──██──[34m──██──[34m──██──[34m──██──[34m──██──[34m──██──[34m──██──[39m  
  [34m  ▕▏  [34m  ▕▏  [34m  ▕▏  [34m  ▕▏  [34m  ▕▏  [34m  ▕▏  [34m  ▕▏  [34m  ▕▏  [34m  ▕▏  [39m  
  [34m  ▕▏  [32m██████[34m  ▕▏  [34m  ▕▏  [32m██████[34m  ▕▏  [34m  ▕▏  [32m██████[34m  ▕▏  [39m  
  [34m──██──[32m██████[34m──██──[34m──██──[32m██████[34m──██──[34m──██──[32m██████[34m──██──[39m  
  [34m  ▕▏  [32m██████[34m  ▕▏  [34m  ▕▏  [32m██████[34m  ▕▏  [34m  ▕▏  [32m██████[34m  ▕▏  [39m  
  [34m  ▕▏  [34m  ▕▏  [34m  ▕▏  [34m  ▕▏  [34m  ▕▏  [34m  ▕▏  [34m  ▕▏  [34m  ▕▏  [34m  ▕▏  [39m  
  [34m──██──[34m──██──[34m──██──[34m──██──[34m──██──[34m──██──[34m──██──[34m──██──[34m──██──[39m  
  [34m  ▕▏  [34m  ▕▏  [34m  ▕▏  [34m  ▕▏  [34m  ▕▏  [34m  ▕▏  [34m  ▕▏  [34m  ▕▏  [34m  ▕▏  [39m  
  [34m  ▕▏  [34m  ▕▏  [34m  ▕▏  [31m██████[31m██████[31m██████[34m  ▕▏  [34m  ▕▏  [34m  ▕▏  [39m  
  [34m──██──[34m──██──[34m──██──[31m██████[31m██████[31m██████[34m──██──[34m──██──[34m──██──[39m  
  [34m  ▕▏  [34m  ▕▏  [34m  ▕▏  [31m██████[31m██████[31m██████[34m  ▕▏  [34m  ▕▏  [34m  ▕▏  [39m  
  [34m  ▕▏  [32m██████[34m  ▕▏  [31m██████[31m██████[31m██████[34m  ▕▏  [32m██████[34m  ▕▏  [39m  
  [34m──██──[32m██████[34m──██──[31m██████[31m██████[31m██████[34m──██──[32m██████[34m──██──[39m  
  [34m  ▕▏  [32m██████[34m  ▕▏  [31m██████[31m██████[31m██████[34m  ▕▏  [32m██████[34m  ▕▏  [39m  
  [34m  ▕▏  [34m  ▕▏  [34m  ▕▏  [31m██████[31m██████[31m██████[34m  ▕▏  [34m  ▕▏  [34m  ▕▏  [39m  
  [34m──██──[34m──██──[34m──██──[31m██████[31m██████[31m██████[34m──██──[34m──██──[34m──██──[39m  
  [34m  ▕▏  [34m  ▕▏  [34m  ▕▏  [31m██████[31m██████[31m██████[34m  ▕▏  [34m  ▕▏  [34m  ▕▏  [39m  
  [34m  ▕▏  [34m  ▕▏  [34m  ▕▏  [34m  ▕▏  [34m  ▕▏  [34m  ▕▏  [34m  ▕▏  [34m  ▕▏  [34m  ▕▏  [39m  
  [34m──██──[34m──██──[34m──██──[34m──██──[34m──██──[34m──██──[34m──██──[34m──██──[34m──██──[39m  
  [34m  ▕▏  [34m  ▕▏  [34m  ▕▏  [34m  ▕▏  [34m  ▕▏  [34m  ▕▏  [34m  ▕▏  [34m  ▕▏  [34m  ▕▏  [39m  
  [34m  ▕▏  [32m██████[34m  ▕▏  [34m  ▕▏  [32m██████[34m  ▕▏  [34m  ▕▏  [32m██████[34m  ▕▏  [39m  
  [34m──██──[32m██████[34m──██──[34m──██──[32m██████[34m──██──[34m──██──[32m██████[34m──██──[39m  
  [34m  ▕▏  [32m██████[34m  ▕▏  [34m  ▕▏  [32m██████[34m  ▕▏  [34m  ▕▏  [32m██████[34m  ▕▏  [39m  
  [34m  ▕▏  [34m  ▕▏  [34m  ▕▏  [34m  ▕▏  [34m  ▕▏  [34m  ▕▏  [34m  ▕▏  [34m  ▕▏  [34m  ▕▏  [39m  
  [34m──██──[34m──██──[34m──██──[34m──██──[34m──██──[34m──██──[34m──██──[34m──██──[34m──██──[39m  
  [34m  ▕▏  [34m  ▕▏  [34m  ▕▏  [34m  ▕▏  [34m  ▕▏  [34m  ▕▏  [34m  ▕▏  [34m  ▕▏  [34m  ▕▏  [39m  

AMR driver provided by CarpetX,
using AMReX 23.08 (MPI, OpenMP, no accelerators, debug)
--------------------------------------------------------------------------------

MPI initialized with 1 MPI processes
MPI initialized with thread support level 2
OMP initialized with 2 OMP threads
AMReX (23.08) initialized
INFO (CarpetX): 
Symmetries:
  lower x: none
  lower y: none
  lower z: none
  upper x: none
  upper y: none
  upper z: none
Default boundaries:
  lower x: dirichlet
  lower y: dirichlet
  lower z: dirichlet
  upper x: dirichlet
  upper y: dirichlet
  upper z: dirichlet
INFO (Arith): Test_smallvector
INFO (Arith): Test_spvect
INFO (CarpetX): Setting up initial conditions...
INFO (CarpetX): Iteration: 0   time: 0   delta_time: 0.03125
INFO (CarpetX): Patch 0:
INFO (CarpetX):   Grid extent:
INFO (CarpetX):     gsh=[35,35,35]
INFO (CarpetX):     blocking_factor=[8,8,8]
INFO (CarpetX):     max_grid_size=[32,32,32]
INFO (CarpetX):     max_tile_size=[1024000,16,32]
INFO (CarpetX):   Domain extent:
INFO (CarpetX):     xmin=[-1,-1,-1]
INFO (CarpetX):     xmax=[1,1,1]
INFO (CarpetX):     base dx=[0.0625,0.0625,0.0625]
INFO (CarpetX): Initializing level 0...
INFO (CarpetX): Regridding...
INFO (CarpetX):   level 0: 1 boxes, 32768 cells (100%)
INFO (CarpetX):   level 1: 1 boxes, 32768 cells (12.5%, 12%)
INFO (CarpetX): Iteration: 0   time: 0   delta_time: 0.015625
INFO (CarpetX): Initializing level 1...
INFO (CarpetX): Regridding...
INFO (CarpetX):   level 0: 1 boxes, 32768 cells (100%)
INFO (CarpetX):   level 1: 1 boxes, 32768 cells (12.5%, 12%)
INFO (CarpetX):   level 2: 1 boxes, 32768 cells (1.562%, 12%)
INFO (CarpetX): Iteration: 0   time: 0   delta_time: 0.0078125
INFO (CarpetX): Initializing level 2...
INFO (CarpetX): Regridding...
INFO (CarpetX):   level 0: 1 boxes, 32768 cells (100%)
INFO (CarpetX):   level 1: 1 boxes, 32768 cells (12.5%, 12%)
INFO (CarpetX):   level 2: 1 boxes, 32768 cells (1.562%, 12%)
INFO (CarpetX):   level 3: 1 boxes, 32768 cells (0.1953%, 12%)
INFO (CarpetX): Iteration: 0   time: 0   delta_time: 0.00390625
INFO (CarpetX): Initializing level 3...
INFO (CarpetX): Regridding...
INFO (CarpetX):   level 0: 1 boxes, 32768 cells (100%)
INFO (CarpetX):   level 1: 1 boxes, 32768 cells (12.5%, 12%)
INFO (CarpetX):   level 2: 1 boxes, 32768 cells (1.562%, 12%)
INFO (CarpetX):   level 3: 1 boxes, 32768 cells (0.1953%, 12%)
INFO (CarpetX):   level 4: 1 boxes, 32768 cells (0.02441%, 12%)
INFO (CarpetX): Iteration: 0   time: 0   delta_time: 0.00195312
INFO (CarpetX): Initializing level 4...
INFO (CarpetX): Regridding...
INFO (CarpetX):   level 0: 1 boxes, 32768 cells (100%)
INFO (CarpetX):   level 1: 1 boxes, 32768 cells (12.5%, 12%)
INFO (CarpetX):   level 2: 1 boxes, 32768 cells (1.562%, 12%)
INFO (CarpetX):   level 3: 1 boxes, 32768 cells (0.1953%, 12%)
INFO (CarpetX):   level 4: 1 boxes, 32768 cells (0.02441%, 12%)
INFO (CarpetX):   level 5: 1 boxes, 32768 cells (0.003052%, 12%)
INFO (CarpetX): Iteration: 0   time: 0   delta_time: 0.000976562
INFO (CarpetX): Initializing level 5...
INFO (CarpetX): Regridding...
INFO (CarpetX):   level 0: 1 boxes, 32768 cells (100%)
INFO (CarpetX):   level 1: 1 boxes, 32768 cells (12.5%, 12%)
INFO (CarpetX):   level 2: 1 boxes, 32768 cells (1.562%, 12%)
INFO (CarpetX):   level 3: 1 boxes, 32768 cells (0.1953%, 12%)
INFO (CarpetX):   level 4: 1 boxes, 32768 cells (0.02441%, 12%)
INFO (CarpetX):   level 5: 1 boxes, 32768 cells (0.003052%, 12%)
INFO (CarpetX):   level 6: 1 boxes, 32768 cells (0.0003815%, 12%)
INFO (CarpetX): Iteration: 0   time: 0   delta_time: 0.000488281
INFO (CarpetX): Initializing level 6...
INFO (CarpetX): Regridding...
INFO (CarpetX):   level 0: 1 boxes, 32768 cells (100%)
INFO (CarpetX):   level 1: 1 boxes, 32768 cells (12.5%, 12%)
INFO (CarpetX):   level 2: 1 boxes, 32768 cells (1.562%, 12%)
INFO (CarpetX):   level 3: 1 boxes, 32768 cells (0.1953%, 12%)
INFO (CarpetX):   level 4: 1 boxes, 32768 cells (0.02441%, 12%)
INFO (CarpetX):   level 5: 1 boxes, 32768 cells (0.003052%, 12%)
INFO (CarpetX):   level 6: 1 boxes, 32768 cells (0.0003815%, 12%)
INFO (CarpetX):   level 7: 1 boxes, 32768 cells (4.768e-05%, 12%)
INFO (CarpetX): Iteration: 0   time: 0   delta_time: 0.000244141
INFO (CarpetX): Initializing level 7...
INFO (CarpetX): Regridding...
INFO (CarpetX):   level 0: 1 boxes, 32768 cells (100%)
INFO (CarpetX):   level 1: 1 boxes, 32768 cells (12.5%, 12%)
INFO (CarpetX):   level 2: 1 boxes, 32768 cells (1.562%, 12%)
INFO (CarpetX):   level 3: 1 boxes, 32768 cells (0.1953%, 12%)
INFO (CarpetX):   level 4: 1 boxes, 32768 cells (0.02441%, 12%)
INFO (CarpetX):   level 5: 1 boxes, 32768 cells (0.003052%, 12%)
INFO (CarpetX):   level 6: 1 boxes, 32768 cells (0.0003815%, 12%)
INFO (CarpetX):   level 7: 1 boxes, 32768 cells (4.768e-05%, 12%)
INFO (CarpetX):   level 8: 1 boxes, 32768 cells (5.96e-06%, 12%)
INFO (CarpetX): Iteration: 0   time: 0   delta_time: 0.00012207
INFO (CarpetX): Initializing level 8...
INFO (CarpetX): Regridding...
INFO (CarpetX):   level 0: 1 boxes, 32768 cells (100%)
INFO (CarpetX):   level 1: 1 boxes, 32768 cells (12.5%, 12%)
INFO (CarpetX):   level 2: 1 boxes, 32768 cells (1.562%, 12%)
INFO (CarpetX):   level 3: 1 boxes, 32768 cells (0.1953%, 12%)
INFO (CarpetX):   level 4: 1 boxes, 32768 cells (0.02441%, 12%)
INFO (CarpetX):   level 5: 1 boxes, 32768 cells (0.003052%, 12%)
INFO (CarpetX):   level 6: 1 boxes, 32768 cells (0.0003815%, 12%)
INFO (CarpetX):   level 7: 1 boxes, 32768 cells (4.768e-05%, 12%)
INFO (CarpetX):   level 8: 1 boxes, 32768 cells (5.96e-06%, 12%)
INFO (CarpetX):   level 9: 1 boxes, 32768 cells (7.451e-07%, 12%)
INFO (CarpetX): Iteration: 0   time: 0   delta_time: 6.10352e-05
INFO (CarpetX): Initializing level 9...
INFO (CarpetX): Regridding...
INFO (CarpetX):   level 0: 1 boxes, 32768 cells (100%)
INFO (CarpetX):   level 1: 1 boxes, 32768 cells (12.5%, 12%)
INFO (CarpetX):   level 2: 1 boxes, 32768 cells (1.562%, 12%)
INFO (CarpetX):   level 3: 1 boxes, 32768 cells (0.1953%, 12%)
INFO (CarpetX):   level 4: 1 boxes, 32768 cells (0.02441%, 12%)
INFO (CarpetX):   level 5: 1 boxes, 32768 cells (0.003052%, 12%)
INFO (CarpetX):   level 6: 1 boxes, 32768 cells (0.0003815%, 12%)
INFO (CarpetX):   level 7: 1 boxes, 32768 cells (4.768e-05%, 12%)
INFO (CarpetX):   level 8: 1 boxes, 32768 cells (5.96e-06%, 12%)
INFO (CarpetX):   level 9: 1 boxes, 32768 cells (7.451e-07%, 12%)
INFO (CarpetX):   level 10: 1 boxes, 32768 cells (9.313e-08%, 12%)
INFO (CarpetX): Iteration: 0   time: 0   delta_time: 3.05176e-05
INFO (CarpetX): Initializing level 10...
INFO (CarpetX): Regridding...
INFO (CarpetX):   level 0: 1 boxes, 32768 cells (100%)
INFO (CarpetX):   level 1: 1 boxes, 32768 cells (12.5%, 12%)
INFO (CarpetX):   level 2: 1 boxes, 32768 cells (1.562%, 12%)
INFO (CarpetX):   level 3: 1 boxes, 32768 cells (0.1953%, 12%)
INFO (CarpetX):   level 4: 1 boxes, 32768 cells (0.02441%, 12%)
INFO (CarpetX):   level 5: 1 boxes, 32768 cells (0.003052%, 12%)
INFO (CarpetX):   level 6: 1 boxes, 32768 cells (0.0003815%, 12%)
INFO (CarpetX):   level 7: 1 boxes, 32768 cells (4.768e-05%, 12%)
INFO (CarpetX):   level 8: 1 boxes, 32768 cells (5.96e-06%, 12%)
INFO (CarpetX):   level 9: 1 boxes, 32768 cells (7.451e-07%, 12%)
INFO (CarpetX):   level 10: 1 boxes, 32768 cells (9.313e-08%, 12%)
INFO (CarpetX):   level 11: 1 boxes, 32768 cells (1.164e-08%, 12%)
INFO (CarpetX): Iteration: 0   time: 0   delta_time: 1.52588e-05
INFO (CarpetX): Initializing level 11...
INFO (CarpetX): Regridding...
INFO (CarpetX):   level 0: 1 boxes, 32768 cells (100%)
INFO (CarpetX):   level 1: 1 boxes, 32768 cells (12.5%, 12%)
INFO (CarpetX):   level 2: 1 boxes, 32768 cells (1.562%, 12%)
INFO (CarpetX):   level 3: 1 boxes, 32768 cells (0.1953%, 12%)
INFO (CarpetX):   level 4: 1 boxes, 32768 cells (0.02441%, 12%)
INFO (CarpetX):   level 5: 1 boxes, 32768 cells (0.003052%, 12%)
INFO (CarpetX):   level 6: 1 boxes, 32768 cells (0.0003815%, 12%)
INFO (CarpetX):   level 7: 1 boxes, 32768 cells (4.768e-05%, 12%)
INFO (CarpetX):   level 8: 1 boxes, 32768 cells (5.96e-06%, 12%)
INFO (CarpetX):   level 9: 1 boxes, 32768 cells (7.451e-07%, 12%)
INFO (CarpetX):   level 10: 1 boxes, 32768 cells (9.313e-08%, 12%)
INFO (CarpetX):   level 11: 1 boxes, 32768 cells (1.164e-08%, 12%)
INFO (CarpetX):   level 12: 1 boxes, 32768 cells (1.455e-09%, 12%)
INFO (CarpetX): Iteration: 0   time: 0   delta_time: 7.62939e-06
INFO (CarpetX): Initializing level 12...
INFO (CarpetX): Regridding...
INFO (CarpetX):   level 0: 1 boxes, 32768 cells (100%)
INFO (CarpetX):   level 1: 1 boxes, 32768 cells (12.5%, 12%)
INFO (CarpetX):   level 2: 1 boxes, 32768 cells (1.562%, 12%)
INFO (CarpetX):   level 3: 1 boxes, 32768 cells (0.1953%, 12%)
INFO (CarpetX):   level 4: 1 boxes, 32768 cells (0.02441%, 12%)
INFO (CarpetX):   level 5: 1 boxes, 32768 cells (0.003052%, 12%)
INFO (CarpetX):   level 6: 1 boxes, 32768 cells (0.0003815%, 12%)
INFO (CarpetX):   level 7: 1 boxes, 32768 cells (4.768e-05%, 12%)
INFO (CarpetX):   level 8: 1 boxes, 32768 cells (5.96e-06%, 12%)
INFO (CarpetX):   level 9: 1 boxes, 32768 cells (7.451e-07%, 12%)
INFO (CarpetX):   level 10: 1 boxes, 32768 cells (9.313e-08%, 12%)
INFO (CarpetX):   level 11: 1 boxes, 32768 cells (1.164e-08%, 12%)
INFO (CarpetX):   level 12: 1 boxes, 32768 cells (1.455e-09%, 12%)
INFO (CarpetX):   level 13: 1 boxes, 32768 cells (1.819e-10%, 12%)
INFO (CarpetX): Iteration: 0   time: 0   delta_time: 3.8147e-06
INFO (CarpetX): Initializing level 13...
INFO (CarpetX): Regridding...
INFO (CarpetX):   level 0: 1 boxes, 32768 cells (100%)
INFO (CarpetX):   level 1: 1 boxes, 32768 cells (12.5%, 12%)
INFO (CarpetX):   level 2: 1 boxes, 32768 cells (1.562%, 12%)
INFO (CarpetX):   level 3: 1 boxes, 32768 cells (0.1953%, 12%)
INFO (CarpetX):   level 4: 1 boxes, 32768 cells (0.02441%, 12%)
INFO (CarpetX):   level 5: 1 boxes, 32768 cells (0.003052%, 12%)
INFO (CarpetX):   level 6: 1 boxes, 32768 cells (0.0003815%, 12%)
INFO (CarpetX):   level 7: 1 boxes, 32768 cells (4.768e-05%, 12%)
INFO (CarpetX):   level 8: 1 boxes, 32768 cells (5.96e-06%, 12%)
INFO (CarpetX):   level 9: 1 boxes, 32768 cells (7.451e-07%, 12%)
INFO (CarpetX):   level 10: 1 boxes, 32768 cells (9.313e-08%, 12%)
INFO (CarpetX):   level 11: 1 boxes, 32768 cells (1.164e-08%, 12%)
INFO (CarpetX):   level 12: 1 boxes, 32768 cells (1.455e-09%, 12%)
INFO (CarpetX):   level 13: 1 boxes, 32768 cells (1.819e-10%, 12%)
INFO (CarpetX):   level 14: 1 boxes, 32768 cells (2.274e-11%, 12%)
INFO (CarpetX): Iteration: 0   time: 0   delta_time: 1.90735e-06
INFO (CarpetX): Initializing level 14...
INFO (CarpetX): Regridding...
INFO (CarpetX):   level 0: 1 boxes, 32768 cells (100%)
INFO (CarpetX):   level 1: 1 boxes, 32768 cells (12.5%, 12%)
INFO (CarpetX):   level 2: 1 boxes, 32768 cells (1.562%, 12%)
INFO (CarpetX):   level 3: 1 boxes, 32768 cells (0.1953%, 12%)
INFO (CarpetX):   level 4: 1 boxes, 32768 cells (0.02441%, 12%)
INFO (CarpetX):   level 5: 1 boxes, 32768 cells (0.003052%, 12%)
INFO (CarpetX):   level 6: 1 boxes, 32768 cells (0.0003815%, 12%)
INFO (CarpetX):   level 7: 1 boxes, 32768 cells (4.768e-05%, 12%)
INFO (CarpetX):   level 8: 1 boxes, 32768 cells (5.96e-06%, 12%)
INFO (CarpetX):   level 9: 1 boxes, 32768 cells (7.451e-07%, 12%)
INFO (CarpetX):   level 10: 1 boxes, 32768 cells (9.313e-08%, 12%)
INFO (CarpetX):   level 11: 1 boxes, 32768 cells (1.164e-08%, 12%)
INFO (CarpetX):   level 12: 1 boxes, 32768 cells (1.455e-09%, 12%)
INFO (CarpetX):   level 13: 1 boxes, 32768 cells (1.819e-10%, 12%)
INFO (CarpetX):   level 14: 1 boxes, 32768 cells (2.274e-11%, 12%)
INFO (CarpetX):   level 15: 1 boxes, 32768 cells (2.842e-12%, 12%)
INFO (CarpetX): Iteration: 0   time: 0   delta_time: 9.53674e-07
INFO (CarpetX): Initializing level 15...
INFO (CarpetX): Regridding...
INFO (CarpetX):   level 0: 1 boxes, 32768 cells (100%)
INFO (CarpetX):   level 1: 1 boxes, 32768 cells (12.5%, 12%)
INFO (CarpetX):   level 2: 1 boxes, 32768 cells (1.562%, 12%)
INFO (CarpetX):   level 3: 1 boxes, 32768 cells (0.1953%, 12%)
INFO (CarpetX):   level 4: 1 boxes, 32768 cells (0.02441%, 12%)
INFO (CarpetX):   level 5: 1 boxes, 32768 cells (0.003052%, 12%)
INFO (CarpetX):   level 6: 1 boxes, 32768 cells (0.0003815%, 12%)
INFO (CarpetX):   level 7: 1 boxes, 32768 cells (4.768e-05%, 12%)
INFO (CarpetX):   level 8: 1 boxes, 32768 cells (5.96e-06%, 12%)
INFO (CarpetX):   level 9: 1 boxes, 32768 cells (7.451e-07%, 12%)
INFO (CarpetX):   level 10: 1 boxes, 32768 cells (9.313e-08%, 12%)
INFO (CarpetX):   level 11: 1 boxes, 32768 cells (1.164e-08%, 12%)
INFO (CarpetX):   level 12: 1 boxes, 32768 cells (1.455e-09%, 12%)
INFO (CarpetX):   level 13: 1 boxes, 32768 cells (1.819e-10%, 12%)
INFO (CarpetX):   level 14: 1 boxes, 32768 cells (2.274e-11%, 12%)
INFO (CarpetX):   level 15: 1 boxes, 32768 cells (2.842e-12%, 12%)
INFO (CarpetX):   level 16: 1 boxes, 32768 cells (3.553e-13%, 12%)
INFO (CarpetX): Iteration: 0   time: 0   delta_time: 4.76837e-07
INFO (CarpetX): Initializing level 16...
INFO (CarpetX): Regridding...
INFO (CarpetX):   level 0: 1 boxes, 32768 cells (100%)
INFO (CarpetX):   level 1: 1 boxes, 32768 cells (12.5%, 12%)
INFO (CarpetX):   level 2: 1 boxes, 32768 cells (1.562%, 12%)
INFO (CarpetX):   level 3: 1 boxes, 32768 cells (0.1953%, 12%)
INFO (CarpetX):   level 4: 1 boxes, 32768 cells (0.02441%, 12%)
INFO (CarpetX):   level 5: 1 boxes, 32768 cells (0.003052%, 12%)
INFO (CarpetX):   level 6: 1 boxes, 32768 cells (0.0003815%, 12%)
INFO (CarpetX):   level 7: 1 boxes, 32768 cells (4.768e-05%, 12%)
INFO (CarpetX):   level 8: 1 boxes, 32768 cells (5.96e-06%, 12%)
INFO (CarpetX):   level 9: 1 boxes, 32768 cells (7.451e-07%, 12%)
INFO (CarpetX):   level 10: 1 boxes, 32768 cells (9.313e-08%, 12%)
INFO (CarpetX):   level 11: 1 boxes, 32768 cells (1.164e-08%, 12%)
INFO (CarpetX):   level 12: 1 boxes, 32768 cells (1.455e-09%, 12%)
INFO (CarpetX):   level 13: 1 boxes, 32768 cells (1.819e-10%, 12%)
INFO (CarpetX):   level 14: 1 boxes, 32768 cells (2.274e-11%, 12%)
INFO (CarpetX):   level 15: 1 boxes, 32768 cells (2.842e-12%, 12%)
INFO (CarpetX):   level 16: 1 boxes, 32768 cells (3.553e-13%, 12%)
INFO (CarpetX):   level 17: 1 boxes, 32768 cells (4.441e-14%, 12%)
INFO (CarpetX): Iteration: 0   time: 0   delta_time: 2.38419e-07
INFO (CarpetX): Initializing level 17...
INFO (CarpetX): Regridding...
INFO (CarpetX):   level 0: 1 boxes, 32768 cells (100%)
INFO (CarpetX):   level 1: 1 boxes, 32768 cells (12.5%, 12%)
INFO (CarpetX):   level 2: 1 boxes, 32768 cells (1.562%, 12%)
INFO (CarpetX):   level 3: 1 boxes, 32768 cells (0.1953%, 12%)
INFO (CarpetX):   level 4: 1 boxes, 32768 cells (0.02441%, 12%)
INFO (CarpetX):   level 5: 1 boxes, 32768 cells (0.003052%, 12%)
INFO (CarpetX):   level 6: 1 boxes, 32768 cells (0.0003815%, 12%)
INFO (CarpetX):   level 7: 1 boxes, 32768 cells (4.768e-05%, 12%)
INFO (CarpetX):   level 8: 1 boxes, 32768 cells (5.96e-06%, 12%)
INFO (CarpetX):   level 9: 1 boxes, 32768 cells (7.451e-07%, 12%)
INFO (CarpetX):   level 10: 1 boxes, 32768 cells (9.313e-08%, 12%)
INFO (CarpetX):   level 11: 1 boxes, 32768 cells (1.164e-08%, 12%)
INFO (CarpetX):   level 12: 1 boxes, 32768 cells (1.455e-09%, 12%)
INFO (CarpetX):   level 13: 1 boxes, 32768 cells (1.819e-10%, 12%)
INFO (CarpetX):   level 14: 1 boxes, 32768 cells (2.274e-11%, 12%)
INFO (CarpetX):   level 15: 1 boxes, 32768 cells (2.842e-12%, 12%)
INFO (CarpetX):   level 16: 1 boxes, 32768 cells (3.553e-13%, 12%)
INFO (CarpetX):   level 17: 1 boxes, 32768 cells (4.441e-14%, 12%)
INFO (CarpetX):   level 18: 1 boxes, 32768 cells (5.551e-15%, 12%)
INFO (CarpetX): Iteration: 0   time: 0   delta_time: 1.19209e-07
INFO (CarpetX): Initializing level 18...
INFO (CarpetX): Regridding...
INFO (CarpetX):   level 0: 1 boxes, 32768 cells (100%)
INFO (CarpetX):   level 1: 1 boxes, 32768 cells (12.5%, 12%)
INFO (CarpetX):   level 2: 1 boxes, 32768 cells (1.562%, 12%)
INFO (CarpetX):   level 3: 1 boxes, 32768 cells (0.1953%, 12%)
INFO (CarpetX):   level 4: 1 boxes, 32768 cells (0.02441%, 12%)
INFO (CarpetX):   level 5: 1 boxes, 32768 cells (0.003052%, 12%)
INFO (CarpetX):   level 6: 1 boxes, 32768 cells (0.0003815%, 12%)
INFO (CarpetX):   level 7: 1 boxes, 32768 cells (4.768e-05%, 12%)
INFO (CarpetX):   level 8: 1 boxes, 32768 cells (5.96e-06%, 12%)
INFO (CarpetX):   level 9: 1 boxes, 32768 cells (7.451e-07%, 12%)
INFO (CarpetX):   level 10: 1 boxes, 32768 cells (9.313e-08%, 12%)
INFO (CarpetX):   level 11: 1 boxes, 32768 cells (1.164e-08%, 12%)
INFO (CarpetX):   level 12: 1 boxes, 32768 cells (1.455e-09%, 12%)
INFO (CarpetX):   level 13: 1 boxes, 32768 cells (1.819e-10%, 12%)
INFO (CarpetX):   level 14: 1 boxes, 32768 cells (2.274e-11%, 12%)
INFO (CarpetX):   level 15: 1 boxes, 32768 cells (2.842e-12%, 12%)
INFO (CarpetX):   level 16: 1 boxes, 32768 cells (3.553e-13%, 12%)
INFO (CarpetX):   level 17: 1 boxes, 32768 cells (4.441e-14%, 12%)
INFO (CarpetX):   level 18: 1 boxes, 32768 cells (5.551e-15%, 12%)
INFO (CarpetX):   level 19: 1 boxes, 32768 cells (6.939e-16%, 12%)
INFO (CarpetX): Iteration: 0   time: 0   delta_time: 5.96046e-08
INFO (CarpetX): Initializing level 19...
INFO (CarpetX): Regridding...
INFO (CarpetX):   level 0: 1 boxes, 32768 cells (100%)
INFO (CarpetX):   level 1: 1 boxes, 32768 cells (12.5%, 12%)
INFO (CarpetX):   level 2: 1 boxes, 32768 cells (1.562%, 12%)
INFO (CarpetX):   level 3: 1 boxes, 32768 cells (0.1953%, 12%)
INFO (CarpetX):   level 4: 1 boxes, 32768 cells (0.02441%, 12%)
INFO (CarpetX):   level 5: 1 boxes, 32768 cells (0.003052%, 12%)
INFO (CarpetX):   level 6: 1 boxes, 32768 cells (0.0003815%, 12%)
INFO (CarpetX):   level 7: 1 boxes, 32768 cells (4.768e-05%, 12%)
INFO (CarpetX):   level 8: 1 boxes, 32768 cells (5.96e-06%, 12%)
INFO (CarpetX):   level 9: 1 boxes, 32768 cells (7.451e-07%, 12%)
INFO (CarpetX):   level 10: 1 boxes, 32768 cells (9.313e-08%, 12%)
INFO (CarpetX):   level 11: 1 boxes, 32768 cells (1.164e-08%, 12%)
INFO (CarpetX):   level 12: 1 boxes, 32768 cells (1.455e-09%, 12%)
INFO (CarpetX):   level 13: 1 boxes, 32768 cells (1.819e-10%, 12%)
INFO (CarpetX):   level 14: 1 boxes, 32768 cells (2.274e-11%, 12%)
INFO (CarpetX):   level 15: 1 boxes, 32768 cells (2.842e-12%, 12%)
INFO (CarpetX):   level 16: 1 boxes, 32768 cells (3.553e-13%, 12%)
INFO (CarpetX):   level 17: 1 boxes, 32768 cells (4.441e-14%, 12%)
INFO (CarpetX):   level 18: 1 boxes, 32768 cells (5.551e-15%, 12%)
INFO (CarpetX):   level 19: 1 boxes, 32768 cells (6.939e-16%, 12%)
INFO (CarpetX): Initialized 20 levels
INFO (CarpetX): OutputGH: iteration 0, time 0.000000, run time 1 s
INFO (CarpetX): OutputADIOS2...
INFO (CarpetX): OutputGH done.
INFO (CarpetX): Starting evolution...
INFO (CarpetX): Regridding...
INFO (CarpetX):   old levels 20, new levels 20
INFO (CarpetX):   level 0: 1 boxes, 32768 cells (100%)
INFO (CarpetX):   level 1: 1 boxes, 32768 cells (12.5%, 12%)
INFO (CarpetX):   level 2: 1 boxes, 32768 cells (1.562%, 12%)
INFO (CarpetX):   level 3: 1 boxes, 32768 cells (0.1953%, 12%)
INFO (CarpetX):   level 4: 1 boxes, 32768 cells (0.02441%, 12%)
INFO (CarpetX):   level 5: 1 boxes, 32768 cells (0.003052%, 12%)
INFO (CarpetX):   level 6: 1 boxes, 32768 cells (0.0003815%, 12%)
INFO (CarpetX):   level 7: 1 boxes, 32768 cells (4.768e-05%, 12%)
INFO (CarpetX):   level 8: 1 boxes, 32768 cells (5.96e-06%, 12%)
INFO (CarpetX):   level 9: 1 boxes, 32768 cells (7.451e-07%, 12%)
INFO (CarpetX):   level 10: 1 boxes, 32768 cells (9.313e-08%, 12%)
INFO (CarpetX):   level 11: 1 boxes, 32768 cells (1.164e-08%, 12%)
INFO (CarpetX):   level 12: 1 boxes, 32768 cells (1.455e-09%, 12%)
INFO (CarpetX):   level 13: 1 boxes, 32768 cells (1.819e-10%, 12%)
INFO (CarpetX):   level 14: 1 boxes, 32768 cells (2.274e-11%, 12%)
INFO (CarpetX):   level 15: 1 boxes, 32768 cells (2.842e-12%, 12%)
INFO (CarpetX):   level 16: 1 boxes, 32768 cells (3.553e-13%, 12%)
INFO (CarpetX):   level 17: 1 boxes, 32768 cells (4.441e-14%, 12%)
INFO (CarpetX):   level 18: 1 boxes, 32768 cells (5.551e-15%, 12%)
INFO (CarpetX):   level 19: 1 boxes, 32768 cells (6.939e-16%, 12%)
INFO (CarpetX): OutputGH: iteration 1, time 0.000000, run time 1 s
INFO (CarpetX): OutputGH done.
INFO (CarpetX): Simulation time: 5.96046e-08   Iterations per second: 12.1746   Simulation time per second: 7.25664e-07
INFO (CarpetX): Grid cells: 655360   Grid cell updates per second: 7.97876e+06
INFO (CarpetX): Performance:
INFO (CarpetX):   total evolution time:            0.0821381 sec
INFO (CarpetX):   total evolution compute time:    0.0821259 sec
INFO (CarpetX):   total evolution output time:     1.21593e-05 sec
INFO (CarpetX):   total iterations:                1
INFO (CarpetX):   total cells updated:             655360
INFO (CarpetX):   average iterations per second: 12.1746
INFO (CarpetX):   average cell updates per second: 7.97876e+06
INFO (CarpetX): Regridding...
INFO (CarpetX):   old levels 20, new levels 20
INFO (CarpetX):   level 0: 1 boxes, 32768 cells (100%)
INFO (CarpetX):   level 1: 1 boxes, 32768 cells (12.5%, 12%)
INFO (CarpetX):   level 2: 1 boxes, 32768 cells (1.562%, 12%)
INFO (CarpetX):   level 3: 1 boxes, 32768 cells (0.1953%, 12%)
INFO (CarpetX):   level 4: 1 boxes, 32768 cells (0.02441%, 12%)
INFO (CarpetX):   level 5: 1 boxes, 32768 cells (0.003052%, 12%)
INFO (CarpetX):   level 6: 1 boxes, 32768 cells (0.0003815%, 12%)
INFO (CarpetX):   level 7: 1 boxes, 32768 cells (4.768e-05%, 12%)
INFO (CarpetX):   level 8: 1 boxes, 32768 cells (5.96e-06%, 12%)
INFO (CarpetX):   level 9: 1 boxes, 32768 cells (7.451e-07%, 12%)
INFO (CarpetX):   level 10: 1 boxes, 32768 cells (9.313e-08%, 12%)
INFO (CarpetX):   level 11: 1 boxes, 32768 cells (1.164e-08%, 12%)
INFO (CarpetX):   level 12: 1 boxes, 32768 cells (1.455e-09%, 12%)
INFO (CarpetX):   level 13: 1 boxes, 32768 cells (1.819e-10%, 12%)
INFO (CarpetX):   level 14: 1 boxes, 32768 cells (2.274e-11%, 12%)
INFO (CarpetX):   level 15: 1 boxes, 32768 cells (2.842e-12%, 12%)
INFO (CarpetX):   level 16: 1 boxes, 32768 cells (3.553e-13%, 12%)
INFO (CarpetX):   level 17: 1 boxes, 32768 cells (4.441e-14%, 12%)
INFO (CarpetX):   level 18: 1 boxes, 32768 cells (5.551e-15%, 12%)
INFO (CarpetX):   level 19: 1 boxes, 32768 cells (6.939e-16%, 12%)
INFO (CarpetX): OutputGH: iteration 2, time 0.000000, run time 1 s
INFO (CarpetX): OutputGH done.
INFO (CarpetX): Simulation time: 1.19209e-07   Iterations per second: 11.9736   Simulation time per second: 7.13682e-07
INFO (CarpetX): Grid cells: 655360   Grid cell updates per second: 7.84702e+06
INFO (CarpetX): Performance:
INFO (CarpetX):   total evolution time:            0.165655 sec
INFO (CarpetX):   total evolution compute time:    0.16563 sec
INFO (CarpetX):   total evolution output time:     2.5034e-05 sec
INFO (CarpetX):   total iterations:                2
INFO (CarpetX):   total cells updated:             1.31072e+06
INFO (CarpetX):   average iterations per second: 12.0733
INFO (CarpetX):   average cell updates per second: 7.91234e+06
INFO (CarpetX): Regridding...
INFO (CarpetX):   old levels 20, new levels 20
INFO (CarpetX):   level 0: 1 boxes, 32768 cells (100%)
INFO (CarpetX):   level 1: 1 boxes, 32768 cells (12.5%, 12%)
INFO (CarpetX):   level 2: 1 boxes, 32768 cells (1.562%, 12%)
INFO (CarpetX):   level 3: 1 boxes, 32768 cells (0.1953%, 12%)
INFO (CarpetX):   level 4: 1 boxes, 32768 cells (0.02441%, 12%)
INFO (CarpetX):   level 5: 1 boxes, 32768 cells (0.003052%, 12%)
INFO (CarpetX):   level 6: 1 boxes, 32768 cells (0.0003815%, 12%)
INFO (CarpetX):   level 7: 1 boxes, 32768 cells (4.768e-05%, 12%)
INFO (CarpetX):   level 8: 1 boxes, 32768 cells (5.96e-06%, 12%)
INFO (CarpetX):   level 9: 1 boxes, 32768 cells (7.451e-07%, 12%)
INFO (CarpetX):   level 10: 1 boxes, 32768 cells (9.313e-08%, 12%)
INFO (CarpetX):   level 11: 1 boxes, 32768 cells (1.164e-08%, 12%)
INFO (CarpetX):   level 12: 1 boxes, 32768 cells (1.455e-09%, 12%)
INFO (CarpetX):   level 13: 1 boxes, 32768 cells (1.819e-10%, 12%)
INFO (CarpetX):   level 14: 1 boxes, 32768 cells (2.274e-11%, 12%)
INFO (CarpetX):   level 15: 1 boxes, 32768 cells (2.842e-12%, 12%)
INFO (CarpetX):   level 16: 1 boxes, 32768 cells (3.553e-13%, 12%)
INFO (CarpetX):   level 17: 1 boxes, 32768 cells (4.441e-14%, 12%)
INFO (CarpetX):   level 18: 1 boxes, 32768 cells (5.551e-15%, 12%)
INFO (CarpetX):   level 19: 1 boxes, 32768 cells (6.939e-16%, 12%)
INFO (CarpetX): OutputGH: iteration 3, time 0.000000, run time 1 s
INFO (CarpetX): OutputGH done.
INFO (CarpetX): Simulation time: 1.78814e-07   Iterations per second: 12.5229   Simulation time per second: 7.4642e-07
INFO (CarpetX): Grid cells: 655360   Grid cell updates per second: 8.20698e+06
INFO (CarpetX): Performance:
INFO (CarpetX):   total evolution time:            0.245509 sec
INFO (CarpetX):   total evolution compute time:    0.245472 sec
INFO (CarpetX):   total evolution output time:     3.69549e-05 sec
INFO (CarpetX):   total iterations:                3
INFO (CarpetX):   total cells updated:             1.96608e+06
INFO (CarpetX):   average iterations per second: 12.2195
INFO (CarpetX):   average cell updates per second: 8.00817e+06
INFO (CarpetX): Regridding...
INFO (CarpetX):   old levels 20, new levels 20
INFO (CarpetX):   level 0: 1 boxes, 32768 cells (100%)
INFO (CarpetX):   level 1: 1 boxes, 32768 cells (12.5%, 12%)
INFO (CarpetX):   level 2: 1 boxes, 32768 cells (1.562%, 12%)
INFO (CarpetX):   level 3: 1 boxes, 32768 cells (0.1953%, 12%)
INFO (CarpetX):   level 4: 1 boxes, 32768 cells (0.02441%, 12%)
INFO (CarpetX):   level 5: 1 boxes, 32768 cells (0.003052%, 12%)
INFO (CarpetX):   level 6: 1 boxes, 32768 cells (0.0003815%, 12%)
INFO (CarpetX):   level 7: 1 boxes, 32768 cells (4.768e-05%, 12%)
INFO (CarpetX):   level 8: 1 boxes, 32768 cells (5.96e-06%, 12%)
INFO (CarpetX):   level 9: 1 boxes, 32768 cells (7.451e-07%, 12%)
INFO (CarpetX):   level 10: 1 boxes, 32768 cells (9.313e-08%, 12%)
INFO (CarpetX):   level 11: 1 boxes, 32768 cells (1.164e-08%, 12%)
INFO (CarpetX):   level 12: 1 boxes, 32768 cells (1.455e-09%, 12%)
INFO (CarpetX):   level 13: 1 boxes, 32768 cells (1.819e-10%, 12%)
INFO (CarpetX):   level 14: 1 boxes, 32768 cells (2.274e-11%, 12%)
INFO (CarpetX):   level 15: 1 boxes, 32768 cells (2.842e-12%, 12%)
INFO (CarpetX):   level 16: 1 boxes, 32768 cells (3.553e-13%, 12%)
INFO (CarpetX):   level 17: 1 boxes, 32768 cells (4.441e-14%, 12%)
INFO (CarpetX):   level 18: 1 boxes, 32768 cells (5.551e-15%, 12%)
INFO (CarpetX):   level 19: 1 boxes, 32768 cells (6.939e-16%, 12%)
INFO (CarpetX): OutputGH: iteration 4, time 0.000000, run time 1 s
INFO (CarpetX): OutputGH done.
INFO (CarpetX): Simulation time: 2.38419e-07   Iterations per second: 12.4296   Simulation time per second: 7.40864e-07
INFO (CarpetX): Grid cells: 655360   Grid cell updates per second: 8.14588e+06
INFO (CarpetX): Performance:
INFO (CarpetX):   total evolution time:            0.325962 sec
INFO (CarpetX):   total evolution compute time:    0.325912 sec
INFO (CarpetX):   total evolution output time:     5.00679e-05 sec
INFO (CarpetX):   total iterations:                4
INFO (CarpetX):   total cells updated:             2.62144e+06
INFO (CarpetX):   average iterations per second: 12.2714
INFO (CarpetX):   average cell updates per second: 8.04216e+06
INFO (CarpetX): Regridding...
INFO (CarpetX):   old levels 20, new levels 20
INFO (CarpetX):   level 0: 1 boxes, 32768 cells (100%)
INFO (CarpetX):   level 1: 1 boxes, 32768 cells (12.5%, 12%)
INFO (CarpetX):   level 2: 1 boxes, 32768 cells (1.562%, 12%)
INFO (CarpetX):   level 3: 1 boxes, 32768 cells (0.1953%, 12%)
INFO (CarpetX):   level 4: 1 boxes, 32768 cells (0.02441%, 12%)
INFO (CarpetX):   level 5: 1 boxes, 32768 cells (0.003052%, 12%)
INFO (CarpetX):   level 6: 1 boxes, 32768 cells (0.0003815%, 12%)
INFO (CarpetX):   level 7: 1 boxes, 32768 cells (4.768e-05%, 12%)
INFO (CarpetX):   level 8: 1 boxes, 32768 cells (5.96e-06%, 12%)
INFO (CarpetX):   level 9: 1 boxes, 32768 cells (7.451e-07%, 12%)
INFO (CarpetX):   level 10: 1 boxes, 32768 cells (9.313e-08%, 12%)
INFO (CarpetX):   level 11: 1 boxes, 32768 cells (1.164e-08%, 12%)
INFO (CarpetX):   level 12: 1 boxes, 32768 cells (1.455e-09%, 12%)
INFO (CarpetX):   level 13: 1 boxes, 32768 cells (1.819e-10%, 12%)
INFO (CarpetX):   level 14: 1 boxes, 32768 cells (2.274e-11%, 12%)
INFO (CarpetX):   level 15: 1 boxes, 32768 cells (2.842e-12%, 12%)
INFO (CarpetX):   level 16: 1 boxes, 32768 cells (3.553e-13%, 12%)
INFO (CarpetX):   level 17: 1 boxes, 32768 cells (4.441e-14%, 12%)
INFO (CarpetX):   level 18: 1 boxes, 32768 cells (5.551e-15%, 12%)
INFO (CarpetX):   level 19: 1 boxes, 32768 cells (6.939e-16%, 12%)
INFO (CarpetX): OutputGH: iteration 5, time 0.000000, run time 2 s
INFO (CarpetX): OutputGH done.
INFO (CarpetX): Simulation time: 2.98023e-07   Iterations per second: 12.2575   Simulation time per second: 7.30603e-07
INFO (CarpetX): Grid cells: 655360   Grid cell updates per second: 8.03307e+06
INFO (CarpetX): Performance:
INFO (CarpetX):   total evolution time:            0.407545 sec
INFO (CarpetX):   total evolution compute time:    0.407483 sec
INFO (CarpetX):   total evolution output time:     6.19888e-05 sec
INFO (CarpetX):   total iterations:                5
INFO (CarpetX):   total cells updated:             3.2768e+06
INFO (CarpetX):   average iterations per second: 12.2686
INFO (CarpetX):   average cell updates per second: 8.04034e+06
INFO (CarpetX): Regridding...
INFO (CarpetX):   old levels 20, new levels 20
INFO (CarpetX):   level 0: 1 boxes, 32768 cells (100%)
INFO (CarpetX):   level 1: 1 boxes, 32768 cells (12.5%, 12%)
INFO (CarpetX):   level 2: 1 boxes, 32768 cells (1.562%, 12%)
INFO (CarpetX):   level 3: 1 boxes, 32768 cells (0.1953%, 12%)
INFO (CarpetX):   level 4: 1 boxes, 32768 cells (0.02441%, 12%)
INFO (CarpetX):   level 5: 1 boxes, 32768 cells (0.003052%, 12%)
INFO (CarpetX):   level 6: 1 boxes, 32768 cells (0.0003815%, 12%)
INFO (CarpetX):   level 7: 1 boxes, 32768 cells (4.768e-05%, 12%)
INFO (CarpetX):   level 8: 1 boxes, 32768 cells (5.96e-06%, 12%)
INFO (CarpetX):   level 9: 1 boxes, 32768 cells (7.451e-07%, 12%)
INFO (CarpetX):   level 10: 1 boxes, 32768 cells (9.313e-08%, 12%)
INFO (CarpetX):   level 11: 1 boxes, 32768 cells (1.164e-08%, 12%)
INFO (CarpetX):   level 12: 1 boxes, 32768 cells (1.455e-09%, 12%)
INFO (CarpetX):   level 13: 1 boxes, 32768 cells (1.819e-10%, 12%)
INFO (CarpetX):   level 14: 1 boxes, 32768 cells (2.274e-11%, 12%)
INFO (CarpetX):   level 15: 1 boxes, 32768 cells (2.842e-12%, 12%)
INFO (CarpetX):   level 16: 1 boxes, 32768 cells (3.553e-13%, 12%)
INFO (CarpetX):   level 17: 1 boxes, 32768 cells (4.441e-14%, 12%)
INFO (CarpetX):   level 18: 1 boxes, 32768 cells (5.551e-15%, 12%)
INFO (CarpetX):   level 19: 1 boxes, 32768 cells (6.939e-16%, 12%)
INFO (CarpetX): OutputGH: iteration 6, time 0.000000, run time 2 s
INFO (CarpetX): OutputGH done.
INFO (CarpetX): Simulation time: 3.57628e-07   Iterations per second: 11.9901   Simulation time per second: 7.14668e-07
INFO (CarpetX): Grid cells: 655360   Grid cell updates per second: 7.85785e+06
INFO (CarpetX): Performance:
INFO (CarpetX):   total evolution time:            0.490947 sec
INFO (CarpetX):   total evolution compute time:    0.490872 sec
INFO (CarpetX):   total evolution output time:     7.48634e-05 sec
INFO (CarpetX):   total iterations:                6
INFO (CarpetX):   total cells updated:             3.93216e+06
INFO (CarpetX):   average iterations per second: 12.2213
INFO (CarpetX):   average cell updates per second: 8.00934e+06
INFO (CarpetX): Regridding...
INFO (CarpetX):   old levels 20, new levels 20
INFO (CarpetX):   level 0: 1 boxes, 32768 cells (100%)
INFO (CarpetX):   level 1: 1 boxes, 32768 cells (12.5%, 12%)
INFO (CarpetX):   level 2: 1 boxes, 32768 cells (1.562%, 12%)
INFO (CarpetX):   level 3: 1 boxes, 32768 cells (0.1953%, 12%)
INFO (CarpetX):   level 4: 1 boxes, 32768 cells (0.02441%, 12%)
INFO (CarpetX):   level 5: 1 boxes, 32768 cells (0.003052%, 12%)
INFO (CarpetX):   level 6: 1 boxes, 32768 cells (0.0003815%, 12%)
INFO (CarpetX):   level 7: 1 boxes, 32768 cells (4.768e-05%, 12%)
INFO (CarpetX):   level 8: 1 boxes, 32768 cells (5.96e-06%, 12%)
INFO (CarpetX):   level 9: 1 boxes, 32768 cells (7.451e-07%, 12%)
INFO (CarpetX):   level 10: 1 boxes, 32768 cells (9.313e-08%, 12%)
INFO (CarpetX):   level 11: 1 boxes, 32768 cells (1.164e-08%, 12%)
INFO (CarpetX):   level 12: 1 boxes, 32768 cells (1.455e-09%, 12%)
INFO (CarpetX):   level 13: 1 boxes, 32768 cells (1.819e-10%, 12%)
INFO (CarpetX):   level 14: 1 boxes, 32768 cells (2.274e-11%, 12%)
INFO (CarpetX):   level 15: 1 boxes, 32768 cells (2.842e-12%, 12%)
INFO (CarpetX):   level 16: 1 boxes, 32768 cells (3.553e-13%, 12%)
INFO (CarpetX):   level 17: 1 boxes, 32768 cells (4.441e-14%, 12%)
INFO (CarpetX):   level 18: 1 boxes, 32768 cells (5.551e-15%, 12%)
INFO (CarpetX):   level 19: 1 boxes, 32768 cells (6.939e-16%, 12%)
INFO (CarpetX): OutputGH: iteration 7, time 0.000000, run time 2 s
INFO (CarpetX): OutputGH done.
INFO (CarpetX): Simulation time: 4.17233e-07   Iterations per second: 12.6451   Simulation time per second: 7.53707e-07
INFO (CarpetX): Grid cells: 655360   Grid cell updates per second: 8.28709e+06
INFO (CarpetX): Performance:
INFO (CarpetX):   total evolution time:            0.570029 sec
INFO (CarpetX):   total evolution compute time:    0.569942 sec
INFO (CarpetX):   total evolution output time:     8.70228e-05 sec
INFO (CarpetX):   total iterations:                7
INFO (CarpetX):   total cells updated:             4.58752e+06
INFO (CarpetX):   average iterations per second: 12.2801
INFO (CarpetX):   average cell updates per second: 8.04787e+06
INFO (CarpetX): Regridding...
INFO (CarpetX):   old levels 20, new levels 20
INFO (CarpetX):   level 0: 1 boxes, 32768 cells (100%)
INFO (CarpetX):   level 1: 1 boxes, 32768 cells (12.5%, 12%)
INFO (CarpetX):   level 2: 1 boxes, 32768 cells (1.562%, 12%)
INFO (CarpetX):   level 3: 1 boxes, 32768 cells (0.1953%, 12%)
INFO (CarpetX):   level 4: 1 boxes, 32768 cells (0.02441%, 12%)
INFO (CarpetX):   level 5: 1 boxes, 32768 cells (0.003052%, 12%)
INFO (CarpetX):   level 6: 1 boxes, 32768 cells (0.0003815%, 12%)
INFO (CarpetX):   level 7: 1 boxes, 32768 cells (4.768e-05%, 12%)
INFO (CarpetX):   level 8: 1 boxes, 32768 cells (5.96e-06%, 12%)
INFO (CarpetX):   level 9: 1 boxes, 32768 cells (7.451e-07%, 12%)
INFO (CarpetX):   level 10: 1 boxes, 32768 cells (9.313e-08%, 12%)
INFO (CarpetX):   level 11: 1 boxes, 32768 cells (1.164e-08%, 12%)
INFO (CarpetX):   level 12: 1 boxes, 32768 cells (1.455e-09%, 12%)
INFO (CarpetX):   level 13: 1 boxes, 32768 cells (1.819e-10%, 12%)
INFO (CarpetX):   level 14: 1 boxes, 32768 cells (2.274e-11%, 12%)
INFO (CarpetX):   level 15: 1 boxes, 32768 cells (2.842e-12%, 12%)
INFO (CarpetX):   level 16: 1 boxes, 32768 cells (3.553e-13%, 12%)
INFO (CarpetX):   level 17: 1 boxes, 32768 cells (4.441e-14%, 12%)
INFO (CarpetX):   level 18: 1 boxes, 32768 cells (5.551e-15%, 12%)
INFO (CarpetX):   level 19: 1 boxes, 32768 cells (6.939e-16%, 12%)
INFO (CarpetX): OutputGH: iteration 8, time 0.000000, run time 2 s
INFO (CarpetX): OutputGH done.
INFO (CarpetX): Simulation time: 4.76837e-07   Iterations per second: 12.0624   Simulation time per second: 7.18978e-07
INFO (CarpetX): Grid cells: 655360   Grid cell updates per second: 7.90524e+06
INFO (CarpetX): Performance:
INFO (CarpetX):   total evolution time:            0.652931 sec
INFO (CarpetX):   total evolution compute time:    0.65283 sec
INFO (CarpetX):   total evolution output time:     0.000100851 sec
INFO (CarpetX):   total iterations:                8
INFO (CarpetX):   total cells updated:             5.24288e+06
INFO (CarpetX):   average iterations per second: 12.2524
INFO (CarpetX):   average cell updates per second: 8.02976e+06
INFO (CarpetX): Regridding...
INFO (CarpetX):   old levels 20, new levels 20
INFO (CarpetX):   level 0: 1 boxes, 32768 cells (100%)
INFO (CarpetX):   level 1: 1 boxes, 32768 cells (12.5%, 12%)
INFO (CarpetX):   level 2: 1 boxes, 32768 cells (1.562%, 12%)
INFO (CarpetX):   level 3: 1 boxes, 32768 cells (0.1953%, 12%)
INFO (CarpetX):   level 4: 1 boxes, 32768 cells (0.02441%, 12%)
INFO (CarpetX):   level 5: 1 boxes, 32768 cells (0.003052%, 12%)
INFO (CarpetX):   level 6: 1 boxes, 32768 cells (0.0003815%, 12%)
INFO (CarpetX):   level 7: 1 boxes, 32768 cells (4.768e-05%, 12%)
INFO (CarpetX):   level 8: 1 boxes, 32768 cells (5.96e-06%, 12%)
INFO (CarpetX):   level 9: 1 boxes, 32768 cells (7.451e-07%, 12%)
INFO (CarpetX):   level 10: 1 boxes, 32768 cells (9.313e-08%, 12%)
INFO (CarpetX):   level 11: 1 boxes, 32768 cells (1.164e-08%, 12%)
INFO (CarpetX):   level 12: 1 boxes, 32768 cells (1.455e-09%, 12%)
INFO (CarpetX):   level 13: 1 boxes, 32768 cells (1.819e-10%, 12%)
INFO (CarpetX):   level 14: 1 boxes, 32768 cells (2.274e-11%, 12%)
INFO (CarpetX):   level 15: 1 boxes, 32768 cells (2.842e-12%, 12%)
INFO (CarpetX):   level 16: 1 boxes, 32768 cells (3.553e-13%, 12%)
INFO (CarpetX):   level 17: 1 boxes, 32768 cells (4.441e-14%, 12%)
INFO (CarpetX):   level 18: 1 boxes, 32768 cells (5.551e-15%, 12%)
INFO (CarpetX):   level 19: 1 boxes, 32768 cells (6.939e-16%, 12%)
INFO (CarpetX): OutputGH: iteration 9, time 0.000001, run time 2 s
INFO (CarpetX): OutputGH done.
INFO (CarpetX): Simulation time: 5.36442e-07   Iterations per second: 12.5731   Simulation time per second: 7.49414e-07
INFO (CarpetX): Grid cells: 655360   Grid cell updates per second: 8.23989e+06
INFO (CarpetX): Performance:
INFO (CarpetX):   total evolution time:            0.732466 sec
INFO (CarpetX):   total evolution compute time:    0.732336 sec
INFO (CarpetX):   total evolution output time:     0.000129938 sec
INFO (CarpetX):   total iterations:                9
INFO (CarpetX):   total cells updated:             5.89824e+06
INFO (CarpetX):   average iterations per second: 12.2873
INFO (CarpetX):   average cell updates per second: 8.05258e+06
INFO (CarpetX): Regridding...
INFO (CarpetX):   old levels 20, new levels 20
INFO (CarpetX):   level 0: 1 boxes, 32768 cells (100%)
INFO (CarpetX):   level 1: 1 boxes, 32768 cells (12.5%, 12%)
INFO (CarpetX):   level 2: 1 boxes, 32768 cells (1.562%, 12%)
INFO (CarpetX):   level 3: 1 boxes, 32768 cells (0.1953%, 12%)
INFO (CarpetX):   level 4: 1 boxes, 32768 cells (0.02441%, 12%)
INFO (CarpetX):   level 5: 1 boxes, 32768 cells (0.003052%, 12%)
INFO (CarpetX):   level 6: 1 boxes, 32768 cells (0.0003815%, 12%)
INFO (CarpetX):   level 7: 1 boxes, 32768 cells (4.768e-05%, 12%)
INFO (CarpetX):   level 8: 1 boxes, 32768 cells (5.96e-06%, 12%)
INFO (CarpetX):   level 9: 1 boxes, 32768 cells (7.451e-07%, 12%)
INFO (CarpetX):   level 10: 1 boxes, 32768 cells (9.313e-08%, 12%)
INFO (CarpetX):   level 11: 1 boxes, 32768 cells (1.164e-08%, 12%)
INFO (CarpetX):   level 12: 1 boxes, 32768 cells (1.455e-09%, 12%)
INFO (CarpetX):   level 13: 1 boxes, 32768 cells (1.819e-10%, 12%)
INFO (CarpetX):   level 14: 1 boxes, 32768 cells (2.274e-11%, 12%)
INFO (CarpetX):   level 15: 1 boxes, 32768 cells (2.842e-12%, 12%)
INFO (CarpetX):   level 16: 1 boxes, 32768 cells (3.553e-13%, 12%)
INFO (CarpetX):   level 17: 1 boxes, 32768 cells (4.441e-14%, 12%)
INFO (CarpetX):   level 18: 1 boxes, 32768 cells (5.551e-15%, 12%)
INFO (CarpetX):   level 19: 1 boxes, 32768 cells (6.939e-16%, 12%)
INFO (CarpetX): OutputGH: iteration 10, time 0.000001, run time 2 s
INFO (CarpetX): OutputADIOS2...
INFO (CarpetX): OutputGH done.
INFO (CarpetX): Simulation time: 5.96046e-07   Iterations per second: 4.79538   Simulation time per second: 2.85827e-07
INFO (CarpetX): Grid cells: 655360   Grid cell updates per second: 3.1427e+06
INFO (CarpetX): Performance:
INFO (CarpetX):   total evolution time:            0.941 sec
INFO (CarpetX):   total evolution compute time:    0.813587 sec
INFO (CarpetX):   total evolution output time:     0.127413 sec
INFO (CarpetX):   total iterations:                10
INFO (CarpetX):   total cells updated:             6.5536e+06
INFO (CarpetX):   average iterations per second: 10.627
INFO (CarpetX):   average cell updates per second: 6.96451e+06
INFO (CarpetX): Shutting down...
AMReX (23.08) finalized
--------------------------------------------------------------------------------
Done.
+ echo Stopping:
Stopping:
+ date
Wed Oct 18 22:48:01 UTC 2023
+ echo Done.
Done.
  Elapsed time: 2.6 s
