/home/runner/simulations/TestJob01_temp_1/output-0000/TEST/sim/CanudaX_BSSNMoL
Preparing:
+ set -e
+ cd output-0000-active
+ echo Checking:
Checking:
+ pwd
/home/runner/simulations/TestJob01_temp_1/output-0000/TEST/sim/CanudaX_BSSNMoL/output-0000-active
+ hostname
runnervmeorf1
+ date
Sat Apr 18 20:31:49 UTC 2026
+ echo Environment:
Environment:
+ export CACTUS_NUM_PROCS=1
+ CACTUS_NUM_PROCS=1
+ export CACTUS_NUM_THREADS=2
+ CACTUS_NUM_THREADS=2
+ export GMON_OUT_PREFIX=gmon.out
+ GMON_OUT_PREFIX=gmon.out
+ export OMP_NUM_THREADS=2
+ OMP_NUM_THREADS=2
+ env
+ sort
+ echo Starting:
Starting:
++ date +%s
+ export CACTUS_STARTTIME=1776544309
+ CACTUS_STARTTIME=1776544309
+ '[' 1 = 1 ']'
+ '[' 0 -eq 0 ']'
+ /home/runner/simulations/TestJob01_temp_1/SIMFACTORY/exe/cactus_sim -L 3 /home/runner/simulations/TestJob01_temp_1/output-0000/arrangements/CanudaX/CanudaX_BSSNMoL/test/gaugewave.par
INFO (Cactus): Increased logging level from 0 to 3
--------------------------------------------------------------------------------

       10                                  
  1   0101       ************************  
  01  1010 10      The Cactus Code V4.18.0    
 1010 1101 011      www.cactuscode.org     
  1001 100101    ************************  
    00010101                               
     100011     (c) Copyright The Authors  
      0100      GNU Licensed. No Warranty  
      0101                                 
--------------------------------------------------------------------------------

Cactus version:    4.18.0
Compile date:      Apr 18 2026 (20:28:59)
Run date:          Apr 18 2026 (20:31:49+0000)
Run host:          runnervmeorf1.umjiju2eyooedefg5u5h3m2sob.gx.internal.cloudapp.net (pid=131394)
Working directory: /home/runner/simulations/TestJob01_temp_1/output-0000/TEST/sim/CanudaX_BSSNMoL
Executable:        /home/runner/simulations/TestJob01_temp_1/SIMFACTORY/exe/cactus_sim
Parameter file:    /home/runner/simulations/TestJob01_temp_1/output-0000/arrangements/CanudaX/CanudaX_BSSNMoL/test/gaugewave.par
--------------------------------------------------------------------------------

Activating thorn Cactus...Success -> active implementation Cactus
Activation requested for 
--->ADMBaseX CanudaX_BSSNMoL CanudaX_ExactID CarpetX IOUtil ODESolvers TmunuBaseX<---
Thorn ADMBaseX requests automatic activation of Loop
Thorn CarpetX requests automatic activation of AMReX
Thorn CarpetX requests automatic activation of MPI
Thorn CarpetX requests automatic activation of yaml_cpp
Thorn CarpetX requests automatic activation of zlib
Thorn CarpetX requests automatic activation of Arith
Thorn CarpetX requests automatic activation of CarpetXRegrid
Thorn CarpetX requests automatic activation of ADIOS2
Thorn CarpetX requests automatic activation of openPMD
Thorn CarpetX requests automatic activation of Silo
Thorn ADIOS2 requests automatic activation of CMake
Thorn Arith requests automatic activation of NSIMD
Thorn MPI requests automatic activation of hwloc
Thorn openPMD requests automatic activation of HDF5
Activating thorn ADIOS2...Success -> active implementation ADIOS2
Activating thorn ADMBaseX...Success -> active implementation ADMBaseX
Activating thorn AMReX...Success -> active implementation AMReX
Activating thorn Arith...Success -> active implementation Arith
Activating thorn CanudaX_BSSNMoL...Success -> active implementation CanudaX_BSSNMoL
Activating thorn CanudaX_ExactID...Success -> active implementation CanudaX_ExactID
Activating thorn CarpetX...Success -> active implementation Driver
Activating thorn CarpetXRegrid...Success -> active implementation CarpetXRegrid
Activating thorn CMake...Success -> active implementation CMake
Activating thorn HDF5...Success -> active implementation HDF5
Activating thorn hwloc...Success -> active implementation hwloc
Activating thorn IOUtil...Success -> active implementation IO
Activating thorn Loop...Success -> active implementation Loop
Activating thorn MPI...Success -> active implementation MPI
Activating thorn NSIMD...Success -> active implementation NSIMD
Activating thorn ODESolvers...Success -> active implementation ODESolvers
Activating thorn openPMD...Success -> active implementation openPMD
Activating thorn Silo...Success -> active implementation Silo
Activating thorn TmunuBaseX...Success -> active implementation TmunuBaseX
Activating thorn yaml_cpp...Success -> active implementation yaml_cpp
Activating thorn zlib...Success -> active implementation zlib
--------------------------------------------------------------------------------
  if (recover initial data)
    Recover parameters
  endif

  Startup routines
    [CCTK_STARTUP]
      CarpetX::Driver_Startup: Start up the driver
      IOUtil::IOUtil_Startup: Startup routine
      GROUP hwloc_startup: hwloc startup group
        hwloc::hwloc_version: Output hwloc version

  Startup routines which need an existing grid hierarchy
    [CCTK_WRAGH]
      Arith::Test_smallvector: [meta] Test small vectors
      Arith::Test_spvect: [meta] Test sparse vectors
      ODESolvers::ODESolvers_InitConstants: [global] Set up dummy loop counters for schedule printout
  Parameter checking routines
    [CCTK_PARAMCHECK]
      CanudaX_BSSNMoL::CanudaX_BSSNMoL_paramcheck: Check CanudaX_BSSNMoL parameters for consistency

  Initialisation
    if (NOT (recover initial data AND recovery_mode is 'strict'))
      [CCTK_PREREGRIDINITIAL]
      Set up grid hierarchy
      [CCTK_POSTREGRIDINITIAL]
      [CCTK_BASEGRID]
        CarpetXRegrid::CarpetXRegrid_InitError: Initialize regridding error to zero
        GROUP ODESolvers_BaseGrid: Set up constants (e.g. coordinates) everywhere on the grid
      [CCTK_INITIAL]
        GROUP TmunuBaseX_SetTmunuVars: Schedule group for setting T_munu
          TmunuBaseX::TmunuBaseX_ZeroTmunu: Set T_munu to zero
          GROUP TmunuBaseX_AddToTmunu: Add to T_munu here
        GROUP ODESolvers_Initial: Set up initial conditions on interior of state vector
          GROUP ADMBaseX_InitialData: Schedule group for calculating ADM initial data
            GROUP CanudaX_ExactIDGroup: CanudaX_ExactID group for setting up initial data
              CanudaX_ExactID::CanudaX_ExactID_GaugeWave: [local] Create gauge wave initial data
          GROUP ADMBaseX_InitialGauge: Schedule group for the ADM initial gauge condition
            ADMBaseX::ADMBaseX_initial_dtlapse: Set dtlapse to zero
            ADMBaseX::ADMBaseX_initial_dtshift: Set dtshift to zero
          GROUP ADMBaseX_PostInitial: Schedule group for modifying the ADM initial data, such as e.g. adding noise
        GROUP CanudaX_BSSNMoL_InitialGroup: CanudaX_BSSNMoL: initial bin
          CanudaX_BSSNMoL::CanudaX_BSSNMoL_adm2bssn: [local] Convert initial data into BSSN variables
          CanudaX_BSSNMoL::CanudaX_BSSNMoL_gammat: [local] Set Gammat initial data
      [CCTK_POSTINITIAL]
        GROUP ODESolvers_PostStep: Apply boundary conditions to state vector, and project if necessary
          GROUP CanudaX_BSSNMoL_PostStepGroup: CanudaX_BSSNMoL: post-step operations
            CanudaX_BSSNMoL::CanudaX_BSSNMoL_impose_conf_fac_floor: Make sure conformal factor does not drop below specified value
            CanudaX_BSSNMoL::CanudaX_BSSNMoL_reset_detmetric: reset dethh = 1
            CanudaX_BSSNMoL::CanudaX_BSSNMoL_remove_trA: Remove trace of A
            CanudaX_BSSNMoL::CanudaX_BSSNMoL_sync: [global] Sync state vector
            CanudaX_BSSNMoL::CanudaX_BSSNMoL_bssn2adm: [local] Convert variables back to the ADM ones
          GROUP ADMBaseX_SetADMRHS: Set ADM RHS variables in this group
          GROUP ADMBaseX_SetADMVars: Set ADM variables in this group
          GROUP TmunuBaseX_SetTmunuVars: Schedule group for setting T_munu
            TmunuBaseX::TmunuBaseX_ZeroTmunu: Set T_munu to zero
            GROUP TmunuBaseX_AddToTmunu: Add to T_munu here
        GROUP ODESolvers_EstimateError: Estimate discretization error (for regridding)
      Initialise finer grids recursively
      Restrict from finer grids
      [CCTK_POSTRESTRICTINITIAL]
      [CCTK_POSTPOSTINITIAL]
      [CCTK_POSTSTEP]
        GROUP ODESolvers_EstimateError: Estimate discretization error (for regridding)
    endif
    if (recover initial data)
      [CCTK_BASEGRID]
        CarpetXRegrid::CarpetXRegrid_InitError: Initialize regridding error to zero
        GROUP ODESolvers_BaseGrid: Set up constants (e.g. coordinates) everywhere on the grid
      [CCTK_RECOVER_VARIABLES]
      [CCTK_POST_RECOVER_VARIABLES]
        GROUP ODESolvers_PostStep: Apply boundary conditions to state vector, and project if necessary
          GROUP CanudaX_BSSNMoL_PostStepGroup: CanudaX_BSSNMoL: post-step operations
            CanudaX_BSSNMoL::CanudaX_BSSNMoL_impose_conf_fac_floor: Make sure conformal factor does not drop below specified value
            CanudaX_BSSNMoL::CanudaX_BSSNMoL_reset_detmetric: reset dethh = 1
            CanudaX_BSSNMoL::CanudaX_BSSNMoL_remove_trA: Remove trace of A
            CanudaX_BSSNMoL::CanudaX_BSSNMoL_sync: [global] Sync state vector
            CanudaX_BSSNMoL::CanudaX_BSSNMoL_bssn2adm: [local] Convert variables back to the ADM ones
          GROUP ADMBaseX_SetADMRHS: Set ADM RHS variables in this group
          GROUP ADMBaseX_SetADMVars: Set ADM variables in this group
          GROUP TmunuBaseX_SetTmunuVars: Schedule group for setting T_munu
            TmunuBaseX::TmunuBaseX_ZeroTmunu: Set T_munu to zero
            GROUP TmunuBaseX_AddToTmunu: Add to T_munu here
        GROUP ODESolvers_EstimateError: Estimate discretization error (for regridding)
    endif
    if (checkpoint initial data)
      [CCTK_CPINITIAL]
        CarpetX::CarpetX_CheckpointInitial: [meta] Checkpoint initial conditions
    endif
    if (analysis)
      [CCTK_ANALYSIS]
        CanudaX_BSSNMoL::CanudaX_BSSNMoL_bssn_constraints: Compute constraints
        GROUP ODESolvers_Analysis: Calculate analysis quantities everywhere
  endif
  Output grid variables

  do loop over timesteps
    [CCTK_PREREGRID]
    Change grid hierarchy
    [CCTK_POSTREGRID]
      GROUP ODESolvers_PostStep: Apply boundary conditions to state vector, and project if necessary
        GROUP CanudaX_BSSNMoL_PostStepGroup: CanudaX_BSSNMoL: post-step operations
          CanudaX_BSSNMoL::CanudaX_BSSNMoL_impose_conf_fac_floor: Make sure conformal factor does not drop below specified value
          CanudaX_BSSNMoL::CanudaX_BSSNMoL_reset_detmetric: reset dethh = 1
          CanudaX_BSSNMoL::CanudaX_BSSNMoL_remove_trA: Remove trace of A
          CanudaX_BSSNMoL::CanudaX_BSSNMoL_sync: [global] Sync state vector
          CanudaX_BSSNMoL::CanudaX_BSSNMoL_bssn2adm: [local] Convert variables back to the ADM ones
        GROUP ADMBaseX_SetADMRHS: Set ADM RHS variables in this group
        GROUP ADMBaseX_SetADMVars: Set ADM variables in this group
        GROUP TmunuBaseX_SetTmunuVars: Schedule group for setting T_munu
          TmunuBaseX::TmunuBaseX_ZeroTmunu: Set T_munu to zero
          GROUP TmunuBaseX_AddToTmunu: Add to T_munu here
    Rotate timelevels
    iteration = iteration+1
    t = t+dt
    [CCTK_PRESTEP]
    [CCTK_EVOL]
      ODESolvers::ODESolvers_Solve: [level] Solve ODEs
      while (ODESolvers::do_substeps)
        GROUP ODESolvers_CalledBySolve: Groups internally scheduled by ODESolvers_Solve
          GROUP ODESolvers_RHS: Evaluate the RHS for of state vector everywhere on the grid
            GROUP CanudaX_BSSNMoL_RHSGroup: CanudaX_BSSNMoL: calculate BSSN RHS
              CanudaX_BSSNMoL::CanudaX_BSSNMoL_calc_bssn_rhs: MoL RHS calculation
              CanudaX_BSSNMoL::CanudaX_BSSNMoL_apply_boundary_conditions: Apply radiative boundary conditions 
          GROUP ODESolvers_PostStep: Apply boundary conditions to state vector, and project if necessary
            GROUP CanudaX_BSSNMoL_PostStepGroup: CanudaX_BSSNMoL: post-step operations
              CanudaX_BSSNMoL::CanudaX_BSSNMoL_impose_conf_fac_floor: Make sure conformal factor does not drop below specified value
              CanudaX_BSSNMoL::CanudaX_BSSNMoL_reset_detmetric: reset dethh = 1
              CanudaX_BSSNMoL::CanudaX_BSSNMoL_remove_trA: Remove trace of A
              CanudaX_BSSNMoL::CanudaX_BSSNMoL_sync: [global] Sync state vector
              CanudaX_BSSNMoL::CanudaX_BSSNMoL_bssn2adm: [local] Convert variables back to the ADM ones
            GROUP ADMBaseX_SetADMRHS: Set ADM RHS variables in this group
            GROUP ADMBaseX_SetADMVars: Set ADM variables in this group
            GROUP TmunuBaseX_SetTmunuVars: Schedule group for setting T_munu
              TmunuBaseX::TmunuBaseX_ZeroTmunu: Set T_munu to zero
              GROUP TmunuBaseX_AddToTmunu: Add to T_munu here
      end while
    Evolve finer grids recursively
    Restrict from finer grids
    [CCTK_POSTRESTRICT]
      GROUP ODESolvers_PostStep: Apply boundary conditions to state vector, and project if necessary
        GROUP CanudaX_BSSNMoL_PostStepGroup: CanudaX_BSSNMoL: post-step operations
          CanudaX_BSSNMoL::CanudaX_BSSNMoL_impose_conf_fac_floor: Make sure conformal factor does not drop below specified value
          CanudaX_BSSNMoL::CanudaX_BSSNMoL_reset_detmetric: reset dethh = 1
          CanudaX_BSSNMoL::CanudaX_BSSNMoL_remove_trA: Remove trace of A
          CanudaX_BSSNMoL::CanudaX_BSSNMoL_sync: [global] Sync state vector
          CanudaX_BSSNMoL::CanudaX_BSSNMoL_bssn2adm: [local] Convert variables back to the ADM ones
        GROUP ADMBaseX_SetADMRHS: Set ADM RHS variables in this group
        GROUP ADMBaseX_SetADMVars: Set ADM variables in this group
        GROUP TmunuBaseX_SetTmunuVars: Schedule group for setting T_munu
          TmunuBaseX::TmunuBaseX_ZeroTmunu: Set T_munu to zero
          GROUP TmunuBaseX_AddToTmunu: Add to T_munu here
    [CCTK_POSTSTEP]
      GROUP ODESolvers_EstimateError: Estimate discretization error (for regridding)
    if (checkpoint)
      [CCTK_CHECKPOINT]
      CarpetX::CarpetX_Checkpoint: [meta] Checkpoint
    endif
    if (analysis)
      [CCTK_ANALYSIS]
      CanudaX_BSSNMoL::CanudaX_BSSNMoL_bssn_constraints: Compute constraints
      GROUP ODESolvers_Analysis: Calculate analysis quantities everywhere
    endif
    Output grid variables
    enddo

  Termination routines
    [CCTK_TERMINATE]
      CarpetX::CarpetX_CheckpointTerminate: [meta] Checkpoint before terminating

  Shutdown routines
    [CCTK_SHUTDOWN]
      CarpetX::Driver_Shutdown: [meta] Shut down the driver

  Routines run after changing the grid hierarchy:
    [CCTK_POSTREGRID]
      GROUP ODESolvers_PostStep: Apply boundary conditions to state vector, and project if necessary
        GROUP CanudaX_BSSNMoL_PostStepGroup: CanudaX_BSSNMoL: post-step operations
          CanudaX_BSSNMoL::CanudaX_BSSNMoL_impose_conf_fac_floor: Make sure conformal factor does not drop below specified value
          CanudaX_BSSNMoL::CanudaX_BSSNMoL_reset_detmetric: reset dethh = 1
          CanudaX_BSSNMoL::CanudaX_BSSNMoL_remove_trA: Remove trace of A
          CanudaX_BSSNMoL::CanudaX_BSSNMoL_sync: [global] Sync state vector
          CanudaX_BSSNMoL::CanudaX_BSSNMoL_bssn2adm: [local] Convert variables back to the ADM ones
        GROUP ADMBaseX_SetADMRHS: Set ADM RHS variables in this group
        GROUP ADMBaseX_SetADMVars: Set ADM variables in this group
        GROUP TmunuBaseX_SetTmunuVars: Schedule group for setting T_munu
          TmunuBaseX::TmunuBaseX_ZeroTmunu: Set T_munu to zero
          GROUP TmunuBaseX_AddToTmunu: Add to T_munu here
--------------------------------------------------------------------------------
INFO (hwloc): library version 2.10.0, API version 0x20800
--------------------------------------------------------------------------------

  [34m  ▕▏  [34m  ▕▏  [34m  ▕▏  [34m  ▕▏  [34m  ▕▏  [34m  ▕▏  [34m  ▕▏  [34m  ▕▏  [34m  ▕▏  [39m  
  [34m──██──[34m──██──[34m──██──[34m──██──[34m──██──[34m──██──[34m──██──[34m──██──[34m──██──[39m  
  [34m  ▕▏  [34m  ▕▏  [34m  ▕▏  [34m  ▕▏  [34m  ▕▏  [34m  ▕▏  [34m  ▕▏  [34m  ▕▏  [34m  ▕▏  [39m  
  [34m  ▕▏  [32m██████[34m  ▕▏  [34m  ▕▏  [32m██████[34m  ▕▏  [34m  ▕▏  [32m██████[34m  ▕▏  [39m  
  [34m──██──[32m██████[34m──██──[34m──██──[32m██████[34m──██──[34m──██──[32m██████[34m──██──[39m  
  [34m  ▕▏  [32m██████[34m  ▕▏  [34m  ▕▏  [32m██████[34m  ▕▏  [34m  ▕▏  [32m██████[34m  ▕▏  [39m  
  [34m  ▕▏  [34m  ▕▏  [34m  ▕▏  [34m  ▕▏  [34m  ▕▏  [34m  ▕▏  [34m  ▕▏  [34m  ▕▏  [34m  ▕▏  [39m  
  [34m──██──[34m──██──[34m──██──[34m──██──[34m──██──[34m──██──[34m──██──[34m──██──[34m──██──[39m  
  [34m  ▕▏  [34m  ▕▏  [34m  ▕▏  [34m  ▕▏  [34m  ▕▏  [34m  ▕▏  [34m  ▕▏  [34m  ▕▏  [34m  ▕▏  [39m  
  [34m  ▕▏  [34m  ▕▏  [34m  ▕▏  [31m██████[31m██████[31m██████[34m  ▕▏  [34m  ▕▏  [34m  ▕▏  [39m  
  [34m──██──[34m──██──[34m──██──[31m██████[31m██████[31m██████[34m──██──[34m──██──[34m──██──[39m  
  [34m  ▕▏  [34m  ▕▏  [34m  ▕▏  [31m██████[31m██████[31m██████[34m  ▕▏  [34m  ▕▏  [34m  ▕▏  [39m  
  [34m  ▕▏  [32m██████[34m  ▕▏  [31m██████[31m██████[31m██████[34m  ▕▏  [32m██████[34m  ▕▏  [39m  
  [34m──██──[32m██████[34m──██──[31m██████[31m██████[31m██████[34m──██──[32m██████[34m──██──[39m  
  [34m  ▕▏  [32m██████[34m  ▕▏  [31m██████[31m██████[31m██████[34m  ▕▏  [32m██████[34m  ▕▏  [39m  
  [34m  ▕▏  [34m  ▕▏  [34m  ▕▏  [31m██████[31m██████[31m██████[34m  ▕▏  [34m  ▕▏  [34m  ▕▏  [39m  
  [34m──██──[34m──██──[34m──██──[31m██████[31m██████[31m██████[34m──██──[34m──██──[34m──██──[39m  
  [34m  ▕▏  [34m  ▕▏  [34m  ▕▏  [31m██████[31m██████[31m██████[34m  ▕▏  [34m  ▕▏  [34m  ▕▏  [39m  
  [34m  ▕▏  [34m  ▕▏  [34m  ▕▏  [34m  ▕▏  [34m  ▕▏  [34m  ▕▏  [34m  ▕▏  [34m  ▕▏  [34m  ▕▏  [39m  
  [34m──██──[34m──██──[34m──██──[34m──██──[34m──██──[34m──██──[34m──██──[34m──██──[34m──██──[39m  
  [34m  ▕▏  [34m  ▕▏  [34m  ▕▏  [34m  ▕▏  [34m  ▕▏  [34m  ▕▏  [34m  ▕▏  [34m  ▕▏  [34m  ▕▏  [39m  
  [34m  ▕▏  [32m██████[34m  ▕▏  [34m  ▕▏  [32m██████[34m  ▕▏  [34m  ▕▏  [32m██████[34m  ▕▏  [39m  
  [34m──██──[32m██████[34m──██──[34m──██──[32m██████[34m──██──[34m──██──[32m██████[34m──██──[39m  
  [34m  ▕▏  [32m██████[34m  ▕▏  [34m  ▕▏  [32m██████[34m  ▕▏  [34m  ▕▏  [32m██████[34m  ▕▏  [39m  
  [34m  ▕▏  [34m  ▕▏  [34m  ▕▏  [34m  ▕▏  [34m  ▕▏  [34m  ▕▏  [34m  ▕▏  [34m  ▕▏  [34m  ▕▏  [39m  
  [34m──██──[34m──██──[34m──██──[34m──██──[34m──██──[34m──██──[34m──██──[34m──██──[34m──██──[39m  
  [34m  ▕▏  [34m  ▕▏  [34m  ▕▏  [34m  ▕▏  [34m  ▕▏  [34m  ▕▏  [34m  ▕▏  [34m  ▕▏  [34m  ▕▏  [39m  

AMR driver provided by CarpetX,
using AMReX 25.11 (MPI, OpenMP, no accelerators, debug)
--------------------------------------------------------------------------------

Initializing AMReX (25.11)...
MPI initialized with 1 MPI processes
MPI initialized with thread support level 2
OMP initialized with 2 OMP threads
AMReX (25.11) initialized
INFO (CarpetX): 
Symmetries:
  lower x: periodic
  lower y: periodic
  lower z: periodic
  upper x: periodic
  upper y: periodic
  upper z: periodic
Default boundaries:
  lower x: symmetry_boundary
  lower y: symmetry_boundary
  lower z: symmetry_boundary
  upper x: symmetry_boundary
  upper y: symmetry_boundary
  upper z: symmetry_boundary
INFO (Arith): Test_smallvector
INFO (Arith): Test_spvect
INFO (CarpetX): Setting initial values for max_grid_size values for all levels
INFO (CarpetX): Setting up initial conditions...
INFO (CarpetX): Iteration: 0   time: 0   delta_time: 0.00390625
INFO (CarpetX): Patch 0:
INFO (CarpetX):   Grid extent:
INFO (CarpetX):     gsh=[71,15,15]
INFO (CarpetX):     blocking_factor=[8,8,8]
INFO (CarpetX):     max_grid_size=[10000000,10000000,10000000]
INFO (CarpetX):     max_tile_size=[1024000,16,32]
INFO (CarpetX):   Domain extent:
INFO (CarpetX):     xmin=[-0.5,-0.0625,-0.0625]
INFO (CarpetX):     xmax=[0.5,0.0625,0.0625]
INFO (CarpetX):     base dx=[0.015625,0.015625,0.015625]
INFO (CarpetX): Initializing level 0...
INFO (CanudaX_ExactID): Begin Gauge Wave initial data
INFO (CanudaX_ExactID): === End gauge wave initial data ===
INFO (CarpetX): Regridding...
INFO (CarpetX):   level 0: 1 boxes, 4096 cells (100%)
INFO (CarpetX): Initialized 1 levels
INFO (CarpetX): OutputGH: iteration 0, time 0.000000, run time 0 s
INFO (CarpetX): OutputGH done.
INFO (CarpetX): Starting evolution...
INFO (ODESolvers): ODE integrator is RK4
INFO (CarpetX): OutputGH: iteration 1, time 0.003906, run time 1 s
INFO (CarpetX): OutputGH done.
INFO (CarpetX): Simulation time: 0.00390625   Iterations per second: 14.7204   Simulation time per second: 0.0575014
INFO (CarpetX): Grid cells: 4096   Grid cell updates per second: 60294.6
INFO (CarpetX): Performance:
INFO (CarpetX):   total evolution time:            0.0679331 sec
INFO (CarpetX):   total evolution compute time:    0.0679259 sec
INFO (CarpetX):   total evolution output time:     7.15256e-06 sec
INFO (CarpetX):   total iterations:                1
INFO (CarpetX):   total cells updated:             4096
INFO (CarpetX):   average iterations per second: 14.7204
INFO (CarpetX):   average cell updates per second: 60294.6
INFO (CarpetX): OutputGH: iteration 2, time 0.007812, run time 1 s
INFO (CarpetX): OutputGH done.
INFO (CarpetX): Simulation time: 0.0078125   Iterations per second: 14.9682   Simulation time per second: 0.0584694
INFO (CarpetX): Grid cells: 4096   Grid cell updates per second: 61309.6
INFO (CarpetX): Performance:
INFO (CarpetX):   total evolution time:            0.133617 sec
INFO (CarpetX):   total evolution compute time:    0.133603 sec
INFO (CarpetX):   total evolution output time:     1.40667e-05 sec
INFO (CarpetX):   total iterations:                2
INFO (CarpetX):   total cells updated:             8192
INFO (CarpetX):   average iterations per second: 14.9682
INFO (CarpetX):   average cell updates per second: 61309.6
INFO (CarpetX): OutputGH: iteration 3, time 0.011719, run time 1 s
INFO (CarpetX): OutputGH done.
INFO (CarpetX): Simulation time: 0.0117188   Iterations per second: 15.0923   Simulation time per second: 0.0589543
INFO (CarpetX): Grid cells: 4096   Grid cell updates per second: 61818
INFO (CarpetX): Performance:
INFO (CarpetX):   total evolution time:            0.198777 sec
INFO (CarpetX):   total evolution compute time:    0.198755 sec
INFO (CarpetX):   total evolution output time:     2.19345e-05 sec
INFO (CarpetX):   total iterations:                3
INFO (CarpetX):   total cells updated:             12288
INFO (CarpetX):   average iterations per second: 15.0923
INFO (CarpetX):   average cell updates per second: 61818
INFO (CarpetX): OutputGH: iteration 4, time 0.015625, run time 1 s
INFO (CarpetX): OutputGH done.
INFO (CarpetX): Simulation time: 0.015625   Iterations per second: 15.1605   Simulation time per second: 0.0592206
INFO (CarpetX): Grid cells: 4096   Grid cell updates per second: 62097.3
INFO (CarpetX): Performance:
INFO (CarpetX):   total evolution time:            0.263844 sec
INFO (CarpetX):   total evolution compute time:    0.263814 sec
INFO (CarpetX):   total evolution output time:     3.00407e-05 sec
INFO (CarpetX):   total iterations:                4
INFO (CarpetX):   total cells updated:             16384
INFO (CarpetX):   average iterations per second: 15.1605
INFO (CarpetX):   average cell updates per second: 62097.3
INFO (CarpetX): OutputGH: iteration 5, time 0.019531, run time 1 s
INFO (CarpetX): OutputGH done.
INFO (CarpetX): Simulation time: 0.0195312   Iterations per second: 15.1679   Simulation time per second: 0.0592495
INFO (CarpetX): Grid cells: 4096   Grid cell updates per second: 62127.6
INFO (CarpetX): Performance:
INFO (CarpetX):   total evolution time:            0.329644 sec
INFO (CarpetX):   total evolution compute time:    0.329606 sec
INFO (CarpetX):   total evolution output time:     3.79086e-05 sec
INFO (CarpetX):   total iterations:                5
INFO (CarpetX):   total cells updated:             20480
INFO (CarpetX):   average iterations per second: 15.1679
INFO (CarpetX):   average cell updates per second: 62127.6
INFO (CarpetX): OutputGH: iteration 6, time 0.023438, run time 1 s
INFO (CarpetX): OutputGH done.
INFO (CarpetX): Simulation time: 0.0234375   Iterations per second: 15.1922   Simulation time per second: 0.0593446
INFO (CarpetX): Grid cells: 4096   Grid cell updates per second: 62227.3
INFO (CarpetX): Performance:
INFO (CarpetX):   total evolution time:            0.394939 sec
INFO (CarpetX):   total evolution compute time:    0.394893 sec
INFO (CarpetX):   total evolution output time:     4.60148e-05 sec
INFO (CarpetX):   total iterations:                6
INFO (CarpetX):   total cells updated:             24576
INFO (CarpetX):   average iterations per second: 15.1922
INFO (CarpetX):   average cell updates per second: 62227.3
INFO (CarpetX): OutputGH: iteration 7, time 0.027344, run time 1 s
INFO (CarpetX): OutputGH done.
INFO (CarpetX): Simulation time: 0.0273438   Iterations per second: 15.22   Simulation time per second: 0.0594532
INFO (CarpetX): Grid cells: 4096   Grid cell updates per second: 62341.2
INFO (CarpetX): Performance:
INFO (CarpetX):   total evolution time:            0.459921 sec
INFO (CarpetX):   total evolution compute time:    0.459867 sec
INFO (CarpetX):   total evolution output time:     5.38826e-05 sec
INFO (CarpetX):   total iterations:                7
INFO (CarpetX):   total cells updated:             28672
INFO (CarpetX):   average iterations per second: 15.22
INFO (CarpetX):   average cell updates per second: 62341.2
INFO (CarpetX): OutputGH: iteration 8, time 0.031250, run time 1 s
INFO (CarpetX): OutputGH done.
INFO (CarpetX): Simulation time: 0.03125   Iterations per second: 15.2402   Simulation time per second: 0.059532
INFO (CarpetX): Grid cells: 4096   Grid cell updates per second: 62423.8
INFO (CarpetX): Performance:
INFO (CarpetX):   total evolution time:            0.524928 sec
INFO (CarpetX):   total evolution compute time:    0.524866 sec
INFO (CarpetX):   total evolution output time:     6.17504e-05 sec
INFO (CarpetX):   total iterations:                8
INFO (CarpetX):   total cells updated:             32768
INFO (CarpetX):   average iterations per second: 15.2402
INFO (CarpetX):   average cell updates per second: 62423.8
INFO (CarpetX): OutputGH: iteration 9, time 0.035156, run time 2 s
INFO (CarpetX): OutputGH done.
INFO (CarpetX): Simulation time: 0.0351562   Iterations per second: 15.2424   Simulation time per second: 0.0595407
INFO (CarpetX): Grid cells: 4096   Grid cell updates per second: 62432.9
INFO (CarpetX): Performance:
INFO (CarpetX):   total evolution time:            0.590458 sec
INFO (CarpetX):   total evolution compute time:    0.590388 sec
INFO (CarpetX):   total evolution output time:     6.98566e-05 sec
INFO (CarpetX):   total iterations:                9
INFO (CarpetX):   total cells updated:             36864
INFO (CarpetX):   average iterations per second: 15.2424
INFO (CarpetX):   average cell updates per second: 62432.9
INFO (CarpetX): OutputGH: iteration 10, time 0.039062, run time 2 s
INFO (CarpetX): OutputGH done.
INFO (CarpetX): Simulation time: 0.0390625   Iterations per second: 15.2514   Simulation time per second: 0.0595758
INFO (CarpetX): Grid cells: 4096   Grid cell updates per second: 62469.8
INFO (CarpetX): Performance:
INFO (CarpetX):   total evolution time:            0.655677 sec
INFO (CarpetX):   total evolution compute time:    0.655588 sec
INFO (CarpetX):   total evolution output time:     8.86917e-05 sec
INFO (CarpetX):   total iterations:                10
INFO (CarpetX):   total cells updated:             40960
INFO (CarpetX):   average iterations per second: 15.2514
INFO (CarpetX):   average cell updates per second: 62469.8
INFO (CarpetX): OutputGH: iteration 11, time 0.042969, run time 2 s
INFO (CarpetX): OutputGH done.
INFO (CarpetX): Simulation time: 0.0429688   Iterations per second: 15.2661   Simulation time per second: 0.0596334
INFO (CarpetX): Grid cells: 4096   Grid cell updates per second: 62530.1
INFO (CarpetX): Performance:
INFO (CarpetX):   total evolution time:            0.720612 sec
INFO (CarpetX):   total evolution compute time:    0.720515 sec
INFO (CarpetX):   total evolution output time:     9.67979e-05 sec
INFO (CarpetX):   total iterations:                11
INFO (CarpetX):   total cells updated:             45056
INFO (CarpetX):   average iterations per second: 15.2648
INFO (CarpetX):   average cell updates per second: 62524.6
INFO (CarpetX): OutputGH: iteration 12, time 0.046875, run time 2 s
INFO (CarpetX): OutputGH done.
INFO (CarpetX): Simulation time: 0.046875   Iterations per second: 15.2771   Simulation time per second: 0.0596761
INFO (CarpetX): Grid cells: 4096   Grid cell updates per second: 62575
INFO (CarpetX): Performance:
INFO (CarpetX):   total evolution time:            0.785647 sec
INFO (CarpetX):   total evolution compute time:    0.785542 sec
INFO (CarpetX):   total evolution output time:     0.000104904 sec
INFO (CarpetX):   total iterations:                12
INFO (CarpetX):   total cells updated:             49152
INFO (CarpetX):   average iterations per second: 15.274
INFO (CarpetX):   average cell updates per second: 62562.4
INFO (CarpetX): OutputGH: iteration 13, time 0.050781, run time 2 s
INFO (CarpetX): OutputGH done.
INFO (CarpetX): Simulation time: 0.0507812   Iterations per second: 15.2839   Simulation time per second: 0.0597028
INFO (CarpetX): Grid cells: 4096   Grid cell updates per second: 62602.9
INFO (CarpetX): Performance:
INFO (CarpetX):   total evolution time:            0.850812 sec
INFO (CarpetX):   total evolution compute time:    0.8507 sec
INFO (CarpetX):   total evolution output time:     0.000111818 sec
INFO (CarpetX):   total iterations:                13
INFO (CarpetX):   total cells updated:             53248
INFO (CarpetX):   average iterations per second: 15.2795
INFO (CarpetX):   average cell updates per second: 62584.9
INFO (CarpetX): OutputGH: iteration 14, time 0.054688, run time 2 s
INFO (CarpetX): OutputGH done.
INFO (CarpetX): Simulation time: 0.0546875   Iterations per second: 15.285   Simulation time per second: 0.0597072
INFO (CarpetX): Grid cells: 4096   Grid cell updates per second: 62607.6
INFO (CarpetX): Performance:
INFO (CarpetX):   total evolution time:            0.916192 sec
INFO (CarpetX):   total evolution compute time:    0.916072 sec
INFO (CarpetX):   total evolution output time:     0.000119686 sec
INFO (CarpetX):   total iterations:                14
INFO (CarpetX):   total cells updated:             57344
INFO (CarpetX):   average iterations per second: 15.2806
INFO (CarpetX):   average cell updates per second: 62589.5
INFO (CarpetX): OutputGH: iteration 15, time 0.058594, run time 2 s
INFO (CarpetX): OutputGH done.
INFO (CarpetX): Simulation time: 0.0585938   Iterations per second: 15.2673   Simulation time per second: 0.0596379
INFO (CarpetX): Grid cells: 4096   Grid cell updates per second: 62534.9
INFO (CarpetX): Performance:
INFO (CarpetX):   total evolution time:            0.982376 sec
INFO (CarpetX):   total evolution compute time:    0.982248 sec
INFO (CarpetX):   total evolution output time:     0.000127554 sec
INFO (CarpetX):   total iterations:                15
INFO (CarpetX):   total cells updated:             61440
INFO (CarpetX):   average iterations per second: 15.2691
INFO (CarpetX):   average cell updates per second: 62542.3
INFO (CarpetX): OutputGH: iteration 16, time 0.062500, run time 2 s
INFO (CarpetX): OutputGH done.
INFO (CarpetX): Simulation time: 0.0625   Iterations per second: 15.2515   Simulation time per second: 0.059576
INFO (CarpetX): Grid cells: 4096   Grid cell updates per second: 62470
INFO (CarpetX): Performance:
INFO (CarpetX):   total evolution time:            1.04856 sec
INFO (CarpetX):   total evolution compute time:    1.04842 sec
INFO (CarpetX):   total evolution output time:     0.000135422 sec
INFO (CarpetX):   total iterations:                16
INFO (CarpetX):   total cells updated:             65536
INFO (CarpetX):   average iterations per second: 15.2591
INFO (CarpetX):   average cell updates per second: 62501.2
INFO (CarpetX): OutputGH: iteration 17, time 0.066406, run time 2 s
INFO (CarpetX): OutputGH done.
INFO (CarpetX): Simulation time: 0.0664062   Iterations per second: 15.2513   Simulation time per second: 0.0595755
INFO (CarpetX): Grid cells: 4096   Grid cell updates per second: 62469.4
INFO (CarpetX): Performance:
INFO (CarpetX):   total evolution time:            1.11413 sec
INFO (CarpetX):   total evolution compute time:    1.11399 sec
INFO (CarpetX):   total evolution output time:     0.000142574 sec
INFO (CarpetX):   total iterations:                17
INFO (CarpetX):   total cells updated:             69632
INFO (CarpetX):   average iterations per second: 15.2586
INFO (CarpetX):   average cell updates per second: 62499.1
INFO (CarpetX): OutputGH: iteration 18, time 0.070312, run time 2 s
INFO (CarpetX): OutputGH done.
INFO (CarpetX): Simulation time: 0.0703125   Iterations per second: 15.2566   Simulation time per second: 0.0595961
INFO (CarpetX): Grid cells: 4096   Grid cell updates per second: 62491.1
INFO (CarpetX): Performance:
INFO (CarpetX):   total evolution time:            1.17947 sec
INFO (CarpetX):   total evolution compute time:    1.17932 sec
INFO (CarpetX):   total evolution output time:     0.000151396 sec
INFO (CarpetX):   total iterations:                18
INFO (CarpetX):   total cells updated:             73728
INFO (CarpetX):   average iterations per second: 15.2611
INFO (CarpetX):   average cell updates per second: 62509.4
INFO (CarpetX): OutputGH: iteration 19, time 0.074219, run time 2 s
INFO (CarpetX): OutputGH done.
INFO (CarpetX): Simulation time: 0.0742188   Iterations per second: 15.2699   Simulation time per second: 0.0596482
INFO (CarpetX): Grid cells: 4096   Grid cell updates per second: 62545.7
INFO (CarpetX): Performance:
INFO (CarpetX):   total evolution time:            1.24444 sec
INFO (CarpetX):   total evolution compute time:    1.24428 sec
INFO (CarpetX):   total evolution output time:     0.00015831 sec
INFO (CarpetX):   total iterations:                19
INFO (CarpetX):   total cells updated:             77824
INFO (CarpetX):   average iterations per second: 15.2679
INFO (CarpetX):   average cell updates per second: 62537.2
INFO (CarpetX): OutputGH: iteration 20, time 0.078125, run time 2 s
INFO (CarpetX): OutputGH done.
INFO (CarpetX): Simulation time: 0.078125   Iterations per second: 15.2626   Simulation time per second: 0.0596197
INFO (CarpetX): Grid cells: 4096   Grid cell updates per second: 62515.8
INFO (CarpetX): Performance:
INFO (CarpetX):   total evolution time:            1.31024 sec
INFO (CarpetX):   total evolution compute time:    1.31008 sec
INFO (CarpetX):   total evolution output time:     0.000165462 sec
INFO (CarpetX):   total iterations:                20
INFO (CarpetX):   total cells updated:             81920
INFO (CarpetX):   average iterations per second: 15.2643
INFO (CarpetX):   average cell updates per second: 62522.7
INFO (CarpetX): OutputGH: iteration 21, time 0.082031, run time 2 s
INFO (CarpetX): OutputGH done.
INFO (CarpetX): Simulation time: 0.0820312   Iterations per second: 15.2646   Simulation time per second: 0.0596273
INFO (CarpetX): Grid cells: 4096   Grid cell updates per second: 62523.8
INFO (CarpetX): Performance:
INFO (CarpetX):   total evolution time:            1.37568 sec
INFO (CarpetX):   total evolution compute time:    1.37551 sec
INFO (CarpetX):   total evolution output time:     0.000174522 sec
INFO (CarpetX):   total iterations:                21
INFO (CarpetX):   total cells updated:             86016
INFO (CarpetX):   average iterations per second: 15.2652
INFO (CarpetX):   average cell updates per second: 62526.2
INFO (CarpetX): OutputGH: iteration 22, time 0.085938, run time 2 s
INFO (CarpetX): OutputGH done.
INFO (CarpetX): Simulation time: 0.0859375   Iterations per second: 15.2677   Simulation time per second: 0.0596395
INFO (CarpetX): Grid cells: 4096   Grid cell updates per second: 62536.6
INFO (CarpetX): Performance:
INFO (CarpetX):   total evolution time:            1.44106 sec
INFO (CarpetX):   total evolution compute time:    1.44087 sec
INFO (CarpetX):   total evolution output time:     0.000182629 sec
INFO (CarpetX):   total iterations:                22
INFO (CarpetX):   total cells updated:             90112
INFO (CarpetX):   average iterations per second: 15.2666
INFO (CarpetX):   average cell updates per second: 62531.9
INFO (CarpetX): OutputGH: iteration 23, time 0.089844, run time 2 s
INFO (CarpetX): OutputGH done.
INFO (CarpetX): Simulation time: 0.0898438   Iterations per second: 15.2797   Simulation time per second: 0.0596861
INFO (CarpetX): Grid cells: 4096   Grid cell updates per second: 62585.5
INFO (CarpetX): Performance:
INFO (CarpetX):   total evolution time:            1.50604 sec
INFO (CarpetX):   total evolution compute time:    1.50585 sec
INFO (CarpetX):   total evolution output time:     0.000190496 sec
INFO (CarpetX):   total iterations:                23
INFO (CarpetX):   total cells updated:             94208
INFO (CarpetX):   average iterations per second: 15.2718
INFO (CarpetX):   average cell updates per second: 62553.3
INFO (CarpetX): OutputGH: iteration 24, time 0.093750, run time 2 s
INFO (CarpetX): OutputGH done.
INFO (CarpetX): Simulation time: 0.09375   Iterations per second: 15.2897   Simulation time per second: 0.0597254
INFO (CarpetX): Grid cells: 4096   Grid cell updates per second: 62626.6
INFO (CarpetX): Performance:
INFO (CarpetX):   total evolution time:            1.57106 sec
INFO (CarpetX):   total evolution compute time:    1.57086 sec
INFO (CarpetX):   total evolution output time:     0.000198603 sec
INFO (CarpetX):   total iterations:                24
INFO (CarpetX):   total cells updated:             98304
INFO (CarpetX):   average iterations per second: 15.2763
INFO (CarpetX):   average cell updates per second: 62571.8
INFO (CarpetX): OutputGH: iteration 25, time 0.097656, run time 3 s
INFO (CarpetX): OutputGH done.
INFO (CarpetX): Simulation time: 0.0976562   Iterations per second: 15.2964   Simulation time per second: 0.0597516
INFO (CarpetX): Grid cells: 4096   Grid cell updates per second: 62654.1
INFO (CarpetX): Performance:
INFO (CarpetX):   total evolution time:            1.63618 sec
INFO (CarpetX):   total evolution compute time:    1.63597 sec
INFO (CarpetX):   total evolution output time:     0.000206709 sec
INFO (CarpetX):   total iterations:                25
INFO (CarpetX):   total cells updated:             102400
INFO (CarpetX):   average iterations per second: 15.2795
INFO (CarpetX):   average cell updates per second: 62585
INFO (CarpetX): OutputGH: iteration 26, time 0.101562, run time 3 s
INFO (CarpetX): OutputGH done.
INFO (CarpetX): Simulation time: 0.101562   Iterations per second: 15.2883   Simulation time per second: 0.0597198
INFO (CarpetX): Grid cells: 4096   Grid cell updates per second: 62620.8
INFO (CarpetX): Performance:
INFO (CarpetX):   total evolution time:            1.7019 sec
INFO (CarpetX):   total evolution compute time:    1.70168 sec
INFO (CarpetX):   total evolution output time:     0.000215769 sec
INFO (CarpetX):   total iterations:                26
INFO (CarpetX):   total cells updated:             106496
INFO (CarpetX):   average iterations per second: 15.2771
INFO (CarpetX):   average cell updates per second: 62574.8
INFO (CarpetX): OutputGH: iteration 27, time 0.105469, run time 3 s
INFO (CarpetX): OutputGH done.
INFO (CarpetX): Simulation time: 0.105469   Iterations per second: 15.285   Simulation time per second: 0.0597072
INFO (CarpetX): Grid cells: 4096   Grid cell updates per second: 62607.5
INFO (CarpetX): Performance:
INFO (CarpetX):   total evolution time:            1.76745 sec
INFO (CarpetX):   total evolution compute time:    1.76722 sec
INFO (CarpetX):   total evolution output time:     0.000223637 sec
INFO (CarpetX):   total iterations:                27
INFO (CarpetX):   total cells updated:             110592
INFO (CarpetX):   average iterations per second: 15.2763
INFO (CarpetX):   average cell updates per second: 62571.6
INFO (CarpetX): OutputGH: iteration 28, time 0.109375, run time 3 s
INFO (CarpetX): OutputGH done.
INFO (CarpetX): Simulation time: 0.109375   Iterations per second: 15.2921   Simulation time per second: 0.0597347
INFO (CarpetX): Grid cells: 4096   Grid cell updates per second: 62636.4
INFO (CarpetX): Performance:
INFO (CarpetX):   total evolution time:            1.83257 sec
INFO (CarpetX):   total evolution compute time:    1.83234 sec
INFO (CarpetX):   total evolution output time:     0.000231504 sec
INFO (CarpetX):   total iterations:                28
INFO (CarpetX):   total cells updated:             114688
INFO (CarpetX):   average iterations per second: 15.2791
INFO (CarpetX):   average cell updates per second: 62583.2
INFO (CarpetX): OutputGH: iteration 29, time 0.113281, run time 3 s
INFO (CarpetX): OutputGH done.
INFO (CarpetX): Simulation time: 0.113281   Iterations per second: 15.2926   Simulation time per second: 0.0597367
INFO (CarpetX): Grid cells: 4096   Grid cell updates per second: 62638.4
INFO (CarpetX): Performance:
INFO (CarpetX):   total evolution time:            1.89794 sec
INFO (CarpetX):   total evolution compute time:    1.8977 sec
INFO (CarpetX):   total evolution output time:     0.000239611 sec
INFO (CarpetX):   total iterations:                29
INFO (CarpetX):   total cells updated:             118784
INFO (CarpetX):   average iterations per second: 15.2797
INFO (CarpetX):   average cell updates per second: 62585.7
INFO (CarpetX): OutputGH: iteration 30, time 0.117188, run time 3 s
INFO (CarpetX): OutputGH done.
INFO (CarpetX): Simulation time: 0.117188   Iterations per second: 15.3016   Simulation time per second: 0.059772
INFO (CarpetX): Grid cells: 4096   Grid cell updates per second: 62675.5
INFO (CarpetX): Performance:
INFO (CarpetX):   total evolution time:            1.96294 sec
INFO (CarpetX):   total evolution compute time:    1.9627 sec
INFO (CarpetX):   total evolution output time:     0.000246763 sec
INFO (CarpetX):   total iterations:                30
INFO (CarpetX):   total cells updated:             122880
INFO (CarpetX):   average iterations per second: 15.2832
INFO (CarpetX):   average cell updates per second: 62599.8
INFO (CarpetX): OutputGH: iteration 31, time 0.121094, run time 3 s
INFO (CarpetX): OutputGH done.
INFO (CarpetX): Simulation time: 0.121094   Iterations per second: 15.3125   Simulation time per second: 0.0598144
INFO (CarpetX): Grid cells: 4096   Grid cell updates per second: 62720
INFO (CarpetX): Performance:
INFO (CarpetX):   total evolution time:            2.02783 sec
INFO (CarpetX):   total evolution compute time:    2.02758 sec
INFO (CarpetX):   total evolution output time:     0.000254869 sec
INFO (CarpetX):   total iterations:                31
INFO (CarpetX):   total cells updated:             126976
INFO (CarpetX):   average iterations per second: 15.2872
INFO (CarpetX):   average cell updates per second: 62616.6
INFO (CarpetX): OutputGH: iteration 32, time 0.125000, run time 3 s
INFO (CarpetX): OutputGH done.
INFO (CarpetX): Simulation time: 0.125   Iterations per second: 15.3061   Simulation time per second: 0.0597894
INFO (CarpetX): Grid cells: 4096   Grid cell updates per second: 62693.7
INFO (CarpetX): Performance:
INFO (CarpetX):   total evolution time:            2.09341 sec
INFO (CarpetX):   total evolution compute time:    2.09315 sec
INFO (CarpetX):   total evolution output time:     0.000261784 sec
INFO (CarpetX):   total iterations:                32
INFO (CarpetX):   total cells updated:             131072
INFO (CarpetX):   average iterations per second: 15.286
INFO (CarpetX):   average cell updates per second: 62611.6
INFO (CarpetX): OutputGH: iteration 33, time 0.128906, run time 3 s
INFO (CarpetX): OutputGH done.
INFO (CarpetX): Simulation time: 0.128906   Iterations per second: 15.3037   Simulation time per second: 0.05978
INFO (CarpetX): Grid cells: 4096   Grid cell updates per second: 62683.9
INFO (CarpetX): Performance:
INFO (CarpetX):   total evolution time:            2.15885 sec
INFO (CarpetX):   total evolution compute time:    2.15858 sec
INFO (CarpetX):   total evolution output time:     0.00026989 sec
INFO (CarpetX):   total iterations:                33
INFO (CarpetX):   total cells updated:             135168
INFO (CarpetX):   average iterations per second: 15.2859
INFO (CarpetX):   average cell updates per second: 62611.1
INFO (CarpetX): OutputGH: iteration 34, time 0.132812, run time 3 s
INFO (CarpetX): OutputGH done.
INFO (CarpetX): Simulation time: 0.132812   Iterations per second: 15.3074   Simulation time per second: 0.0597946
INFO (CarpetX): Grid cells: 4096   Grid cell updates per second: 62699.2
INFO (CarpetX): Performance:
INFO (CarpetX):   total evolution time:            2.22403 sec
INFO (CarpetX):   total evolution compute time:    2.22376 sec
INFO (CarpetX):   total evolution output time:     0.00027895 sec
INFO (CarpetX):   total iterations:                34
INFO (CarpetX):   total cells updated:             139264
INFO (CarpetX):   average iterations per second: 15.2875
INFO (CarpetX):   average cell updates per second: 62617.7
INFO (CarpetX): OutputGH: iteration 35, time 0.136719, run time 3 s
INFO (CarpetX): OutputGH done.
INFO (CarpetX): Simulation time: 0.136719   Iterations per second: 15.2998   Simulation time per second: 0.0597648
INFO (CarpetX): Grid cells: 4096   Grid cell updates per second: 62667.9
INFO (CarpetX): Performance:
INFO (CarpetX):   total evolution time:            2.28969 sec
INFO (CarpetX):   total evolution compute time:    2.2894 sec
INFO (CarpetX):   total evolution output time:     0.000287056 sec
INFO (CarpetX):   total iterations:                35
INFO (CarpetX):   total cells updated:             143360
INFO (CarpetX):   average iterations per second: 15.2859
INFO (CarpetX):   average cell updates per second: 62611.1
INFO (CarpetX): OutputGH: iteration 36, time 0.140625, run time 3 s
INFO (CarpetX): OutputGH done.
INFO (CarpetX): Simulation time: 0.140625   Iterations per second: 15.3087   Simulation time per second: 0.0597997
INFO (CarpetX): Grid cells: 4096   Grid cell updates per second: 62704.5
INFO (CarpetX): Performance:
INFO (CarpetX):   total evolution time:            2.35467 sec
INFO (CarpetX):   total evolution compute time:    2.35437 sec
INFO (CarpetX):   total evolution output time:     0.000294924 sec
INFO (CarpetX):   total iterations:                36
INFO (CarpetX):   total cells updated:             147456
INFO (CarpetX):   average iterations per second: 15.2888
INFO (CarpetX):   average cell updates per second: 62622.9
INFO (CarpetX): OutputGH: iteration 37, time 0.144531, run time 3 s
INFO (CarpetX): OutputGH done.
INFO (CarpetX): Simulation time: 0.144531   Iterations per second: 15.2956   Simulation time per second: 0.0597483
INFO (CarpetX): Grid cells: 4096   Grid cell updates per second: 62650.6
INFO (CarpetX): Performance:
INFO (CarpetX):   total evolution time:            2.42055 sec
INFO (CarpetX):   total evolution compute time:    2.42025 sec
INFO (CarpetX):   total evolution output time:     0.000303984 sec
INFO (CarpetX):   total iterations:                37
INFO (CarpetX):   total cells updated:             151552
INFO (CarpetX):   average iterations per second: 15.2858
INFO (CarpetX):   average cell updates per second: 62610.5
INFO (CarpetX): OutputGH: iteration 38, time 0.148438, run time 3 s
INFO (CarpetX): OutputGH done.
INFO (CarpetX): Simulation time: 0.148438   Iterations per second: 15.307   Simulation time per second: 0.059793
INFO (CarpetX): Grid cells: 4096   Grid cell updates per second: 62697.5
INFO (CarpetX): Performance:
INFO (CarpetX):   total evolution time:            2.48544 sec
INFO (CarpetX):   total evolution compute time:    2.48513 sec
INFO (CarpetX):   total evolution output time:     0.00031209 sec
INFO (CarpetX):   total iterations:                38
INFO (CarpetX):   total cells updated:             155648
INFO (CarpetX):   average iterations per second: 15.289
INFO (CarpetX):   average cell updates per second: 62623.9
INFO (CarpetX): OutputGH: iteration 39, time 0.152344, run time 3 s
INFO (CarpetX): OutputGH done.
INFO (CarpetX): Simulation time: 0.152344   Iterations per second: 15.3116   Simulation time per second: 0.0598111
INFO (CarpetX): Grid cells: 4096   Grid cell updates per second: 62716.5
INFO (CarpetX): Performance:
INFO (CarpetX):   total evolution time:            2.55057 sec
INFO (CarpetX):   total evolution compute time:    2.55025 sec
INFO (CarpetX):   total evolution output time:     0.000319958 sec
INFO (CarpetX):   total iterations:                39
INFO (CarpetX):   total cells updated:             159744
INFO (CarpetX):   average iterations per second: 15.2907
INFO (CarpetX):   average cell updates per second: 62630.6
INFO (CarpetX): OutputGH: iteration 40, time 0.156250, run time 4 s
INFO (CarpetX): OutputGH done.
INFO (CarpetX): Simulation time: 0.15625   Iterations per second: 15.3151   Simulation time per second: 0.0598247
INFO (CarpetX): Grid cells: 4096   Grid cell updates per second: 62730.8
INFO (CarpetX): Performance:
INFO (CarpetX):   total evolution time:            2.61573 sec
INFO (CarpetX):   total evolution compute time:    2.61541 sec
INFO (CarpetX):   total evolution output time:     0.000328064 sec
INFO (CarpetX):   total iterations:                40
INFO (CarpetX):   total cells updated:             163840
INFO (CarpetX):   average iterations per second: 15.2921
INFO (CarpetX):   average cell updates per second: 62636.3
INFO (CarpetX): OutputGH: iteration 41, time 0.160156, run time 4 s
INFO (CarpetX): OutputGH done.
INFO (CarpetX): Simulation time: 0.160156   Iterations per second: 15.3016   Simulation time per second: 0.0597718
INFO (CarpetX): Grid cells: 4096   Grid cell updates per second: 62675.3
INFO (CarpetX): Performance:
INFO (CarpetX):   total evolution time:            2.68161 sec
INFO (CarpetX):   total evolution compute time:    2.68127 sec
INFO (CarpetX):   total evolution output time:     0.000337124 sec
INFO (CarpetX):   total iterations:                41
INFO (CarpetX):   total cells updated:             167936
INFO (CarpetX):   average iterations per second: 15.2893
INFO (CarpetX):   average cell updates per second: 62625.1
INFO (CarpetX): OutputGH: iteration 42, time 0.164062, run time 4 s
INFO (CarpetX): OutputGH done.
INFO (CarpetX): Simulation time: 0.164062   Iterations per second: 15.2907   Simulation time per second: 0.0597292
INFO (CarpetX): Grid cells: 4096   Grid cell updates per second: 62630.6
INFO (CarpetX): Performance:
INFO (CarpetX):   total evolution time:            2.74743 sec
INFO (CarpetX):   total evolution compute time:    2.74708 sec
INFO (CarpetX):   total evolution output time:     0.000344992 sec
INFO (CarpetX):   total iterations:                42
INFO (CarpetX):   total cells updated:             172032
INFO (CarpetX):   average iterations per second: 15.287
INFO (CarpetX):   average cell updates per second: 62615.7
INFO (CarpetX): OutputGH: iteration 43, time 0.167969, run time 4 s
INFO (CarpetX): OutputGH done.
INFO (CarpetX): Simulation time: 0.167969   Iterations per second: 15.2937   Simulation time per second: 0.059741
INFO (CarpetX): Grid cells: 4096   Grid cell updates per second: 62643
INFO (CarpetX): Performance:
INFO (CarpetX):   total evolution time:            2.8127 sec
INFO (CarpetX):   total evolution compute time:    2.81234 sec
INFO (CarpetX):   total evolution output time:     0.000352859 sec
INFO (CarpetX):   total iterations:                43
INFO (CarpetX):   total cells updated:             176128
INFO (CarpetX):   average iterations per second: 15.2878
INFO (CarpetX):   average cell updates per second: 62618.9
INFO (CarpetX): OutputGH: iteration 44, time 0.171875, run time 4 s
INFO (CarpetX): OutputGH done.
INFO (CarpetX): Simulation time: 0.171875   Iterations per second: 15.3006   Simulation time per second: 0.0597678
INFO (CarpetX): Grid cells: 4096   Grid cell updates per second: 62671.1
INFO (CarpetX): Performance:
INFO (CarpetX):   total evolution time:            2.87779 sec
INFO (CarpetX):   total evolution compute time:    2.87743 sec
INFO (CarpetX):   total evolution output time:     0.000360727 sec
INFO (CarpetX):   total iterations:                44
INFO (CarpetX):   total cells updated:             180224
INFO (CarpetX):   average iterations per second: 15.2895
INFO (CarpetX):   average cell updates per second: 62625.9
INFO (CarpetX): OutputGH: iteration 45, time 0.175781, run time 4 s
INFO (CarpetX): OutputGH done.
INFO (CarpetX): Simulation time: 0.175781   Iterations per second: 15.2959   Simulation time per second: 0.0597495
INFO (CarpetX): Grid cells: 4096   Grid cell updates per second: 62651.9
INFO (CarpetX): Performance:
INFO (CarpetX):   total evolution time:            2.94335 sec
INFO (CarpetX):   total evolution compute time:    2.94298 sec
INFO (CarpetX):   total evolution output time:     0.000366926 sec
INFO (CarpetX):   total iterations:                45
INFO (CarpetX):   total cells updated:             184320
INFO (CarpetX):   average iterations per second: 15.2887
INFO (CarpetX):   average cell updates per second: 62622.6
INFO (CarpetX): OutputGH: iteration 46, time 0.179688, run time 4 s
INFO (CarpetX): OutputGH done.
INFO (CarpetX): Simulation time: 0.179688   Iterations per second: 15.2927   Simulation time per second: 0.0597369
INFO (CarpetX): Grid cells: 4096   Grid cell updates per second: 62638.7
INFO (CarpetX): Performance:
INFO (CarpetX):   total evolution time:            3.00886 sec
INFO (CarpetX):   total evolution compute time:    3.00849 sec
INFO (CarpetX):   total evolution output time:     0.000375032 sec
INFO (CarpetX):   total iterations:                46
INFO (CarpetX):   total cells updated:             188416
INFO (CarpetX):   average iterations per second: 15.2882
INFO (CarpetX):   average cell updates per second: 62620.4
INFO (CarpetX): OutputGH: iteration 47, time 0.183594, run time 4 s
INFO (CarpetX): OutputGH done.
INFO (CarpetX): Simulation time: 0.183594   Iterations per second: 15.3043   Simulation time per second: 0.0597824
INFO (CarpetX): Grid cells: 4096   Grid cell updates per second: 62686.4
INFO (CarpetX): Performance:
INFO (CarpetX):   total evolution time:            3.07375 sec
INFO (CarpetX):   total evolution compute time:    3.07337 sec
INFO (CarpetX):   total evolution output time:     0.000380993 sec
INFO (CarpetX):   total iterations:                47
INFO (CarpetX):   total cells updated:             192512
INFO (CarpetX):   average iterations per second: 15.2907
INFO (CarpetX):   average cell updates per second: 62630.9
INFO (CarpetX): OutputGH: iteration 48, time 0.187500, run time 4 s
INFO (CarpetX): OutputGH done.
INFO (CarpetX): Simulation time: 0.1875   Iterations per second: 15.3023   Simulation time per second: 0.0597748
INFO (CarpetX): Grid cells: 4096   Grid cell updates per second: 62678.4
INFO (CarpetX): Performance:
INFO (CarpetX):   total evolution time:            3.13918 sec
INFO (CarpetX):   total evolution compute time:    3.13879 sec
INFO (CarpetX):   total evolution output time:     0.000388861 sec
INFO (CarpetX):   total iterations:                48
INFO (CarpetX):   total cells updated:             196608
INFO (CarpetX):   average iterations per second: 15.2906
INFO (CarpetX):   average cell updates per second: 62630.4
INFO (CarpetX): OutputGH: iteration 49, time 0.191406, run time 4 s
INFO (CarpetX): OutputGH done.
INFO (CarpetX): Simulation time: 0.191406   Iterations per second: 15.2967   Simulation time per second: 0.0597529
INFO (CarpetX): Grid cells: 4096   Grid cell updates per second: 62655.4
INFO (CarpetX): Performance:
INFO (CarpetX):   total evolution time:            3.20477 sec
INFO (CarpetX):   total evolution compute time:    3.20436 sec
INFO (CarpetX):   total evolution output time:     0.000406981 sec
INFO (CarpetX):   total iterations:                49
INFO (CarpetX):   total cells updated:             200704
INFO (CarpetX):   average iterations per second: 15.2897
INFO (CarpetX):   average cell updates per second: 62626.7
INFO (CarpetX): OutputGH: iteration 50, time 0.195312, run time 4 s
INFO (CarpetX): OutputGH done.
INFO (CarpetX): Simulation time: 0.195312   Iterations per second: 15.2949   Simulation time per second: 0.0597457
INFO (CarpetX): Grid cells: 4096   Grid cell updates per second: 62647.9
INFO (CarpetX): Performance:
INFO (CarpetX):   total evolution time:            3.27022 sec
INFO (CarpetX):   total evolution compute time:    3.2698 sec
INFO (CarpetX):   total evolution output time:     0.000415802 sec
INFO (CarpetX):   total iterations:                50
INFO (CarpetX):   total cells updated:             204800
INFO (CarpetX):   average iterations per second: 15.2895
INFO (CarpetX):   average cell updates per second: 62625.8
INFO (CarpetX): OutputGH: iteration 51, time 0.199219, run time 4 s
INFO (CarpetX): OutputGH done.
INFO (CarpetX): Simulation time: 0.199219   Iterations per second: 15.293   Simulation time per second: 0.0597382
INFO (CarpetX): Grid cells: 4096   Grid cell updates per second: 62640.1
INFO (CarpetX): Performance:
INFO (CarpetX):   total evolution time:            3.33568 sec
INFO (CarpetX):   total evolution compute time:    3.33526 sec
INFO (CarpetX):   total evolution output time:     0.000424862 sec
INFO (CarpetX):   total iterations:                51
INFO (CarpetX):   total cells updated:             208896
INFO (CarpetX):   average iterations per second: 15.2892
INFO (CarpetX):   average cell updates per second: 62624.7
INFO (CarpetX): OutputGH: iteration 52, time 0.203125, run time 4 s
INFO (CarpetX): OutputGH done.
INFO (CarpetX): Simulation time: 0.203125   Iterations per second: 15.2884   Simulation time per second: 0.0597205
INFO (CarpetX): Grid cells: 4096   Grid cell updates per second: 62621.4
INFO (CarpetX): Performance:
INFO (CarpetX):   total evolution time:            3.40127 sec
INFO (CarpetX):   total evolution compute time:    3.40083 sec
INFO (CarpetX):   total evolution output time:     0.000433922 sec
INFO (CarpetX):   total iterations:                52
INFO (CarpetX):   total cells updated:             212992
INFO (CarpetX):   average iterations per second: 15.2884
INFO (CarpetX):   average cell updates per second: 62621.4
INFO (CarpetX): OutputGH: iteration 53, time 0.207031, run time 4 s
INFO (CarpetX): OutputGH done.
INFO (CarpetX): Simulation time: 0.207031   Iterations per second: 15.2903   Simulation time per second: 0.0597277
INFO (CarpetX): Grid cells: 4096   Grid cell updates per second: 62629.1
INFO (CarpetX): Performance:
INFO (CarpetX):   total evolution time:            3.4666 sec
INFO (CarpetX):   total evolution compute time:    3.46615 sec
INFO (CarpetX):   total evolution output time:     0.000442982 sec
INFO (CarpetX):   total iterations:                53
INFO (CarpetX):   total cells updated:             217088
INFO (CarpetX):   average iterations per second: 15.2888
INFO (CarpetX):   average cell updates per second: 62622.8
INFO (CarpetX): OutputGH: iteration 54, time 0.210938, run time 4 s
INFO (CarpetX): OutputGH done.
INFO (CarpetX): Simulation time: 0.210938   Iterations per second: 15.2878   Simulation time per second: 0.059718
INFO (CarpetX): Grid cells: 4096   Grid cell updates per second: 62618.8
INFO (CarpetX): Performance:
INFO (CarpetX):   total evolution time:            3.5321 sec
INFO (CarpetX):   total evolution compute time:    3.53164 sec
INFO (CarpetX):   total evolution output time:     0.000462055 sec
INFO (CarpetX):   total iterations:                54
INFO (CarpetX):   total cells updated:             221184
INFO (CarpetX):   average iterations per second: 15.2883
INFO (CarpetX):   average cell updates per second: 62621
INFO (CarpetX): OutputGH: iteration 55, time 0.214844, run time 5 s
INFO (CarpetX): OutputGH done.
INFO (CarpetX): Simulation time: 0.214844   Iterations per second: 15.2855   Simulation time per second: 0.0597088
INFO (CarpetX): Grid cells: 4096   Grid cell updates per second: 62609.2
INFO (CarpetX): Performance:
INFO (CarpetX):   total evolution time:            3.59762 sec
INFO (CarpetX):   total evolution compute time:    3.59715 sec
INFO (CarpetX):   total evolution output time:     0.000470161 sec
INFO (CarpetX):   total iterations:                55
INFO (CarpetX):   total cells updated:             225280
INFO (CarpetX):   average iterations per second: 15.2879
INFO (CarpetX):   average cell updates per second: 62619.3
INFO (CarpetX): OutputGH: iteration 56, time 0.218750, run time 5 s
INFO (CarpetX): OutputGH done.
INFO (CarpetX): Simulation time: 0.21875   Iterations per second: 15.2699   Simulation time per second: 0.0596481
INFO (CarpetX): Grid cells: 4096   Grid cell updates per second: 62545.5
INFO (CarpetX): Performance:
INFO (CarpetX):   total evolution time:            3.6637 sec
INFO (CarpetX):   total evolution compute time:    3.66323 sec
INFO (CarpetX):   total evolution output time:     0.000477314 sec
INFO (CarpetX):   total iterations:                56
INFO (CarpetX):   total cells updated:             229376
INFO (CarpetX):   average iterations per second: 15.2851
INFO (CarpetX):   average cell updates per second: 62607.7
INFO (CarpetX): OutputGH: iteration 57, time 0.222656, run time 5 s
INFO (CarpetX): OutputGH done.
INFO (CarpetX): Simulation time: 0.222656   Iterations per second: 15.2569   Simulation time per second: 0.0595973
INFO (CarpetX): Grid cells: 4096   Grid cell updates per second: 62492.3
INFO (CarpetX): Performance:
INFO (CarpetX):   total evolution time:            3.72975 sec
INFO (CarpetX):   total evolution compute time:    3.72926 sec
INFO (CarpetX):   total evolution output time:     0.000485182 sec
INFO (CarpetX):   total iterations:                57
INFO (CarpetX):   total cells updated:             233472
INFO (CarpetX):   average iterations per second: 15.2825
INFO (CarpetX):   average cell updates per second: 62597.2
INFO (CarpetX): OutputGH: iteration 58, time 0.226562, run time 5 s
INFO (CarpetX): OutputGH done.
INFO (CarpetX): Simulation time: 0.226562   Iterations per second: 15.2638   Simulation time per second: 0.0596241
INFO (CarpetX): Grid cells: 4096   Grid cell updates per second: 62520.4
INFO (CarpetX): Performance:
INFO (CarpetX):   total evolution time:            3.795 sec
INFO (CarpetX):   total evolution compute time:    3.79451 sec
INFO (CarpetX):   total evolution output time:     0.00049305 sec
INFO (CarpetX):   total iterations:                58
INFO (CarpetX):   total cells updated:             237568
INFO (CarpetX):   average iterations per second: 15.2833
INFO (CarpetX):   average cell updates per second: 62600.3
INFO (CarpetX): OutputGH: iteration 59, time 0.230469, run time 5 s
INFO (CarpetX): OutputGH done.
INFO (CarpetX): Simulation time: 0.230469   Iterations per second: 15.2657   Simulation time per second: 0.0596317
INFO (CarpetX): Grid cells: 4096   Grid cell updates per second: 62528.4
INFO (CarpetX): Performance:
INFO (CarpetX):   total evolution time:            3.86043 sec
INFO (CarpetX):   total evolution compute time:    3.85993 sec
INFO (CarpetX):   total evolution output time:     0.00050211 sec
INFO (CarpetX):   total iterations:                59
INFO (CarpetX):   total cells updated:             241664
INFO (CarpetX):   average iterations per second: 15.2833
INFO (CarpetX):   average cell updates per second: 62600.3
INFO (CarpetX): OutputGH: iteration 60, time 0.234375, run time 5 s
INFO (CarpetX): OutputGH done.
INFO (CarpetX): Simulation time: 0.234375   Iterations per second: 15.2699   Simulation time per second: 0.0596481
INFO (CarpetX): Grid cells: 4096   Grid cell updates per second: 62545.6
INFO (CarpetX): Performance:
INFO (CarpetX):   total evolution time:            3.92576 sec
INFO (CarpetX):   total evolution compute time:    3.92525 sec
INFO (CarpetX):   total evolution output time:     0.000509977 sec
INFO (CarpetX):   total iterations:                60
INFO (CarpetX):   total cells updated:             245760
INFO (CarpetX):   average iterations per second: 15.2837
INFO (CarpetX):   average cell updates per second: 62601.9
INFO (CarpetX): OutputGH: iteration 61, time 0.238281, run time 5 s
INFO (CarpetX): OutputGH done.
INFO (CarpetX): Simulation time: 0.238281   Iterations per second: 15.2822   Simulation time per second: 0.0596963
INFO (CarpetX): Grid cells: 4096   Grid cell updates per second: 62596.1
INFO (CarpetX): Performance:
INFO (CarpetX):   total evolution time:            3.99072 sec
INFO (CarpetX):   total evolution compute time:    3.9902 sec
INFO (CarpetX):   total evolution output time:     0.000516891 sec
INFO (CarpetX):   total iterations:                61
INFO (CarpetX):   total cells updated:             249856
INFO (CarpetX):   average iterations per second: 15.2855
INFO (CarpetX):   average cell updates per second: 62609.3
INFO (CarpetX): OutputGH: iteration 62, time 0.242188, run time 5 s
INFO (CarpetX): OutputGH done.
INFO (CarpetX): Simulation time: 0.242188   Iterations per second: 15.2836   Simulation time per second: 0.0597014
INFO (CarpetX): Grid cells: 4096   Grid cell updates per second: 62601.5
INFO (CarpetX): Performance:
INFO (CarpetX):   total evolution time:            4.0561 sec
INFO (CarpetX):   total evolution compute time:    4.05557 sec
INFO (CarpetX):   total evolution output time:     0.000524998 sec
INFO (CarpetX):   total iterations:                62
INFO (CarpetX):   total cells updated:             253952
INFO (CarpetX):   average iterations per second: 15.2856
INFO (CarpetX):   average cell updates per second: 62610
INFO (CarpetX): OutputGH: iteration 63, time 0.246094, run time 5 s
INFO (CarpetX): OutputGH done.
INFO (CarpetX): Simulation time: 0.246094   Iterations per second: 15.2781   Simulation time per second: 0.0596801
INFO (CarpetX): Grid cells: 4096   Grid cell updates per second: 62579.1
INFO (CarpetX): Performance:
INFO (CarpetX):   total evolution time:            4.12176 sec
INFO (CarpetX):   total evolution compute time:    4.12123 sec
INFO (CarpetX):   total evolution output time:     0.000531912 sec
INFO (CarpetX):   total iterations:                63
INFO (CarpetX):   total cells updated:             258048
INFO (CarpetX):   average iterations per second: 15.2847
INFO (CarpetX):   average cell updates per second: 62606.3
INFO (CarpetX): OutputGH: iteration 64, time 0.250000, run time 5 s
INFO (CarpetX): OutputGH done.
INFO (CarpetX): Simulation time: 0.25   Iterations per second: 8.39126   Simulation time per second: 0.0327783
INFO (CarpetX): Grid cells: 4096   Grid cell updates per second: 34370.6
INFO (CarpetX): Performance:
INFO (CarpetX):   total evolution time:            4.7244 sec
INFO (CarpetX):   total evolution compute time:    4.19238 sec
INFO (CarpetX):   total evolution output time:     0.532016 sec
INFO (CarpetX):   total iterations:                64
INFO (CarpetX):   total cells updated:             262144
INFO (CarpetX):   average iterations per second: 13.5467
INFO (CarpetX):   average cell updates per second: 55487.3
INFO (CarpetX): Shutting down...
AMReX (25.11) finalized
--------------------------------------------------------------------------------
Done.
+ echo Stopping:
Stopping:
+ date
Sat Apr 18 20:31:55 UTC 2026
+ echo Done.
Done.
  Elapsed time: 6.0 s
