/home/runner/simulations/TestJob01_temp_2/output-0000/TEST/sim/MemSpeed
Preparing:
+ set -e
+ cd output-0000-active
+ echo Checking:
Checking:
+ pwd
/home/runner/simulations/TestJob01_temp_2/output-0000/TEST/sim/MemSpeed/output-0000-active
+ hostname
fv-az446-834
+ date
Thu Mar  9 21:33:39 UTC 2023
+ echo Environment:
Environment:
+ export CACTUS_NUM_PROCS=2
+ CACTUS_NUM_PROCS=2
+ export CACTUS_NUM_THREADS=1
+ CACTUS_NUM_THREADS=1
+ export GMON_OUT_PREFIX=gmon.out
+ GMON_OUT_PREFIX=gmon.out
+ export OMP_NUM_THREADS=1
+ OMP_NUM_THREADS=1
+ env
+ sort
+ echo Starting:
Starting:
++ date +%s
+ export CACTUS_STARTTIME=1678397619
+ CACTUS_STARTTIME=1678397619
+ '[' 2 = 1 ']'
+ mpirun -np 2 /home/runner/simulations/TestJob01_temp_2/SIMFACTORY/exe/cactus_sim -L 3 /home/runner/simulations/TestJob01_temp_2/output-0000/arrangements/CactusUtils/MemSpeed/test/memspeed.par
INFO (Cactus): Increased logging level from 0 to 3
--------------------------------------------------------------------------------

       10                                  
  1   0101       ************************  
  01  1010 10      The Cactus Code V4.13.0    
 1010 1101 011      www.cactuscode.org     
  1001 100101    ************************  
    00010101                               
     100011     (c) Copyright The Authors  
      0100      GNU Licensed. No Warranty  
      0101                                 
--------------------------------------------------------------------------------

Cactus version:    4.13.0
Compile date:      Mar 09 2023 (21:06:45)
Run date:          Mar 09 2023 (21:33:40+0000)
Run host:          fv-az446-834.0uoreaf1zgierlbbmbhln1lnyb.phxx.internal.cloudapp.net (pid=116099)
Working directory: /home/runner/simulations/TestJob01_temp_2/output-0000/TEST/sim/MemSpeed
Executable:        /home/runner/simulations/TestJob01_temp_2/SIMFACTORY/exe/cactus_sim
Parameter file:    /home/runner/simulations/TestJob01_temp_2/output-0000/arrangements/CactusUtils/MemSpeed/test/memspeed.par
--------------------------------------------------------------------------------

Activating thorn Cactus...Success -> active implementation Cactus
Activation requested for 
--->hwloc MemSpeed SystemTopology CartGrid3D CoordBase IOASCII IOUtil PUGH PUGHSlab<---
Thorn hwloc requests automatic activation of zlib
Thorn MemSpeed requests automatic activation of Vectors
Thorn MemSpeed requests automatic activation of MPI
Activating thorn CartGrid3D...Success -> active implementation grid
Activating thorn CoordBase...Success -> active implementation CoordBase
Activating thorn hwloc...Success -> active implementation hwloc
Activating thorn IOASCII...Success -> active implementation IOASCII
Activating thorn IOUtil...Success -> active implementation IO
Activating thorn MemSpeed...Success -> active implementation MemSpeed
Activating thorn MPI...Success -> active implementation MPI
Activating thorn PUGH...Success -> active implementation Driver
Activating thorn PUGHSlab...Success -> active implementation Hyperslab
Activating thorn SystemTopology...Success -> active implementation SystemTopology
Activating thorn Vectors...Success -> active implementation Vectors
Activating thorn zlib...Success -> active implementation zlib
--------------------------------------------------------------------------------
  if (recover initial data)
    Recover parameters
  endif

  Startup routines
    [CCTK_STARTUP]
      CartGrid3D::SymmetryStartup: Register GH Extension for GridSymmetry
      CoordBase::CoordBase_Startup: Register a GH extension to store the coordinate system handles
      GROUP hwloc_startup: hwloc startup group
        hwloc::hwloc_version: Output hwloc version
      SystemTopology::ST_system_topology: Output and/or modify system topology and hardware locality
      PUGH::Driver_Startup: Startup routine
      PUGH::PUGH_RegisterPUGHP2LRoutines: Register Physical to Logical process mapping routines
      PUGH::PUGH_RegisterPUGHTopologyRoutines: Register topology generation routines routines
      IOUtil::IOUtil_Startup: Startup routine
      Vectors::Vectors_Startup: Print startup message
      IOASCII::IOASCII_Startup: Startup routine

  Startup routines which need an existing grid hierarchy
    [CCTK_WRAGH]
      CartGrid3D::RegisterCartGrid3DCoords: [meta] Register coordinates for the Cartesian grid
      MemSpeed::MemSpeed_MeasureSpeed: [meta] Measure CPU, memory, cache speeds
  Parameter checking routines
    [CCTK_PARAMCHECK]
      CartGrid3D::ParamCheck_CartGrid3D: Check coordinates for CartGrid3D
      Vectors::Vectors_Test: Run correctness tests.

  Initialisation
    if (NOT (recover initial data AND recovery_mode is 'strict'))
      [CCTK_PREREGRIDINITIAL]
      Set up grid hierarchy
      [CCTK_POSTREGRIDINITIAL]
        CartGrid3D::SpatialCoordinates: Set Coordinates after regridding
      [CCTK_BASEGRID]
        CartGrid3D::SpatialSpacings: Set up ranges for spatial 3D Cartesian coordinates (on all grids)
        CartGrid3D::SpatialCoordinates: Set up spatial 3D Cartesian coordinates on the GH
        IOASCII::IOASCII_Choose1D: Choose 1D output lines
        IOASCII::IOASCII_Choose2D: Choose 2D output planes
        PUGH::PUGH_Report: Report on PUGH set up
      [CCTK_INITIAL]
      [CCTK_POSTINITIAL]
      Initialise finer grids recursively
      Restrict from finer grids
      [CCTK_POSTRESTRICTINITIAL]
      [CCTK_POSTPOSTINITIAL]
      [CCTK_POSTSTEP]
    endif
    if (recover initial data)
      [CCTK_BASEGRID]
        CartGrid3D::SpatialSpacings: Set up ranges for spatial 3D Cartesian coordinates (on all grids)
        CartGrid3D::SpatialCoordinates: Set up spatial 3D Cartesian coordinates on the GH
        IOASCII::IOASCII_Choose1D: Choose 1D output lines
        IOASCII::IOASCII_Choose2D: Choose 2D output planes
        PUGH::PUGH_Report: Report on PUGH set up
      [CCTK_RECOVER_VARIABLES]
      [CCTK_POST_RECOVER_VARIABLES]
    endif
    if (checkpoint initial data)
      [CCTK_CPINITIAL]
    endif
    if (analysis)
      [CCTK_ANALYSIS]
  endif
  Output grid variables

  do loop over timesteps
    [CCTK_PREREGRID]
    Change grid hierarchy
    [CCTK_POSTREGRID]
      CartGrid3D::SpatialCoordinates: Set Coordinates after regridding
    Rotate timelevels
    iteration = iteration+1
    t = t+dt
    [CCTK_PRESTEP]
    [CCTK_EVOL]
    Evolve finer grids recursively
    Restrict from finer grids
    [CCTK_POSTRESTRICT]
    [CCTK_POSTSTEP]
    if (checkpoint)
      [CCTK_CHECKPOINT]
    endif
    if (analysis)
      [CCTK_ANALYSIS]
    endif
    Output grid variables
    enddo

  Termination routines
    [CCTK_TERMINATE]
      PUGH::Driver_Terminate: Termination routine

  Shutdown routines
    [CCTK_SHUTDOWN]

  Routines run after changing the grid hierarchy:
    [CCTK_POSTREGRID]
      CartGrid3D::SpatialCoordinates: Set Coordinates after regridding
--------------------------------------------------------------------------------
INFO (hwloc): library version 2.1.0, API version 0x20100
INFO (SystemTopology): MPI process-to-host mapping:
This is MPI process 0 of 2
MPI hosts:
  0: fv-az446-834
This MPI process runs on host 0 of 1
On this host, this is MPI process 0 of 2
INFO (SystemTopology): Topology support:
Discovery support:
  discovery->pu                            : yes
CPU binding support:
  cpubind->set_thisproc_cpubind            : yes
  cpubind->get_thisproc_cpubind            : yes
  cpubind->set_proc_cpubind                : yes
  cpubind->get_proc_cpubind                : yes
  cpubind->set_thisthread_cpubind          : yes
  cpubind->get_thisthread_cpubind          : yes
  cpubind->set_thread_cpubind              : yes
  cpubind->get_thread_cpubind              : yes
  cpubind->get_thisproc_last_cpu_location  : yes
  cpubind->get_proc_last_cpu_location      : yes
  cpubind->get_thisthread_last_cpu_location: yes
Memory binding support:
  membind->set_thisproc_membind            : no
  membind->get_thisproc_membind            : no
  membind->set_proc_membind                : no
  membind->get_proc_membind                : no
  membind->set_thisthread_membind          : yes
  membind->get_thisthread_membind          : yes
  membind->set_area_membind                : yes
  membind->get_area_membind                : yes
  membind->alloc_membind                   : yes
  membind->firsttouch_membind              : yes
  membind->bind_membind                    : yes
  membind->interleave_membind              : yes
  membind->nexttouch_membind               : no
  membind->migrate_membind                 : yes
INFO (SystemTopology): Hardware objects in this node:
Machine L#0: (P#0, total=7110652KB, DMIProductName="Virtual Machine", DMIProductVersion=7.0, DMIProductUUID=5564c8a3-bc6c-0a41-8cb7-546a6e0c0509, DMIBoardVendor="Microsoft Corporation", DMIBoardName="Virtual Machine", DMIBoardVersion=7.0, DMIChassisVendor="Microsoft Corporation", DMIChassisType=3, DMIChassisVersion=7.0, DMIChassisAssetTag=7783-7084-3265-9085-8269-3286-77, DMIBIOSVendor="American Megatrends Inc.", DMIBIOSVersion="090008 ", DMIBIOSDate=12/07/2018, DMISysVendor="Microsoft Corporation", Backend=Linux, LinuxCgroup=/, OSName=Linux, OSRelease=5.15.0-1034-azure, OSVersion="#41~20.04.1-Ubuntu SMP Sat Feb 11 17:02:42 UTC 2023", HostName=fv-az446-834, Architecture=x86_64, hwlocVersion=2.1.0, ProcessName=cactus_sim)
  Package L#0: (P#0, total=7110652KB, CPUVendor=GenuineIntel, CPUFamilyNumber=6, CPUModelNumber=106, CPUModel="Intel(R) Xeon(R) Platinum 8370C CPU @ 2.80GHz", CPUStepping=6)
    L3Cache L#0: (P#-1, size=49152KB, linesize=64, ways=12, Inclusive=0)
      L2Cache L#0: (P#-1, size=1280KB, linesize=64, ways=20, Inclusive=0)
        L1dCache L#0: (P#-1, size=48KB, linesize=64, ways=12, Inclusive=0)
          Core L#0: (P#0)
            PU L#0: (P#0)
      L2Cache L#1: (P#-1, size=1280KB, linesize=64, ways=20, Inclusive=0)
        L1dCache L#1: (P#-1, size=48KB, linesize=64, ways=12, Inclusive=0)
          Core L#1: (P#1)
            PU L#1: (P#1)
INFO (SystemTopology): Thread CPU bindings:
  MPI process 0 on host 0 (process 0 of 2 on this host)
    OpenMP thread 0: PU set L#{0} P#{0}
  MPI process 1 on host 0 (process 1 of 2 on this host)
    OpenMP thread 0: PU set L#{1} P#{1}
INFO (SystemTopology): Setting thread CPU bindings:
INFO (SystemTopology): Thread CPU bindings:
  MPI process 0 on host 0 (process 0 of 2 on this host)
    OpenMP thread 0: PU set L#{0} P#{0}
  MPI process 1 on host 0 (process 1 of 2 on this host)
    OpenMP thread 0: PU set L#{1} P#{1}
INFO (SystemTopology): Extracting CPU/cache/memory properties:
  There are 1 PUs per core (aka hardware SMT threads)
  There are 1 threads per core (aka SMT threads used)
  Cache (unknown name) has type "data" depth 1
    size 49152 linesize 64 associativity 12 stride 4096, for 1 PUs
  Cache (unknown name) has type "unified" depth 2
    size 1310720 linesize 64 associativity 20 stride 65536, for 1 PUs
  Cache (unknown name) has type "unified" depth 3
    size 50331648 linesize 64 associativity 12 stride 4194304, for 2 PUs
INFO (PUGH): Using physical to logical mappings: direct
INFO (PUGH): Using topology generator: automatic
INFO (Vectors): Using vector size 2 for architecture SSE2 (64-bit precision)
--------------------------------------------------------------------------------
Driver provided by PUGH
--------------------------------------------------------------------------------

INFO (PUGH): Not setting up a topology for 1 dimensions
INFO (PUGH): Not setting up a topology for 2 dimensions
INFO (PUGH): Setting up a topology for 3 dimensions
INFO (IOASCII): I/O Method 'IOASCII_1D' registered: output of 1D lines of grid functions/arrays to ASCII files
INFO (IOASCII): Periodic 1D output every 1 iterations
INFO (IOASCII): Periodic 1D output requested for 'GRID::r'
INFO (IOASCII): I/O Method 'IOASCII_2D' registered: output of 2D planes of grid functions/arrays to ASCII files
INFO (IOASCII): Periodic 2D output turned off
INFO (IOASCII): I/O Method 'IOASCII_3D' registered: output of 3D grid functions/arrays to ASCII files
INFO (IOASCII): Periodic 3D output turned off
INFO (MemSpeed): Measuring CPU, cache, memory, and communication speeds:
  Single-core measurements (using 1 MPI processes with 1 OpenMP threads each):
    CPU frequency:
      iterations=1000000... time=0.0017263 sec
      iterations=10000000... time=0.0170199 sec
      iterations=100000000... time=0.169735 sec
      iterations=600000000... time=1.01822 sec
      iterations=600000000... time=1.04169 sec
      result: -51.131 GHz
    CPU floating point performance:
      iterations=1000000... time=0.00361391 sec
      iterations=10000000... time=0.0360816 sec
      iterations=100000000... time=0.391002 sec
      iterations=300000000... time=1.08671 sec
      result: 8.83401 Gflop/sec
    CPU integer performance:
      iterations=1000000... time=0.0019996 sec
      iterations=10000000... time=0.0199688 sec
      iterations=100000000... time=0.199126 sec
      iterations=600000000... time=1.19441 sec
      result: 8.03747 Giop/sec
    Read latency of D1 cache (for 1 PUs) (using 1*36864 bytes):
      iterations=1000... time=0.000208801 sec
      iterations=10000... time=0.0020715 sec
      iterations=100000... time=0.0208069 sec
      iterations=1000000... time=0.207478 sec
      iterations=5000000... time=1.05232 sec
      result: 2.10464 nsec
    Read latency of L2 cache (for 1 PUs) (using 1*983040 bytes):
      iterations=1000... time=0.000614801 sec
      iterations=10000... time=0.00591371 sec
      iterations=100000... time=0.0592269 sec
      iterations=1000000... time=0.589316 sec
      iterations=2000000... time=1.17979 sec
      result: 5.89896 nsec
    Read latency of L3 cache (for 2 PUs) (using 1*37748736 bytes):
      [skipped -- avoiding large-memory benchmarks]
    Read bandwidth of D1 cache (for 1 PUs) (using 1*36864 bytes):
      iterations=1... time=9.99999e-07 sec
      iterations=10... time=5.9e-06 sec
      iterations=100... time=5.44e-05 sec
      iterations=1000... time=0.000540601 sec
      iterations=10000... time=0.00542331 sec
      iterations=100000... time=0.0541114 sec
      iterations=1000000... time=0.541324 sec
      iterations=2000000... time=1.08635 sec
      result: 67.8674 GByte/sec
    Read bandwidth of L2 cache (for 1 PUs) (using 1*983040 bytes):
      iterations=1... time=2.68e-05 sec
      iterations=10... time=0.0002444 sec
      iterations=100... time=0.0022508 sec
      iterations=1000... time=0.0225272 sec
      iterations=10000... time=0.225025 sec
      iterations=50000... time=1.12894 sec
      result: 43.538 GByte/sec
    Read bandwidth of L3 cache (for 2 PUs) (using 1*37748736 bytes):
      [skipped -- avoiding large-memory benchmarks]
    Write latency of D1 cache (for 1 PUs) (using 1*36864 bytes):
      iterations=1000... time=3.9e-06 sec
      iterations=10000... time=3.27e-05 sec
      iterations=100000... time=0.0003214 sec
      iterations=1000000... time=0.00321891 sec
      iterations=10000000... time=0.0321323 sec
      iterations=100000000... time=0.321545 sec
      iterations=300000000... time=0.96571 sec
      iterations=600000000... time=1.92898 sec
      result: 0.401871 nsec
    Write latency of L2 cache (for 1 PUs) (using 1*983040 bytes):
      iterations=1000... time=1.93e-05 sec
      iterations=10000... time=0.000159 sec
      iterations=100000... time=0.0018352 sec
      iterations=1000000... time=0.0181633 sec
      iterations=10000000... time=0.182546 sec
      iterations=60000000... time=1.09493 sec
      result: 2.28111 nsec
    Write latency of L3 cache (for 2 PUs) (using 1*37748736 bytes):
      [skipped -- avoiding large-memory benchmarks]
    Write bandwidth of D1 cache (for 1 PUs) (using 1*36864 bytes):
      iterations=1... time=8e-07 sec
      iterations=10... time=2.9e-06 sec
      iterations=100... time=2.46e-05 sec
      iterations=1000... time=0.0002423 sec
      iterations=10000... time=0.0024287 sec
      iterations=100000... time=0.0242826 sec
      iterations=1000000... time=0.244328 sec
      iterations=5000000... time=1.21217 sec
      result: 152.058 GByte/sec
    Write bandwidth of L2 cache (for 1 PUs) (using 1*983040 bytes):
      iterations=1... time=3.07e-05 sec
      iterations=10... time=0.0002237 sec
      iterations=100... time=0.0021846 sec
      iterations=1000... time=0.0217084 sec
      iterations=10000... time=0.217159 sec
      iterations=50000... time=1.08547 sec
      result: 45.2818 GByte/sec
    Write bandwidth of L3 cache (for 2 PUs) (using 1*37748736 bytes):
      [skipped -- avoiding large-memory benchmarks]
    Stencil code performance of D1 cache (for 1 PUs) (using 1*13^3 grid points, 1*35152 bytes):
      iterations=1... time=1.44e-05 sec
      iterations=10... time=0.0001421 sec
      iterations=100... time=0.0014087 sec
      iterations=1000... time=0.0139372 sec
      iterations=10000... time=0.14096 sec
      iterations=80000... time=1.12956 sec
      result: 0.1556 Gupdates/sec
    Stencil code performance of L2 cache (for 1 PUs) (using 1*39^3 grid points, 1*949104 bytes):
      iterations=1... time=0.000109201 sec
      iterations=10... time=0.0014125 sec
      iterations=100... time=0.014207 sec
      iterations=1000... time=0.1428 sec
      iterations=8000... time=1.14104 sec
      result: 0.415894 Gupdates/sec
    Stencil code performance of L3 cache (for 2 PUs) (using 1*133^3 grid points, 1*37642192 bytes):
      iterations=1... time=0.0519888 sec
      iterations=10... time=0.457093 sec
      iterations=20... time=0.918641 sec
      iterations=40... time=1.90123 sec
      result: 0.0494971 Gupdates/sec
  Single-node measurements (using 2 MPI processes with 1 OpenMP threads each):
    CPU frequency:
      iterations=1000000... time=0.00169395 sec
      iterations=10000000... time=0.0169953 sec
      iterations=100000000... time=0.170049 sec
      iterations=600000000... time=1.01912 sec
      iterations=600000000... time=1.04291 sec
      result: -50.4548 GHz
    CPU floating point performance:
      iterations=1000000... time=0.00362355 sec
      iterations=10000000... time=0.0362906 sec
      iterations=100000000... time=0.361143 sec
      iterations=300000000... time=1.08657 sec
      result: 8.83512 Gflop/sec
    CPU integer performance:
      iterations=1000000... time=0.00200345 sec
      iterations=10000000... time=0.0199142 sec
      iterations=100000000... time=0.199394 sec
      iterations=600000000... time=1.19608 sec
      result: 8.02622 Giop/sec
    Read latency of D1 cache (for 1 PUs) (using 2*36864 bytes):
      iterations=1000... time=0.000208151 sec
      iterations=10000... time=0.00207705 sec
      iterations=100000... time=0.0207413 sec
      iterations=1000000... time=0.210331 sec
      iterations=5000000... time=1.03773 sec
      result: 2.07547 nsec
    Read latency of L2 cache (for 1 PUs) (using 2*983040 bytes):
      iterations=1000... time=0.000591001 sec
      iterations=10000... time=0.00585281 sec
      iterations=100000... time=0.0582443 sec
      iterations=1000000... time=0.584956 sec
      iterations=2000000... time=1.16608 sec
      result: 5.83041 nsec
    Read latency of L3 cache (for 2 PUs) (using 2*37748736 bytes):
      [skipped -- too much memory requested]
    Read bandwidth of D1 cache (for 1 PUs) (using 2*36864 bytes):
      iterations=1... time=9e-07 sec
      iterations=10... time=5.7e-06 sec
      iterations=100... time=5.4401e-05 sec
      iterations=1000... time=0.00054065 sec
      iterations=10000... time=0.00543851 sec
      iterations=100000... time=0.0541418 sec
      iterations=1000000... time=0.54415 sec
      iterations=2000000... time=1.08567 sec
      result: 67.9103 GByte/sec
    Read bandwidth of L2 cache (for 1 PUs) (using 2*983040 bytes):
      iterations=1... time=2.57e-05 sec
      iterations=10... time=0.00022455 sec
      iterations=100... time=0.00221245 sec
      iterations=1000... time=0.0219607 sec
      iterations=10000... time=0.220034 sec
      iterations=50000... time=1.09867 sec
      result: 44.7379 GByte/sec
    Read bandwidth of L3 cache (for 2 PUs) (using 2*37748736 bytes):
      [skipped -- too much memory requested]
    Write latency of D1 cache (for 1 PUs) (using 2*36864 bytes):
      iterations=1000... time=3.9e-06 sec
      iterations=10000... time=3.27e-05 sec
      iterations=100000... time=0.00032135 sec
      iterations=1000000... time=0.00321881 sec
      iterations=10000000... time=0.0321319 sec
      iterations=100000000... time=0.321824 sec
      iterations=300000000... time=0.965753 sec
      iterations=600000000... time=1.93038 sec
      result: 0.402163 nsec
    Write latency of L2 cache (for 1 PUs) (using 2*983040 bytes):
      iterations=1000... time=1.79e-05 sec
      iterations=10000... time=0.000184151 sec
      iterations=100000... time=0.00180155 sec
      iterations=1000000... time=0.0180835 sec
      iterations=10000000... time=0.184378 sec
      iterations=60000000... time=1.09035 sec
      result: 2.27155 nsec
    Write latency of L3 cache (for 2 PUs) (using 2*37748736 bytes):
      [skipped -- too much memory requested]
    Write bandwidth of D1 cache (for 1 PUs) (using 2*36864 bytes):
      iterations=1... time=6e-07 sec
      iterations=10... time=2.9e-06 sec
      iterations=100... time=2.515e-05 sec
      iterations=1000... time=0.000260451 sec
      iterations=10000... time=0.00249265 sec
      iterations=100000... time=0.0250134 sec
      iterations=1000000... time=0.248791 sec
      iterations=4000000... time=0.995392 sec
      iterations=8000000... time=1.99223 sec
      result: 148.031 GByte/sec
    Write bandwidth of L2 cache (for 1 PUs) (using 2*983040 bytes):
      iterations=1... time=2.86e-05 sec
      iterations=10... time=0.0002141 sec
      iterations=100... time=0.0021025 sec
      iterations=1000... time=0.0210228 sec
      iterations=10000... time=0.210369 sec
      iterations=50000... time=1.0521 sec
      result: 46.7179 GByte/sec
    Write bandwidth of L3 cache (for 2 PUs) (using 2*37748736 bytes):
      [skipped -- too much memory requested]
    Stencil code performance of D1 cache (for 1 PUs) (using 2*10^3 grid points, 2*16000 bytes):
      iterations=1... time=1.275e-05 sec
      iterations=10... time=0.000119151 sec
      iterations=100... time=0.0012132 sec
      iterations=1000... time=0.0120608 sec
      iterations=10000... time=0.121108 sec
      iterations=90000... time=1.09101 sec
      result: 0.0824925 Gupdates/sec
    Stencil code performance of L2 cache (for 1 PUs) (using 2*31^3 grid points, 2*476656 bytes):
      iterations=1... time=0.000501151 sec
      iterations=10... time=0.0023768 sec
      iterations=100... time=0.023672 sec
      iterations=1000... time=0.236784 sec
      iterations=5000... time=1.18438 sec
      result: 0.125767 Gupdates/sec
    Stencil code performance of L3 cache (for 2 PUs) (using 1*133^3 grid points, 1*37642192 bytes):
      [skipped -- too many MPI processes]
  Single-node measurements:
    MPI latency: 950 nsec
    MPI bandwidth: 6.90917 GByte/sec
INFO (Vectors): Testing vectorisation... [errors may result in segfaults]
INFO (Vectors): 375/375 tests passed 
INFO (CartGrid3D): Grid Spacings:
INFO (CartGrid3D): dx=>1.1111111e-01  dy=>1.1111111e-01  dz=>1.1111111e-01
INFO (CartGrid3D): Computational Coordinates:
INFO (CartGrid3D): x=>[-0.500, 0.500]  y=>[-0.500, 0.500]  z=>[-0.500, 0.500]
INFO (CartGrid3D): Indices of Physical Coordinates:
INFO (CartGrid3D): x=>[0,9]  y=>[0,9]  z=>[0,9]
INFO (PUGH): MPI Evolution on 2 processors
INFO (PUGH): 3-dimensional grid functions
INFO (PUGH):   Size: 10 10 10
INFO (PUGH):   Processor topology: 2 x 1 x 1
INFO (PUGH):   Local load: 600   [6 x 10 x 10]
INFO (PUGH):   Maximum load skew: 0.000000
--------------------------------------------------------------------------------
Done.
+ echo Stopping:
Stopping:
+ date
Thu Mar  9 21:34:28 UTC 2023
+ echo Done.
Done.
  Elapsed time: 48.8 s
