/home/runner/simulations/TestJob01_temp_1/output-0000/TEST/sim/MemSpeed
Preparing:
+ set -e
+ cd output-0000-active
+ echo Checking:
Checking:
+ pwd
/home/runner/simulations/TestJob01_temp_1/output-0000/TEST/sim/MemSpeed/output-0000-active
+ hostname
fv-az803-261
+ date
Fri Apr 28 16:11:47 UTC 2023
+ echo Environment:
Environment:
+ export CACTUS_NUM_PROCS=1
+ CACTUS_NUM_PROCS=1
+ export CACTUS_NUM_THREADS=2
+ CACTUS_NUM_THREADS=2
+ export GMON_OUT_PREFIX=gmon.out
+ GMON_OUT_PREFIX=gmon.out
+ export OMP_NUM_THREADS=2
+ OMP_NUM_THREADS=2
+ env
+ sort
+ echo Starting:
Starting:
++ date +%s
+ export CACTUS_STARTTIME=1682698307
+ CACTUS_STARTTIME=1682698307
+ '[' 1 = 1 ']'
+ '[' 0 -eq 0 ']'
+ /home/runner/simulations/TestJob01_temp_1/SIMFACTORY/exe/cactus_sim -L 3 /home/runner/simulations/TestJob01_temp_1/output-0000/arrangements/CactusUtils/MemSpeed/test/memspeed.par
INFO (Cactus): Increased logging level from 0 to 3
--------------------------------------------------------------------------------

       10                                  
  1   0101       ************************  
  01  1010 10      The Cactus Code V4.13.0    
 1010 1101 011      www.cactuscode.org     
  1001 100101    ************************  
    00010101                               
     100011     (c) Copyright The Authors  
      0100      GNU Licensed. No Warranty  
      0101                                 
--------------------------------------------------------------------------------

Cactus version:    4.13.0
Compile date:      Apr 28 2023 (16:04:39)
Run date:          Apr 28 2023 (16:11:48+0000)
Run host:          fv-az803-261.ic04zlzjvaperlxkzqqhhsq4bb.dx.internal.cloudapp.net (pid=100597)
Working directory: /home/runner/simulations/TestJob01_temp_1/output-0000/TEST/sim/MemSpeed
Executable:        /home/runner/simulations/TestJob01_temp_1/SIMFACTORY/exe/cactus_sim
Parameter file:    /home/runner/simulations/TestJob01_temp_1/output-0000/arrangements/CactusUtils/MemSpeed/test/memspeed.par
--------------------------------------------------------------------------------

Activating thorn Cactus...Success -> active implementation Cactus
Activation requested for 
--->hwloc MemSpeed SystemTopology CartGrid3D CoordBase IOASCII IOUtil PUGH PUGHSlab<---
Thorn hwloc requests automatic activation of zlib
Thorn MemSpeed requests automatic activation of Vectors
Thorn MemSpeed requests automatic activation of MPI
Activating thorn CartGrid3D...Success -> active implementation grid
Activating thorn CoordBase...Success -> active implementation CoordBase
Activating thorn hwloc...Success -> active implementation hwloc
Activating thorn IOASCII...Success -> active implementation IOASCII
Activating thorn IOUtil...Success -> active implementation IO
Activating thorn MemSpeed...Success -> active implementation MemSpeed
Activating thorn MPI...Success -> active implementation MPI
Activating thorn PUGH...Success -> active implementation Driver
Activating thorn PUGHSlab...Success -> active implementation Hyperslab
Activating thorn SystemTopology...Success -> active implementation SystemTopology
Activating thorn Vectors...Success -> active implementation Vectors
Activating thorn zlib...Success -> active implementation zlib
--------------------------------------------------------------------------------
  if (recover initial data)
    Recover parameters
  endif

  Startup routines
    [CCTK_STARTUP]
      CartGrid3D::SymmetryStartup: Register GH Extension for GridSymmetry
      CoordBase::CoordBase_Startup: Register a GH extension to store the coordinate system handles
      GROUP hwloc_startup: hwloc startup group
        hwloc::hwloc_version: Output hwloc version
      SystemTopology::ST_system_topology: Output and/or modify system topology and hardware locality
      PUGH::Driver_Startup: Startup routine
      PUGH::PUGH_RegisterPUGHP2LRoutines: Register Physical to Logical process mapping routines
      PUGH::PUGH_RegisterPUGHTopologyRoutines: Register topology generation routines routines
      IOUtil::IOUtil_Startup: Startup routine
      Vectors::Vectors_Startup: Print startup message
      IOASCII::IOASCII_Startup: Startup routine

  Startup routines which need an existing grid hierarchy
    [CCTK_WRAGH]
      CartGrid3D::RegisterCartGrid3DCoords: [meta] Register coordinates for the Cartesian grid
      MemSpeed::MemSpeed_MeasureSpeed: [meta] Measure CPU, memory, cache speeds
  Parameter checking routines
    [CCTK_PARAMCHECK]
      CartGrid3D::ParamCheck_CartGrid3D: Check coordinates for CartGrid3D
      Vectors::Vectors_Test: Run correctness tests.

  Initialisation
    if (NOT (recover initial data AND recovery_mode is 'strict'))
      [CCTK_PREREGRIDINITIAL]
      Set up grid hierarchy
      [CCTK_POSTREGRIDINITIAL]
        CartGrid3D::SpatialCoordinates: Set Coordinates after regridding
      [CCTK_BASEGRID]
        CartGrid3D::SpatialSpacings: Set up ranges for spatial 3D Cartesian coordinates (on all grids)
        CartGrid3D::SpatialCoordinates: Set up spatial 3D Cartesian coordinates on the GH
        IOASCII::IOASCII_Choose1D: Choose 1D output lines
        IOASCII::IOASCII_Choose2D: Choose 2D output planes
        PUGH::PUGH_Report: Report on PUGH set up
      [CCTK_INITIAL]
      [CCTK_POSTINITIAL]
      Initialise finer grids recursively
      Restrict from finer grids
      [CCTK_POSTRESTRICTINITIAL]
      [CCTK_POSTPOSTINITIAL]
      [CCTK_POSTSTEP]
    endif
    if (recover initial data)
      [CCTK_BASEGRID]
        CartGrid3D::SpatialSpacings: Set up ranges for spatial 3D Cartesian coordinates (on all grids)
        CartGrid3D::SpatialCoordinates: Set up spatial 3D Cartesian coordinates on the GH
        IOASCII::IOASCII_Choose1D: Choose 1D output lines
        IOASCII::IOASCII_Choose2D: Choose 2D output planes
        PUGH::PUGH_Report: Report on PUGH set up
      [CCTK_RECOVER_VARIABLES]
      [CCTK_POST_RECOVER_VARIABLES]
    endif
    if (checkpoint initial data)
      [CCTK_CPINITIAL]
    endif
    if (analysis)
      [CCTK_ANALYSIS]
  endif
  Output grid variables

  do loop over timesteps
    [CCTK_PREREGRID]
    Change grid hierarchy
    [CCTK_POSTREGRID]
      CartGrid3D::SpatialCoordinates: Set Coordinates after regridding
    Rotate timelevels
    iteration = iteration+1
    t = t+dt
    [CCTK_PRESTEP]
    [CCTK_EVOL]
    Evolve finer grids recursively
    Restrict from finer grids
    [CCTK_POSTRESTRICT]
    [CCTK_POSTSTEP]
    if (checkpoint)
      [CCTK_CHECKPOINT]
    endif
    if (analysis)
      [CCTK_ANALYSIS]
    endif
    Output grid variables
    enddo

  Termination routines
    [CCTK_TERMINATE]
      PUGH::Driver_Terminate: Termination routine

  Shutdown routines
    [CCTK_SHUTDOWN]

  Routines run after changing the grid hierarchy:
    [CCTK_POSTREGRID]
      CartGrid3D::SpatialCoordinates: Set Coordinates after regridding
--------------------------------------------------------------------------------
INFO (hwloc): library version 2.7.0, API version 0x20500
INFO (SystemTopology): MPI process-to-host mapping:
This is MPI process 0 of 1
MPI hosts:
  0: fv-az803-261
This MPI process runs on host 0 of 1
On this host, this is MPI process 0 of 1
INFO (SystemTopology): Topology support:
Discovery support:
  discovery->pu                            : yes
CPU binding support:
  cpubind->set_thisproc_cpubind            : yes
  cpubind->get_thisproc_cpubind            : yes
  cpubind->set_proc_cpubind                : yes
  cpubind->get_proc_cpubind                : yes
  cpubind->set_thisthread_cpubind          : yes
  cpubind->get_thisthread_cpubind          : yes
  cpubind->set_thread_cpubind              : yes
  cpubind->get_thread_cpubind              : yes
  cpubind->get_thisproc_last_cpu_location  : yes
  cpubind->get_proc_last_cpu_location      : yes
  cpubind->get_thisthread_last_cpu_location: yes
Memory binding support:
  membind->set_thisproc_membind            : no
  membind->get_thisproc_membind            : no
  membind->set_proc_membind                : no
  membind->get_proc_membind                : no
  membind->set_thisthread_membind          : yes
  membind->get_thisthread_membind          : yes
  membind->set_area_membind                : yes
  membind->get_area_membind                : yes
  membind->alloc_membind                   : yes
  membind->firsttouch_membind              : yes
  membind->bind_membind                    : yes
  membind->interleave_membind              : yes
  membind->nexttouch_membind               : no
  membind->migrate_membind                 : yes
INFO (SystemTopology): Hardware objects in this node:
Machine L#0: (P#0, total=7110612KB, DMIProductName="Virtual Machine", DMIProductVersion=7.0, DMIProductUUID=4df669ad-6142-804f-a4b2-0bacac91242f, DMIBoardVendor="Microsoft Corporation", DMIBoardName="Virtual Machine", DMIBoardVersion=7.0, DMIChassisVendor="Microsoft Corporation", DMIChassisType=3, DMIChassisVersion=7.0, DMIChassisAssetTag=7783-7084-3265-9085-8269-3286-77, DMIBIOSVendor="American Megatrends Inc.", DMIBIOSVersion="090008 ", DMIBIOSDate=12/07/2018, DMISysVendor="Microsoft Corporation", Backend=Linux, LinuxCgroup=/system.slice/runner-provisioner.service, OSName=Linux, OSRelease=5.15.0-1036-azure, OSVersion="#43-Ubuntu SMP Wed Mar 29 16:11:05 UTC 2023", HostName=fv-az803-261, Architecture=x86_64, hwlocVersion=2.7.0, ProcessName=cactus_sim)
  Package L#0: (P#0, total=7110612KB, CPUVendor=GenuineIntel, CPUFamilyNumber=6, CPUModelNumber=63, CPUModel="Intel(R) Xeon(R) CPU E5-2673 v3 @ 2.40GHz", CPUStepping=2)
    L3Cache L#0: (P#0, size=30720KB, linesize=64, ways=20, Inclusive=1)
      L2Cache L#0: (P#0, size=256KB, linesize=64, ways=8, Inclusive=0)
        L1dCache L#0: (P#0, size=32KB, linesize=64, ways=8, Inclusive=0)
          Core L#0: (P#0)
            PU L#0: (P#0)
      L2Cache L#1: (P#1, size=256KB, linesize=64, ways=8, Inclusive=0)
        L1dCache L#1: (P#1, size=32KB, linesize=64, ways=8, Inclusive=0)
          Core L#1: (P#1)
            PU L#1: (P#1)
INFO (SystemTopology): Thread CPU bindings:
  MPI process 0 on host 0 (process 0 of 1 on this host)
    OpenMP thread 0: PU set L#{0-1} P#{0-1}
    OpenMP thread 1: PU set L#{0-1} P#{0-1}
INFO (SystemTopology): Setting thread CPU bindings:
INFO (SystemTopology): Thread CPU bindings:
  MPI process 0 on host 0 (process 0 of 1 on this host)
    OpenMP thread 0: PU set L#{0} P#{0}
    OpenMP thread 1: PU set L#{1} P#{1}
INFO (SystemTopology): Extracting CPU/cache/memory properties:
  There are 1 PUs per core (aka hardware SMT threads)
  There are 1 threads per core (aka SMT threads used)
  Cache (unknown name) has type "data" depth 1
    size 32768 linesize 64 associativity 8 stride 4096, for 1 PUs
  Cache (unknown name) has type "unified" depth 2
    size 262144 linesize 64 associativity 8 stride 32768, for 1 PUs
  Cache (unknown name) has type "unified" depth 3
    size 31457280 linesize 64 associativity 20 stride 1572864, for 2 PUs
INFO (PUGH): Using physical to logical mappings: direct
INFO (PUGH): Using topology generator: automatic
INFO (Vectors): Using vector size 2 for architecture SSE2 (64-bit precision)
--------------------------------------------------------------------------------
Driver provided by PUGH
--------------------------------------------------------------------------------

INFO (PUGH): Not setting up a topology for 1 dimensions
INFO (PUGH): Not setting up a topology for 2 dimensions
INFO (PUGH): Setting up a topology for 3 dimensions
INFO (IOASCII): I/O Method 'IOASCII_1D' registered: output of 1D lines of grid functions/arrays to ASCII files
INFO (IOASCII): Periodic 1D output every 1 iterations
INFO (IOASCII): Periodic 1D output requested for 'GRID::r'
INFO (IOASCII): I/O Method 'IOASCII_2D' registered: output of 2D planes of grid functions/arrays to ASCII files
INFO (IOASCII): Periodic 2D output turned off
INFO (IOASCII): I/O Method 'IOASCII_3D' registered: output of 3D grid functions/arrays to ASCII files
INFO (IOASCII): Periodic 3D output turned off
INFO (MemSpeed): Measuring CPU, cache, memory, and communication speeds:
  Single-core measurements (using 1 MPI processes with 1 OpenMP threads each):
    CPU frequency:
      iterations=1000000... time=0.00265233 sec
      iterations=10000000... time=0.0275035 sec
      iterations=100000000... time=0.269513 sec
      iterations=400000000... time=1.08639 sec
      iterations=400000000... time=0.814137 sec
      result: 2.93843 GHz
    CPU floating point performance:
      iterations=1000000... time=0.00287863 sec
      iterations=10000000... time=0.0299327 sec
      iterations=100000000... time=0.303012 sec
      iterations=400000000... time=1.18099 sec
      result: 10.8384 Gflop/sec
    CPU integer performance:
      iterations=1000000... time=0.00188532 sec
      iterations=10000000... time=0.0182301 sec
      iterations=100000000... time=0.182063 sec
      iterations=600000000... time=1.12376 sec
      result: 8.54275 Giop/sec
    Read latency of D1 cache (for 1 PUs) (using 1*24576 bytes):
      iterations=1000... time=0.000139302 sec
      iterations=10000... time=0.00133791 sec
      iterations=100000... time=0.0134344 sec
      iterations=1000000... time=0.13536 sec
      iterations=8000000... time=1.09832 sec
      result: 1.3729 nsec
    Read latency of L2 cache (for 1 PUs) (using 1*196608 bytes):
      iterations=1000... time=0.000429705 sec
      iterations=10000... time=0.00442694 sec
      iterations=100000... time=0.0441267 sec
      iterations=1000000... time=0.45094 sec
      iterations=2000000... time=0.91908 sec
      iterations=4000000... time=1.78107 sec
      result: 4.45268 nsec
    Read latency of L3 cache (for 2 PUs) (using 1*23592960 bytes):
      [skipped -- avoiding large-memory benchmarks]
    Read bandwidth of D1 cache (for 1 PUs) (using 1*24576 bytes):
      iterations=1... time=1e-06 sec
      iterations=10... time=2.9e-06 sec
      iterations=100... time=2.6001e-05 sec
      iterations=1000... time=0.000256202 sec
      iterations=10000... time=0.00286913 sec
      iterations=100000... time=0.0262696 sec
      iterations=1000000... time=0.263237 sec
      iterations=4000000... time=1.06649 sec
      result: 92.1754 GByte/sec
    Read bandwidth of L2 cache (for 1 PUs) (using 1*196608 bytes):
      iterations=1... time=6e-06 sec
      iterations=10... time=4.3701e-05 sec
      iterations=100... time=0.000419404 sec
      iterations=1000... time=0.00423094 sec
      iterations=10000... time=0.0435865 sec
      iterations=100000... time=0.430626 sec
      iterations=300000... time=1.32226 sec
      result: 44.6073 GByte/sec
    Read bandwidth of L3 cache (for 2 PUs) (using 1*23592960 bytes):
      [skipped -- avoiding large-memory benchmarks]
    Write latency of D1 cache (for 1 PUs) (using 1*24576 bytes):
      iterations=1000... time=3.6e-06 sec
      iterations=10000... time=2.67e-05 sec
      iterations=100000... time=0.000259103 sec
      iterations=1000000... time=0.00270293 sec
      iterations=10000000... time=0.0275367 sec
      iterations=100000000... time=0.270509 sec
      iterations=400000000... time=1.08315 sec
      result: 0.338484 nsec
    Write latency of L2 cache (for 1 PUs) (using 1*196608 bytes):
      iterations=1000... time=1.86e-05 sec
      iterations=10000... time=0.000157801 sec
      iterations=100000... time=0.00168792 sec
      iterations=1000000... time=0.0160897 sec
      iterations=10000000... time=0.162269 sec
      iterations=70000000... time=1.15361 sec
      result: 2.06002 nsec
    Write latency of L3 cache (for 2 PUs) (using 1*23592960 bytes):
      [skipped -- avoiding large-memory benchmarks]
    Write bandwidth of D1 cache (for 1 PUs) (using 1*24576 bytes):
      iterations=1... time=6e-07 sec
      iterations=10... time=5.2e-06 sec
      iterations=100... time=5.0901e-05 sec
      iterations=1000... time=0.000507305 sec
      iterations=10000... time=0.00508565 sec
      iterations=100000... time=0.0541292 sec
      iterations=1000000... time=0.529507 sec
      iterations=2000000... time=1.05827 sec
      result: 46.4457 GByte/sec
    Write bandwidth of L2 cache (for 1 PUs) (using 1*196608 bytes):
      iterations=1... time=7.5e-06 sec
      iterations=10... time=7.5601e-05 sec
      iterations=100... time=0.000799508 sec
      iterations=1000... time=0.00859758 sec
      iterations=10000... time=0.0775074 sec
      iterations=100000... time=0.794509 sec
      iterations=200000... time=1.56705 sec
      result: 25.0928 GByte/sec
    Write bandwidth of L3 cache (for 2 PUs) (using 1*23592960 bytes):
      [skipped -- avoiding large-memory benchmarks]
    Stencil code performance of D1 cache (for 1 PUs) (using 1*12^3 grid points, 1*27648 bytes):
      iterations=1... time=1.41e-05 sec
      iterations=10... time=0.000195802 sec
      iterations=100... time=0.00197742 sec
      iterations=1000... time=0.0201123 sec
      iterations=10000... time=0.203871 sec
      iterations=50000... time=1.03026 sec
      result: 0.0838626 Gupdates/sec
    Stencil code performance of L2 cache (for 1 PUs) (using 1*23^3 grid points, 1*194672 bytes):
      iterations=1... time=2.97e-05 sec
      iterations=10... time=0.000411004 sec
      iterations=100... time=0.00340503 sec
      iterations=1000... time=0.0341197 sec
      iterations=10000... time=0.334934 sec
      iterations=30000... time=1.04785 sec
      result: 0.348342 Gupdates/sec
    Stencil code performance of L3 cache (for 2 PUs) (using 1*114^3 grid points, 1*23704704 bytes):
      iterations=1... time=0.00401684 sec
      iterations=10... time=0.0396295 sec
      iterations=100... time=0.387906 sec
      iterations=300... time=1.15865 sec
      result: 0.383604 Gupdates/sec
  Single-node measurements (using 1 MPI processes with 2 OpenMP threads each):
    CPU frequency:
      iterations=1000000... time=0.00283873 sec
      iterations=10000000... time=0.0274393 sec
      iterations=100000000... time=0.27067 sec
      iterations=400000000... time=1.10038 sec
      iterations=400000000... time=0.830913 sec
      result: 2.96883 GHz
    CPU floating point performance:
      iterations=1000000... time=0.00281548 sec
      iterations=10000000... time=0.0293022 sec
      iterations=100000000... time=0.296214 sec
      iterations=400000000... time=1.19592 sec
      result: 10.703 Gflop/sec
    CPU integer performance:
      iterations=1000000... time=0.00189262 sec
      iterations=10000000... time=0.0185325 sec
      iterations=100000000... time=0.18582 sec
      iterations=600000000... time=1.13755 sec
      result: 8.43918 Giop/sec
    Read latency of D1 cache (for 1 PUs) (using 2*24576 bytes):
      iterations=1000... time=0.000141302 sec
      iterations=10000... time=0.00129356 sec
      iterations=100000... time=0.0134715 sec
      iterations=1000000... time=0.140212 sec
      iterations=8000000... time=1.10385 sec
      result: 1.37981 nsec
    Read latency of L2 cache (for 1 PUs) (using 2*196608 bytes):
      iterations=1000... time=0.000468504 sec
      iterations=10000... time=0.0049243 sec
      iterations=100000... time=0.0503582 sec
      iterations=1000000... time=0.50212 sec
      iterations=2000000... time=1.00211 sec
      result: 5.01054 nsec
    Read latency of L3 cache (for 2 PUs) (using 1*23592960 bytes):
      [skipped -- avoiding large-memory benchmarks]
    Read bandwidth of D1 cache (for 1 PUs) (using 2*24576 bytes):
      iterations=1... time=7.5e-07 sec
      iterations=10... time=2.8e-06 sec
      iterations=100... time=2.5701e-05 sec
      iterations=1000... time=0.000255502 sec
      iterations=10000... time=0.00269828 sec
      iterations=100000... time=0.0269898 sec
      iterations=1000000... time=0.269292 sec
      iterations=4000000... time=1.07569 sec
      result: 91.3872 GByte/sec
    Read bandwidth of L2 cache (for 1 PUs) (using 2*196608 bytes):
      iterations=1... time=5.75e-06 sec
      iterations=10... time=0.000117701 sec
      iterations=100... time=0.000550155 sec
      iterations=1000... time=0.00467695 sec
      iterations=10000... time=0.0522751 sec
      iterations=100000... time=0.496298 sec
      iterations=200000... time=1.00256 sec
      result: 39.2213 GByte/sec
    Read bandwidth of L3 cache (for 2 PUs) (using 1*23592960 bytes):
      [skipped -- avoiding large-memory benchmarks]
    Write latency of D1 cache (for 1 PUs) (using 2*24576 bytes):
      iterations=1000... time=3.7e-06 sec
      iterations=10000... time=3.085e-05 sec
      iterations=100000... time=0.000298203 sec
      iterations=1000000... time=0.00264088 sec
      iterations=10000000... time=0.0286875 sec
      iterations=100000000... time=0.292119 sec
      iterations=400000000... time=1.1482 sec
      result: 0.358812 nsec
    Write latency of L2 cache (for 1 PUs) (using 2*196608 bytes):
      iterations=1000... time=1.895e-05 sec
      iterations=10000... time=0.000157301 sec
      iterations=100000... time=0.00156697 sec
      iterations=1000000... time=0.0164159 sec
      iterations=10000000... time=0.165083 sec
      iterations=70000000... time=1.19226 sec
      result: 2.12904 nsec
    Write latency of L3 cache (for 2 PUs) (using 1*23592960 bytes):
      [skipped -- avoiding large-memory benchmarks]
    Write bandwidth of D1 cache (for 1 PUs) (using 2*24576 bytes):
      iterations=1... time=7e-07 sec
      iterations=10... time=4.6e-06 sec
      iterations=100... time=4.295e-05 sec
      iterations=1000... time=0.000428354 sec
      iterations=10000... time=0.00424614 sec
      iterations=100000... time=0.0414287 sec
      iterations=1000000... time=0.416428 sec
      iterations=3000000... time=1.25235 sec
      result: 58.8716 GByte/sec
    Write bandwidth of L2 cache (for 1 PUs) (using 2*196608 bytes):
      iterations=1... time=8.5e-06 sec
      iterations=10... time=8.3101e-05 sec
      iterations=100... time=0.000830154 sec
      iterations=1000... time=0.00811889 sec
      iterations=10000... time=0.0821694 sec
      iterations=100000... time=0.800967 sec
      iterations=200000... time=1.59262 sec
      result: 24.6899 GByte/sec
    Write bandwidth of L3 cache (for 2 PUs) (using 1*23592960 bytes):
      [skipped -- avoiding large-memory benchmarks]
    Stencil code performance of D1 cache (for 1 PUs) (using 2*9^3 grid points, 2*11664 bytes):
      iterations=1... time=2.55e-06 sec
      iterations=10... time=2.39e-05 sec
      iterations=100... time=0.000281402 sec
      iterations=1000... time=0.00235381 sec
      iterations=10000... time=0.0240862 sec
      iterations=100000... time=0.238785 sec
      iterations=500000... time=1.21887 sec
      result: 0.299048 Gupdates/sec
    Stencil code performance of L2 cache (for 1 PUs) (using 2*18^3 grid points, 2*93312 bytes):
      iterations=1... time=1.08e-05 sec
      iterations=10... time=0.000109601 sec
      iterations=100... time=0.00172207 sec
      iterations=1000... time=0.011879 sec
      iterations=10000... time=0.119769 sec
      iterations=90000... time=1.05737 sec
      result: 0.496402 Gupdates/sec
    Stencil code performance of L3 cache (for 2 PUs) (using 1*114^3 grid points, 1*23704704 bytes):
      iterations=1... time=0.00106511 sec
      iterations=10... time=0.0098866 sec
      iterations=100... time=0.110623 sec
      iterations=1000... time=1.05345 sec
      result: 1.40638 Gupdates/sec
INFO (Vectors): Testing vectorisation... [errors may result in segfaults]
INFO (Vectors): 375/375 tests passed 
INFO (CartGrid3D): Grid Spacings:
INFO (CartGrid3D): dx=>1.1111111e-01  dy=>1.1111111e-01  dz=>1.1111111e-01
INFO (CartGrid3D): Computational Coordinates:
INFO (CartGrid3D): x=>[-0.500, 0.500]  y=>[-0.500, 0.500]  z=>[-0.500, 0.500]
INFO (CartGrid3D): Indices of Physical Coordinates:
INFO (CartGrid3D): x=>[0,9]  y=>[0,9]  z=>[0,9]
INFO (PUGH): MPI Evolution on 1 processors
INFO (PUGH): 3-dimensional grid functions
INFO (PUGH):   Size: 10 10 10
INFO (PUGH):   Processor topology: 1 x 1 x 1
INFO (PUGH):   Local load: 1000   [10 x 10 x 10]
INFO (PUGH):   Maximum load skew: 0.000000
--------------------------------------------------------------------------------
Done.
+ echo Stopping:
Stopping:
+ date
Fri Apr 28 16:12:38 UTC 2023
+ echo Done.
Done.
  Elapsed time: 51.1 s
