/home/runner/simulations/TestJob01_temp_2/output-0000/TEST/sim/MemSpeed
Preparing:
+ set -e
+ cd output-0000-active
+ echo Checking:
Checking:
+ pwd
/home/runner/simulations/TestJob01_temp_2/output-0000/TEST/sim/MemSpeed/output-0000-active
+ hostname
fv-az208-771
+ date
Sat Jun  4 19:03:20 UTC 2022
+ echo Environment:
Environment:
+ export CACTUS_NUM_PROCS=2
+ CACTUS_NUM_PROCS=2
+ export CACTUS_NUM_THREADS=1
+ CACTUS_NUM_THREADS=1
+ export GMON_OUT_PREFIX=gmon.out
+ GMON_OUT_PREFIX=gmon.out
+ export OMP_NUM_THREADS=1
+ OMP_NUM_THREADS=1
+ env
+ sort
+ echo Starting:
Starting:
++ date +%s
+ export CACTUS_STARTTIME=1654369400
+ CACTUS_STARTTIME=1654369400
+ '[' 2 = 1 ']'
+ mpirun -np 2 /home/runner/simulations/TestJob01_temp_2/SIMFACTORY/exe/cactus_sim -L 3 /home/runner/simulations/TestJob01_temp_2/output-0000/arrangements/CactusUtils/MemSpeed/test/memspeed.par
INFO (Cactus): Increased logging level from 0 to 3
--------------------------------------------------------------------------------

       10                                  
  1   0101       ************************  
  01  1010 10      The Cactus Code V4.12.0    
 1010 1101 011      www.cactuscode.org     
  1001 100101    ************************  
    00010101                               
     100011     (c) Copyright The Authors  
      0100      GNU Licensed. No Warranty  
      0101                                 
--------------------------------------------------------------------------------

Cactus version:    4.12.0
Compile date:      Jun 04 2022 (18:31:52)
Run date:          Jun 04 2022 (19:03:21+0000)
Run host:          fv-az208-771.kmgg0fu2myoezeajip4j0sfi3d.cx.internal.cloudapp.net (pid=106597)
Working directory: /home/runner/simulations/TestJob01_temp_2/output-0000/TEST/sim/MemSpeed
Executable:        /home/runner/simulations/TestJob01_temp_2/SIMFACTORY/exe/cactus_sim
Parameter file:    /home/runner/simulations/TestJob01_temp_2/output-0000/arrangements/CactusUtils/MemSpeed/test/memspeed.par
--------------------------------------------------------------------------------

Activating thorn Cactus...Success -> active implementation Cactus
Activation requested for 
--->hwloc MemSpeed SystemTopology CartGrid3D CoordBase IOASCII IOUtil PUGH PUGHSlab<---
Thorn hwloc requests automatic activation of zlib
Thorn MemSpeed requests automatic activation of Vectors
Thorn MemSpeed requests automatic activation of MPI
Activating thorn CartGrid3D...Success -> active implementation grid
Activating thorn CoordBase...Success -> active implementation CoordBase
Activating thorn hwloc...Success -> active implementation hwloc
Activating thorn IOASCII...Success -> active implementation IOASCII
Activating thorn IOUtil...Success -> active implementation IO
Activating thorn MemSpeed...Success -> active implementation MemSpeed
Activating thorn MPI...Success -> active implementation MPI
Activating thorn PUGH...Success -> active implementation Driver
Activating thorn PUGHSlab...Success -> active implementation Hyperslab
Activating thorn SystemTopology...Success -> active implementation SystemTopology
Activating thorn Vectors...Success -> active implementation Vectors
Activating thorn zlib...Success -> active implementation zlib
--------------------------------------------------------------------------------
  if (recover initial data)
    Recover parameters
  endif

  Startup routines
    [CCTK_STARTUP]
      CartGrid3D::SymmetryStartup: Register GH Extension for GridSymmetry
      CoordBase::CoordBase_Startup: Register a GH extension to store the coordinate system handles
      GROUP hwloc_startup: hwloc startup group
        hwloc::hwloc_version: Output hwloc version
      SystemTopology::ST_system_topology: Output and/or modify system topology and hardware locality
      PUGH::Driver_Startup: Startup routine
      PUGH::PUGH_RegisterPUGHP2LRoutines: Register Physical to Logical process mapping routines
      PUGH::PUGH_RegisterPUGHTopologyRoutines: Register topology generation routines routines
      IOUtil::IOUtil_Startup: Startup routine
      Vectors::Vectors_Startup: Print startup message
      IOASCII::IOASCII_Startup: Startup routine

  Startup routines which need an existing grid hierarchy
    [CCTK_WRAGH]
      CartGrid3D::RegisterCartGrid3DCoords: [meta] Register coordinates for the Cartesian grid
      MemSpeed::MemSpeed_MeasureSpeed: [meta] Measure CPU, memory, cache speeds
  Parameter checking routines
    [CCTK_PARAMCHECK]
      CartGrid3D::ParamCheck_CartGrid3D: Check coordinates for CartGrid3D
      Vectors::Vectors_Test: Run correctness tests.

  Initialisation
    if (NOT (recover initial data AND recovery_mode is 'strict'))
      [CCTK_PREREGRIDINITIAL]
      Set up grid hierarchy
      [CCTK_POSTREGRIDINITIAL]
        CartGrid3D::SpatialCoordinates: Set Coordinates after regridding
      [CCTK_BASEGRID]
        CartGrid3D::SpatialSpacings: Set up ranges for spatial 3D Cartesian coordinates (on all grids)
        CartGrid3D::SpatialCoordinates: Set up spatial 3D Cartesian coordinates on the GH
        IOASCII::IOASCII_Choose1D: Choose 1D output lines
        IOASCII::IOASCII_Choose2D: Choose 2D output planes
        PUGH::PUGH_Report: Report on PUGH set up
      [CCTK_INITIAL]
      [CCTK_POSTINITIAL]
      Initialise finer grids recursively
      Restrict from finer grids
      [CCTK_POSTRESTRICTINITIAL]
      [CCTK_POSTPOSTINITIAL]
      [CCTK_POSTSTEP]
    endif
    if (recover initial data)
      [CCTK_BASEGRID]
        CartGrid3D::SpatialSpacings: Set up ranges for spatial 3D Cartesian coordinates (on all grids)
        CartGrid3D::SpatialCoordinates: Set up spatial 3D Cartesian coordinates on the GH
        IOASCII::IOASCII_Choose1D: Choose 1D output lines
        IOASCII::IOASCII_Choose2D: Choose 2D output planes
        PUGH::PUGH_Report: Report on PUGH set up
      [CCTK_RECOVER_VARIABLES]
      [CCTK_POST_RECOVER_VARIABLES]
    endif
    if (checkpoint initial data)
      [CCTK_CPINITIAL]
    endif
    if (analysis)
      [CCTK_ANALYSIS]
  endif
  Output grid variables

  do loop over timesteps
    [CCTK_PREREGRID]
    Change grid hierarchy
    [CCTK_POSTREGRID]
      CartGrid3D::SpatialCoordinates: Set Coordinates after regridding
    Rotate timelevels
    iteration = iteration+1
    t = t+dt
    [CCTK_PRESTEP]
    [CCTK_EVOL]
    Evolve finer grids recursively
    Restrict from finer grids
    [CCTK_POSTRESTRICT]
    [CCTK_POSTSTEP]
    if (checkpoint)
      [CCTK_CHECKPOINT]
    endif
    if (analysis)
      [CCTK_ANALYSIS]
    endif
    Output grid variables
    enddo

  Termination routines
    [CCTK_TERMINATE]
      PUGH::Driver_Terminate: Termination routine

  Shutdown routines
    [CCTK_SHUTDOWN]

  Routines run after changing the grid hierarchy:
    [CCTK_POSTREGRID]
      CartGrid3D::SpatialCoordinates: Set Coordinates after regridding
--------------------------------------------------------------------------------
INFO (hwloc): library version 2.1.0, API version 0x20100
INFO (SystemTopology): MPI process-to-host mapping:
This is MPI process 0 of 2
MPI hosts:
  0: fv-az208-771
This MPI process runs on host 0 of 1
On this host, this is MPI process 0 of 2
INFO (SystemTopology): Topology support:
Discovery support:
  discovery->pu                            : yes
CPU binding support:
  cpubind->set_thisproc_cpubind            : yes
  cpubind->get_thisproc_cpubind            : yes
  cpubind->set_proc_cpubind                : yes
  cpubind->get_proc_cpubind                : yes
  cpubind->set_thisthread_cpubind          : yes
  cpubind->get_thisthread_cpubind          : yes
  cpubind->set_thread_cpubind              : yes
  cpubind->get_thread_cpubind              : yes
  cpubind->get_thisproc_last_cpu_location  : yes
  cpubind->get_proc_last_cpu_location      : yes
  cpubind->get_thisthread_last_cpu_location: yes
Memory binding support:
  membind->set_thisproc_membind            : no
  membind->get_thisproc_membind            : no
  membind->set_proc_membind                : no
  membind->get_proc_membind                : no
  membind->set_thisthread_membind          : yes
  membind->get_thisthread_membind          : yes
  membind->set_area_membind                : yes
  membind->get_area_membind                : yes
  membind->alloc_membind                   : yes
  membind->firsttouch_membind              : yes
  membind->bind_membind                    : yes
  membind->interleave_membind              : yes
  membind->nexttouch_membind               : no
  membind->migrate_membind                 : yes
INFO (SystemTopology): Hardware objects in this node:
Machine L#0: (P#0, total=7113124KB, DMIProductName="Virtual Machine", DMIProductVersion=7.0, DMIProductUUID=3b259d2a-9e85-7b41-9a9c-196a0fc8cb5e, DMIBoardVendor="Microsoft Corporation", DMIBoardName="Virtual Machine", DMIBoardVersion=7.0, DMIChassisVendor="Microsoft Corporation", DMIChassisType=3, DMIChassisVersion=7.0, DMIChassisAssetTag=7783-7084-3265-9085-8269-3286-77, DMIBIOSVendor="American Megatrends Inc.", DMIBIOSVersion="090008 ", DMIBIOSDate=12/07/2018, DMISysVendor="Microsoft Corporation", Backend=Linux, LinuxCgroup=/, OSName=Linux, OSRelease=5.13.0-1025-azure, OSVersion="#29~20.04.1-Ubuntu SMP Thu May 19 14:50:45 UTC 2022", HostName=fv-az208-771, Architecture=x86_64, hwlocVersion=2.1.0, ProcessName=cactus_sim)
  Package L#0: (P#0, total=7113124KB, CPUVendor=GenuineIntel, CPUFamilyNumber=6, CPUModelNumber=63, CPUModel="Intel(R) Xeon(R) CPU E5-2673 v3 @ 2.40GHz", CPUStepping=2)
    L3Cache L#0: (P#-1, size=30720KB, linesize=64, ways=20, Inclusive=1)
      L2Cache L#0: (P#-1, size=256KB, linesize=64, ways=8, Inclusive=0)
        L1dCache L#0: (P#-1, size=32KB, linesize=64, ways=8, Inclusive=0)
          Core L#0: (P#0)
            PU L#0: (P#0)
      L2Cache L#1: (P#-1, size=256KB, linesize=64, ways=8, Inclusive=0)
        L1dCache L#1: (P#-1, size=32KB, linesize=64, ways=8, Inclusive=0)
          Core L#1: (P#1)
            PU L#1: (P#1)
INFO (SystemTopology): Thread CPU bindings:
  MPI process 0 on host 0 (process 0 of 2 on this host)
    OpenMP thread 0: PU set L#{0} P#{0}
  MPI process 1 on host 0 (process 1 of 2 on this host)
    OpenMP thread 0: PU set L#{1} P#{1}
INFO (SystemTopology): Setting thread CPU bindings:
INFO (SystemTopology): Thread CPU bindings:
  MPI process 0 on host 0 (process 0 of 2 on this host)
    OpenMP thread 0: PU set L#{0} P#{0}
  MPI process 1 on host 0 (process 1 of 2 on this host)
    OpenMP thread 0: PU set L#{1} P#{1}
INFO (SystemTopology): Extracting CPU/cache/memory properties:
  There are 1 PUs per core (aka hardware SMT threads)
  There are 1 threads per core (aka SMT threads used)
  Cache (unknown name) has type "data" depth 1
    size 32768 linesize 64 associativity 8 stride 4096, for 1 PUs
  Cache (unknown name) has type "unified" depth 2
    size 262144 linesize 64 associativity 8 stride 32768, for 1 PUs
  Cache (unknown name) has type "unified" depth 3
    size 31457280 linesize 64 associativity 20 stride 1572864, for 2 PUs
INFO (PUGH): Using physical to logical mappings: direct
INFO (PUGH): Using topology generator: automatic
INFO (Vectors): Using vector size 2 for architecture SSE2 (64-bit precision)
--------------------------------------------------------------------------------
Driver provided by PUGH
--------------------------------------------------------------------------------

INFO (PUGH): Not setting up a topology for 1 dimensions
INFO (PUGH): Not setting up a topology for 2 dimensions
INFO (PUGH): Setting up a topology for 3 dimensions
INFO (IOASCII): I/O Method 'IOASCII_1D' registered: output of 1D lines of grid functions/arrays to ASCII files
INFO (IOASCII): Periodic 1D output every 1 iterations
INFO (IOASCII): Periodic 1D output requested for 'GRID::r'
INFO (IOASCII): I/O Method 'IOASCII_2D' registered: output of 2D planes of grid functions/arrays to ASCII files
INFO (IOASCII): Periodic 2D output turned off
INFO (IOASCII): I/O Method 'IOASCII_3D' registered: output of 3D grid functions/arrays to ASCII files
INFO (IOASCII): Periodic 3D output turned off
INFO (MemSpeed): Measuring CPU, cache, memory, and communication speeds:
  Single-core measurements (using 1 MPI processes with 1 OpenMP threads each):
    CPU frequency:
      iterations=1000000... time=0.00282389 sec
      iterations=10000000... time=0.0295583 sec
      iterations=100000000... time=0.301428 sec
      iterations=400000000... time=1.20342 sec
      iterations=400000000... time=0.922796 sec
      result: 2.85076 GHz
    CPU floating point performance:
      iterations=1000000... time=0.0030383 sec
      iterations=10000000... time=0.0324076 sec
      iterations=100000000... time=0.340694 sec
      iterations=300000000... time=0.998904 sec
      iterations=600000000... time=2.0297 sec
      result: 9.45955 Gflop/sec
    CPU integer performance:
      iterations=1000000... time=0.00199966 sec
      iterations=10000000... time=0.0201735 sec
      iterations=100000000... time=0.202304 sec
      iterations=500000000... time=1.03437 sec
      result: 7.73417 Giop/sec
    Read latency of D1 cache (for 1 PUs) (using 1*24576 bytes):
      iterations=1000... time=0.000156105 sec
      iterations=10000... time=0.00161545 sec
      iterations=100000... time=0.0138538 sec
      iterations=1000000... time=0.149047 sec
      iterations=7000000... time=1.07166 sec
      result: 1.53094 nsec
    Read latency of L2 cache (for 1 PUs) (using 1*196608 bytes):
      iterations=1000... time=0.000465315 sec
      iterations=10000... time=0.00502706 sec
      iterations=100000... time=0.0467953 sec
      iterations=1000000... time=0.468702 sec
      iterations=2000000... time=0.927171 sec
      iterations=4000000... time=1.88411 sec
      result: 4.71027 nsec
    Read latency of L3 cache (for 2 PUs) (using 1*23592960 bytes):
      [skipped -- avoiding large-memory benchmarks]
    Read bandwidth of D1 cache (for 1 PUs) (using 1*24576 bytes):
      iterations=1... time=9e-07 sec
      iterations=10... time=3.5e-06 sec
      iterations=100... time=4.1201e-05 sec
      iterations=1000... time=0.00031771 sec
      iterations=10000... time=0.00298399 sec
      iterations=100000... time=0.0313087 sec
      iterations=1000000... time=0.302499 sec
      iterations=4000000... time=1.21673 sec
      result: 80.7938 GByte/sec
    Read bandwidth of L2 cache (for 1 PUs) (using 1*196608 bytes):
      iterations=1... time=7.6e-06 sec
      iterations=10... time=4.0502e-05 sec
      iterations=100... time=0.000422913 sec
      iterations=1000... time=0.00430133 sec
      iterations=10000... time=0.0429082 sec
      iterations=100000... time=0.429548 sec
      iterations=300000... time=1.30459 sec
      result: 45.2114 GByte/sec
    Read bandwidth of L3 cache (for 2 PUs) (using 1*23592960 bytes):
      [skipped -- avoiding large-memory benchmarks]
    Write latency of D1 cache (for 1 PUs) (using 1*24576 bytes):
      iterations=1000... time=3.8e-06 sec
      iterations=10000... time=3.0501e-05 sec
      iterations=100000... time=0.000305609 sec
      iterations=1000000... time=0.00315959 sec
      iterations=10000000... time=0.0312753 sec
      iterations=100000000... time=0.300624 sec
      iterations=400000000... time=1.17599 sec
      result: 0.367496 nsec
    Write latency of L2 cache (for 1 PUs) (using 1*196608 bytes):
      iterations=1000... time=1.8801e-05 sec
      iterations=10000... time=0.000158405 sec
      iterations=100000... time=0.00173915 sec
      iterations=1000000... time=0.0175978 sec
      iterations=10000000... time=0.17979 sec
      iterations=60000000... time=1.10426 sec
      result: 2.30054 nsec
    Write latency of L3 cache (for 2 PUs) (using 1*23592960 bytes):
      [skipped -- avoiding large-memory benchmarks]
    Write bandwidth of D1 cache (for 1 PUs) (using 1*24576 bytes):
      iterations=1... time=1.2e-06 sec
      iterations=10... time=6.4e-06 sec
      iterations=100... time=5.8802e-05 sec
      iterations=1000... time=0.000580019 sec
      iterations=10000... time=0.0062734 sec
      iterations=100000... time=0.0596837 sec
      iterations=1000000... time=0.582179 sec
      iterations=2000000... time=1.18431 sec
      result: 41.5028 GByte/sec
    Write bandwidth of L2 cache (for 1 PUs) (using 1*196608 bytes):
      iterations=1... time=8.3e-06 sec
      iterations=10... time=8.1303e-05 sec
      iterations=100... time=0.000813727 sec
      iterations=1000... time=0.00802256 sec
      iterations=10000... time=0.0789883 sec
      iterations=100000... time=0.793777 sec
      iterations=200000... time=1.71239 sec
      result: 22.963 GByte/sec
    Write bandwidth of L3 cache (for 2 PUs) (using 1*23592960 bytes):
      [skipped -- avoiding large-memory benchmarks]
    Stencil code performance of D1 cache (for 1 PUs) (using 1*12^3 grid points, 1*27648 bytes):
      iterations=1... time=2.7001e-05 sec
      iterations=10... time=0.000203307 sec
      iterations=100... time=0.00231198 sec
      iterations=1000... time=0.0214202 sec
      iterations=10000... time=0.219361 sec
      iterations=50000... time=1.11121 sec
      result: 0.0777533 Gupdates/sec
    Stencil code performance of L2 cache (for 1 PUs) (using 1*23^3 grid points, 1*194672 bytes):
      iterations=1... time=0.000125604 sec
      iterations=10... time=0.000783026 sec
      iterations=100... time=0.00791216 sec
      iterations=1000... time=0.0771769 sec
      iterations=10000... time=0.779693 sec
      iterations=20000... time=2.06564 sec
      result: 0.117803 Gupdates/sec
    Stencil code performance of L3 cache (for 2 PUs) (using 1*114^3 grid points, 1*23704704 bytes):
      iterations=1... time=0.00397083 sec
      iterations=10... time=0.0415259 sec
      iterations=100... time=0.537247 sec
      iterations=200... time=1.10099 sec
      result: 0.26913 Gupdates/sec
  Single-node measurements (using 2 MPI processes with 1 OpenMP threads each):
    CPU frequency:
      iterations=1000000... time=0.00299745 sec
      iterations=10000000... time=0.0388737 sec
      iterations=100000000... time=0.428869 sec
      iterations=300000000... time=1.20115 sec
      iterations=300000000... time=0.905353 sec
      result: 2.0284 GHz
    CPU floating point performance:
      iterations=1000000... time=0.00343871 sec
      iterations=10000000... time=0.0499415 sec
      iterations=100000000... time=0.443714 sec
      iterations=200000000... time=0.889644 sec
      iterations=400000000... time=1.77741 sec
      result: 7.20149 Gflop/sec
    CPU integer performance:
      iterations=1000000... time=0.00200546 sec
      iterations=10000000... time=0.0282737 sec
      iterations=100000000... time=0.260199 sec
      iterations=400000000... time=1.12836 sec
      result: 5.67195 Giop/sec
    Read latency of D1 cache (for 1 PUs) (using 2*24576 bytes):
      iterations=1000... time=0.000130504 sec
      iterations=10000... time=0.00138914 sec
      iterations=100000... time=0.020815 sec
      iterations=1000000... time=0.200856 sec
      iterations=5000000... time=1.01365 sec
      result: 2.02731 nsec
    Read latency of L2 cache (for 1 PUs) (using 2*196608 bytes):
      iterations=1000... time=0.000445913 sec
      iterations=10000... time=0.004719 sec
      iterations=100000... time=0.0805774 sec
      iterations=1000000... time=0.66937 sec
      iterations=2000000... time=1.39809 sec
      result: 6.99044 nsec
    Read latency of L3 cache (for 2 PUs) (using 2*23592960 bytes):
      [skipped -- too much memory requested]
    Read bandwidth of D1 cache (for 1 PUs) (using 2*24576 bytes):
      iterations=1... time=9e-07 sec
      iterations=10... time=3.501e-06 sec
      iterations=100... time=2.8851e-05 sec
      iterations=1000... time=0.00030336 sec
      iterations=10000... time=0.00295409 sec
      iterations=100000... time=0.0379849 sec
      iterations=1000000... time=0.402175 sec
      iterations=3000000... time=1.19847 sec
      result: 61.5186 GByte/sec
    Read bandwidth of L2 cache (for 1 PUs) (using 2*196608 bytes):
      iterations=1... time=6.8005e-06 sec
      iterations=10... time=4.1901e-05 sec
      iterations=100... time=0.000431114 sec
      iterations=1000... time=0.00613965 sec
      iterations=10000... time=0.058954 sec
      iterations=100000... time=0.620974 sec
      iterations=200000... time=1.25016 sec
      result: 31.4532 GByte/sec
    Read bandwidth of L3 cache (for 2 PUs) (using 2*23592960 bytes):
      [skipped -- too much memory requested]
    Write latency of D1 cache (for 1 PUs) (using 2*24576 bytes):
      iterations=1000... time=3.7e-06 sec
      iterations=10000... time=2.8251e-05 sec
      iterations=100000... time=0.00029461 sec
      iterations=1000000... time=0.0030525 sec
      iterations=10000000... time=0.0448552 sec
      iterations=100000000... time=0.407608 sec
      iterations=300000000... time=1.20807 sec
      result: 0.503364 nsec
    Write latency of L2 cache (for 1 PUs) (using 2*196608 bytes):
      iterations=1000... time=1.975e-05 sec
      iterations=10000... time=0.000176755 sec
      iterations=100000... time=0.00186581 sec
      iterations=1000000... time=0.0311432 sec
      iterations=10000000... time=0.253397 sec
      iterations=40000000... time=0.979709 sec
      iterations=80000000... time=1.95181 sec
      result: 3.0497 nsec
    Write latency of L3 cache (for 2 PUs) (using 2*23592960 bytes):
      [skipped -- too much memory requested]
    Write bandwidth of D1 cache (for 1 PUs) (using 2*24576 bytes):
      iterations=1... time=1.0505e-06 sec
      iterations=10... time=4.9e-06 sec
      iterations=100... time=4.39515e-05 sec
      iterations=1000... time=0.000450815 sec
      iterations=10000... time=0.00483135 sec
      iterations=100000... time=0.068357 sec
      iterations=1000000... time=0.609887 sec
      iterations=2000000... time=1.27675 sec
      result: 38.4978 GByte/sec
    Write bandwidth of L2 cache (for 1 PUs) (using 2*196608 bytes):
      iterations=1... time=1.36505e-05 sec
      iterations=10... time=7.9903e-05 sec
      iterations=100... time=0.000854075 sec
      iterations=1000... time=0.00825964 sec
      iterations=10000... time=0.116205 sec
      iterations=90000... time=0.985653 sec
      iterations=180000... time=1.99656 sec
      result: 17.7252 GByte/sec
    Write bandwidth of L3 cache (for 2 PUs) (using 2*23592960 bytes):
      [skipped -- too much memory requested]
    Stencil code performance of D1 cache (for 1 PUs) (using 2*9^3 grid points, 2*11664 bytes):
      iterations=1... time=8.15e-06 sec
      iterations=10... time=7.3202e-05 sec
      iterations=100... time=0.000827924 sec
      iterations=1000... time=0.00964858 sec
      iterations=10000... time=0.10398 sec
      iterations=100000... time=0.924755 sec
      iterations=200000... time=1.60714 sec
      result: 0.0907202 Gupdates/sec
    Stencil code performance of L2 cache (for 1 PUs) (using 2*18^3 grid points, 2*93312 bytes):
      iterations=1... time=4.94015e-05 sec
      iterations=10... time=0.000473615 sec
      iterations=100... time=0.00739299 sec
      iterations=1000... time=0.0454416 sec
      iterations=10000... time=0.455849 sec
      iterations=20000... time=0.904518 sec
      iterations=40000... time=1.8223 sec
      result: 0.128014 Gupdates/sec
    Stencil code performance of L3 cache (for 2 PUs) (using 1*114^3 grid points, 1*23704704 bytes):
      [skipped -- too many MPI processes]
  Single-node measurements:
    MPI latency: 1050 nsec
    MPI bandwidth: 3.57406 GByte/sec
INFO (Vectors): Testing vectorisation... [errors may result in segfaults]
INFO (Vectors): 375/375 tests passed 
INFO (CartGrid3D): Grid Spacings:
INFO (CartGrid3D): dx=>1.1111111e-01  dy=>1.1111111e-01  dz=>1.1111111e-01
INFO (CartGrid3D): Computational Coordinates:
INFO (CartGrid3D): x=>[-0.500, 0.500]  y=>[-0.500, 0.500]  z=>[-0.500, 0.500]
INFO (CartGrid3D): Indices of Physical Coordinates:
INFO (CartGrid3D): x=>[0,9]  y=>[0,9]  z=>[0,9]
INFO (PUGH): MPI Evolution on 2 processors
INFO (PUGH): 3-dimensional grid functions
INFO (PUGH):   Size: 10 10 10
INFO (PUGH):   Processor topology: 2 x 1 x 1
INFO (PUGH):   Local load: 600   [6 x 10 x 10]
INFO (PUGH):   Maximum load skew: 0.000000
--------------------------------------------------------------------------------
Done.
+ echo Stopping:
Stopping:
+ date
Sat Jun  4 19:04:21 UTC 2022
+ echo Done.
Done.
  Elapsed time: 61.0 s
