/home/runner/simulations/TestJob01_temp_2/output-0000/TEST/sim/StaggeredWaveToyX
Preparing:
+ set -e
+ cd output-0000-active
+ echo Checking:
Checking:
+ pwd
/home/runner/simulations/TestJob01_temp_2/output-0000/TEST/sim/StaggeredWaveToyX/output-0000-active
+ hostname
runnervm35a4x
+ date
Thu Apr 16 07:55:45 UTC 2026
+ echo Environment:
Environment:
+ export CACTUS_NUM_PROCS=2
+ CACTUS_NUM_PROCS=2
+ export CACTUS_NUM_THREADS=1
+ CACTUS_NUM_THREADS=1
+ export GMON_OUT_PREFIX=gmon.out
+ GMON_OUT_PREFIX=gmon.out
+ export OMP_NUM_THREADS=1
+ OMP_NUM_THREADS=1
+ env
+ sort
+ echo Starting:
Starting:
++ date +%s
+ export CACTUS_STARTTIME=1776326145
+ CACTUS_STARTTIME=1776326145
+ '[' 2 = 1 ']'
+ mpirun -np 2 /home/runner/simulations/TestJob01_temp_2/SIMFACTORY/exe/cactus_sim -L 3 /home/runner/simulations/TestJob01_temp_2/output-0000/arrangements/CarpetX/StaggeredWaveToyX/test/standing.par
INFO (Cactus): Increased logging level from 0 to 3
--------------------------------------------------------------------------------

       10                                  
  1   0101       ************************  
  01  1010 10      The Cactus Code V4.18.0    
 1010 1101 011      www.cactuscode.org     
  1001 100101    ************************  
    00010101                               
     100011     (c) Copyright The Authors  
      0100      GNU Licensed. No Warranty  
      0101                                 
--------------------------------------------------------------------------------

Cactus version:    4.18.0
Compile date:      Apr 16 2026 (07:16:40)
Run date:          Apr 16 2026 (07:55:46+0000)
Run host:          runnervm35a4x.amq2aokpdqoubhi1rrhh5bwnsg.yx.internal.cloudapp.net (pid=150721)
Working directory: /home/runner/simulations/TestJob01_temp_2/output-0000/TEST/sim/StaggeredWaveToyX
Executable:        /home/runner/simulations/TestJob01_temp_2/SIMFACTORY/exe/cactus_sim
Parameter file:    /home/runner/simulations/TestJob01_temp_2/output-0000/arrangements/CarpetX/StaggeredWaveToyX/test/standing.par
--------------------------------------------------------------------------------

Activating thorn Cactus...Success -> active implementation Cactus
Activation requested for 
--->CarpetX IOUtil ODESolvers StaggeredWaveToyX<---
Thorn CarpetX requests automatic activation of AMReX
Thorn CarpetX requests automatic activation of MPI
Thorn CarpetX requests automatic activation of yaml_cpp
Thorn CarpetX requests automatic activation of zlib
Thorn CarpetX requests automatic activation of Arith
Thorn CarpetX requests automatic activation of CarpetXRegrid
Thorn CarpetX requests automatic activation of Loop
Thorn CarpetX requests automatic activation of ADIOS2
Thorn CarpetX requests automatic activation of openPMD
Thorn CarpetX requests automatic activation of Silo
Thorn ADIOS2 requests automatic activation of CMake
Thorn Arith requests automatic activation of NSIMD
Thorn MPI requests automatic activation of hwloc
Thorn openPMD requests automatic activation of HDF5
Activating thorn ADIOS2...Success -> active implementation ADIOS2
Activating thorn AMReX...Success -> active implementation AMReX
Activating thorn Arith...Success -> active implementation Arith
Activating thorn CarpetX...Success -> active implementation Driver
Activating thorn CarpetXRegrid...Success -> active implementation CarpetXRegrid
Activating thorn CMake...Success -> active implementation CMake
Activating thorn HDF5...Success -> active implementation HDF5
Activating thorn hwloc...Success -> active implementation hwloc
Activating thorn IOUtil...Success -> active implementation IO
Activating thorn Loop...Success -> active implementation Loop
Activating thorn MPI...Success -> active implementation MPI
Activating thorn NSIMD...Success -> active implementation NSIMD
Activating thorn ODESolvers...Success -> active implementation ODESolvers
Activating thorn openPMD...Success -> active implementation openPMD
Activating thorn Silo...Success -> active implementation Silo
Activating thorn StaggeredWaveToyX...Success -> active implementation StaggeredWaveToyX
Activating thorn yaml_cpp...Success -> active implementation yaml_cpp
Activating thorn zlib...Success -> active implementation zlib
INFO (hwloc): library version 2.10.0, API version 0x20800
--------------------------------------------------------------------------------

  [34m  тЦХтЦП  [34m  тЦХтЦП  [34m  тЦХтЦП  [34m  тЦХтЦП  [34m  тЦХтЦП  [34m  тЦХтЦП  [34m  тЦХтЦП  [34m  тЦХтЦП  [34m  тЦХтЦП  [39m  
  [34mтФАтФАтЦИтЦИтФАтФА[34mтФАтФАтЦИтЦИтФАтФА[34mтФАтФАтЦИтЦИтФАтФА[34mтФАтФАтЦИтЦИтФАтФА[34mтФАтФАтЦИтЦИтФАтФА[34mтФАтФАтЦИтЦИтФАтФА[34mтФАтФАтЦИтЦИтФАтФА[34mтФАтФАтЦИтЦИтФАтФА[34mтФАтФАтЦИтЦИтФАтФА[39m  
  [34m  тЦХтЦП  [34m  тЦХтЦП  [34m  тЦХтЦП  [34m  тЦХтЦП  [34m  тЦХтЦП  [34m  тЦХтЦП  [34m  тЦХтЦП  [34m  тЦХтЦП  [34m  тЦХтЦП  [39m  
  [34m  тЦХтЦП  [32mтЦИтЦИтЦИтЦИтЦИтЦИ[34m  тЦХтЦП  [34m  тЦХтЦП  [32mтЦИтЦИтЦИтЦИтЦИтЦИ[34m  тЦХтЦП  [34m  тЦХтЦП  [32mтЦИтЦИтЦИтЦИтЦИтЦИ[34m  тЦХтЦП  [39m  
  [34mтФАтФАтЦИтЦИтФАтФА[32mтЦИтЦИтЦИтЦИтЦИтЦИ[34mтФАтФАтЦИтЦИтФАтФА[34mтФАтФАтЦИтЦИтФАтФА[32mтЦИтЦИтЦИтЦИтЦИтЦИ[34mтФАтФАтЦИтЦИтФАтФА[34mтФАтФАтЦИтЦИтФАтФА[32mтЦИтЦИтЦИтЦИтЦИтЦИ[34mтФАтФАтЦИтЦИтФАтФА[39m  
  [34m  тЦХтЦП  [32mтЦИтЦИтЦИтЦИтЦИтЦИ[34m  тЦХтЦП  [34m  тЦХтЦП  [32mтЦИтЦИтЦИтЦИтЦИтЦИ[34m  тЦХтЦП  [34m  тЦХтЦП  [32mтЦИтЦИтЦИтЦИтЦИтЦИ[34m  тЦХтЦП  [39m  
  [34m  тЦХтЦП  [34m  тЦХтЦП  [34m  тЦХтЦП  [34m  тЦХтЦП  [34m  тЦХтЦП  [34m  тЦХтЦП  [34m  тЦХтЦП  [34m  тЦХтЦП  [34m  тЦХтЦП  [39m  
  [34mтФАтФАтЦИтЦИтФАтФА[34mтФАтФАтЦИтЦИтФАтФА[34mтФАтФАтЦИтЦИтФАтФА[34mтФАтФАтЦИтЦИтФАтФА[34mтФАтФАтЦИтЦИтФАтФА[34mтФАтФАтЦИтЦИтФАтФА[34mтФАтФАтЦИтЦИтФАтФА[34mтФАтФАтЦИтЦИтФАтФА[34mтФАтФАтЦИтЦИтФАтФА[39m  
  [34m  тЦХтЦП  [34m  тЦХтЦП  [34m  тЦХтЦП  [34m  тЦХтЦП  [34m  тЦХтЦП  [34m  тЦХтЦП  [34m  тЦХтЦП  [34m  тЦХтЦП  [34m  тЦХтЦП  [39m  
  [34m  тЦХтЦП  [34m  тЦХтЦП  [34m  тЦХтЦП  [31mтЦИтЦИтЦИтЦИтЦИтЦИ[31mтЦИтЦИтЦИтЦИтЦИтЦИ[31mтЦИтЦИтЦИтЦИтЦИтЦИ[34m  тЦХтЦП  [34m  тЦХтЦП  [34m  тЦХтЦП  [39m  
  [34mтФАтФАтЦИтЦИтФАтФА[34mтФАтФАтЦИтЦИтФАтФА[34mтФАтФАтЦИтЦИтФАтФА[31mтЦИтЦИтЦИтЦИтЦИтЦИ[31mтЦИтЦИтЦИтЦИтЦИтЦИ[31mтЦИтЦИтЦИтЦИтЦИтЦИ[34mтФАтФАтЦИтЦИтФАтФА[34mтФАтФАтЦИтЦИтФАтФА[34mтФАтФАтЦИтЦИтФАтФА[39m  
  [34m  тЦХтЦП  [34m  тЦХтЦП  [34m  тЦХтЦП  [31mтЦИтЦИтЦИтЦИтЦИтЦИ[31mтЦИтЦИтЦИтЦИтЦИтЦИ[31mтЦИтЦИтЦИтЦИтЦИтЦИ[34m  тЦХтЦП  [34m  тЦХтЦП  [34m  тЦХтЦП  [39m  
  [34m  тЦХтЦП  [32mтЦИтЦИтЦИтЦИтЦИтЦИ[34m  тЦХтЦП  [31mтЦИтЦИтЦИтЦИтЦИтЦИ[31mтЦИтЦИтЦИтЦИтЦИтЦИ[31mтЦИтЦИтЦИтЦИтЦИтЦИ[34m  тЦХтЦП  [32mтЦИтЦИтЦИтЦИтЦИтЦИ[34m  тЦХтЦП  [39m  
  [34mтФАтФАтЦИтЦИтФАтФА[32mтЦИтЦИтЦИтЦИтЦИтЦИ[34mтФАтФАтЦИтЦИтФАтФА[31mтЦИтЦИтЦИтЦИтЦИтЦИ[31mтЦИтЦИтЦИтЦИтЦИтЦИ[31mтЦИтЦИтЦИтЦИтЦИтЦИ[34mтФАтФАтЦИтЦИтФАтФА[32mтЦИтЦИтЦИтЦИтЦИтЦИ[34mтФАтФАтЦИтЦИтФАтФА[39m  
  [34m  тЦХтЦП  [32mтЦИтЦИтЦИтЦИтЦИтЦИ[34m  тЦХтЦП  [31mтЦИтЦИтЦИтЦИтЦИтЦИ[31mтЦИтЦИтЦИтЦИтЦИтЦИ[31mтЦИтЦИтЦИтЦИтЦИтЦИ[34m  тЦХтЦП  [32mтЦИтЦИтЦИтЦИтЦИтЦИ[34m  тЦХтЦП  [39m  
  [34m  тЦХтЦП  [34m  тЦХтЦП  [34m  тЦХтЦП  [31mтЦИтЦИтЦИтЦИтЦИтЦИ[31mтЦИтЦИтЦИтЦИтЦИтЦИ[31mтЦИтЦИтЦИтЦИтЦИтЦИ[34m  тЦХтЦП  [34m  тЦХтЦП  [34m  тЦХтЦП  [39m  
  [34mтФАтФАтЦИтЦИтФАтФА[34mтФАтФАтЦИтЦИтФАтФА[34mтФАтФАтЦИтЦИтФАтФА[31mтЦИтЦИтЦИтЦИтЦИтЦИ[31mтЦИтЦИтЦИтЦИтЦИтЦИ[31mтЦИтЦИтЦИтЦИтЦИтЦИ[34mтФАтФАтЦИтЦИтФАтФА[34mтФАтФАтЦИтЦИтФАтФА[34mтФАтФАтЦИтЦИтФАтФА[39m  
  [34m  тЦХтЦП  [34m  тЦХтЦП  [34m  тЦХтЦП  [31mтЦИтЦИтЦИтЦИтЦИтЦИ[31mтЦИтЦИтЦИтЦИтЦИтЦИ[31mтЦИтЦИтЦИтЦИтЦИтЦИ[34m  тЦХтЦП  [34m  тЦХтЦП  [34m  тЦХтЦП  [39m  
  [34m  тЦХтЦП  [34m  тЦХтЦП  [34m  тЦХтЦП  [34m  тЦХтЦП  [34m  тЦХтЦП  [34m  тЦХтЦП  [34m  тЦХтЦП  [34m  тЦХтЦП  [34m  тЦХтЦП  [39m  
  [34mтФАтФАтЦИтЦИтФАтФА[34mтФАтФАтЦИтЦИтФАтФА[34mтФАтФАтЦИтЦИтФАтФА[34mтФАтФАтЦИтЦИтФАтФА[34mтФАтФАтЦИтЦИтФАтФА[34mтФАтФАтЦИтЦИтФАтФА[34mтФАтФАтЦИтЦИтФАтФА[34mтФАтФАтЦИтЦИтФАтФА[34mтФАтФАтЦИтЦИтФАтФА[39m  
  [34m  тЦХтЦП  [34m  тЦХтЦП  [34m  тЦХтЦП  [34m  тЦХтЦП  [34m  тЦХтЦП  [34m  тЦХтЦП  [34m  тЦХтЦП  [34m  тЦХтЦП  [34m  тЦХтЦП  [39m  
  [34m  тЦХтЦП  [32mтЦИтЦИтЦИтЦИтЦИтЦИ[34m  тЦХтЦП  [34m  тЦХтЦП  [32mтЦИтЦИтЦИтЦИтЦИтЦИ[34m  тЦХтЦП  [34m  тЦХтЦП  [32mтЦИтЦИтЦИтЦИтЦИтЦИ[34m  тЦХтЦП  [39m  
  [34mтФАтФАтЦИтЦИтФАтФА[32mтЦИтЦИтЦИтЦИтЦИтЦИ[34mтФАтФАтЦИтЦИтФАтФА[34mтФАтФАтЦИтЦИтФАтФА[32mтЦИтЦИтЦИтЦИтЦИтЦИ[34mтФАтФАтЦИтЦИтФАтФА[34mтФАтФАтЦИтЦИтФАтФА[32mтЦИтЦИтЦИтЦИтЦИтЦИ[34mтФАтФАтЦИтЦИтФАтФА[39m  
  [34m  тЦХтЦП  [32mтЦИтЦИтЦИтЦИтЦИтЦИ[34m  тЦХтЦП  [34m  тЦХтЦП  [32mтЦИтЦИтЦИтЦИтЦИтЦИ[34m  тЦХтЦП  [34m  тЦХтЦП  [32mтЦИтЦИтЦИтЦИтЦИтЦИ[34m  тЦХтЦП  [39m  
  [34m  тЦХтЦП  [34m  тЦХтЦП  [34m  тЦХтЦП  [34m  тЦХтЦП  [34m  тЦХтЦП  [34m  тЦХтЦП  [34m  тЦХтЦП  [34m  тЦХтЦП  [34m  тЦХтЦП  [39m  
  [34mтФАтФАтЦИтЦИтФАтФА[34mтФАтФАтЦИтЦИтФАтФА[34mтФАтФАтЦИтЦИтФАтФА[34mтФАтФАтЦИтЦИтФАтФА[34mтФАтФАтЦИтЦИтФАтФА[34mтФАтФАтЦИтЦИтФАтФА[34mтФАтФАтЦИтЦИтФАтФА[34mтФАтФАтЦИтЦИтФАтФА[34mтФАтФАтЦИтЦИтФАтФА[39m  
  [34m  тЦХтЦП  [34m  тЦХтЦП  [34m  тЦХтЦП  [34m  тЦХтЦП  [34m  тЦХтЦП  [34m  тЦХтЦП  [34m  тЦХтЦП  [34m  тЦХтЦП  [34m  тЦХтЦП  [39m  

AMR driver provided by CarpetX,
using AMReX 25.11 (MPI, OpenMP, no accelerators, debug)
--------------------------------------------------------------------------------

Initializing AMReX (25.11)...
MPI initialized with 2 MPI processes
MPI initialized with thread support level 2
OMP initialized with 1 OMP threads
AMReX (25.11) initialized
INFO (CarpetX): 
Symmetries:
  lower x: periodic
  lower y: periodic
  lower z: periodic
  upper x: periodic
  upper y: periodic
  upper z: periodic
Default boundaries:
  lower x: symmetry_boundary
  lower y: symmetry_boundary
  lower z: symmetry_boundary
  upper x: symmetry_boundary
  upper y: symmetry_boundary
  upper z: symmetry_boundary
INFO (Arith): Test_smallvector
INFO (Arith): Test_spvect
INFO (CarpetX): Setting initial values for max_grid_size values for all levels
INFO (CarpetX): Setting up initial conditions...
INFO (CarpetX): Iteration: 0   time: 0   delta_time: 0.125
INFO (CarpetX): Patch 0:
INFO (CarpetX):   Grid extent:
INFO (CarpetX):     gsh=[11,11,11]
INFO (CarpetX):     blocking_factor=[8,8,8]
INFO (CarpetX):     max_grid_size=[32,32,32]
INFO (CarpetX):     max_tile_size=[1024000,16,32]
INFO (CarpetX):   Domain extent:
INFO (CarpetX):     xmin=[-1,-1,-1]
INFO (CarpetX):     xmax=[1,1,1]
INFO (CarpetX):     base dx=[0.25,0.25,0.25]
INFO (CarpetX): Initializing level 0...
INFO (CarpetX): Regridding...
INFO (CarpetX):   level 0: 1 boxes, 512 cells (100%)
INFO (CarpetX): Initialized 1 levels
INFO (CarpetX): OutputGH: iteration 0, time 0.000000, run time 1 s
INFO (CarpetX): OutputGH done.
INFO (CarpetX): Starting evolution...
INFO (ODESolvers): ODE integrator is RK3
INFO (CarpetX): OutputGH: iteration 1, time 0.125000, run time 1 s
INFO (CarpetX): OutputGH done.
INFO (CarpetX): Simulation time: 0.125   Iterations per second: 324.989   Simulation time per second: 40.6236
INFO (CarpetX): Grid cells: 512   Grid cell updates per second: 166394
INFO (CarpetX): Performance:
INFO (CarpetX):   total evolution time:            0.00307703 sec
INFO (CarpetX):   total evolution compute time:    0.00306201 sec
INFO (CarpetX):   total evolution output time:     1.50204e-05 sec
INFO (CarpetX):   total iterations:                1
INFO (CarpetX):   total cells updated:             512
INFO (CarpetX):   average iterations per second: 324.989
INFO (CarpetX):   average cell updates per second: 166394
INFO (CarpetX): OutputGH: iteration 2, time 0.250000, run time 1 s
INFO (CarpetX): OutputGH done.
INFO (CarpetX): Simulation time: 0.25   Iterations per second: 341.181   Simulation time per second: 42.6476
INFO (CarpetX): Grid cells: 512   Grid cell updates per second: 174684
INFO (CarpetX): Performance:
INFO (CarpetX):   total evolution time:            0.005862 sec
INFO (CarpetX):   total evolution compute time:    0.00582695 sec
INFO (CarpetX):   total evolution output time:     3.50475e-05 sec
INFO (CarpetX):   total iterations:                2
INFO (CarpetX):   total cells updated:             1024
INFO (CarpetX):   average iterations per second: 341.181
INFO (CarpetX):   average cell updates per second: 174684
INFO (CarpetX): OutputGH: iteration 3, time 0.375000, run time 1 s
INFO (CarpetX): OutputGH done.
INFO (CarpetX): Simulation time: 0.375   Iterations per second: 347.182   Simulation time per second: 43.3977
INFO (CarpetX): Grid cells: 512   Grid cell updates per second: 177757
INFO (CarpetX): Performance:
INFO (CarpetX):   total evolution time:            0.008641 sec
INFO (CarpetX):   total evolution compute time:    0.00858593 sec
INFO (CarpetX):   total evolution output time:     5.50747e-05 sec
INFO (CarpetX):   total iterations:                3
INFO (CarpetX):   total cells updated:             1536
INFO (CarpetX):   average iterations per second: 347.182
INFO (CarpetX):   average cell updates per second: 177757
INFO (CarpetX): OutputGH: iteration 4, time 0.500000, run time 1 s
INFO (CarpetX): OutputGH done.
INFO (CarpetX): Simulation time: 0.5   Iterations per second: 350.599   Simulation time per second: 43.8249
INFO (CarpetX): Grid cells: 512   Grid cell updates per second: 179507
INFO (CarpetX): Performance:
INFO (CarpetX):   total evolution time:            0.011409 sec
INFO (CarpetX):   total evolution compute time:    0.0113349 sec
INFO (CarpetX):   total evolution output time:     7.41482e-05 sec
INFO (CarpetX):   total iterations:                4
INFO (CarpetX):   total cells updated:             2048
INFO (CarpetX):   average iterations per second: 350.599
INFO (CarpetX):   average cell updates per second: 179507
INFO (CarpetX): OutputGH: iteration 5, time 0.625000, run time 1 s
INFO (CarpetX): OutputGH done.
INFO (CarpetX): Simulation time: 0.625   Iterations per second: 352.83   Simulation time per second: 44.1038
INFO (CarpetX): Grid cells: 512   Grid cell updates per second: 180649
INFO (CarpetX): Performance:
INFO (CarpetX):   total evolution time:            0.0141711 sec
INFO (CarpetX):   total evolution compute time:    0.0140808 sec
INFO (CarpetX):   total evolution output time:     9.03606e-05 sec
INFO (CarpetX):   total iterations:                5
INFO (CarpetX):   total cells updated:             2560
INFO (CarpetX):   average iterations per second: 352.83
INFO (CarpetX):   average cell updates per second: 180649
INFO (CarpetX): OutputGH: iteration 6, time 0.750000, run time 1 s
INFO (CarpetX): OutputGH done.
INFO (CarpetX): Simulation time: 0.75   Iterations per second: 354.124   Simulation time per second: 44.2655
INFO (CarpetX): Grid cells: 512   Grid cell updates per second: 181312
INFO (CarpetX): Performance:
INFO (CarpetX):   total evolution time:            0.0169432 sec
INFO (CarpetX):   total evolution compute time:    0.0168328 sec
INFO (CarpetX):   total evolution output time:     0.000110388 sec
INFO (CarpetX):   total iterations:                6
INFO (CarpetX):   total cells updated:             3072
INFO (CarpetX):   average iterations per second: 354.124
INFO (CarpetX):   average cell updates per second: 181312
INFO (CarpetX): OutputGH: iteration 7, time 0.875000, run time 1 s
INFO (CarpetX): OutputGH done.
INFO (CarpetX): Simulation time: 0.875   Iterations per second: 354.535   Simulation time per second: 44.3169
INFO (CarpetX): Grid cells: 512   Grid cell updates per second: 181522
INFO (CarpetX): Performance:
INFO (CarpetX):   total evolution time:            0.0197442 sec
INFO (CarpetX):   total evolution compute time:    0.0196097 sec
INFO (CarpetX):   total evolution output time:     0.000134468 sec
INFO (CarpetX):   total iterations:                7
INFO (CarpetX):   total cells updated:             3584
INFO (CarpetX):   average iterations per second: 354.535
INFO (CarpetX):   average cell updates per second: 181522
INFO (CarpetX): OutputGH: iteration 8, time 1.000000, run time 1 s
INFO (CarpetX): OutputGH done.
INFO (CarpetX): Simulation time: 1   Iterations per second: 354.623   Simulation time per second: 44.3279
INFO (CarpetX): Grid cells: 512   Grid cell updates per second: 181567
INFO (CarpetX): Performance:
INFO (CarpetX):   total evolution time:            0.0225592 sec
INFO (CarpetX):   total evolution compute time:    0.0224037 sec
INFO (CarpetX):   total evolution output time:     0.000155449 sec
INFO (CarpetX):   total iterations:                8
INFO (CarpetX):   total cells updated:             4096
INFO (CarpetX):   average iterations per second: 354.623
INFO (CarpetX):   average cell updates per second: 181567
INFO (CarpetX): OutputGH: iteration 9, time 1.125000, run time 1 s
INFO (CarpetX): OutputGH done.
INFO (CarpetX): Simulation time: 1.125   Iterations per second: 354.578   Simulation time per second: 44.3223
INFO (CarpetX): Grid cells: 512   Grid cell updates per second: 181544
INFO (CarpetX): Performance:
INFO (CarpetX):   total evolution time:            0.0253823 sec
INFO (CarpetX):   total evolution compute time:    0.0252109 sec
INFO (CarpetX):   total evolution output time:     0.000171423 sec
INFO (CarpetX):   total iterations:                9
INFO (CarpetX):   total cells updated:             4608
INFO (CarpetX):   average iterations per second: 354.578
INFO (CarpetX):   average cell updates per second: 181544
INFO (CarpetX): OutputGH: iteration 10, time 1.250000, run time 1 s
INFO (CarpetX): OutputGH done.
INFO (CarpetX): Simulation time: 1.25   Iterations per second: 354.869   Simulation time per second: 44.3586
INFO (CarpetX): Grid cells: 512   Grid cell updates per second: 181693
INFO (CarpetX): Performance:
INFO (CarpetX):   total evolution time:            0.0281794 sec
INFO (CarpetX):   total evolution compute time:    0.0279808 sec
INFO (CarpetX):   total evolution output time:     0.000198603 sec
INFO (CarpetX):   total iterations:                10
INFO (CarpetX):   total cells updated:             5120
INFO (CarpetX):   average iterations per second: 354.869
INFO (CarpetX):   average cell updates per second: 181693
INFO (CarpetX): Shutting down...
AMReX (25.11) finalized
--------------------------------------------------------------------------------
Done.
+ echo Stopping:
Stopping:
+ date
Thu Apr 16 07:55:46 UTC 2026
+ echo Done.
Done.
  Elapsed time: 0.8 s
