/home/runner/simulations/TestJob01_temp_2/output-0000/TEST/sim/WaveToyX
Preparing:
+ set -e
+ cd output-0000-active
+ echo Checking:
Checking:
+ pwd
/home/runner/simulations/TestJob01_temp_2/output-0000/TEST/sim/WaveToyX/output-0000-active
+ hostname
fv-az1498-272
+ date
Thu Jun 13 17:16:34 UTC 2024
+ echo Environment:
Environment:
+ export CACTUS_NUM_PROCS=2
+ CACTUS_NUM_PROCS=2
+ export CACTUS_NUM_THREADS=1
+ CACTUS_NUM_THREADS=1
+ export GMON_OUT_PREFIX=gmon.out
+ GMON_OUT_PREFIX=gmon.out
+ export OMP_NUM_THREADS=1
+ OMP_NUM_THREADS=1
+ env
+ sort
+ echo Starting:
Starting:
++ date +%s
+ export CACTUS_STARTTIME=1718298994
+ CACTUS_STARTTIME=1718298994
+ '[' 2 = 1 ']'
+ mpirun -np 2 /home/runner/simulations/TestJob01_temp_2/SIMFACTORY/exe/cactus_sim -L 3 /home/runner/simulations/TestJob01_temp_2/output-0000/arrangements/CarpetX/WaveToyX/test/radiative.par
INFO (Cactus): Increased logging level from 0 to 3
--------------------------------------------------------------------------------

       10                                  
  1   0101       ************************  
  01  1010 10      The Cactus Code V4.15.0    
 1010 1101 011      www.cactuscode.org     
  1001 100101    ************************  
    00010101                               
     100011     (c) Copyright The Authors  
      0100      GNU Licensed. No Warranty  
      0101                                 
--------------------------------------------------------------------------------

Cactus version:    4.15.0
Compile date:      Jun 13 2024 (16:41:46)
Run date:          Jun 13 2024 (17:16:35+0000)
Run host:          fv-az1498-272 (pid=143840)
Working directory: /home/runner/simulations/TestJob01_temp_2/output-0000/TEST/sim/WaveToyX
Executable:        /home/runner/simulations/TestJob01_temp_2/SIMFACTORY/exe/cactus_sim
Parameter file:    /home/runner/simulations/TestJob01_temp_2/output-0000/arrangements/CarpetX/WaveToyX/test/radiative.par
--------------------------------------------------------------------------------

Activating thorn Cactus...Success -> active implementation Cactus
Activation requested for 
--->CarpetX IOUtil ODESolvers WaveToyX<---
Thorn CarpetX requests automatic activation of AMReX
Thorn CarpetX requests automatic activation of MPI
Thorn CarpetX requests automatic activation of yaml_cpp
Thorn CarpetX requests automatic activation of zlib
Thorn CarpetX requests automatic activation of Arith
Thorn CarpetX requests automatic activation of Loop
Thorn CarpetX requests automatic activation of ADIOS2
Thorn CarpetX requests automatic activation of openPMD
Thorn CarpetX requests automatic activation of Silo
Thorn Arith requests automatic activation of NSIMD
Thorn MPI requests automatic activation of hwloc
Thorn openPMD requests automatic activation of HDF5
Activating thorn ADIOS2...Success -> active implementation ADIOS2
Activating thorn AMReX...Success -> active implementation AMReX
Activating thorn Arith...Success -> active implementation Arith
Activating thorn CarpetX...Success -> active implementation CarpetX
Activating thorn HDF5...Success -> active implementation HDF5
Activating thorn hwloc...Success -> active implementation hwloc
Activating thorn IOUtil...Success -> active implementation IO
Activating thorn Loop...Success -> active implementation Loop
Activating thorn MPI...Success -> active implementation MPI
Activating thorn NSIMD...Success -> active implementation NSIMD
Activating thorn ODESolvers...Success -> active implementation ODESolvers
Activating thorn openPMD...Success -> active implementation openPMD
Activating thorn Silo...Success -> active implementation Silo
Activating thorn WaveToyX...Success -> active implementation WaveToyX
Activating thorn yaml_cpp...Success -> active implementation yaml_cpp
Activating thorn zlib...Success -> active implementation zlib
INFO (hwloc): library version 2.7.0, API version 0x20500
--------------------------------------------------------------------------------

  [34m  ▕▏  [34m  ▕▏  [34m  ▕▏  [34m  ▕▏  [34m  ▕▏  [34m  ▕▏  [34m  ▕▏  [34m  ▕▏  [34m  ▕▏  [39m  
  [34m──██──[34m──██──[34m──██──[34m──██──[34m──██──[34m──██──[34m──██──[34m──██──[34m──██──[39m  
  [34m  ▕▏  [34m  ▕▏  [34m  ▕▏  [34m  ▕▏  [34m  ▕▏  [34m  ▕▏  [34m  ▕▏  [34m  ▕▏  [34m  ▕▏  [39m  
  [34m  ▕▏  [32m██████[34m  ▕▏  [34m  ▕▏  [32m██████[34m  ▕▏  [34m  ▕▏  [32m██████[34m  ▕▏  [39m  
  [34m──██──[32m██████[34m──██──[34m──██──[32m██████[34m──██──[34m──██──[32m██████[34m──██──[39m  
  [34m  ▕▏  [32m██████[34m  ▕▏  [34m  ▕▏  [32m██████[34m  ▕▏  [34m  ▕▏  [32m██████[34m  ▕▏  [39m  
  [34m  ▕▏  [34m  ▕▏  [34m  ▕▏  [34m  ▕▏  [34m  ▕▏  [34m  ▕▏  [34m  ▕▏  [34m  ▕▏  [34m  ▕▏  [39m  
  [34m──██──[34m──██──[34m──██──[34m──██──[34m──██──[34m──██──[34m──██──[34m──██──[34m──██──[39m  
  [34m  ▕▏  [34m  ▕▏  [34m  ▕▏  [34m  ▕▏  [34m  ▕▏  [34m  ▕▏  [34m  ▕▏  [34m  ▕▏  [34m  ▕▏  [39m  
  [34m  ▕▏  [34m  ▕▏  [34m  ▕▏  [31m██████[31m██████[31m██████[34m  ▕▏  [34m  ▕▏  [34m  ▕▏  [39m  
  [34m──██──[34m──██──[34m──██──[31m██████[31m██████[31m██████[34m──██──[34m──██──[34m──██──[39m  
  [34m  ▕▏  [34m  ▕▏  [34m  ▕▏  [31m██████[31m██████[31m██████[34m  ▕▏  [34m  ▕▏  [34m  ▕▏  [39m  
  [34m  ▕▏  [32m██████[34m  ▕▏  [31m██████[31m██████[31m██████[34m  ▕▏  [32m██████[34m  ▕▏  [39m  
  [34m──██──[32m██████[34m──██──[31m██████[31m██████[31m██████[34m──██──[32m██████[34m──██──[39m  
  [34m  ▕▏  [32m██████[34m  ▕▏  [31m██████[31m██████[31m██████[34m  ▕▏  [32m██████[34m  ▕▏  [39m  
  [34m  ▕▏  [34m  ▕▏  [34m  ▕▏  [31m██████[31m██████[31m██████[34m  ▕▏  [34m  ▕▏  [34m  ▕▏  [39m  
  [34m──██──[34m──██──[34m──██──[31m██████[31m██████[31m██████[34m──██──[34m──██──[34m──██──[39m  
  [34m  ▕▏  [34m  ▕▏  [34m  ▕▏  [31m██████[31m██████[31m██████[34m  ▕▏  [34m  ▕▏  [34m  ▕▏  [39m  
  [34m  ▕▏  [34m  ▕▏  [34m  ▕▏  [34m  ▕▏  [34m  ▕▏  [34m  ▕▏  [34m  ▕▏  [34m  ▕▏  [34m  ▕▏  [39m  
  [34m──██──[34m──██──[34m──██──[34m──██──[34m──██──[34m──██──[34m──██──[34m──██──[34m──██──[39m  
  [34m  ▕▏  [34m  ▕▏  [34m  ▕▏  [34m  ▕▏  [34m  ▕▏  [34m  ▕▏  [34m  ▕▏  [34m  ▕▏  [34m  ▕▏  [39m  
  [34m  ▕▏  [32m██████[34m  ▕▏  [34m  ▕▏  [32m██████[34m  ▕▏  [34m  ▕▏  [32m██████[34m  ▕▏  [39m  
  [34m──██──[32m██████[34m──██──[34m──██──[32m██████[34m──██──[34m──██──[32m██████[34m──██──[39m  
  [34m  ▕▏  [32m██████[34m  ▕▏  [34m  ▕▏  [32m██████[34m  ▕▏  [34m  ▕▏  [32m██████[34m  ▕▏  [39m  
  [34m  ▕▏  [34m  ▕▏  [34m  ▕▏  [34m  ▕▏  [34m  ▕▏  [34m  ▕▏  [34m  ▕▏  [34m  ▕▏  [34m  ▕▏  [39m  
  [34m──██──[34m──██──[34m──██──[34m──██──[34m──██──[34m──██──[34m──██──[34m──██──[34m──██──[39m  
  [34m  ▕▏  [34m  ▕▏  [34m  ▕▏  [34m  ▕▏  [34m  ▕▏  [34m  ▕▏  [34m  ▕▏  [34m  ▕▏  [34m  ▕▏  [39m  

AMR driver provided by CarpetX,
using AMReX 24.05 (MPI, OpenMP, no accelerators, debug)
--------------------------------------------------------------------------------

Initializing AMReX (24.05)...
MPI initialized with 2 MPI processes
MPI initialized with thread support level 2
OMP initialized with 1 OMP threads
AMReX (24.05) initialized
INFO (CarpetX): 
Symmetries:
  lower x: none
  lower y: none
  lower z: none
  upper x: none
  upper y: none
  upper z: none
Default boundaries:
  lower x: neumann
  lower y: neumann
  lower z: neumann
  upper x: neumann
  upper y: neumann
  upper z: neumann
INFO (Arith): Test_smallvector
INFO (Arith): Test_spvect
INFO (CarpetX): Setting initial values for max_grid_size values for all levels
INFO (CarpetX): Setting up initial conditions...
INFO (CarpetX): Iteration: 0   time: 0   delta_time: 0.125
INFO (CarpetX): Patch 0:
INFO (CarpetX):   Grid extent:
INFO (CarpetX):     gsh=[11,11,11]
INFO (CarpetX):     blocking_factor=[8,8,8]
INFO (CarpetX):     max_grid_size=[32,32,32]
INFO (CarpetX):     max_tile_size=[1024000,16,32]
INFO (CarpetX):   Domain extent:
INFO (CarpetX):     xmin=[-1,-1,-1]
INFO (CarpetX):     xmax=[1,1,1]
INFO (CarpetX):     base dx=[0.25,0.25,0.25]
INFO (CarpetX): Initializing level 0...
INFO (CarpetX): Regridding...
INFO (CarpetX):   level 0: 1 boxes, 512 cells (100%)
INFO (CarpetX): Initialized 1 levels
INFO (CarpetX): OutputGH: iteration 0, time 0.000000, run time 1 s
INFO (CarpetX): OutputADIOS2...
INFO (CarpetX): OutputGH done.
INFO (CarpetX): Starting evolution...
INFO (ODESolvers): Integrator is RK3
INFO (CarpetX): OutputGH: iteration 1, time 0.125000, run time 1 s
INFO (CarpetX): OutputGH done.
INFO (CarpetX): Simulation time: 0.125   Iterations per second: 300.839   Simulation time per second: 37.6049
INFO (CarpetX): Grid cells: 512   Grid cell updates per second: 154030
INFO (CarpetX): Performance:
INFO (CarpetX):   total evolution time:            0.00332403 sec
INFO (CarpetX):   total evolution compute time:    0.00330806 sec
INFO (CarpetX):   total evolution output time:     1.5974e-05 sec
INFO (CarpetX):   total iterations:                1
INFO (CarpetX):   total cells updated:             512
INFO (CarpetX):   average iterations per second: 300.839
INFO (CarpetX):   average cell updates per second: 154030
INFO (CarpetX): OutputGH: iteration 2, time 0.250000, run time 1 s
INFO (CarpetX): OutputGH done.
INFO (CarpetX): Simulation time: 0.25   Iterations per second: 303.935   Simulation time per second: 37.9919
INFO (CarpetX): Grid cells: 512   Grid cell updates per second: 155615
INFO (CarpetX): Performance:
INFO (CarpetX):   total evolution time:            0.00661421 sec
INFO (CarpetX):   total evolution compute time:    0.00658321 sec
INFO (CarpetX):   total evolution output time:     3.09944e-05 sec
INFO (CarpetX):   total iterations:                2
INFO (CarpetX):   total cells updated:             1024
INFO (CarpetX):   average iterations per second: 302.379
INFO (CarpetX):   average cell updates per second: 154818
INFO (CarpetX): OutputGH: iteration 3, time 0.375000, run time 1 s
INFO (CarpetX): OutputGH done.
INFO (CarpetX): Simulation time: 0.375   Iterations per second: 312.984   Simulation time per second: 39.1231
INFO (CarpetX): Grid cells: 512   Grid cell updates per second: 160248
INFO (CarpetX): Performance:
INFO (CarpetX):   total evolution time:            0.00980926 sec
INFO (CarpetX):   total evolution compute time:    0.00976324 sec
INFO (CarpetX):   total evolution output time:     4.60148e-05 sec
INFO (CarpetX):   total iterations:                3
INFO (CarpetX):   total cells updated:             1536
INFO (CarpetX):   average iterations per second: 305.834
INFO (CarpetX):   average cell updates per second: 156587
INFO (CarpetX): OutputGH: iteration 4, time 0.500000, run time 1 s
INFO (CarpetX): OutputGH done.
INFO (CarpetX): Simulation time: 0.5   Iterations per second: 310.666   Simulation time per second: 38.8333
INFO (CarpetX): Grid cells: 512   Grid cell updates per second: 159061
INFO (CarpetX): Performance:
INFO (CarpetX):   total evolution time:            0.0130281 sec
INFO (CarpetX):   total evolution compute time:    0.0129683 sec
INFO (CarpetX):   total evolution output time:     5.98431e-05 sec
INFO (CarpetX):   total iterations:                4
INFO (CarpetX):   total cells updated:             2048
INFO (CarpetX):   average iterations per second: 307.028
INFO (CarpetX):   average cell updates per second: 157198
INFO (CarpetX): OutputGH: iteration 5, time 0.625000, run time 1 s
INFO (CarpetX): OutputGH done.
INFO (CarpetX): Simulation time: 0.625   Iterations per second: 317.27   Simulation time per second: 39.6587
INFO (CarpetX): Grid cells: 512   Grid cell updates per second: 162442
INFO (CarpetX): Performance:
INFO (CarpetX):   total evolution time:            0.01618 sec
INFO (CarpetX):   total evolution compute time:    0.0161052 sec
INFO (CarpetX):   total evolution output time:     7.48634e-05 sec
INFO (CarpetX):   total iterations:                5
INFO (CarpetX):   total cells updated:             2560
INFO (CarpetX):   average iterations per second: 309.023
INFO (CarpetX):   average cell updates per second: 158220
INFO (CarpetX): OutputGH: iteration 6, time 0.750000, run time 1 s
INFO (CarpetX): OutputGH done.
INFO (CarpetX): Simulation time: 0.75   Iterations per second: 314.77   Simulation time per second: 39.3462
INFO (CarpetX): Grid cells: 512   Grid cell updates per second: 161162
INFO (CarpetX): Performance:
INFO (CarpetX):   total evolution time:            0.019357 sec
INFO (CarpetX):   total evolution compute time:    0.0192671 sec
INFO (CarpetX):   total evolution output time:     8.98838e-05 sec
INFO (CarpetX):   total iterations:                6
INFO (CarpetX):   total cells updated:             3072
INFO (CarpetX):   average iterations per second: 309.966
INFO (CarpetX):   average cell updates per second: 158703
INFO (CarpetX): OutputGH: iteration 7, time 0.875000, run time 1 s
INFO (CarpetX): OutputGH done.
INFO (CarpetX): Simulation time: 0.875   Iterations per second: 314.274   Simulation time per second: 39.2843
INFO (CarpetX): Grid cells: 512   Grid cell updates per second: 160908
INFO (CarpetX): Performance:
INFO (CarpetX):   total evolution time:            0.0225389 sec
INFO (CarpetX):   total evolution compute time:    0.0224352 sec
INFO (CarpetX):   total evolution output time:     0.000103712 sec
INFO (CarpetX):   total iterations:                7
INFO (CarpetX):   total cells updated:             3584
INFO (CarpetX):   average iterations per second: 310.574
INFO (CarpetX):   average cell updates per second: 159014
INFO (CarpetX): OutputGH: iteration 8, time 1.000000, run time 1 s
INFO (CarpetX): OutputGH done.
INFO (CarpetX): Simulation time: 1   Iterations per second: 314.557   Simulation time per second: 39.3196
INFO (CarpetX): Grid cells: 512   Grid cell updates per second: 161053
INFO (CarpetX): Performance:
INFO (CarpetX):   total evolution time:            0.025718 sec
INFO (CarpetX):   total evolution compute time:    0.0256002 sec
INFO (CarpetX):   total evolution output time:     0.000117779 sec
INFO (CarpetX):   total iterations:                8
INFO (CarpetX):   total cells updated:             4096
INFO (CarpetX):   average iterations per second: 311.066
INFO (CarpetX):   average cell updates per second: 159266
INFO (CarpetX): OutputGH: iteration 9, time 1.125000, run time 1 s
INFO (CarpetX): OutputGH done.
INFO (CarpetX): Simulation time: 1.125   Iterations per second: 314.251   Simulation time per second: 39.2813
INFO (CarpetX): Grid cells: 512   Grid cell updates per second: 160896
INFO (CarpetX): Performance:
INFO (CarpetX):   total evolution time:            0.0289001 sec
INFO (CarpetX):   total evolution compute time:    0.0287683 sec
INFO (CarpetX):   total evolution output time:     0.000131845 sec
INFO (CarpetX):   total iterations:                9
INFO (CarpetX):   total cells updated:             4608
INFO (CarpetX):   average iterations per second: 311.417
INFO (CarpetX):   average cell updates per second: 159446
INFO (CarpetX): OutputGH: iteration 10, time 1.250000, run time 1 s
INFO (CarpetX): OutputADIOS2...
INFO (CarpetX): OutputGH done.
INFO (CarpetX): Simulation time: 1.25   Iterations per second: 234.253   Simulation time per second: 29.2817
INFO (CarpetX): Grid cells: 512   Grid cell updates per second: 119938
INFO (CarpetX): Performance:
INFO (CarpetX):   total evolution time:            0.033169 sec
INFO (CarpetX):   total evolution compute time:    0.0319192 sec
INFO (CarpetX):   total evolution output time:     0.00124979 sec
INFO (CarpetX):   total iterations:                10
INFO (CarpetX):   total cells updated:             5120
INFO (CarpetX):   average iterations per second: 301.486
INFO (CarpetX):   average cell updates per second: 154361
INFO (CarpetX): Shutting down...
AMReX (24.05) finalized
--------------------------------------------------------------------------------
Done.
+ echo Stopping:
Stopping:
+ date
Thu Jun 13 17:16:35 UTC 2024
+ echo Done.
Done.
  Elapsed time: 0.7 s
