/home/runner/simulations/TestJob01_temp_2/output-0000/TEST/sim/MemSpeed
Preparing:
+ set -e
+ cd output-0000-active
+ echo Checking:
Checking:
+ pwd
/home/runner/simulations/TestJob01_temp_2/output-0000/TEST/sim/MemSpeed/output-0000-active
+ hostname
fv-az453-380
+ date
Sat Nov  5 03:45:40 UTC 2022
+ echo Environment:
Environment:
+ export CACTUS_NUM_PROCS=2
+ CACTUS_NUM_PROCS=2
+ export CACTUS_NUM_THREADS=1
+ CACTUS_NUM_THREADS=1
+ export GMON_OUT_PREFIX=gmon.out
+ GMON_OUT_PREFIX=gmon.out
+ export OMP_NUM_THREADS=1
+ OMP_NUM_THREADS=1
+ env
+ sort
+ echo Starting:
Starting:
++ date +%s
+ export CACTUS_STARTTIME=1667619940
+ CACTUS_STARTTIME=1667619940
+ '[' 2 = 1 ']'
+ mpirun -np 2 /home/runner/simulations/TestJob01_temp_2/SIMFACTORY/exe/cactus_sim -L 3 /home/runner/simulations/TestJob01_temp_2/output-0000/arrangements/CactusUtils/MemSpeed/test/memspeed.par
INFO (Cactus): Increased logging level from 0 to 3
--------------------------------------------------------------------------------

       10                                  
  1   0101       ************************  
  01  1010 10      The Cactus Code V4.13.0    
 1010 1101 011      www.cactuscode.org     
  1001 100101    ************************  
    00010101                               
     100011     (c) Copyright The Authors  
      0100      GNU Licensed. No Warranty  
      0101                                 
--------------------------------------------------------------------------------

Cactus version:    4.13.0
Compile date:      Nov 05 2022 (03:12:55)
Run date:          Nov 05 2022 (03:45:41+0000)
Run host:          fv-az453-380.hss2zji4abbufegd5wcf2so25h.dx.internal.cloudapp.net (pid=109638)
Working directory: /home/runner/simulations/TestJob01_temp_2/output-0000/TEST/sim/MemSpeed
Executable:        /home/runner/simulations/TestJob01_temp_2/SIMFACTORY/exe/cactus_sim
Parameter file:    /home/runner/simulations/TestJob01_temp_2/output-0000/arrangements/CactusUtils/MemSpeed/test/memspeed.par
--------------------------------------------------------------------------------

Activating thorn Cactus...Success -> active implementation Cactus
Activation requested for 
--->hwloc MemSpeed SystemTopology CartGrid3D CoordBase IOASCII IOUtil PUGH PUGHSlab<---
Thorn hwloc requests automatic activation of zlib
Thorn MemSpeed requests automatic activation of Vectors
Thorn MemSpeed requests automatic activation of MPI
Activating thorn CartGrid3D...Success -> active implementation grid
Activating thorn CoordBase...Success -> active implementation CoordBase
Activating thorn hwloc...Success -> active implementation hwloc
Activating thorn IOASCII...Success -> active implementation IOASCII
Activating thorn IOUtil...Success -> active implementation IO
Activating thorn MemSpeed...Success -> active implementation MemSpeed
Activating thorn MPI...Success -> active implementation MPI
Activating thorn PUGH...Success -> active implementation Driver
Activating thorn PUGHSlab...Success -> active implementation Hyperslab
Activating thorn SystemTopology...Success -> active implementation SystemTopology
Activating thorn Vectors...Success -> active implementation Vectors
Activating thorn zlib...Success -> active implementation zlib
--------------------------------------------------------------------------------
  if (recover initial data)
    Recover parameters
  endif

  Startup routines
    [CCTK_STARTUP]
      CartGrid3D::SymmetryStartup: Register GH Extension for GridSymmetry
      CoordBase::CoordBase_Startup: Register a GH extension to store the coordinate system handles
      GROUP hwloc_startup: hwloc startup group
        hwloc::hwloc_version: Output hwloc version
      SystemTopology::ST_system_topology: Output and/or modify system topology and hardware locality
      PUGH::Driver_Startup: Startup routine
      PUGH::PUGH_RegisterPUGHP2LRoutines: Register Physical to Logical process mapping routines
      PUGH::PUGH_RegisterPUGHTopologyRoutines: Register topology generation routines routines
      IOUtil::IOUtil_Startup: Startup routine
      Vectors::Vectors_Startup: Print startup message
      IOASCII::IOASCII_Startup: Startup routine

  Startup routines which need an existing grid hierarchy
    [CCTK_WRAGH]
      CartGrid3D::RegisterCartGrid3DCoords: [meta] Register coordinates for the Cartesian grid
      MemSpeed::MemSpeed_MeasureSpeed: [meta] Measure CPU, memory, cache speeds
  Parameter checking routines
    [CCTK_PARAMCHECK]
      CartGrid3D::ParamCheck_CartGrid3D: Check coordinates for CartGrid3D
      Vectors::Vectors_Test: Run correctness tests.

  Initialisation
    if (NOT (recover initial data AND recovery_mode is 'strict'))
      [CCTK_PREREGRIDINITIAL]
      Set up grid hierarchy
      [CCTK_POSTREGRIDINITIAL]
        CartGrid3D::SpatialCoordinates: Set Coordinates after regridding
      [CCTK_BASEGRID]
        CartGrid3D::SpatialSpacings: Set up ranges for spatial 3D Cartesian coordinates (on all grids)
        CartGrid3D::SpatialCoordinates: Set up spatial 3D Cartesian coordinates on the GH
        IOASCII::IOASCII_Choose1D: Choose 1D output lines
        IOASCII::IOASCII_Choose2D: Choose 2D output planes
        PUGH::PUGH_Report: Report on PUGH set up
      [CCTK_INITIAL]
      [CCTK_POSTINITIAL]
      Initialise finer grids recursively
      Restrict from finer grids
      [CCTK_POSTRESTRICTINITIAL]
      [CCTK_POSTPOSTINITIAL]
      [CCTK_POSTSTEP]
    endif
    if (recover initial data)
      [CCTK_BASEGRID]
        CartGrid3D::SpatialSpacings: Set up ranges for spatial 3D Cartesian coordinates (on all grids)
        CartGrid3D::SpatialCoordinates: Set up spatial 3D Cartesian coordinates on the GH
        IOASCII::IOASCII_Choose1D: Choose 1D output lines
        IOASCII::IOASCII_Choose2D: Choose 2D output planes
        PUGH::PUGH_Report: Report on PUGH set up
      [CCTK_RECOVER_VARIABLES]
      [CCTK_POST_RECOVER_VARIABLES]
    endif
    if (checkpoint initial data)
      [CCTK_CPINITIAL]
    endif
    if (analysis)
      [CCTK_ANALYSIS]
  endif
  Output grid variables

  do loop over timesteps
    [CCTK_PREREGRID]
    Change grid hierarchy
    [CCTK_POSTREGRID]
      CartGrid3D::SpatialCoordinates: Set Coordinates after regridding
    Rotate timelevels
    iteration = iteration+1
    t = t+dt
    [CCTK_PRESTEP]
    [CCTK_EVOL]
    Evolve finer grids recursively
    Restrict from finer grids
    [CCTK_POSTRESTRICT]
    [CCTK_POSTSTEP]
    if (checkpoint)
      [CCTK_CHECKPOINT]
    endif
    if (analysis)
      [CCTK_ANALYSIS]
    endif
    Output grid variables
    enddo

  Termination routines
    [CCTK_TERMINATE]
      PUGH::Driver_Terminate: Termination routine

  Shutdown routines
    [CCTK_SHUTDOWN]

  Routines run after changing the grid hierarchy:
    [CCTK_POSTREGRID]
      CartGrid3D::SpatialCoordinates: Set Coordinates after regridding
--------------------------------------------------------------------------------
INFO (hwloc): library version 2.1.0, API version 0x20100
INFO (SystemTopology): MPI process-to-host mapping:
This is MPI process 0 of 2
MPI hosts:
  0: fv-az453-380
This MPI process runs on host 0 of 1
On this host, this is MPI process 0 of 2
INFO (SystemTopology): Topology support:
Discovery support:
  discovery->pu                            : yes
CPU binding support:
  cpubind->set_thisproc_cpubind            : yes
  cpubind->get_thisproc_cpubind            : yes
  cpubind->set_proc_cpubind                : yes
  cpubind->get_proc_cpubind                : yes
  cpubind->set_thisthread_cpubind          : yes
  cpubind->get_thisthread_cpubind          : yes
  cpubind->set_thread_cpubind              : yes
  cpubind->get_thread_cpubind              : yes
  cpubind->get_thisproc_last_cpu_location  : yes
  cpubind->get_proc_last_cpu_location      : yes
  cpubind->get_thisthread_last_cpu_location: yes
Memory binding support:
  membind->set_thisproc_membind            : no
  membind->get_thisproc_membind            : no
  membind->set_proc_membind                : no
  membind->get_proc_membind                : no
  membind->set_thisthread_membind          : yes
  membind->get_thisthread_membind          : yes
  membind->set_area_membind                : yes
  membind->get_area_membind                : yes
  membind->alloc_membind                   : yes
  membind->firsttouch_membind              : yes
  membind->bind_membind                    : yes
  membind->interleave_membind              : yes
  membind->nexttouch_membind               : no
  membind->migrate_membind                 : yes
INFO (SystemTopology): Hardware objects in this node:
Machine L#0: (P#0, total=7110656KB, DMIProductName="Virtual Machine", DMIProductVersion=7.0, DMIProductUUID=28882cc2-86b1-9f40-9772-6806c1e27dd1, DMIBoardVendor="Microsoft Corporation", DMIBoardName="Virtual Machine", DMIBoardVersion=7.0, DMIChassisVendor="Microsoft Corporation", DMIChassisType=3, DMIChassisVersion=7.0, DMIChassisAssetTag=7783-7084-3265-9085-8269-3286-77, DMIBIOSVendor="American Megatrends Inc.", DMIBIOSVersion="090008 ", DMIBIOSDate=12/07/2018, DMISysVendor="Microsoft Corporation", Backend=Linux, LinuxCgroup=/, OSName=Linux, OSRelease=5.15.0-1022-azure, OSVersion="#27~20.04.1-Ubuntu SMP Mon Oct 17 02:03:50 UTC 2022", HostName=fv-az453-380, Architecture=x86_64, hwlocVersion=2.1.0, ProcessName=cactus_sim)
  Package L#0: (P#0, total=7110656KB, CPUVendor=GenuineIntel, CPUFamilyNumber=6, CPUModelNumber=63, CPUModel="Intel(R) Xeon(R) CPU E5-2673 v3 @ 2.40GHz", CPUStepping=2)
    L3Cache L#0: (P#-1, size=30720KB, linesize=64, ways=20, Inclusive=1)
      L2Cache L#0: (P#-1, size=256KB, linesize=64, ways=8, Inclusive=0)
        L1dCache L#0: (P#-1, size=32KB, linesize=64, ways=8, Inclusive=0)
          Core L#0: (P#0)
            PU L#0: (P#0)
      L2Cache L#1: (P#-1, size=256KB, linesize=64, ways=8, Inclusive=0)
        L1dCache L#1: (P#-1, size=32KB, linesize=64, ways=8, Inclusive=0)
          Core L#1: (P#1)
            PU L#1: (P#1)
INFO (SystemTopology): Thread CPU bindings:
  MPI process 0 on host 0 (process 0 of 2 on this host)
    OpenMP thread 0: PU set L#{0} P#{0}
  MPI process 1 on host 0 (process 1 of 2 on this host)
    OpenMP thread 0: PU set L#{1} P#{1}
INFO (SystemTopology): Setting thread CPU bindings:
INFO (SystemTopology): Thread CPU bindings:
  MPI process 0 on host 0 (process 0 of 2 on this host)
    OpenMP thread 0: PU set L#{0} P#{0}
  MPI process 1 on host 0 (process 1 of 2 on this host)
    OpenMP thread 0: PU set L#{1} P#{1}
INFO (SystemTopology): Extracting CPU/cache/memory properties:
  There are 1 PUs per core (aka hardware SMT threads)
  There are 1 threads per core (aka SMT threads used)
  Cache (unknown name) has type "data" depth 1
    size 32768 linesize 64 associativity 8 stride 4096, for 1 PUs
  Cache (unknown name) has type "unified" depth 2
    size 262144 linesize 64 associativity 8 stride 32768, for 1 PUs
  Cache (unknown name) has type "unified" depth 3
    size 31457280 linesize 64 associativity 20 stride 1572864, for 2 PUs
INFO (PUGH): Using physical to logical mappings: direct
INFO (PUGH): Using topology generator: automatic
INFO (Vectors): Using vector size 2 for architecture SSE2 (64-bit precision)
--------------------------------------------------------------------------------
Driver provided by PUGH
--------------------------------------------------------------------------------

INFO (PUGH): Not setting up a topology for 1 dimensions
INFO (PUGH): Not setting up a topology for 2 dimensions
INFO (PUGH): Setting up a topology for 3 dimensions
INFO (IOASCII): I/O Method 'IOASCII_1D' registered: output of 1D lines of grid functions/arrays to ASCII files
INFO (IOASCII): Periodic 1D output every 1 iterations
INFO (IOASCII): Periodic 1D output requested for 'GRID::r'
INFO (IOASCII): I/O Method 'IOASCII_2D' registered: output of 2D planes of grid functions/arrays to ASCII files
INFO (IOASCII): Periodic 2D output turned off
INFO (IOASCII): I/O Method 'IOASCII_3D' registered: output of 3D grid functions/arrays to ASCII files
INFO (IOASCII): Periodic 3D output turned off
INFO (MemSpeed): Measuring CPU, cache, memory, and communication speeds:
  Single-core measurements (using 1 MPI processes with 1 OpenMP threads each):
    CPU frequency:
      iterations=1000000... time=0.00309521 sec
      iterations=10000000... time=0.035989 sec
      iterations=100000000... time=0.307548 sec
      iterations=400000000... time=1.23129 sec
      iterations=400000000... time=0.91797 sec
      result: 2.55329 GHz
    CPU floating point performance:
      iterations=1000000... time=0.00330861 sec
      iterations=10000000... time=0.0335167 sec
      iterations=100000000... time=0.342297 sec
      iterations=300000000... time=0.999504 sec
      iterations=600000000... time=2.0162 sec
      result: 9.52287 Gflop/sec
    CPU integer performance:
      iterations=1000000... time=0.00209721 sec
      iterations=10000000... time=0.0205755 sec
      iterations=100000000... time=0.212581 sec
      iterations=500000000... time=1.0483 sec
      result: 7.63139 Giop/sec
    Read latency of D1 cache (for 1 PUs) (using 1*24576 bytes):
      iterations=1000... time=0.000278801 sec
      iterations=10000... time=0.00155741 sec
      iterations=100000... time=0.0161728 sec
      iterations=1000000... time=0.154357 sec
      iterations=7000000... time=1.10379 sec
      result: 1.57685 nsec
    Read latency of L2 cache (for 1 PUs) (using 1*196608 bytes):
      iterations=1000... time=0.000509602 sec
      iterations=10000... time=0.00483462 sec
      iterations=100000... time=0.0488424 sec
      iterations=1000000... time=0.5128 sec
      iterations=2000000... time=0.997791 sec
      iterations=4000000... time=2.0317 sec
      result: 5.07925 nsec
    Read latency of L3 cache (for 2 PUs) (using 1*23592960 bytes):
      [skipped -- avoiding large-memory benchmarks]
    Read bandwidth of D1 cache (for 1 PUs) (using 1*24576 bytes):
      iterations=1... time=9.99999e-07 sec
      iterations=10... time=3.7e-06 sec
      iterations=100... time=3.01e-05 sec
      iterations=1000... time=0.000294301 sec
      iterations=10000... time=0.00297611 sec
      iterations=100000... time=0.0300244 sec
      iterations=1000000... time=0.299659 sec
      iterations=4000000... time=1.21265 sec
      result: 81.0655 GByte/sec
    Read bandwidth of L2 cache (for 1 PUs) (using 1*196608 bytes):
      iterations=1... time=8.7e-06 sec
      iterations=10... time=5.16e-05 sec
      iterations=100... time=0.000484601 sec
      iterations=1000... time=0.00490512 sec
      iterations=10000... time=0.0485149 sec
      iterations=100000... time=0.498946 sec
      iterations=200000... time=0.992693 sec
      iterations=400000... time=1.97933 sec
      result: 39.7323 GByte/sec
    Read bandwidth of L3 cache (for 2 PUs) (using 1*23592960 bytes):
      [skipped -- avoiding large-memory benchmarks]
    Write latency of D1 cache (for 1 PUs) (using 1*24576 bytes):
      iterations=1000... time=3.9e-06 sec
      iterations=10000... time=3.05e-05 sec
      iterations=100000... time=0.000297801 sec
      iterations=1000000... time=0.00299251 sec
      iterations=10000000... time=0.0308354 sec
      iterations=100000000... time=0.304917 sec
      iterations=400000000... time=1.24682 sec
      result: 0.389632 nsec
    Write latency of L2 cache (for 1 PUs) (using 1*196608 bytes):
      iterations=1000... time=2.18e-05 sec
      iterations=10000... time=0.000186101 sec
      iterations=100000... time=0.00194571 sec
      iterations=1000000... time=0.0190444 sec
      iterations=10000000... time=0.204149 sec
      iterations=50000000... time=0.967905 sec
      iterations=100000000... time=1.90556 sec
      result: 2.38194 nsec
    Write latency of L3 cache (for 2 PUs) (using 1*23592960 bytes):
      [skipped -- avoiding large-memory benchmarks]
    Write bandwidth of D1 cache (for 1 PUs) (using 1*24576 bytes):
      iterations=1... time=9.99999e-07 sec
      iterations=10... time=4e-06 sec
      iterations=100... time=3.15e-05 sec
      iterations=1000... time=0.000308601 sec
      iterations=10000... time=0.00315731 sec
      iterations=100000... time=0.0314395 sec
      iterations=1000000... time=0.319161 sec
      iterations=3000000... time=0.983925 sec
      iterations=6000000... time=2.44486 sec
      result: 60.3126 GByte/sec
    Write bandwidth of L2 cache (for 1 PUs) (using 1*196608 bytes):
      iterations=1... time=8.4e-06 sec
      iterations=10... time=8.0901e-05 sec
      iterations=100... time=0.000806603 sec
      iterations=1000... time=0.00822573 sec
      iterations=10000... time=0.0831515 sec
      iterations=100000... time=1.07872 sec
      result: 18.2261 GByte/sec
    Write bandwidth of L3 cache (for 2 PUs) (using 1*23592960 bytes):
      [skipped -- avoiding large-memory benchmarks]
    Stencil code performance of D1 cache (for 1 PUs) (using 1*12^3 grid points, 1*27648 bytes):
      iterations=1... time=1.44e-05 sec
      iterations=10... time=0.000219601 sec
      iterations=100... time=0.00239611 sec
      iterations=1000... time=0.0208852 sec
      iterations=10000... time=0.300889 sec
      iterations=40000... time=1.13073 sec
      result: 0.0611284 Gupdates/sec
    Stencil code performance of L2 cache (for 1 PUs) (using 1*23^3 grid points, 1*194672 bytes):
      iterations=1... time=3.2001e-05 sec
      iterations=10... time=0.000371901 sec
      iterations=100... time=0.00404511 sec
      iterations=1000... time=0.0364621 sec
      iterations=10000... time=0.438243 sec
      iterations=30000... time=1.50125 sec
      result: 0.243137 Gupdates/sec
    Stencil code performance of L3 cache (for 2 PUs) (using 1*114^3 grid points, 1*23704704 bytes):
      iterations=1... time=0.00433002 sec
      iterations=10... time=0.0437842 sec
      iterations=100... time=0.544201 sec
      iterations=200... time=1.13011 sec
      result: 0.262194 Gupdates/sec
  Single-node measurements (using 2 MPI processes with 1 OpenMP threads each):
    CPU frequency:
      iterations=1000000... time=0.00335081 sec
      iterations=10000000... time=0.0474024 sec
      iterations=100000000... time=0.408289 sec
      iterations=300000000... time=1.22764 sec
      iterations=300000000... time=0.927212 sec
      result: 1.99718 GHz
    CPU floating point performance:
      iterations=1000000... time=0.00350521 sec
      iterations=10000000... time=0.05336 sec
      iterations=100000000... time=0.459741 sec
      iterations=200000000... time=0.912468 sec
      iterations=400000000... time=1.82016 sec
      result: 7.03235 Gflop/sec
    CPU integer performance:
      iterations=1000000... time=0.00207136 sec
      iterations=10000000... time=0.0299451 sec
      iterations=100000000... time=0.271695 sec
      iterations=400000000... time=1.13151 sec
      result: 5.65615 Giop/sec
    Read latency of D1 cache (for 1 PUs) (using 2*24576 bytes):
      iterations=1000... time=0.00014955 sec
      iterations=10000... time=0.00150861 sec
      iterations=100000... time=0.0212857 sec
      iterations=1000000... time=0.203425 sec
      iterations=5000000... time=1.03116 sec
      result: 2.06231 nsec
    Read latency of L2 cache (for 1 PUs) (using 2*196608 bytes):
      iterations=1000... time=0.000501601 sec
      iterations=10000... time=0.00877358 sec
      iterations=100000... time=0.0716387 sec
      iterations=1000000... time=0.658983 sec
      iterations=2000000... time=1.30769 sec
      result: 6.53844 nsec
    Read latency of L3 cache (for 2 PUs) (using 2*23592960 bytes):
      [skipped -- too much memory requested]
    Read bandwidth of D1 cache (for 1 PUs) (using 2*24576 bytes):
      iterations=1... time=1.1e-06 sec
      iterations=10... time=3.75e-06 sec
      iterations=100... time=3.64e-05 sec
      iterations=1000... time=0.000305751 sec
      iterations=10000... time=0.00317271 sec
      iterations=100000... time=0.043879 sec
      iterations=1000000... time=0.410905 sec
      iterations=3000000... time=1.229 sec
      result: 59.9902 GByte/sec
    Read bandwidth of L2 cache (for 1 PUs) (using 2*196608 bytes):
      iterations=1... time=7.5e-06 sec
      iterations=10... time=4.82e-05 sec
      iterations=100... time=0.000455001 sec
      iterations=1000... time=0.00462392 sec
      iterations=10000... time=0.0714879 sec
      iterations=100000... time=0.632718 sec
      iterations=200000... time=1.28264 sec
      result: 30.6567 GByte/sec
    Read bandwidth of L3 cache (for 2 PUs) (using 2*23592960 bytes):
      [skipped -- too much memory requested]
    Write latency of D1 cache (for 1 PUs) (using 2*24576 bytes):
      iterations=1000... time=3.95e-06 sec
      iterations=10000... time=3.04e-05 sec
      iterations=100000... time=0.000297851 sec
      iterations=1000000... time=0.00734908 sec
      iterations=10000000... time=0.0430051 sec
      iterations=100000000... time=0.417519 sec
      iterations=300000000... time=1.23507 sec
      result: 0.514614 nsec
    Write latency of L2 cache (for 1 PUs) (using 2*196608 bytes):
      iterations=1000... time=2.12e-05 sec
      iterations=10000... time=0.000184601 sec
      iterations=100000... time=0.00183621 sec
      iterations=1000000... time=0.0311204 sec
      iterations=10000000... time=0.257426 sec
      iterations=40000000... time=1.01593 sec
      result: 3.17479 nsec
    Write latency of L3 cache (for 2 PUs) (using 2*23592960 bytes):
      [skipped -- too much memory requested]
    Write bandwidth of D1 cache (for 1 PUs) (using 2*24576 bytes):
      iterations=1... time=2.05e-06 sec
      iterations=10... time=3.75e-06 sec
      iterations=100... time=3.1e-05 sec
      iterations=1000... time=0.000413301 sec
      iterations=10000... time=0.00305376 sec
      iterations=100000... time=0.0421754 sec
      iterations=1000000... time=0.437711 sec
      iterations=3000000... time=1.28058 sec
      result: 57.574 GByte/sec
    Write bandwidth of L2 cache (for 1 PUs) (using 2*196608 bytes):
      iterations=1... time=8.35e-06 sec
      iterations=10... time=8.195e-05 sec
      iterations=100... time=0.000818804 sec
      iterations=1000... time=0.0125488 sec
      iterations=10000... time=0.118231 sec
      iterations=90000... time=1.01581 sec
      result: 17.4193 GByte/sec
    Write bandwidth of L3 cache (for 2 PUs) (using 2*23592960 bytes):
      [skipped -- too much memory requested]
    Stencil code performance of D1 cache (for 1 PUs) (using 2*9^3 grid points, 2*11664 bytes):
      iterations=1... time=1.965e-05 sec
      iterations=10... time=8.8501e-05 sec
      iterations=100... time=0.000814003 sec
      iterations=1000... time=0.0120644 sec
      iterations=10000... time=0.107078 sec
      iterations=100000... time=1.03254 sec
      result: 0.0706024 Gupdates/sec
    Stencil code performance of L2 cache (for 1 PUs) (using 2*18^3 grid points, 2*93312 bytes):
      iterations=1... time=4.2751e-05 sec
      iterations=10... time=0.000425002 sec
      iterations=100... time=0.00828848 sec
      iterations=1000... time=0.0740222 sec
      iterations=10000... time=0.580385 sec
      iterations=20000... time=1.00363 sec
      result: 0.116218 Gupdates/sec
    Stencil code performance of L3 cache (for 2 PUs) (using 1*114^3 grid points, 1*23704704 bytes):
      [skipped -- too many MPI processes]
  Single-node measurements:
    MPI latency: 1200 nsec
    MPI bandwidth: 3.66615 GByte/sec
INFO (Vectors): Testing vectorisation... [errors may result in segfaults]
INFO (Vectors): 375/375 tests passed 
INFO (CartGrid3D): Grid Spacings:
INFO (CartGrid3D): dx=>1.1111111e-01  dy=>1.1111111e-01  dz=>1.1111111e-01
INFO (CartGrid3D): Computational Coordinates:
INFO (CartGrid3D): x=>[-0.500, 0.500]  y=>[-0.500, 0.500]  z=>[-0.500, 0.500]
INFO (CartGrid3D): Indices of Physical Coordinates:
INFO (CartGrid3D): x=>[0,9]  y=>[0,9]  z=>[0,9]
INFO (PUGH): MPI Evolution on 2 processors
INFO (PUGH): 3-dimensional grid functions
INFO (PUGH):   Size: 10 10 10
INFO (PUGH):   Processor topology: 2 x 1 x 1
INFO (PUGH):   Local load: 600   [6 x 10 x 10]
INFO (PUGH):   Maximum load skew: 0.000000
--------------------------------------------------------------------------------
Done.
+ echo Stopping:
Stopping:
+ date
Sat Nov  5 03:46:37 UTC 2022
+ echo Done.
Done.
  Elapsed time: 57.1 s
