/home/runner/simulations/TestJob01_temp_2/output-0000/TEST/sim/FluxWaveToyX
Preparing:
+ set -e
+ cd output-0000-active
+ echo Checking:
Checking:
+ pwd
/home/runner/simulations/TestJob01_temp_2/output-0000/TEST/sim/FluxWaveToyX/output-0000-active
+ hostname
runnervmwhb2z
+ date
Tue Oct 28 23:00:35 UTC 2025
+ echo Environment:
Environment:
+ export CACTUS_NUM_PROCS=2
+ CACTUS_NUM_PROCS=2
+ export CACTUS_NUM_THREADS=1
+ CACTUS_NUM_THREADS=1
+ export GMON_OUT_PREFIX=gmon.out
+ GMON_OUT_PREFIX=gmon.out
+ export OMP_NUM_THREADS=1
+ OMP_NUM_THREADS=1
+ env
+ sort
+ echo Starting:
Starting:
++ date +%s
+ export CACTUS_STARTTIME=1761692435
+ CACTUS_STARTTIME=1761692435
+ '[' 2 = 1 ']'
+ mpirun -np 2 /home/runner/simulations/TestJob01_temp_2/SIMFACTORY/exe/cactus_sim -L 3 /home/runner/simulations/TestJob01_temp_2/output-0000/arrangements/CarpetX/FluxWaveToyX/test/standing.par
INFO (Cactus): Increased logging level from 0 to 3
--------------------------------------------------------------------------------

       10                                  
  1   0101       ************************  
  01  1010 10      The Cactus Code V4.18.0    
 1010 1101 011      www.cactuscode.org     
  1001 100101    ************************  
    00010101                               
     100011     (c) Copyright The Authors  
      0100      GNU Licensed. No Warranty  
      0101                                 
--------------------------------------------------------------------------------

Cactus version:    4.18.0
Compile date:      Oct 28 2025 (22:39:11)
Run date:          Oct 28 2025 (23:00:35+0000)
Run host:          runnervmwhb2z (pid=142716)
Working directory: /home/runner/simulations/TestJob01_temp_2/output-0000/TEST/sim/FluxWaveToyX
Executable:        /home/runner/simulations/TestJob01_temp_2/SIMFACTORY/exe/cactus_sim
Parameter file:    /home/runner/simulations/TestJob01_temp_2/output-0000/arrangements/CarpetX/FluxWaveToyX/test/standing.par
--------------------------------------------------------------------------------

Activating thorn Cactus...Success -> active implementation Cactus
Activation requested for 
--->CarpetX CarpetXRegrid FluxWaveToyX IOUtil ODESolvers<---
Thorn CarpetX requests automatic activation of AMReX
Thorn CarpetX requests automatic activation of MPI
Thorn CarpetX requests automatic activation of yaml_cpp
Thorn CarpetX requests automatic activation of zlib
Thorn CarpetX requests automatic activation of Arith
Thorn CarpetX requests automatic activation of Loop
Thorn CarpetX requests automatic activation of ADIOS2
Thorn CarpetX requests automatic activation of openPMD
Thorn CarpetX requests automatic activation of Silo
Thorn ADIOS2 requests automatic activation of CMake
Thorn Arith requests automatic activation of NSIMD
Thorn MPI requests automatic activation of hwloc
Thorn openPMD requests automatic activation of HDF5
Activating thorn ADIOS2...Success -> active implementation ADIOS2
Activating thorn AMReX...Success -> active implementation AMReX
Activating thorn Arith...Success -> active implementation Arith
Activating thorn CarpetX...Success -> active implementation Driver
Activating thorn CarpetXRegrid...Success -> active implementation CarpetXRegrid
Activating thorn CMake...Success -> active implementation CMake
Activating thorn FluxWaveToyX...Success -> active implementation FluxWaveToyX
Activating thorn HDF5...Success -> active implementation HDF5
Activating thorn hwloc...Success -> active implementation hwloc
Activating thorn IOUtil...Success -> active implementation IO
Activating thorn Loop...Success -> active implementation Loop
Activating thorn MPI...Success -> active implementation MPI
Activating thorn NSIMD...Success -> active implementation NSIMD
Activating thorn ODESolvers...Success -> active implementation ODESolvers
Activating thorn openPMD...Success -> active implementation openPMD
Activating thorn Silo...Success -> active implementation Silo
Activating thorn yaml_cpp...Success -> active implementation yaml_cpp
Activating thorn zlib...Success -> active implementation zlib
INFO (hwloc): library version 2.10.0, API version 0x20800
--------------------------------------------------------------------------------

  [34m  ▕▏  [34m  ▕▏  [34m  ▕▏  [34m  ▕▏  [34m  ▕▏  [34m  ▕▏  [34m  ▕▏  [34m  ▕▏  [34m  ▕▏  [39m  
  [34m──██──[34m──██──[34m──██──[34m──██──[34m──██──[34m──██──[34m──██──[34m──██──[34m──██──[39m  
  [34m  ▕▏  [34m  ▕▏  [34m  ▕▏  [34m  ▕▏  [34m  ▕▏  [34m  ▕▏  [34m  ▕▏  [34m  ▕▏  [34m  ▕▏  [39m  
  [34m  ▕▏  [32m██████[34m  ▕▏  [34m  ▕▏  [32m██████[34m  ▕▏  [34m  ▕▏  [32m██████[34m  ▕▏  [39m  
  [34m──██──[32m██████[34m──██──[34m──██──[32m██████[34m──██──[34m──██──[32m██████[34m──██──[39m  
  [34m  ▕▏  [32m██████[34m  ▕▏  [34m  ▕▏  [32m██████[34m  ▕▏  [34m  ▕▏  [32m██████[34m  ▕▏  [39m  
  [34m  ▕▏  [34m  ▕▏  [34m  ▕▏  [34m  ▕▏  [34m  ▕▏  [34m  ▕▏  [34m  ▕▏  [34m  ▕▏  [34m  ▕▏  [39m  
  [34m──██──[34m──██──[34m──██──[34m──██──[34m──██──[34m──██──[34m──██──[34m──██──[34m──██──[39m  
  [34m  ▕▏  [34m  ▕▏  [34m  ▕▏  [34m  ▕▏  [34m  ▕▏  [34m  ▕▏  [34m  ▕▏  [34m  ▕▏  [34m  ▕▏  [39m  
  [34m  ▕▏  [34m  ▕▏  [34m  ▕▏  [31m██████[31m██████[31m██████[34m  ▕▏  [34m  ▕▏  [34m  ▕▏  [39m  
  [34m──██──[34m──██──[34m──██──[31m██████[31m██████[31m██████[34m──██──[34m──██──[34m──██──[39m  
  [34m  ▕▏  [34m  ▕▏  [34m  ▕▏  [31m██████[31m██████[31m██████[34m  ▕▏  [34m  ▕▏  [34m  ▕▏  [39m  
  [34m  ▕▏  [32m██████[34m  ▕▏  [31m██████[31m██████[31m██████[34m  ▕▏  [32m██████[34m  ▕▏  [39m  
  [34m──██──[32m██████[34m──██──[31m██████[31m██████[31m██████[34m──██──[32m██████[34m──██──[39m  
  [34m  ▕▏  [32m██████[34m  ▕▏  [31m██████[31m██████[31m██████[34m  ▕▏  [32m██████[34m  ▕▏  [39m  
  [34m  ▕▏  [34m  ▕▏  [34m  ▕▏  [31m██████[31m██████[31m██████[34m  ▕▏  [34m  ▕▏  [34m  ▕▏  [39m  
  [34m──██──[34m──██──[34m──██──[31m██████[31m██████[31m██████[34m──██──[34m──██──[34m──██──[39m  
  [34m  ▕▏  [34m  ▕▏  [34m  ▕▏  [31m██████[31m██████[31m██████[34m  ▕▏  [34m  ▕▏  [34m  ▕▏  [39m  
  [34m  ▕▏  [34m  ▕▏  [34m  ▕▏  [34m  ▕▏  [34m  ▕▏  [34m  ▕▏  [34m  ▕▏  [34m  ▕▏  [34m  ▕▏  [39m  
  [34m──██──[34m──██──[34m──██──[34m──██──[34m──██──[34m──██──[34m──██──[34m──██──[34m──██──[39m  
  [34m  ▕▏  [34m  ▕▏  [34m  ▕▏  [34m  ▕▏  [34m  ▕▏  [34m  ▕▏  [34m  ▕▏  [34m  ▕▏  [34m  ▕▏  [39m  
  [34m  ▕▏  [32m██████[34m  ▕▏  [34m  ▕▏  [32m██████[34m  ▕▏  [34m  ▕▏  [32m██████[34m  ▕▏  [39m  
  [34m──██──[32m██████[34m──██──[34m──██──[32m██████[34m──██──[34m──██──[32m██████[34m──██──[39m  
  [34m  ▕▏  [32m██████[34m  ▕▏  [34m  ▕▏  [32m██████[34m  ▕▏  [34m  ▕▏  [32m██████[34m  ▕▏  [39m  
  [34m  ▕▏  [34m  ▕▏  [34m  ▕▏  [34m  ▕▏  [34m  ▕▏  [34m  ▕▏  [34m  ▕▏  [34m  ▕▏  [34m  ▕▏  [39m  
  [34m──██──[34m──██──[34m──██──[34m──██──[34m──██──[34m──██──[34m──██──[34m──██──[34m──██──[39m  
  [34m  ▕▏  [34m  ▕▏  [34m  ▕▏  [34m  ▕▏  [34m  ▕▏  [34m  ▕▏  [34m  ▕▏  [34m  ▕▏  [34m  ▕▏  [39m  

AMR driver provided by CarpetX,
using AMReX 24.10 (MPI, OpenMP, no accelerators, debug)
--------------------------------------------------------------------------------

Initializing AMReX (24.10)...
MPI initialized with 2 MPI processes
MPI initialized with thread support level 2
OMP initialized with 1 OMP threads
AMReX (24.10) initialized
INFO (CarpetX): 
Symmetries:
  lower x: periodic
  lower y: periodic
  lower z: periodic
  upper x: periodic
  upper y: periodic
  upper z: periodic
Default boundaries:
  lower x: symmetry_boundary
  lower y: symmetry_boundary
  lower z: symmetry_boundary
  upper x: symmetry_boundary
  upper y: symmetry_boundary
  upper z: symmetry_boundary
INFO (Arith): Test_smallvector
INFO (Arith): Test_spvect
INFO (CarpetX): Setting initial values for max_grid_size values for all levels
INFO (CarpetX): Setting up initial conditions...
INFO (CarpetX): Iteration: 0   time: 0   delta_time: 0.125
INFO (CarpetX): Patch 0:
INFO (CarpetX):   Grid extent:
INFO (CarpetX):     gsh=[11,11,11]
INFO (CarpetX):     blocking_factor=[8,8,8]
INFO (CarpetX):     max_grid_size=[32,32,32]
INFO (CarpetX):     max_tile_size=[1024000,16,32]
INFO (CarpetX):   Domain extent:
INFO (CarpetX):     xmin=[-1,-1,-1]
INFO (CarpetX):     xmax=[1,1,1]
INFO (CarpetX):     base dx=[0.25,0.25,0.25]
INFO (CarpetX): Initializing level 0...
INFO (CarpetX): Regridding...
INFO (CarpetX):   level 0: 1 boxes, 512 cells (100%)
INFO (CarpetX): Initialized 1 levels
INFO (CarpetX): OutputGH: iteration 0, time 0.000000, run time 0 s
INFO (CarpetX): OutputGH done.
INFO (CarpetX): Starting evolution...
INFO (ODESolvers): Integrator is RK3
INFO (CarpetX): OutputGH: iteration 1, time 0.125000, run time 0 s
INFO (CarpetX): OutputGH done.
INFO (CarpetX): Simulation time: 0.125   Iterations per second: 295.332   Simulation time per second: 36.9165
INFO (CarpetX): Grid cells: 512   Grid cell updates per second: 151210
INFO (CarpetX): Performance:
INFO (CarpetX):   total evolution time:            0.00338602 sec
INFO (CarpetX):   total evolution compute time:    0.00337005 sec
INFO (CarpetX):   total evolution output time:     1.5974e-05 sec
INFO (CarpetX):   total iterations:                1
INFO (CarpetX):   total cells updated:             512
INFO (CarpetX):   average iterations per second: 295.332
INFO (CarpetX):   average cell updates per second: 151210
INFO (CarpetX): OutputGH: iteration 2, time 0.250000, run time 0 s
INFO (CarpetX): OutputGH done.
INFO (CarpetX): Simulation time: 0.25   Iterations per second: 312.518   Simulation time per second: 39.0647
INFO (CarpetX): Grid cells: 512   Grid cell updates per second: 160009
INFO (CarpetX): Performance:
INFO (CarpetX):   total evolution time:            0.00658584 sec
INFO (CarpetX):   total evolution compute time:    0.00655389 sec
INFO (CarpetX):   total evolution output time:     3.19481e-05 sec
INFO (CarpetX):   total iterations:                2
INFO (CarpetX):   total cells updated:             1024
INFO (CarpetX):   average iterations per second: 303.682
INFO (CarpetX):   average cell updates per second: 155485
INFO (CarpetX): OutputGH: iteration 3, time 0.375000, run time 0 s
INFO (CarpetX): OutputGH done.
INFO (CarpetX): Simulation time: 0.375   Iterations per second: 314.581   Simulation time per second: 39.3226
INFO (CarpetX): Grid cells: 512   Grid cell updates per second: 161065
INFO (CarpetX): Performance:
INFO (CarpetX):   total evolution time:            0.00976467 sec
INFO (CarpetX):   total evolution compute time:    0.00971889 sec
INFO (CarpetX):   total evolution output time:     4.57764e-05 sec
INFO (CarpetX):   total iterations:                3
INFO (CarpetX):   total cells updated:             1536
INFO (CarpetX):   average iterations per second: 307.23
INFO (CarpetX):   average cell updates per second: 157302
INFO (CarpetX): OutputGH: iteration 4, time 0.500000, run time 0 s
INFO (CarpetX): OutputGH done.
INFO (CarpetX): Simulation time: 0.5   Iterations per second: 312.984   Simulation time per second: 39.1231
INFO (CarpetX): Grid cells: 512   Grid cell updates per second: 160248
INFO (CarpetX): Performance:
INFO (CarpetX):   total evolution time:            0.0129597 sec
INFO (CarpetX):   total evolution compute time:    0.0128968 sec
INFO (CarpetX):   total evolution output time:     6.29425e-05 sec
INFO (CarpetX):   total iterations:                4
INFO (CarpetX):   total cells updated:             2048
INFO (CarpetX):   average iterations per second: 308.649
INFO (CarpetX):   average cell updates per second: 158028
INFO (CarpetX): OutputGH: iteration 5, time 0.625000, run time 0 s
INFO (CarpetX): OutputGH done.
INFO (CarpetX): Simulation time: 0.625   Iterations per second: 315.551   Simulation time per second: 39.4439
INFO (CarpetX): Grid cells: 512   Grid cell updates per second: 161562
INFO (CarpetX): Performance:
INFO (CarpetX):   total evolution time:            0.0161288 sec
INFO (CarpetX):   total evolution compute time:    0.0160527 sec
INFO (CarpetX):   total evolution output time:     7.60555e-05 sec
INFO (CarpetX):   total iterations:                5
INFO (CarpetX):   total cells updated:             2560
INFO (CarpetX):   average iterations per second: 310.005
INFO (CarpetX):   average cell updates per second: 158722
INFO (CarpetX): OutputGH: iteration 6, time 0.750000, run time 0 s
INFO (CarpetX): OutputGH done.
INFO (CarpetX): Simulation time: 0.75   Iterations per second: 316.958   Simulation time per second: 39.6197
INFO (CarpetX): Grid cells: 512   Grid cell updates per second: 162282
INFO (CarpetX): Performance:
INFO (CarpetX):   total evolution time:            0.0192838 sec
INFO (CarpetX):   total evolution compute time:    0.0191917 sec
INFO (CarpetX):   total evolution output time:     9.20296e-05 sec
INFO (CarpetX):   total iterations:                6
INFO (CarpetX):   total cells updated:             3072
INFO (CarpetX):   average iterations per second: 311.142
INFO (CarpetX):   average cell updates per second: 159305
INFO (CarpetX): OutputGH: iteration 7, time 0.875000, run time 0 s
INFO (CarpetX): OutputGH done.
INFO (CarpetX): Simulation time: 0.875   Iterations per second: 314.581   Simulation time per second: 39.3226
INFO (CarpetX): Grid cells: 512   Grid cell updates per second: 161065
INFO (CarpetX): Performance:
INFO (CarpetX):   total evolution time:            0.0224626 sec
INFO (CarpetX):   total evolution compute time:    0.0223546 sec
INFO (CarpetX):   total evolution output time:     0.000108004 sec
INFO (CarpetX):   total iterations:                7
INFO (CarpetX):   total cells updated:             3584
INFO (CarpetX):   average iterations per second: 311.629
INFO (CarpetX):   average cell updates per second: 159554
INFO (CarpetX): OutputGH: iteration 8, time 1.000000, run time 0 s
INFO (CarpetX): OutputGH done.
INFO (CarpetX): Simulation time: 1   Iterations per second: 318.474   Simulation time per second: 39.8093
INFO (CarpetX): Grid cells: 512   Grid cell updates per second: 163059
INFO (CarpetX): Performance:
INFO (CarpetX):   total evolution time:            0.0256026 sec
INFO (CarpetX):   total evolution compute time:    0.0254786 sec
INFO (CarpetX):   total evolution output time:     0.000123978 sec
INFO (CarpetX):   total iterations:                8
INFO (CarpetX):   total cells updated:             4096
INFO (CarpetX):   average iterations per second: 312.469
INFO (CarpetX):   average cell updates per second: 159984
INFO (CarpetX): OutputGH: iteration 9, time 1.125000, run time 0 s
INFO (CarpetX): OutputGH done.
INFO (CarpetX): Simulation time: 1.125   Iterations per second: 310   Simulation time per second: 38.75
INFO (CarpetX): Grid cells: 512   Grid cell updates per second: 158720
INFO (CarpetX): Performance:
INFO (CarpetX):   total evolution time:            0.0288284 sec
INFO (CarpetX):   total evolution compute time:    0.0286875 sec
INFO (CarpetX):   total evolution output time:     0.000140905 sec
INFO (CarpetX):   total iterations:                9
INFO (CarpetX):   total cells updated:             4608
INFO (CarpetX):   average iterations per second: 312.192
INFO (CarpetX):   average cell updates per second: 159842
INFO (CarpetX): OutputGH: iteration 10, time 1.250000, run time 0 s
INFO (CarpetX): OutputGH done.
INFO (CarpetX): Simulation time: 1.25   Iterations per second: 190.071   Simulation time per second: 23.7589
INFO (CarpetX): Grid cells: 512   Grid cell updates per second: 97316.5
INFO (CarpetX): Performance:
INFO (CarpetX):   total evolution time:            0.0340896 sec
INFO (CarpetX):   total evolution compute time:    0.0318365 sec
INFO (CarpetX):   total evolution output time:     0.00225306 sec
INFO (CarpetX):   total iterations:                10
INFO (CarpetX):   total cells updated:             5120
INFO (CarpetX):   average iterations per second: 293.345
INFO (CarpetX):   average cell updates per second: 150193
INFO (CarpetX): Shutting down...
AMReX (24.10) finalized
--------------------------------------------------------------------------------
Done.
+ echo Stopping:
Stopping:
+ date
Tue Oct 28 23:00:35 UTC 2025
+ echo Done.
Done.
  Elapsed time: 0.7 s
