/home/runner/simulations/TestJob01_temp_2/output-0000/TEST/sim/MemSpeed
Preparing:
+ set -e
+ cd output-0000-active
+ echo Checking:
Checking:
+ pwd
/home/runner/simulations/TestJob01_temp_2/output-0000/TEST/sim/MemSpeed/output-0000-active
+ hostname
fv-az241-357
+ date
Fri Nov 18 11:09:54 UTC 2022
+ echo Environment:
Environment:
+ export CACTUS_NUM_PROCS=2
+ CACTUS_NUM_PROCS=2
+ export CACTUS_NUM_THREADS=1
+ CACTUS_NUM_THREADS=1
+ export GMON_OUT_PREFIX=gmon.out
+ GMON_OUT_PREFIX=gmon.out
+ export OMP_NUM_THREADS=1
+ OMP_NUM_THREADS=1
+ env
+ sort
+ echo Starting:
Starting:
++ date +%s
+ export CACTUS_STARTTIME=1668769794
+ CACTUS_STARTTIME=1668769794
+ '[' 2 = 1 ']'
+ mpirun -np 2 /home/runner/simulations/TestJob01_temp_2/SIMFACTORY/exe/cactus_sim -L 3 /home/runner/simulations/TestJob01_temp_2/output-0000/arrangements/CactusUtils/MemSpeed/test/memspeed.par
INFO (Cactus): Increased logging level from 0 to 3
--------------------------------------------------------------------------------

       10                                  
  1   0101       ************************  
  01  1010 10      The Cactus Code V4.13.0    
 1010 1101 011      www.cactuscode.org     
  1001 100101    ************************  
    00010101                               
     100011     (c) Copyright The Authors  
      0100      GNU Licensed. No Warranty  
      0101                                 
--------------------------------------------------------------------------------

Cactus version:    4.13.0
Compile date:      Nov 18 2022 (10:36:51)
Run date:          Nov 18 2022 (11:09:54+0000)
Run host:          fv-az241-357.20uxw2ajcghezb0hlre1azn1tf.bx.internal.cloudapp.net (pid=110588)
Working directory: /home/runner/simulations/TestJob01_temp_2/output-0000/TEST/sim/MemSpeed
Executable:        /home/runner/simulations/TestJob01_temp_2/SIMFACTORY/exe/cactus_sim
Parameter file:    /home/runner/simulations/TestJob01_temp_2/output-0000/arrangements/CactusUtils/MemSpeed/test/memspeed.par
--------------------------------------------------------------------------------

Activating thorn Cactus...Success -> active implementation Cactus
Activation requested for 
--->hwloc MemSpeed SystemTopology CartGrid3D CoordBase IOASCII IOUtil PUGH PUGHSlab<---
Thorn hwloc requests automatic activation of zlib
Thorn MemSpeed requests automatic activation of Vectors
Thorn MemSpeed requests automatic activation of MPI
Activating thorn CartGrid3D...Success -> active implementation grid
Activating thorn CoordBase...Success -> active implementation CoordBase
Activating thorn hwloc...Success -> active implementation hwloc
Activating thorn IOASCII...Success -> active implementation IOASCII
Activating thorn IOUtil...Success -> active implementation IO
Activating thorn MemSpeed...Success -> active implementation MemSpeed
Activating thorn MPI...Success -> active implementation MPI
Activating thorn PUGH...Success -> active implementation Driver
Activating thorn PUGHSlab...Success -> active implementation Hyperslab
Activating thorn SystemTopology...Success -> active implementation SystemTopology
Activating thorn Vectors...Success -> active implementation Vectors
Activating thorn zlib...Success -> active implementation zlib
--------------------------------------------------------------------------------
  if (recover initial data)
    Recover parameters
  endif

  Startup routines
    [CCTK_STARTUP]
      CartGrid3D::SymmetryStartup: Register GH Extension for GridSymmetry
      CoordBase::CoordBase_Startup: Register a GH extension to store the coordinate system handles
      GROUP hwloc_startup: hwloc startup group
        hwloc::hwloc_version: Output hwloc version
      SystemTopology::ST_system_topology: Output and/or modify system topology and hardware locality
      PUGH::Driver_Startup: Startup routine
      PUGH::PUGH_RegisterPUGHP2LRoutines: Register Physical to Logical process mapping routines
      PUGH::PUGH_RegisterPUGHTopologyRoutines: Register topology generation routines routines
      IOUtil::IOUtil_Startup: Startup routine
      Vectors::Vectors_Startup: Print startup message
      IOASCII::IOASCII_Startup: Startup routine

  Startup routines which need an existing grid hierarchy
    [CCTK_WRAGH]
      CartGrid3D::RegisterCartGrid3DCoords: [meta] Register coordinates for the Cartesian grid
      MemSpeed::MemSpeed_MeasureSpeed: [meta] Measure CPU, memory, cache speeds
  Parameter checking routines
    [CCTK_PARAMCHECK]
      CartGrid3D::ParamCheck_CartGrid3D: Check coordinates for CartGrid3D
      Vectors::Vectors_Test: Run correctness tests.

  Initialisation
    if (NOT (recover initial data AND recovery_mode is 'strict'))
      [CCTK_PREREGRIDINITIAL]
      Set up grid hierarchy
      [CCTK_POSTREGRIDINITIAL]
        CartGrid3D::SpatialCoordinates: Set Coordinates after regridding
      [CCTK_BASEGRID]
        CartGrid3D::SpatialSpacings: Set up ranges for spatial 3D Cartesian coordinates (on all grids)
        CartGrid3D::SpatialCoordinates: Set up spatial 3D Cartesian coordinates on the GH
        IOASCII::IOASCII_Choose1D: Choose 1D output lines
        IOASCII::IOASCII_Choose2D: Choose 2D output planes
        PUGH::PUGH_Report: Report on PUGH set up
      [CCTK_INITIAL]
      [CCTK_POSTINITIAL]
      Initialise finer grids recursively
      Restrict from finer grids
      [CCTK_POSTRESTRICTINITIAL]
      [CCTK_POSTPOSTINITIAL]
      [CCTK_POSTSTEP]
    endif
    if (recover initial data)
      [CCTK_BASEGRID]
        CartGrid3D::SpatialSpacings: Set up ranges for spatial 3D Cartesian coordinates (on all grids)
        CartGrid3D::SpatialCoordinates: Set up spatial 3D Cartesian coordinates on the GH
        IOASCII::IOASCII_Choose1D: Choose 1D output lines
        IOASCII::IOASCII_Choose2D: Choose 2D output planes
        PUGH::PUGH_Report: Report on PUGH set up
      [CCTK_RECOVER_VARIABLES]
      [CCTK_POST_RECOVER_VARIABLES]
    endif
    if (checkpoint initial data)
      [CCTK_CPINITIAL]
    endif
    if (analysis)
      [CCTK_ANALYSIS]
  endif
  Output grid variables

  do loop over timesteps
    [CCTK_PREREGRID]
    Change grid hierarchy
    [CCTK_POSTREGRID]
      CartGrid3D::SpatialCoordinates: Set Coordinates after regridding
    Rotate timelevels
    iteration = iteration+1
    t = t+dt
    [CCTK_PRESTEP]
    [CCTK_EVOL]
    Evolve finer grids recursively
    Restrict from finer grids
    [CCTK_POSTRESTRICT]
    [CCTK_POSTSTEP]
    if (checkpoint)
      [CCTK_CHECKPOINT]
    endif
    if (analysis)
      [CCTK_ANALYSIS]
    endif
    Output grid variables
    enddo

  Termination routines
    [CCTK_TERMINATE]
      PUGH::Driver_Terminate: Termination routine

  Shutdown routines
    [CCTK_SHUTDOWN]

  Routines run after changing the grid hierarchy:
    [CCTK_POSTREGRID]
      CartGrid3D::SpatialCoordinates: Set Coordinates after regridding
--------------------------------------------------------------------------------
INFO (hwloc): library version 2.1.0, API version 0x20100
INFO (SystemTopology): MPI process-to-host mapping:
This is MPI process 0 of 2
MPI hosts:
  0: fv-az241-357
This MPI process runs on host 0 of 1
On this host, this is MPI process 0 of 2
INFO (SystemTopology): Topology support:
Discovery support:
  discovery->pu                            : yes
CPU binding support:
  cpubind->set_thisproc_cpubind            : yes
  cpubind->get_thisproc_cpubind            : yes
  cpubind->set_proc_cpubind                : yes
  cpubind->get_proc_cpubind                : yes
  cpubind->set_thisthread_cpubind          : yes
  cpubind->get_thisthread_cpubind          : yes
  cpubind->set_thread_cpubind              : yes
  cpubind->get_thread_cpubind              : yes
  cpubind->get_thisproc_last_cpu_location  : yes
  cpubind->get_proc_last_cpu_location      : yes
  cpubind->get_thisthread_last_cpu_location: yes
Memory binding support:
  membind->set_thisproc_membind            : no
  membind->get_thisproc_membind            : no
  membind->set_proc_membind                : no
  membind->get_proc_membind                : no
  membind->set_thisthread_membind          : yes
  membind->get_thisthread_membind          : yes
  membind->set_area_membind                : yes
  membind->get_area_membind                : yes
  membind->alloc_membind                   : yes
  membind->firsttouch_membind              : yes
  membind->bind_membind                    : yes
  membind->interleave_membind              : yes
  membind->nexttouch_membind               : no
  membind->migrate_membind                 : yes
INFO (SystemTopology): Hardware objects in this node:
Machine L#0: (P#0, total=7110656KB, DMIProductName="Virtual Machine", DMIProductVersion=7.0, DMIProductUUID=102867d0-099a-5644-abe1-64b18c1e83d9, DMIBoardVendor="Microsoft Corporation", DMIBoardName="Virtual Machine", DMIBoardVersion=7.0, DMIChassisVendor="Microsoft Corporation", DMIChassisType=3, DMIChassisVersion=7.0, DMIChassisAssetTag=7783-7084-3265-9085-8269-3286-77, DMIBIOSVendor="American Megatrends Inc.", DMIBIOSVersion="090008 ", DMIBIOSDate=12/07/2018, DMISysVendor="Microsoft Corporation", Backend=Linux, LinuxCgroup=/, OSName=Linux, OSRelease=5.15.0-1022-azure, OSVersion="#27~20.04.1-Ubuntu SMP Mon Oct 17 02:03:50 UTC 2022", HostName=fv-az241-357, Architecture=x86_64, hwlocVersion=2.1.0, ProcessName=cactus_sim)
  Package L#0: (P#0, total=7110656KB, CPUVendor=GenuineIntel, CPUFamilyNumber=6, CPUModelNumber=79, CPUModel="Intel(R) Xeon(R) CPU E5-2673 v4 @ 2.30GHz", CPUStepping=1)
    L3Cache L#0: (P#-1, size=51200KB, linesize=64, ways=20, Inclusive=1)
      L2Cache L#0: (P#-1, size=256KB, linesize=64, ways=8, Inclusive=0)
        L1dCache L#0: (P#-1, size=32KB, linesize=64, ways=8, Inclusive=0)
          Core L#0: (P#0)
            PU L#0: (P#0)
      L2Cache L#1: (P#-1, size=256KB, linesize=64, ways=8, Inclusive=0)
        L1dCache L#1: (P#-1, size=32KB, linesize=64, ways=8, Inclusive=0)
          Core L#1: (P#1)
            PU L#1: (P#1)
INFO (SystemTopology): Thread CPU bindings:
  MPI process 0 on host 0 (process 0 of 2 on this host)
    OpenMP thread 0: PU set L#{0} P#{0}
  MPI process 1 on host 0 (process 1 of 2 on this host)
    OpenMP thread 0: PU set L#{1} P#{1}
INFO (SystemTopology): Setting thread CPU bindings:
INFO (SystemTopology): Thread CPU bindings:
  MPI process 0 on host 0 (process 0 of 2 on this host)
    OpenMP thread 0: PU set L#{0} P#{0}
  MPI process 1 on host 0 (process 1 of 2 on this host)
    OpenMP thread 0: PU set L#{1} P#{1}
INFO (SystemTopology): Extracting CPU/cache/memory properties:
  There are 1 PUs per core (aka hardware SMT threads)
  There are 1 threads per core (aka SMT threads used)
  Cache (unknown name) has type "data" depth 1
    size 32768 linesize 64 associativity 8 stride 4096, for 1 PUs
  Cache (unknown name) has type "unified" depth 2
    size 262144 linesize 64 associativity 8 stride 32768, for 1 PUs
  Cache (unknown name) has type "unified" depth 3
    size 52428800 linesize 64 associativity 20 stride 2621440, for 2 PUs
INFO (PUGH): Using physical to logical mappings: direct
INFO (PUGH): Using topology generator: automatic
INFO (Vectors): Using vector size 2 for architecture SSE2 (64-bit precision)
--------------------------------------------------------------------------------
Driver provided by PUGH
--------------------------------------------------------------------------------

INFO (PUGH): Not setting up a topology for 1 dimensions
INFO (PUGH): Not setting up a topology for 2 dimensions
INFO (PUGH): Setting up a topology for 3 dimensions
INFO (IOASCII): I/O Method 'IOASCII_1D' registered: output of 1D lines of grid functions/arrays to ASCII files
INFO (IOASCII): Periodic 1D output every 1 iterations
INFO (IOASCII): Periodic 1D output requested for 'GRID::r'
INFO (IOASCII): I/O Method 'IOASCII_2D' registered: output of 2D planes of grid functions/arrays to ASCII files
INFO (IOASCII): Periodic 2D output turned off
INFO (IOASCII): I/O Method 'IOASCII_3D' registered: output of 3D grid functions/arrays to ASCII files
INFO (IOASCII): Periodic 3D output turned off
INFO (MemSpeed): Measuring CPU, cache, memory, and communication speeds:
  Single-core measurements (using 1 MPI processes with 1 OpenMP threads each):
    CPU frequency:
      iterations=1000000... time=0.00305461 sec
      iterations=10000000... time=0.0308578 sec
      iterations=100000000... time=0.328775 sec
      iterations=300000000... time=0.952119 sec
      iterations=600000000... time=1.9144 sec
      iterations=600000000... time=1.43923 sec
      result: 2.52538 GHz
    CPU floating point performance:
      iterations=1000000... time=0.00359881 sec
      iterations=10000000... time=0.0331381 sec
      iterations=100000000... time=0.324644 sec
      iterations=300000000... time=1.00273 sec
      result: 9.5739 Gflop/sec
    CPU integer performance:
      iterations=1000000... time=0.00218211 sec
      iterations=10000000... time=0.0209527 sec
      iterations=100000000... time=0.212613 sec
      iterations=500000000... time=1.11435 sec
      result: 7.17908 Giop/sec
    Read latency of D1 cache (for 1 PUs) (using 1*24576 bytes):
      iterations=1000... time=0.000144501 sec
      iterations=10000... time=0.00156251 sec
      iterations=100000... time=0.0166331 sec
      iterations=1000000... time=0.169144 sec
      iterations=7000000... time=1.12421 sec
      result: 1.60602 nsec
    Read latency of L2 cache (for 1 PUs) (using 1*196608 bytes):
      iterations=1000... time=0.000484702 sec
      iterations=10000... time=0.00499772 sec
      iterations=100000... time=0.0483963 sec
      iterations=1000000... time=0.492679 sec
      iterations=2000000... time=0.955557 sec
      iterations=4000000... time=1.89141 sec
      result: 4.72853 nsec
    Read latency of L3 cache (for 2 PUs) (using 1*39321600 bytes):
      [skipped -- avoiding large-memory benchmarks]
    Read bandwidth of D1 cache (for 1 PUs) (using 1*24576 bytes):
      iterations=1... time=9.99999e-07 sec
      iterations=10... time=3.4e-06 sec
      iterations=100... time=2.65e-05 sec
      iterations=1000... time=0.000342801 sec
      iterations=10000... time=0.00286941 sec
      iterations=100000... time=0.0299651 sec
      iterations=1000000... time=0.307065 sec
      iterations=4000000... time=1.24527 sec
      result: 78.942 GByte/sec
    Read bandwidth of L2 cache (for 1 PUs) (using 1*196608 bytes):
      iterations=1... time=8.8e-06 sec
      iterations=10... time=4.74e-05 sec
      iterations=100... time=0.000459102 sec
      iterations=1000... time=0.00558992 sec
      iterations=10000... time=0.0511081 sec
      iterations=100000... time=0.508572 sec
      iterations=200000... time=1.03269 sec
      result: 38.077 GByte/sec
    Read bandwidth of L3 cache (for 2 PUs) (using 1*39321600 bytes):
      [skipped -- avoiding large-memory benchmarks]
    Write latency of D1 cache (for 1 PUs) (using 1*24576 bytes):
      iterations=1000... time=3.9e-06 sec
      iterations=10000... time=3.05e-05 sec
      iterations=100000... time=0.000322101 sec
      iterations=1000000... time=0.00324271 sec
      iterations=10000000... time=0.032212 sec
      iterations=100000000... time=0.312451 sec
      iterations=400000000... time=1.26943 sec
      result: 0.396696 nsec
    Write latency of L2 cache (for 1 PUs) (using 1*196608 bytes):
      iterations=1000... time=2.05e-05 sec
      iterations=10000... time=0.000189901 sec
      iterations=100000... time=0.00198101 sec
      iterations=1000000... time=0.0199223 sec
      iterations=10000000... time=0.195083 sec
      iterations=60000000... time=1.14826 sec
      result: 2.39222 nsec
    Write latency of L3 cache (for 2 PUs) (using 1*39321600 bytes):
      [skipped -- avoiding large-memory benchmarks]
    Write bandwidth of D1 cache (for 1 PUs) (using 1*24576 bytes):
      iterations=1... time=1.2e-06 sec
      iterations=10... time=2.2e-05 sec
      iterations=100... time=5.89e-05 sec
      iterations=1000... time=0.000667402 sec
      iterations=10000... time=0.00635253 sec
      iterations=100000... time=0.0620965 sec
      iterations=1000000... time=0.623862 sec
      iterations=2000000... time=1.24006 sec
      result: 39.6368 GByte/sec
    Write bandwidth of L2 cache (for 1 PUs) (using 1*196608 bytes):
      iterations=1... time=9.4e-06 sec
      iterations=10... time=8.69e-05 sec
      iterations=100... time=0.000859004 sec
      iterations=1000... time=0.00932784 sec
      iterations=10000... time=0.0973676 sec
      iterations=100000... time=0.937958 sec
      iterations=200000... time=2.17445 sec
      result: 18.0835 GByte/sec
    Write bandwidth of L3 cache (for 2 PUs) (using 1*39321600 bytes):
      [skipped -- avoiding large-memory benchmarks]
    Stencil code performance of D1 cache (for 1 PUs) (using 1*12^3 grid points, 1*27648 bytes):
      iterations=1... time=2.93e-05 sec
      iterations=10... time=0.000233601 sec
      iterations=100... time=0.00389902 sec
      iterations=1000... time=0.0246998 sec
      iterations=10000... time=0.301135 sec
      iterations=40000... time=1.48633 sec
      result: 0.0465038 Gupdates/sec
    Stencil code performance of L2 cache (for 1 PUs) (using 1*23^3 grid points, 1*194672 bytes):
      iterations=1... time=4.64e-05 sec
      iterations=10... time=0.000403302 sec
      iterations=100... time=0.00458552 sec
      iterations=1000... time=0.0801375 sec
      iterations=10000... time=0.604374 sec
      iterations=20000... time=1.16503 sec
      result: 0.20887 Gupdates/sec
    Stencil code performance of L3 cache (for 2 PUs) (using 1*135^3 grid points, 1*39366000 bytes):
      iterations=1... time=0.00641672 sec
      iterations=10... time=0.0930615 sec
      iterations=100... time=0.898987 sec
      iterations=200... time=1.90901 sec
      result: 0.257765 Gupdates/sec
  Single-node measurements (using 2 MPI processes with 1 OpenMP threads each):
    CPU frequency:
      iterations=1000000... time=0.00312806 sec
      iterations=10000000... time=0.0416944 sec
      iterations=100000000... time=0.459876 sec
      iterations=200000000... time=0.863404 sec
      iterations=400000000... time=1.74196 sec
      iterations=400000000... time=1.31555 sec
      result: 1.87613 GHz
    CPU floating point performance:
      iterations=1000000... time=0.00330321 sec
      iterations=10000000... time=0.0483862 sec
      iterations=100000000... time=0.439665 sec
      iterations=300000000... time=1.36926 sec
      result: 7.01109 Gflop/sec
    CPU integer performance:
      iterations=1000000... time=0.00198211 sec
      iterations=10000000... time=0.0291776 sec
      iterations=100000000... time=0.291945 sec
      iterations=400000000... time=1.14602 sec
      result: 5.58456 Giop/sec
    Read latency of D1 cache (for 1 PUs) (using 2*24576 bytes):
      iterations=1000... time=0.0001444 sec
      iterations=10000... time=0.0014028 sec
      iterations=100000... time=0.0215479 sec
      iterations=1000000... time=0.22342 sec
      iterations=5000000... time=1.05785 sec
      result: 2.1157 nsec
    Read latency of L2 cache (for 1 PUs) (using 2*196608 bytes):
      iterations=1000... time=0.000490452 sec
      iterations=10000... time=0.00531277 sec
      iterations=100000... time=0.0674951 sec
      iterations=1000000... time=0.75141 sec
      iterations=2000000... time=1.41648 sec
      result: 7.0824 nsec
    Read latency of L3 cache (for 2 PUs) (using 2*39321600 bytes):
      [skipped -- too much memory requested]
    Read bandwidth of D1 cache (for 1 PUs) (using 2*24576 bytes):
      iterations=1... time=1.15e-06 sec
      iterations=10... time=3.9e-06 sec
      iterations=100... time=3.14e-05 sec
      iterations=1000... time=0.000307602 sec
      iterations=10000... time=0.00338456 sec
      iterations=100000... time=0.0460523 sec
      iterations=1000000... time=0.415636 sec
      iterations=3000000... time=1.28843 sec
      result: 57.2232 GByte/sec
    Read bandwidth of L2 cache (for 1 PUs) (using 2*196608 bytes):
      iterations=1... time=7.5e-06 sec
      iterations=10... time=4.855e-05 sec
      iterations=100... time=0.000587152 sec
      iterations=1000... time=0.00521957 sec
      iterations=10000... time=0.0761456 sec
      iterations=100000... time=0.685383 sec
      iterations=200000... time=1.3597 sec
      result: 28.9193 GByte/sec
    Read bandwidth of L3 cache (for 2 PUs) (using 2*39321600 bytes):
      [skipped -- too much memory requested]
    Write latency of D1 cache (for 1 PUs) (using 2*24576 bytes):
      iterations=1000... time=4.2e-06 sec
      iterations=10000... time=3.175e-05 sec
      iterations=100000... time=0.000309201 sec
      iterations=1000000... time=0.00322976 sec
      iterations=10000000... time=0.0469429 sec
      iterations=100000000... time=0.414415 sec
      iterations=300000000... time=1.28411 sec
      result: 0.535047 nsec
    Write latency of L2 cache (for 1 PUs) (using 2*196608 bytes):
      iterations=1000... time=2.09e-05 sec
      iterations=10000... time=0.000178501 sec
      iterations=100000... time=0.00182606 sec
      iterations=1000000... time=0.0288897 sec
      iterations=10000000... time=0.257789 sec
      iterations=40000000... time=1.06696 sec
      result: 3.33425 nsec
    Write latency of L3 cache (for 2 PUs) (using 2*39321600 bytes):
      [skipped -- too much memory requested]
    Write bandwidth of D1 cache (for 1 PUs) (using 2*24576 bytes):
      iterations=1... time=1.1e-06 sec
      iterations=10... time=6.6e-06 sec
      iterations=100... time=6.1251e-05 sec
      iterations=1000... time=0.000705453 sec
      iterations=10000... time=0.00624393 sec
      iterations=100000... time=0.096993 sec
      iterations=1000000... time=0.83335 sec
      iterations=2000000... time=1.68051 sec
      result: 29.2482 GByte/sec
    Write bandwidth of L2 cache (for 1 PUs) (using 2*196608 bytes):
      iterations=1... time=9.25e-06 sec
      iterations=10... time=8.7701e-05 sec
      iterations=100... time=0.000970204 sec
      iterations=1000... time=0.0138853 sec
      iterations=10000... time=0.125183 sec
      iterations=90000... time=1.17985 sec
      result: 14.9974 GByte/sec
    Write bandwidth of L3 cache (for 2 PUs) (using 2*39321600 bytes):
      [skipped -- too much memory requested]
    Stencil code performance of D1 cache (for 1 PUs) (using 2*9^3 grid points, 2*11664 bytes):
      iterations=1... time=8.75e-06 sec
      iterations=10... time=8.03e-05 sec
      iterations=100... time=0.000999254 sec
      iterations=1000... time=0.0125792 sec
      iterations=10000... time=0.122185 sec
      iterations=90000... time=1.05995 sec
      result: 0.0618993 Gupdates/sec
    Stencil code performance of L2 cache (for 1 PUs) (using 2*18^3 grid points, 2*93312 bytes):
      iterations=1... time=4.72e-05 sec
      iterations=10... time=0.000509802 sec
      iterations=100... time=0.00820948 sec
      iterations=1000... time=0.0695783 sec
      iterations=10000... time=0.680977 sec
      iterations=20000... time=1.15135 sec
      result: 0.101308 Gupdates/sec
    Stencil code performance of L3 cache (for 2 PUs) (using 1*135^3 grid points, 1*39366000 bytes):
      [skipped -- too many MPI processes]
  Single-node measurements:
    MPI latency: 1200 nsec
    MPI bandwidth: 3.30326 GByte/sec
INFO (Vectors): Testing vectorisation... [errors may result in segfaults]
INFO (Vectors): 375/375 tests passed 
INFO (CartGrid3D): Grid Spacings:
INFO (CartGrid3D): dx=>1.1111111e-01  dy=>1.1111111e-01  dz=>1.1111111e-01
INFO (CartGrid3D): Computational Coordinates:
INFO (CartGrid3D): x=>[-0.500, 0.500]  y=>[-0.500, 0.500]  z=>[-0.500, 0.500]
INFO (CartGrid3D): Indices of Physical Coordinates:
INFO (CartGrid3D): x=>[0,9]  y=>[0,9]  z=>[0,9]
INFO (PUGH): MPI Evolution on 2 processors
INFO (PUGH): 3-dimensional grid functions
INFO (PUGH):   Size: 10 10 10
INFO (PUGH):   Processor topology: 2 x 1 x 1
INFO (PUGH):   Local load: 600   [6 x 10 x 10]
INFO (PUGH):   Maximum load skew: 0.000000
--------------------------------------------------------------------------------
Done.
+ echo Stopping:
Stopping:
+ date
Fri Nov 18 11:10:51 UTC 2022
+ echo Done.
Done.
  Elapsed time: 57.6 s
