/home/runner/simulations/TestJob01_temp_1/output-0000/TEST/sim/MemSpeed
Preparing:
+ set -e
+ cd output-0000-active
+ echo Checking:
Checking:
+ pwd
/home/runner/simulations/TestJob01_temp_1/output-0000/TEST/sim/MemSpeed/output-0000-active
+ hostname
fv-az717-940
+ date
Thu Jul 27 15:00:04 UTC 2023
+ echo Environment:
Environment:
+ export CACTUS_NUM_PROCS=1
+ CACTUS_NUM_PROCS=1
+ export CACTUS_NUM_THREADS=2
+ CACTUS_NUM_THREADS=2
+ export GMON_OUT_PREFIX=gmon.out
+ GMON_OUT_PREFIX=gmon.out
+ export OMP_NUM_THREADS=2
+ OMP_NUM_THREADS=2
+ env
+ sort
+ echo Starting:
Starting:
++ date +%s
+ export CACTUS_STARTTIME=1690470004
+ CACTUS_STARTTIME=1690470004
+ '[' 1 = 1 ']'
+ '[' 0 -eq 0 ']'
+ /home/runner/simulations/TestJob01_temp_1/SIMFACTORY/exe/cactus_sim -L 3 /home/runner/simulations/TestJob01_temp_1/output-0000/arrangements/CactusUtils/MemSpeed/test/memspeed.par
INFO (Cactus): Increased logging level from 0 to 3
--------------------------------------------------------------------------------

       10                                  
  1   0101       ************************  
  01  1010 10      The Cactus Code V4.14.0    
 1010 1101 011      www.cactuscode.org     
  1001 100101    ************************  
    00010101                               
     100011     (c) Copyright The Authors  
      0100      GNU Licensed. No Warranty  
      0101                                 
--------------------------------------------------------------------------------

Cactus version:    4.14.0
Compile date:      Jul 27 2023 (14:52:30)
Run date:          Jul 27 2023 (15:00:05+0000)
Run host:          fv-az717-940.hmwa1bejwhke5akgd3yhbm2qnh.cx.internal.cloudapp.net (pid=100912)
Working directory: /home/runner/simulations/TestJob01_temp_1/output-0000/TEST/sim/MemSpeed
Executable:        /home/runner/simulations/TestJob01_temp_1/SIMFACTORY/exe/cactus_sim
Parameter file:    /home/runner/simulations/TestJob01_temp_1/output-0000/arrangements/CactusUtils/MemSpeed/test/memspeed.par
--------------------------------------------------------------------------------

Activating thorn Cactus...Success -> active implementation Cactus
Activation requested for 
--->hwloc MemSpeed SystemTopology CartGrid3D CoordBase IOASCII IOUtil PUGH PUGHSlab<---
Thorn hwloc requests automatic activation of zlib
Thorn MemSpeed requests automatic activation of Vectors
Thorn MemSpeed requests automatic activation of MPI
Activating thorn CartGrid3D...Success -> active implementation grid
Activating thorn CoordBase...Success -> active implementation CoordBase
Activating thorn hwloc...Success -> active implementation hwloc
Activating thorn IOASCII...Success -> active implementation IOASCII
Activating thorn IOUtil...Success -> active implementation IO
Activating thorn MemSpeed...Success -> active implementation MemSpeed
Activating thorn MPI...Success -> active implementation MPI
Activating thorn PUGH...Success -> active implementation Driver
Activating thorn PUGHSlab...Success -> active implementation Hyperslab
Activating thorn SystemTopology...Success -> active implementation SystemTopology
Activating thorn Vectors...Success -> active implementation Vectors
Activating thorn zlib...Success -> active implementation zlib
--------------------------------------------------------------------------------
  if (recover initial data)
    Recover parameters
  endif

  Startup routines
    [CCTK_STARTUP]
      CartGrid3D::SymmetryStartup: Register GH Extension for GridSymmetry
      CoordBase::CoordBase_Startup: Register a GH extension to store the coordinate system handles
      GROUP hwloc_startup: hwloc startup group
        hwloc::hwloc_version: Output hwloc version
      SystemTopology::ST_system_topology: Output and/or modify system topology and hardware locality
      PUGH::Driver_Startup: Startup routine
      PUGH::PUGH_RegisterPUGHP2LRoutines: Register Physical to Logical process mapping routines
      PUGH::PUGH_RegisterPUGHTopologyRoutines: Register topology generation routines routines
      IOUtil::IOUtil_Startup: Startup routine
      Vectors::Vectors_Startup: Print startup message
      IOASCII::IOASCII_Startup: Startup routine

  Startup routines which need an existing grid hierarchy
    [CCTK_WRAGH]
      CartGrid3D::RegisterCartGrid3DCoords: [meta] Register coordinates for the Cartesian grid
      MemSpeed::MemSpeed_MeasureSpeed: [meta] Measure CPU, memory, cache speeds
  Parameter checking routines
    [CCTK_PARAMCHECK]
      CartGrid3D::ParamCheck_CartGrid3D: Check coordinates for CartGrid3D
      Vectors::Vectors_Test: Run correctness tests.

  Initialisation
    if (NOT (recover initial data AND recovery_mode is 'strict'))
      [CCTK_PREREGRIDINITIAL]
      Set up grid hierarchy
      [CCTK_POSTREGRIDINITIAL]
        CartGrid3D::SpatialCoordinates: Set Coordinates after regridding
      [CCTK_BASEGRID]
        CartGrid3D::SpatialSpacings: Set up ranges for spatial 3D Cartesian coordinates (on all grids)
        CartGrid3D::SpatialCoordinates: Set up spatial 3D Cartesian coordinates on the GH
        IOASCII::IOASCII_Choose1D: Choose 1D output lines
        IOASCII::IOASCII_Choose2D: Choose 2D output planes
        PUGH::PUGH_Report: Report on PUGH set up
      [CCTK_INITIAL]
      [CCTK_POSTINITIAL]
      Initialise finer grids recursively
      Restrict from finer grids
      [CCTK_POSTRESTRICTINITIAL]
      [CCTK_POSTPOSTINITIAL]
      [CCTK_POSTSTEP]
    endif
    if (recover initial data)
      [CCTK_BASEGRID]
        CartGrid3D::SpatialSpacings: Set up ranges for spatial 3D Cartesian coordinates (on all grids)
        CartGrid3D::SpatialCoordinates: Set up spatial 3D Cartesian coordinates on the GH
        IOASCII::IOASCII_Choose1D: Choose 1D output lines
        IOASCII::IOASCII_Choose2D: Choose 2D output planes
        PUGH::PUGH_Report: Report on PUGH set up
      [CCTK_RECOVER_VARIABLES]
      [CCTK_POST_RECOVER_VARIABLES]
    endif
    if (checkpoint initial data)
      [CCTK_CPINITIAL]
    endif
    if (analysis)
      [CCTK_ANALYSIS]
  endif
  Output grid variables

  do loop over timesteps
    [CCTK_PREREGRID]
    Change grid hierarchy
    [CCTK_POSTREGRID]
      CartGrid3D::SpatialCoordinates: Set Coordinates after regridding
    Rotate timelevels
    iteration = iteration+1
    t = t+dt
    [CCTK_PRESTEP]
    [CCTK_EVOL]
    Evolve finer grids recursively
    Restrict from finer grids
    [CCTK_POSTRESTRICT]
    [CCTK_POSTSTEP]
    if (checkpoint)
      [CCTK_CHECKPOINT]
    endif
    if (analysis)
      [CCTK_ANALYSIS]
    endif
    Output grid variables
    enddo

  Termination routines
    [CCTK_TERMINATE]
      PUGH::Driver_Terminate: Termination routine

  Shutdown routines
    [CCTK_SHUTDOWN]

  Routines run after changing the grid hierarchy:
    [CCTK_POSTREGRID]
      CartGrid3D::SpatialCoordinates: Set Coordinates after regridding
--------------------------------------------------------------------------------
INFO (hwloc): library version 2.7.0, API version 0x20500
INFO (SystemTopology): MPI process-to-host mapping:
This is MPI process 0 of 1
MPI hosts:
  0: fv-az717-940
This MPI process runs on host 0 of 1
On this host, this is MPI process 0 of 1
INFO (SystemTopology): Topology support:
Discovery support:
  discovery->pu                            : yes
CPU binding support:
  cpubind->set_thisproc_cpubind            : yes
  cpubind->get_thisproc_cpubind            : yes
  cpubind->set_proc_cpubind                : yes
  cpubind->get_proc_cpubind                : yes
  cpubind->set_thisthread_cpubind          : yes
  cpubind->get_thisthread_cpubind          : yes
  cpubind->set_thread_cpubind              : yes
  cpubind->get_thread_cpubind              : yes
  cpubind->get_thisproc_last_cpu_location  : yes
  cpubind->get_proc_last_cpu_location      : yes
  cpubind->get_thisthread_last_cpu_location: yes
Memory binding support:
  membind->set_thisproc_membind            : no
  membind->get_thisproc_membind            : no
  membind->set_proc_membind                : no
  membind->get_proc_membind                : no
  membind->set_thisthread_membind          : yes
  membind->get_thisthread_membind          : yes
  membind->set_area_membind                : yes
  membind->get_area_membind                : yes
  membind->alloc_membind                   : yes
  membind->firsttouch_membind              : yes
  membind->bind_membind                    : yes
  membind->interleave_membind              : yes
  membind->nexttouch_membind               : no
  membind->migrate_membind                 : yes
INFO (SystemTopology): Hardware objects in this node:
Machine L#0: (P#0, total=7098320KB, DMIProductName="Virtual Machine", DMIProductVersion=7.0, DMIProductUUID=dbd8d76e-1f06-4e48-ba32-61c73e7417c2, DMIBoardVendor="Microsoft Corporation", DMIBoardName="Virtual Machine", DMIBoardVersion=7.0, DMIChassisVendor="Microsoft Corporation", DMIChassisType=3, DMIChassisVersion=7.0, DMIChassisAssetTag=7783-7084-3265-9085-8269-3286-77, DMIBIOSVendor="American Megatrends Inc.", DMIBIOSVersion="090008 ", DMIBIOSDate=12/07/2018, DMISysVendor="Microsoft Corporation", Backend=Linux, LinuxCgroup=/system.slice/runner-provisioner.service, OSName=Linux, OSRelease=5.15.0-1041-azure, OSVersion="#48-Ubuntu SMP Tue Jun 20 20:34:08 UTC 2023", HostName=fv-az717-940, Architecture=x86_64, hwlocVersion=2.7.0, ProcessName=cactus_sim)
  Package L#0: (P#0, total=7098320KB, CPUVendor=GenuineIntel, CPUFamilyNumber=6, CPUModelNumber=85, CPUModel="Intel(R) Xeon(R) Platinum 8171M CPU @ 2.60GHz", CPUStepping=4)
    L3Cache L#0: (P#0, size=36608KB, linesize=64, ways=11, Inclusive=0)
      L2Cache L#0: (P#0, size=1024KB, linesize=64, ways=16, Inclusive=0)
        L1dCache L#0: (P#0, size=32KB, linesize=64, ways=8, Inclusive=0)
          Core L#0: (P#0)
            PU L#0: (P#0)
      L2Cache L#1: (P#1, size=1024KB, linesize=64, ways=16, Inclusive=0)
        L1dCache L#1: (P#1, size=32KB, linesize=64, ways=8, Inclusive=0)
          Core L#1: (P#1)
            PU L#1: (P#1)
INFO (SystemTopology): Thread CPU bindings:
  MPI process 0 on host 0 (process 0 of 1 on this host)
    OpenMP thread 0: PU set L#{0-1} P#{0-1}
    OpenMP thread 1: PU set L#{0-1} P#{0-1}
INFO (SystemTopology): Setting thread CPU bindings:
INFO (SystemTopology): Thread CPU bindings:
  MPI process 0 on host 0 (process 0 of 1 on this host)
    OpenMP thread 0: PU set L#{0} P#{0}
    OpenMP thread 1: PU set L#{1} P#{1}
INFO (SystemTopology): Extracting CPU/cache/memory properties:
  There are 1 PUs per core (aka hardware SMT threads)
  There are 1 threads per core (aka SMT threads used)
  Cache (unknown name) has type "data" depth 1
    size 32768 linesize 64 associativity 8 stride 4096, for 1 PUs
  Cache (unknown name) has type "unified" depth 2
    size 1048576 linesize 64 associativity 16 stride 65536, for 1 PUs
  Cache (unknown name) has type "unified" depth 3
    size 37486592 linesize 64 associativity 11 stride 3407872, for 2 PUs
INFO (PUGH): Using physical to logical mappings: direct
INFO (PUGH): Using topology generator: automatic
INFO (Vectors): Using vector size 2 for architecture SSE2 (64-bit precision)
--------------------------------------------------------------------------------
Driver provided by PUGH
--------------------------------------------------------------------------------

INFO (PUGH): Not setting up a topology for 1 dimensions
INFO (PUGH): Not setting up a topology for 2 dimensions
INFO (PUGH): Setting up a topology for 3 dimensions
INFO (IOASCII): I/O Method 'IOASCII_1D' registered: output of 1D lines of grid functions/arrays to ASCII files
INFO (IOASCII): Periodic 1D output every 1 iterations
INFO (IOASCII): Periodic 1D output requested for 'GRID::r'
INFO (IOASCII): I/O Method 'IOASCII_2D' registered: output of 2D planes of grid functions/arrays to ASCII files
INFO (IOASCII): Periodic 2D output turned off
INFO (IOASCII): I/O Method 'IOASCII_3D' registered: output of 3D grid functions/arrays to ASCII files
INFO (IOASCII): Periodic 3D output turned off
INFO (MemSpeed): Measuring CPU, cache, memory, and communication speeds:
  Single-core measurements (using 1 MPI processes with 1 OpenMP threads each):
    CPU frequency:
      iterations=1000000... time=0.00163932 sec
      iterations=10000000... time=0.0153571 sec
      iterations=100000000... time=0.156542 sec
      iterations=700000000... time=1.09628 sec
      iterations=700000000... time=1.09256 sec
      result: 375.852 GHz
    CPU floating point performance:
      iterations=1000000... time=0.00363035 sec
      iterations=10000000... time=0.0347225 sec
      iterations=100000000... time=0.34934 sec
      iterations=300000000... time=1.04772 sec
      result: 9.16279 Gflop/sec
    CPU integer performance:
      iterations=1000000... time=0.00218809 sec
      iterations=10000000... time=0.0214887 sec
      iterations=100000000... time=0.215715 sec
      iterations=500000000... time=1.0803 sec
      result: 7.40535 Giop/sec
    Read latency of D1 cache (for 1 PUs) (using 1*24576 bytes):
      iterations=1000... time=0.000161907 sec
      iterations=10000... time=0.00160436 sec
      iterations=100000... time=0.0156023 sec
      iterations=1000000... time=0.158643 sec
      iterations=7000000... time=1.0961 sec
      result: 1.56585 nsec
    Read latency of L2 cache (for 1 PUs) (using 1*786432 bytes):
      iterations=1000... time=0.000616043 sec
      iterations=10000... time=0.00592112 sec
      iterations=100000... time=0.0599956 sec
      iterations=1000000... time=0.599913 sec
      iterations=2000000... time=1.18782 sec
      result: 5.93912 nsec
    Read latency of L3 cache (for 2 PUs) (using 1*28114944 bytes):
      [skipped -- avoiding large-memory benchmarks]
    Read bandwidth of D1 cache (for 1 PUs) (using 1*24576 bytes):
      iterations=1... time=1.3e-06 sec
      iterations=10... time=3.701e-06 sec
      iterations=100... time=3.4502e-05 sec
      iterations=1000... time=0.000364825 sec
      iterations=10000... time=0.00365346 sec
      iterations=100000... time=0.0360789 sec
      iterations=1000000... time=0.359335 sec
      iterations=3000000... time=1.0833 sec
      result: 68.0584 GByte/sec
    Read bandwidth of L2 cache (for 1 PUs) (using 1*786432 bytes):
      iterations=1... time=2.0102e-05 sec
      iterations=10... time=0.000187214 sec
      iterations=100... time=0.00187883 sec
      iterations=1000... time=0.0186795 sec
      iterations=10000... time=0.184204 sec
      iterations=60000... time=1.0969 sec
      result: 43.0175 GByte/sec
    Read bandwidth of L3 cache (for 2 PUs) (using 1*28114944 bytes):
      [skipped -- avoiding large-memory benchmarks]
    Write latency of D1 cache (for 1 PUs) (using 1*24576 bytes):
      iterations=1000... time=3.2e-06 sec
      iterations=10000... time=4.8004e-05 sec
      iterations=100000... time=0.000346724 sec
      iterations=1000000... time=0.00324082 sec
      iterations=10000000... time=0.0321857 sec
      iterations=100000000... time=0.308482 sec
      iterations=400000000... time=1.24087 sec
      result: 0.387772 nsec
    Write latency of L2 cache (for 1 PUs) (using 1*786432 bytes):
      iterations=1000... time=2.5501e-05 sec
      iterations=10000... time=0.000160411 sec
      iterations=100000... time=0.00164331 sec
      iterations=1000000... time=0.0169428 sec
      iterations=10000000... time=0.165902 sec
      iterations=70000000... time=1.15525 sec
      result: 2.06295 nsec
    Write latency of L3 cache (for 2 PUs) (using 1*28114944 bytes):
      [skipped -- avoiding large-memory benchmarks]
    Write bandwidth of D1 cache (for 1 PUs) (using 1*24576 bytes):
      iterations=1... time=3e-07 sec
      iterations=10... time=1.8e-06 sec
      iterations=100... time=1.6801e-05 sec
      iterations=1000... time=0.000189613 sec
      iterations=10000... time=0.00178272 sec
      iterations=100000... time=0.0175477 sec
      iterations=1000000... time=0.177267 sec
      iterations=6000000... time=1.04429 sec
      result: 141.202 GByte/sec
    Write bandwidth of L2 cache (for 1 PUs) (using 1*786432 bytes):
      iterations=1... time=2.2002e-05 sec
      iterations=10... time=0.000223015 sec
      iterations=100... time=0.00223745 sec
      iterations=1000... time=0.0231762 sec
      iterations=10000... time=0.220885 sec
      iterations=50000... time=0.969597 sec
      iterations=100000... time=2.32327 sec
      result: 33.8502 GByte/sec
    Write bandwidth of L3 cache (for 2 PUs) (using 1*28114944 bytes):
      [skipped -- avoiding large-memory benchmarks]
    Stencil code performance of D1 cache (for 1 PUs) (using 1*12^3 grid points, 1*27648 bytes):
      iterations=1... time=1.6901e-05 sec
      iterations=10... time=0.000238515 sec
      iterations=100... time=0.00242535 sec
      iterations=1000... time=0.0240579 sec
      iterations=10000... time=0.241456 sec
      iterations=50000... time=1.20978 sec
      result: 0.0714177 Gupdates/sec
    Stencil code performance of L2 cache (for 1 PUs) (using 1*37^3 grid points, 1*810448 bytes):
      iterations=1... time=0.000225714 sec
      iterations=10... time=0.00196752 sec
      iterations=100... time=0.0195025 sec
      iterations=1000... time=0.195825 sec
      iterations=6000... time=1.17207 sec
      result: 0.259301 Gupdates/sec
    Stencil code performance of L3 cache (for 2 PUs) (using 1*121^3 grid points, 1*28344976 bytes):
      iterations=1... time=0.00495021 sec
      iterations=10... time=0.0464783 sec
      iterations=100... time=0.479673 sec
      iterations=200... time=0.948618 sec
      iterations=400... time=1.9171 sec
      result: 0.369633 Gupdates/sec
  Single-node measurements (using 1 MPI processes with 2 OpenMP threads each):
    CPU frequency:
      iterations=1000000... time=0.00206159 sec
      iterations=10000000... time=0.0157144 sec
      iterations=100000000... time=0.160589 sec
      iterations=700000000... time=1.11523 sec
      iterations=700000000... time=1.10644 sec
      result: 159.206 GHz
    CPU floating point performance:
      iterations=1000000... time=0.00360903 sec
      iterations=10000000... time=0.0357299 sec
      iterations=100000000... time=0.354181 sec
      iterations=300000000... time=1.06674 sec
      result: 8.99934 Gflop/sec
    CPU integer performance:
      iterations=1000000... time=0.00221064 sec
      iterations=10000000... time=0.0221457 sec
      iterations=100000000... time=0.218574 sec
      iterations=500000000... time=1.08283 sec
      result: 7.38803 Giop/sec
    Read latency of D1 cache (for 1 PUs) (using 2*24576 bytes):
      iterations=1000... time=0.00016166 sec
      iterations=10000... time=0.0016066 sec
      iterations=100000... time=0.0160918 sec
      iterations=1000000... time=0.159437 sec
      iterations=7000000... time=1.11544 sec
      result: 1.59348 nsec
    Read latency of L2 cache (for 1 PUs) (using 2*786432 bytes):
      iterations=1000... time=0.000693695 sec
      iterations=10000... time=0.00646167 sec
      iterations=100000... time=0.0635476 sec
      iterations=1000000... time=0.631428 sec
      iterations=2000000... time=1.26038 sec
      result: 6.3019 nsec
    Read latency of L3 cache (for 2 PUs) (using 1*28114944 bytes):
      [skipped -- avoiding large-memory benchmarks]
    Read bandwidth of D1 cache (for 1 PUs) (using 2*24576 bytes):
      iterations=1... time=1.15e-06 sec
      iterations=10... time=5.401e-06 sec
      iterations=100... time=5.1904e-05 sec
      iterations=1000... time=0.00172936 sec
      iterations=10000... time=0.00530275 sec
      iterations=100000... time=0.0376014 sec
      iterations=1000000... time=0.369465 sec
      iterations=3000000... time=1.12121 sec
      result: 65.7573 GByte/sec
    Read bandwidth of L2 cache (for 1 PUs) (using 2*786432 bytes):
      iterations=1... time=2.0351e-05 sec
      iterations=10... time=0.000229715 sec
      iterations=100... time=0.00188167 sec
      iterations=1000... time=0.0188139 sec
      iterations=10000... time=0.190715 sec
      iterations=60000... time=1.10925 sec
      result: 42.5387 GByte/sec
    Read bandwidth of L3 cache (for 2 PUs) (using 1*28114944 bytes):
      [skipped -- avoiding large-memory benchmarks]
    Write latency of D1 cache (for 1 PUs) (using 2*24576 bytes):
      iterations=1000... time=4.75e-06 sec
      iterations=10000... time=3.87025e-05 sec
      iterations=100000... time=0.000408626 sec
      iterations=1000000... time=0.00452628 sec
      iterations=10000000... time=0.0328863 sec
      iterations=100000000... time=0.316833 sec
      iterations=300000000... time=0.954706 sec
      iterations=600000000... time=1.89966 sec
      result: 0.395763 nsec
    Write latency of L2 cache (for 1 PUs) (using 2*786432 bytes):
      iterations=1000... time=3.5102e-05 sec
      iterations=10000... time=0.000162611 sec
      iterations=100000... time=0.00171616 sec
      iterations=1000000... time=0.0169864 sec
      iterations=10000000... time=0.168597 sec
      iterations=70000000... time=1.16558 sec
      result: 2.08139 nsec
    Write latency of L3 cache (for 2 PUs) (using 1*28114944 bytes):
      [skipped -- avoiding large-memory benchmarks]
    Write bandwidth of D1 cache (for 1 PUs) (using 2*24576 bytes):
      iterations=1... time=7e-07 sec
      iterations=10... time=4.95e-06 sec
      iterations=100... time=1.8401e-05 sec
      iterations=1000... time=0.000185662 sec
      iterations=10000... time=0.00172396 sec
      iterations=100000... time=0.0179111 sec
      iterations=1000000... time=0.17824 sec
      iterations=6000000... time=1.07726 sec
      result: 136.881 GByte/sec
    Write bandwidth of L2 cache (for 1 PUs) (using 2*786432 bytes):
      iterations=1... time=3.1852e-05 sec
      iterations=10... time=0.000318722 sec
      iterations=100... time=0.00322106 sec
      iterations=1000... time=0.0313267 sec
      iterations=10000... time=0.246242 sec
      iterations=40000... time=0.771307 sec
      iterations=80000... time=1.57356 sec
      result: 39.9823 GByte/sec
    Write bandwidth of L3 cache (for 2 PUs) (using 1*28114944 bytes):
      [skipped -- avoiding large-memory benchmarks]
    Stencil code performance of D1 cache (for 1 PUs) (using 2*9^3 grid points, 2*11664 bytes):
      iterations=1... time=3e-06 sec
      iterations=10... time=2.90015e-05 sec
      iterations=100... time=0.000306563 sec
      iterations=1000... time=0.00300203 sec
      iterations=10000... time=0.0297573 sec
      iterations=100000... time=0.300657 sec
      iterations=400000... time=1.21182 sec
      result: 0.240629 Gupdates/sec
    Stencil code performance of L2 cache (for 1 PUs) (using 2*29^3 grid points, 2*390224 bytes):
      iterations=1... time=3.2402e-05 sec
      iterations=10... time=0.00030712 sec
      iterations=100... time=0.0030683 sec
      iterations=1000... time=0.0304779 sec
      iterations=10000... time=0.304992 sec
      iterations=40000... time=1.22807 sec
      result: 0.794388 Gupdates/sec
    Stencil code performance of L3 cache (for 2 PUs) (using 1*121^3 grid points, 1*28344976 bytes):
      iterations=1... time=0.00117007 sec
      iterations=10... time=0.0115678 sec
      iterations=100... time=0.114321 sec
      iterations=1000... time=1.15941 sec
      result: 1.52799 Gupdates/sec
INFO (Vectors): Testing vectorisation... [errors may result in segfaults]
INFO (Vectors): 375/375 tests passed 
INFO (CartGrid3D): Grid Spacings:
INFO (CartGrid3D): dx=>1.1111111e-01  dy=>1.1111111e-01  dz=>1.1111111e-01
INFO (CartGrid3D): Computational Coordinates:
INFO (CartGrid3D): x=>[-0.500, 0.500]  y=>[-0.500, 0.500]  z=>[-0.500, 0.500]
INFO (CartGrid3D): Indices of Physical Coordinates:
INFO (CartGrid3D): x=>[0,9]  y=>[0,9]  z=>[0,9]
INFO (PUGH): MPI Evolution on 1 processors
INFO (PUGH): 3-dimensional grid functions
INFO (PUGH):   Size: 10 10 10
INFO (PUGH):   Processor topology: 1 x 1 x 1
INFO (PUGH):   Local load: 1000   [10 x 10 x 10]
INFO (PUGH):   Maximum load skew: 0.000000
--------------------------------------------------------------------------------
Done.
+ echo Stopping:
Stopping:
+ date
Thu Jul 27 15:00:58 UTC 2023
+ echo Done.
Done.
  Elapsed time: 54.7 s
