/home/runner/simulations/TestJob01_temp_2/output-0000/TEST/sim/MemSpeed
Preparing:
+ set -e
+ cd output-0000-active
+ echo Checking:
Checking:
+ pwd
/home/runner/simulations/TestJob01_temp_2/output-0000/TEST/sim/MemSpeed/output-0000-active
+ hostname
fv-az75-661
+ date
Sun Nov 21 03:25:25 UTC 2021
+ echo Environment:
Environment:
+ export CACTUS_NUM_PROCS=2
+ export CACTUS_NUM_THREADS=1
+ export GMON_OUT_PREFIX=gmon.out
+ export OMP_NUM_THREADS=1
+ env
+ sort
+ echo Starting:
Starting:
+ date +%s
+ export CACTUS_STARTTIME=1637465125
+ [ 2 = 1 ]
+ mpirun -np 2 /home/runner/simulations/TestJob01_temp_2/SIMFACTORY/exe/cactus_sim -L 3 /home/runner/simulations/TestJob01_temp_2/output-0000/arrangements/CactusUtils/MemSpeed/test/memspeed.par
INFO (Cactus): Increased logging level from 0 to 3
--------------------------------------------------------------------------------

       10                                  
  1   0101       ************************  
  01  1010 10      The Cactus Code V4.9.0    
 1010 1101 011      www.cactuscode.org     
  1001 100101    ************************  
    00010101                               
     100011     (c) Copyright The Authors  
      0100      GNU Licensed. No Warranty  
      0101                                 
--------------------------------------------------------------------------------

Cactus version:    4.9.0
Compile date:      Nov 21 2021 (02:56:08)
Run date:          Nov 21 2021 (03:25:26+0000)
Run host:          fv-az75-661.ozjq2hgvjyiebjvorarhoiqszb.bx.internal.cloudapp.net (pid=107655)
Working directory: /home/runner/simulations/TestJob01_temp_2/output-0000/TEST/sim/MemSpeed
Executable:        /home/runner/simulations/TestJob01_temp_2/SIMFACTORY/exe/cactus_sim
Parameter file:    /home/runner/simulations/TestJob01_temp_2/output-0000/arrangements/CactusUtils/MemSpeed/test/memspeed.par
--------------------------------------------------------------------------------

Activating thorn Cactus...Success -> active implementation Cactus
Activation requested for 
--->hwloc MemSpeed SystemTopology CartGrid3D CoordBase IOASCII IOUtil PUGH PUGHSlab<---
Thorn hwloc requests automatic activation of zlib
Thorn MemSpeed requests automatic activation of Vectors
Thorn MemSpeed requests automatic activation of MPI
Activating thorn CartGrid3D...Success -> active implementation grid
Activating thorn CoordBase...Success -> active implementation CoordBase
Activating thorn hwloc...Success -> active implementation hwloc
Activating thorn IOASCII...Success -> active implementation IOASCII
Activating thorn IOUtil...Success -> active implementation IO
Activating thorn MemSpeed...Success -> active implementation MemSpeed
Activating thorn MPI...Success -> active implementation MPI
Activating thorn PUGH...Success -> active implementation Driver
Activating thorn PUGHSlab...Success -> active implementation Hyperslab
Activating thorn SystemTopology...Success -> active implementation SystemTopology
Activating thorn Vectors...Success -> active implementation Vectors
Activating thorn zlib...Success -> active implementation zlib
--------------------------------------------------------------------------------
  if (recover initial data)
    Recover parameters
  endif

  Startup routines
    [CCTK_STARTUP]
      CartGrid3D::SymmetryStartup: Register GH Extension for GridSymmetry
      CoordBase::CoordBase_Startup: Register a GH extension to store the coordinate system handles
      GROUP hwloc_startup: hwloc startup group
        hwloc::hwloc_version: Output hwloc version
      SystemTopology::ST_system_topology: Output and/or modify system topology and hardware locality
      PUGH::Driver_Startup: Startup routine
      PUGH::PUGH_RegisterPUGHP2LRoutines: Register Physical to Logical process mapping routines
      PUGH::PUGH_RegisterPUGHTopologyRoutines: Register topology generation routines routines
      IOUtil::IOUtil_Startup: Startup routine
      Vectors::Vectors_Startup: Print startup message
      IOASCII::IOASCII_Startup: Startup routine

  Startup routines which need an existing grid hierarchy
    [CCTK_WRAGH]
      CartGrid3D::RegisterCartGrid3DCoords: [meta] Register coordinates for the Cartesian grid
      MemSpeed::MemSpeed_MeasureSpeed: [meta] Measure CPU, memory, cache speeds
  Parameter checking routines
    [CCTK_PARAMCHECK]
      CartGrid3D::ParamCheck_CartGrid3D: Check coordinates for CartGrid3D
      Vectors::Vectors_Test: Run correctness tests.

  Initialisation
    if (NOT (recover initial data AND recovery_mode is 'strict'))
      [CCTK_PREREGRIDINITIAL]
      Set up grid hierarchy
      [CCTK_POSTREGRIDINITIAL]
        CartGrid3D::SpatialCoordinates: Set Coordinates after regridding
      [CCTK_BASEGRID]
        CartGrid3D::SpatialSpacings: Set up ranges for spatial 3D Cartesian coordinates (on all grids)
        CartGrid3D::SpatialCoordinates: Set up spatial 3D Cartesian coordinates on the GH
        IOASCII::IOASCII_Choose1D: Choose 1D output lines
        IOASCII::IOASCII_Choose2D: Choose 2D output planes
        PUGH::PUGH_Report: Report on PUGH set up
      [CCTK_INITIAL]
      [CCTK_POSTINITIAL]
      Initialise finer grids recursively
      Restrict from finer grids
      [CCTK_POSTRESTRICTINITIAL]
      [CCTK_POSTPOSTINITIAL]
      [CCTK_POSTSTEP]
    endif
    if (recover initial data)
      [CCTK_BASEGRID]
        CartGrid3D::SpatialSpacings: Set up ranges for spatial 3D Cartesian coordinates (on all grids)
        CartGrid3D::SpatialCoordinates: Set up spatial 3D Cartesian coordinates on the GH
        IOASCII::IOASCII_Choose1D: Choose 1D output lines
        IOASCII::IOASCII_Choose2D: Choose 2D output planes
        PUGH::PUGH_Report: Report on PUGH set up
      [CCTK_RECOVER_VARIABLES]
      [CCTK_POST_RECOVER_VARIABLES]
    endif
    if (checkpoint initial data)
      [CCTK_CPINITIAL]
    endif
    if (analysis)
      [CCTK_ANALYSIS]
  endif
  Output grid variables

  do loop over timesteps
    [CCTK_PREREGRID]
    Change grid hierarchy
    [CCTK_POSTREGRID]
      CartGrid3D::SpatialCoordinates: Set Coordinates after regridding
    Rotate timelevels
    iteration = iteration+1
    t = t+dt
    [CCTK_PRESTEP]
    [CCTK_EVOL]
    Evolve finer grids recursively
    Restrict from finer grids
    [CCTK_POSTRESTRICT]
    [CCTK_POSTSTEP]
    if (checkpoint)
      [CCTK_CHECKPOINT]
    endif
    if (analysis)
      [CCTK_ANALYSIS]
    endif
    Output grid variables
    enddo

  Termination routines
    [CCTK_TERMINATE]
      PUGH::Driver_Terminate: Termination routine

  Shutdown routines
    [CCTK_SHUTDOWN]

  Routines run after changing the grid hierarchy:
    [CCTK_POSTREGRID]
      CartGrid3D::SpatialCoordinates: Set Coordinates after regridding
--------------------------------------------------------------------------------
INFO (hwloc): library version 2.1.0, API version 0x20100
INFO (SystemTopology): MPI process-to-host mapping:
This is MPI process 0 of 2
MPI hosts:
  0: fv-az75-661
This MPI process runs on host 0 of 1
On this host, this is MPI process 0 of 2
INFO (SystemTopology): Topology support:
Discovery support:
  discovery->pu                            : yes
CPU binding support:
  cpubind->set_thisproc_cpubind            : yes
  cpubind->get_thisproc_cpubind            : yes
  cpubind->set_proc_cpubind                : yes
  cpubind->get_proc_cpubind                : yes
  cpubind->set_thisthread_cpubind          : yes
  cpubind->get_thisthread_cpubind          : yes
  cpubind->set_thread_cpubind              : yes
  cpubind->get_thread_cpubind              : yes
  cpubind->get_thisproc_last_cpu_location  : yes
  cpubind->get_proc_last_cpu_location      : yes
  cpubind->get_thisthread_last_cpu_location: yes
Memory binding support:
  membind->set_thisproc_membind            : no
  membind->get_thisproc_membind            : no
  membind->set_proc_membind                : no
  membind->get_proc_membind                : no
  membind->set_thisthread_membind          : yes
  membind->get_thisthread_membind          : yes
  membind->set_area_membind                : yes
  membind->get_area_membind                : yes
  membind->alloc_membind                   : yes
  membind->firsttouch_membind              : yes
  membind->bind_membind                    : yes
  membind->interleave_membind              : yes
  membind->nexttouch_membind               : no
  membind->migrate_membind                 : yes
INFO (SystemTopology): Hardware objects in this node:
Machine L#0: (P#0, total=7118760KB, DMIProductName="Virtual Machine", DMIProductVersion=7.0, DMIProductUUID=063c2f91-1ccc-4447-8411-266570b9410e, DMIBoardVendor="Microsoft Corporation", DMIBoardName="Virtual Machine", DMIBoardVersion=7.0, DMIChassisVendor="Microsoft Corporation", DMIChassisType=3, DMIChassisVersion=7.0, DMIChassisAssetTag=7783-7084-3265-9085-8269-3286-77, DMIBIOSVendor="American Megatrends Inc.", DMIBIOSVersion="090008 ", DMIBIOSDate=12/07/2018, DMISysVendor="Microsoft Corporation", Backend=Linux, LinuxCgroup=/, OSName=Linux, OSRelease=5.11.0-1021-azure, OSVersion="#22~20.04.1-Ubuntu SMP Fri Oct 29 01:11:25 UTC 2021", HostName=fv-az75-661, Architecture=x86_64, hwlocVersion=2.1.0, ProcessName=cactus_sim)
  Package L#0: (P#0, total=7118760KB, CPUVendor=GenuineIntel, CPUFamilyNumber=6, CPUModelNumber=79, CPUModel="Intel(R) Xeon(R) CPU E5-2673 v4 @ 2.30GHz", CPUStepping=1)
    L3Cache L#0: (P#-1, size=51200KB, linesize=64, ways=20, Inclusive=1)
      L2Cache L#0: (P#-1, size=256KB, linesize=64, ways=8, Inclusive=0)
        L1dCache L#0: (P#-1, size=32KB, linesize=64, ways=8, Inclusive=0)
          Core L#0: (P#0)
            PU L#0: (P#0)
      L2Cache L#1: (P#-1, size=256KB, linesize=64, ways=8, Inclusive=0)
        L1dCache L#1: (P#-1, size=32KB, linesize=64, ways=8, Inclusive=0)
          Core L#1: (P#1)
            PU L#1: (P#1)
INFO (SystemTopology): Thread CPU bindings:
  MPI process 0 on host 0 (process 0 of 2 on this host)
    OpenMP thread 0: PU set L#{0} P#{0}
  MPI process 1 on host 0 (process 1 of 2 on this host)
    OpenMP thread 0: PU set L#{1} P#{1}
INFO (SystemTopology): Setting thread CPU bindings:
INFO (SystemTopology): Thread CPU bindings:
  MPI process 0 on host 0 (process 0 of 2 on this host)
    OpenMP thread 0: PU set L#{0} P#{0}
  MPI process 1 on host 0 (process 1 of 2 on this host)
    OpenMP thread 0: PU set L#{1} P#{1}
INFO (SystemTopology): Extracting CPU/cache/memory properties:
  There are 1 PUs per core (aka hardware SMT threads)
  There are 1 threads per core (aka SMT threads used)
  Cache (unknown name) has type "data" depth 1
    size 32768 linesize 64 associativity 8 stride 4096, for 1 PUs
  Cache (unknown name) has type "unified" depth 2
    size 262144 linesize 64 associativity 8 stride 32768, for 1 PUs
  Cache (unknown name) has type "unified" depth 3
    size 52428800 linesize 64 associativity 20 stride 2621440, for 2 PUs
INFO (PUGH): Using physical to logical mappings: direct
INFO (PUGH): Using topology generator: automatic
INFO (Vectors): Using vector size 2 for architecture SSE2 (64-bit precision)
--------------------------------------------------------------------------------
Driver provided by PUGH
--------------------------------------------------------------------------------

INFO (PUGH): Not setting up a topology for 1 dimensions
INFO (PUGH): Not setting up a topology for 2 dimensions
INFO (PUGH): Setting up a topology for 3 dimensions
INFO (IOASCII): I/O Method 'IOASCII_1D' registered: output of 1D lines of grid functions/arrays to ASCII files
INFO (IOASCII): Periodic 1D output every 1 iterations
INFO (IOASCII): Periodic 1D output requested for 'GRID::r'
INFO (IOASCII): I/O Method 'IOASCII_2D' registered: output of 2D planes of grid functions/arrays to ASCII files
INFO (IOASCII): Periodic 2D output turned off
INFO (IOASCII): I/O Method 'IOASCII_3D' registered: output of 3D grid functions/arrays to ASCII files
INFO (IOASCII): Periodic 3D output turned off
INFO (MemSpeed): Measuring CPU, cache, memory, and communication speeds:
  Single-core measurements (using 1 MPI processes with 1 OpenMP threads each):
    CPU frequency:
      iterations=1000000... time=0.00260201 sec
      iterations=10000000... time=0.026324 sec
      iterations=100000000... time=0.277655 sec
      iterations=400000000... time=1.15657 sec
      iterations=400000000... time=0.843666 sec
      result: 2.55669 GHz
    CPU floating point performance:
      iterations=1000000... time=0.00322332 sec
      iterations=10000000... time=0.0275825 sec
      iterations=100000000... time=0.291088 sec
      iterations=400000000... time=1.22463 sec
      result: 10.4522 Gflop/sec
    CPU integer performance:
      iterations=1000000... time=0.00210151 sec
      iterations=10000000... time=0.0177534 sec
      iterations=100000000... time=0.186288 sec
      iterations=600000000... time=1.11725 sec
      result: 8.59253 Giop/sec
    Read latency of D1 cache (for 1 PUs) (using 1*24576 bytes):
      iterations=1000... time=0.0001306 sec
      iterations=10000... time=0.00149231 sec
      iterations=100000... time=0.014923 sec
      iterations=1000000... time=0.155111 sec
      iterations=7000000... time=0.990719 sec
      iterations=14000000... time=2.05247 sec
      result: 1.46605 nsec
    Read latency of L2 cache (for 1 PUs) (using 1*196608 bytes):
      iterations=1000... time=0.000577703 sec
      iterations=10000... time=0.00434222 sec
      iterations=100000... time=0.0496414 sec
      iterations=1000000... time=0.510258 sec
      iterations=2000000... time=0.954 sec
      iterations=4000000... time=1.91369 sec
      result: 4.78424 nsec
    Read latency of L3 cache (for 2 PUs) (using 1*39321600 bytes):
      [skipped -- avoiding large-memory benchmarks]
    Read bandwidth of D1 cache (for 1 PUs) (using 1*24576 bytes):
      iterations=1... time=9e-07 sec
      iterations=10... time=3.3e-06 sec
      iterations=100... time=2.63e-05 sec
      iterations=1000... time=0.000257601 sec
      iterations=10000... time=0.00266041 sec
      iterations=100000... time=0.027807 sec
      iterations=1000000... time=0.282098 sec
      iterations=4000000... time=1.13611 sec
      result: 86.5265 GByte/sec
    Read bandwidth of L2 cache (for 1 PUs) (using 1*196608 bytes):
      iterations=1... time=8.2e-06 sec
      iterations=10... time=4.87e-05 sec
      iterations=100... time=0.000474202 sec
      iterations=1000... time=0.00499972 sec
      iterations=10000... time=0.0500732 sec
      iterations=100000... time=0.510998 sec
      iterations=200000... time=1.04355 sec
      result: 37.6807 GByte/sec
    Read bandwidth of L3 cache (for 2 PUs) (using 1*39321600 bytes):
      [skipped -- avoiding large-memory benchmarks]
    Write latency of D1 cache (for 1 PUs) (using 1*24576 bytes):
      iterations=1000... time=4e-06 sec
      iterations=10000... time=3.17e-05 sec
      iterations=100000... time=0.000340301 sec
      iterations=1000000... time=0.00358672 sec
      iterations=10000000... time=0.0337767 sec
      iterations=100000000... time=0.315461 sec
      iterations=300000000... time=0.97417 sec
      iterations=600000000... time=1.75535 sec
      result: 0.365699 nsec
    Write latency of L2 cache (for 1 PUs) (using 1*196608 bytes):
      iterations=1000... time=2.03e-05 sec
      iterations=10000... time=0.0001644 sec
      iterations=100000... time=0.00169641 sec
      iterations=1000000... time=0.0176726 sec
      iterations=10000000... time=0.169311 sec
      iterations=60000000... time=1.03852 sec
      result: 2.16358 nsec
    Write latency of L3 cache (for 2 PUs) (using 1*39321600 bytes):
      [skipped -- avoiding large-memory benchmarks]
    Write bandwidth of D1 cache (for 1 PUs) (using 1*24576 bytes):
      iterations=1... time=1.1e-06 sec
      iterations=10... time=3.3e-06 sec
      iterations=100... time=4.26e-05 sec
      iterations=1000... time=0.000249801 sec
      iterations=10000... time=0.00297961 sec
      iterations=100000... time=0.0277957 sec
      iterations=1000000... time=0.286272 sec
      iterations=4000000... time=1.13998 sec
      result: 86.2331 GByte/sec
    Write bandwidth of L2 cache (for 1 PUs) (using 1*196608 bytes):
      iterations=1... time=9.6e-06 sec
      iterations=10... time=0.000105201 sec
      iterations=100... time=0.000781704 sec
      iterations=1000... time=0.00867614 sec
      iterations=10000... time=0.0987929 sec
      iterations=100000... time=0.907584 sec
      iterations=200000... time=1.77614 sec
      result: 22.1389 GByte/sec
    Write bandwidth of L3 cache (for 2 PUs) (using 1*39321600 bytes):
      [skipped -- avoiding large-memory benchmarks]
    Stencil code performance of D1 cache (for 1 PUs) (using 1*12^3 grid points, 1*27648 bytes):
      iterations=1... time=1.48e-05 sec
      iterations=10... time=0.000214001 sec
      iterations=100... time=0.00258551 sec
      iterations=1000... time=0.0242144 sec
      iterations=10000... time=0.248705 sec
      iterations=40000... time=0.970743 sec
      iterations=80000... time=1.92235 sec
      result: 0.0719121 Gupdates/sec
    Stencil code performance of L2 cache (for 1 PUs) (using 1*23^3 grid points, 1*194672 bytes):
      iterations=1... time=2.5301e-05 sec
      iterations=10... time=0.000780704 sec
      iterations=100... time=0.00806654 sec
      iterations=1000... time=0.0840867 sec
      iterations=10000... time=0.917848 sec
      iterations=20000... time=1.70911 sec
      result: 0.142378 Gupdates/sec
    Stencil code performance of L3 cache (for 2 PUs) (using 1*135^3 grid points, 1*39366000 bytes):
      iterations=1... time=0.00562263 sec
      iterations=10... time=0.0597277 sec
      iterations=100... time=0.573993 sec
      iterations=200... time=1.15282 sec
      result: 0.426844 Gupdates/sec
  Single-node measurements (using 2 MPI processes with 1 OpenMP threads each):
    CPU frequency:
      iterations=1000000... time=0.00290551 sec
      iterations=10000000... time=0.0278569 sec
      iterations=100000000... time=0.28548 sec
      iterations=400000000... time=1.1232 sec
      iterations=400000000... time=0.821285 sec
      result: 2.64974 GHz
    CPU floating point performance:
      iterations=1000000... time=0.00348007 sec
      iterations=10000000... time=0.0301358 sec
      iterations=100000000... time=0.293526 sec
      iterations=400000000... time=1.17678 sec
      result: 10.8771 Gflop/sec
    CPU integer performance:
      iterations=1000000... time=0.00167276 sec
      iterations=10000000... time=0.021075 sec
      iterations=100000000... time=0.180585 sec
      iterations=600000000... time=1.13267 sec
      result: 8.47557 Giop/sec
    Read latency of D1 cache (for 1 PUs) (using 2*24576 bytes):
      iterations=1000... time=0.000140401 sec
      iterations=10000... time=0.00126911 sec
      iterations=100000... time=0.0137677 sec
      iterations=1000000... time=0.158557 sec
      iterations=7000000... time=1.04739 sec
      result: 1.49626 nsec
    Read latency of L2 cache (for 1 PUs) (using 2*196608 bytes):
      iterations=1000... time=0.000418452 sec
      iterations=10000... time=0.00429222 sec
      iterations=100000... time=0.0432677 sec
      iterations=1000000... time=0.457282 sec
      iterations=2000000... time=0.918676 sec
      iterations=4000000... time=1.87866 sec
      result: 4.69665 nsec
    Read latency of L3 cache (for 2 PUs) (using 2*39321600 bytes):
      [skipped -- too much memory requested]
    Read bandwidth of D1 cache (for 1 PUs) (using 2*24576 bytes):
      iterations=1... time=8e-07 sec
      iterations=10... time=2.85e-06 sec
      iterations=100... time=2.3901e-05 sec
      iterations=1000... time=0.000357652 sec
      iterations=10000... time=0.00280751 sec
      iterations=100000... time=0.0268421 sec
      iterations=1000000... time=0.283339 sec
      iterations=4000000... time=1.14435 sec
      result: 85.9039 GByte/sec
    Read bandwidth of L2 cache (for 1 PUs) (using 2*196608 bytes):
      iterations=1... time=6.5e-06 sec
      iterations=10... time=4.74e-05 sec
      iterations=100... time=0.000532503 sec
      iterations=1000... time=0.00404662 sec
      iterations=10000... time=0.0432795 sec
      iterations=100000... time=0.476722 sec
      iterations=200000... time=0.854154 sec
      iterations=400000... time=1.73025 sec
      result: 45.4519 GByte/sec
    Read bandwidth of L3 cache (for 2 PUs) (using 2*39321600 bytes):
      [skipped -- too much memory requested]
    Write latency of D1 cache (for 1 PUs) (using 2*24576 bytes):
      iterations=1000... time=3.65e-06 sec
      iterations=10000... time=2.585e-05 sec
      iterations=100000... time=0.000236401 sec
      iterations=1000000... time=0.00321942 sec
      iterations=10000000... time=0.0271508 sec
      iterations=100000000... time=0.272889 sec
      iterations=400000000... time=1.17412 sec
      result: 0.366912 nsec
    Write latency of L2 cache (for 1 PUs) (using 2*196608 bytes):
      iterations=1000... time=1.87e-05 sec
      iterations=10000... time=0.000170751 sec
      iterations=100000... time=0.00185221 sec
      iterations=1000000... time=0.0172185 sec
      iterations=10000000... time=0.178257 sec
      iterations=60000000... time=1.03045 sec
      result: 2.14676 nsec
    Write latency of L3 cache (for 2 PUs) (using 2*39321600 bytes):
      [skipped -- too much memory requested]
    Write bandwidth of D1 cache (for 1 PUs) (using 2*24576 bytes):
      iterations=1... time=8.5e-07 sec
      iterations=10... time=3.25e-06 sec
      iterations=100... time=2.51e-05 sec
      iterations=1000... time=0.000253851 sec
      iterations=10000... time=0.00266321 sec
      iterations=100000... time=0.0278162 sec
      iterations=1000000... time=0.283039 sec
      iterations=4000000... time=1.132 sec
      result: 86.8409 GByte/sec
    Write bandwidth of L2 cache (for 1 PUs) (using 2*196608 bytes):
      iterations=1... time=8.25e-06 sec
      iterations=10... time=0.000225301 sec
      iterations=100... time=0.000954204 sec
      iterations=1000... time=0.00880739 sec
      iterations=10000... time=0.0896407 sec
      iterations=100000... time=0.892705 sec
      iterations=200000... time=1.81267 sec
      result: 21.6927 GByte/sec
    Write bandwidth of L3 cache (for 2 PUs) (using 2*39321600 bytes):
      [skipped -- too much memory requested]
    Stencil code performance of D1 cache (for 1 PUs) (using 2*9^3 grid points, 2*11664 bytes):
      iterations=1... time=7.7e-06 sec
      iterations=10... time=7.5651e-05 sec
      iterations=100... time=0.000832404 sec
      iterations=1000... time=0.00820609 sec
      iterations=10000... time=0.0828557 sec
      iterations=100000... time=0.828002 sec
      iterations=200000... time=1.66618 sec
      result: 0.0875055 Gupdates/sec
    Stencil code performance of L2 cache (for 1 PUs) (using 2*18^3 grid points, 2*93312 bytes):
      iterations=1... time=4.4051e-05 sec
      iterations=10... time=0.000472402 sec
      iterations=100... time=0.00600393 sec
      iterations=1000... time=0.0464528 sec
      iterations=10000... time=0.486155 sec
      iterations=20000... time=0.983742 sec
      iterations=40000... time=2.47466 sec
      result: 0.0942675 Gupdates/sec
    Stencil code performance of L3 cache (for 2 PUs) (using 1*135^3 grid points, 1*39366000 bytes):
      [skipped -- too many MPI processes]
  Single-node measurements:
    MPI latency: 1200 nsec
    MPI bandwidth: 1.99466 GByte/sec
INFO (Vectors): Testing vectorisation... [errors may result in segfaults]
INFO (Vectors): 375/375 tests passed 
INFO (CartGrid3D): Grid Spacings:
INFO (CartGrid3D): dx=>1.1111111e-01  dy=>1.1111111e-01  dz=>1.1111111e-01
INFO (CartGrid3D): Computational Coordinates:
INFO (CartGrid3D): x=>[-0.500, 0.500]  y=>[-0.500, 0.500]  z=>[-0.500, 0.500]
INFO (CartGrid3D): Indices of Physical Coordinates:
INFO (CartGrid3D): x=>[0,9]  y=>[0,9]  z=>[0,9]
INFO (PUGH): MPI Evolution on 2 processors
INFO (PUGH): 3-dimensional grid functions
INFO (PUGH):   Size: 10 10 10
INFO (PUGH):   Processor topology: 2 x 1 x 1
INFO (PUGH):   Local load: 600   [6 x 10 x 10]
INFO (PUGH):   Maximum load skew: 0.000000
--------------------------------------------------------------------------------
Done.
+ echo Stopping:
Stopping:
+ date
Sun Nov 21 03:26:25 UTC 2021
+ echo Done.
Done.
  Elapsed time: 60.3 s
