/home/runner/simulations/TestJob01_temp_2/output-0000/TEST/sim/FluxWaveToyX
Preparing:
+ set -e
+ cd output-0000-active
+ echo Checking:
Checking:
+ pwd
/home/runner/simulations/TestJob01_temp_2/output-0000/TEST/sim/FluxWaveToyX/output-0000-active
+ hostname
runnervm0kj6c
+ date
Thu Mar  5 21:12:50 UTC 2026
+ echo Environment:
Environment:
+ export CACTUS_NUM_PROCS=2
+ CACTUS_NUM_PROCS=2
+ export CACTUS_NUM_THREADS=1
+ CACTUS_NUM_THREADS=1
+ export GMON_OUT_PREFIX=gmon.out
+ GMON_OUT_PREFIX=gmon.out
+ export OMP_NUM_THREADS=1
+ OMP_NUM_THREADS=1
+ env
+ sort
+ echo Starting:
Starting:
++ date +%s
+ export CACTUS_STARTTIME=1772745170
+ CACTUS_STARTTIME=1772745170
+ '[' 2 = 1 ']'
+ mpirun -np 2 /home/runner/simulations/TestJob01_temp_2/SIMFACTORY/exe/cactus_sim -L 3 /home/runner/simulations/TestJob01_temp_2/output-0000/arrangements/CarpetX/FluxWaveToyX/test/radiative.par
INFO (Cactus): Increased logging level from 0 to 3
--------------------------------------------------------------------------------

       10                                  
  1   0101       ************************  
  01  1010 10      The Cactus Code V4.18.0    
 1010 1101 011      www.cactuscode.org     
  1001 100101    ************************  
    00010101                               
     100011     (c) Copyright The Authors  
      0100      GNU Licensed. No Warranty  
      0101                                 
--------------------------------------------------------------------------------

Cactus version:    4.18.0
Compile date:      Mar 05 2026 (20:50:36)
Run date:          Mar 05 2026 (21:12:50+0000)
Run host:          runnervm0kj6c.wnr43dckueienomqbzzk213svg.gx.internal.cloudapp.net (pid=139054)
Working directory: /home/runner/simulations/TestJob01_temp_2/output-0000/TEST/sim/FluxWaveToyX
Executable:        /home/runner/simulations/TestJob01_temp_2/SIMFACTORY/exe/cactus_sim
Parameter file:    /home/runner/simulations/TestJob01_temp_2/output-0000/arrangements/CarpetX/FluxWaveToyX/test/radiative.par
--------------------------------------------------------------------------------

Activating thorn Cactus...Success -> active implementation Cactus
Activation requested for 
--->CarpetX CarpetXRegrid FluxWaveToyX IOUtil ODESolvers<---
Thorn CarpetX requests automatic activation of AMReX
Thorn CarpetX requests automatic activation of MPI
Thorn CarpetX requests automatic activation of yaml_cpp
Thorn CarpetX requests automatic activation of zlib
Thorn CarpetX requests automatic activation of Arith
Thorn CarpetX requests automatic activation of Loop
Thorn CarpetX requests automatic activation of ADIOS2
Thorn CarpetX requests automatic activation of openPMD
Thorn CarpetX requests automatic activation of Silo
Thorn ADIOS2 requests automatic activation of CMake
Thorn Arith requests automatic activation of NSIMD
Thorn MPI requests automatic activation of hwloc
Thorn openPMD requests automatic activation of HDF5
Activating thorn ADIOS2...Success -> active implementation ADIOS2
Activating thorn AMReX...Success -> active implementation AMReX
Activating thorn Arith...Success -> active implementation Arith
Activating thorn CarpetX...Success -> active implementation Driver
Activating thorn CarpetXRegrid...Success -> active implementation CarpetXRegrid
Activating thorn CMake...Success -> active implementation CMake
Activating thorn FluxWaveToyX...Success -> active implementation FluxWaveToyX
Activating thorn HDF5...Success -> active implementation HDF5
Activating thorn hwloc...Success -> active implementation hwloc
Activating thorn IOUtil...Success -> active implementation IO
Activating thorn Loop...Success -> active implementation Loop
Activating thorn MPI...Success -> active implementation MPI
Activating thorn NSIMD...Success -> active implementation NSIMD
Activating thorn ODESolvers...Success -> active implementation ODESolvers
Activating thorn openPMD...Success -> active implementation openPMD
Activating thorn Silo...Success -> active implementation Silo
Activating thorn yaml_cpp...Success -> active implementation yaml_cpp
Activating thorn zlib...Success -> active implementation zlib
INFO (hwloc): library version 2.10.0, API version 0x20800
--------------------------------------------------------------------------------

  [34m  в–•в–Ҹ  [34m  в–•в–Ҹ  [34m  в–•в–Ҹ  [34m  в–•в–Ҹ  [34m  в–•в–Ҹ  [34m  в–•в–Ҹ  [34m  в–•в–Ҹ  [34m  в–•в–Ҹ  [34m  в–•в–Ҹ  [39m  
  [34mв”Җв”Җв–Ҳв–Ҳв”Җв”Җ[34mв”Җв”Җв–Ҳв–Ҳв”Җв”Җ[34mв”Җв”Җв–Ҳв–Ҳв”Җв”Җ[34mв”Җв”Җв–Ҳв–Ҳв”Җв”Җ[34mв”Җв”Җв–Ҳв–Ҳв”Җв”Җ[34mв”Җв”Җв–Ҳв–Ҳв”Җв”Җ[34mв”Җв”Җв–Ҳв–Ҳв”Җв”Җ[34mв”Җв”Җв–Ҳв–Ҳв”Җв”Җ[34mв”Җв”Җв–Ҳв–Ҳв”Җв”Җ[39m  
  [34m  в–•в–Ҹ  [34m  в–•в–Ҹ  [34m  в–•в–Ҹ  [34m  в–•в–Ҹ  [34m  в–•в–Ҹ  [34m  в–•в–Ҹ  [34m  в–•в–Ҹ  [34m  в–•в–Ҹ  [34m  в–•в–Ҹ  [39m  
  [34m  в–•в–Ҹ  [32mв–Ҳв–Ҳв–Ҳв–Ҳв–Ҳв–Ҳ[34m  в–•в–Ҹ  [34m  в–•в–Ҹ  [32mв–Ҳв–Ҳв–Ҳв–Ҳв–Ҳв–Ҳ[34m  в–•в–Ҹ  [34m  в–•в–Ҹ  [32mв–Ҳв–Ҳв–Ҳв–Ҳв–Ҳв–Ҳ[34m  в–•в–Ҹ  [39m  
  [34mв”Җв”Җв–Ҳв–Ҳв”Җв”Җ[32mв–Ҳв–Ҳв–Ҳв–Ҳв–Ҳв–Ҳ[34mв”Җв”Җв–Ҳв–Ҳв”Җв”Җ[34mв”Җв”Җв–Ҳв–Ҳв”Җв”Җ[32mв–Ҳв–Ҳв–Ҳв–Ҳв–Ҳв–Ҳ[34mв”Җв”Җв–Ҳв–Ҳв”Җв”Җ[34mв”Җв”Җв–Ҳв–Ҳв”Җв”Җ[32mв–Ҳв–Ҳв–Ҳв–Ҳв–Ҳв–Ҳ[34mв”Җв”Җв–Ҳв–Ҳв”Җв”Җ[39m  
  [34m  в–•в–Ҹ  [32mв–Ҳв–Ҳв–Ҳв–Ҳв–Ҳв–Ҳ[34m  в–•в–Ҹ  [34m  в–•в–Ҹ  [32mв–Ҳв–Ҳв–Ҳв–Ҳв–Ҳв–Ҳ[34m  в–•в–Ҹ  [34m  в–•в–Ҹ  [32mв–Ҳв–Ҳв–Ҳв–Ҳв–Ҳв–Ҳ[34m  в–•в–Ҹ  [39m  
  [34m  в–•в–Ҹ  [34m  в–•в–Ҹ  [34m  в–•в–Ҹ  [34m  в–•в–Ҹ  [34m  в–•в–Ҹ  [34m  в–•в–Ҹ  [34m  в–•в–Ҹ  [34m  в–•в–Ҹ  [34m  в–•в–Ҹ  [39m  
  [34mв”Җв”Җв–Ҳв–Ҳв”Җв”Җ[34mв”Җв”Җв–Ҳв–Ҳв”Җв”Җ[34mв”Җв”Җв–Ҳв–Ҳв”Җв”Җ[34mв”Җв”Җв–Ҳв–Ҳв”Җв”Җ[34mв”Җв”Җв–Ҳв–Ҳв”Җв”Җ[34mв”Җв”Җв–Ҳв–Ҳв”Җв”Җ[34mв”Җв”Җв–Ҳв–Ҳв”Җв”Җ[34mв”Җв”Җв–Ҳв–Ҳв”Җв”Җ[34mв”Җв”Җв–Ҳв–Ҳв”Җв”Җ[39m  
  [34m  в–•в–Ҹ  [34m  в–•в–Ҹ  [34m  в–•в–Ҹ  [34m  в–•в–Ҹ  [34m  в–•в–Ҹ  [34m  в–•в–Ҹ  [34m  в–•в–Ҹ  [34m  в–•в–Ҹ  [34m  в–•в–Ҹ  [39m  
  [34m  в–•в–Ҹ  [34m  в–•в–Ҹ  [34m  в–•в–Ҹ  [31mв–Ҳв–Ҳв–Ҳв–Ҳв–Ҳв–Ҳ[31mв–Ҳв–Ҳв–Ҳв–Ҳв–Ҳв–Ҳ[31mв–Ҳв–Ҳв–Ҳв–Ҳв–Ҳв–Ҳ[34m  в–•в–Ҹ  [34m  в–•в–Ҹ  [34m  в–•в–Ҹ  [39m  
  [34mв”Җв”Җв–Ҳв–Ҳв”Җв”Җ[34mв”Җв”Җв–Ҳв–Ҳв”Җв”Җ[34mв”Җв”Җв–Ҳв–Ҳв”Җв”Җ[31mв–Ҳв–Ҳв–Ҳв–Ҳв–Ҳв–Ҳ[31mв–Ҳв–Ҳв–Ҳв–Ҳв–Ҳв–Ҳ[31mв–Ҳв–Ҳв–Ҳв–Ҳв–Ҳв–Ҳ[34mв”Җв”Җв–Ҳв–Ҳв”Җв”Җ[34mв”Җв”Җв–Ҳв–Ҳв”Җв”Җ[34mв”Җв”Җв–Ҳв–Ҳв”Җв”Җ[39m  
  [34m  в–•в–Ҹ  [34m  в–•в–Ҹ  [34m  в–•в–Ҹ  [31mв–Ҳв–Ҳв–Ҳв–Ҳв–Ҳв–Ҳ[31mв–Ҳв–Ҳв–Ҳв–Ҳв–Ҳв–Ҳ[31mв–Ҳв–Ҳв–Ҳв–Ҳв–Ҳв–Ҳ[34m  в–•в–Ҹ  [34m  в–•в–Ҹ  [34m  в–•в–Ҹ  [39m  
  [34m  в–•в–Ҹ  [32mв–Ҳв–Ҳв–Ҳв–Ҳв–Ҳв–Ҳ[34m  в–•в–Ҹ  [31mв–Ҳв–Ҳв–Ҳв–Ҳв–Ҳв–Ҳ[31mв–Ҳв–Ҳв–Ҳв–Ҳв–Ҳв–Ҳ[31mв–Ҳв–Ҳв–Ҳв–Ҳв–Ҳв–Ҳ[34m  в–•в–Ҹ  [32mв–Ҳв–Ҳв–Ҳв–Ҳв–Ҳв–Ҳ[34m  в–•в–Ҹ  [39m  
  [34mв”Җв”Җв–Ҳв–Ҳв”Җв”Җ[32mв–Ҳв–Ҳв–Ҳв–Ҳв–Ҳв–Ҳ[34mв”Җв”Җв–Ҳв–Ҳв”Җв”Җ[31mв–Ҳв–Ҳв–Ҳв–Ҳв–Ҳв–Ҳ[31mв–Ҳв–Ҳв–Ҳв–Ҳв–Ҳв–Ҳ[31mв–Ҳв–Ҳв–Ҳв–Ҳв–Ҳв–Ҳ[34mв”Җв”Җв–Ҳв–Ҳв”Җв”Җ[32mв–Ҳв–Ҳв–Ҳв–Ҳв–Ҳв–Ҳ[34mв”Җв”Җв–Ҳв–Ҳв”Җв”Җ[39m  
  [34m  в–•в–Ҹ  [32mв–Ҳв–Ҳв–Ҳв–Ҳв–Ҳв–Ҳ[34m  в–•в–Ҹ  [31mв–Ҳв–Ҳв–Ҳв–Ҳв–Ҳв–Ҳ[31mв–Ҳв–Ҳв–Ҳв–Ҳв–Ҳв–Ҳ[31mв–Ҳв–Ҳв–Ҳв–Ҳв–Ҳв–Ҳ[34m  в–•в–Ҹ  [32mв–Ҳв–Ҳв–Ҳв–Ҳв–Ҳв–Ҳ[34m  в–•в–Ҹ  [39m  
  [34m  в–•в–Ҹ  [34m  в–•в–Ҹ  [34m  в–•в–Ҹ  [31mв–Ҳв–Ҳв–Ҳв–Ҳв–Ҳв–Ҳ[31mв–Ҳв–Ҳв–Ҳв–Ҳв–Ҳв–Ҳ[31mв–Ҳв–Ҳв–Ҳв–Ҳв–Ҳв–Ҳ[34m  в–•в–Ҹ  [34m  в–•в–Ҹ  [34m  в–•в–Ҹ  [39m  
  [34mв”Җв”Җв–Ҳв–Ҳв”Җв”Җ[34mв”Җв”Җв–Ҳв–Ҳв”Җв”Җ[34mв”Җв”Җв–Ҳв–Ҳв”Җв”Җ[31mв–Ҳв–Ҳв–Ҳв–Ҳв–Ҳв–Ҳ[31mв–Ҳв–Ҳв–Ҳв–Ҳв–Ҳв–Ҳ[31mв–Ҳв–Ҳв–Ҳв–Ҳв–Ҳв–Ҳ[34mв”Җв”Җв–Ҳв–Ҳв”Җв”Җ[34mв”Җв”Җв–Ҳв–Ҳв”Җв”Җ[34mв”Җв”Җв–Ҳв–Ҳв”Җв”Җ[39m  
  [34m  в–•в–Ҹ  [34m  в–•в–Ҹ  [34m  в–•в–Ҹ  [31mв–Ҳв–Ҳв–Ҳв–Ҳв–Ҳв–Ҳ[31mв–Ҳв–Ҳв–Ҳв–Ҳв–Ҳв–Ҳ[31mв–Ҳв–Ҳв–Ҳв–Ҳв–Ҳв–Ҳ[34m  в–•в–Ҹ  [34m  в–•в–Ҹ  [34m  в–•в–Ҹ  [39m  
  [34m  в–•в–Ҹ  [34m  в–•в–Ҹ  [34m  в–•в–Ҹ  [34m  в–•в–Ҹ  [34m  в–•в–Ҹ  [34m  в–•в–Ҹ  [34m  в–•в–Ҹ  [34m  в–•в–Ҹ  [34m  в–•в–Ҹ  [39m  
  [34mв”Җв”Җв–Ҳв–Ҳв”Җв”Җ[34mв”Җв”Җв–Ҳв–Ҳв”Җв”Җ[34mв”Җв”Җв–Ҳв–Ҳв”Җв”Җ[34mв”Җв”Җв–Ҳв–Ҳв”Җв”Җ[34mв”Җв”Җв–Ҳв–Ҳв”Җв”Җ[34mв”Җв”Җв–Ҳв–Ҳв”Җв”Җ[34mв”Җв”Җв–Ҳв–Ҳв”Җв”Җ[34mв”Җв”Җв–Ҳв–Ҳв”Җв”Җ[34mв”Җв”Җв–Ҳв–Ҳв”Җв”Җ[39m  
  [34m  в–•в–Ҹ  [34m  в–•в–Ҹ  [34m  в–•в–Ҹ  [34m  в–•в–Ҹ  [34m  в–•в–Ҹ  [34m  в–•в–Ҹ  [34m  в–•в–Ҹ  [34m  в–•в–Ҹ  [34m  в–•в–Ҹ  [39m  
  [34m  в–•в–Ҹ  [32mв–Ҳв–Ҳв–Ҳв–Ҳв–Ҳв–Ҳ[34m  в–•в–Ҹ  [34m  в–•в–Ҹ  [32mв–Ҳв–Ҳв–Ҳв–Ҳв–Ҳв–Ҳ[34m  в–•в–Ҹ  [34m  в–•в–Ҹ  [32mв–Ҳв–Ҳв–Ҳв–Ҳв–Ҳв–Ҳ[34m  в–•в–Ҹ  [39m  
  [34mв”Җв”Җв–Ҳв–Ҳв”Җв”Җ[32mв–Ҳв–Ҳв–Ҳв–Ҳв–Ҳв–Ҳ[34mв”Җв”Җв–Ҳв–Ҳв”Җв”Җ[34mв”Җв”Җв–Ҳв–Ҳв”Җв”Җ[32mв–Ҳв–Ҳв–Ҳв–Ҳв–Ҳв–Ҳ[34mв”Җв”Җв–Ҳв–Ҳв”Җв”Җ[34mв”Җв”Җв–Ҳв–Ҳв”Җв”Җ[32mв–Ҳв–Ҳв–Ҳв–Ҳв–Ҳв–Ҳ[34mв”Җв”Җв–Ҳв–Ҳв”Җв”Җ[39m  
  [34m  в–•в–Ҹ  [32mв–Ҳв–Ҳв–Ҳв–Ҳв–Ҳв–Ҳ[34m  в–•в–Ҹ  [34m  в–•в–Ҹ  [32mв–Ҳв–Ҳв–Ҳв–Ҳв–Ҳв–Ҳ[34m  в–•в–Ҹ  [34m  в–•в–Ҹ  [32mв–Ҳв–Ҳв–Ҳв–Ҳв–Ҳв–Ҳ[34m  в–•в–Ҹ  [39m  
  [34m  в–•в–Ҹ  [34m  в–•в–Ҹ  [34m  в–•в–Ҹ  [34m  в–•в–Ҹ  [34m  в–•в–Ҹ  [34m  в–•в–Ҹ  [34m  в–•в–Ҹ  [34m  в–•в–Ҹ  [34m  в–•в–Ҹ  [39m  
  [34mв”Җв”Җв–Ҳв–Ҳв”Җв”Җ[34mв”Җв”Җв–Ҳв–Ҳв”Җв”Җ[34mв”Җв”Җв–Ҳв–Ҳв”Җв”Җ[34mв”Җв”Җв–Ҳв–Ҳв”Җв”Җ[34mв”Җв”Җв–Ҳв–Ҳв”Җв”Җ[34mв”Җв”Җв–Ҳв–Ҳв”Җв”Җ[34mв”Җв”Җв–Ҳв–Ҳв”Җв”Җ[34mв”Җв”Җв–Ҳв–Ҳв”Җв”Җ[34mв”Җв”Җв–Ҳв–Ҳв”Җв”Җ[39m  
  [34m  в–•в–Ҹ  [34m  в–•в–Ҹ  [34m  в–•в–Ҹ  [34m  в–•в–Ҹ  [34m  в–•в–Ҹ  [34m  в–•в–Ҹ  [34m  в–•в–Ҹ  [34m  в–•в–Ҹ  [34m  в–•в–Ҹ  [39m  

AMR driver provided by CarpetX,
using AMReX 24.10 (MPI, OpenMP, no accelerators, debug)
--------------------------------------------------------------------------------

Initializing AMReX (24.10)...
MPI initialized with 2 MPI processes
MPI initialized with thread support level 2
OMP initialized with 1 OMP threads
AMReX (24.10) initialized
INFO (CarpetX): 
Symmetries:
  lower x: none
  lower y: none
  lower z: none
  upper x: none
  upper y: none
  upper z: none
Default boundaries:
  lower x: neumann
  lower y: neumann
  lower z: neumann
  upper x: neumann
  upper y: neumann
  upper z: neumann
INFO (Arith): Test_smallvector
INFO (Arith): Test_spvect
INFO (CarpetX): Setting initial values for max_grid_size values for all levels
INFO (CarpetX): Setting up initial conditions...
INFO (CarpetX): Iteration: 0   time: 0   delta_time: 0.125
INFO (CarpetX): Patch 0:
INFO (CarpetX):   Grid extent:
INFO (CarpetX):     gsh=[11,11,11]
INFO (CarpetX):     blocking_factor=[8,8,8]
INFO (CarpetX):     max_grid_size=[32,32,32]
INFO (CarpetX):     max_tile_size=[1024000,16,32]
INFO (CarpetX):   Domain extent:
INFO (CarpetX):     xmin=[-1,-1,-1]
INFO (CarpetX):     xmax=[1,1,1]
INFO (CarpetX):     base dx=[0.25,0.25,0.25]
INFO (CarpetX): Initializing level 0...
INFO (CarpetX): Regridding...
INFO (CarpetX):   level 0: 1 boxes, 512 cells (100%)
INFO (CarpetX): Initialized 1 levels
INFO (CarpetX): OutputGH: iteration 0, time 0.000000, run time 0 s
INFO (CarpetX): OutputGH done.
INFO (CarpetX): Starting evolution...
INFO (ODESolvers): ODE integrator is RK3
INFO (CarpetX): OutputGH: iteration 1, time 0.125000, run time 0 s
INFO (CarpetX): OutputGH done.
INFO (CarpetX): Simulation time: 0.125   Iterations per second: 185.663   Simulation time per second: 23.2078
INFO (CarpetX): Grid cells: 512   Grid cell updates per second: 95059.3
INFO (CarpetX): Performance:
INFO (CarpetX):   total evolution time:            0.00538611 sec
INFO (CarpetX):   total evolution compute time:    0.00536704 sec
INFO (CarpetX):   total evolution output time:     1.90735e-05 sec
INFO (CarpetX):   total iterations:                1
INFO (CarpetX):   total cells updated:             512
INFO (CarpetX):   average iterations per second: 185.663
INFO (CarpetX):   average cell updates per second: 95059.3
INFO (CarpetX): OutputGH: iteration 2, time 0.250000, run time 0 s
INFO (CarpetX): OutputGH done.
INFO (CarpetX): Simulation time: 0.25   Iterations per second: 188.572   Simulation time per second: 23.5715
INFO (CarpetX): Grid cells: 512   Grid cell updates per second: 96548.7
INFO (CarpetX): Performance:
INFO (CarpetX):   total evolution time:            0.0106061 sec
INFO (CarpetX):   total evolution compute time:    0.0105689 sec
INFO (CarpetX):   total evolution output time:     3.71933e-05 sec
INFO (CarpetX):   total iterations:                2
INFO (CarpetX):   total cells updated:             1024
INFO (CarpetX):   average iterations per second: 188.572
INFO (CarpetX):   average cell updates per second: 96548.7
INFO (CarpetX): OutputGH: iteration 3, time 0.375000, run time 0 s
INFO (CarpetX): OutputGH done.
INFO (CarpetX): Simulation time: 0.375   Iterations per second: 189.765   Simulation time per second: 23.7206
INFO (CarpetX): Grid cells: 512   Grid cell updates per second: 97159.5
INFO (CarpetX): Performance:
INFO (CarpetX):   total evolution time:            0.0158091 sec
INFO (CarpetX):   total evolution compute time:    0.0157518 sec
INFO (CarpetX):   total evolution output time:     5.72205e-05 sec
INFO (CarpetX):   total iterations:                3
INFO (CarpetX):   total cells updated:             1536
INFO (CarpetX):   average iterations per second: 189.765
INFO (CarpetX):   average cell updates per second: 97159.5
INFO (CarpetX): OutputGH: iteration 4, time 0.500000, run time 0 s
INFO (CarpetX): OutputGH done.
INFO (CarpetX): Simulation time: 0.5   Iterations per second: 190.494   Simulation time per second: 23.8118
INFO (CarpetX): Grid cells: 512   Grid cell updates per second: 97533.1
INFO (CarpetX): Performance:
INFO (CarpetX):   total evolution time:            0.020998 sec
INFO (CarpetX):   total evolution compute time:    0.0209198 sec
INFO (CarpetX):   total evolution output time:     7.82013e-05 sec
INFO (CarpetX):   total iterations:                4
INFO (CarpetX):   total cells updated:             2048
INFO (CarpetX):   average iterations per second: 190.494
INFO (CarpetX):   average cell updates per second: 97533.1
INFO (CarpetX): OutputGH: iteration 5, time 0.625000, run time 0 s
INFO (CarpetX): OutputGH done.
INFO (CarpetX): Simulation time: 0.625   Iterations per second: 190.65   Simulation time per second: 23.8313
INFO (CarpetX): Grid cells: 512   Grid cell updates per second: 97612.9
INFO (CarpetX): Performance:
INFO (CarpetX):   total evolution time:            0.026226 sec
INFO (CarpetX):   total evolution compute time:    0.0261269 sec
INFO (CarpetX):   total evolution output time:     9.91821e-05 sec
INFO (CarpetX):   total iterations:                5
INFO (CarpetX):   total cells updated:             2560
INFO (CarpetX):   average iterations per second: 190.65
INFO (CarpetX):   average cell updates per second: 97612.9
INFO (CarpetX): OutputGH: iteration 6, time 0.750000, run time 0 s
INFO (CarpetX): OutputGH done.
INFO (CarpetX): Simulation time: 0.75   Iterations per second: 191.053   Simulation time per second: 23.8816
INFO (CarpetX): Grid cells: 512   Grid cell updates per second: 97818.9
INFO (CarpetX): Performance:
INFO (CarpetX):   total evolution time:            0.031405 sec
INFO (CarpetX):   total evolution compute time:    0.031287 sec
INFO (CarpetX):   total evolution output time:     0.000118017 sec
INFO (CarpetX):   total iterations:                6
INFO (CarpetX):   total cells updated:             3072
INFO (CarpetX):   average iterations per second: 191.053
INFO (CarpetX):   average cell updates per second: 97818.9
INFO (CarpetX): OutputGH: iteration 7, time 0.875000, run time 0 s
INFO (CarpetX): OutputGH done.
INFO (CarpetX): Simulation time: 0.875   Iterations per second: 191.31   Simulation time per second: 23.9137
INFO (CarpetX): Grid cells: 512   Grid cell updates per second: 97950.6
INFO (CarpetX): Performance:
INFO (CarpetX):   total evolution time:            0.0365899 sec
INFO (CarpetX):   total evolution compute time:    0.036438 sec
INFO (CarpetX):   total evolution output time:     0.000151873 sec
INFO (CarpetX):   total iterations:                7
INFO (CarpetX):   total cells updated:             3584
INFO (CarpetX):   average iterations per second: 191.31
INFO (CarpetX):   average cell updates per second: 97950.6
INFO (CarpetX): OutputGH: iteration 8, time 1.000000, run time 0 s
INFO (CarpetX): OutputGH done.
INFO (CarpetX): Simulation time: 1   Iterations per second: 191.379   Simulation time per second: 23.9223
INFO (CarpetX): Grid cells: 512   Grid cell updates per second: 97985.9
INFO (CarpetX): Performance:
INFO (CarpetX):   total evolution time:            0.0418019 sec
INFO (CarpetX):   total evolution compute time:    0.041631 sec
INFO (CarpetX):   total evolution output time:     0.000170946 sec
INFO (CarpetX):   total iterations:                8
INFO (CarpetX):   total cells updated:             4096
INFO (CarpetX):   average iterations per second: 191.379
INFO (CarpetX):   average cell updates per second: 97985.9
INFO (CarpetX): OutputGH: iteration 9, time 1.125000, run time 0 s
INFO (CarpetX): OutputGH done.
INFO (CarpetX): Simulation time: 1.125   Iterations per second: 191.502   Simulation time per second: 23.9378
INFO (CarpetX): Grid cells: 512   Grid cell updates per second: 98049.2
INFO (CarpetX): Performance:
INFO (CarpetX):   total evolution time:            0.0469968 sec
INFO (CarpetX):   total evolution compute time:    0.0468097 sec
INFO (CarpetX):   total evolution output time:     0.000187159 sec
INFO (CarpetX):   total iterations:                9
INFO (CarpetX):   total cells updated:             4608
INFO (CarpetX):   average iterations per second: 191.502
INFO (CarpetX):   average cell updates per second: 98049.2
INFO (CarpetX): OutputGH: iteration 10, time 1.250000, run time 0 s
INFO (CarpetX): OutputGH done.
INFO (CarpetX): Simulation time: 1.25   Iterations per second: 184.367   Simulation time per second: 23.0458
INFO (CarpetX): Grid cells: 512   Grid cell updates per second: 94395.7
INFO (CarpetX): Performance:
INFO (CarpetX):   total evolution time:            0.0542397 sec
INFO (CarpetX):   total evolution compute time:    0.0519536 sec
INFO (CarpetX):   total evolution output time:     0.0022862 sec
INFO (CarpetX):   total iterations:                10
INFO (CarpetX):   total cells updated:             5120
INFO (CarpetX):   average iterations per second: 184.367
INFO (CarpetX):   average cell updates per second: 94395.7
INFO (CarpetX): Shutting down...
AMReX (24.10) finalized
--------------------------------------------------------------------------------
Done.
+ echo Stopping:
Stopping:
+ date
Thu Mar  5 21:12:50 UTC 2026
+ echo Done.
Done.
  Elapsed time: 0.8 s
