/home/runner/simulations/TestJob01_temp_1/output-0000/TEST/sim/MemSpeed
Preparing:
+ set -e
+ cd output-0000-active
+ echo Checking:
Checking:
+ pwd
/home/runner/simulations/TestJob01_temp_1/output-0000/TEST/sim/MemSpeed/output-0000-active
+ hostname
fv-az1249-985
+ date
Wed Jan 15 00:23:52 UTC 2025
+ echo Environment:
Environment:
+ export CACTUS_NUM_PROCS=1
+ CACTUS_NUM_PROCS=1
+ export CACTUS_NUM_THREADS=2
+ CACTUS_NUM_THREADS=2
+ export GMON_OUT_PREFIX=gmon.out
+ GMON_OUT_PREFIX=gmon.out
+ export OMP_NUM_THREADS=2
+ OMP_NUM_THREADS=2
+ env
+ sort
+ echo Starting:
Starting:
++ date +%s
+ export CACTUS_STARTTIME=1736900632
+ CACTUS_STARTTIME=1736900632
+ '[' 1 = 1 ']'
+ '[' 0 -eq 0 ']'
+ /home/runner/simulations/TestJob01_temp_1/SIMFACTORY/exe/cactus_sim -L 3 /home/runner/simulations/TestJob01_temp_1/output-0000/arrangements/CactusUtils/MemSpeed/test/memspeed.par
INFO (Cactus): Increased logging level from 0 to 3
--------------------------------------------------------------------------------

       10                                  
  1   0101       ************************  
  01  1010 10      The Cactus Code V4.17.0    
 1010 1101 011      www.cactuscode.org     
  1001 100101    ************************  
    00010101                               
     100011     (c) Copyright The Authors  
      0100      GNU Licensed. No Warranty  
      0101                                 
--------------------------------------------------------------------------------

Cactus version:    4.17.0
Compile date:      Jan 15 2025 (00:17:20)
Run date:          Jan 15 2025 (00:23:53+0000)
Run host:          fv-az1249-985.s2f5543ugbre5olue0o55jqcqe.bx.internal.cloudapp.net (pid=130368)
Working directory: /home/runner/simulations/TestJob01_temp_1/output-0000/TEST/sim/MemSpeed
Executable:        /home/runner/simulations/TestJob01_temp_1/SIMFACTORY/exe/cactus_sim
Parameter file:    /home/runner/simulations/TestJob01_temp_1/output-0000/arrangements/CactusUtils/MemSpeed/test/memspeed.par
--------------------------------------------------------------------------------

Activating thorn Cactus...Success -> active implementation Cactus
Activation requested for 
--->hwloc MemSpeed SystemTopology CartGrid3D CoordBase IOASCII IOUtil PUGH PUGHSlab<---
Thorn hwloc requests automatic activation of zlib
Thorn MemSpeed requests automatic activation of Vectors
Thorn MemSpeed requests automatic activation of MPI
Activating thorn CartGrid3D...Success -> active implementation grid
Activating thorn CoordBase...Success -> active implementation CoordBase
Activating thorn hwloc...Success -> active implementation hwloc
Activating thorn IOASCII...Success -> active implementation IOASCII
Activating thorn IOUtil...Success -> active implementation IO
Activating thorn MemSpeed...Success -> active implementation MemSpeed
Activating thorn MPI...Success -> active implementation MPI
Activating thorn PUGH...Success -> active implementation Driver
Activating thorn PUGHSlab...Success -> active implementation Hyperslab
Activating thorn SystemTopology...Success -> active implementation SystemTopology
Activating thorn Vectors...Success -> active implementation Vectors
Activating thorn zlib...Success -> active implementation zlib
--------------------------------------------------------------------------------
  if (recover initial data)
    Recover parameters
  endif

  Startup routines
    [CCTK_STARTUP]
      CartGrid3D::SymmetryStartup: Register GH Extension for GridSymmetry
      CoordBase::CoordBase_Startup: Register a GH extension to store the coordinate system handles
      GROUP hwloc_startup: hwloc startup group
        hwloc::hwloc_version: Output hwloc version
      SystemTopology::ST_system_topology: Output and/or modify system topology and hardware locality
      PUGH::Driver_Startup: Startup routine
      PUGH::PUGH_RegisterPUGHP2LRoutines: Register Physical to Logical process mapping routines
      PUGH::PUGH_RegisterPUGHTopologyRoutines: Register topology generation routines routines
      IOUtil::IOUtil_Startup: Startup routine
      Vectors::Vectors_Startup: Print startup message
      IOASCII::IOASCII_Startup: Startup routine

  Startup routines which need an existing grid hierarchy
    [CCTK_WRAGH]
      CartGrid3D::RegisterCartGrid3DCoords: [meta] Register coordinates for the Cartesian grid
      MemSpeed::MemSpeed_MeasureSpeed: [meta] Measure CPU, memory, cache speeds
  Parameter checking routines
    [CCTK_PARAMCHECK]
      CartGrid3D::ParamCheck_CartGrid3D: Check coordinates for CartGrid3D
      Vectors::Vectors_Test: Run correctness tests.

  Initialisation
    if (NOT (recover initial data AND recovery_mode is 'strict'))
      [CCTK_PREREGRIDINITIAL]
      Set up grid hierarchy
      [CCTK_POSTREGRIDINITIAL]
        CartGrid3D::SpatialCoordinates: Set Coordinates after regridding
      [CCTK_BASEGRID]
        CartGrid3D::SpatialSpacings: Set up ranges for spatial 3D Cartesian coordinates (on all grids)
        CartGrid3D::SpatialCoordinates: Set up spatial 3D Cartesian coordinates on the GH
        IOASCII::IOASCII_Choose1D: Choose 1D output lines
        IOASCII::IOASCII_Choose2D: Choose 2D output planes
        PUGH::PUGH_Report: Report on PUGH set up
      [CCTK_INITIAL]
      [CCTK_POSTINITIAL]
      Initialise finer grids recursively
      Restrict from finer grids
      [CCTK_POSTRESTRICTINITIAL]
      [CCTK_POSTPOSTINITIAL]
      [CCTK_POSTSTEP]
    endif
    if (recover initial data)
      [CCTK_BASEGRID]
        CartGrid3D::SpatialSpacings: Set up ranges for spatial 3D Cartesian coordinates (on all grids)
        CartGrid3D::SpatialCoordinates: Set up spatial 3D Cartesian coordinates on the GH
        IOASCII::IOASCII_Choose1D: Choose 1D output lines
        IOASCII::IOASCII_Choose2D: Choose 2D output planes
        PUGH::PUGH_Report: Report on PUGH set up
      [CCTK_RECOVER_VARIABLES]
      [CCTK_POST_RECOVER_VARIABLES]
    endif
    if (checkpoint initial data)
      [CCTK_CPINITIAL]
    endif
    if (analysis)
      [CCTK_ANALYSIS]
  endif
  Output grid variables

  do loop over timesteps
    [CCTK_PREREGRID]
    Change grid hierarchy
    [CCTK_POSTREGRID]
      CartGrid3D::SpatialCoordinates: Set Coordinates after regridding
    Rotate timelevels
    iteration = iteration+1
    t = t+dt
    [CCTK_PRESTEP]
    [CCTK_EVOL]
    Evolve finer grids recursively
    Restrict from finer grids
    [CCTK_POSTRESTRICT]
    [CCTK_POSTSTEP]
    if (checkpoint)
      [CCTK_CHECKPOINT]
    endif
    if (analysis)
      [CCTK_ANALYSIS]
    endif
    Output grid variables
    enddo

  Termination routines
    [CCTK_TERMINATE]
      PUGH::Driver_Terminate: Termination routine

  Shutdown routines
    [CCTK_SHUTDOWN]

  Routines run after changing the grid hierarchy:
    [CCTK_POSTREGRID]
      CartGrid3D::SpatialCoordinates: Set Coordinates after regridding
--------------------------------------------------------------------------------
INFO (hwloc): library version 2.7.0, API version 0x20500
INFO (SystemTopology): MPI process-to-host mapping:
This is MPI process 0 of 1
MPI hosts:
  0: fv-az1249-985
This MPI process runs on host 0 of 1
On this host, this is MPI process 0 of 1
INFO (SystemTopology): Topology support:
Discovery support:
  discovery->pu                            : yes
CPU binding support:
  cpubind->set_thisproc_cpubind            : yes
  cpubind->get_thisproc_cpubind            : yes
  cpubind->set_proc_cpubind                : yes
  cpubind->get_proc_cpubind                : yes
  cpubind->set_thisthread_cpubind          : yes
  cpubind->get_thisthread_cpubind          : yes
  cpubind->set_thread_cpubind              : yes
  cpubind->get_thread_cpubind              : yes
  cpubind->get_thisproc_last_cpu_location  : yes
  cpubind->get_proc_last_cpu_location      : yes
  cpubind->get_thisthread_last_cpu_location: yes
Memory binding support:
  membind->set_thisproc_membind            : no
  membind->get_thisproc_membind            : no
  membind->set_proc_membind                : no
  membind->get_proc_membind                : no
  membind->set_thisthread_membind          : yes
  membind->get_thisthread_membind          : yes
  membind->set_area_membind                : yes
  membind->get_area_membind                : yes
  membind->alloc_membind                   : yes
  membind->firsttouch_membind              : yes
  membind->bind_membind                    : yes
  membind->interleave_membind              : yes
  membind->nexttouch_membind               : no
  membind->migrate_membind                 : yes
INFO (SystemTopology): Hardware objects in this node:
Machine L#0: (P#0, total=16364592KB, DMIProductName="Virtual Machine", DMIProductVersion=7.0, DMIProductUUID=4dfaf307-8b62-e947-9fb4-4b8a3b6a912d, DMIBoardVendor="Microsoft Corporation", DMIBoardName="Virtual Machine", DMIBoardVersion=7.0, DMIChassisVendor="Microsoft Corporation", DMIChassisType=3, DMIChassisVersion=7.0, DMIChassisAssetTag=7783-7084-3265-9085-8269-3286-77, DMIBIOSVendor="American Megatrends Inc.", DMIBIOSVersion="090008 ", DMIBIOSDate=12/07/2018, DMISysVendor="Microsoft Corporation", Backend=Linux, LinuxCgroup=/system.slice/runner-provisioner.service, OSName=Linux, OSRelease=6.5.0-1025-azure, OSVersion="#26~22.04.1-Ubuntu SMP Thu Jul 11 22:33:04 UTC 2024", HostName=fv-az1249-985, Architecture=x86_64, hwlocVersion=2.7.0, ProcessName=cactus_sim)
  Package L#0: (P#0, total=16364592KB, CPUVendor=AuthenticAMD, CPUFamilyNumber=25, CPUModelNumber=1, CPUModel="AMD EPYC 7763 64-Core Processor                ", CPUStepping=1)
    L3Cache L#0: (P#0, size=32768KB, linesize=64, ways=16, Inclusive=0)
      L2Cache L#0: (P#0, size=512KB, linesize=64, ways=8, Inclusive=1)
        L1dCache L#0: (P#0, size=32KB, linesize=64, ways=8, Inclusive=0)
          Core L#0: (P#0)
            PU L#0: (P#0)
            PU L#1: (P#1)
      L2Cache L#1: (P#1, size=512KB, linesize=64, ways=8, Inclusive=1)
        L1dCache L#1: (P#1, size=32KB, linesize=64, ways=8, Inclusive=0)
          Core L#1: (P#1)
            PU L#2: (P#2)
            PU L#3: (P#3)
INFO (SystemTopology): Thread CPU bindings:
  MPI process 0 on host 0 (process 0 of 1 on this host)
    OpenMP thread 0: PU set L#{0-3} P#{0-3}
    OpenMP thread 1: PU set L#{0-3} P#{0-3}
INFO (SystemTopology): Setting thread CPU bindings:
INFO (SystemTopology): Thread CPU bindings:
  MPI process 0 on host 0 (process 0 of 1 on this host)
    OpenMP thread 0: PU set L#{0} P#{0}
    OpenMP thread 1: PU set L#{2} P#{2}
INFO (SystemTopology): Extracting CPU/cache/memory properties:
  There are 2 PUs per core (aka hardware SMT threads)
  There are 1 threads per core (aka SMT threads used)
  Cache (unknown name) has type "data" depth 1
    size 32768 linesize 64 associativity 8 stride 4096, for 2 PUs
  Cache (unknown name) has type "unified" depth 2
    size 524288 linesize 64 associativity 8 stride 65536, for 2 PUs
  Cache (unknown name) has type "unified" depth 3
    size 33554432 linesize 64 associativity 16 stride 2097152, for 4 PUs
INFO (PUGH): Using physical to logical mappings: direct
INFO (PUGH): Using topology generator: automatic
INFO (Vectors): Using vector size 2 for architecture SSE2 (64-bit precision)
--------------------------------------------------------------------------------
Driver provided by PUGH
--------------------------------------------------------------------------------

INFO (PUGH): Not setting up a topology for 1 dimensions
INFO (PUGH): Not setting up a topology for 2 dimensions
INFO (PUGH): Setting up a topology for 3 dimensions
INFO (IOASCII): I/O Method 'IOASCII_1D' registered: output of 1D lines of grid functions/arrays to ASCII files
INFO (IOASCII): Periodic 1D output every 1 iterations
INFO (IOASCII): Periodic 1D output requested for 'GRID::r'
INFO (IOASCII): I/O Method 'IOASCII_2D' registered: output of 2D planes of grid functions/arrays to ASCII files
INFO (IOASCII): Periodic 2D output turned off
INFO (IOASCII): I/O Method 'IOASCII_3D' registered: output of 3D grid functions/arrays to ASCII files
INFO (IOASCII): Periodic 3D output turned off
INFO (MemSpeed): Measuring CPU, cache, memory, and communication speeds:
  Single-core measurements (using 1 MPI processes with 1 OpenMP threads each):
    CPU frequency:
      iterations=1000000... time=0.00141006 sec
      iterations=10000000... time=0.012398 sec
      iterations=100000000... time=0.123932 sec
      iterations=900000000... time=1.11625 sec
      iterations=900000000... time=0.835403 sec
      result: 6.40926 GHz
    CPU floating point performance:
      iterations=1000000... time=0.00196932 sec
      iterations=10000000... time=0.019743 sec
      iterations=100000000... time=0.197274 sec
      iterations=600000000... time=1.18379 sec
      result: 16.2191 Gflop/sec
    CPU integer performance:
      iterations=1000000... time=0.00186082 sec
      iterations=10000000... time=0.0185611 sec
      iterations=100000000... time=0.18551 sec
      iterations=600000000... time=1.11407 sec
      result: 8.61705 Giop/sec
    Read latency of D1 cache (for 2 PUs) (using 1*24576 bytes):
      iterations=1000... time=0.000125183 sec
      iterations=10000... time=0.00123604 sec
      iterations=100000... time=0.0123592 sec
      iterations=1000000... time=0.123623 sec
      iterations=9000000... time=1.11281 sec
      result: 1.23646 nsec
    Read latency of L2 cache (for 2 PUs) (using 1*393216 bytes):
      iterations=1000... time=0.000638308 sec
      iterations=10000... time=0.00571176 sec
      iterations=100000... time=0.0556364 sec
      iterations=1000000... time=0.558715 sec
      iterations=2000000... time=1.11571 sec
      result: 5.57857 nsec
    Read latency of L3 cache (for 4 PUs) (using 1*25165824 bytes):
      [skipped -- avoiding large-memory benchmarks]
    Read bandwidth of D1 cache (for 2 PUs) (using 1*24576 bytes):
      iterations=1... time=5.11e-07 sec
      iterations=10... time=3.637e-06 sec
      iterations=100... time=3.1839e-05 sec
      iterations=1000... time=0.000250616 sec
      iterations=10000... time=0.00243932 sec
      iterations=100000... time=0.0243502 sec
      iterations=1000000... time=0.243731 sec
      iterations=5000000... time=1.21881 sec
      result: 100.82 GByte/sec
    Read bandwidth of L2 cache (for 2 PUs) (using 1*393216 bytes):
      iterations=1... time=7.313e-06 sec
      iterations=10... time=5.9421e-05 sec
      iterations=100... time=0.000556666 sec
      iterations=1000... time=0.00550184 sec
      iterations=10000... time=0.0544244 sec
      iterations=100000... time=0.539418 sec
      iterations=200000... time=1.08077 sec
      result: 72.7659 GByte/sec
    Read bandwidth of L3 cache (for 4 PUs) (using 1*25165824 bytes):
      [skipped -- avoiding large-memory benchmarks]
    Write latency of D1 cache (for 2 PUs) (using 1*24576 bytes):
      iterations=1000... time=3.386e-06 sec
      iterations=10000... time=3.1298e-05 sec
      iterations=100000... time=0.000253722 sec
      iterations=1000000... time=0.00248399 sec
      iterations=10000000... time=0.0247284 sec
      iterations=100000000... time=0.247253 sec
      iterations=400000000... time=0.989443 sec
      iterations=800000000... time=1.97886 sec
      result: 0.309196 nsec
    Write latency of L2 cache (for 2 PUs) (using 1*393216 bytes):
      iterations=1000... time=1.2032e-05 sec
      iterations=10000... time=0.000108001 sec
      iterations=100000... time=0.000952071 sec
      iterations=1000000... time=0.00937614 sec
      iterations=10000000... time=0.0936093 sec
      iterations=100000000... time=0.935993 sec
      iterations=200000000... time=1.86641 sec
      result: 1.16651 nsec
    Write latency of L3 cache (for 4 PUs) (using 1*25165824 bytes):
      [skipped -- avoiding large-memory benchmarks]
    Write bandwidth of D1 cache (for 2 PUs) (using 1*24576 bytes):
      iterations=1... time=3.7e-07 sec
      iterations=10... time=3.838e-06 sec
      iterations=100... time=3.4614e-05 sec
      iterations=1000... time=0.000293837 sec
      iterations=10000... time=0.0027971 sec
      iterations=100000... time=0.0276488 sec
      iterations=1000000... time=0.276833 sec
      iterations=4000000... time=1.1068 sec
      result: 88.818 GByte/sec
    Write bandwidth of L2 cache (for 2 PUs) (using 1*393216 bytes):
      iterations=1... time=7.294e-06 sec
      iterations=10... time=6.418e-05 sec
      iterations=100... time=0.000577324 sec
      iterations=1000... time=0.00572803 sec
      iterations=10000... time=0.056766 sec
      iterations=100000... time=0.566168 sec
      iterations=200000... time=1.12796 sec
      result: 69.7217 GByte/sec
    Write bandwidth of L3 cache (for 4 PUs) (using 1*25165824 bytes):
      [skipped -- avoiding large-memory benchmarks]
    Stencil code performance of D1 cache (for 2 PUs) (using 1*12^3 grid points, 1*27648 bytes):
      iterations=1... time=2.14e-05 sec
      iterations=10... time=0.000330054 sec
      iterations=100... time=0.00326821 sec
      iterations=1000... time=0.0311629 sec
      iterations=10000... time=0.320544 sec
      iterations=30000... time=0.961862 sec
      iterations=60000... time=1.92531 sec
      result: 0.053851 Gupdates/sec
    Stencil code performance of L2 cache (for 2 PUs) (using 1*29^3 grid points, 1*390224 bytes):
      iterations=1... time=0.000152094 sec
      iterations=10... time=0.00155247 sec
      iterations=100... time=0.0150093 sec
      iterations=1000... time=0.152655 sec
      iterations=7000... time=1.08053 sec
      result: 0.158 Gupdates/sec
    Stencil code performance of L3 cache (for 4 PUs) (using 1*116^3 grid points, 1*24974336 bytes):
      iterations=1... time=0.00398556 sec
      iterations=10... time=0.0384842 sec
      iterations=100... time=0.392345 sec
      iterations=300... time=1.17289 sec
      result: 0.399244 Gupdates/sec
  Single-node measurements (using 1 MPI processes with 2 OpenMP threads each):
    CPU frequency:
      iterations=1000000... time=0.00134491 sec
      iterations=10000000... time=0.0123895 sec
      iterations=100000000... time=0.124346 sec
      iterations=900000000... time=1.11729 sec
      iterations=900000000... time=0.835686 sec
      result: 6.3919 GHz
    CPU floating point performance:
      iterations=1000000... time=0.00196925 sec
      iterations=10000000... time=0.019723 sec
      iterations=100000000... time=0.197337 sec
      iterations=600000000... time=1.18416 sec
      result: 16.2141 Gflop/sec
    CPU integer performance:
      iterations=1000000... time=0.00186412 sec
      iterations=10000000... time=0.0185804 sec
      iterations=100000000... time=0.185681 sec
      iterations=600000000... time=1.1178 sec
      result: 8.5883 Giop/sec
    Read latency of D1 cache (for 2 PUs) (using 2*24576 bytes):
      iterations=1000... time=0.000124311 sec
      iterations=10000... time=0.00123508 sec
      iterations=100000... time=0.0123656 sec
      iterations=1000000... time=0.123947 sec
      iterations=9000000... time=1.11312 sec
      result: 1.2368 nsec
    Read latency of L2 cache (for 2 PUs) (using 2*393216 bytes):
      iterations=1000... time=0.00049471 sec
      iterations=10000... time=0.0047306 sec
      iterations=100000... time=0.0478186 sec
      iterations=1000000... time=0.477135 sec
      iterations=2000000... time=0.957601 sec
      iterations=4000000... time=1.90523 sec
      result: 4.76309 nsec
    Read latency of L3 cache (for 4 PUs) (using 1*25165824 bytes):
      [skipped -- avoiding large-memory benchmarks]
    Read bandwidth of D1 cache (for 2 PUs) (using 2*24576 bytes):
      iterations=1... time=4.06e-07 sec
      iterations=10... time=2.9905e-06 sec
      iterations=100... time=2.9801e-05 sec
      iterations=1000... time=0.000276018 sec
      iterations=10000... time=0.00252658 sec
      iterations=100000... time=0.0243361 sec
      iterations=1000000... time=0.243576 sec
      iterations=5000000... time=1.21921 sec
      result: 100.787 GByte/sec
    Read bandwidth of L2 cache (for 2 PUs) (using 2*393216 bytes):
      iterations=1... time=7.3185e-06 sec
      iterations=10... time=5.8894e-05 sec
      iterations=100... time=0.000561274 sec
      iterations=1000... time=0.0056284 sec
      iterations=10000... time=0.0530107 sec
      iterations=100000... time=0.517566 sec
      iterations=200000... time=1.03276 sec
      result: 76.1484 GByte/sec
    Read bandwidth of L3 cache (for 4 PUs) (using 1*25165824 bytes):
      [skipped -- avoiding large-memory benchmarks]
    Write latency of D1 cache (for 2 PUs) (using 2*24576 bytes):
      iterations=1000... time=3.0805e-06 sec
      iterations=10000... time=3.09575e-05 sec
      iterations=100000... time=0.000280933 sec
      iterations=1000000... time=0.00253786 sec
      iterations=10000000... time=0.0247353 sec
      iterations=100000000... time=0.247416 sec
      iterations=400000000... time=0.991318 sec
      iterations=800000000... time=1.98809 sec
      result: 0.310639 nsec
    Write latency of L2 cache (for 2 PUs) (using 2*393216 bytes):
      iterations=1000... time=1.04945e-05 sec
      iterations=10000... time=9.48465e-05 sec
      iterations=100000... time=0.000898803 sec
      iterations=1000000... time=0.00898536 sec
      iterations=10000000... time=0.0899569 sec
      iterations=100000000... time=0.898455 sec
      iterations=200000000... time=1.79804 sec
      result: 1.12377 nsec
    Write latency of L3 cache (for 4 PUs) (using 1*25165824 bytes):
      [skipped -- avoiding large-memory benchmarks]
    Write bandwidth of D1 cache (for 2 PUs) (using 2*24576 bytes):
      iterations=1... time=5.01e-07 sec
      iterations=10... time=3.622e-06 sec
      iterations=100... time=3.42235e-05 sec
      iterations=1000... time=0.000321723 sec
      iterations=10000... time=0.00276401 sec
      iterations=100000... time=0.0268638 sec
      iterations=1000000... time=0.270556 sec
      iterations=4000000... time=1.07627 sec
      result: 91.3377 GByte/sec
    Write bandwidth of L2 cache (for 2 PUs) (using 2*393216 bytes):
      iterations=1... time=9.838e-06 sec
      iterations=10... time=6.25465e-05 sec
      iterations=100... time=0.000575315 sec
      iterations=1000... time=0.00569235 sec
      iterations=10000... time=0.052137 sec
      iterations=100000... time=0.507962 sec
      iterations=200000... time=1.01522 sec
      result: 77.4639 GByte/sec
    Write bandwidth of L3 cache (for 4 PUs) (using 1*25165824 bytes):
      [skipped -- avoiding large-memory benchmarks]
    Stencil code performance of D1 cache (for 2 PUs) (using 1*12^3 grid points, 1*27648 bytes):
      iterations=1... time=5.2695e-06 sec
      iterations=10... time=8.3866e-05 sec
      iterations=100... time=0.000842828 sec
      iterations=1000... time=0.00849624 sec
      iterations=10000... time=0.0846474 sec
      iterations=100000... time=0.841729 sec
      iterations=200000... time=1.68047 sec
      result: 0.205657 Gupdates/sec
    Stencil code performance of L2 cache (for 2 PUs) (using 1*29^3 grid points, 1*390224 bytes):
      iterations=1... time=3.88425e-05 sec
      iterations=10... time=0.000387055 sec
      iterations=100... time=0.00387 sec
      iterations=1000... time=0.0385907 sec
      iterations=10000... time=0.385454 sec
      iterations=30000... time=1.15007 sec
      result: 0.636198 Gupdates/sec
    Stencil code performance of L3 cache (for 4 PUs) (using 1*116^3 grid points, 1*24974336 bytes):
      iterations=1... time=0.000933456 sec
      iterations=10... time=0.0106908 sec
      iterations=100... time=0.107457 sec
      iterations=1000... time=1.07435 sec
      result: 1.45288 Gupdates/sec
INFO (Vectors): Testing vectorisation... [errors may result in segfaults]
INFO (Vectors): 375/375 tests passed 
INFO (CartGrid3D): Grid Spacings:
INFO (CartGrid3D): dx=>1.1111111e-01  dy=>1.1111111e-01  dz=>1.1111111e-01
INFO (CartGrid3D): Computational Coordinates:
INFO (CartGrid3D): x=>[-0.500, 0.500]  y=>[-0.500, 0.500]  z=>[-0.500, 0.500]
INFO (CartGrid3D): Indices of Physical Coordinates:
INFO (CartGrid3D): x=>[0,9]  y=>[0,9]  z=>[0,9]
INFO (PUGH): MPI Evolution on 1 processors
INFO (PUGH): 3-dimensional grid functions
INFO (PUGH):   Size: 10 10 10
INFO (PUGH):   Processor topology: 1 x 1 x 1
INFO (PUGH):   Local load: 1000   [10 x 10 x 10]
INFO (PUGH):   Maximum load skew: 0.000000
--------------------------------------------------------------------------------
Done.
+ echo Stopping:
Stopping:
+ date
Wed Jan 15 00:24:52 UTC 2025
+ echo Done.
Done.
  Elapsed time: 60.0 s
