/home/runner/simulations/TestJob01_temp_1/output-0000/TEST/sim/BoxInBox
Preparing:
+ set -e
+ cd output-0000-active
+ echo Checking:
Checking:
+ pwd
/home/runner/simulations/TestJob01_temp_1/output-0000/TEST/sim/BoxInBox/output-0000-active
+ hostname
fv-az1785-627
+ date
Wed Jul  9 15:29:35 UTC 2025
+ echo Environment:
Environment:
+ export CACTUS_NUM_PROCS=1
+ CACTUS_NUM_PROCS=1
+ export CACTUS_NUM_THREADS=2
+ CACTUS_NUM_THREADS=2
+ export GMON_OUT_PREFIX=gmon.out
+ GMON_OUT_PREFIX=gmon.out
+ export OMP_NUM_THREADS=2
+ OMP_NUM_THREADS=2
+ env
+ sort
+ echo Starting:
Starting:
++ date +%s
+ export CACTUS_STARTTIME=1752074975
+ CACTUS_STARTTIME=1752074975
+ '[' 1 = 1 ']'
+ '[' 0 -eq 0 ']'
+ /home/runner/simulations/TestJob01_temp_1/SIMFACTORY/exe/cactus_sim -L 3 /home/runner/simulations/TestJob01_temp_1/output-0000/arrangements/CarpetX/BoxInBox/test/levels2.par
INFO (Cactus): Increased logging level from 0 to 3
--------------------------------------------------------------------------------

       10                                  
  1   0101       ************************  
  01  1010 10      The Cactus Code V4.18.0    
 1010 1101 011      www.cactuscode.org     
  1001 100101    ************************  
    00010101                               
     100011     (c) Copyright The Authors  
      0100      GNU Licensed. No Warranty  
      0101                                 
--------------------------------------------------------------------------------

Cactus version:    4.18.0
Compile date:      Jul 09 2025 (15:27:36)
Run date:          Jul 09 2025 (15:29:36+0000)
Run host:          fv-az1785-627.y4okj3z4pewedn0z02aibz1nld.jx.internal.cloudapp.net (pid=128445)
Working directory: /home/runner/simulations/TestJob01_temp_1/output-0000/TEST/sim/BoxInBox
Executable:        /home/runner/simulations/TestJob01_temp_1/SIMFACTORY/exe/cactus_sim
Parameter file:    /home/runner/simulations/TestJob01_temp_1/output-0000/arrangements/CarpetX/BoxInBox/test/levels2.par
--------------------------------------------------------------------------------

Activating thorn Cactus...Success -> active implementation Cactus
Activation requested for 
--->BoxInBox CarpetX CarpetXRegrid CoordinatesX IOUtil<---
Thorn BoxInBox requests automatic activation of Loop
Thorn CarpetX requests automatic activation of AMReX
Thorn CarpetX requests automatic activation of MPI
Thorn CarpetX requests automatic activation of yaml_cpp
Thorn CarpetX requests automatic activation of zlib
Thorn CarpetX requests automatic activation of Arith
Thorn CarpetX requests automatic activation of ADIOS2
Thorn CarpetX requests automatic activation of openPMD
Thorn CarpetX requests automatic activation of Silo
Thorn ADIOS2 requests automatic activation of CMake
Thorn Arith requests automatic activation of NSIMD
Thorn MPI requests automatic activation of hwloc
Thorn openPMD requests automatic activation of HDF5
Activating thorn ADIOS2...Success -> active implementation ADIOS2
Activating thorn AMReX...Success -> active implementation AMReX
Activating thorn Arith...Success -> active implementation Arith
Activating thorn BoxInBox...Success -> active implementation BoxInBox
Activating thorn CarpetX...Success -> active implementation Driver
Activating thorn CarpetXRegrid...Success -> active implementation CarpetXRegrid
Activating thorn CMake...Success -> active implementation CMake
Activating thorn CoordinatesX...Success -> active implementation CoordinatesX
Activating thorn HDF5...Success -> active implementation HDF5
Activating thorn hwloc...Success -> active implementation hwloc
Activating thorn IOUtil...Success -> active implementation IO
Activating thorn Loop...Success -> active implementation Loop
Activating thorn MPI...Success -> active implementation MPI
Activating thorn NSIMD...Success -> active implementation NSIMD
Activating thorn openPMD...Success -> active implementation openPMD
Activating thorn Silo...Success -> active implementation Silo
Activating thorn yaml_cpp...Success -> active implementation yaml_cpp
Activating thorn zlib...Success -> active implementation zlib
INFO (hwloc): library version 2.7.0, API version 0x20500
--------------------------------------------------------------------------------

  [34m  ▕▏  [34m  ▕▏  [34m  ▕▏  [34m  ▕▏  [34m  ▕▏  [34m  ▕▏  [34m  ▕▏  [34m  ▕▏  [34m  ▕▏  [39m  
  [34m──██──[34m──██──[34m──██──[34m──██──[34m──██──[34m──██──[34m──██──[34m──██──[34m──██──[39m  
  [34m  ▕▏  [34m  ▕▏  [34m  ▕▏  [34m  ▕▏  [34m  ▕▏  [34m  ▕▏  [34m  ▕▏  [34m  ▕▏  [34m  ▕▏  [39m  
  [34m  ▕▏  [32m██████[34m  ▕▏  [34m  ▕▏  [32m██████[34m  ▕▏  [34m  ▕▏  [32m██████[34m  ▕▏  [39m  
  [34m──██──[32m██████[34m──██──[34m──██──[32m██████[34m──██──[34m──██──[32m██████[34m──██──[39m  
  [34m  ▕▏  [32m██████[34m  ▕▏  [34m  ▕▏  [32m██████[34m  ▕▏  [34m  ▕▏  [32m██████[34m  ▕▏  [39m  
  [34m  ▕▏  [34m  ▕▏  [34m  ▕▏  [34m  ▕▏  [34m  ▕▏  [34m  ▕▏  [34m  ▕▏  [34m  ▕▏  [34m  ▕▏  [39m  
  [34m──██──[34m──██──[34m──██──[34m──██──[34m──██──[34m──██──[34m──██──[34m──██──[34m──██──[39m  
  [34m  ▕▏  [34m  ▕▏  [34m  ▕▏  [34m  ▕▏  [34m  ▕▏  [34m  ▕▏  [34m  ▕▏  [34m  ▕▏  [34m  ▕▏  [39m  
  [34m  ▕▏  [34m  ▕▏  [34m  ▕▏  [31m██████[31m██████[31m██████[34m  ▕▏  [34m  ▕▏  [34m  ▕▏  [39m  
  [34m──██──[34m──██──[34m──██──[31m██████[31m██████[31m██████[34m──██──[34m──██──[34m──██──[39m  
  [34m  ▕▏  [34m  ▕▏  [34m  ▕▏  [31m██████[31m██████[31m██████[34m  ▕▏  [34m  ▕▏  [34m  ▕▏  [39m  
  [34m  ▕▏  [32m██████[34m  ▕▏  [31m██████[31m██████[31m██████[34m  ▕▏  [32m██████[34m  ▕▏  [39m  
  [34m──██──[32m██████[34m──██──[31m██████[31m██████[31m██████[34m──██──[32m██████[34m──██──[39m  
  [34m  ▕▏  [32m██████[34m  ▕▏  [31m██████[31m██████[31m██████[34m  ▕▏  [32m██████[34m  ▕▏  [39m  
  [34m  ▕▏  [34m  ▕▏  [34m  ▕▏  [31m██████[31m██████[31m██████[34m  ▕▏  [34m  ▕▏  [34m  ▕▏  [39m  
  [34m──██──[34m──██──[34m──██──[31m██████[31m██████[31m██████[34m──██──[34m──██──[34m──██──[39m  
  [34m  ▕▏  [34m  ▕▏  [34m  ▕▏  [31m██████[31m██████[31m██████[34m  ▕▏  [34m  ▕▏  [34m  ▕▏  [39m  
  [34m  ▕▏  [34m  ▕▏  [34m  ▕▏  [34m  ▕▏  [34m  ▕▏  [34m  ▕▏  [34m  ▕▏  [34m  ▕▏  [34m  ▕▏  [39m  
  [34m──██──[34m──██──[34m──██──[34m──██──[34m──██──[34m──██──[34m──██──[34m──██──[34m──██──[39m  
  [34m  ▕▏  [34m  ▕▏  [34m  ▕▏  [34m  ▕▏  [34m  ▕▏  [34m  ▕▏  [34m  ▕▏  [34m  ▕▏  [34m  ▕▏  [39m  
  [34m  ▕▏  [32m██████[34m  ▕▏  [34m  ▕▏  [32m██████[34m  ▕▏  [34m  ▕▏  [32m██████[34m  ▕▏  [39m  
  [34m──██──[32m██████[34m──██──[34m──██──[32m██████[34m──██──[34m──██──[32m██████[34m──██──[39m  
  [34m  ▕▏  [32m██████[34m  ▕▏  [34m  ▕▏  [32m██████[34m  ▕▏  [34m  ▕▏  [32m██████[34m  ▕▏  [39m  
  [34m  ▕▏  [34m  ▕▏  [34m  ▕▏  [34m  ▕▏  [34m  ▕▏  [34m  ▕▏  [34m  ▕▏  [34m  ▕▏  [34m  ▕▏  [39m  
  [34m──██──[34m──██──[34m──██──[34m──██──[34m──██──[34m──██──[34m──██──[34m──██──[34m──██──[39m  
  [34m  ▕▏  [34m  ▕▏  [34m  ▕▏  [34m  ▕▏  [34m  ▕▏  [34m  ▕▏  [34m  ▕▏  [34m  ▕▏  [34m  ▕▏  [39m  

AMR driver provided by CarpetX,
using AMReX 24.10 (MPI, OpenMP, no accelerators, debug)
--------------------------------------------------------------------------------

Initializing AMReX (24.10)...
MPI initialized with 1 MPI processes
MPI initialized with thread support level 2
OMP initialized with 2 OMP threads
AMReX (24.10) initialized
INFO (CarpetX): 
Symmetries:
  lower x: none
  lower y: none
  lower z: none
  upper x: none
  upper y: none
  upper z: none
Default boundaries:
  lower x: dirichlet
  lower y: dirichlet
  lower z: dirichlet
  upper x: dirichlet
  upper y: dirichlet
  upper z: dirichlet
INFO (Arith): Test_smallvector
INFO (Arith): Test_spvect
INFO (CarpetX): Setting initial values for max_grid_size values for all levels
INFO (CarpetX): Setting up initial conditions...
INFO (CarpetX): Iteration: 0   time: 0   delta_time: 0.03125
INFO (CarpetX): Patch 0:
INFO (CarpetX):   Grid extent:
INFO (CarpetX):     gsh=[35,35,35]
INFO (CarpetX):     blocking_factor=[8,8,8]
INFO (CarpetX):     max_grid_size=[32,32,32]
INFO (CarpetX):     max_tile_size=[1024000,16,32]
INFO (CarpetX):   Domain extent:
INFO (CarpetX):     xmin=[-1,-1,-1]
INFO (CarpetX):     xmax=[1,1,1]
INFO (CarpetX):     base dx=[0.0625,0.0625,0.0625]
INFO (CarpetX): Initializing level 0...
INFO (CarpetX): Regridding...
INFO (CarpetX):   level 0: 1 boxes, 32768 cells (100%)
INFO (CarpetX):   level 1: 1 boxes, 32768 cells (12.5%, 12%)
INFO (CarpetX): Iteration: 0   time: 0   delta_time: 0.015625
INFO (CarpetX): Initializing level 1...
INFO (CarpetX): Regridding...
INFO (CarpetX):   level 0: 1 boxes, 32768 cells (100%)
INFO (CarpetX):   level 1: 1 boxes, 32768 cells (12.5%, 12%)
INFO (CarpetX): Initialized 2 levels
INFO (CarpetX): OutputGH: iteration 0, time 0.000000, run time 1 s
INFO (CarpetX): OutputGH done.
INFO (CarpetX): Starting evolution...
INFO (CarpetX): Regridding...
INFO (CarpetX): Setting max_grid_size values for all levels before regridding
INFO (CarpetX):   old levels 2, new levels 2
INFO (CarpetX):   level 0: 1 boxes, 32768 cells (100%)
INFO (CarpetX):   level 1: 1 boxes, 32768 cells (12.5%, 12%)
INFO (CarpetX): OutputGH: iteration 1, time 0.015625, run time 1 s
INFO (CarpetX): OutputGH done.
INFO (CarpetX): Simulation time: 0.015625   Iterations per second: 150.016   Simulation time per second: 2.344
INFO (CarpetX): Grid cells: 65536   Grid cell updates per second: 9.83146e+06
INFO (CarpetX): Performance:
INFO (CarpetX):   total evolution time:            0.00666595 sec
INFO (CarpetX):   total evolution compute time:    0.00666189 sec
INFO (CarpetX):   total evolution output time:     4.05312e-06 sec
INFO (CarpetX):   total iterations:                1
INFO (CarpetX):   total cells updated:             65536
INFO (CarpetX):   average iterations per second: 150.016
INFO (CarpetX):   average cell updates per second: 9.83146e+06
INFO (CarpetX): Regridding...
INFO (CarpetX): Setting max_grid_size values for all levels before regridding
INFO (CarpetX):   old levels 2, new levels 2
INFO (CarpetX):   level 0: 1 boxes, 32768 cells (100%)
INFO (CarpetX):   level 1: 1 boxes, 32768 cells (12.5%, 12%)
INFO (CarpetX): OutputGH: iteration 2, time 0.031250, run time 1 s
INFO (CarpetX): OutputGH done.
INFO (CarpetX): Simulation time: 0.03125   Iterations per second: 151.77   Simulation time per second: 2.3714
INFO (CarpetX): Grid cells: 65536   Grid cell updates per second: 9.94637e+06
INFO (CarpetX): Performance:
INFO (CarpetX):   total evolution time:            0.0132549 sec
INFO (CarpetX):   total evolution compute time:    0.0132468 sec
INFO (CarpetX):   total evolution output time:     8.10623e-06 sec
INFO (CarpetX):   total iterations:                2
INFO (CarpetX):   total cells updated:             131072
INFO (CarpetX):   average iterations per second: 150.888
INFO (CarpetX):   average cell updates per second: 9.88858e+06
INFO (CarpetX): Regridding...
INFO (CarpetX): Setting max_grid_size values for all levels before regridding
INFO (CarpetX):   old levels 2, new levels 2
INFO (CarpetX):   level 0: 1 boxes, 32768 cells (100%)
INFO (CarpetX):   level 1: 1 boxes, 32768 cells (12.5%, 12%)
INFO (CarpetX): OutputGH: iteration 3, time 0.046875, run time 1 s
INFO (CarpetX): OutputGH done.
INFO (CarpetX): Simulation time: 0.046875   Iterations per second: 152.559   Simulation time per second: 2.38373
INFO (CarpetX): Grid cells: 65536   Grid cell updates per second: 9.99811e+06
INFO (CarpetX): Performance:
INFO (CarpetX):   total evolution time:            0.0198097 sec
INFO (CarpetX):   total evolution compute time:    0.0197978 sec
INFO (CarpetX):   total evolution output time:     1.19209e-05 sec
INFO (CarpetX):   total iterations:                3
INFO (CarpetX):   total cells updated:             196608
INFO (CarpetX):   average iterations per second: 151.441
INFO (CarpetX):   average cell updates per second: 9.92482e+06
INFO (CarpetX): Regridding...
INFO (CarpetX): Setting max_grid_size values for all levels before regridding
INFO (CarpetX):   old levels 2, new levels 2
INFO (CarpetX):   level 0: 1 boxes, 32768 cells (100%)
INFO (CarpetX):   level 1: 1 boxes, 32768 cells (12.5%, 12%)
INFO (CarpetX): OutputGH: iteration 4, time 0.062500, run time 1 s
INFO (CarpetX): OutputGH done.
INFO (CarpetX): Simulation time: 0.0625   Iterations per second: 151.951   Simulation time per second: 2.37423
INFO (CarpetX): Grid cells: 65536   Grid cell updates per second: 9.95826e+06
INFO (CarpetX): Performance:
INFO (CarpetX):   total evolution time:            0.0263908 sec
INFO (CarpetX):   total evolution compute time:    0.0263748 sec
INFO (CarpetX):   total evolution output time:     1.5974e-05 sec
INFO (CarpetX):   total iterations:                4
INFO (CarpetX):   total cells updated:             262144
INFO (CarpetX):   average iterations per second: 151.568
INFO (CarpetX):   average cell updates per second: 9.93316e+06
INFO (CarpetX): Regridding...
INFO (CarpetX): Setting max_grid_size values for all levels before regridding
INFO (CarpetX):   old levels 2, new levels 2
INFO (CarpetX):   level 0: 1 boxes, 32768 cells (100%)
INFO (CarpetX):   level 1: 1 boxes, 32768 cells (12.5%, 12%)
INFO (CarpetX): OutputGH: iteration 5, time 0.078125, run time 1 s
INFO (CarpetX): OutputGH done.
INFO (CarpetX): Simulation time: 0.078125   Iterations per second: 152.001   Simulation time per second: 2.37501
INFO (CarpetX): Grid cells: 65536   Grid cell updates per second: 9.96151e+06
INFO (CarpetX): Performance:
INFO (CarpetX):   total evolution time:            0.0329697 sec
INFO (CarpetX):   total evolution compute time:    0.0329499 sec
INFO (CarpetX):   total evolution output time:     1.97887e-05 sec
INFO (CarpetX):   total iterations:                5
INFO (CarpetX):   total cells updated:             327680
INFO (CarpetX):   average iterations per second: 151.654
INFO (CarpetX):   average cell updates per second: 9.93882e+06
INFO (CarpetX): Regridding...
INFO (CarpetX): Setting max_grid_size values for all levels before regridding
INFO (CarpetX):   old levels 2, new levels 2
INFO (CarpetX):   level 0: 1 boxes, 32768 cells (100%)
INFO (CarpetX):   level 1: 1 boxes, 32768 cells (12.5%, 12%)
INFO (CarpetX): OutputGH: iteration 6, time 0.093750, run time 1 s
INFO (CarpetX): OutputGH done.
INFO (CarpetX): Simulation time: 0.09375   Iterations per second: 152.138   Simulation time per second: 2.37716
INFO (CarpetX): Grid cells: 65536   Grid cell updates per second: 9.97054e+06
INFO (CarpetX): Performance:
INFO (CarpetX):   total evolution time:            0.0395427 sec
INFO (CarpetX):   total evolution compute time:    0.0395198 sec
INFO (CarpetX):   total evolution output time:     2.28882e-05 sec
INFO (CarpetX):   total iterations:                6
INFO (CarpetX):   total cells updated:             393216
INFO (CarpetX):   average iterations per second: 151.735
INFO (CarpetX):   average cell updates per second: 9.94409e+06
INFO (CarpetX): Regridding...
INFO (CarpetX): Setting max_grid_size values for all levels before regridding
INFO (CarpetX):   old levels 2, new levels 2
INFO (CarpetX):   level 0: 1 boxes, 32768 cells (100%)
INFO (CarpetX):   level 1: 1 boxes, 32768 cells (12.5%, 12%)
INFO (CarpetX): OutputGH: iteration 7, time 0.109375, run time 1 s
INFO (CarpetX): OutputGH done.
INFO (CarpetX): Simulation time: 0.109375   Iterations per second: 152.348   Simulation time per second: 2.38044
INFO (CarpetX): Grid cells: 65536   Grid cell updates per second: 9.98431e+06
INFO (CarpetX): Performance:
INFO (CarpetX):   total evolution time:            0.0461066 sec
INFO (CarpetX):   total evolution compute time:    0.0460796 sec
INFO (CarpetX):   total evolution output time:     2.69413e-05 sec
INFO (CarpetX):   total iterations:                7
INFO (CarpetX):   total cells updated:             458752
INFO (CarpetX):   average iterations per second: 151.822
INFO (CarpetX):   average cell updates per second: 9.94982e+06
INFO (CarpetX): Regridding...
INFO (CarpetX): Setting max_grid_size values for all levels before regridding
INFO (CarpetX):   old levels 2, new levels 2
INFO (CarpetX):   level 0: 1 boxes, 32768 cells (100%)
INFO (CarpetX):   level 1: 1 boxes, 32768 cells (12.5%, 12%)
INFO (CarpetX): OutputGH: iteration 8, time 0.125000, run time 1 s
INFO (CarpetX): OutputGH done.
INFO (CarpetX): Simulation time: 0.125   Iterations per second: 149.968   Simulation time per second: 2.34325
INFO (CarpetX): Grid cells: 65536   Grid cell updates per second: 9.8283e+06
INFO (CarpetX): Performance:
INFO (CarpetX):   total evolution time:            0.0527747 sec
INFO (CarpetX):   total evolution compute time:    0.0527439 sec
INFO (CarpetX):   total evolution output time:     3.0756e-05 sec
INFO (CarpetX):   total iterations:                8
INFO (CarpetX):   total cells updated:             524288
INFO (CarpetX):   average iterations per second: 151.588
INFO (CarpetX):   average cell updates per second: 9.93446e+06
INFO (CarpetX): Regridding...
INFO (CarpetX): Setting max_grid_size values for all levels before regridding
INFO (CarpetX):   old levels 2, new levels 2
INFO (CarpetX):   level 0: 1 boxes, 32768 cells (100%)
INFO (CarpetX):   level 1: 1 boxes, 32768 cells (12.5%, 12%)
INFO (CarpetX): OutputGH: iteration 9, time 0.140625, run time 1 s
INFO (CarpetX): OutputGH done.
INFO (CarpetX): Simulation time: 0.140625   Iterations per second: 151.124   Simulation time per second: 2.36132
INFO (CarpetX): Grid cells: 65536   Grid cell updates per second: 9.90408e+06
INFO (CarpetX): Performance:
INFO (CarpetX):   total evolution time:            0.0593917 sec
INFO (CarpetX):   total evolution compute time:    0.0593569 sec
INFO (CarpetX):   total evolution output time:     3.48091e-05 sec
INFO (CarpetX):   total iterations:                9
INFO (CarpetX):   total cells updated:             589824
INFO (CarpetX):   average iterations per second: 151.536
INFO (CarpetX):   average cell updates per second: 9.93108e+06
INFO (CarpetX): Regridding...
INFO (CarpetX): Setting max_grid_size values for all levels before regridding
INFO (CarpetX):   old levels 2, new levels 2
INFO (CarpetX):   level 0: 1 boxes, 32768 cells (100%)
INFO (CarpetX):   level 1: 1 boxes, 32768 cells (12.5%, 12%)
INFO (CarpetX): OutputGH: iteration 10, time 0.156250, run time 1 s
INFO (CarpetX): OutputGH done.
INFO (CarpetX): Simulation time: 0.15625   Iterations per second: 72.8545   Simulation time per second: 1.13835
INFO (CarpetX): Grid cells: 65536   Grid cell updates per second: 4.77459e+06
INFO (CarpetX): Performance:
INFO (CarpetX):   total evolution time:            0.0731177 sec
INFO (CarpetX):   total evolution compute time:    0.065938 sec
INFO (CarpetX):   total evolution output time:     0.00717974 sec
INFO (CarpetX):   total iterations:                10
INFO (CarpetX):   total cells updated:             655360
INFO (CarpetX):   average iterations per second: 136.766
INFO (CarpetX):   average cell updates per second: 8.96308e+06
INFO (CarpetX): Shutting down...
AMReX (24.10) finalized
--------------------------------------------------------------------------------
Done.
+ echo Stopping:
Stopping:
+ date
Wed Jul  9 15:29:36 UTC 2025
+ echo Done.
Done.
  Elapsed time: 0.8 s
