/home/runner/simulations/TestJob01_temp_2/output-0000/TEST/sim/CanudaX_BSSNMoL
Preparing:
+ set -e
+ cd output-0000-active
+ echo Checking:
Checking:
+ pwd
/home/runner/simulations/TestJob01_temp_2/output-0000/TEST/sim/CanudaX_BSSNMoL/output-0000-active
+ hostname
runnervmrg6be
+ date
Thu Apr  2 22:26:25 UTC 2026
+ echo Environment:
Environment:
+ export CACTUS_NUM_PROCS=2
+ CACTUS_NUM_PROCS=2
+ export CACTUS_NUM_THREADS=1
+ CACTUS_NUM_THREADS=1
+ export GMON_OUT_PREFIX=gmon.out
+ GMON_OUT_PREFIX=gmon.out
+ export OMP_NUM_THREADS=1
+ OMP_NUM_THREADS=1
+ env
+ sort
+ echo Starting:
Starting:
++ date +%s
+ export CACTUS_STARTTIME=1775168785
+ CACTUS_STARTTIME=1775168785
+ '[' 2 = 1 ']'
+ mpirun -np 2 /home/runner/simulations/TestJob01_temp_2/SIMFACTORY/exe/cactus_sim -L 3 /home/runner/simulations/TestJob01_temp_2/output-0000/arrangements/CanudaX/CanudaX_BSSNMoL/test/gaugewave.par
INFO (Cactus): Increased logging level from 0 to 3
--------------------------------------------------------------------------------

       10                                  
  1   0101       ************************  
  01  1010 10      The Cactus Code V4.18.0    
 1010 1101 011      www.cactuscode.org     
  1001 100101    ************************  
    00010101                               
     100011     (c) Copyright The Authors  
      0100      GNU Licensed. No Warranty  
      0101                                 
--------------------------------------------------------------------------------

Cactus version:    4.18.0
Compile date:      Apr 02 2026 (22:06:18)
Run date:          Apr 02 2026 (22:26:25+0000)
Run host:          runnervmrg6be.cjvt5eu2u5teznjqene1d4z5dg.ex.internal.cloudapp.net (pid=144077)
Working directory: /home/runner/simulations/TestJob01_temp_2/output-0000/TEST/sim/CanudaX_BSSNMoL
Executable:        /home/runner/simulations/TestJob01_temp_2/SIMFACTORY/exe/cactus_sim
Parameter file:    /home/runner/simulations/TestJob01_temp_2/output-0000/arrangements/CanudaX/CanudaX_BSSNMoL/test/gaugewave.par
--------------------------------------------------------------------------------

Activating thorn Cactus...Success -> active implementation Cactus
Activation requested for 
--->ADMBaseX CanudaX_BSSNMoL CanudaX_ExactID CarpetX IOUtil ODESolvers TmunuBaseX<---
Thorn ADMBaseX requests automatic activation of Loop
Thorn CarpetX requests automatic activation of AMReX
Thorn CarpetX requests automatic activation of MPI
Thorn CarpetX requests automatic activation of yaml_cpp
Thorn CarpetX requests automatic activation of zlib
Thorn CarpetX requests automatic activation of Arith
Thorn CarpetX requests automatic activation of CarpetXRegrid
Thorn CarpetX requests automatic activation of ADIOS2
Thorn CarpetX requests automatic activation of openPMD
Thorn CarpetX requests automatic activation of Silo
Thorn ADIOS2 requests automatic activation of CMake
Thorn Arith requests automatic activation of NSIMD
Thorn MPI requests automatic activation of hwloc
Thorn openPMD requests automatic activation of HDF5
Activating thorn ADIOS2...Success -> active implementation ADIOS2
Activating thorn ADMBaseX...Success -> active implementation ADMBaseX
Activating thorn AMReX...Success -> active implementation AMReX
Activating thorn Arith...Success -> active implementation Arith
Activating thorn CanudaX_BSSNMoL...Success -> active implementation CanudaX_BSSNMoL
Activating thorn CanudaX_ExactID...Success -> active implementation CanudaX_ExactID
Activating thorn CarpetX...Success -> active implementation Driver
Activating thorn CarpetXRegrid...Success -> active implementation CarpetXRegrid
Activating thorn CMake...Success -> active implementation CMake
Activating thorn HDF5...Success -> active implementation HDF5
Activating thorn hwloc...Success -> active implementation hwloc
Activating thorn IOUtil...Success -> active implementation IO
Activating thorn Loop...Success -> active implementation Loop
Activating thorn MPI...Success -> active implementation MPI
Activating thorn NSIMD...Success -> active implementation NSIMD
Activating thorn ODESolvers...Success -> active implementation ODESolvers
Activating thorn openPMD...Success -> active implementation openPMD
Activating thorn Silo...Success -> active implementation Silo
Activating thorn TmunuBaseX...Success -> active implementation TmunuBaseX
Activating thorn yaml_cpp...Success -> active implementation yaml_cpp
Activating thorn zlib...Success -> active implementation zlib
--------------------------------------------------------------------------------
  if (recover initial data)
    Recover parameters
  endif

  Startup routines
    [CCTK_STARTUP]
      CarpetX::Driver_Startup: Start up the driver
      IOUtil::IOUtil_Startup: Startup routine
      GROUP hwloc_startup: hwloc startup group
        hwloc::hwloc_version: Output hwloc version

  Startup routines which need an existing grid hierarchy
    [CCTK_WRAGH]
      Arith::Test_smallvector: [meta] Test small vectors
      Arith::Test_spvect: [meta] Test sparse vectors
      ODESolvers::ODESolvers_InitConstants: [global] Set up dummy loop counters for schedule printout
  Parameter checking routines
    [CCTK_PARAMCHECK]
      CanudaX_BSSNMoL::CanudaX_BSSNMoL_paramcheck: Check CanudaX_BSSNMoL parameters for consistency

  Initialisation
    if (NOT (recover initial data AND recovery_mode is 'strict'))
      [CCTK_PREREGRIDINITIAL]
      Set up grid hierarchy
      [CCTK_POSTREGRIDINITIAL]
      [CCTK_BASEGRID]
        CarpetXRegrid::CarpetXRegrid_InitError: Initialize regridding error to zero
        GROUP ODESolvers_BaseGrid: Set up constants (e.g. coordinates) everywhere on the grid
      [CCTK_INITIAL]
        GROUP TmunuBaseX_SetTmunuVars: Schedule group for setting T_munu
          TmunuBaseX::TmunuBaseX_ZeroTmunu: Set T_munu to zero
          GROUP TmunuBaseX_AddToTmunu: Add to T_munu here
        GROUP ODESolvers_Initial: Set up initial conditions on interior of state vector
          GROUP ADMBaseX_InitialData: Schedule group for calculating ADM initial data
            GROUP CanudaX_ExactIDGroup: CanudaX_ExactID group for setting up initial data
              CanudaX_ExactID::CanudaX_ExactID_GaugeWave: [local] Create gauge wave initial data
          GROUP ADMBaseX_InitialGauge: Schedule group for the ADM initial gauge condition
            ADMBaseX::ADMBaseX_initial_dtlapse: Set dtlapse to zero
            ADMBaseX::ADMBaseX_initial_dtshift: Set dtshift to zero
          GROUP ADMBaseX_PostInitial: Schedule group for modifying the ADM initial data, such as e.g. adding noise
        GROUP CanudaX_BSSNMoL_InitialGroup: CanudaX_BSSNMoL: initial bin
          CanudaX_BSSNMoL::CanudaX_BSSNMoL_adm2bssn: [local] Convert initial data into BSSN variables
          CanudaX_BSSNMoL::CanudaX_BSSNMoL_gammat: [local] Set Gammat initial data
      [CCTK_POSTINITIAL]
        GROUP ODESolvers_PostStep: Apply boundary conditions to state vector, and project if necessary
          GROUP CanudaX_BSSNMoL_PostStepGroup: CanudaX_BSSNMoL: post-step operations
            CanudaX_BSSNMoL::CanudaX_BSSNMoL_impose_conf_fac_floor: Make sure conformal factor does not drop below specified value
            CanudaX_BSSNMoL::CanudaX_BSSNMoL_reset_detmetric: reset dethh = 1
            CanudaX_BSSNMoL::CanudaX_BSSNMoL_remove_trA: Remove trace of A
            CanudaX_BSSNMoL::CanudaX_BSSNMoL_sync: [global] Sync state vector
            CanudaX_BSSNMoL::CanudaX_BSSNMoL_bssn2adm: [local] Convert variables back to the ADM ones
          GROUP ADMBaseX_SetADMRHS: Set ADM RHS variables in this group
          GROUP ADMBaseX_SetADMVars: Set ADM variables in this group
          GROUP TmunuBaseX_SetTmunuVars: Schedule group for setting T_munu
            TmunuBaseX::TmunuBaseX_ZeroTmunu: Set T_munu to zero
            GROUP TmunuBaseX_AddToTmunu: Add to T_munu here
        GROUP ODESolvers_EstimateError: Estimate discretization error (for regridding)
      Initialise finer grids recursively
      Restrict from finer grids
      [CCTK_POSTRESTRICTINITIAL]
      [CCTK_POSTPOSTINITIAL]
      [CCTK_POSTSTEP]
        GROUP ODESolvers_EstimateError: Estimate discretization error (for regridding)
    endif
    if (recover initial data)
      [CCTK_BASEGRID]
        CarpetXRegrid::CarpetXRegrid_InitError: Initialize regridding error to zero
        GROUP ODESolvers_BaseGrid: Set up constants (e.g. coordinates) everywhere on the grid
      [CCTK_RECOVER_VARIABLES]
      [CCTK_POST_RECOVER_VARIABLES]
        GROUP ODESolvers_PostStep: Apply boundary conditions to state vector, and project if necessary
          GROUP CanudaX_BSSNMoL_PostStepGroup: CanudaX_BSSNMoL: post-step operations
            CanudaX_BSSNMoL::CanudaX_BSSNMoL_impose_conf_fac_floor: Make sure conformal factor does not drop below specified value
            CanudaX_BSSNMoL::CanudaX_BSSNMoL_reset_detmetric: reset dethh = 1
            CanudaX_BSSNMoL::CanudaX_BSSNMoL_remove_trA: Remove trace of A
            CanudaX_BSSNMoL::CanudaX_BSSNMoL_sync: [global] Sync state vector
            CanudaX_BSSNMoL::CanudaX_BSSNMoL_bssn2adm: [local] Convert variables back to the ADM ones
          GROUP ADMBaseX_SetADMRHS: Set ADM RHS variables in this group
          GROUP ADMBaseX_SetADMVars: Set ADM variables in this group
          GROUP TmunuBaseX_SetTmunuVars: Schedule group for setting T_munu
            TmunuBaseX::TmunuBaseX_ZeroTmunu: Set T_munu to zero
            GROUP TmunuBaseX_AddToTmunu: Add to T_munu here
        GROUP ODESolvers_EstimateError: Estimate discretization error (for regridding)
    endif
    if (checkpoint initial data)
      [CCTK_CPINITIAL]
        CarpetX::CarpetX_CheckpointInitial: [meta] Checkpoint initial conditions
    endif
    if (analysis)
      [CCTK_ANALYSIS]
        CanudaX_BSSNMoL::CanudaX_BSSNMoL_bssn_constraints: Compute constraints
        GROUP ODESolvers_Analysis: Calculate analysis quantities everywhere
  endif
  Output grid variables

  do loop over timesteps
    [CCTK_PREREGRID]
    Change grid hierarchy
    [CCTK_POSTREGRID]
      GROUP ODESolvers_PostStep: Apply boundary conditions to state vector, and project if necessary
        GROUP CanudaX_BSSNMoL_PostStepGroup: CanudaX_BSSNMoL: post-step operations
          CanudaX_BSSNMoL::CanudaX_BSSNMoL_impose_conf_fac_floor: Make sure conformal factor does not drop below specified value
          CanudaX_BSSNMoL::CanudaX_BSSNMoL_reset_detmetric: reset dethh = 1
          CanudaX_BSSNMoL::CanudaX_BSSNMoL_remove_trA: Remove trace of A
          CanudaX_BSSNMoL::CanudaX_BSSNMoL_sync: [global] Sync state vector
          CanudaX_BSSNMoL::CanudaX_BSSNMoL_bssn2adm: [local] Convert variables back to the ADM ones
        GROUP ADMBaseX_SetADMRHS: Set ADM RHS variables in this group
        GROUP ADMBaseX_SetADMVars: Set ADM variables in this group
        GROUP TmunuBaseX_SetTmunuVars: Schedule group for setting T_munu
          TmunuBaseX::TmunuBaseX_ZeroTmunu: Set T_munu to zero
          GROUP TmunuBaseX_AddToTmunu: Add to T_munu here
    Rotate timelevels
    iteration = iteration+1
    t = t+dt
    [CCTK_PRESTEP]
    [CCTK_EVOL]
      ODESolvers::ODESolvers_Solve: [level] Solve ODEs
      while (ODESolvers::do_substeps)
        GROUP ODESolvers_CalledBySolve: Groups internally scheduled by ODESolvers_Solve
          GROUP ODESolvers_RHS: Evaluate the RHS for of state vector everywhere on the grid
            GROUP CanudaX_BSSNMoL_RHSGroup: CanudaX_BSSNMoL: calculate BSSN RHS
              CanudaX_BSSNMoL::CanudaX_BSSNMoL_calc_bssn_rhs: MoL RHS calculation
              CanudaX_BSSNMoL::CanudaX_BSSNMoL_apply_boundary_conditions: Apply radiative boundary conditions 
          GROUP ODESolvers_PostStep: Apply boundary conditions to state vector, and project if necessary
            GROUP CanudaX_BSSNMoL_PostStepGroup: CanudaX_BSSNMoL: post-step operations
              CanudaX_BSSNMoL::CanudaX_BSSNMoL_impose_conf_fac_floor: Make sure conformal factor does not drop below specified value
              CanudaX_BSSNMoL::CanudaX_BSSNMoL_reset_detmetric: reset dethh = 1
              CanudaX_BSSNMoL::CanudaX_BSSNMoL_remove_trA: Remove trace of A
              CanudaX_BSSNMoL::CanudaX_BSSNMoL_sync: [global] Sync state vector
              CanudaX_BSSNMoL::CanudaX_BSSNMoL_bssn2adm: [local] Convert variables back to the ADM ones
            GROUP ADMBaseX_SetADMRHS: Set ADM RHS variables in this group
            GROUP ADMBaseX_SetADMVars: Set ADM variables in this group
            GROUP TmunuBaseX_SetTmunuVars: Schedule group for setting T_munu
              TmunuBaseX::TmunuBaseX_ZeroTmunu: Set T_munu to zero
              GROUP TmunuBaseX_AddToTmunu: Add to T_munu here
      end while
    Evolve finer grids recursively
    Restrict from finer grids
    [CCTK_POSTRESTRICT]
      GROUP ODESolvers_PostStep: Apply boundary conditions to state vector, and project if necessary
        GROUP CanudaX_BSSNMoL_PostStepGroup: CanudaX_BSSNMoL: post-step operations
          CanudaX_BSSNMoL::CanudaX_BSSNMoL_impose_conf_fac_floor: Make sure conformal factor does not drop below specified value
          CanudaX_BSSNMoL::CanudaX_BSSNMoL_reset_detmetric: reset dethh = 1
          CanudaX_BSSNMoL::CanudaX_BSSNMoL_remove_trA: Remove trace of A
          CanudaX_BSSNMoL::CanudaX_BSSNMoL_sync: [global] Sync state vector
          CanudaX_BSSNMoL::CanudaX_BSSNMoL_bssn2adm: [local] Convert variables back to the ADM ones
        GROUP ADMBaseX_SetADMRHS: Set ADM RHS variables in this group
        GROUP ADMBaseX_SetADMVars: Set ADM variables in this group
        GROUP TmunuBaseX_SetTmunuVars: Schedule group for setting T_munu
          TmunuBaseX::TmunuBaseX_ZeroTmunu: Set T_munu to zero
          GROUP TmunuBaseX_AddToTmunu: Add to T_munu here
    [CCTK_POSTSTEP]
      GROUP ODESolvers_EstimateError: Estimate discretization error (for regridding)
    if (checkpoint)
      [CCTK_CHECKPOINT]
      CarpetX::CarpetX_Checkpoint: [meta] Checkpoint
    endif
    if (analysis)
      [CCTK_ANALYSIS]
      CanudaX_BSSNMoL::CanudaX_BSSNMoL_bssn_constraints: Compute constraints
      GROUP ODESolvers_Analysis: Calculate analysis quantities everywhere
    endif
    Output grid variables
    enddo

  Termination routines
    [CCTK_TERMINATE]
      CarpetX::CarpetX_CheckpointTerminate: [meta] Checkpoint before terminating

  Shutdown routines
    [CCTK_SHUTDOWN]
      CarpetX::Driver_Shutdown: [meta] Shut down the driver

  Routines run after changing the grid hierarchy:
    [CCTK_POSTREGRID]
      GROUP ODESolvers_PostStep: Apply boundary conditions to state vector, and project if necessary
        GROUP CanudaX_BSSNMoL_PostStepGroup: CanudaX_BSSNMoL: post-step operations
          CanudaX_BSSNMoL::CanudaX_BSSNMoL_impose_conf_fac_floor: Make sure conformal factor does not drop below specified value
          CanudaX_BSSNMoL::CanudaX_BSSNMoL_reset_detmetric: reset dethh = 1
          CanudaX_BSSNMoL::CanudaX_BSSNMoL_remove_trA: Remove trace of A
          CanudaX_BSSNMoL::CanudaX_BSSNMoL_sync: [global] Sync state vector
          CanudaX_BSSNMoL::CanudaX_BSSNMoL_bssn2adm: [local] Convert variables back to the ADM ones
        GROUP ADMBaseX_SetADMRHS: Set ADM RHS variables in this group
        GROUP ADMBaseX_SetADMVars: Set ADM variables in this group
        GROUP TmunuBaseX_SetTmunuVars: Schedule group for setting T_munu
          TmunuBaseX::TmunuBaseX_ZeroTmunu: Set T_munu to zero
          GROUP TmunuBaseX_AddToTmunu: Add to T_munu here
--------------------------------------------------------------------------------
INFO (hwloc): library version 2.10.0, API version 0x20800
--------------------------------------------------------------------------------

  [34m  ▕▏  [34m  ▕▏  [34m  ▕▏  [34m  ▕▏  [34m  ▕▏  [34m  ▕▏  [34m  ▕▏  [34m  ▕▏  [34m  ▕▏  [39m  
  [34m──██──[34m──██──[34m──██──[34m──██──[34m──██──[34m──██──[34m──██──[34m──██──[34m──██──[39m  
  [34m  ▕▏  [34m  ▕▏  [34m  ▕▏  [34m  ▕▏  [34m  ▕▏  [34m  ▕▏  [34m  ▕▏  [34m  ▕▏  [34m  ▕▏  [39m  
  [34m  ▕▏  [32m██████[34m  ▕▏  [34m  ▕▏  [32m██████[34m  ▕▏  [34m  ▕▏  [32m██████[34m  ▕▏  [39m  
  [34m──██──[32m██████[34m──██──[34m──██──[32m██████[34m──██──[34m──██──[32m██████[34m──██──[39m  
  [34m  ▕▏  [32m██████[34m  ▕▏  [34m  ▕▏  [32m██████[34m  ▕▏  [34m  ▕▏  [32m██████[34m  ▕▏  [39m  
  [34m  ▕▏  [34m  ▕▏  [34m  ▕▏  [34m  ▕▏  [34m  ▕▏  [34m  ▕▏  [34m  ▕▏  [34m  ▕▏  [34m  ▕▏  [39m  
  [34m──██──[34m──██──[34m──██──[34m──██──[34m──██──[34m──██──[34m──██──[34m──██──[34m──██──[39m  
  [34m  ▕▏  [34m  ▕▏  [34m  ▕▏  [34m  ▕▏  [34m  ▕▏  [34m  ▕▏  [34m  ▕▏  [34m  ▕▏  [34m  ▕▏  [39m  
  [34m  ▕▏  [34m  ▕▏  [34m  ▕▏  [31m██████[31m██████[31m██████[34m  ▕▏  [34m  ▕▏  [34m  ▕▏  [39m  
  [34m──██──[34m──██──[34m──██──[31m██████[31m██████[31m██████[34m──██──[34m──██──[34m──██──[39m  
  [34m  ▕▏  [34m  ▕▏  [34m  ▕▏  [31m██████[31m██████[31m██████[34m  ▕▏  [34m  ▕▏  [34m  ▕▏  [39m  
  [34m  ▕▏  [32m██████[34m  ▕▏  [31m██████[31m██████[31m██████[34m  ▕▏  [32m██████[34m  ▕▏  [39m  
  [34m──██──[32m██████[34m──██──[31m██████[31m██████[31m██████[34m──██──[32m██████[34m──██──[39m  
  [34m  ▕▏  [32m██████[34m  ▕▏  [31m██████[31m██████[31m██████[34m  ▕▏  [32m██████[34m  ▕▏  [39m  
  [34m  ▕▏  [34m  ▕▏  [34m  ▕▏  [31m██████[31m██████[31m██████[34m  ▕▏  [34m  ▕▏  [34m  ▕▏  [39m  
  [34m──██──[34m──██──[34m──██──[31m██████[31m██████[31m██████[34m──██──[34m──██──[34m──██──[39m  
  [34m  ▕▏  [34m  ▕▏  [34m  ▕▏  [31m██████[31m██████[31m██████[34m  ▕▏  [34m  ▕▏  [34m  ▕▏  [39m  
  [34m  ▕▏  [34m  ▕▏  [34m  ▕▏  [34m  ▕▏  [34m  ▕▏  [34m  ▕▏  [34m  ▕▏  [34m  ▕▏  [34m  ▕▏  [39m  
  [34m──██──[34m──██──[34m──██──[34m──██──[34m──██──[34m──██──[34m──██──[34m──██──[34m──██──[39m  
  [34m  ▕▏  [34m  ▕▏  [34m  ▕▏  [34m  ▕▏  [34m  ▕▏  [34m  ▕▏  [34m  ▕▏  [34m  ▕▏  [34m  ▕▏  [39m  
  [34m  ▕▏  [32m██████[34m  ▕▏  [34m  ▕▏  [32m██████[34m  ▕▏  [34m  ▕▏  [32m██████[34m  ▕▏  [39m  
  [34m──██──[32m██████[34m──██──[34m──██──[32m██████[34m──██──[34m──██──[32m██████[34m──██──[39m  
  [34m  ▕▏  [32m██████[34m  ▕▏  [34m  ▕▏  [32m██████[34m  ▕▏  [34m  ▕▏  [32m██████[34m  ▕▏  [39m  
  [34m  ▕▏  [34m  ▕▏  [34m  ▕▏  [34m  ▕▏  [34m  ▕▏  [34m  ▕▏  [34m  ▕▏  [34m  ▕▏  [34m  ▕▏  [39m  
  [34m──██──[34m──██──[34m──██──[34m──██──[34m──██──[34m──██──[34m──██──[34m──██──[34m──██──[39m  
  [34m  ▕▏  [34m  ▕▏  [34m  ▕▏  [34m  ▕▏  [34m  ▕▏  [34m  ▕▏  [34m  ▕▏  [34m  ▕▏  [34m  ▕▏  [39m  

AMR driver provided by CarpetX,
using AMReX 25.11 (MPI, OpenMP, no accelerators, debug)
--------------------------------------------------------------------------------

Initializing AMReX (25.11)...
MPI initialized with 2 MPI processes
MPI initialized with thread support level 2
OMP initialized with 1 OMP threads
AMReX (25.11) initialized
INFO (CarpetX): 
Symmetries:
  lower x: periodic
  lower y: periodic
  lower z: periodic
  upper x: periodic
  upper y: periodic
  upper z: periodic
Default boundaries:
  lower x: symmetry_boundary
  lower y: symmetry_boundary
  lower z: symmetry_boundary
  upper x: symmetry_boundary
  upper y: symmetry_boundary
  upper z: symmetry_boundary
INFO (Arith): Test_smallvector
INFO (Arith): Test_spvect
INFO (CarpetX): Setting initial values for max_grid_size values for all levels
INFO (CarpetX): Setting up initial conditions...
INFO (CarpetX): Iteration: 0   time: 0   delta_time: 0.00390625
INFO (CarpetX): Patch 0:
INFO (CarpetX):   Grid extent:
INFO (CarpetX):     gsh=[71,15,15]
INFO (CarpetX):     blocking_factor=[8,8,8]
INFO (CarpetX):     max_grid_size=[10000000,10000000,10000000]
INFO (CarpetX):     max_tile_size=[1024000,16,32]
INFO (CarpetX):   Domain extent:
INFO (CarpetX):     xmin=[-0.5,-0.0625,-0.0625]
INFO (CarpetX):     xmax=[0.5,0.0625,0.0625]
INFO (CarpetX):     base dx=[0.015625,0.015625,0.015625]
INFO (CarpetX): Initializing level 0...
INFO (CanudaX_ExactID): Begin Gauge Wave initial data
INFO (CanudaX_ExactID): === End gauge wave initial data ===
INFO (CarpetX): Regridding...
INFO (CarpetX):   level 0: 2 boxes, 4096 cells (100%)
INFO (CarpetX): Initialized 1 levels
INFO (CarpetX): OutputGH: iteration 0, time 0.000000, run time 0 s
INFO (CarpetX): OutputGH done.
INFO (CarpetX): Starting evolution...
INFO (ODESolvers): ODE integrator is RK4
INFO (CarpetX): OutputGH: iteration 1, time 0.003906, run time 1 s
INFO (CarpetX): OutputGH done.
INFO (CarpetX): Simulation time: 0.00390625   Iterations per second: 22.998   Simulation time per second: 0.0898359
INFO (CarpetX): Grid cells: 4096   Grid cell updates per second: 94199.8
INFO (CarpetX): Performance:
INFO (CarpetX):   total evolution time:            0.0434821 sec
INFO (CarpetX):   total evolution compute time:    0.0434501 sec
INFO (CarpetX):   total evolution output time:     3.19481e-05 sec
INFO (CarpetX):   total iterations:                1
INFO (CarpetX):   total cells updated:             4096
INFO (CarpetX):   average iterations per second: 22.998
INFO (CarpetX):   average cell updates per second: 94199.8
INFO (CarpetX): OutputGH: iteration 2, time 0.007812, run time 1 s
INFO (CarpetX): OutputGH done.
INFO (CarpetX): Simulation time: 0.0078125   Iterations per second: 24.2459   Simulation time per second: 0.0947107
INFO (CarpetX): Grid cells: 4096   Grid cell updates per second: 99311.3
INFO (CarpetX): Performance:
INFO (CarpetX):   total evolution time:            0.0824881 sec
INFO (CarpetX):   total evolution compute time:    0.0824211 sec
INFO (CarpetX):   total evolution output time:     6.69956e-05 sec
INFO (CarpetX):   total iterations:                2
INFO (CarpetX):   total cells updated:             8192
INFO (CarpetX):   average iterations per second: 24.2459
INFO (CarpetX):   average cell updates per second: 99311.3
INFO (CarpetX): OutputGH: iteration 3, time 0.011719, run time 1 s
INFO (CarpetX): OutputGH done.
INFO (CarpetX): Simulation time: 0.0117188   Iterations per second: 24.5783   Simulation time per second: 0.0960088
INFO (CarpetX): Grid cells: 4096   Grid cell updates per second: 100673
INFO (CarpetX): Performance:
INFO (CarpetX):   total evolution time:            0.122059 sec
INFO (CarpetX):   total evolution compute time:    0.121961 sec
INFO (CarpetX):   total evolution output time:     9.799e-05 sec
INFO (CarpetX):   total iterations:                3
INFO (CarpetX):   total cells updated:             12288
INFO (CarpetX):   average iterations per second: 24.5783
INFO (CarpetX):   average cell updates per second: 100673
INFO (CarpetX): OutputGH: iteration 4, time 0.015625, run time 1 s
INFO (CarpetX): OutputGH done.
INFO (CarpetX): Simulation time: 0.015625   Iterations per second: 24.4002   Simulation time per second: 0.0953132
INFO (CarpetX): Grid cells: 4096   Grid cell updates per second: 99943.1
INFO (CarpetX): Performance:
INFO (CarpetX):   total evolution time:            0.163933 sec
INFO (CarpetX):   total evolution compute time:    0.163804 sec
INFO (CarpetX):   total evolution output time:     0.000128984 sec
INFO (CarpetX):   total iterations:                4
INFO (CarpetX):   total cells updated:             16384
INFO (CarpetX):   average iterations per second: 24.4002
INFO (CarpetX):   average cell updates per second: 99943.1
INFO (CarpetX): OutputGH: iteration 5, time 0.019531, run time 1 s
INFO (CarpetX): OutputGH done.
INFO (CarpetX): Simulation time: 0.0195312   Iterations per second: 24.8379   Simulation time per second: 0.0970231
INFO (CarpetX): Grid cells: 4096   Grid cell updates per second: 101736
INFO (CarpetX): Performance:
INFO (CarpetX):   total evolution time:            0.201305 sec
INFO (CarpetX):   total evolution compute time:    0.201148 sec
INFO (CarpetX):   total evolution output time:     0.000156879 sec
INFO (CarpetX):   total iterations:                5
INFO (CarpetX):   total cells updated:             20480
INFO (CarpetX):   average iterations per second: 24.8379
INFO (CarpetX):   average cell updates per second: 101736
INFO (CarpetX): OutputGH: iteration 6, time 0.023438, run time 1 s
INFO (CarpetX): OutputGH done.
INFO (CarpetX): Simulation time: 0.0234375   Iterations per second: 25.0646   Simulation time per second: 0.0979087
INFO (CarpetX): Grid cells: 4096   Grid cell updates per second: 102665
INFO (CarpetX): Performance:
INFO (CarpetX):   total evolution time:            0.239381 sec
INFO (CarpetX):   total evolution compute time:    0.239194 sec
INFO (CarpetX):   total evolution output time:     0.000186682 sec
INFO (CarpetX):   total iterations:                6
INFO (CarpetX):   total cells updated:             24576
INFO (CarpetX):   average iterations per second: 25.0646
INFO (CarpetX):   average cell updates per second: 102665
INFO (CarpetX): OutputGH: iteration 7, time 0.027344, run time 1 s
INFO (CarpetX): OutputGH done.
INFO (CarpetX): Simulation time: 0.0273438   Iterations per second: 25.1483   Simulation time per second: 0.0982354
INFO (CarpetX): Grid cells: 4096   Grid cell updates per second: 103007
INFO (CarpetX): Performance:
INFO (CarpetX):   total evolution time:            0.278349 sec
INFO (CarpetX):   total evolution compute time:    0.278134 sec
INFO (CarpetX):   total evolution output time:     0.000214815 sec
INFO (CarpetX):   total iterations:                7
INFO (CarpetX):   total cells updated:             28672
INFO (CarpetX):   average iterations per second: 25.1483
INFO (CarpetX):   average cell updates per second: 103007
INFO (CarpetX): OutputGH: iteration 8, time 0.031250, run time 1 s
INFO (CarpetX): OutputGH done.
INFO (CarpetX): Simulation time: 0.03125   Iterations per second: 24.7538   Simulation time per second: 0.0966947
INFO (CarpetX): Grid cells: 4096   Grid cell updates per second: 101392
INFO (CarpetX): Performance:
INFO (CarpetX):   total evolution time:            0.323182 sec
INFO (CarpetX):   total evolution compute time:    0.322935 sec
INFO (CarpetX):   total evolution output time:     0.000246763 sec
INFO (CarpetX):   total iterations:                8
INFO (CarpetX):   total cells updated:             32768
INFO (CarpetX):   average iterations per second: 24.7538
INFO (CarpetX):   average cell updates per second: 101392
INFO (CarpetX): OutputGH: iteration 9, time 0.035156, run time 1 s
INFO (CarpetX): OutputGH done.
INFO (CarpetX): Simulation time: 0.0351562   Iterations per second: 25.1599   Simulation time per second: 0.0982808
INFO (CarpetX): Grid cells: 4096   Grid cell updates per second: 103055
INFO (CarpetX): Performance:
INFO (CarpetX):   total evolution time:            0.357712 sec
INFO (CarpetX):   total evolution compute time:    0.357437 sec
INFO (CarpetX):   total evolution output time:     0.000274897 sec
INFO (CarpetX):   total iterations:                9
INFO (CarpetX):   total cells updated:             36864
INFO (CarpetX):   average iterations per second: 25.1599
INFO (CarpetX):   average cell updates per second: 103055
INFO (CarpetX): OutputGH: iteration 10, time 0.039062, run time 1 s
INFO (CarpetX): OutputGH done.
INFO (CarpetX): Simulation time: 0.0390625   Iterations per second: 25.3369   Simulation time per second: 0.0989723
INFO (CarpetX): Grid cells: 4096   Grid cell updates per second: 103780
INFO (CarpetX): Performance:
INFO (CarpetX):   total evolution time:            0.394681 sec
INFO (CarpetX):   total evolution compute time:    0.394379 sec
INFO (CarpetX):   total evolution output time:     0.000301838 sec
INFO (CarpetX):   total iterations:                10
INFO (CarpetX):   total cells updated:             40960
INFO (CarpetX):   average iterations per second: 25.3369
INFO (CarpetX):   average cell updates per second: 103780
INFO (CarpetX): OutputGH: iteration 11, time 0.042969, run time 1 s
INFO (CarpetX): OutputGH done.
INFO (CarpetX): Simulation time: 0.0429688   Iterations per second: 25.6669   Simulation time per second: 0.100262
INFO (CarpetX): Grid cells: 4096   Grid cell updates per second: 105132
INFO (CarpetX): Performance:
INFO (CarpetX):   total evolution time:            0.429074 sec
INFO (CarpetX):   total evolution compute time:    0.428744 sec
INFO (CarpetX):   total evolution output time:     0.000329971 sec
INFO (CarpetX):   total iterations:                11
INFO (CarpetX):   total cells updated:             45056
INFO (CarpetX):   average iterations per second: 25.6366
INFO (CarpetX):   average cell updates per second: 105007
INFO (CarpetX): OutputGH: iteration 12, time 0.046875, run time 1 s
INFO (CarpetX): OutputGH done.
INFO (CarpetX): Simulation time: 0.046875   Iterations per second: 25.9526   Simulation time per second: 0.101377
INFO (CarpetX): Grid cells: 4096   Grid cell updates per second: 106302
INFO (CarpetX): Performance:
INFO (CarpetX):   total evolution time:            0.463746 sec
INFO (CarpetX):   total evolution compute time:    0.463392 sec
INFO (CarpetX):   total evolution output time:     0.000354052 sec
INFO (CarpetX):   total iterations:                12
INFO (CarpetX):   total cells updated:             49152
INFO (CarpetX):   average iterations per second: 25.8762
INFO (CarpetX):   average cell updates per second: 105989
INFO (CarpetX): OutputGH: iteration 13, time 0.050781, run time 1 s
INFO (CarpetX): OutputGH done.
INFO (CarpetX): Simulation time: 0.0507812   Iterations per second: 26.2446   Simulation time per second: 0.102518
INFO (CarpetX): Grid cells: 4096   Grid cell updates per second: 107498
INFO (CarpetX): Performance:
INFO (CarpetX):   total evolution time:            0.497991 sec
INFO (CarpetX):   total evolution compute time:    0.497613 sec
INFO (CarpetX):   total evolution output time:     0.000378132 sec
INFO (CarpetX):   total iterations:                13
INFO (CarpetX):   total cells updated:             53248
INFO (CarpetX):   average iterations per second: 26.1049
INFO (CarpetX):   average cell updates per second: 106926
INFO (CarpetX): OutputGH: iteration 14, time 0.054688, run time 1 s
INFO (CarpetX): OutputGH done.
INFO (CarpetX): Simulation time: 0.0546875   Iterations per second: 26.5243   Simulation time per second: 0.103611
INFO (CarpetX): Grid cells: 4096   Grid cell updates per second: 108644
INFO (CarpetX): Performance:
INFO (CarpetX):   total evolution time:            0.532076 sec
INFO (CarpetX):   total evolution compute time:    0.531673 sec
INFO (CarpetX):   total evolution output time:     0.000402927 sec
INFO (CarpetX):   total iterations:                14
INFO (CarpetX):   total cells updated:             57344
INFO (CarpetX):   average iterations per second: 26.312
INFO (CarpetX):   average cell updates per second: 107774
INFO (CarpetX): OutputGH: iteration 15, time 0.058594, run time 1 s
INFO (CarpetX): OutputGH done.
INFO (CarpetX): Simulation time: 0.0585938   Iterations per second: 26.7641   Simulation time per second: 0.104547
INFO (CarpetX): Grid cells: 4096   Grid cell updates per second: 109626
INFO (CarpetX): Performance:
INFO (CarpetX):   total evolution time:            0.566399 sec
INFO (CarpetX):   total evolution compute time:    0.565971 sec
INFO (CarpetX):   total evolution output time:     0.000427961 sec
INFO (CarpetX):   total iterations:                15
INFO (CarpetX):   total cells updated:             61440
INFO (CarpetX):   average iterations per second: 26.4831
INFO (CarpetX):   average cell updates per second: 108475
INFO (CarpetX): OutputGH: iteration 16, time 0.062500, run time 1 s
INFO (CarpetX): OutputGH done.
INFO (CarpetX): Simulation time: 0.0625   Iterations per second: 26.9876   Simulation time per second: 0.10542
INFO (CarpetX): Grid cells: 4096   Grid cell updates per second: 110541
INFO (CarpetX): Performance:
INFO (CarpetX):   total evolution time:            0.600669 sec
INFO (CarpetX):   total evolution compute time:    0.600219 sec
INFO (CarpetX):   total evolution output time:     0.00045085 sec
INFO (CarpetX):   total iterations:                16
INFO (CarpetX):   total cells updated:             65536
INFO (CarpetX):   average iterations per second: 26.6369
INFO (CarpetX):   average cell updates per second: 109105
INFO (CarpetX): OutputGH: iteration 17, time 0.066406, run time 1 s
INFO (CarpetX): OutputGH done.
INFO (CarpetX): Simulation time: 0.0664062   Iterations per second: 27.1739   Simulation time per second: 0.106148
INFO (CarpetX): Grid cells: 4096   Grid cell updates per second: 111304
INFO (CarpetX): Performance:
INFO (CarpetX):   total evolution time:            0.635182 sec
INFO (CarpetX):   total evolution compute time:    0.634704 sec
INFO (CarpetX):   total evolution output time:     0.000478745 sec
INFO (CarpetX):   total iterations:                17
INFO (CarpetX):   total cells updated:             69632
INFO (CarpetX):   average iterations per second: 26.764
INFO (CarpetX):   average cell updates per second: 109625
INFO (CarpetX): OutputGH: iteration 18, time 0.070312, run time 1 s
INFO (CarpetX): OutputGH done.
INFO (CarpetX): Simulation time: 0.0703125   Iterations per second: 27.3666   Simulation time per second: 0.106901
INFO (CarpetX): Grid cells: 4096   Grid cell updates per second: 112094
INFO (CarpetX): Performance:
INFO (CarpetX):   total evolution time:            0.669391 sec
INFO (CarpetX):   total evolution compute time:    0.66889 sec
INFO (CarpetX):   total evolution output time:     0.000501633 sec
INFO (CarpetX):   total iterations:                18
INFO (CarpetX):   total cells updated:             73728
INFO (CarpetX):   average iterations per second: 26.8901
INFO (CarpetX):   average cell updates per second: 110142
INFO (CarpetX): OutputGH: iteration 19, time 0.074219, run time 1 s
INFO (CarpetX): OutputGH done.
INFO (CarpetX): Simulation time: 0.0742188   Iterations per second: 27.5642   Simulation time per second: 0.107673
INFO (CarpetX): Grid cells: 4096   Grid cell updates per second: 112903
INFO (CarpetX): Performance:
INFO (CarpetX):   total evolution time:            0.703312 sec
INFO (CarpetX):   total evolution compute time:    0.702786 sec
INFO (CarpetX):   total evolution output time:     0.000526428 sec
INFO (CarpetX):   total iterations:                19
INFO (CarpetX):   total cells updated:             77824
INFO (CarpetX):   average iterations per second: 27.015
INFO (CarpetX):   average cell updates per second: 110654
INFO (CarpetX): OutputGH: iteration 20, time 0.078125, run time 1 s
INFO (CarpetX): OutputGH done.
INFO (CarpetX): Simulation time: 0.078125   Iterations per second: 27.7363   Simulation time per second: 0.108345
INFO (CarpetX): Grid cells: 4096   Grid cell updates per second: 113608
INFO (CarpetX): Performance:
INFO (CarpetX):   total evolution time:            0.73734 sec
INFO (CarpetX):   total evolution compute time:    0.736792 sec
INFO (CarpetX):   total evolution output time:     0.000548363 sec
INFO (CarpetX):   total iterations:                20
INFO (CarpetX):   total cells updated:             81920
INFO (CarpetX):   average iterations per second: 27.1245
INFO (CarpetX):   average cell updates per second: 111102
INFO (CarpetX): OutputGH: iteration 21, time 0.082031, run time 1 s
INFO (CarpetX): OutputGH done.
INFO (CarpetX): Simulation time: 0.0820312   Iterations per second: 27.9043   Simulation time per second: 0.109001
INFO (CarpetX): Grid cells: 4096   Grid cell updates per second: 114296
INFO (CarpetX): Performance:
INFO (CarpetX):   total evolution time:            0.771223 sec
INFO (CarpetX):   total evolution compute time:    0.770655 sec
INFO (CarpetX):   total evolution output time:     0.00056839 sec
INFO (CarpetX):   total iterations:                21
INFO (CarpetX):   total cells updated:             86016
INFO (CarpetX):   average iterations per second: 27.2295
INFO (CarpetX):   average cell updates per second: 111532
INFO (CarpetX): OutputGH: iteration 22, time 0.085938, run time 1 s
INFO (CarpetX): OutputGH done.
INFO (CarpetX): Simulation time: 0.0859375   Iterations per second: 28.0538   Simulation time per second: 0.109585
INFO (CarpetX): Grid cells: 4096   Grid cell updates per second: 114909
INFO (CarpetX): Performance:
INFO (CarpetX):   total evolution time:            0.80515 sec
INFO (CarpetX):   total evolution compute time:    0.804559 sec
INFO (CarpetX):   total evolution output time:     0.000591516 sec
INFO (CarpetX):   total iterations:                22
INFO (CarpetX):   total cells updated:             90112
INFO (CarpetX):   average iterations per second: 27.3241
INFO (CarpetX):   average cell updates per second: 111920
INFO (CarpetX): OutputGH: iteration 23, time 0.089844, run time 1 s
INFO (CarpetX): OutputGH done.
INFO (CarpetX): Simulation time: 0.0898438   Iterations per second: 27.9202   Simulation time per second: 0.109063
INFO (CarpetX): Grid cells: 4096   Grid cell updates per second: 114361
INFO (CarpetX): Performance:
INFO (CarpetX):   total evolution time:            0.842502 sec
INFO (CarpetX):   total evolution compute time:    0.841887 sec
INFO (CarpetX):   total evolution output time:     0.000614405 sec
INFO (CarpetX):   total iterations:                23
INFO (CarpetX):   total cells updated:             94208
INFO (CarpetX):   average iterations per second: 27.2996
INFO (CarpetX):   average cell updates per second: 111819
INFO (CarpetX): OutputGH: iteration 24, time 0.093750, run time 1 s
INFO (CarpetX): OutputGH done.
INFO (CarpetX): Simulation time: 0.09375   Iterations per second: 28.0578   Simulation time per second: 0.109601
INFO (CarpetX): Grid cells: 4096   Grid cell updates per second: 114925
INFO (CarpetX): Performance:
INFO (CarpetX):   total evolution time:            0.876562 sec
INFO (CarpetX):   total evolution compute time:    0.875917 sec
INFO (CarpetX):   total evolution output time:     0.000644445 sec
INFO (CarpetX):   total iterations:                24
INFO (CarpetX):   total cells updated:             98304
INFO (CarpetX):   average iterations per second: 27.3797
INFO (CarpetX):   average cell updates per second: 112147
INFO (CarpetX): OutputGH: iteration 25, time 0.097656, run time 1 s
INFO (CarpetX): OutputGH done.
INFO (CarpetX): Simulation time: 0.0976562   Iterations per second: 28.1831   Simulation time per second: 0.11009
INFO (CarpetX): Grid cells: 4096   Grid cell updates per second: 115438
INFO (CarpetX): Performance:
INFO (CarpetX):   total evolution time:            0.910618 sec
INFO (CarpetX):   total evolution compute time:    0.909949 sec
INFO (CarpetX):   total evolution output time:     0.000669479 sec
INFO (CarpetX):   total iterations:                25
INFO (CarpetX):   total cells updated:             102400
INFO (CarpetX):   average iterations per second: 27.4539
INFO (CarpetX):   average cell updates per second: 112451
INFO (CarpetX): OutputGH: iteration 26, time 0.101562, run time 2 s
INFO (CarpetX): OutputGH done.
INFO (CarpetX): Simulation time: 0.101562   Iterations per second: 28.3044   Simulation time per second: 0.110564
INFO (CarpetX): Grid cells: 4096   Grid cell updates per second: 115935
INFO (CarpetX): Performance:
INFO (CarpetX):   total evolution time:            0.94458 sec
INFO (CarpetX):   total evolution compute time:    0.943885 sec
INFO (CarpetX):   total evolution output time:     0.000695467 sec
INFO (CarpetX):   total iterations:                26
INFO (CarpetX):   total cells updated:             106496
INFO (CarpetX):   average iterations per second: 27.5255
INFO (CarpetX):   average cell updates per second: 112744
INFO (CarpetX): OutputGH: iteration 27, time 0.105469, run time 2 s
INFO (CarpetX): OutputGH done.
INFO (CarpetX): Simulation time: 0.105469   Iterations per second: 28.3988   Simulation time per second: 0.110933
INFO (CarpetX): Grid cells: 4096   Grid cell updates per second: 116322
INFO (CarpetX): Performance:
INFO (CarpetX):   total evolution time:            0.978735 sec
INFO (CarpetX):   total evolution compute time:    0.978015 sec
INFO (CarpetX):   total evolution output time:     0.000719547 sec
INFO (CarpetX):   total iterations:                27
INFO (CarpetX):   total cells updated:             110592
INFO (CarpetX):   average iterations per second: 27.5866
INFO (CarpetX):   average cell updates per second: 112995
INFO (CarpetX): OutputGH: iteration 28, time 0.109375, run time 2 s
INFO (CarpetX): OutputGH done.
INFO (CarpetX): Simulation time: 0.109375   Iterations per second: 28.5006   Simulation time per second: 0.111331
INFO (CarpetX): Grid cells: 4096   Grid cell updates per second: 116739
INFO (CarpetX): Performance:
INFO (CarpetX):   total evolution time:            1.01269 sec
INFO (CarpetX):   total evolution compute time:    1.01195 sec
INFO (CarpetX):   total evolution output time:     0.00074172 sec
INFO (CarpetX):   total iterations:                28
INFO (CarpetX):   total cells updated:             114688
INFO (CarpetX):   average iterations per second: 27.6491
INFO (CarpetX):   average cell updates per second: 113251
INFO (CarpetX): OutputGH: iteration 29, time 0.113281, run time 2 s
INFO (CarpetX): OutputGH done.
INFO (CarpetX): Simulation time: 0.113281   Iterations per second: 28.562   Simulation time per second: 0.11157
INFO (CarpetX): Grid cells: 4096   Grid cell updates per second: 116990
INFO (CarpetX): Performance:
INFO (CarpetX):   total evolution time:            1.04702 sec
INFO (CarpetX):   total evolution compute time:    1.04626 sec
INFO (CarpetX):   total evolution output time:     0.000766754 sec
INFO (CarpetX):   total iterations:                29
INFO (CarpetX):   total cells updated:             118784
INFO (CarpetX):   average iterations per second: 27.6976
INFO (CarpetX):   average cell updates per second: 113449
INFO (CarpetX): OutputGH: iteration 30, time 0.117188, run time 2 s
INFO (CarpetX): OutputGH done.
INFO (CarpetX): Simulation time: 0.117188   Iterations per second: 28.6394   Simulation time per second: 0.111872
INFO (CarpetX): Grid cells: 4096   Grid cell updates per second: 117307
INFO (CarpetX): Performance:
INFO (CarpetX):   total evolution time:            1.08109 sec
INFO (CarpetX):   total evolution compute time:    1.0803 sec
INFO (CarpetX):   total evolution output time:     0.000792742 sec
INFO (CarpetX):   total iterations:                30
INFO (CarpetX):   total cells updated:             122880
INFO (CarpetX):   average iterations per second: 27.7498
INFO (CarpetX):   average cell updates per second: 113663
INFO (CarpetX): OutputGH: iteration 31, time 0.121094, run time 2 s
INFO (CarpetX): OutputGH done.
INFO (CarpetX): Simulation time: 0.121094   Iterations per second: 28.686   Simulation time per second: 0.112055
INFO (CarpetX): Grid cells: 4096   Grid cell updates per second: 117498
INFO (CarpetX): Performance:
INFO (CarpetX):   total evolution time:            1.11544 sec
INFO (CarpetX):   total evolution compute time:    1.11462 sec
INFO (CarpetX):   total evolution output time:     0.000813723 sec
INFO (CarpetX):   total iterations:                31
INFO (CarpetX):   total cells updated:             126976
INFO (CarpetX):   average iterations per second: 27.7918
INFO (CarpetX):   average cell updates per second: 113835
INFO (CarpetX): OutputGH: iteration 32, time 0.125000, run time 2 s
INFO (CarpetX): OutputGH done.
INFO (CarpetX): Simulation time: 0.125   Iterations per second: 28.7514   Simulation time per second: 0.11231
INFO (CarpetX): Grid cells: 4096   Grid cell updates per second: 117766
INFO (CarpetX): Performance:
INFO (CarpetX):   total evolution time:            1.14951 sec
INFO (CarpetX):   total evolution compute time:    1.14866 sec
INFO (CarpetX):   total evolution output time:     0.000840902 sec
INFO (CarpetX):   total iterations:                32
INFO (CarpetX):   total cells updated:             131072
INFO (CarpetX):   average iterations per second: 27.8381
INFO (CarpetX):   average cell updates per second: 114025
INFO (CarpetX): OutputGH: iteration 33, time 0.128906, run time 2 s
INFO (CarpetX): OutputGH done.
INFO (CarpetX): Simulation time: 0.128906   Iterations per second: 28.8068   Simulation time per second: 0.112527
INFO (CarpetX): Grid cells: 4096   Grid cell updates per second: 117993
INFO (CarpetX): Performance:
INFO (CarpetX):   total evolution time:            1.18362 sec
INFO (CarpetX):   total evolution compute time:    1.18275 sec
INFO (CarpetX):   total evolution output time:     0.000863791 sec
INFO (CarpetX):   total iterations:                33
INFO (CarpetX):   total cells updated:             135168
INFO (CarpetX):   average iterations per second: 27.8806
INFO (CarpetX):   average cell updates per second: 114199
INFO (CarpetX): OutputGH: iteration 34, time 0.132812, run time 2 s
INFO (CarpetX): OutputGH done.
INFO (CarpetX): Simulation time: 0.132812   Iterations per second: 28.8714   Simulation time per second: 0.112779
INFO (CarpetX): Grid cells: 4096   Grid cell updates per second: 118257
INFO (CarpetX): Performance:
INFO (CarpetX):   total evolution time:            1.21756 sec
INFO (CarpetX):   total evolution compute time:    1.21667 sec
INFO (CarpetX):   total evolution output time:     0.000886679 sec
INFO (CarpetX):   total iterations:                34
INFO (CarpetX):   total cells updated:             139264
INFO (CarpetX):   average iterations per second: 27.9248
INFO (CarpetX):   average cell updates per second: 114380
INFO (CarpetX): OutputGH: iteration 35, time 0.136719, run time 2 s
INFO (CarpetX): OutputGH done.
INFO (CarpetX): Simulation time: 0.136719   Iterations per second: 28.9079   Simulation time per second: 0.112921
INFO (CarpetX): Grid cells: 4096   Grid cell updates per second: 118407
INFO (CarpetX): Performance:
INFO (CarpetX):   total evolution time:            1.25175 sec
INFO (CarpetX):   total evolution compute time:    1.25084 sec
INFO (CarpetX):   total evolution output time:     0.000909567 sec
INFO (CarpetX):   total iterations:                35
INFO (CarpetX):   total cells updated:             143360
INFO (CarpetX):   average iterations per second: 27.9608
INFO (CarpetX):   average cell updates per second: 114527
INFO (CarpetX): OutputGH: iteration 36, time 0.140625, run time 2 s
INFO (CarpetX): OutputGH done.
INFO (CarpetX): Simulation time: 0.140625   Iterations per second: 28.9669   Simulation time per second: 0.113152
INFO (CarpetX): Grid cells: 4096   Grid cell updates per second: 118648
INFO (CarpetX): Performance:
INFO (CarpetX):   total evolution time:            1.28564 sec
INFO (CarpetX):   total evolution compute time:    1.28471 sec
INFO (CarpetX):   total evolution output time:     0.000931501 sec
INFO (CarpetX):   total iterations:                36
INFO (CarpetX):   total cells updated:             147456
INFO (CarpetX):   average iterations per second: 28.0016
INFO (CarpetX):   average cell updates per second: 114694
INFO (CarpetX): OutputGH: iteration 37, time 0.144531, run time 2 s
INFO (CarpetX): OutputGH done.
INFO (CarpetX): Simulation time: 0.144531   Iterations per second: 29.0398   Simulation time per second: 0.113437
INFO (CarpetX): Grid cells: 4096   Grid cell updates per second: 118947
INFO (CarpetX): Performance:
INFO (CarpetX):   total evolution time:            1.3193 sec
INFO (CarpetX):   total evolution compute time:    1.31834 sec
INFO (CarpetX):   total evolution output time:     0.000955343 sec
INFO (CarpetX):   total iterations:                37
INFO (CarpetX):   total cells updated:             151552
INFO (CarpetX):   average iterations per second: 28.0452
INFO (CarpetX):   average cell updates per second: 114873
INFO (CarpetX): OutputGH: iteration 38, time 0.148438, run time 2 s
INFO (CarpetX): OutputGH done.
INFO (CarpetX): Simulation time: 0.148438   Iterations per second: 29.088   Simulation time per second: 0.113625
INFO (CarpetX): Grid cells: 4096   Grid cell updates per second: 119145
INFO (CarpetX): Performance:
INFO (CarpetX):   total evolution time:            1.35316 sec
INFO (CarpetX):   total evolution compute time:    1.35218 sec
INFO (CarpetX):   total evolution output time:     0.000980139 sec
INFO (CarpetX):   total iterations:                38
INFO (CarpetX):   total cells updated:             155648
INFO (CarpetX):   average iterations per second: 28.0824
INFO (CarpetX):   average cell updates per second: 115025
INFO (CarpetX): OutputGH: iteration 39, time 0.152344, run time 2 s
INFO (CarpetX): OutputGH done.
INFO (CarpetX): Simulation time: 0.152344   Iterations per second: 29.0724   Simulation time per second: 0.113564
INFO (CarpetX): Grid cells: 4096   Grid cell updates per second: 119081
INFO (CarpetX): Performance:
INFO (CarpetX):   total evolution time:            1.38772 sec
INFO (CarpetX):   total evolution compute time:    1.38672 sec
INFO (CarpetX):   total evolution output time:     0.00100398 sec
INFO (CarpetX):   total iterations:                39
INFO (CarpetX):   total cells updated:             159744
INFO (CarpetX):   average iterations per second: 28.1036
INFO (CarpetX):   average cell updates per second: 115112
INFO (CarpetX): OutputGH: iteration 40, time 0.156250, run time 2 s
INFO (CarpetX): OutputGH done.
INFO (CarpetX): Simulation time: 0.15625   Iterations per second: 29.1127   Simulation time per second: 0.113722
INFO (CarpetX): Grid cells: 4096   Grid cell updates per second: 119246
INFO (CarpetX): Performance:
INFO (CarpetX):   total evolution time:            1.42165 sec
INFO (CarpetX):   total evolution compute time:    1.42062 sec
INFO (CarpetX):   total evolution output time:     0.00102806 sec
INFO (CarpetX):   total iterations:                40
INFO (CarpetX):   total cells updated:             163840
INFO (CarpetX):   average iterations per second: 28.1364
INFO (CarpetX):   average cell updates per second: 115247
INFO (CarpetX): OutputGH: iteration 41, time 0.160156, run time 2 s
INFO (CarpetX): OutputGH done.
INFO (CarpetX): Simulation time: 0.160156   Iterations per second: 29.1171   Simulation time per second: 0.113739
INFO (CarpetX): Grid cells: 4096   Grid cell updates per second: 119263
INFO (CarpetX): Performance:
INFO (CarpetX):   total evolution time:            1.45594 sec
INFO (CarpetX):   total evolution compute time:    1.45489 sec
INFO (CarpetX):   total evolution output time:     0.0010519 sec
INFO (CarpetX):   total iterations:                41
INFO (CarpetX):   total cells updated:             167936
INFO (CarpetX):   average iterations per second: 28.1604
INFO (CarpetX):   average cell updates per second: 115345
INFO (CarpetX): OutputGH: iteration 42, time 0.164062, run time 2 s
INFO (CarpetX): OutputGH done.
INFO (CarpetX): Simulation time: 0.164062   Iterations per second: 29.1436   Simulation time per second: 0.113842
INFO (CarpetX): Grid cells: 4096   Grid cell updates per second: 119372
INFO (CarpetX): Performance:
INFO (CarpetX):   total evolution time:            1.48997 sec
INFO (CarpetX):   total evolution compute time:    1.4889 sec
INFO (CarpetX):   total evolution output time:     0.0010767 sec
INFO (CarpetX):   total iterations:                42
INFO (CarpetX):   total cells updated:             172032
INFO (CarpetX):   average iterations per second: 28.1884
INFO (CarpetX):   average cell updates per second: 115460
INFO (CarpetX): OutputGH: iteration 43, time 0.167969, run time 2 s
INFO (CarpetX): OutputGH done.
INFO (CarpetX): Simulation time: 0.167969   Iterations per second: 29.1648   Simulation time per second: 0.113925
INFO (CarpetX): Grid cells: 4096   Grid cell updates per second: 119459
INFO (CarpetX): Performance:
INFO (CarpetX):   total evolution time:            1.52404 sec
INFO (CarpetX):   total evolution compute time:    1.52293 sec
INFO (CarpetX):   total evolution output time:     0.00110364 sec
INFO (CarpetX):   total iterations:                43
INFO (CarpetX):   total cells updated:             176128
INFO (CarpetX):   average iterations per second: 28.2145
INFO (CarpetX):   average cell updates per second: 115567
INFO (CarpetX): OutputGH: iteration 44, time 0.171875, run time 2 s
INFO (CarpetX): OutputGH done.
INFO (CarpetX): Simulation time: 0.171875   Iterations per second: 29.1886   Simulation time per second: 0.114018
INFO (CarpetX): Grid cells: 4096   Grid cell updates per second: 119557
INFO (CarpetX): Performance:
INFO (CarpetX):   total evolution time:            1.55805 sec
INFO (CarpetX):   total evolution compute time:    1.55692 sec
INFO (CarpetX):   total evolution output time:     0.00112557 sec
INFO (CarpetX):   total iterations:                44
INFO (CarpetX):   total cells updated:             180224
INFO (CarpetX):   average iterations per second: 28.2405
INFO (CarpetX):   average cell updates per second: 115673
INFO (CarpetX): OutputGH: iteration 45, time 0.175781, run time 2 s
INFO (CarpetX): OutputGH done.
INFO (CarpetX): Simulation time: 0.175781   Iterations per second: 29.2244   Simulation time per second: 0.114158
INFO (CarpetX): Grid cells: 4096   Grid cell updates per second: 119703
INFO (CarpetX): Performance:
INFO (CarpetX):   total evolution time:            1.59189 sec
INFO (CarpetX):   total evolution compute time:    1.59074 sec
INFO (CarpetX):   total evolution output time:     0.00115156 sec
INFO (CarpetX):   total iterations:                45
INFO (CarpetX):   total cells updated:             184320
INFO (CarpetX):   average iterations per second: 28.2683
INFO (CarpetX):   average cell updates per second: 115787
INFO (CarpetX): OutputGH: iteration 46, time 0.179688, run time 2 s
INFO (CarpetX): OutputGH done.
INFO (CarpetX): Simulation time: 0.179688   Iterations per second: 29.2324   Simulation time per second: 0.114189
INFO (CarpetX): Grid cells: 4096   Grid cell updates per second: 119736
INFO (CarpetX): Performance:
INFO (CarpetX):   total evolution time:            1.62601 sec
INFO (CarpetX):   total evolution compute time:    1.62484 sec
INFO (CarpetX):   total evolution output time:     0.00117373 sec
INFO (CarpetX):   total iterations:                46
INFO (CarpetX):   total cells updated:             188416
INFO (CarpetX):   average iterations per second: 28.2901
INFO (CarpetX):   average cell updates per second: 115876
INFO (CarpetX): OutputGH: iteration 47, time 0.183594, run time 2 s
INFO (CarpetX): OutputGH done.
INFO (CarpetX): Simulation time: 0.183594   Iterations per second: 29.2486   Simulation time per second: 0.114252
INFO (CarpetX): Grid cells: 4096   Grid cell updates per second: 119802
INFO (CarpetX): Performance:
INFO (CarpetX):   total evolution time:            1.66003 sec
INFO (CarpetX):   total evolution compute time:    1.65883 sec
INFO (CarpetX):   total evolution output time:     0.00119972 sec
INFO (CarpetX):   total iterations:                47
INFO (CarpetX):   total cells updated:             192512
INFO (CarpetX):   average iterations per second: 28.3127
INFO (CarpetX):   average cell updates per second: 115969
INFO (CarpetX): OutputGH: iteration 48, time 0.187500, run time 2 s
INFO (CarpetX): OutputGH done.
INFO (CarpetX): Simulation time: 0.1875   Iterations per second: 29.2575   Simulation time per second: 0.114287
INFO (CarpetX): Grid cells: 4096   Grid cell updates per second: 119839
INFO (CarpetX): Performance:
INFO (CarpetX):   total evolution time:            1.69412 sec
INFO (CarpetX):   total evolution compute time:    1.69289 sec
INFO (CarpetX):   total evolution output time:     0.0012238 sec
INFO (CarpetX):   total iterations:                48
INFO (CarpetX):   total cells updated:             196608
INFO (CarpetX):   average iterations per second: 28.3334
INFO (CarpetX):   average cell updates per second: 116053
INFO (CarpetX): OutputGH: iteration 49, time 0.191406, run time 2 s
INFO (CarpetX): OutputGH done.
INFO (CarpetX): Simulation time: 0.191406   Iterations per second: 29.2668   Simulation time per second: 0.114323
INFO (CarpetX): Grid cells: 4096   Grid cell updates per second: 119877
INFO (CarpetX): Performance:
INFO (CarpetX):   total evolution time:            1.72819 sec
INFO (CarpetX):   total evolution compute time:    1.72692 sec
INFO (CarpetX):   total evolution output time:     0.00126481 sec
INFO (CarpetX):   total iterations:                49
INFO (CarpetX):   total cells updated:             200704
INFO (CarpetX):   average iterations per second: 28.3534
INFO (CarpetX):   average cell updates per second: 116136
INFO (CarpetX): OutputGH: iteration 50, time 0.195312, run time 2 s
INFO (CarpetX): OutputGH done.
INFO (CarpetX): Simulation time: 0.195312   Iterations per second: 29.2792   Simulation time per second: 0.114372
INFO (CarpetX): Grid cells: 4096   Grid cell updates per second: 119928
INFO (CarpetX): Performance:
INFO (CarpetX):   total evolution time:            1.76221 sec
INFO (CarpetX):   total evolution compute time:    1.76092 sec
INFO (CarpetX):   total evolution output time:     0.00128794 sec
INFO (CarpetX):   total iterations:                50
INFO (CarpetX):   total cells updated:             204800
INFO (CarpetX):   average iterations per second: 28.3735
INFO (CarpetX):   average cell updates per second: 116218
INFO (CarpetX): OutputGH: iteration 51, time 0.199219, run time 2 s
INFO (CarpetX): OutputGH done.
INFO (CarpetX): Simulation time: 0.199219   Iterations per second: 29.282   Simulation time per second: 0.114383
INFO (CarpetX): Grid cells: 4096   Grid cell updates per second: 119939
INFO (CarpetX): Performance:
INFO (CarpetX):   total evolution time:            1.79633 sec
INFO (CarpetX):   total evolution compute time:    1.79502 sec
INFO (CarpetX):   total evolution output time:     0.00130892 sec
INFO (CarpetX):   total iterations:                51
INFO (CarpetX):   total cells updated:             208896
INFO (CarpetX):   average iterations per second: 28.3912
INFO (CarpetX):   average cell updates per second: 116290
INFO (CarpetX): OutputGH: iteration 52, time 0.203125, run time 2 s
INFO (CarpetX): OutputGH done.
INFO (CarpetX): Simulation time: 0.203125   Iterations per second: 29.3026   Simulation time per second: 0.114463
INFO (CarpetX): Grid cells: 4096   Grid cell updates per second: 120023
INFO (CarpetX): Performance:
INFO (CarpetX):   total evolution time:            1.83024 sec
INFO (CarpetX):   total evolution compute time:    1.82891 sec
INFO (CarpetX):   total evolution output time:     0.00133181 sec
INFO (CarpetX):   total iterations:                52
INFO (CarpetX):   total cells updated:             212992
INFO (CarpetX):   average iterations per second: 28.4115
INFO (CarpetX):   average cell updates per second: 116374
INFO (CarpetX): OutputGH: iteration 53, time 0.207031, run time 2 s
INFO (CarpetX): OutputGH done.
INFO (CarpetX): Simulation time: 0.207031   Iterations per second: 29.3193   Simulation time per second: 0.114529
INFO (CarpetX): Grid cells: 4096   Grid cell updates per second: 120092
INFO (CarpetX): Performance:
INFO (CarpetX):   total evolution time:            1.86417 sec
INFO (CarpetX):   total evolution compute time:    1.86282 sec
INFO (CarpetX):   total evolution output time:     0.00135398 sec
INFO (CarpetX):   total iterations:                53
INFO (CarpetX):   total cells updated:             217088
INFO (CarpetX):   average iterations per second: 28.4308
INFO (CarpetX):   average cell updates per second: 116453
INFO (CarpetX): OutputGH: iteration 54, time 0.210938, run time 2 s
INFO (CarpetX): OutputGH done.
INFO (CarpetX): Simulation time: 0.210938   Iterations per second: 29.3263   Simulation time per second: 0.114556
INFO (CarpetX): Grid cells: 4096   Grid cell updates per second: 120120
INFO (CarpetX): Performance:
INFO (CarpetX):   total evolution time:            1.8982 sec
INFO (CarpetX):   total evolution compute time:    1.89682 sec
INFO (CarpetX):   total evolution output time:     0.00137711 sec
INFO (CarpetX):   total iterations:                54
INFO (CarpetX):   total cells updated:             221184
INFO (CarpetX):   average iterations per second: 28.448
INFO (CarpetX):   average cell updates per second: 116523
INFO (CarpetX): OutputGH: iteration 55, time 0.214844, run time 3 s
INFO (CarpetX): OutputGH done.
INFO (CarpetX): Simulation time: 0.214844   Iterations per second: 29.3371   Simulation time per second: 0.114598
INFO (CarpetX): Grid cells: 4096   Grid cell updates per second: 120165
INFO (CarpetX): Performance:
INFO (CarpetX):   total evolution time:            1.93217 sec
INFO (CarpetX):   total evolution compute time:    1.93077 sec
INFO (CarpetX):   total evolution output time:     0.00139928 sec
INFO (CarpetX):   total iterations:                55
INFO (CarpetX):   total cells updated:             225280
INFO (CarpetX):   average iterations per second: 28.4653
INFO (CarpetX):   average cell updates per second: 116594
INFO (CarpetX): OutputGH: iteration 56, time 0.218750, run time 3 s
INFO (CarpetX): OutputGH done.
INFO (CarpetX): Simulation time: 0.21875   Iterations per second: 29.3566   Simulation time per second: 0.114674
INFO (CarpetX): Grid cells: 4096   Grid cell updates per second: 120245
INFO (CarpetX): Performance:
INFO (CarpetX):   total evolution time:            1.96603 sec
INFO (CarpetX):   total evolution compute time:    1.96461 sec
INFO (CarpetX):   total evolution output time:     0.00142121 sec
INFO (CarpetX):   total iterations:                56
INFO (CarpetX):   total cells updated:             229376
INFO (CarpetX):   average iterations per second: 28.4837
INFO (CarpetX):   average cell updates per second: 116669
INFO (CarpetX): OutputGH: iteration 57, time 0.222656, run time 3 s
INFO (CarpetX): OutputGH done.
INFO (CarpetX): Simulation time: 0.222656   Iterations per second: 29.3381   Simulation time per second: 0.114602
INFO (CarpetX): Grid cells: 4096   Grid cell updates per second: 120169
INFO (CarpetX): Performance:
INFO (CarpetX):   total evolution time:            2.00031 sec
INFO (CarpetX):   total evolution compute time:    1.99887 sec
INFO (CarpetX):   total evolution output time:     0.0014472 sec
INFO (CarpetX):   total iterations:                57
INFO (CarpetX):   total cells updated:             233472
INFO (CarpetX):   average iterations per second: 28.4955
INFO (CarpetX):   average cell updates per second: 116718
INFO (CarpetX): OutputGH: iteration 58, time 0.226562, run time 3 s
INFO (CarpetX): OutputGH done.
INFO (CarpetX): Simulation time: 0.226562   Iterations per second: 29.3432   Simulation time per second: 0.114622
INFO (CarpetX): Grid cells: 4096   Grid cell updates per second: 120190
INFO (CarpetX): Performance:
INFO (CarpetX):   total evolution time:            2.03434 sec
INFO (CarpetX):   total evolution compute time:    2.03287 sec
INFO (CarpetX):   total evolution output time:     0.00147128 sec
INFO (CarpetX):   total iterations:                58
INFO (CarpetX):   total cells updated:             237568
INFO (CarpetX):   average iterations per second: 28.5105
INFO (CarpetX):   average cell updates per second: 116779
INFO (CarpetX): OutputGH: iteration 59, time 0.230469, run time 3 s
INFO (CarpetX): OutputGH done.
INFO (CarpetX): Simulation time: 0.230469   Iterations per second: 29.3843   Simulation time per second: 0.114782
INFO (CarpetX): Grid cells: 4096   Grid cell updates per second: 120358
INFO (CarpetX): Performance:
INFO (CarpetX):   total evolution time:            2.06794 sec
INFO (CarpetX):   total evolution compute time:    2.06645 sec
INFO (CarpetX):   total evolution output time:     0.00149322 sec
INFO (CarpetX):   total iterations:                59
INFO (CarpetX):   total cells updated:             241664
INFO (CarpetX):   average iterations per second: 28.5308
INFO (CarpetX):   average cell updates per second: 116862
INFO (CarpetX): OutputGH: iteration 60, time 0.234375, run time 3 s
INFO (CarpetX): OutputGH done.
INFO (CarpetX): Simulation time: 0.234375   Iterations per second: 29.4044   Simulation time per second: 0.114861
INFO (CarpetX): Grid cells: 4096   Grid cell updates per second: 120440
INFO (CarpetX): Performance:
INFO (CarpetX):   total evolution time:            2.10174 sec
INFO (CarpetX):   total evolution compute time:    2.10022 sec
INFO (CarpetX):   total evolution output time:     0.00151634 sec
INFO (CarpetX):   total iterations:                60
INFO (CarpetX):   total cells updated:             245760
INFO (CarpetX):   average iterations per second: 28.5478
INFO (CarpetX):   average cell updates per second: 116932
INFO (CarpetX): OutputGH: iteration 61, time 0.238281, run time 3 s
INFO (CarpetX): OutputGH done.
INFO (CarpetX): Simulation time: 0.238281   Iterations per second: 29.4088   Simulation time per second: 0.114878
INFO (CarpetX): Grid cells: 4096   Grid cell updates per second: 120459
INFO (CarpetX): Performance:
INFO (CarpetX):   total evolution time:            2.1357 sec
INFO (CarpetX):   total evolution compute time:    2.13416 sec
INFO (CarpetX):   total evolution output time:     0.00154042 sec
INFO (CarpetX):   total iterations:                61
INFO (CarpetX):   total cells updated:             249856
INFO (CarpetX):   average iterations per second: 28.5621
INFO (CarpetX):   average cell updates per second: 116990
INFO (CarpetX): OutputGH: iteration 62, time 0.242188, run time 3 s
INFO (CarpetX): OutputGH done.
INFO (CarpetX): Simulation time: 0.242188   Iterations per second: 29.4224   Simulation time per second: 0.114931
INFO (CarpetX): Grid cells: 4096   Grid cell updates per second: 120514
INFO (CarpetX): Performance:
INFO (CarpetX):   total evolution time:            2.16954 sec
INFO (CarpetX):   total evolution compute time:    2.16798 sec
INFO (CarpetX):   total evolution output time:     0.00156355 sec
INFO (CarpetX):   total iterations:                62
INFO (CarpetX):   total cells updated:             253952
INFO (CarpetX):   average iterations per second: 28.5774
INFO (CarpetX):   average cell updates per second: 117053
INFO (CarpetX): OutputGH: iteration 63, time 0.246094, run time 3 s
INFO (CarpetX): OutputGH done.
INFO (CarpetX): Simulation time: 0.246094   Iterations per second: 29.4096   Simulation time per second: 0.114881
INFO (CarpetX): Grid cells: 4096   Grid cell updates per second: 120462
INFO (CarpetX): Performance:
INFO (CarpetX):   total evolution time:            2.20368 sec
INFO (CarpetX):   total evolution compute time:    2.20209 sec
INFO (CarpetX):   total evolution output time:     0.00158954 sec
INFO (CarpetX):   total iterations:                63
INFO (CarpetX):   total cells updated:             258048
INFO (CarpetX):   average iterations per second: 28.5885
INFO (CarpetX):   average cell updates per second: 117099
INFO (CarpetX): OutputGH: iteration 64, time 0.250000, run time 3 s
INFO (CarpetX): OutputGH done.
INFO (CarpetX): Simulation time: 0.25   Iterations per second: 16.0526   Simulation time per second: 0.0627053
INFO (CarpetX): Grid cells: 4096   Grid cell updates per second: 65751.3
INFO (CarpetX): Performance:
INFO (CarpetX):   total evolution time:            2.52061 sec
INFO (CarpetX):   total evolution compute time:    2.23918 sec
INFO (CarpetX):   total evolution output time:     0.281434 sec
INFO (CarpetX):   total iterations:                64
INFO (CarpetX):   total cells updated:             262144
INFO (CarpetX):   average iterations per second: 25.3907
INFO (CarpetX):   average cell updates per second: 104000
INFO (CarpetX): Shutting down...
AMReX (25.11) finalized
--------------------------------------------------------------------------------
Done.
+ echo Stopping:
Stopping:
+ date
Thu Apr  2 22:26:28 UTC 2026
+ echo Done.
Done.
  Elapsed time: 3.6 s
