/home/runner/simulations/TestJob01_temp_1/output-0000/TEST/sim/CarpetReduce
Preparing:
+ set -e
+ cd output-0000-active
+ echo Checking:
Checking:
+ pwd
/home/runner/simulations/TestJob01_temp_1/output-0000/TEST/sim/CarpetReduce/output-0000-active
+ hostname
fv-az1249-127
+ date
Fri Nov 10 22:08:55 UTC 2023
+ echo Environment:
Environment:
+ export CACTUS_NUM_PROCS=1
+ CACTUS_NUM_PROCS=1
+ export CACTUS_NUM_THREADS=2
+ CACTUS_NUM_THREADS=2
+ export GMON_OUT_PREFIX=gmon.out
+ GMON_OUT_PREFIX=gmon.out
+ export OMP_NUM_THREADS=2
+ OMP_NUM_THREADS=2
+ env
+ sort
+ echo Starting:
Starting:
++ date +%s
+ export CACTUS_STARTTIME=1699654135
+ CACTUS_STARTTIME=1699654135
+ '[' 1 = 1 ']'
+ '[' 0 -eq 0 ']'
+ /home/runner/simulations/TestJob01_temp_1/SIMFACTORY/exe/cactus_sim -L 3 /home/runner/simulations/TestJob01_temp_1/output-0000/arrangements/Carpet/CarpetReduce/test/nonstaggered_excl.par
INFO (Cactus): Increased logging level from 0 to 3
--------------------------------------------------------------------------------

       10                                  
  1   0101       ************************  
  01  1010 10      The Cactus Code V4.14.0    
 1010 1101 011      www.cactuscode.org     
  1001 100101    ************************  
    00010101                               
     100011     (c) Copyright The Authors  
      0100      GNU Licensed. No Warranty  
      0101                                 
--------------------------------------------------------------------------------

Cactus version:    4.14.0
Compile date:      Nov 10 2023 (22:05:47)
Run date:          Nov 10 2023 (22:08:55+0000)
Run host:          fv-az1249-127.s2f5543ugbre5olue0o55jqcqe.bx.internal.cloudapp.net (pid=128062)
Working directory: /home/runner/simulations/TestJob01_temp_1/output-0000/TEST/sim/CarpetReduce
Executable:        /home/runner/simulations/TestJob01_temp_1/SIMFACTORY/exe/cactus_sim
Parameter file:    /home/runner/simulations/TestJob01_temp_1/output-0000/arrangements/Carpet/CarpetReduce/test/nonstaggered_excl.par
--------------------------------------------------------------------------------

Activating thorn Cactus...Success -> active implementation Cactus
Activation requested for 
--->IOUtil Boundary CartGrid3D CoordBase SymBase MoL InitBase Carpet CarpetLib CarpetInterp GSL LoopControl CarpetReduce CarpetSlab SphericalSurface CarpetMask CarpetIOASCII CarpetIOBasic<---
Thorn Carpet requests automatic activation of MPI
Thorn Carpet requests automatic activation of Timers
Thorn CarpetLib requests automatic activation of Vectors
Thorn CarpetLib requests automatic activation of CycleClock
Thorn LoopControl requests automatic activation of hwloc
Thorn hwloc requests automatic activation of zlib
Activating thorn Boundary...Success -> active implementation boundary
Activating thorn Carpet...Success -> active implementation Driver
Activating thorn CarpetInterp...Success -> active implementation interp
Activating thorn CarpetIOASCII...Success -> active implementation IOASCII
Activating thorn CarpetIOBasic...Success -> active implementation IOBasic
Activating thorn CarpetLib...Success -> active implementation CarpetLib
Activating thorn CarpetMask...Success -> active implementation CarpetMask
Activating thorn CarpetReduce...Success -> active implementation reduce
Activating thorn CarpetSlab...Success -> active implementation Hyperslab
Activating thorn CartGrid3D...Success -> active implementation grid
Activating thorn CoordBase...Success -> active implementation CoordBase
Activating thorn CycleClock...Success -> active implementation CycleClock
Activating thorn GSL...Success -> active implementation GSL
Activating thorn hwloc...Success -> active implementation hwloc
Activating thorn InitBase...Success -> active implementation InitBase
Activating thorn IOUtil...Success -> active implementation IO
Activating thorn LoopControl...Success -> active implementation LoopControl
Activating thorn MoL...Success -> active implementation MethodOfLines
Activating thorn MPI...Success -> active implementation MPI
Activating thorn SphericalSurface...Success -> active implementation SphericalSurface
Activating thorn SymBase...Success -> active implementation SymBase
Activating thorn Timers...Success -> active implementation Timers
Activating thorn Vectors...Success -> active implementation Vectors
Activating thorn zlib...Success -> active implementation zlib
--------------------------------------------------------------------------------
  if (recover initial data)
    Recover parameters
  endif

  Startup routines
    [CCTK_STARTUP]
      Carpet::MultiModel_Startup: Multi-model Startup routine
      CycleClock::CycleClock_Setup: Set up CycleClock
      LoopControl::LC_setup: Set up LoopControl
      Timers::Timer_Startup: Prepare hierarchical timers
      CarpetInterp::CarpetInterpStartup: Startup routine
      CarpetReduce::CarpetReduceStartup: Startup routine
      CartGrid3D::SymmetryStartup: Register GH Extension for GridSymmetry
      CoordBase::CoordBase_Startup: Register a GH extension to store the coordinate system handles
      Carpet::Driver_Startup: Startup routine
      IOUtil::IOUtil_Startup: Startup routine
      CarpetIOBasic::CarpetIOBasicStartup: [global] Startup routine
      MoL::MoL_Startup: Startup banner
      SymBase::SymBase_Startup: Register GH Extension for SymBase
      CarpetIOASCII::CarpetIOASCIIStartup: [global] Startup routine
      Vectors::Vectors_Startup: Print startup message
      GROUP hwloc_startup: hwloc startup group
        hwloc::hwloc_version: Output hwloc version

  Startup routines which need an existing grid hierarchy
    [CCTK_WRAGH]
      Boundary::Boundary_RegisterBCs: [global] Register boundary conditions that this thorn provides
      CartGrid3D::RegisterCartGrid3DCoords: [meta] Register coordinates for the Cartesian grid
      MoL::MoL_SetupIndexArrays: Set up the MoL bookkeeping index arrays
      MoL::MoL_SetScheduleStatus: [global] Set the flag so it is ok to register with MoL
      GROUP MoL_Register: The group where physics thorns register variables with MoL
      MoL::MoL_ReportNumberVariables: [meta] Report how many of each type of variable there are
      GROUP SymBase_Wrapper: Wrapper group for SymBase
        GROUP SymmetryRegister: Register your symmetries here
          CartGrid3D::CartGrid3D_RegisterSymmetryBoundaries: [meta] Register symmetry boundaries
        SymBase::SymBase_Statistics: Print symmetry boundary face descriptions
  Parameter checking routines
    [CCTK_PARAMCHECK]
      Boundary::Boundary_Check: Check dimension of grid variables
      Carpet::CarpetParamCheck: Parameter checking routine
      CarpetLib::CarpetLib_test_prolongate_3d_rf2: [global] Test prolongation operators
      CarpetMask::CarpetSurfaceParamCheck: [global] Check parameters
      CartGrid3D::ParamCheck_CartGrid3D: Check coordinates for CartGrid3D
      MoL::MoL_ParamCheck: Basic parameter checking
      SphericalSurface::SphericalSurface_ParamCheck: [global] Check that all surface names are unique
      Vectors::Vectors_Test: Run correctness tests.

  Initialisation
    if (NOT (recover initial data AND recovery_mode is 'strict'))
      [CCTK_PREREGRIDINITIAL]
      Set up grid hierarchy
      [CCTK_POSTREGRIDINITIAL]
        CartGrid3D::SpatialCoordinates: Set Coordinates after regridding
        GROUP MaskBase_SetupMask: Set up the weight function
          GROUP MaskBase_SetupMaskAll: Set up the weight function
            CarpetReduce::MaskBase_AllocateMask: [global] Allocate the weight function
            CarpetReduce::MaskBase_InitMask: [global] [loop-local] Initialise the weight function
            GROUP SetupIMaskInternal: Set up the integer weight function (schedule other routines in here)
              CarpetReduce::CoordBase_SetupMask: [global] [loop-local] Set up the outer boundaries of the weight function
              CarpetReduce::CarpetMaskSetup: [global] [loop-singlemap] Set up the weight function for the restriction regions
            GROUP SetupIMask: Set up the integer weight function (schedule other routines in here)
              CarpetMask::CarpetExcludedSetup: [global] [loop-local] Set up the weight function for the excluded regions
              CarpetMask::CarpetSurfaceSetup: [global] [loop-local] Set up the weight function for the excluded spherical surfaces
            CarpetReduce::MaskBase_SetMask: [global] [loop-local] Set the weight function
            GROUP SetupMask: Set up the real weight function (schedule other routines in here)
            CarpetReduce::MaskBase_TestMask: [global] Test the weight function
        GROUP MoL_PseudoEvolutionBoundaries: Apply boundary conditions to pseudo-evolved quantities
      [CCTK_BASEGRID]
        CartGrid3D::SpatialSpacings: Set up ranges for spatial 3D Cartesian coordinates (on all grids)
        CartGrid3D::SpatialCoordinates: Set up spatial 3D Cartesian coordinates on the GH
        SphericalSurface::SphericalSurface_SetupRes: [global] [loop-local] Set surface resolution automatically
        SphericalSurface::SphericalSurface_Setup: [global] Calculate surface coordinate descriptors
        GROUP MaskBase_SetupMask: Set up the weight function
          GROUP MaskBase_SetupMaskAll: Set up the weight function
            CarpetReduce::MaskBase_AllocateMask: [global] Allocate the weight function
            CarpetReduce::MaskBase_InitMask: [global] [loop-local] Initialise the weight function
            GROUP SetupIMaskInternal: Set up the integer weight function (schedule other routines in here)
              CarpetReduce::CoordBase_SetupMask: [global] [loop-local] Set up the outer boundaries of the weight function
              CarpetReduce::CarpetMaskSetup: [global] [loop-singlemap] Set up the weight function for the restriction regions
            GROUP SetupIMask: Set up the integer weight function (schedule other routines in here)
              CarpetMask::CarpetExcludedSetup: [global] [loop-local] Set up the weight function for the excluded regions
              CarpetMask::CarpetSurfaceSetup: [global] [loop-local] Set up the weight function for the excluded spherical surfaces
            CarpetReduce::MaskBase_SetMask: [global] [loop-local] Set the weight function
            GROUP SetupMask: Set up the real weight function (schedule other routines in here)
            CarpetReduce::MaskBase_TestMask: [global] Test the weight function
        SphericalSurface::SphericalSurface_Set: [global] Set surface radii to be used for initial setup in other thorns
        GROUP SphericalSurface_HasBeenSet: Set the spherical surfaces before this group, and use it afterwards
          SphericalSurface::SphericalSurface_CheckState: [global] Test the state of the spherical surfaces
        SymBase::SymBase_Check: Check whether the driver set up the grid consistently
      [CCTK_INITIAL]
        CarpetIOASCII::CarpetIOASCIIInit: [global] Initialisation routine
        CarpetIOBasic::CarpetIOBasicInit: [global] Initialisation routine
        MoL::MoL_StartLoop: [level] Initialise the step size control
      [CCTK_POSTINITIAL]
        GROUP MoL_PostStepModify: The group for physics thorns to schedule enforcing constraints
        GROUP MoL_PostStep: Ensure that everything is correct after the initial data have been set up
        GROUP MoL_PseudoEvolution: Calculate pseudo-evolved quantities
      Initialise finer grids recursively
      Restrict from finer grids
      [CCTK_POSTRESTRICTINITIAL]
        GROUP MoL_PostStep: Ensure that everything is correct after restriction
        GROUP MoL_PseudoEvolutionBoundaries: Apply boundary conditions to pseudo-evolved quantities
      [CCTK_POSTPOSTINITIAL]
      [CCTK_POSTSTEP]
        SphericalSurface::SphericalSurface_Set: [global] Set surface radii
        GROUP SphericalSurface_HasBeenSet: Set the spherical surfaces before this group, and use it afterwards
          SphericalSurface::SphericalSurface_CheckState: [global] Test the state of the spherical surfaces
        GROUP MaskBase_SetupMask: Set up the weight function
          GROUP MaskBase_SetupMaskAll: Set up the weight function
            CarpetReduce::MaskBase_AllocateMask: [global] Allocate the weight function
            CarpetReduce::MaskBase_InitMask: [global] [loop-local] Initialise the weight function
            GROUP SetupIMaskInternal: Set up the integer weight function (schedule other routines in here)
              CarpetReduce::CoordBase_SetupMask: [global] [loop-local] Set up the outer boundaries of the weight function
              CarpetReduce::CarpetMaskSetup: [global] [loop-singlemap] Set up the weight function for the restriction regions
            GROUP SetupIMask: Set up the integer weight function (schedule other routines in here)
              CarpetMask::CarpetExcludedSetup: [global] [loop-local] Set up the weight function for the excluded regions
              CarpetMask::CarpetSurfaceSetup: [global] [loop-local] Set up the weight function for the excluded spherical surfaces
            CarpetReduce::MaskBase_SetMask: [global] [loop-local] Set the weight function
            GROUP SetupMask: Set up the real weight function (schedule other routines in here)
            CarpetReduce::MaskBase_TestMask: [global] Test the weight function
    endif
    if (recover initial data)
      [CCTK_BASEGRID]
        CartGrid3D::SpatialSpacings: Set up ranges for spatial 3D Cartesian coordinates (on all grids)
        CartGrid3D::SpatialCoordinates: Set up spatial 3D Cartesian coordinates on the GH
        SphericalSurface::SphericalSurface_SetupRes: [global] [loop-local] Set surface resolution automatically
        SphericalSurface::SphericalSurface_Setup: [global] Calculate surface coordinate descriptors
        GROUP MaskBase_SetupMask: Set up the weight function
          GROUP MaskBase_SetupMaskAll: Set up the weight function
            CarpetReduce::MaskBase_AllocateMask: [global] Allocate the weight function
            CarpetReduce::MaskBase_InitMask: [global] [loop-local] Initialise the weight function
            GROUP SetupIMaskInternal: Set up the integer weight function (schedule other routines in here)
              CarpetReduce::CoordBase_SetupMask: [global] [loop-local] Set up the outer boundaries of the weight function
              CarpetReduce::CarpetMaskSetup: [global] [loop-singlemap] Set up the weight function for the restriction regions
            GROUP SetupIMask: Set up the integer weight function (schedule other routines in here)
              CarpetMask::CarpetExcludedSetup: [global] [loop-local] Set up the weight function for the excluded regions
              CarpetMask::CarpetSurfaceSetup: [global] [loop-local] Set up the weight function for the excluded spherical surfaces
            CarpetReduce::MaskBase_SetMask: [global] [loop-local] Set the weight function
            GROUP SetupMask: Set up the real weight function (schedule other routines in here)
            CarpetReduce::MaskBase_TestMask: [global] Test the weight function
        SphericalSurface::SphericalSurface_Set: [global] Set surface radii to be used for initial setup in other thorns
        GROUP SphericalSurface_HasBeenSet: Set the spherical surfaces before this group, and use it afterwards
          SphericalSurface::SphericalSurface_CheckState: [global] Test the state of the spherical surfaces
        SymBase::SymBase_Check: Check whether the driver set up the grid consistently
      [CCTK_RECOVER_VARIABLES]
      [CCTK_POST_RECOVER_VARIABLES]
        GROUP MaskBase_SetupMask: Set up the weight function
          GROUP MaskBase_SetupMaskAll: Set up the weight function
            CarpetReduce::MaskBase_AllocateMask: [global] Allocate the weight function
            CarpetReduce::MaskBase_InitMask: [global] [loop-local] Initialise the weight function
            GROUP SetupIMaskInternal: Set up the integer weight function (schedule other routines in here)
              CarpetReduce::CoordBase_SetupMask: [global] [loop-local] Set up the outer boundaries of the weight function
              CarpetReduce::CarpetMaskSetup: [global] [loop-singlemap] Set up the weight function for the restriction regions
            GROUP SetupIMask: Set up the integer weight function (schedule other routines in here)
              CarpetMask::CarpetExcludedSetup: [global] [loop-local] Set up the weight function for the excluded regions
              CarpetMask::CarpetSurfaceSetup: [global] [loop-local] Set up the weight function for the excluded spherical surfaces
            CarpetReduce::MaskBase_SetMask: [global] [loop-local] Set the weight function
            GROUP SetupMask: Set up the real weight function (schedule other routines in here)
            CarpetReduce::MaskBase_TestMask: [global] Test the weight function
        GROUP MoL_PostStep: Ensure that everything is correct after recovery
    endif
    if (checkpoint initial data)
      [CCTK_CPINITIAL]
    endif
    if (analysis)
      [CCTK_ANALYSIS]
        CarpetLib::CarpetLib_printtimestats: [global] Print timing statistics if desired
        CarpetLib::CarpetLib_printmemstats: [global] Print memory statistics if desired
        LoopControl::LC_statistics_analysis: [meta] Output LoopControl statistics
  endif
  Output grid variables

  do loop over timesteps
    [CCTK_PREREGRID]
    Change grid hierarchy
    [CCTK_POSTREGRID]
      CartGrid3D::SpatialCoordinates: Set Coordinates after regridding
      GROUP MaskBase_SetupMask: Set up the weight function
        GROUP MaskBase_SetupMaskAll: Set up the weight function
          CarpetReduce::MaskBase_AllocateMask: [global] Allocate the weight function
          CarpetReduce::MaskBase_InitMask: [global] [loop-local] Initialise the weight function
          GROUP SetupIMaskInternal: Set up the integer weight function (schedule other routines in here)
            CarpetReduce::CoordBase_SetupMask: [global] [loop-local] Set up the outer boundaries of the weight function
            CarpetReduce::CarpetMaskSetup: [global] [loop-singlemap] Set up the weight function for the restriction regions
          GROUP SetupIMask: Set up the integer weight function (schedule other routines in here)
            CarpetMask::CarpetExcludedSetup: [global] [loop-local] Set up the weight function for the excluded regions
            CarpetMask::CarpetSurfaceSetup: [global] [loop-local] Set up the weight function for the excluded spherical surfaces
          CarpetReduce::MaskBase_SetMask: [global] [loop-local] Set the weight function
          GROUP SetupMask: Set up the real weight function (schedule other routines in here)
          CarpetReduce::MaskBase_TestMask: [global] Test the weight function
      GROUP MoL_PostStep: Ensure that everything is correct after regridding
      GROUP MoL_PseudoEvolutionBoundaries: Apply boundary conditions to pseudo-evolved quantities
    Rotate timelevels
    iteration = iteration+1
    t = t+dt
    [CCTK_PRESTEP]
      LoopControl::LC_steer: [meta] Update LoopControl algorithm preferences
    [CCTK_EVOL]
      MoL::MoL_StartLoop: [level] Initialise the step size control
      while (MoL::MoL_Stepsize_Bad)
        GROUP MoL_Evolution: A single Cactus evolution step using MoL
          GROUP MoL_StartStep: MoL internal setup for the evolution step
            MoL::MoL_SetCounter: [level] Set the counter for the ODE method to loop over
            MoL::MoL_SetTime: [level] Ensure the correct time and timestep are used
            MoL::MoL_AllocateScratchSpace: [level] Allocate storage for scratch levels
          GROUP MoL_PreStep: Physics thorns can schedule preloop setup routines in here
          MoL::MoL_AllocateScratch: Allocate sufficient space for array scratch variables
          MoL::MoL_InitialCopy: Ensure the data is in the correct timelevel
          while (MoL::MoL_Intermediate_Step)
            GROUP MoL_Step: The loop over the intermediate steps for the ODE integrator
              MoL::MoL_InitRHS: Initialise the RHS functions
              GROUP MoL_CalcRHS: Physics thorns schedule the calculation of the discrete spatial operator in here
              GROUP MoL_PostRHS: Modify RHS functions
              GROUP MoL_RHSBoundaries: Any 'final' modifications to the RHS functions (boundaries etc.)
              MoL::MoL_Add: Updates calculated with the efficient ICN method
              MoL::MoL_DecrementCounter: [level] Alter the counter number
              MoL::MoL_ResetTime: [level] If necessary, change the time
              GROUP MoL_PostStepModify: The group for physics thorns to schedule enforcing constraints
              GROUP MoL_PostStep: The group for physics thorns to schedule boundary calls etc.
              MoL::MoL_ResetDeltaTime: [level] If necessary, change the timestep
          end while
          MoL::MoL_FinishLoop: [level] Control the step size
          MoL::MoL_RestoreSandR: Restoring the Save and Restore variables to the original state
          MoL::MoL_FreeScratchSpace: [level] Free storage for scratch levels
      end while
      GROUP MoL_PseudoEvolution: Calculate pseudo-evolved quantities
    Evolve finer grids recursively
    Restrict from finer grids
    [CCTK_POSTRESTRICT]
      GROUP MoL_PostStep: Ensure that everything is correct after restriction
      GROUP MoL_PseudoEvolutionBoundaries: Apply boundary conditions to pseudo-evolved quantities
    [CCTK_POSTSTEP]
      SphericalSurface::SphericalSurface_Set: [global] Set surface radii
      GROUP SphericalSurface_HasBeenSet: Set the spherical surfaces before this group, and use it afterwards
        SphericalSurface::SphericalSurface_CheckState: [global] Test the state of the spherical surfaces
      GROUP MaskBase_SetupMask: Set up the weight function
        GROUP MaskBase_SetupMaskAll: Set up the weight function
          CarpetReduce::MaskBase_AllocateMask: [global] Allocate the weight function
          CarpetReduce::MaskBase_InitMask: [global] [loop-local] Initialise the weight function
          GROUP SetupIMaskInternal: Set up the integer weight function (schedule other routines in here)
            CarpetReduce::CoordBase_SetupMask: [global] [loop-local] Set up the outer boundaries of the weight function
            CarpetReduce::CarpetMaskSetup: [global] [loop-singlemap] Set up the weight function for the restriction regions
          GROUP SetupIMask: Set up the integer weight function (schedule other routines in here)
            CarpetMask::CarpetExcludedSetup: [global] [loop-local] Set up the weight function for the excluded regions
            CarpetMask::CarpetSurfaceSetup: [global] [loop-local] Set up the weight function for the excluded spherical surfaces
          CarpetReduce::MaskBase_SetMask: [global] [loop-local] Set the weight function
          GROUP SetupMask: Set up the real weight function (schedule other routines in here)
          CarpetReduce::MaskBase_TestMask: [global] Test the weight function
    if (checkpoint)
      [CCTK_CHECKPOINT]
    endif
    if (analysis)
      [CCTK_ANALYSIS]
      CarpetLib::CarpetLib_printtimestats: [global] Print timing statistics if desired
      CarpetLib::CarpetLib_printmemstats: [global] Print memory statistics if desired
      LoopControl::LC_statistics_analysis: [meta] Output LoopControl statistics
    endif
    Output grid variables
    enddo

  Termination routines
    [CCTK_TERMINATE]
      LoopControl::LC_statistics_terminate: [meta] Output LoopControl statistics
      MoL::MoL_FreeIndexArrays: Free the MoL bookkeeping index arrays

  Shutdown routines
    [CCTK_SHUTDOWN]
      Timers::Timer_Shutdown: Prepare hierarchical timers

  Routines run after changing the grid hierarchy:
    [CCTK_POSTREGRID]
      CartGrid3D::SpatialCoordinates: Set Coordinates after regridding
      GROUP MaskBase_SetupMask: Set up the weight function
        GROUP MaskBase_SetupMaskAll: Set up the weight function
          CarpetReduce::MaskBase_AllocateMask: [global] Allocate the weight function
          CarpetReduce::MaskBase_InitMask: [global] [loop-local] Initialise the weight function
          GROUP SetupIMaskInternal: Set up the integer weight function (schedule other routines in here)
            CarpetReduce::CoordBase_SetupMask: [global] [loop-local] Set up the outer boundaries of the weight function
            CarpetReduce::CarpetMaskSetup: [global] [loop-singlemap] Set up the weight function for the restriction regions
          GROUP SetupIMask: Set up the integer weight function (schedule other routines in here)
            CarpetMask::CarpetExcludedSetup: [global] [loop-local] Set up the weight function for the excluded regions
            CarpetMask::CarpetSurfaceSetup: [global] [loop-local] Set up the weight function for the excluded spherical surfaces
          CarpetReduce::MaskBase_SetMask: [global] [loop-local] Set the weight function
          GROUP SetupMask: Set up the real weight function (schedule other routines in here)
          CarpetReduce::MaskBase_TestMask: [global] Test the weight function
      GROUP MoL_PostStep: Ensure that everything is correct after regridding
      GROUP MoL_PseudoEvolutionBoundaries: Apply boundary conditions to pseudo-evolved quantities
--------------------------------------------------------------------------------
INFO (Carpet): Multi-Model listing:
   model 0: "world"
INFO (Carpet): Multi-Model process distribution:
   process 0: model 0 "world"
INFO (Carpet): Multi-Model: This is process 0, model 0 "world"
INFO (CarpetLib): Process startup time was 0.791 seconds
Current core file size limit: hard=[unlimited], soft=0 MB
Current addres space size limit: hard=[unlimited], soft=[unlimited]
Current data segment size limit: hard=[unlimited], soft=[unlimited]
Current resident set size limit: hard=[unlimited], soft=[unlimited]
INFO (CycleClock): Measuring CycleClock tick via OpenMP...
INFO (CycleClock): Calibrated CycleClock: 0.408918 ns per clock tick (2.44548 GHz)
INFO (Vectors): Using vector size 2 for architecture SSE2 (64-bit precision)
INFO (hwloc): library version 2.7.0, API version 0x20500
--------------------------------------------------------------------------------
AMR driver provided by Carpet
--------------------------------------------------------------------------------
AMR info I/O provided by CarpetIOBasic
--------------------------------------------------------------------------------
MoL: Generalized time integration.
--------------------------------------------------------------------------------
AMR 0D ASCII I/O provided by CarpetIOASCII
--------------------------------------------------------------------------------
AMR 1D ASCII I/O provided by CarpetIOASCII
--------------------------------------------------------------------------------
AMR 2D ASCII I/O provided by CarpetIOASCII
--------------------------------------------------------------------------------
AMR 3D ASCII I/O provided by CarpetIOASCII
--------------------------------------------------------------------------------

INFO (Carpet): MPI is enabled
INFO (Carpet): Carpet is running on 1 processes
INFO (Carpet): This is process 0
INFO (Carpet): OpenMP is enabled
INFO (Carpet): This process contains 2 threads, this is thread 0
INFO (Carpet): There are 2 threads in total
INFO (Carpet): There are 2 threads per process
INFO (Carpet): This process runs on host fv-az1249-127, pid=128062
INFO (Carpet): This process runs on 4 cores: 0-3
INFO (Carpet): Thread 0 runs on 4 cores: 0-3
INFO (Carpet): Thread 1 runs on 4 cores: 0-3
INFO (Carpet): This simulation is running in 3 dimensions
INFO (Carpet): Boundary specification for map 0:
   nboundaryzones: [[0,3,2],[0,3,2]]
   is_internal   : [[0,0,0],[0,0,0]]
   is_staggered  : [[1,0,0],[1,0,0]]
   shiftout      : [[0,1,0],[0,1,0]]
INFO (Carpet): CoordBase domain specification for map 0:
   physical extent: [-1,-1,0] : [1,1,1]   ([2,2,1])
   interior extent: [-0.909091,-1,0.0714286] : [0.909091,1,0.928571]   ([1.81818,2,0.857143])
   exterior extent: [-0.909091,-1.42857,-0.0714286] : [0.909091,1.42857,1.07143]   ([1.81818,2.85714,1.14286])
   base_spacing   : [0.181818,0.142857,0.0714286]
INFO (Carpet): Adapted domain specification for map 0:
   convergence factor: 2
   convergence level : 0
   physical extent   : [-1,-1,0] : [1,1,1]   ([2,2,1])
   interior extent   : [-0.909091,-1,0.0714286] : [0.909091,1,0.928571]   ([1.81818,2,0.857143])
   exterior extent   : [-0.909091,-1.42857,-0.0714286] : [0.909091,1.42857,1.07143]   ([1.81818,2.85714,1.14286])
   spacing           : [0.181818,0.142857,0.0714286]
INFO (Carpet): Base grid specification for map 0:
   number of grid points             : [11,21,17]
   number of coarse grid ghost points: [[3,3,3],[3,3,3]]
INFO (Carpet): Buffer zone counts (excluding ghosts):
   [0]: [[0,0,0],[0,0,0]]
INFO (Carpet): Overlap zone counts:
   [0]: [[0,0,0],[0,0,0]]
INFO (Carpet): Group and variable statistics:
INFO (Carpet):    There are 207 grid functions in 10 groups
INFO (Carpet):    There are 96 grid scalars in 22 groups
INFO (Carpet):    There are 11 1-dimensional grid arrays in 4 groups
INFO (Carpet):    There are 2 2-dimensional grid arrays in 2 groups
INFO (Carpet):    There are 0 3-dimensional grid arrays in 0 groups
INFO (Carpet):    (The number of variables counts all time levels)
INFO (CarpetIOASCII): I/O Method 'IOASCII_0D' registered: 0D AMR output of grid variables to ASCII files
INFO (CarpetIOASCII): Periodic 0D AMR output requested for:
   CARPETREDUCE::weight
INFO (CarpetIOASCII): I/O Method 'IOASCII_1D' registered: 1D AMR output of grid variables to ASCII files
INFO (CarpetIOASCII): Periodic 1D AMR output requested for:
   CARPETREDUCE::weight
INFO (CarpetIOASCII): I/O Method 'IOASCII_2D' registered: 2D AMR output of grid variables to ASCII files
INFO (CarpetIOASCII): I/O Method 'IOASCII_3D' registered: 3D AMR output of grid variables to ASCII files
INFO (MoL): Using Iterative Crank Nicholson with 3 iterations as the time integrator.
INFO (MoL): The maximum number of evolved variables is 120. 0 are registered.
INFO (MoL): The maximum number of slow evolved variables is 120. 0 are registered.
INFO (MoL): The maximum number of constrained variables is 120. 0 are registered.
INFO (MoL): The maximum number of SandR variables is 120. 0 are registered.
INFO (MoL): The maximum number of evolved array variables is 120. 0 are registered.
INFO (MoL): The maximum number of constrained array variables is 120. 0 are registered.
INFO (MoL): The maximum number of SandR array variables is 120. 0 are registered.
INFO (MoL): The maximum size of any array variables is 0.
INFO (Vectors): Testing vectorisation... [errors may result in segfaults]
INFO (Vectors): 375/375 tests passed 
INFO (CartGrid3D): Grid Spacings:
INFO (CartGrid3D): dx=>1.8181818e-01  dy=>1.4285714e-01  dz=>7.1428571e-02
INFO (CartGrid3D): Computational Coordinates:
INFO (CartGrid3D): x=>[-0.909, 0.909]  y=>[-1.429, 1.429]  z=>[-0.071, 1.071]
INFO (CartGrid3D): Indices of Physical Coordinates:
INFO (CartGrid3D): x=>[0,10]  y=>[0,20]  z=>[0,16]
INFO (CarpetReduce): Allocating weight function helpers
INFO (CarpetReduce): Initialising weight to 1 on level 0
INFO (CarpetReduce): Setting boundary points in direction 0 face 0 to weight 0 on level 0
INFO (CarpetReduce): Setting boundary points in direction 0 face 1 to weight 0 on level 0
INFO (CarpetReduce): Setting boundary points in direction 1 face 0 to weight 0 on level 0
INFO (CarpetReduce): Setting non-staggered boundary points on level 0 in direction 1 face 0 to bmask 0xcc
INFO (CarpetReduce): Setting boundary points in direction 1 face 1 to weight 0 on level 0
INFO (CarpetReduce): Setting non-staggered boundary points on level 0 in direction 1 face 1 to bmask 0x33
INFO (CarpetReduce): Setting boundary points in direction 2 face 0 to weight 0 on level 0
INFO (CarpetReduce): Setting non-staggered boundary points on level 0 in direction 2 face 0 to bmask 0xf0
INFO (CarpetReduce): Setting boundary points in direction 2 face 1 to weight 0 on level 0
INFO (CarpetReduce): Setting non-staggered boundary points on level 0 in direction 2 face 1 to bmask 0xf
INFO (CarpetReduce): Setting boundary [-1,-1,-1]: level 0 prolongation region bboxset<CCTK_INT4,3>(set<bbox>:{},stride:[1,1,1],offset:[0,0,0]) to bmask 0x7f
INFO (CarpetReduce): Setting boundary [-1,-1,-1]: level 0 restriction region bboxset<CCTK_INT4,3>(set<bbox>:{},stride:[1,1,1],offset:[0,0,0]) to bmask 0x7f
INFO (CarpetReduce): Setting boundary [0,-1,-1]: level 0 prolongation region bboxset<CCTK_INT4,3>(set<bbox>:{},stride:[1,1,1],offset:[0,0,0]) to bmask 0x3f
INFO (CarpetReduce): Setting boundary [0,-1,-1]: level 0 restriction region bboxset<CCTK_INT4,3>(set<bbox>:{},stride:[1,1,1],offset:[0,0,0]) to bmask 0x3f
INFO (CarpetReduce): Setting boundary [1,-1,-1]: level 0 prolongation region bboxset<CCTK_INT4,3>(set<bbox>:{},stride:[1,1,1],offset:[0,0,0]) to bmask 0xbf
INFO (CarpetReduce): Setting boundary [1,-1,-1]: level 0 restriction region bboxset<CCTK_INT4,3>(set<bbox>:{},stride:[1,1,1],offset:[0,0,0]) to bmask 0xbf
INFO (CarpetReduce): Setting boundary [-1,0,-1]: level 0 prolongation region bboxset<CCTK_INT4,3>(set<bbox>:{},stride:[1,1,1],offset:[0,0,0]) to bmask 0x5f
INFO (CarpetReduce): Setting boundary [-1,0,-1]: level 0 restriction region bboxset<CCTK_INT4,3>(set<bbox>:{},stride:[1,1,1],offset:[0,0,0]) to bmask 0x5f
INFO (CarpetReduce): Setting boundary [0,0,-1]: level 0 prolongation region bboxset<CCTK_INT4,3>(set<bbox>:{},stride:[1,1,1],offset:[0,0,0]) to bmask 0xf
INFO (CarpetReduce): Setting boundary [0,0,-1]: level 0 restriction region bboxset<CCTK_INT4,3>(set<bbox>:{},stride:[1,1,1],offset:[0,0,0]) to bmask 0xf
INFO (CarpetReduce): Setting boundary [1,0,-1]: level 0 prolongation region bboxset<CCTK_INT4,3>(set<bbox>:{},stride:[1,1,1],offset:[0,0,0]) to bmask 0xaf
INFO (CarpetReduce): Setting boundary [1,0,-1]: level 0 restriction region bboxset<CCTK_INT4,3>(set<bbox>:{},stride:[1,1,1],offset:[0,0,0]) to bmask 0xaf
INFO (CarpetReduce): Setting boundary [-1,1,-1]: level 0 prolongation region bboxset<CCTK_INT4,3>(set<bbox>:{},stride:[1,1,1],offset:[0,0,0]) to bmask 0xdf
INFO (CarpetReduce): Setting boundary [-1,1,-1]: level 0 restriction region bboxset<CCTK_INT4,3>(set<bbox>:{},stride:[1,1,1],offset:[0,0,0]) to bmask 0xdf
INFO (CarpetReduce): Setting boundary [0,1,-1]: level 0 prolongation region bboxset<CCTK_INT4,3>(set<bbox>:{},stride:[1,1,1],offset:[0,0,0]) to bmask 0xcf
INFO (CarpetReduce): Setting boundary [0,1,-1]: level 0 restriction region bboxset<CCTK_INT4,3>(set<bbox>:{},stride:[1,1,1],offset:[0,0,0]) to bmask 0xcf
INFO (CarpetReduce): Setting boundary [1,1,-1]: level 0 prolongation region bboxset<CCTK_INT4,3>(set<bbox>:{},stride:[1,1,1],offset:[0,0,0]) to bmask 0xef
INFO (CarpetReduce): Setting boundary [1,1,-1]: level 0 restriction region bboxset<CCTK_INT4,3>(set<bbox>:{},stride:[1,1,1],offset:[0,0,0]) to bmask 0xef
INFO (CarpetReduce): Setting boundary [-1,-1,0]: level 0 prolongation region bboxset<CCTK_INT4,3>(set<bbox>:{},stride:[1,1,1],offset:[0,0,0]) to bmask 0x77
INFO (CarpetReduce): Setting boundary [-1,-1,0]: level 0 restriction region bboxset<CCTK_INT4,3>(set<bbox>:{},stride:[1,1,1],offset:[0,0,0]) to bmask 0x77
INFO (CarpetReduce): Setting boundary [0,-1,0]: level 0 prolongation region bboxset<CCTK_INT4,3>(set<bbox>:{},stride:[1,1,1],offset:[0,0,0]) to bmask 0x33
INFO (CarpetReduce): Setting boundary [0,-1,0]: level 0 restriction region bboxset<CCTK_INT4,3>(set<bbox>:{},stride:[1,1,1],offset:[0,0,0]) to bmask 0x33
INFO (CarpetReduce): Setting boundary [1,-1,0]: level 0 prolongation region bboxset<CCTK_INT4,3>(set<bbox>:{},stride:[1,1,1],offset:[0,0,0]) to bmask 0xbb
INFO (CarpetReduce): Setting boundary [1,-1,0]: level 0 restriction region bboxset<CCTK_INT4,3>(set<bbox>:{},stride:[1,1,1],offset:[0,0,0]) to bmask 0xbb
INFO (CarpetReduce): Setting boundary [-1,0,0]: level 0 prolongation region bboxset<CCTK_INT4,3>(set<bbox>:{},stride:[1,1,1],offset:[0,0,0]) to bmask 0x55
INFO (CarpetReduce): Setting boundary [-1,0,0]: level 0 restriction region bboxset<CCTK_INT4,3>(set<bbox>:{},stride:[1,1,1],offset:[0,0,0]) to bmask 0x55
INFO (CarpetReduce): Setting boundary [0,0,0]: level 0 prolongation region bboxset<CCTK_INT4,3>(set<bbox>:{},stride:[1,1,1],offset:[0,0,0]) to bmask 0x0
INFO (CarpetReduce): Setting boundary [0,0,0]: level 0 restriction region bboxset<CCTK_INT4,3>(set<bbox>:{},stride:[1,1,1],offset:[0,0,0]) to bmask 0x0
INFO (CarpetReduce): Setting boundary [1,0,0]: level 0 prolongation region bboxset<CCTK_INT4,3>(set<bbox>:{},stride:[1,1,1],offset:[0,0,0]) to bmask 0xaa
INFO (CarpetReduce): Setting boundary [1,0,0]: level 0 restriction region bboxset<CCTK_INT4,3>(set<bbox>:{},stride:[1,1,1],offset:[0,0,0]) to bmask 0xaa
INFO (CarpetReduce): Setting boundary [-1,1,0]: level 0 prolongation region bboxset<CCTK_INT4,3>(set<bbox>:{},stride:[1,1,1],offset:[0,0,0]) to bmask 0xdd
INFO (CarpetReduce): Setting boundary [-1,1,0]: level 0 restriction region bboxset<CCTK_INT4,3>(set<bbox>:{},stride:[1,1,1],offset:[0,0,0]) to bmask 0xdd
INFO (CarpetReduce): Setting boundary [0,1,0]: level 0 prolongation region bboxset<CCTK_INT4,3>(set<bbox>:{},stride:[1,1,1],offset:[0,0,0]) to bmask 0xcc
INFO (CarpetReduce): Setting boundary [0,1,0]: level 0 restriction region bboxset<CCTK_INT4,3>(set<bbox>:{},stride:[1,1,1],offset:[0,0,0]) to bmask 0xcc
INFO (CarpetReduce): Setting boundary [1,1,0]: level 0 prolongation region bboxset<CCTK_INT4,3>(set<bbox>:{},stride:[1,1,1],offset:[0,0,0]) to bmask 0xee
INFO (CarpetReduce): Setting boundary [1,1,0]: level 0 restriction region bboxset<CCTK_INT4,3>(set<bbox>:{},stride:[1,1,1],offset:[0,0,0]) to bmask 0xee
INFO (CarpetReduce): Setting boundary [-1,-1,1]: level 0 prolongation region bboxset<CCTK_INT4,3>(set<bbox>:{},stride:[1,1,1],offset:[0,0,0]) to bmask 0xf7
INFO (CarpetReduce): Setting boundary [-1,-1,1]: level 0 restriction region bboxset<CCTK_INT4,3>(set<bbox>:{},stride:[1,1,1],offset:[0,0,0]) to bmask 0xf7
INFO (CarpetReduce): Setting boundary [0,-1,1]: level 0 prolongation region bboxset<CCTK_INT4,3>(set<bbox>:{},stride:[1,1,1],offset:[0,0,0]) to bmask 0xf3
INFO (CarpetReduce): Setting boundary [0,-1,1]: level 0 restriction region bboxset<CCTK_INT4,3>(set<bbox>:{},stride:[1,1,1],offset:[0,0,0]) to bmask 0xf3
INFO (CarpetReduce): Setting boundary [1,-1,1]: level 0 prolongation region bboxset<CCTK_INT4,3>(set<bbox>:{},stride:[1,1,1],offset:[0,0,0]) to bmask 0xfb
INFO (CarpetReduce): Setting boundary [1,-1,1]: level 0 restriction region bboxset<CCTK_INT4,3>(set<bbox>:{},stride:[1,1,1],offset:[0,0,0]) to bmask 0xfb
INFO (CarpetReduce): Setting boundary [-1,0,1]: level 0 prolongation region bboxset<CCTK_INT4,3>(set<bbox>:{},stride:[1,1,1],offset:[0,0,0]) to bmask 0xf5
INFO (CarpetReduce): Setting boundary [-1,0,1]: level 0 restriction region bboxset<CCTK_INT4,3>(set<bbox>:{},stride:[1,1,1],offset:[0,0,0]) to bmask 0xf5
INFO (CarpetReduce): Setting boundary [0,0,1]: level 0 prolongation region bboxset<CCTK_INT4,3>(set<bbox>:{},stride:[1,1,1],offset:[0,0,0]) to bmask 0xf0
INFO (CarpetReduce): Setting boundary [0,0,1]: level 0 restriction region bboxset<CCTK_INT4,3>(set<bbox>:{},stride:[1,1,1],offset:[0,0,0]) to bmask 0xf0
INFO (CarpetReduce): Setting boundary [1,0,1]: level 0 prolongation region bboxset<CCTK_INT4,3>(set<bbox>:{},stride:[1,1,1],offset:[0,0,0]) to bmask 0xfa
INFO (CarpetReduce): Setting boundary [1,0,1]: level 0 restriction region bboxset<CCTK_INT4,3>(set<bbox>:{},stride:[1,1,1],offset:[0,0,0]) to bmask 0xfa
INFO (CarpetReduce): Setting boundary [-1,1,1]: level 0 prolongation region bboxset<CCTK_INT4,3>(set<bbox>:{},stride:[1,1,1],offset:[0,0,0]) to bmask 0xfd
INFO (CarpetReduce): Setting boundary [-1,1,1]: level 0 restriction region bboxset<CCTK_INT4,3>(set<bbox>:{},stride:[1,1,1],offset:[0,0,0]) to bmask 0xfd
INFO (CarpetReduce): Setting boundary [0,1,1]: level 0 prolongation region bboxset<CCTK_INT4,3>(set<bbox>:{},stride:[1,1,1],offset:[0,0,0]) to bmask 0xfc
INFO (CarpetReduce): Setting boundary [0,1,1]: level 0 restriction region bboxset<CCTK_INT4,3>(set<bbox>:{},stride:[1,1,1],offset:[0,0,0]) to bmask 0xfc
INFO (CarpetReduce): Setting boundary [1,1,1]: level 0 prolongation region bboxset<CCTK_INT4,3>(set<bbox>:{},stride:[1,1,1],offset:[0,0,0]) to bmask 0xfe
INFO (CarpetReduce): Setting boundary [1,1,1]: level 0 restriction region bboxset<CCTK_INT4,3>(set<bbox>:{},stride:[1,1,1],offset:[0,0,0]) to bmask 0xfe
INFO (CarpetReduce): Finalise the weight on level 0
INFO (CarpetReduce): Testing weight
INFO (CarpetReduce): Reduction weight sum: 2156
INFO (CarpetReduce): Volume of map #0: 2156
INFO (CarpetReduce): Simulation domain volume:  2156
INFO (CarpetReduce): Additional excised volume: 0
INFO (CarpetReduce): Allocating weight function helpers
INFO (CarpetReduce): Initialising weight to 1 on level 0
INFO (CarpetReduce): Setting boundary points in direction 0 face 0 to weight 0 on level 0
INFO (CarpetReduce): Setting boundary points in direction 0 face 1 to weight 0 on level 0
INFO (CarpetReduce): Setting boundary points in direction 1 face 0 to weight 0 on level 0
INFO (CarpetReduce): Setting non-staggered boundary points on level 0 in direction 1 face 0 to bmask 0xcc
INFO (CarpetReduce): Setting boundary points in direction 1 face 1 to weight 0 on level 0
INFO (CarpetReduce): Setting non-staggered boundary points on level 0 in direction 1 face 1 to bmask 0x33
INFO (CarpetReduce): Setting boundary points in direction 2 face 0 to weight 0 on level 0
INFO (CarpetReduce): Setting non-staggered boundary points on level 0 in direction 2 face 0 to bmask 0xf0
INFO (CarpetReduce): Setting boundary points in direction 2 face 1 to weight 0 on level 0
INFO (CarpetReduce): Setting non-staggered boundary points on level 0 in direction 2 face 1 to bmask 0xf
INFO (CarpetReduce): Setting boundary [-1,-1,-1]: level 0 prolongation region bboxset<CCTK_INT4,3>(set<bbox>:{},stride:[1,1,1],offset:[0,0,0]) to bmask 0x7f
INFO (CarpetReduce): Setting boundary [-1,-1,-1]: level 0 restriction region bboxset<CCTK_INT4,3>(set<bbox>:{},stride:[1,1,1],offset:[0,0,0]) to bmask 0x7f
INFO (CarpetReduce): Setting boundary [0,-1,-1]: level 0 prolongation region bboxset<CCTK_INT4,3>(set<bbox>:{},stride:[1,1,1],offset:[0,0,0]) to bmask 0x3f
INFO (CarpetReduce): Setting boundary [0,-1,-1]: level 0 restriction region bboxset<CCTK_INT4,3>(set<bbox>:{},stride:[1,1,1],offset:[0,0,0]) to bmask 0x3f
INFO (CarpetReduce): Setting boundary [1,-1,-1]: level 0 prolongation region bboxset<CCTK_INT4,3>(set<bbox>:{},stride:[1,1,1],offset:[0,0,0]) to bmask 0xbf
INFO (CarpetReduce): Setting boundary [1,-1,-1]: level 0 restriction region bboxset<CCTK_INT4,3>(set<bbox>:{},stride:[1,1,1],offset:[0,0,0]) to bmask 0xbf
INFO (CarpetReduce): Setting boundary [-1,0,-1]: level 0 prolongation region bboxset<CCTK_INT4,3>(set<bbox>:{},stride:[1,1,1],offset:[0,0,0]) to bmask 0x5f
INFO (CarpetReduce): Setting boundary [-1,0,-1]: level 0 restriction region bboxset<CCTK_INT4,3>(set<bbox>:{},stride:[1,1,1],offset:[0,0,0]) to bmask 0x5f
INFO (CarpetReduce): Setting boundary [0,0,-1]: level 0 prolongation region bboxset<CCTK_INT4,3>(set<bbox>:{},stride:[1,1,1],offset:[0,0,0]) to bmask 0xf
INFO (CarpetReduce): Setting boundary [0,0,-1]: level 0 restriction region bboxset<CCTK_INT4,3>(set<bbox>:{},stride:[1,1,1],offset:[0,0,0]) to bmask 0xf
INFO (CarpetReduce): Setting boundary [1,0,-1]: level 0 prolongation region bboxset<CCTK_INT4,3>(set<bbox>:{},stride:[1,1,1],offset:[0,0,0]) to bmask 0xaf
INFO (CarpetReduce): Setting boundary [1,0,-1]: level 0 restriction region bboxset<CCTK_INT4,3>(set<bbox>:{},stride:[1,1,1],offset:[0,0,0]) to bmask 0xaf
INFO (CarpetReduce): Setting boundary [-1,1,-1]: level 0 prolongation region bboxset<CCTK_INT4,3>(set<bbox>:{},stride:[1,1,1],offset:[0,0,0]) to bmask 0xdf
INFO (CarpetReduce): Setting boundary [-1,1,-1]: level 0 restriction region bboxset<CCTK_INT4,3>(set<bbox>:{},stride:[1,1,1],offset:[0,0,0]) to bmask 0xdf
INFO (CarpetReduce): Setting boundary [0,1,-1]: level 0 prolongation region bboxset<CCTK_INT4,3>(set<bbox>:{},stride:[1,1,1],offset:[0,0,0]) to bmask 0xcf
INFO (CarpetReduce): Setting boundary [0,1,-1]: level 0 restriction region bboxset<CCTK_INT4,3>(set<bbox>:{},stride:[1,1,1],offset:[0,0,0]) to bmask 0xcf
INFO (CarpetReduce): Setting boundary [1,1,-1]: level 0 prolongation region bboxset<CCTK_INT4,3>(set<bbox>:{},stride:[1,1,1],offset:[0,0,0]) to bmask 0xef
INFO (CarpetReduce): Setting boundary [1,1,-1]: level 0 restriction region bboxset<CCTK_INT4,3>(set<bbox>:{},stride:[1,1,1],offset:[0,0,0]) to bmask 0xef
INFO (CarpetReduce): Setting boundary [-1,-1,0]: level 0 prolongation region bboxset<CCTK_INT4,3>(set<bbox>:{},stride:[1,1,1],offset:[0,0,0]) to bmask 0x77
INFO (CarpetReduce): Setting boundary [-1,-1,0]: level 0 restriction region bboxset<CCTK_INT4,3>(set<bbox>:{},stride:[1,1,1],offset:[0,0,0]) to bmask 0x77
INFO (CarpetReduce): Setting boundary [0,-1,0]: level 0 prolongation region bboxset<CCTK_INT4,3>(set<bbox>:{},stride:[1,1,1],offset:[0,0,0]) to bmask 0x33
INFO (CarpetReduce): Setting boundary [0,-1,0]: level 0 restriction region bboxset<CCTK_INT4,3>(set<bbox>:{},stride:[1,1,1],offset:[0,0,0]) to bmask 0x33
INFO (CarpetReduce): Setting boundary [1,-1,0]: level 0 prolongation region bboxset<CCTK_INT4,3>(set<bbox>:{},stride:[1,1,1],offset:[0,0,0]) to bmask 0xbb
INFO (CarpetReduce): Setting boundary [1,-1,0]: level 0 restriction region bboxset<CCTK_INT4,3>(set<bbox>:{},stride:[1,1,1],offset:[0,0,0]) to bmask 0xbb
INFO (CarpetReduce): Setting boundary [-1,0,0]: level 0 prolongation region bboxset<CCTK_INT4,3>(set<bbox>:{},stride:[1,1,1],offset:[0,0,0]) to bmask 0x55
INFO (CarpetReduce): Setting boundary [-1,0,0]: level 0 restriction region bboxset<CCTK_INT4,3>(set<bbox>:{},stride:[1,1,1],offset:[0,0,0]) to bmask 0x55
INFO (CarpetReduce): Setting boundary [0,0,0]: level 0 prolongation region bboxset<CCTK_INT4,3>(set<bbox>:{},stride:[1,1,1],offset:[0,0,0]) to bmask 0x0
INFO (CarpetReduce): Setting boundary [0,0,0]: level 0 restriction region bboxset<CCTK_INT4,3>(set<bbox>:{},stride:[1,1,1],offset:[0,0,0]) to bmask 0x0
INFO (CarpetReduce): Setting boundary [1,0,0]: level 0 prolongation region bboxset<CCTK_INT4,3>(set<bbox>:{},stride:[1,1,1],offset:[0,0,0]) to bmask 0xaa
INFO (CarpetReduce): Setting boundary [1,0,0]: level 0 restriction region bboxset<CCTK_INT4,3>(set<bbox>:{},stride:[1,1,1],offset:[0,0,0]) to bmask 0xaa
INFO (CarpetReduce): Setting boundary [-1,1,0]: level 0 prolongation region bboxset<CCTK_INT4,3>(set<bbox>:{},stride:[1,1,1],offset:[0,0,0]) to bmask 0xdd
INFO (CarpetReduce): Setting boundary [-1,1,0]: level 0 restriction region bboxset<CCTK_INT4,3>(set<bbox>:{},stride:[1,1,1],offset:[0,0,0]) to bmask 0xdd
INFO (CarpetReduce): Setting boundary [0,1,0]: level 0 prolongation region bboxset<CCTK_INT4,3>(set<bbox>:{},stride:[1,1,1],offset:[0,0,0]) to bmask 0xcc
INFO (CarpetReduce): Setting boundary [0,1,0]: level 0 restriction region bboxset<CCTK_INT4,3>(set<bbox>:{},stride:[1,1,1],offset:[0,0,0]) to bmask 0xcc
INFO (CarpetReduce): Setting boundary [1,1,0]: level 0 prolongation region bboxset<CCTK_INT4,3>(set<bbox>:{},stride:[1,1,1],offset:[0,0,0]) to bmask 0xee
INFO (CarpetReduce): Setting boundary [1,1,0]: level 0 restriction region bboxset<CCTK_INT4,3>(set<bbox>:{},stride:[1,1,1],offset:[0,0,0]) to bmask 0xee
INFO (CarpetReduce): Setting boundary [-1,-1,1]: level 0 prolongation region bboxset<CCTK_INT4,3>(set<bbox>:{},stride:[1,1,1],offset:[0,0,0]) to bmask 0xf7
INFO (CarpetReduce): Setting boundary [-1,-1,1]: level 0 restriction region bboxset<CCTK_INT4,3>(set<bbox>:{},stride:[1,1,1],offset:[0,0,0]) to bmask 0xf7
INFO (CarpetReduce): Setting boundary [0,-1,1]: level 0 prolongation region bboxset<CCTK_INT4,3>(set<bbox>:{},stride:[1,1,1],offset:[0,0,0]) to bmask 0xf3
INFO (CarpetReduce): Setting boundary [0,-1,1]: level 0 restriction region bboxset<CCTK_INT4,3>(set<bbox>:{},stride:[1,1,1],offset:[0,0,0]) to bmask 0xf3
INFO (CarpetReduce): Setting boundary [1,-1,1]: level 0 prolongation region bboxset<CCTK_INT4,3>(set<bbox>:{},stride:[1,1,1],offset:[0,0,0]) to bmask 0xfb
INFO (CarpetReduce): Setting boundary [1,-1,1]: level 0 restriction region bboxset<CCTK_INT4,3>(set<bbox>:{},stride:[1,1,1],offset:[0,0,0]) to bmask 0xfb
INFO (CarpetReduce): Setting boundary [-1,0,1]: level 0 prolongation region bboxset<CCTK_INT4,3>(set<bbox>:{},stride:[1,1,1],offset:[0,0,0]) to bmask 0xf5
INFO (CarpetReduce): Setting boundary [-1,0,1]: level 0 restriction region bboxset<CCTK_INT4,3>(set<bbox>:{},stride:[1,1,1],offset:[0,0,0]) to bmask 0xf5
INFO (CarpetReduce): Setting boundary [0,0,1]: level 0 prolongation region bboxset<CCTK_INT4,3>(set<bbox>:{},stride:[1,1,1],offset:[0,0,0]) to bmask 0xf0
INFO (CarpetReduce): Setting boundary [0,0,1]: level 0 restriction region bboxset<CCTK_INT4,3>(set<bbox>:{},stride:[1,1,1],offset:[0,0,0]) to bmask 0xf0
INFO (CarpetReduce): Setting boundary [1,0,1]: level 0 prolongation region bboxset<CCTK_INT4,3>(set<bbox>:{},stride:[1,1,1],offset:[0,0,0]) to bmask 0xfa
INFO (CarpetReduce): Setting boundary [1,0,1]: level 0 restriction region bboxset<CCTK_INT4,3>(set<bbox>:{},stride:[1,1,1],offset:[0,0,0]) to bmask 0xfa
INFO (CarpetReduce): Setting boundary [-1,1,1]: level 0 prolongation region bboxset<CCTK_INT4,3>(set<bbox>:{},stride:[1,1,1],offset:[0,0,0]) to bmask 0xfd
INFO (CarpetReduce): Setting boundary [-1,1,1]: level 0 restriction region bboxset<CCTK_INT4,3>(set<bbox>:{},stride:[1,1,1],offset:[0,0,0]) to bmask 0xfd
INFO (CarpetReduce): Setting boundary [0,1,1]: level 0 prolongation region bboxset<CCTK_INT4,3>(set<bbox>:{},stride:[1,1,1],offset:[0,0,0]) to bmask 0xfc
INFO (CarpetReduce): Setting boundary [0,1,1]: level 0 restriction region bboxset<CCTK_INT4,3>(set<bbox>:{},stride:[1,1,1],offset:[0,0,0]) to bmask 0xfc
INFO (CarpetReduce): Setting boundary [1,1,1]: level 0 prolongation region bboxset<CCTK_INT4,3>(set<bbox>:{},stride:[1,1,1],offset:[0,0,0]) to bmask 0xfe
INFO (CarpetReduce): Setting boundary [1,1,1]: level 0 restriction region bboxset<CCTK_INT4,3>(set<bbox>:{},stride:[1,1,1],offset:[0,0,0]) to bmask 0xfe
INFO (CarpetReduce): Finalise the weight on level 0
INFO (CarpetReduce): Testing weight
INFO (CarpetReduce): Reduction weight sum: 2009.5
INFO (CarpetReduce): Volume of map #0: 2156
INFO (CarpetReduce): Simulation domain volume:  2009.5
INFO (CarpetReduce): Additional excised volume: 146.5
-------------------
Iteration      Time
                   
-------------------
        0     0.000
INFO (CarpetReduce): Allocating weight function helpers
INFO (CarpetReduce): Initialising weight to 1 on level 0
INFO (CarpetReduce): Setting boundary points in direction 0 face 0 to weight 0 on level 0
INFO (CarpetReduce): Setting boundary points in direction 0 face 1 to weight 0 on level 0
INFO (CarpetReduce): Setting boundary points in direction 1 face 0 to weight 0 on level 0
INFO (CarpetReduce): Setting non-staggered boundary points on level 0 in direction 1 face 0 to bmask 0xcc
INFO (CarpetReduce): Setting boundary points in direction 1 face 1 to weight 0 on level 0
INFO (CarpetReduce): Setting non-staggered boundary points on level 0 in direction 1 face 1 to bmask 0x33
INFO (CarpetReduce): Setting boundary points in direction 2 face 0 to weight 0 on level 0
INFO (CarpetReduce): Setting non-staggered boundary points on level 0 in direction 2 face 0 to bmask 0xf0
INFO (CarpetReduce): Setting boundary points in direction 2 face 1 to weight 0 on level 0
INFO (CarpetReduce): Setting non-staggered boundary points on level 0 in direction 2 face 1 to bmask 0xf
INFO (CarpetReduce): Setting boundary [-1,-1,-1]: level 0 prolongation region bboxset<CCTK_INT4,3>(set<bbox>:{},stride:[1,1,1],offset:[0,0,0]) to bmask 0x7f
INFO (CarpetReduce): Setting boundary [-1,-1,-1]: level 0 restriction region bboxset<CCTK_INT4,3>(set<bbox>:{},stride:[1,1,1],offset:[0,0,0]) to bmask 0x7f
INFO (CarpetReduce): Setting boundary [0,-1,-1]: level 0 prolongation region bboxset<CCTK_INT4,3>(set<bbox>:{},stride:[1,1,1],offset:[0,0,0]) to bmask 0x3f
INFO (CarpetReduce): Setting boundary [0,-1,-1]: level 0 restriction region bboxset<CCTK_INT4,3>(set<bbox>:{},stride:[1,1,1],offset:[0,0,0]) to bmask 0x3f
INFO (CarpetReduce): Setting boundary [1,-1,-1]: level 0 prolongation region bboxset<CCTK_INT4,3>(set<bbox>:{},stride:[1,1,1],offset:[0,0,0]) to bmask 0xbf
INFO (CarpetReduce): Setting boundary [1,-1,-1]: level 0 restriction region bboxset<CCTK_INT4,3>(set<bbox>:{},stride:[1,1,1],offset:[0,0,0]) to bmask 0xbf
INFO (CarpetReduce): Setting boundary [-1,0,-1]: level 0 prolongation region bboxset<CCTK_INT4,3>(set<bbox>:{},stride:[1,1,1],offset:[0,0,0]) to bmask 0x5f
INFO (CarpetReduce): Setting boundary [-1,0,-1]: level 0 restriction region bboxset<CCTK_INT4,3>(set<bbox>:{},stride:[1,1,1],offset:[0,0,0]) to bmask 0x5f
INFO (CarpetReduce): Setting boundary [0,0,-1]: level 0 prolongation region bboxset<CCTK_INT4,3>(set<bbox>:{},stride:[1,1,1],offset:[0,0,0]) to bmask 0xf
INFO (CarpetReduce): Setting boundary [0,0,-1]: level 0 restriction region bboxset<CCTK_INT4,3>(set<bbox>:{},stride:[1,1,1],offset:[0,0,0]) to bmask 0xf
INFO (CarpetReduce): Setting boundary [1,0,-1]: level 0 prolongation region bboxset<CCTK_INT4,3>(set<bbox>:{},stride:[1,1,1],offset:[0,0,0]) to bmask 0xaf
INFO (CarpetReduce): Setting boundary [1,0,-1]: level 0 restriction region bboxset<CCTK_INT4,3>(set<bbox>:{},stride:[1,1,1],offset:[0,0,0]) to bmask 0xaf
INFO (CarpetReduce): Setting boundary [-1,1,-1]: level 0 prolongation region bboxset<CCTK_INT4,3>(set<bbox>:{},stride:[1,1,1],offset:[0,0,0]) to bmask 0xdf
INFO (CarpetReduce): Setting boundary [-1,1,-1]: level 0 restriction region bboxset<CCTK_INT4,3>(set<bbox>:{},stride:[1,1,1],offset:[0,0,0]) to bmask 0xdf
INFO (CarpetReduce): Setting boundary [0,1,-1]: level 0 prolongation region bboxset<CCTK_INT4,3>(set<bbox>:{},stride:[1,1,1],offset:[0,0,0]) to bmask 0xcf
INFO (CarpetReduce): Setting boundary [0,1,-1]: level 0 restriction region bboxset<CCTK_INT4,3>(set<bbox>:{},stride:[1,1,1],offset:[0,0,0]) to bmask 0xcf
INFO (CarpetReduce): Setting boundary [1,1,-1]: level 0 prolongation region bboxset<CCTK_INT4,3>(set<bbox>:{},stride:[1,1,1],offset:[0,0,0]) to bmask 0xef
INFO (CarpetReduce): Setting boundary [1,1,-1]: level 0 restriction region bboxset<CCTK_INT4,3>(set<bbox>:{},stride:[1,1,1],offset:[0,0,0]) to bmask 0xef
INFO (CarpetReduce): Setting boundary [-1,-1,0]: level 0 prolongation region bboxset<CCTK_INT4,3>(set<bbox>:{},stride:[1,1,1],offset:[0,0,0]) to bmask 0x77
INFO (CarpetReduce): Setting boundary [-1,-1,0]: level 0 restriction region bboxset<CCTK_INT4,3>(set<bbox>:{},stride:[1,1,1],offset:[0,0,0]) to bmask 0x77
INFO (CarpetReduce): Setting boundary [0,-1,0]: level 0 prolongation region bboxset<CCTK_INT4,3>(set<bbox>:{},stride:[1,1,1],offset:[0,0,0]) to bmask 0x33
INFO (CarpetReduce): Setting boundary [0,-1,0]: level 0 restriction region bboxset<CCTK_INT4,3>(set<bbox>:{},stride:[1,1,1],offset:[0,0,0]) to bmask 0x33
INFO (CarpetReduce): Setting boundary [1,-1,0]: level 0 prolongation region bboxset<CCTK_INT4,3>(set<bbox>:{},stride:[1,1,1],offset:[0,0,0]) to bmask 0xbb
INFO (CarpetReduce): Setting boundary [1,-1,0]: level 0 restriction region bboxset<CCTK_INT4,3>(set<bbox>:{},stride:[1,1,1],offset:[0,0,0]) to bmask 0xbb
INFO (CarpetReduce): Setting boundary [-1,0,0]: level 0 prolongation region bboxset<CCTK_INT4,3>(set<bbox>:{},stride:[1,1,1],offset:[0,0,0]) to bmask 0x55
INFO (CarpetReduce): Setting boundary [-1,0,0]: level 0 restriction region bboxset<CCTK_INT4,3>(set<bbox>:{},stride:[1,1,1],offset:[0,0,0]) to bmask 0x55
INFO (CarpetReduce): Setting boundary [0,0,0]: level 0 prolongation region bboxset<CCTK_INT4,3>(set<bbox>:{},stride:[1,1,1],offset:[0,0,0]) to bmask 0x0
INFO (CarpetReduce): Setting boundary [0,0,0]: level 0 restriction region bboxset<CCTK_INT4,3>(set<bbox>:{},stride:[1,1,1],offset:[0,0,0]) to bmask 0x0
INFO (CarpetReduce): Setting boundary [1,0,0]: level 0 prolongation region bboxset<CCTK_INT4,3>(set<bbox>:{},stride:[1,1,1],offset:[0,0,0]) to bmask 0xaa
INFO (CarpetReduce): Setting boundary [1,0,0]: level 0 restriction region bboxset<CCTK_INT4,3>(set<bbox>:{},stride:[1,1,1],offset:[0,0,0]) to bmask 0xaa
INFO (CarpetReduce): Setting boundary [-1,1,0]: level 0 prolongation region bboxset<CCTK_INT4,3>(set<bbox>:{},stride:[1,1,1],offset:[0,0,0]) to bmask 0xdd
INFO (CarpetReduce): Setting boundary [-1,1,0]: level 0 restriction region bboxset<CCTK_INT4,3>(set<bbox>:{},stride:[1,1,1],offset:[0,0,0]) to bmask 0xdd
INFO (CarpetReduce): Setting boundary [0,1,0]: level 0 prolongation region bboxset<CCTK_INT4,3>(set<bbox>:{},stride:[1,1,1],offset:[0,0,0]) to bmask 0xcc
INFO (CarpetReduce): Setting boundary [0,1,0]: level 0 restriction region bboxset<CCTK_INT4,3>(set<bbox>:{},stride:[1,1,1],offset:[0,0,0]) to bmask 0xcc
INFO (CarpetReduce): Setting boundary [1,1,0]: level 0 prolongation region bboxset<CCTK_INT4,3>(set<bbox>:{},stride:[1,1,1],offset:[0,0,0]) to bmask 0xee
INFO (CarpetReduce): Setting boundary [1,1,0]: level 0 restriction region bboxset<CCTK_INT4,3>(set<bbox>:{},stride:[1,1,1],offset:[0,0,0]) to bmask 0xee
INFO (CarpetReduce): Setting boundary [-1,-1,1]: level 0 prolongation region bboxset<CCTK_INT4,3>(set<bbox>:{},stride:[1,1,1],offset:[0,0,0]) to bmask 0xf7
INFO (CarpetReduce): Setting boundary [-1,-1,1]: level 0 restriction region bboxset<CCTK_INT4,3>(set<bbox>:{},stride:[1,1,1],offset:[0,0,0]) to bmask 0xf7
INFO (CarpetReduce): Setting boundary [0,-1,1]: level 0 prolongation region bboxset<CCTK_INT4,3>(set<bbox>:{},stride:[1,1,1],offset:[0,0,0]) to bmask 0xf3
INFO (CarpetReduce): Setting boundary [0,-1,1]: level 0 restriction region bboxset<CCTK_INT4,3>(set<bbox>:{},stride:[1,1,1],offset:[0,0,0]) to bmask 0xf3
INFO (CarpetReduce): Setting boundary [1,-1,1]: level 0 prolongation region bboxset<CCTK_INT4,3>(set<bbox>:{},stride:[1,1,1],offset:[0,0,0]) to bmask 0xfb
INFO (CarpetReduce): Setting boundary [1,-1,1]: level 0 restriction region bboxset<CCTK_INT4,3>(set<bbox>:{},stride:[1,1,1],offset:[0,0,0]) to bmask 0xfb
INFO (CarpetReduce): Setting boundary [-1,0,1]: level 0 prolongation region bboxset<CCTK_INT4,3>(set<bbox>:{},stride:[1,1,1],offset:[0,0,0]) to bmask 0xf5
INFO (CarpetReduce): Setting boundary [-1,0,1]: level 0 restriction region bboxset<CCTK_INT4,3>(set<bbox>:{},stride:[1,1,1],offset:[0,0,0]) to bmask 0xf5
INFO (CarpetReduce): Setting boundary [0,0,1]: level 0 prolongation region bboxset<CCTK_INT4,3>(set<bbox>:{},stride:[1,1,1],offset:[0,0,0]) to bmask 0xf0
INFO (CarpetReduce): Setting boundary [0,0,1]: level 0 restriction region bboxset<CCTK_INT4,3>(set<bbox>:{},stride:[1,1,1],offset:[0,0,0]) to bmask 0xf0
INFO (CarpetReduce): Setting boundary [1,0,1]: level 0 prolongation region bboxset<CCTK_INT4,3>(set<bbox>:{},stride:[1,1,1],offset:[0,0,0]) to bmask 0xfa
INFO (CarpetReduce): Setting boundary [1,0,1]: level 0 restriction region bboxset<CCTK_INT4,3>(set<bbox>:{},stride:[1,1,1],offset:[0,0,0]) to bmask 0xfa
INFO (CarpetReduce): Setting boundary [-1,1,1]: level 0 prolongation region bboxset<CCTK_INT4,3>(set<bbox>:{},stride:[1,1,1],offset:[0,0,0]) to bmask 0xfd
INFO (CarpetReduce): Setting boundary [-1,1,1]: level 0 restriction region bboxset<CCTK_INT4,3>(set<bbox>:{},stride:[1,1,1],offset:[0,0,0]) to bmask 0xfd
INFO (CarpetReduce): Setting boundary [0,1,1]: level 0 prolongation region bboxset<CCTK_INT4,3>(set<bbox>:{},stride:[1,1,1],offset:[0,0,0]) to bmask 0xfc
INFO (CarpetReduce): Setting boundary [0,1,1]: level 0 restriction region bboxset<CCTK_INT4,3>(set<bbox>:{},stride:[1,1,1],offset:[0,0,0]) to bmask 0xfc
INFO (CarpetReduce): Setting boundary [1,1,1]: level 0 prolongation region bboxset<CCTK_INT4,3>(set<bbox>:{},stride:[1,1,1],offset:[0,0,0]) to bmask 0xfe
INFO (CarpetReduce): Setting boundary [1,1,1]: level 0 restriction region bboxset<CCTK_INT4,3>(set<bbox>:{},stride:[1,1,1],offset:[0,0,0]) to bmask 0xfe
INFO (CarpetReduce): Finalise the weight on level 0
INFO (CarpetReduce): Testing weight
INFO (CarpetReduce): Reduction weight sum: 2009.5
INFO (CarpetReduce): Volume of map #0: 2156
INFO (CarpetReduce): Simulation domain volume:  2009.5
INFO (CarpetReduce): Additional excised volume: 146.5
        1     1.000
INFO (CarpetReduce): Allocating weight function helpers
INFO (CarpetReduce): Initialising weight to 1 on level 0
INFO (CarpetReduce): Setting boundary points in direction 0 face 0 to weight 0 on level 0
INFO (CarpetReduce): Setting boundary points in direction 0 face 1 to weight 0 on level 0
INFO (CarpetReduce): Setting boundary points in direction 1 face 0 to weight 0 on level 0
INFO (CarpetReduce): Setting non-staggered boundary points on level 0 in direction 1 face 0 to bmask 0xcc
INFO (CarpetReduce): Setting boundary points in direction 1 face 1 to weight 0 on level 0
INFO (CarpetReduce): Setting non-staggered boundary points on level 0 in direction 1 face 1 to bmask 0x33
INFO (CarpetReduce): Setting boundary points in direction 2 face 0 to weight 0 on level 0
INFO (CarpetReduce): Setting non-staggered boundary points on level 0 in direction 2 face 0 to bmask 0xf0
INFO (CarpetReduce): Setting boundary points in direction 2 face 1 to weight 0 on level 0
INFO (CarpetReduce): Setting non-staggered boundary points on level 0 in direction 2 face 1 to bmask 0xf
INFO (CarpetReduce): Setting boundary [-1,-1,-1]: level 0 prolongation region bboxset<CCTK_INT4,3>(set<bbox>:{},stride:[1,1,1],offset:[0,0,0]) to bmask 0x7f
INFO (CarpetReduce): Setting boundary [-1,-1,-1]: level 0 restriction region bboxset<CCTK_INT4,3>(set<bbox>:{},stride:[1,1,1],offset:[0,0,0]) to bmask 0x7f
INFO (CarpetReduce): Setting boundary [0,-1,-1]: level 0 prolongation region bboxset<CCTK_INT4,3>(set<bbox>:{},stride:[1,1,1],offset:[0,0,0]) to bmask 0x3f
INFO (CarpetReduce): Setting boundary [0,-1,-1]: level 0 restriction region bboxset<CCTK_INT4,3>(set<bbox>:{},stride:[1,1,1],offset:[0,0,0]) to bmask 0x3f
INFO (CarpetReduce): Setting boundary [1,-1,-1]: level 0 prolongation region bboxset<CCTK_INT4,3>(set<bbox>:{},stride:[1,1,1],offset:[0,0,0]) to bmask 0xbf
INFO (CarpetReduce): Setting boundary [1,-1,-1]: level 0 restriction region bboxset<CCTK_INT4,3>(set<bbox>:{},stride:[1,1,1],offset:[0,0,0]) to bmask 0xbf
INFO (CarpetReduce): Setting boundary [-1,0,-1]: level 0 prolongation region bboxset<CCTK_INT4,3>(set<bbox>:{},stride:[1,1,1],offset:[0,0,0]) to bmask 0x5f
INFO (CarpetReduce): Setting boundary [-1,0,-1]: level 0 restriction region bboxset<CCTK_INT4,3>(set<bbox>:{},stride:[1,1,1],offset:[0,0,0]) to bmask 0x5f
INFO (CarpetReduce): Setting boundary [0,0,-1]: level 0 prolongation region bboxset<CCTK_INT4,3>(set<bbox>:{},stride:[1,1,1],offset:[0,0,0]) to bmask 0xf
INFO (CarpetReduce): Setting boundary [0,0,-1]: level 0 restriction region bboxset<CCTK_INT4,3>(set<bbox>:{},stride:[1,1,1],offset:[0,0,0]) to bmask 0xf
INFO (CarpetReduce): Setting boundary [1,0,-1]: level 0 prolongation region bboxset<CCTK_INT4,3>(set<bbox>:{},stride:[1,1,1],offset:[0,0,0]) to bmask 0xaf
INFO (CarpetReduce): Setting boundary [1,0,-1]: level 0 restriction region bboxset<CCTK_INT4,3>(set<bbox>:{},stride:[1,1,1],offset:[0,0,0]) to bmask 0xaf
INFO (CarpetReduce): Setting boundary [-1,1,-1]: level 0 prolongation region bboxset<CCTK_INT4,3>(set<bbox>:{},stride:[1,1,1],offset:[0,0,0]) to bmask 0xdf
INFO (CarpetReduce): Setting boundary [-1,1,-1]: level 0 restriction region bboxset<CCTK_INT4,3>(set<bbox>:{},stride:[1,1,1],offset:[0,0,0]) to bmask 0xdf
INFO (CarpetReduce): Setting boundary [0,1,-1]: level 0 prolongation region bboxset<CCTK_INT4,3>(set<bbox>:{},stride:[1,1,1],offset:[0,0,0]) to bmask 0xcf
INFO (CarpetReduce): Setting boundary [0,1,-1]: level 0 restriction region bboxset<CCTK_INT4,3>(set<bbox>:{},stride:[1,1,1],offset:[0,0,0]) to bmask 0xcf
INFO (CarpetReduce): Setting boundary [1,1,-1]: level 0 prolongation region bboxset<CCTK_INT4,3>(set<bbox>:{},stride:[1,1,1],offset:[0,0,0]) to bmask 0xef
INFO (CarpetReduce): Setting boundary [1,1,-1]: level 0 restriction region bboxset<CCTK_INT4,3>(set<bbox>:{},stride:[1,1,1],offset:[0,0,0]) to bmask 0xef
INFO (CarpetReduce): Setting boundary [-1,-1,0]: level 0 prolongation region bboxset<CCTK_INT4,3>(set<bbox>:{},stride:[1,1,1],offset:[0,0,0]) to bmask 0x77
INFO (CarpetReduce): Setting boundary [-1,-1,0]: level 0 restriction region bboxset<CCTK_INT4,3>(set<bbox>:{},stride:[1,1,1],offset:[0,0,0]) to bmask 0x77
INFO (CarpetReduce): Setting boundary [0,-1,0]: level 0 prolongation region bboxset<CCTK_INT4,3>(set<bbox>:{},stride:[1,1,1],offset:[0,0,0]) to bmask 0x33
INFO (CarpetReduce): Setting boundary [0,-1,0]: level 0 restriction region bboxset<CCTK_INT4,3>(set<bbox>:{},stride:[1,1,1],offset:[0,0,0]) to bmask 0x33
INFO (CarpetReduce): Setting boundary [1,-1,0]: level 0 prolongation region bboxset<CCTK_INT4,3>(set<bbox>:{},stride:[1,1,1],offset:[0,0,0]) to bmask 0xbb
INFO (CarpetReduce): Setting boundary [1,-1,0]: level 0 restriction region bboxset<CCTK_INT4,3>(set<bbox>:{},stride:[1,1,1],offset:[0,0,0]) to bmask 0xbb
INFO (CarpetReduce): Setting boundary [-1,0,0]: level 0 prolongation region bboxset<CCTK_INT4,3>(set<bbox>:{},stride:[1,1,1],offset:[0,0,0]) to bmask 0x55
INFO (CarpetReduce): Setting boundary [-1,0,0]: level 0 restriction region bboxset<CCTK_INT4,3>(set<bbox>:{},stride:[1,1,1],offset:[0,0,0]) to bmask 0x55
INFO (CarpetReduce): Setting boundary [0,0,0]: level 0 prolongation region bboxset<CCTK_INT4,3>(set<bbox>:{},stride:[1,1,1],offset:[0,0,0]) to bmask 0x0
INFO (CarpetReduce): Setting boundary [0,0,0]: level 0 restriction region bboxset<CCTK_INT4,3>(set<bbox>:{},stride:[1,1,1],offset:[0,0,0]) to bmask 0x0
INFO (CarpetReduce): Setting boundary [1,0,0]: level 0 prolongation region bboxset<CCTK_INT4,3>(set<bbox>:{},stride:[1,1,1],offset:[0,0,0]) to bmask 0xaa
INFO (CarpetReduce): Setting boundary [1,0,0]: level 0 restriction region bboxset<CCTK_INT4,3>(set<bbox>:{},stride:[1,1,1],offset:[0,0,0]) to bmask 0xaa
INFO (CarpetReduce): Setting boundary [-1,1,0]: level 0 prolongation region bboxset<CCTK_INT4,3>(set<bbox>:{},stride:[1,1,1],offset:[0,0,0]) to bmask 0xdd
INFO (CarpetReduce): Setting boundary [-1,1,0]: level 0 restriction region bboxset<CCTK_INT4,3>(set<bbox>:{},stride:[1,1,1],offset:[0,0,0]) to bmask 0xdd
INFO (CarpetReduce): Setting boundary [0,1,0]: level 0 prolongation region bboxset<CCTK_INT4,3>(set<bbox>:{},stride:[1,1,1],offset:[0,0,0]) to bmask 0xcc
INFO (CarpetReduce): Setting boundary [0,1,0]: level 0 restriction region bboxset<CCTK_INT4,3>(set<bbox>:{},stride:[1,1,1],offset:[0,0,0]) to bmask 0xcc
INFO (CarpetReduce): Setting boundary [1,1,0]: level 0 prolongation region bboxset<CCTK_INT4,3>(set<bbox>:{},stride:[1,1,1],offset:[0,0,0]) to bmask 0xee
INFO (CarpetReduce): Setting boundary [1,1,0]: level 0 restriction region bboxset<CCTK_INT4,3>(set<bbox>:{},stride:[1,1,1],offset:[0,0,0]) to bmask 0xee
INFO (CarpetReduce): Setting boundary [-1,-1,1]: level 0 prolongation region bboxset<CCTK_INT4,3>(set<bbox>:{},stride:[1,1,1],offset:[0,0,0]) to bmask 0xf7
INFO (CarpetReduce): Setting boundary [-1,-1,1]: level 0 restriction region bboxset<CCTK_INT4,3>(set<bbox>:{},stride:[1,1,1],offset:[0,0,0]) to bmask 0xf7
INFO (CarpetReduce): Setting boundary [0,-1,1]: level 0 prolongation region bboxset<CCTK_INT4,3>(set<bbox>:{},stride:[1,1,1],offset:[0,0,0]) to bmask 0xf3
INFO (CarpetReduce): Setting boundary [0,-1,1]: level 0 restriction region bboxset<CCTK_INT4,3>(set<bbox>:{},stride:[1,1,1],offset:[0,0,0]) to bmask 0xf3
INFO (CarpetReduce): Setting boundary [1,-1,1]: level 0 prolongation region bboxset<CCTK_INT4,3>(set<bbox>:{},stride:[1,1,1],offset:[0,0,0]) to bmask 0xfb
INFO (CarpetReduce): Setting boundary [1,-1,1]: level 0 restriction region bboxset<CCTK_INT4,3>(set<bbox>:{},stride:[1,1,1],offset:[0,0,0]) to bmask 0xfb
INFO (CarpetReduce): Setting boundary [-1,0,1]: level 0 prolongation region bboxset<CCTK_INT4,3>(set<bbox>:{},stride:[1,1,1],offset:[0,0,0]) to bmask 0xf5
INFO (CarpetReduce): Setting boundary [-1,0,1]: level 0 restriction region bboxset<CCTK_INT4,3>(set<bbox>:{},stride:[1,1,1],offset:[0,0,0]) to bmask 0xf5
INFO (CarpetReduce): Setting boundary [0,0,1]: level 0 prolongation region bboxset<CCTK_INT4,3>(set<bbox>:{},stride:[1,1,1],offset:[0,0,0]) to bmask 0xf0
INFO (CarpetReduce): Setting boundary [0,0,1]: level 0 restriction region bboxset<CCTK_INT4,3>(set<bbox>:{},stride:[1,1,1],offset:[0,0,0]) to bmask 0xf0
INFO (CarpetReduce): Setting boundary [1,0,1]: level 0 prolongation region bboxset<CCTK_INT4,3>(set<bbox>:{},stride:[1,1,1],offset:[0,0,0]) to bmask 0xfa
INFO (CarpetReduce): Setting boundary [1,0,1]: level 0 restriction region bboxset<CCTK_INT4,3>(set<bbox>:{},stride:[1,1,1],offset:[0,0,0]) to bmask 0xfa
INFO (CarpetReduce): Setting boundary [-1,1,1]: level 0 prolongation region bboxset<CCTK_INT4,3>(set<bbox>:{},stride:[1,1,1],offset:[0,0,0]) to bmask 0xfd
INFO (CarpetReduce): Setting boundary [-1,1,1]: level 0 restriction region bboxset<CCTK_INT4,3>(set<bbox>:{},stride:[1,1,1],offset:[0,0,0]) to bmask 0xfd
INFO (CarpetReduce): Setting boundary [0,1,1]: level 0 prolongation region bboxset<CCTK_INT4,3>(set<bbox>:{},stride:[1,1,1],offset:[0,0,0]) to bmask 0xfc
INFO (CarpetReduce): Setting boundary [0,1,1]: level 0 restriction region bboxset<CCTK_INT4,3>(set<bbox>:{},stride:[1,1,1],offset:[0,0,0]) to bmask 0xfc
INFO (CarpetReduce): Setting boundary [1,1,1]: level 0 prolongation region bboxset<CCTK_INT4,3>(set<bbox>:{},stride:[1,1,1],offset:[0,0,0]) to bmask 0xfe
INFO (CarpetReduce): Setting boundary [1,1,1]: level 0 restriction region bboxset<CCTK_INT4,3>(set<bbox>:{},stride:[1,1,1],offset:[0,0,0]) to bmask 0xfe
INFO (CarpetReduce): Finalise the weight on level 0
INFO (CarpetReduce): Testing weight
INFO (CarpetReduce): Reduction weight sum: 2009.5
INFO (CarpetReduce): Volume of map #0: 2156
INFO (CarpetReduce): Simulation domain volume:  2009.5
INFO (CarpetReduce): Additional excised volume: 146.5
        2     2.000
--------------------------------------------------------------------------------
Done.
+ echo Stopping:
Stopping:
+ date
Fri Nov 10 22:08:55 UTC 2023
+ echo Done.
Done.
  Elapsed time: 0.8 s
