/home/runner/simulations/TestJob01_temp_1/output-0000/TEST/sim/MemSpeed
Preparing:
+ set -e
+ cd output-0000-active
+ echo Checking:
Checking:
+ pwd
/home/runner/simulations/TestJob01_temp_1/output-0000/TEST/sim/MemSpeed/output-0000-active
+ hostname
fv-az937-215
+ date
Wed Dec  7 10:36:04 UTC 2022
+ echo Environment:
Environment:
+ export CACTUS_NUM_PROCS=1
+ CACTUS_NUM_PROCS=1
+ export CACTUS_NUM_THREADS=2
+ CACTUS_NUM_THREADS=2
+ export GMON_OUT_PREFIX=gmon.out
+ GMON_OUT_PREFIX=gmon.out
+ export OMP_NUM_THREADS=2
+ OMP_NUM_THREADS=2
+ env
+ sort
+ echo Starting:
Starting:
++ date +%s
+ export CACTUS_STARTTIME=1670409364
+ CACTUS_STARTTIME=1670409364
+ '[' 1 = 1 ']'
+ '[' 0 -eq 0 ']'
+ /home/runner/simulations/TestJob01_temp_1/SIMFACTORY/exe/cactus_sim -L 3 /home/runner/simulations/TestJob01_temp_1/output-0000/arrangements/CactusUtils/MemSpeed/test/memspeed.par
INFO (Cactus): Increased logging level from 0 to 3
--------------------------------------------------------------------------------

       10                                  
  1   0101       ************************  
  01  1010 10      The Cactus Code V4.13.0    
 1010 1101 011      www.cactuscode.org     
  1001 100101    ************************  
    00010101                               
     100011     (c) Copyright The Authors  
      0100      GNU Licensed. No Warranty  
      0101                                 
--------------------------------------------------------------------------------

Cactus version:    4.13.0
Compile date:      Dec 07 2022 (10:28:16)
Run date:          Dec 07 2022 (10:36:05+0000)
Run host:          fv-az937-215.gbewhsakpysehpu4wmlc3b5rie.bx.internal.cloudapp.net (pid=103420)
Working directory: /home/runner/simulations/TestJob01_temp_1/output-0000/TEST/sim/MemSpeed
Executable:        /home/runner/simulations/TestJob01_temp_1/SIMFACTORY/exe/cactus_sim
Parameter file:    /home/runner/simulations/TestJob01_temp_1/output-0000/arrangements/CactusUtils/MemSpeed/test/memspeed.par
--------------------------------------------------------------------------------

Activating thorn Cactus...Success -> active implementation Cactus
Activation requested for 
--->hwloc MemSpeed SystemTopology CartGrid3D CoordBase IOASCII IOUtil PUGH PUGHSlab<---
Thorn hwloc requests automatic activation of zlib
Thorn MemSpeed requests automatic activation of Vectors
Thorn MemSpeed requests automatic activation of MPI
Activating thorn CartGrid3D...Success -> active implementation grid
Activating thorn CoordBase...Success -> active implementation CoordBase
Activating thorn hwloc...Success -> active implementation hwloc
Activating thorn IOASCII...Success -> active implementation IOASCII
Activating thorn IOUtil...Success -> active implementation IO
Activating thorn MemSpeed...Success -> active implementation MemSpeed
Activating thorn MPI...Success -> active implementation MPI
Activating thorn PUGH...Success -> active implementation Driver
Activating thorn PUGHSlab...Success -> active implementation Hyperslab
Activating thorn SystemTopology...Success -> active implementation SystemTopology
Activating thorn Vectors...Success -> active implementation Vectors
Activating thorn zlib...Success -> active implementation zlib
--------------------------------------------------------------------------------
  if (recover initial data)
    Recover parameters
  endif

  Startup routines
    [CCTK_STARTUP]
      CartGrid3D::SymmetryStartup: Register GH Extension for GridSymmetry
      CoordBase::CoordBase_Startup: Register a GH extension to store the coordinate system handles
      GROUP hwloc_startup: hwloc startup group
        hwloc::hwloc_version: Output hwloc version
      SystemTopology::ST_system_topology: Output and/or modify system topology and hardware locality
      PUGH::Driver_Startup: Startup routine
      PUGH::PUGH_RegisterPUGHP2LRoutines: Register Physical to Logical process mapping routines
      PUGH::PUGH_RegisterPUGHTopologyRoutines: Register topology generation routines routines
      IOUtil::IOUtil_Startup: Startup routine
      Vectors::Vectors_Startup: Print startup message
      IOASCII::IOASCII_Startup: Startup routine

  Startup routines which need an existing grid hierarchy
    [CCTK_WRAGH]
      CartGrid3D::RegisterCartGrid3DCoords: [meta] Register coordinates for the Cartesian grid
      MemSpeed::MemSpeed_MeasureSpeed: [meta] Measure CPU, memory, cache speeds
  Parameter checking routines
    [CCTK_PARAMCHECK]
      CartGrid3D::ParamCheck_CartGrid3D: Check coordinates for CartGrid3D
      Vectors::Vectors_Test: Run correctness tests.

  Initialisation
    if (NOT (recover initial data AND recovery_mode is 'strict'))
      [CCTK_PREREGRIDINITIAL]
      Set up grid hierarchy
      [CCTK_POSTREGRIDINITIAL]
        CartGrid3D::SpatialCoordinates: Set Coordinates after regridding
      [CCTK_BASEGRID]
        CartGrid3D::SpatialSpacings: Set up ranges for spatial 3D Cartesian coordinates (on all grids)
        CartGrid3D::SpatialCoordinates: Set up spatial 3D Cartesian coordinates on the GH
        IOASCII::IOASCII_Choose1D: Choose 1D output lines
        IOASCII::IOASCII_Choose2D: Choose 2D output planes
        PUGH::PUGH_Report: Report on PUGH set up
      [CCTK_INITIAL]
      [CCTK_POSTINITIAL]
      Initialise finer grids recursively
      Restrict from finer grids
      [CCTK_POSTRESTRICTINITIAL]
      [CCTK_POSTPOSTINITIAL]
      [CCTK_POSTSTEP]
    endif
    if (recover initial data)
      [CCTK_BASEGRID]
        CartGrid3D::SpatialSpacings: Set up ranges for spatial 3D Cartesian coordinates (on all grids)
        CartGrid3D::SpatialCoordinates: Set up spatial 3D Cartesian coordinates on the GH
        IOASCII::IOASCII_Choose1D: Choose 1D output lines
        IOASCII::IOASCII_Choose2D: Choose 2D output planes
        PUGH::PUGH_Report: Report on PUGH set up
      [CCTK_RECOVER_VARIABLES]
      [CCTK_POST_RECOVER_VARIABLES]
    endif
    if (checkpoint initial data)
      [CCTK_CPINITIAL]
    endif
    if (analysis)
      [CCTK_ANALYSIS]
  endif
  Output grid variables

  do loop over timesteps
    [CCTK_PREREGRID]
    Change grid hierarchy
    [CCTK_POSTREGRID]
      CartGrid3D::SpatialCoordinates: Set Coordinates after regridding
    Rotate timelevels
    iteration = iteration+1
    t = t+dt
    [CCTK_PRESTEP]
    [CCTK_EVOL]
    Evolve finer grids recursively
    Restrict from finer grids
    [CCTK_POSTRESTRICT]
    [CCTK_POSTSTEP]
    if (checkpoint)
      [CCTK_CHECKPOINT]
    endif
    if (analysis)
      [CCTK_ANALYSIS]
    endif
    Output grid variables
    enddo

  Termination routines
    [CCTK_TERMINATE]
      PUGH::Driver_Terminate: Termination routine

  Shutdown routines
    [CCTK_SHUTDOWN]

  Routines run after changing the grid hierarchy:
    [CCTK_POSTREGRID]
      CartGrid3D::SpatialCoordinates: Set Coordinates after regridding
--------------------------------------------------------------------------------
INFO (hwloc): library version 2.1.0, API version 0x20100
INFO (SystemTopology): MPI process-to-host mapping:
This is MPI process 0 of 1
MPI hosts:
  0: fv-az937-215
This MPI process runs on host 0 of 1
On this host, this is MPI process 0 of 1
INFO (SystemTopology): Topology support:
Discovery support:
  discovery->pu                            : yes
CPU binding support:
  cpubind->set_thisproc_cpubind            : yes
  cpubind->get_thisproc_cpubind            : yes
  cpubind->set_proc_cpubind                : yes
  cpubind->get_proc_cpubind                : yes
  cpubind->set_thisthread_cpubind          : yes
  cpubind->get_thisthread_cpubind          : yes
  cpubind->set_thread_cpubind              : yes
  cpubind->get_thread_cpubind              : yes
  cpubind->get_thisproc_last_cpu_location  : yes
  cpubind->get_proc_last_cpu_location      : yes
  cpubind->get_thisthread_last_cpu_location: yes
Memory binding support:
  membind->set_thisproc_membind            : no
  membind->get_thisproc_membind            : no
  membind->set_proc_membind                : no
  membind->get_proc_membind                : no
  membind->set_thisthread_membind          : yes
  membind->get_thisthread_membind          : yes
  membind->set_area_membind                : yes
  membind->get_area_membind                : yes
  membind->alloc_membind                   : yes
  membind->firsttouch_membind              : yes
  membind->bind_membind                    : yes
  membind->interleave_membind              : yes
  membind->nexttouch_membind               : no
  membind->migrate_membind                 : yes
INFO (SystemTopology): Hardware objects in this node:
Machine L#0: (P#0, total=7110656KB, DMIProductName="Virtual Machine", DMIProductVersion=7.0, DMIProductUUID=bf9cb76a-f652-4b4a-b0ac-cff129623464, DMIBoardVendor="Microsoft Corporation", DMIBoardName="Virtual Machine", DMIBoardVersion=7.0, DMIChassisVendor="Microsoft Corporation", DMIChassisType=3, DMIChassisVersion=7.0, DMIChassisAssetTag=7783-7084-3265-9085-8269-3286-77, DMIBIOSVendor="American Megatrends Inc.", DMIBIOSVersion="090008 ", DMIBIOSDate=12/07/2018, DMISysVendor="Microsoft Corporation", Backend=Linux, LinuxCgroup=/, OSName=Linux, OSRelease=5.15.0-1023-azure, OSVersion="#29~20.04.1-Ubuntu SMP Wed Oct 26 19:18:25 UTC 2022", HostName=fv-az937-215, Architecture=x86_64, hwlocVersion=2.1.0, ProcessName=cactus_sim)
  Package L#0: (P#0, total=7110656KB, CPUVendor=GenuineIntel, CPUFamilyNumber=6, CPUModelNumber=79, CPUModel="Intel(R) Xeon(R) CPU E5-2673 v4 @ 2.30GHz", CPUStepping=1)
    L3Cache L#0: (P#-1, size=51200KB, linesize=64, ways=20, Inclusive=1)
      L2Cache L#0: (P#-1, size=256KB, linesize=64, ways=8, Inclusive=0)
        L1dCache L#0: (P#-1, size=32KB, linesize=64, ways=8, Inclusive=0)
          Core L#0: (P#0)
            PU L#0: (P#0)
      L2Cache L#1: (P#-1, size=256KB, linesize=64, ways=8, Inclusive=0)
        L1dCache L#1: (P#-1, size=32KB, linesize=64, ways=8, Inclusive=0)
          Core L#1: (P#1)
            PU L#1: (P#1)
INFO (SystemTopology): Thread CPU bindings:
  MPI process 0 on host 0 (process 0 of 1 on this host)
    OpenMP thread 0: PU set L#{0-1} P#{0-1}
    OpenMP thread 1: PU set L#{0-1} P#{0-1}
INFO (SystemTopology): Setting thread CPU bindings:
INFO (SystemTopology): Thread CPU bindings:
  MPI process 0 on host 0 (process 0 of 1 on this host)
    OpenMP thread 0: PU set L#{0} P#{0}
    OpenMP thread 1: PU set L#{1} P#{1}
INFO (SystemTopology): Extracting CPU/cache/memory properties:
  There are 1 PUs per core (aka hardware SMT threads)
  There are 1 threads per core (aka SMT threads used)
  Cache (unknown name) has type "data" depth 1
    size 32768 linesize 64 associativity 8 stride 4096, for 1 PUs
  Cache (unknown name) has type "unified" depth 2
    size 262144 linesize 64 associativity 8 stride 32768, for 1 PUs
  Cache (unknown name) has type "unified" depth 3
    size 52428800 linesize 64 associativity 20 stride 2621440, for 2 PUs
INFO (PUGH): Using physical to logical mappings: direct
INFO (PUGH): Using topology generator: automatic
INFO (Vectors): Using vector size 2 for architecture SSE2 (64-bit precision)
--------------------------------------------------------------------------------
Driver provided by PUGH
--------------------------------------------------------------------------------

INFO (PUGH): Not setting up a topology for 1 dimensions
INFO (PUGH): Not setting up a topology for 2 dimensions
INFO (PUGH): Setting up a topology for 3 dimensions
INFO (IOASCII): I/O Method 'IOASCII_1D' registered: output of 1D lines of grid functions/arrays to ASCII files
INFO (IOASCII): Periodic 1D output every 1 iterations
INFO (IOASCII): Periodic 1D output requested for 'GRID::r'
INFO (IOASCII): I/O Method 'IOASCII_2D' registered: output of 2D planes of grid functions/arrays to ASCII files
INFO (IOASCII): Periodic 2D output turned off
INFO (IOASCII): I/O Method 'IOASCII_3D' registered: output of 3D grid functions/arrays to ASCII files
INFO (IOASCII): Periodic 3D output turned off
INFO (MemSpeed): Measuring CPU, cache, memory, and communication speeds:
  Single-core measurements (using 1 MPI processes with 1 OpenMP threads each):
    CPU frequency:
      iterations=1000000... time=0.00306031 sec
      iterations=10000000... time=0.0299308 sec
      iterations=100000000... time=0.292616 sec
      iterations=400000000... time=1.17182 sec
      iterations=400000000... time=0.881163 sec
      result: 2.75236 GHz
    CPU floating point performance:
      iterations=1000000... time=0.00312701 sec
      iterations=10000000... time=0.0328894 sec
      iterations=100000000... time=0.31845 sec
      iterations=300000000... time=0.916331 sec
      iterations=600000000... time=1.91926 sec
      result: 10.0039 Gflop/sec
    CPU integer performance:
      iterations=1000000... time=0.00217681 sec
      iterations=10000000... time=0.0208827 sec
      iterations=100000000... time=0.197996 sec
      iterations=600000000... time=1.20179 sec
      result: 7.98806 Giop/sec
    Read latency of D1 cache (for 1 PUs) (using 1*24576 bytes):
      iterations=1000... time=0.0001347 sec
      iterations=10000... time=0.00165271 sec
      iterations=100000... time=0.014459 sec
      iterations=1000000... time=0.147804 sec
      iterations=7000000... time=1.02795 sec
      result: 1.46849 nsec
    Read latency of L2 cache (for 1 PUs) (using 1*196608 bytes):
      iterations=1000... time=0.000439201 sec
      iterations=10000... time=0.00444581 sec
      iterations=100000... time=0.0462279 sec
      iterations=1000000... time=0.501611 sec
      iterations=2000000... time=0.951307 sec
      iterations=4000000... time=1.93962 sec
      result: 4.84904 nsec
    Read latency of L3 cache (for 2 PUs) (using 1*39321600 bytes):
      [skipped -- avoiding large-memory benchmarks]
    Read bandwidth of D1 cache (for 1 PUs) (using 1*24576 bytes):
      iterations=1... time=5e-07 sec
      iterations=10... time=2.6e-06 sec
      iterations=100... time=2.37e-05 sec
      iterations=1000... time=0.000240501 sec
      iterations=10000... time=0.00298151 sec
      iterations=100000... time=0.0266001 sec
      iterations=1000000... time=0.274578 sec
      iterations=4000000... time=1.13087 sec
      result: 86.9275 GByte/sec
    Read bandwidth of L2 cache (for 1 PUs) (using 1*196608 bytes):
      iterations=1... time=6.3e-06 sec
      iterations=10... time=5.33e-05 sec
      iterations=100... time=0.000361801 sec
      iterations=1000... time=0.00374301 sec
      iterations=10000... time=0.0428634 sec
      iterations=100000... time=0.432993 sec
      iterations=300000... time=1.24618 sec
      result: 47.3306 GByte/sec
    Read bandwidth of L3 cache (for 2 PUs) (using 1*39321600 bytes):
      [skipped -- avoiding large-memory benchmarks]
    Write latency of D1 cache (for 1 PUs) (using 1*24576 bytes):
      iterations=1000... time=4e-06 sec
      iterations=10000... time=2.68e-05 sec
      iterations=100000... time=0.0002836 sec
      iterations=1000000... time=0.00289771 sec
      iterations=10000000... time=0.0290197 sec
      iterations=100000000... time=0.279726 sec
      iterations=400000000... time=1.13374 sec
      result: 0.354293 nsec
    Write latency of L2 cache (for 1 PUs) (using 1*196608 bytes):
      iterations=1000... time=1.78e-05 sec
      iterations=10000... time=0.000136001 sec
      iterations=100000... time=0.0016148 sec
      iterations=1000000... time=0.0169666 sec
      iterations=10000000... time=0.165424 sec
      iterations=70000000... time=1.23649 sec
      result: 2.20801 nsec
    Write latency of L3 cache (for 2 PUs) (using 1*39321600 bytes):
      [skipped -- avoiding large-memory benchmarks]
    Write bandwidth of D1 cache (for 1 PUs) (using 1*24576 bytes):
      iterations=1... time=6e-07 sec
      iterations=10... time=2.9e-06 sec
      iterations=100... time=2.56e-05 sec
      iterations=1000... time=0.000278401 sec
      iterations=10000... time=0.00318101 sec
      iterations=100000... time=0.0303642 sec
      iterations=1000000... time=0.285038 sec
      iterations=4000000... time=1.18604 sec
      result: 82.8839 GByte/sec
    Write bandwidth of L2 cache (for 1 PUs) (using 1*196608 bytes):
      iterations=1... time=7.6e-06 sec
      iterations=10... time=7.57e-05 sec
      iterations=100... time=0.000921203 sec
      iterations=1000... time=0.00871563 sec
      iterations=10000... time=0.0892063 sec
      iterations=100000... time=0.86134 sec
      iterations=200000... time=1.77931 sec
      result: 22.0994 GByte/sec
    Write bandwidth of L3 cache (for 2 PUs) (using 1*39321600 bytes):
      [skipped -- avoiding large-memory benchmarks]
    Stencil code performance of D1 cache (for 1 PUs) (using 1*12^3 grid points, 1*27648 bytes):
      iterations=1... time=1.4601e-05 sec
      iterations=10... time=0.0002993 sec
      iterations=100... time=0.00244191 sec
      iterations=1000... time=0.0253737 sec
      iterations=10000... time=0.253747 sec
      iterations=40000... time=1.00236 sec
      result: 0.0689575 Gupdates/sec
    Stencil code performance of L2 cache (for 1 PUs) (using 1*23^3 grid points, 1*194672 bytes):
      iterations=1... time=2.73e-05 sec
      iterations=10... time=0.000859703 sec
      iterations=100... time=0.00859463 sec
      iterations=1000... time=0.0878623 sec
      iterations=10000... time=0.888934 sec
      iterations=20000... time=1.78777 sec
      result: 0.136114 Gupdates/sec
    Stencil code performance of L3 cache (for 2 PUs) (using 1*135^3 grid points, 1*39366000 bytes):
      iterations=1... time=0.00604222 sec
      iterations=10... time=0.0623944 sec
      iterations=100... time=0.646414 sec
      iterations=200... time=1.21137 sec
      result: 0.406213 Gupdates/sec
  Single-node measurements (using 1 MPI processes with 2 OpenMP threads each):
    CPU frequency:
      iterations=1000000... time=0.00312451 sec
      iterations=10000000... time=0.0277862 sec
      iterations=100000000... time=0.294528 sec
      iterations=400000000... time=1.1653 sec
      iterations=400000000... time=0.902608 sec
      result: 3.04541 GHz
    CPU floating point performance:
      iterations=1000000... time=0.00276221 sec
      iterations=10000000... time=0.0305861 sec
      iterations=100000000... time=0.309143 sec
      iterations=400000000... time=1.23971 sec
      result: 10.325 Gflop/sec
    CPU integer performance:
      iterations=1000000... time=0.00241476 sec
      iterations=10000000... time=0.0192726 sec
      iterations=100000000... time=0.19709 sec
      iterations=600000000... time=1.1925 sec
      result: 8.05034 Giop/sec
    Read latency of D1 cache (for 1 PUs) (using 2*24576 bytes):
      iterations=1000... time=0.0001259 sec
      iterations=10000... time=0.00133135 sec
      iterations=100000... time=0.014573 sec
      iterations=1000000... time=0.14782 sec
      iterations=7000000... time=1.04361 sec
      result: 1.49087 nsec
    Read latency of L2 cache (for 1 PUs) (using 2*196608 bytes):
      iterations=1000... time=0.000558601 sec
      iterations=10000... time=0.00517116 sec
      iterations=100000... time=0.0532292 sec
      iterations=1000000... time=0.538148 sec
      iterations=2000000... time=1.03425 sec
      result: 5.17126 nsec
    Read latency of L3 cache (for 2 PUs) (using 1*39321600 bytes):
      [skipped -- avoiding large-memory benchmarks]
    Read bandwidth of D1 cache (for 1 PUs) (using 2*24576 bytes):
      iterations=1... time=4.5e-07 sec
      iterations=10... time=2.45e-06 sec
      iterations=100... time=2.225e-05 sec
      iterations=1000... time=0.000221051 sec
      iterations=10000... time=0.00283761 sec
      iterations=100000... time=0.0286784 sec
      iterations=1000000... time=0.296093 sec
      iterations=4000000... time=1.18581 sec
      result: 82.9003 GByte/sec
    Read bandwidth of L2 cache (for 1 PUs) (using 2*196608 bytes):
      iterations=1... time=7.5e-06 sec
      iterations=10... time=5.285e-05 sec
      iterations=100... time=0.000571202 sec
      iterations=1000... time=0.00549197 sec
      iterations=10000... time=0.054953 sec
      iterations=100000... time=0.501621 sec
      iterations=200000... time=0.986787 sec
      iterations=400000... time=1.93993 sec
      result: 40.5392 GByte/sec
    Read bandwidth of L3 cache (for 2 PUs) (using 1*39321600 bytes):
      [skipped -- avoiding large-memory benchmarks]
    Write latency of D1 cache (for 1 PUs) (using 2*24576 bytes):
      iterations=1000... time=1.13e-05 sec
      iterations=10000... time=2.53e-05 sec
      iterations=100000... time=0.000281201 sec
      iterations=1000000... time=0.00302921 sec
      iterations=10000000... time=0.0298537 sec
      iterations=100000000... time=0.295299 sec
      iterations=400000000... time=1.15195 sec
      result: 0.359984 nsec
    Write latency of L2 cache (for 1 PUs) (using 2*196608 bytes):
      iterations=1000... time=1.79e-05 sec
      iterations=10000... time=0.00014365 sec
      iterations=100000... time=0.00163635 sec
      iterations=1000000... time=0.0173127 sec
      iterations=10000000... time=0.181767 sec
      iterations=60000000... time=1.0667 sec
      result: 2.2223 nsec
    Write latency of L3 cache (for 2 PUs) (using 1*39321600 bytes):
      [skipped -- avoiding large-memory benchmarks]
    Write bandwidth of D1 cache (for 1 PUs) (using 2*24576 bytes):
      iterations=1... time=6.5e-07 sec
      iterations=10... time=2.75e-06 sec
      iterations=100... time=2.45e-05 sec
      iterations=1000... time=0.0002539 sec
      iterations=10000... time=0.00272941 sec
      iterations=100000... time=0.0300063 sec
      iterations=1000000... time=0.311283 sec
      iterations=4000000... time=1.21386 sec
      result: 80.9847 GByte/sec
    Write bandwidth of L2 cache (for 1 PUs) (using 2*196608 bytes):
      iterations=1... time=9.35e-06 sec
      iterations=10... time=0.000191701 sec
      iterations=100... time=0.000956553 sec
      iterations=1000... time=0.00918938 sec
      iterations=10000... time=0.0935366 sec
      iterations=100000... time=0.956493 sec
      iterations=200000... time=1.84609 sec
      result: 21.3 GByte/sec
    Write bandwidth of L3 cache (for 2 PUs) (using 1*39321600 bytes):
      [skipped -- avoiding large-memory benchmarks]
    Stencil code performance of D1 cache (for 1 PUs) (using 2*9^3 grid points, 2*11664 bytes):
      iterations=1... time=2.65e-06 sec
      iterations=10... time=4.32e-05 sec
      iterations=100... time=0.000314901 sec
      iterations=1000... time=0.00325526 sec
      iterations=10000... time=0.0290208 sec
      iterations=100000... time=0.294217 sec
      iterations=400000... time=1.18059 sec
      result: 0.246995 Gupdates/sec
    Stencil code performance of L2 cache (for 1 PUs) (using 2*18^3 grid points, 2*93312 bytes):
      iterations=1... time=1.2e-05 sec
      iterations=10... time=0.000141701 sec
      iterations=100... time=0.00143365 sec
      iterations=1000... time=0.0151139 sec
      iterations=10000... time=0.145869 sec
      iterations=80000... time=1.18438 sec
      result: 0.393927 Gupdates/sec
    Stencil code performance of L3 cache (for 2 PUs) (using 1*135^3 grid points, 1*39366000 bytes):
      iterations=1... time=0.00167295 sec
      iterations=10... time=0.019071 sec
      iterations=100... time=0.196086 sec
      iterations=600... time=1.2004 sec
      result: 1.22977 Gupdates/sec
INFO (Vectors): Testing vectorisation... [errors may result in segfaults]
INFO (Vectors): 375/375 tests passed 
INFO (CartGrid3D): Grid Spacings:
INFO (CartGrid3D): dx=>1.1111111e-01  dy=>1.1111111e-01  dz=>1.1111111e-01
INFO (CartGrid3D): Computational Coordinates:
INFO (CartGrid3D): x=>[-0.500, 0.500]  y=>[-0.500, 0.500]  z=>[-0.500, 0.500]
INFO (CartGrid3D): Indices of Physical Coordinates:
INFO (CartGrid3D): x=>[0,9]  y=>[0,9]  z=>[0,9]
INFO (PUGH): MPI Evolution on 1 processors
INFO (PUGH): 3-dimensional grid functions
INFO (PUGH):   Size: 10 10 10
INFO (PUGH):   Processor topology: 1 x 1 x 1
INFO (PUGH):   Local load: 1000   [10 x 10 x 10]
INFO (PUGH):   Maximum load skew: 0.000000
--------------------------------------------------------------------------------
Done.
+ echo Stopping:
Stopping:
+ date
Wed Dec  7 10:37:03 UTC 2022
+ echo Done.
Done.
  Elapsed time: 58.5 s
