/home/runner/simulations/TestJob01_temp_1/output-0000/TEST/sim/MemSpeed
Preparing:
+ set -e
+ cd output-0000-active
+ echo Checking:
Checking:
+ pwd
/home/runner/simulations/TestJob01_temp_1/output-0000/TEST/sim/MemSpeed/output-0000-active
+ hostname
fv-az202-267
+ date
Fri Dec 31 16:50:36 UTC 2021
+ echo Environment:
Environment:
+ export CACTUS_NUM_PROCS=1
+ export CACTUS_NUM_THREADS=2
+ export GMON_OUT_PREFIX=gmon.out
+ export OMP_NUM_THREADS=2
+ env
+ sort
+ echo Starting:
Starting:
+ date +%s
+ export CACTUS_STARTTIME=1640969436
+ [ 1 = 1 ]
+ [ 0 -eq 0 ]
+ /home/runner/simulations/TestJob01_temp_1/SIMFACTORY/exe/cactus_sim -L 3 /home/runner/simulations/TestJob01_temp_1/output-0000/arrangements/CactusUtils/MemSpeed/test/memspeed.par
INFO (Cactus): Increased logging level from 0 to 3
--------------------------------------------------------------------------------

       10                                  
  1   0101       ************************  
  01  1010 10      The Cactus Code V4.11.0    
 1010 1101 011      www.cactuscode.org     
  1001 100101    ************************  
    00010101                               
     100011     (c) Copyright The Authors  
      0100      GNU Licensed. No Warranty  
      0101                                 
--------------------------------------------------------------------------------

Cactus version:    4.11.0
Compile date:      Dec 31 2021 (16:44:12)
Run date:          Dec 31 2021 (16:50:36+0000)
Run host:          fv-az202-267.ngw3kpfb2bguzbtcwuqjmbcvef.gx.internal.cloudapp.net (pid=99410)
Working directory: /home/runner/simulations/TestJob01_temp_1/output-0000/TEST/sim/MemSpeed
Executable:        /home/runner/simulations/TestJob01_temp_1/SIMFACTORY/exe/cactus_sim
Parameter file:    /home/runner/simulations/TestJob01_temp_1/output-0000/arrangements/CactusUtils/MemSpeed/test/memspeed.par
--------------------------------------------------------------------------------

Activating thorn Cactus...Success -> active implementation Cactus
Activation requested for 
--->hwloc MemSpeed SystemTopology CartGrid3D CoordBase IOASCII IOUtil PUGH PUGHSlab<---
Thorn hwloc requests automatic activation of zlib
Thorn MemSpeed requests automatic activation of Vectors
Thorn MemSpeed requests automatic activation of MPI
Activating thorn CartGrid3D...Success -> active implementation grid
Activating thorn CoordBase...Success -> active implementation CoordBase
Activating thorn hwloc...Success -> active implementation hwloc
Activating thorn IOASCII...Success -> active implementation IOASCII
Activating thorn IOUtil...Success -> active implementation IO
Activating thorn MemSpeed...Success -> active implementation MemSpeed
Activating thorn MPI...Success -> active implementation MPI
Activating thorn PUGH...Success -> active implementation Driver
Activating thorn PUGHSlab...Success -> active implementation Hyperslab
Activating thorn SystemTopology...Success -> active implementation SystemTopology
Activating thorn Vectors...Success -> active implementation Vectors
Activating thorn zlib...Success -> active implementation zlib
--------------------------------------------------------------------------------
  if (recover initial data)
    Recover parameters
  endif

  Startup routines
    [CCTK_STARTUP]
      CartGrid3D::SymmetryStartup: Register GH Extension for GridSymmetry
      CoordBase::CoordBase_Startup: Register a GH extension to store the coordinate system handles
      GROUP hwloc_startup: hwloc startup group
        hwloc::hwloc_version: Output hwloc version
      SystemTopology::ST_system_topology: Output and/or modify system topology and hardware locality
      PUGH::Driver_Startup: Startup routine
      PUGH::PUGH_RegisterPUGHP2LRoutines: Register Physical to Logical process mapping routines
      PUGH::PUGH_RegisterPUGHTopologyRoutines: Register topology generation routines routines
      IOUtil::IOUtil_Startup: Startup routine
      Vectors::Vectors_Startup: Print startup message
      IOASCII::IOASCII_Startup: Startup routine

  Startup routines which need an existing grid hierarchy
    [CCTK_WRAGH]
      CartGrid3D::RegisterCartGrid3DCoords: [meta] Register coordinates for the Cartesian grid
      MemSpeed::MemSpeed_MeasureSpeed: [meta] Measure CPU, memory, cache speeds
  Parameter checking routines
    [CCTK_PARAMCHECK]
      CartGrid3D::ParamCheck_CartGrid3D: Check coordinates for CartGrid3D
      Vectors::Vectors_Test: Run correctness tests.

  Initialisation
    if (NOT (recover initial data AND recovery_mode is 'strict'))
      [CCTK_PREREGRIDINITIAL]
      Set up grid hierarchy
      [CCTK_POSTREGRIDINITIAL]
        CartGrid3D::SpatialCoordinates: Set Coordinates after regridding
      [CCTK_BASEGRID]
        CartGrid3D::SpatialSpacings: Set up ranges for spatial 3D Cartesian coordinates (on all grids)
        CartGrid3D::SpatialCoordinates: Set up spatial 3D Cartesian coordinates on the GH
        IOASCII::IOASCII_Choose1D: Choose 1D output lines
        IOASCII::IOASCII_Choose2D: Choose 2D output planes
        PUGH::PUGH_Report: Report on PUGH set up
      [CCTK_INITIAL]
      [CCTK_POSTINITIAL]
      Initialise finer grids recursively
      Restrict from finer grids
      [CCTK_POSTRESTRICTINITIAL]
      [CCTK_POSTPOSTINITIAL]
      [CCTK_POSTSTEP]
    endif
    if (recover initial data)
      [CCTK_BASEGRID]
        CartGrid3D::SpatialSpacings: Set up ranges for spatial 3D Cartesian coordinates (on all grids)
        CartGrid3D::SpatialCoordinates: Set up spatial 3D Cartesian coordinates on the GH
        IOASCII::IOASCII_Choose1D: Choose 1D output lines
        IOASCII::IOASCII_Choose2D: Choose 2D output planes
        PUGH::PUGH_Report: Report on PUGH set up
      [CCTK_RECOVER_VARIABLES]
      [CCTK_POST_RECOVER_VARIABLES]
    endif
    if (checkpoint initial data)
      [CCTK_CPINITIAL]
    endif
    if (analysis)
      [CCTK_ANALYSIS]
  endif
  Output grid variables

  do loop over timesteps
    [CCTK_PREREGRID]
    Change grid hierarchy
    [CCTK_POSTREGRID]
      CartGrid3D::SpatialCoordinates: Set Coordinates after regridding
    Rotate timelevels
    iteration = iteration+1
    t = t+dt
    [CCTK_PRESTEP]
    [CCTK_EVOL]
    Evolve finer grids recursively
    Restrict from finer grids
    [CCTK_POSTRESTRICT]
    [CCTK_POSTSTEP]
    if (checkpoint)
      [CCTK_CHECKPOINT]
    endif
    if (analysis)
      [CCTK_ANALYSIS]
    endif
    Output grid variables
    enddo

  Termination routines
    [CCTK_TERMINATE]
      PUGH::Driver_Terminate: Termination routine

  Shutdown routines
    [CCTK_SHUTDOWN]

  Routines run after changing the grid hierarchy:
    [CCTK_POSTREGRID]
      CartGrid3D::SpatialCoordinates: Set Coordinates after regridding
--------------------------------------------------------------------------------
INFO (hwloc): library version 2.1.0, API version 0x20100
INFO (SystemTopology): MPI process-to-host mapping:
This is MPI process 0 of 1
MPI hosts:
  0: fv-az202-267
This MPI process runs on host 0 of 1
On this host, this is MPI process 0 of 1
INFO (SystemTopology): Topology support:
Discovery support:
  discovery->pu                            : yes
CPU binding support:
  cpubind->set_thisproc_cpubind            : yes
  cpubind->get_thisproc_cpubind            : yes
  cpubind->set_proc_cpubind                : yes
  cpubind->get_proc_cpubind                : yes
  cpubind->set_thisthread_cpubind          : yes
  cpubind->get_thisthread_cpubind          : yes
  cpubind->set_thread_cpubind              : yes
  cpubind->get_thread_cpubind              : yes
  cpubind->get_thisproc_last_cpu_location  : yes
  cpubind->get_proc_last_cpu_location      : yes
  cpubind->get_thisthread_last_cpu_location: yes
Memory binding support:
  membind->set_thisproc_membind            : no
  membind->get_thisproc_membind            : no
  membind->set_proc_membind                : no
  membind->get_proc_membind                : no
  membind->set_thisthread_membind          : yes
  membind->get_thisthread_membind          : yes
  membind->set_area_membind                : yes
  membind->get_area_membind                : yes
  membind->alloc_membind                   : yes
  membind->firsttouch_membind              : yes
  membind->bind_membind                    : yes
  membind->interleave_membind              : yes
  membind->nexttouch_membind               : no
  membind->migrate_membind                 : yes
INFO (SystemTopology): Hardware objects in this node:
Machine L#0: (P#0, total=7118760KB, DMIProductName="Virtual Machine", DMIProductVersion=7.0, DMIProductUUID=7f3d2106-f5d2-fa48-a1a4-1209d02f892d, DMIBoardVendor="Microsoft Corporation", DMIBoardName="Virtual Machine", DMIBoardVersion=7.0, DMIChassisVendor="Microsoft Corporation", DMIChassisType=3, DMIChassisVersion=7.0, DMIChassisAssetTag=7783-7084-3265-9085-8269-3286-77, DMIBIOSVendor="American Megatrends Inc.", DMIBIOSVersion="090008 ", DMIBIOSDate=12/07/2018, DMISysVendor="Microsoft Corporation", Backend=Linux, LinuxCgroup=/, OSName=Linux, OSRelease=5.11.0-1022-azure, OSVersion="#23~20.04.1-Ubuntu SMP Fri Nov 19 10:20:52 UTC 2021", HostName=fv-az202-267, Architecture=x86_64, hwlocVersion=2.1.0, ProcessName=cactus_sim)
  Package L#0: (P#0, total=7118760KB, CPUVendor=GenuineIntel, CPUFamilyNumber=6, CPUModelNumber=106, CPUModel="Intel(R) Xeon(R) Platinum 8370C CPU @ 2.80GHz", CPUStepping=6)
    L3Cache L#0: (P#-1, size=49152KB, linesize=64, ways=12, Inclusive=0)
      L2Cache L#0: (P#-1, size=1280KB, linesize=64, ways=20, Inclusive=0)
        L1dCache L#0: (P#-1, size=48KB, linesize=64, ways=12, Inclusive=0)
          Core L#0: (P#0)
            PU L#0: (P#0)
      L2Cache L#1: (P#-1, size=1280KB, linesize=64, ways=20, Inclusive=0)
        L1dCache L#1: (P#-1, size=48KB, linesize=64, ways=12, Inclusive=0)
          Core L#1: (P#1)
            PU L#1: (P#1)
INFO (SystemTopology): Thread CPU bindings:
  MPI process 0 on host 0 (process 0 of 1 on this host)
    OpenMP thread 0: PU set L#{0-1} P#{0-1}
    OpenMP thread 1: PU set L#{0-1} P#{0-1}
INFO (SystemTopology): Setting thread CPU bindings:
INFO (SystemTopology): Thread CPU bindings:
  MPI process 0 on host 0 (process 0 of 1 on this host)
    OpenMP thread 0: PU set L#{0} P#{0}
    OpenMP thread 1: PU set L#{1} P#{1}
INFO (SystemTopology): Extracting CPU/cache/memory properties:
  There are 1 PUs per core (aka hardware SMT threads)
  There are 1 threads per core (aka SMT threads used)
  Cache (unknown name) has type "data" depth 1
    size 49152 linesize 64 associativity 12 stride 4096, for 1 PUs
  Cache (unknown name) has type "unified" depth 2
    size 1310720 linesize 64 associativity 20 stride 65536, for 1 PUs
  Cache (unknown name) has type "unified" depth 3
    size 50331648 linesize 64 associativity 12 stride 4194304, for 2 PUs
INFO (PUGH): Using physical to logical mappings: direct
INFO (PUGH): Using topology generator: automatic
INFO (Vectors): Using vector size 2 for architecture SSE2 (64-bit precision)
--------------------------------------------------------------------------------
Driver provided by PUGH
--------------------------------------------------------------------------------

INFO (PUGH): Not setting up a topology for 1 dimensions
INFO (PUGH): Not setting up a topology for 2 dimensions
INFO (PUGH): Setting up a topology for 3 dimensions
INFO (IOASCII): I/O Method 'IOASCII_1D' registered: output of 1D lines of grid functions/arrays to ASCII files
INFO (IOASCII): Periodic 1D output every 1 iterations
INFO (IOASCII): Periodic 1D output requested for 'GRID::r'
INFO (IOASCII): I/O Method 'IOASCII_2D' registered: output of 2D planes of grid functions/arrays to ASCII files
INFO (IOASCII): Periodic 2D output turned off
INFO (IOASCII): I/O Method 'IOASCII_3D' registered: output of 3D grid functions/arrays to ASCII files
INFO (IOASCII): Periodic 3D output turned off
INFO (MemSpeed): Measuring CPU, cache, memory, and communication speeds:
  Single-core measurements (using 1 MPI processes with 1 OpenMP threads each):
    CPU frequency:
      iterations=1000000... time=0.0016936 sec
      iterations=10000000... time=0.0168799 sec
      iterations=100000000... time=0.169781 sec
      iterations=600000000... time=1.01788 sec
      iterations=600000000... time=1.03898 sec
      result: -56.8797 GHz
    CPU floating point performance:
      iterations=1000000... time=0.00360919 sec
      iterations=10000000... time=0.0360851 sec
      iterations=100000000... time=0.3609 sec
      iterations=300000000... time=1.08267 sec
      result: 8.86696 Gflop/sec
    CPU integer performance:
      iterations=1000000... time=0.00199949 sec
      iterations=10000000... time=0.0199032 sec
      iterations=100000000... time=0.199271 sec
      iterations=600000000... time=1.19446 sec
      result: 8.03713 Giop/sec
    Read latency of D1 cache (for 1 PUs) (using 1*36864 bytes):
      iterations=1000... time=0.000201699 sec
      iterations=10000... time=0.0020066 sec
      iterations=100000... time=0.0200864 sec
      iterations=1000000... time=0.200889 sec
      iterations=5000000... time=1.00443 sec
      result: 2.00886 nsec
    Read latency of L2 cache (for 1 PUs) (using 1*983040 bytes):
      iterations=1000... time=0.000595199 sec
      iterations=10000... time=0.00588889 sec
      iterations=100000... time=0.0587107 sec
      iterations=1000000... time=0.586672 sec
      iterations=2000000... time=1.17506 sec
      result: 5.87528 nsec
    Read latency of L3 cache (for 2 PUs) (using 1*37748736 bytes):
      [skipped -- avoiding large-memory benchmarks]
    Read bandwidth of D1 cache (for 1 PUs) (using 1*36864 bytes):
      iterations=1... time=8e-07 sec
      iterations=10... time=5.6e-06 sec
      iterations=100... time=5.43e-05 sec
      iterations=1000... time=0.000540399 sec
      iterations=10000... time=0.00541779 sec
      iterations=100000... time=0.0541217 sec
      iterations=1000000... time=0.541318 sec
      iterations=2000000... time=1.08247 sec
      result: 68.1106 GByte/sec
    Read bandwidth of L2 cache (for 1 PUs) (using 1*983040 bytes):
      iterations=1... time=2.62e-05 sec
      iterations=10... time=0.0002351 sec
      iterations=100... time=0.00233359 sec
      iterations=1000... time=0.0232113 sec
      iterations=10000... time=0.229997 sec
      iterations=50000... time=1.14997 sec
      result: 42.742 GByte/sec
    Read bandwidth of L3 cache (for 2 PUs) (using 1*37748736 bytes):
      [skipped -- avoiding large-memory benchmarks]
    Write latency of D1 cache (for 1 PUs) (using 1*36864 bytes):
      iterations=1000... time=3.5e-06 sec
      iterations=10000... time=3.25e-05 sec
      iterations=100000... time=0.0003215 sec
      iterations=1000000... time=0.00321499 sec
      iterations=10000000... time=0.03213 sec
      iterations=100000000... time=0.321422 sec
      iterations=300000000... time=0.964185 sec
      iterations=600000000... time=1.92804 sec
      result: 0.401675 nsec
    Write latency of L2 cache (for 1 PUs) (using 1*983040 bytes):
      iterations=1000... time=1.68e-05 sec
      iterations=10000... time=0.000184 sec
      iterations=100000... time=0.001838 sec
      iterations=1000000... time=0.0182999 sec
      iterations=10000000... time=0.182634 sec
      iterations=60000000... time=1.09255 sec
      result: 2.27614 nsec
    Write latency of L3 cache (for 2 PUs) (using 1*37748736 bytes):
      [skipped -- avoiding large-memory benchmarks]
    Write bandwidth of D1 cache (for 1 PUs) (using 1*36864 bytes):
      iterations=1... time=6e-07 sec
      iterations=10... time=5.5e-06 sec
      iterations=100... time=3.91e-05 sec
      iterations=1000... time=0.000242199 sec
      iterations=10000... time=0.0024254 sec
      iterations=100000... time=0.0242326 sec
      iterations=1000000... time=0.242595 sec
      iterations=5000000... time=1.212 sec
      result: 152.079 GByte/sec
    Write bandwidth of L2 cache (for 1 PUs) (using 1*983040 bytes):
      iterations=1... time=2.63e-05 sec
      iterations=10... time=0.000229099 sec
      iterations=100... time=0.0022711 sec
      iterations=1000... time=0.0226472 sec
      iterations=10000... time=0.226276 sec
      iterations=50000... time=1.13159 sec
      result: 43.4363 GByte/sec
    Write bandwidth of L3 cache (for 2 PUs) (using 1*37748736 bytes):
      [skipped -- avoiding large-memory benchmarks]
    Stencil code performance of D1 cache (for 1 PUs) (using 1*13^3 grid points, 1*35152 bytes):
      iterations=1... time=1.33e-05 sec
      iterations=10... time=0.0001287 sec
      iterations=100... time=0.0013107 sec
      iterations=1000... time=0.0130682 sec
      iterations=10000... time=0.131001 sec
      iterations=80000... time=1.03919 sec
      result: 0.169132 Gupdates/sec
    Stencil code performance of L2 cache (for 1 PUs) (using 1*39^3 grid points, 1*949104 bytes):
      iterations=1... time=0.000169299 sec
      iterations=10... time=0.0025591 sec
      iterations=100... time=0.0252819 sec
      iterations=1000... time=0.256523 sec
      iterations=4000... time=1.03914 sec
      result: 0.22834 Gupdates/sec
    Stencil code performance of L3 cache (for 2 PUs) (using 1*133^3 grid points, 1*37642192 bytes):
      iterations=1... time=0.0445359 sec
      iterations=10... time=0.468045 sec
      iterations=20... time=0.960101 sec
      iterations=40... time=1.93844 sec
      result: 0.0485471 Gupdates/sec
  Single-node measurements (using 1 MPI processes with 2 OpenMP threads each):
    CPU frequency:
      iterations=1000000... time=0.00171955 sec
      iterations=10000000... time=0.0169876 sec
      iterations=100000000... time=0.169706 sec
      iterations=600000000... time=1.0193 sec
      iterations=600000000... time=1.04059 sec
      result: -56.3542 GHz
    CPU floating point performance:
      iterations=1000000... time=0.00361009 sec
      iterations=10000000... time=0.0361168 sec
      iterations=100000000... time=0.361451 sec
      iterations=300000000... time=1.09118 sec
      result: 8.79779 Gflop/sec
    CPU integer performance:
      iterations=1000000... time=0.002005 sec
      iterations=10000000... time=0.0199207 sec
      iterations=100000000... time=0.199318 sec
      iterations=600000000... time=1.19568 sec
      result: 8.02893 Giop/sec
    Read latency of D1 cache (for 1 PUs) (using 2*36864 bytes):
      iterations=1000... time=0.000209549 sec
      iterations=10000... time=0.0020061 sec
      iterations=100000... time=0.0200968 sec
      iterations=1000000... time=0.201092 sec
      iterations=5000000... time=1.00693 sec
      result: 2.01387 nsec
    Read latency of L2 cache (for 1 PUs) (using 2*983040 bytes):
      iterations=1000... time=0.000595248 sec
      iterations=10000... time=0.00589724 sec
      iterations=100000... time=0.0592875 sec
      iterations=1000000... time=0.58902 sec
      iterations=2000000... time=1.17827 sec
      result: 5.89133 nsec
    Read latency of L3 cache (for 2 PUs) (using 1*37748736 bytes):
      [skipped -- avoiding large-memory benchmarks]
    Read bandwidth of D1 cache (for 1 PUs) (using 2*36864 bytes):
      iterations=1... time=9e-07 sec
      iterations=10... time=5.7e-06 sec
      iterations=100... time=5.43e-05 sec
      iterations=1000... time=0.000540649 sec
      iterations=10000... time=0.00541704 sec
      iterations=100000... time=0.0557742 sec
      iterations=1000000... time=0.542758 sec
      iterations=2000000... time=1.10505 sec
      result: 66.7193 GByte/sec
    Read bandwidth of L2 cache (for 1 PUs) (using 2*983040 bytes):
      iterations=1... time=2.63e-05 sec
      iterations=10... time=0.000232999 sec
      iterations=100... time=0.0023098 sec
      iterations=1000... time=0.0232397 sec
      iterations=10000... time=0.231014 sec
      iterations=50000... time=1.15431 sec
      result: 42.5813 GByte/sec
    Read bandwidth of L3 cache (for 2 PUs) (using 1*37748736 bytes):
      [skipped -- avoiding large-memory benchmarks]
    Write latency of D1 cache (for 1 PUs) (using 2*36864 bytes):
      iterations=1000... time=3.85e-06 sec
      iterations=10000... time=3.27e-05 sec
      iterations=100000... time=0.0003214 sec
      iterations=1000000... time=0.00321634 sec
      iterations=10000000... time=0.0323118 sec
      iterations=100000000... time=0.321901 sec
      iterations=300000000... time=0.965359 sec
      iterations=600000000... time=1.93058 sec
      result: 0.402205 nsec
    Write latency of L2 cache (for 1 PUs) (using 2*983040 bytes):
      iterations=1000... time=2.145e-05 sec
      iterations=10000... time=0.000183249 sec
      iterations=100000... time=0.00180395 sec
      iterations=1000000... time=0.0180219 sec
      iterations=10000000... time=0.18115 sec
      iterations=60000000... time=1.09069 sec
      result: 2.27228 nsec
    Write latency of L3 cache (for 2 PUs) (using 1*37748736 bytes):
      [skipped -- avoiding large-memory benchmarks]
    Write bandwidth of D1 cache (for 1 PUs) (using 2*36864 bytes):
      iterations=1... time=6.5e-07 sec
      iterations=10... time=4.25e-06 sec
      iterations=100... time=2.505e-05 sec
      iterations=1000... time=0.000247349 sec
      iterations=10000... time=0.00247794 sec
      iterations=100000... time=0.0267584 sec
      iterations=1000000... time=0.24769 sec
      iterations=4000000... time=0.992484 sec
      iterations=8000000... time=1.98201 sec
      result: 148.795 GByte/sec
    Write bandwidth of L2 cache (for 1 PUs) (using 2*983040 bytes):
      iterations=1... time=2.965e-05 sec
      iterations=10... time=0.0002293 sec
      iterations=100... time=0.00227294 sec
      iterations=1000... time=0.0226604 sec
      iterations=10000... time=0.226602 sec
      iterations=50000... time=1.19187 sec
      result: 41.2395 GByte/sec
    Write bandwidth of L3 cache (for 2 PUs) (using 1*37748736 bytes):
      [skipped -- avoiding large-memory benchmarks]
    Stencil code performance of D1 cache (for 1 PUs) (using 2*10^3 grid points, 2*16000 bytes):
      iterations=1... time=5.95e-06 sec
      iterations=10... time=3.635e-05 sec
      iterations=100... time=0.000340349 sec
      iterations=1000... time=0.00342064 sec
      iterations=10000... time=0.0341839 sec
      iterations=100000... time=0.347408 sec
      iterations=300000... time=1.03348 sec
      result: 0.290281 Gupdates/sec
    Stencil code performance of L2 cache (for 1 PUs) (using 2*31^3 grid points, 2*476656 bytes):
      iterations=1... time=0.000146249 sec
      iterations=10... time=0.000868998 sec
      iterations=100... time=0.00857598 sec
      iterations=1000... time=0.0818361 sec
      iterations=10000... time=0.820806 sec
      iterations=20000... time=1.63825 sec
      result: 0.363692 Gupdates/sec
    Stencil code performance of L3 cache (for 2 PUs) (using 1*133^3 grid points, 1*37642192 bytes):
      iterations=1... time=0.0013094 sec
      iterations=10... time=0.0124805 sec
      iterations=100... time=0.124787 sec
      iterations=900... time=1.18837 sec
      result: 1.78175 Gupdates/sec
INFO (Vectors): Testing vectorisation... [errors may result in segfaults]
INFO (Vectors): 375/375 tests passed 
INFO (CartGrid3D): Grid Spacings:
INFO (CartGrid3D): dx=>1.1111111e-01  dy=>1.1111111e-01  dz=>1.1111111e-01
INFO (CartGrid3D): Computational Coordinates:
INFO (CartGrid3D): x=>[-0.500, 0.500]  y=>[-0.500, 0.500]  z=>[-0.500, 0.500]
INFO (CartGrid3D): Indices of Physical Coordinates:
INFO (CartGrid3D): x=>[0,9]  y=>[0,9]  z=>[0,9]
INFO (PUGH): MPI Evolution on 1 processors
INFO (PUGH): 3-dimensional grid functions
INFO (PUGH):   Size: 10 10 10
INFO (PUGH):   Processor topology: 1 x 1 x 1
INFO (PUGH):   Local load: 1000   [10 x 10 x 10]
INFO (PUGH):   Maximum load skew: 0.000000
--------------------------------------------------------------------------------
Done.
+ echo Stopping:
Stopping:
+ date
Fri Dec 31 16:51:32 UTC 2021
+ echo Done.
Done.
  Elapsed time: 56.6 s
