/home/runner/simulations/TestJob01_temp_2/output-0000/TEST/sim/MemSpeed
Preparing:
+ set -e
+ cd output-0000-active
+ echo Checking:
Checking:
+ pwd
/home/runner/simulations/TestJob01_temp_2/output-0000/TEST/sim/MemSpeed/output-0000-active
+ hostname
fv-az119-467
+ date
Sun Dec 12 21:54:37 UTC 2021
+ echo Environment:
Environment:
+ export CACTUS_NUM_PROCS=2
+ export CACTUS_NUM_THREADS=1
+ export GMON_OUT_PREFIX=gmon.out
+ export OMP_NUM_THREADS=1
+ env
+ sort
+ echo Starting:
Starting:
+ date +%s
+ export CACTUS_STARTTIME=1639346077
+ [ 2 = 1 ]
+ mpirun -np 2 /home/runner/simulations/TestJob01_temp_2/SIMFACTORY/exe/cactus_sim -L 3 /home/runner/simulations/TestJob01_temp_2/output-0000/arrangements/CactusUtils/MemSpeed/test/memspeed.par
INFO (Cactus): Increased logging level from 0 to 3
--------------------------------------------------------------------------------

       10                                  
  1   0101       ************************  
  01  1010 10      The Cactus Code V4.11.0    
 1010 1101 011      www.cactuscode.org     
  1001 100101    ************************  
    00010101                               
     100011     (c) Copyright The Authors  
      0100      GNU Licensed. No Warranty  
      0101                                 
--------------------------------------------------------------------------------

Cactus version:    4.11.0
Compile date:      Dec 12 2021 (21:29:48)
Run date:          Dec 12 2021 (21:54:38+0000)
Run host:          fv-az119-467.ca0t41jjrjaujd4nublazzptxb.cx.internal.cloudapp.net (pid=106865)
Working directory: /home/runner/simulations/TestJob01_temp_2/output-0000/TEST/sim/MemSpeed
Executable:        /home/runner/simulations/TestJob01_temp_2/SIMFACTORY/exe/cactus_sim
Parameter file:    /home/runner/simulations/TestJob01_temp_2/output-0000/arrangements/CactusUtils/MemSpeed/test/memspeed.par
--------------------------------------------------------------------------------

Activating thorn Cactus...Success -> active implementation Cactus
Activation requested for 
--->hwloc MemSpeed SystemTopology CartGrid3D CoordBase IOASCII IOUtil PUGH PUGHSlab<---
Thorn hwloc requests automatic activation of zlib
Thorn MemSpeed requests automatic activation of Vectors
Thorn MemSpeed requests automatic activation of MPI
Activating thorn CartGrid3D...Success -> active implementation grid
Activating thorn CoordBase...Success -> active implementation CoordBase
Activating thorn hwloc...Success -> active implementation hwloc
Activating thorn IOASCII...Success -> active implementation IOASCII
Activating thorn IOUtil...Success -> active implementation IO
Activating thorn MemSpeed...Success -> active implementation MemSpeed
Activating thorn MPI...Success -> active implementation MPI
Activating thorn PUGH...Success -> active implementation Driver
Activating thorn PUGHSlab...Success -> active implementation Hyperslab
Activating thorn SystemTopology...Success -> active implementation SystemTopology
Activating thorn Vectors...Success -> active implementation Vectors
Activating thorn zlib...Success -> active implementation zlib
--------------------------------------------------------------------------------
  if (recover initial data)
    Recover parameters
  endif

  Startup routines
    [CCTK_STARTUP]
      CartGrid3D::SymmetryStartup: Register GH Extension for GridSymmetry
      CoordBase::CoordBase_Startup: Register a GH extension to store the coordinate system handles
      GROUP hwloc_startup: hwloc startup group
        hwloc::hwloc_version: Output hwloc version
      SystemTopology::ST_system_topology: Output and/or modify system topology and hardware locality
      PUGH::Driver_Startup: Startup routine
      PUGH::PUGH_RegisterPUGHP2LRoutines: Register Physical to Logical process mapping routines
      PUGH::PUGH_RegisterPUGHTopologyRoutines: Register topology generation routines routines
      IOUtil::IOUtil_Startup: Startup routine
      Vectors::Vectors_Startup: Print startup message
      IOASCII::IOASCII_Startup: Startup routine

  Startup routines which need an existing grid hierarchy
    [CCTK_WRAGH]
      CartGrid3D::RegisterCartGrid3DCoords: [meta] Register coordinates for the Cartesian grid
      MemSpeed::MemSpeed_MeasureSpeed: [meta] Measure CPU, memory, cache speeds
  Parameter checking routines
    [CCTK_PARAMCHECK]
      CartGrid3D::ParamCheck_CartGrid3D: Check coordinates for CartGrid3D
      Vectors::Vectors_Test: Run correctness tests.

  Initialisation
    if (NOT (recover initial data AND recovery_mode is 'strict'))
      [CCTK_PREREGRIDINITIAL]
      Set up grid hierarchy
      [CCTK_POSTREGRIDINITIAL]
        CartGrid3D::SpatialCoordinates: Set Coordinates after regridding
      [CCTK_BASEGRID]
        CartGrid3D::SpatialSpacings: Set up ranges for spatial 3D Cartesian coordinates (on all grids)
        CartGrid3D::SpatialCoordinates: Set up spatial 3D Cartesian coordinates on the GH
        IOASCII::IOASCII_Choose1D: Choose 1D output lines
        IOASCII::IOASCII_Choose2D: Choose 2D output planes
        PUGH::PUGH_Report: Report on PUGH set up
      [CCTK_INITIAL]
      [CCTK_POSTINITIAL]
      Initialise finer grids recursively
      Restrict from finer grids
      [CCTK_POSTRESTRICTINITIAL]
      [CCTK_POSTPOSTINITIAL]
      [CCTK_POSTSTEP]
    endif
    if (recover initial data)
      [CCTK_BASEGRID]
        CartGrid3D::SpatialSpacings: Set up ranges for spatial 3D Cartesian coordinates (on all grids)
        CartGrid3D::SpatialCoordinates: Set up spatial 3D Cartesian coordinates on the GH
        IOASCII::IOASCII_Choose1D: Choose 1D output lines
        IOASCII::IOASCII_Choose2D: Choose 2D output planes
        PUGH::PUGH_Report: Report on PUGH set up
      [CCTK_RECOVER_VARIABLES]
      [CCTK_POST_RECOVER_VARIABLES]
    endif
    if (checkpoint initial data)
      [CCTK_CPINITIAL]
    endif
    if (analysis)
      [CCTK_ANALYSIS]
  endif
  Output grid variables

  do loop over timesteps
    [CCTK_PREREGRID]
    Change grid hierarchy
    [CCTK_POSTREGRID]
      CartGrid3D::SpatialCoordinates: Set Coordinates after regridding
    Rotate timelevels
    iteration = iteration+1
    t = t+dt
    [CCTK_PRESTEP]
    [CCTK_EVOL]
    Evolve finer grids recursively
    Restrict from finer grids
    [CCTK_POSTRESTRICT]
    [CCTK_POSTSTEP]
    if (checkpoint)
      [CCTK_CHECKPOINT]
    endif
    if (analysis)
      [CCTK_ANALYSIS]
    endif
    Output grid variables
    enddo

  Termination routines
    [CCTK_TERMINATE]
      PUGH::Driver_Terminate: Termination routine

  Shutdown routines
    [CCTK_SHUTDOWN]

  Routines run after changing the grid hierarchy:
    [CCTK_POSTREGRID]
      CartGrid3D::SpatialCoordinates: Set Coordinates after regridding
--------------------------------------------------------------------------------
INFO (hwloc): library version 2.1.0, API version 0x20100
INFO (SystemTopology): MPI process-to-host mapping:
This is MPI process 0 of 2
MPI hosts:
  0: fv-az119-467
This MPI process runs on host 0 of 1
On this host, this is MPI process 0 of 2
INFO (SystemTopology): Topology support:
Discovery support:
  discovery->pu                            : yes
CPU binding support:
  cpubind->set_thisproc_cpubind            : yes
  cpubind->get_thisproc_cpubind            : yes
  cpubind->set_proc_cpubind                : yes
  cpubind->get_proc_cpubind                : yes
  cpubind->set_thisthread_cpubind          : yes
  cpubind->get_thisthread_cpubind          : yes
  cpubind->set_thread_cpubind              : yes
  cpubind->get_thread_cpubind              : yes
  cpubind->get_thisproc_last_cpu_location  : yes
  cpubind->get_proc_last_cpu_location      : yes
  cpubind->get_thisthread_last_cpu_location: yes
Memory binding support:
  membind->set_thisproc_membind            : no
  membind->get_thisproc_membind            : no
  membind->set_proc_membind                : no
  membind->get_proc_membind                : no
  membind->set_thisthread_membind          : yes
  membind->get_thisthread_membind          : yes
  membind->set_area_membind                : yes
  membind->get_area_membind                : yes
  membind->alloc_membind                   : yes
  membind->firsttouch_membind              : yes
  membind->bind_membind                    : yes
  membind->interleave_membind              : yes
  membind->nexttouch_membind               : no
  membind->migrate_membind                 : yes
INFO (SystemTopology): Hardware objects in this node:
Machine L#0: (P#0, total=7118764KB, DMIProductName="Virtual Machine", DMIProductVersion=7.0, DMIProductUUID=af6703e4-fdb6-4d41-8438-0902a2d27809, DMIBoardVendor="Microsoft Corporation", DMIBoardName="Virtual Machine", DMIBoardVersion=7.0, DMIChassisVendor="Microsoft Corporation", DMIChassisType=3, DMIChassisVersion=7.0, DMIChassisAssetTag=7783-7084-3265-9085-8269-3286-77, DMIBIOSVendor="American Megatrends Inc.", DMIBIOSVersion="090008 ", DMIBIOSDate=12/07/2018, DMISysVendor="Microsoft Corporation", Backend=Linux, LinuxCgroup=/, OSName=Linux, OSRelease=5.11.0-1021-azure, OSVersion="#22~20.04.1-Ubuntu SMP Fri Oct 29 01:11:25 UTC 2021", HostName=fv-az119-467, Architecture=x86_64, hwlocVersion=2.1.0, ProcessName=cactus_sim)
  Package L#0: (P#0, total=7118764KB, CPUVendor=GenuineIntel, CPUFamilyNumber=6, CPUModelNumber=85, CPUModel="Intel(R) Xeon(R) Platinum 8272CL CPU @ 2.60GHz", CPUStepping=7)
    L3Cache L#0: (P#-1, size=36608KB, linesize=64, ways=11, Inclusive=0)
      L2Cache L#0: (P#-1, size=1024KB, linesize=64, ways=16, Inclusive=0)
        L1dCache L#0: (P#-1, size=32KB, linesize=64, ways=8, Inclusive=0)
          Core L#0: (P#0)
            PU L#0: (P#0)
      L2Cache L#1: (P#-1, size=1024KB, linesize=64, ways=16, Inclusive=0)
        L1dCache L#1: (P#-1, size=32KB, linesize=64, ways=8, Inclusive=0)
          Core L#1: (P#1)
            PU L#1: (P#1)
INFO (SystemTopology): Thread CPU bindings:
  MPI process 0 on host 0 (process 0 of 2 on this host)
    OpenMP thread 0: PU set L#{0} P#{0}
  MPI process 1 on host 0 (process 1 of 2 on this host)
    OpenMP thread 0: PU set L#{1} P#{1}
INFO (SystemTopology): Setting thread CPU bindings:
INFO (SystemTopology): Thread CPU bindings:
  MPI process 0 on host 0 (process 0 of 2 on this host)
    OpenMP thread 0: PU set L#{0} P#{0}
  MPI process 1 on host 0 (process 1 of 2 on this host)
    OpenMP thread 0: PU set L#{1} P#{1}
INFO (SystemTopology): Extracting CPU/cache/memory properties:
  There are 1 PUs per core (aka hardware SMT threads)
  There are 1 threads per core (aka SMT threads used)
  Cache (unknown name) has type "data" depth 1
    size 32768 linesize 64 associativity 8 stride 4096, for 1 PUs
  Cache (unknown name) has type "unified" depth 2
    size 1048576 linesize 64 associativity 16 stride 65536, for 1 PUs
  Cache (unknown name) has type "unified" depth 3
    size 37486592 linesize 64 associativity 11 stride 3407872, for 2 PUs
INFO (PUGH): Using physical to logical mappings: direct
INFO (PUGH): Using topology generator: automatic
INFO (Vectors): Using vector size 2 for architecture SSE2 (64-bit precision)
--------------------------------------------------------------------------------
Driver provided by PUGH
--------------------------------------------------------------------------------

INFO (PUGH): Not setting up a topology for 1 dimensions
INFO (PUGH): Not setting up a topology for 2 dimensions
INFO (PUGH): Setting up a topology for 3 dimensions
INFO (IOASCII): I/O Method 'IOASCII_1D' registered: output of 1D lines of grid functions/arrays to ASCII files
INFO (IOASCII): Periodic 1D output every 1 iterations
INFO (IOASCII): Periodic 1D output requested for 'GRID::r'
INFO (IOASCII): I/O Method 'IOASCII_2D' registered: output of 2D planes of grid functions/arrays to ASCII files
INFO (IOASCII): Periodic 2D output turned off
INFO (IOASCII): I/O Method 'IOASCII_3D' registered: output of 3D grid functions/arrays to ASCII files
INFO (IOASCII): Periodic 3D output turned off
INFO (MemSpeed): Measuring CPU, cache, memory, and communication speeds:
  Single-core measurements (using 1 MPI processes with 1 OpenMP threads each):
    CPU frequency:
      iterations=1000000... time=0.00133711 sec
      iterations=10000000... time=0.0135154 sec
      iterations=100000000... time=0.134087 sec
      iterations=800000000... time=1.07265 sec
      iterations=800000000... time=1.07241 sec
      result: 6825.91 GHz
    CPU floating point performance:
      iterations=1000000... time=0.00298062 sec
      iterations=10000000... time=0.0298837 sec
      iterations=100000000... time=0.29883 sec
      iterations=400000000... time=1.20349 sec
      result: 10.6357 Gflop/sec
    CPU integer performance:
      iterations=1000000... time=0.00185842 sec
      iterations=10000000... time=0.0184492 sec
      iterations=100000000... time=0.184419 sec
      iterations=600000000... time=1.10762 sec
      result: 8.66719 Giop/sec
    Read latency of D1 cache (for 1 PUs) (using 1*24576 bytes):
      iterations=1000... time=0.000134701 sec
      iterations=10000... time=0.00133791 sec
      iterations=100000... time=0.0133922 sec
      iterations=1000000... time=0.134017 sec
      iterations=8000000... time=1.07273 sec
      result: 1.34092 nsec
    Read latency of L2 cache (for 1 PUs) (using 1*786432 bytes):
      iterations=1000... time=0.000602604 sec
      iterations=10000... time=0.00539374 sec
      iterations=100000... time=0.053151 sec
      iterations=1000000... time=0.534348 sec
      iterations=2000000... time=1.07881 sec
      result: 5.39406 nsec
    Read latency of L3 cache (for 2 PUs) (using 1*28114944 bytes):
      [skipped -- avoiding large-memory benchmarks]
    Read bandwidth of D1 cache (for 1 PUs) (using 1*24576 bytes):
      iterations=1... time=7e-07 sec
      iterations=10... time=3.4e-06 sec
      iterations=100... time=3.09e-05 sec
      iterations=1000... time=0.000305202 sec
      iterations=10000... time=0.00304882 sec
      iterations=100000... time=0.0545651 sec
      iterations=1000000... time=0.391141 sec
      iterations=3000000... time=1.22552 sec
      result: 60.1608 GByte/sec
    Read bandwidth of L2 cache (for 1 PUs) (using 1*786432 bytes):
      iterations=1... time=4.32e-05 sec
      iterations=10... time=0.000179901 sec
      iterations=100... time=0.00160311 sec
      iterations=1000... time=0.0158901 sec
      iterations=10000... time=0.221485 sec
      iterations=50000... time=1.03569 sec
      result: 37.9665 GByte/sec
    Read bandwidth of L3 cache (for 2 PUs) (using 1*28114944 bytes):
      [skipped -- avoiding large-memory benchmarks]
    Write latency of D1 cache (for 1 PUs) (using 1*24576 bytes):
      iterations=1000... time=3.5e-06 sec
      iterations=10000... time=2.7101e-05 sec
      iterations=100000... time=0.000267702 sec
      iterations=1000000... time=0.00267672 sec
      iterations=10000000... time=0.0268045 sec
      iterations=100000000... time=0.429079 sec
      iterations=300000000... time=1.04714 sec
      result: 0.43631 nsec
    Write latency of L2 cache (for 1 PUs) (using 1*786432 bytes):
      iterations=1000... time=3.28e-05 sec
      iterations=10000... time=0.000149801 sec
      iterations=100000... time=0.00144601 sec
      iterations=1000000... time=0.0142287 sec
      iterations=10000000... time=0.236148 sec
      iterations=50000000... time=0.965503 sec
      iterations=100000000... time=1.82703 sec
      result: 2.28379 nsec
    Write latency of L3 cache (for 2 PUs) (using 1*28114944 bytes):
      [skipped -- avoiding large-memory benchmarks]
    Write bandwidth of D1 cache (for 1 PUs) (using 1*24576 bytes):
      iterations=1... time=4e-07 sec
      iterations=10... time=1.8e-06 sec
      iterations=100... time=1.53e-05 sec
      iterations=1000... time=0.000150502 sec
      iterations=10000... time=0.00150141 sec
      iterations=100000... time=0.0311079 sec
      iterations=1000000... time=0.174608 sec
      iterations=6000000... time=1.20012 sec
      result: 122.867 GByte/sec
    Write bandwidth of L2 cache (for 1 PUs) (using 1*786432 bytes):
      iterations=1... time=3.62e-05 sec
      iterations=10... time=0.000312003 sec
      iterations=100... time=0.00306242 sec
      iterations=1000... time=0.0290795 sec
      iterations=10000... time=0.311219 sec
      iterations=40000... time=1.18864 sec
      result: 26.465 GByte/sec
    Write bandwidth of L3 cache (for 2 PUs) (using 1*28114944 bytes):
      [skipped -- avoiding large-memory benchmarks]
    Stencil code performance of D1 cache (for 1 PUs) (using 1*12^3 grid points, 1*27648 bytes):
      iterations=1... time=3.17e-05 sec
      iterations=10... time=0.000225301 sec
      iterations=100... time=0.00225942 sec
      iterations=1000... time=0.022496 sec
      iterations=10000... time=0.316103 sec
      iterations=30000... time=0.881852 sec
      iterations=60000... time=1.83826 sec
      result: 0.0564013 Gupdates/sec
    Stencil code performance of L2 cache (for 1 PUs) (using 1*37^3 grid points, 1*810448 bytes):
      iterations=1... time=0.000192201 sec
      iterations=10... time=0.00184772 sec
      iterations=100... time=0.0338822 sec
      iterations=1000... time=0.259932 sec
      iterations=4000... time=0.945827 sec
      iterations=8000... time=1.98638 sec
      result: 0.204001 Gupdates/sec
    Stencil code performance of L3 cache (for 2 PUs) (using 1*121^3 grid points, 1*28344976 bytes):
      iterations=1... time=0.00419323 sec
      iterations=10... time=0.0580425 sec
      iterations=100... time=0.574254 sec
      iterations=200... time=1.27495 sec
      result: 0.277903 Gupdates/sec
  Single-node measurements (using 2 MPI processes with 1 OpenMP threads each):
    CPU frequency:
      iterations=1000000... time=0.00125936 sec
      iterations=10000000... time=0.0185938 sec
      iterations=100000000... time=0.173064 sec
      iterations=600000000... time=0.991354 sec
      iterations=1200000000... time=2.03144 sec
      iterations=1200000000... time=2.01833 sec
      result: 182.99 GHz
    CPU floating point performance:
      iterations=1000000... time=0.00280277 sec
      iterations=10000000... time=0.0401424 sec
      iterations=100000000... time=0.377397 sec
      iterations=300000000... time=1.12527 sec
      result: 8.53126 Gflop/sec
    CPU integer performance:
      iterations=1000000... time=0.00173131 sec
      iterations=10000000... time=0.0272962 sec
      iterations=100000000... time=0.24245 sec
      iterations=500000000... time=1.16819 sec
      result: 6.84822 Giop/sec
    Read latency of D1 cache (for 1 PUs) (using 2*24576 bytes):
      iterations=1000... time=0.000126651 sec
      iterations=10000... time=0.00127451 sec
      iterations=100000... time=0.0193722 sec
      iterations=1000000... time=0.172007 sec
      iterations=6000000... time=1.00093 sec
      result: 1.66822 nsec
    Read latency of L2 cache (for 1 PUs) (using 2*786432 bytes):
      iterations=1000... time=0.000582904 sec
      iterations=10000... time=0.00543999 sec
      iterations=100000... time=0.0822955 sec
      iterations=1000000... time=0.733944 sec
      iterations=2000000... time=1.15352 sec
      result: 5.76758 nsec
    Read latency of L3 cache (for 2 PUs) (using 2*28114944 bytes):
      [skipped -- too much memory requested]
    Read bandwidth of D1 cache (for 1 PUs) (using 2*24576 bytes):
      iterations=1... time=7e-07 sec
      iterations=10... time=3.1505e-06 sec
      iterations=100... time=2.9e-05 sec
      iterations=1000... time=0.000287252 sec
      iterations=10000... time=0.00286232 sec
      iterations=100000... time=0.0288272 sec
      iterations=1000000... time=0.287829 sec
      iterations=4000000... time=1.1515 sec
      result: 85.3703 GByte/sec
    Read bandwidth of L2 cache (for 1 PUs) (using 2*786432 bytes):
      iterations=1... time=2.4e-05 sec
      iterations=10... time=0.000161701 sec
      iterations=100... time=0.00154421 sec
      iterations=1000... time=0.0155898 sec
      iterations=10000... time=0.153061 sec
      iterations=70000... time=1.0705 sec
      result: 51.4248 GByte/sec
    Read bandwidth of L3 cache (for 2 PUs) (using 2*28114944 bytes):
      [skipped -- too much memory requested]
    Write latency of D1 cache (for 1 PUs) (using 2*24576 bytes):
      iterations=1000... time=3.4e-06 sec
      iterations=10000... time=2.555e-05 sec
      iterations=100000... time=0.000252001 sec
      iterations=1000000... time=0.00252007 sec
      iterations=10000000... time=0.0252829 sec
      iterations=100000000... time=0.252403 sec
      iterations=400000000... time=1.0096 sec
      result: 0.3155 nsec
    Write latency of L2 cache (for 1 PUs) (using 2*786432 bytes):
      iterations=1000... time=3.095e-05 sec
      iterations=10000... time=0.000141252 sec
      iterations=100000... time=0.00135631 sec
      iterations=1000000... time=0.0134462 sec
      iterations=10000000... time=0.133547 sec
      iterations=80000000... time=1.06956 sec
      result: 1.67119 nsec
    Write latency of L3 cache (for 2 PUs) (using 2*28114944 bytes):
      [skipped -- too much memory requested]
    Write bandwidth of D1 cache (for 1 PUs) (using 2*24576 bytes):
      iterations=1... time=7e-07 sec
      iterations=10... time=1.85e-06 sec
      iterations=100... time=1.485e-05 sec
      iterations=1000... time=0.000145101 sec
      iterations=10000... time=0.00144756 sec
      iterations=100000... time=0.0145112 sec
      iterations=1000000... time=0.14555 sec
      iterations=8000000... time=1.16203 sec
      result: 169.193 GByte/sec
    Write bandwidth of L2 cache (for 1 PUs) (using 2*786432 bytes):
      iterations=1... time=3.1901e-05 sec
      iterations=10... time=0.000293052 sec
      iterations=100... time=0.00290007 sec
      iterations=1000... time=0.0280848 sec
      iterations=10000... time=0.211808 sec
      iterations=50000... time=0.816348 sec
      iterations=100000... time=1.47421 sec
      result: 53.3459 GByte/sec
    Write bandwidth of L3 cache (for 2 PUs) (using 2*28114944 bytes):
      [skipped -- too much memory requested]
    Stencil code performance of D1 cache (for 1 PUs) (using 2*9^3 grid points, 2*11664 bytes):
      iterations=1... time=9.651e-06 sec
      iterations=10... time=8.5501e-05 sec
      iterations=100... time=0.000852407 sec
      iterations=1000... time=0.00865752 sec
      iterations=10000... time=0.0864061 sec
      iterations=100000... time=0.863371 sec
      iterations=200000... time=1.72566 sec
      result: 0.0844896 Gupdates/sec
    Stencil code performance of L2 cache (for 1 PUs) (using 2*29^3 grid points, 2*390224 bytes):
      iterations=1... time=0.000113601 sec
      iterations=10... time=0.00107491 sec
      iterations=100... time=0.0105673 sec
      iterations=1000... time=0.105242 sec
      iterations=10000... time=1.05848 sec
      result: 0.230415 Gupdates/sec
    Stencil code performance of L3 cache (for 2 PUs) (using 1*121^3 grid points, 1*28344976 bytes):
      [skipped -- too many MPI processes]
  Single-node measurements:
    MPI latency: 950 nsec
    MPI bandwidth: 5.02673 GByte/sec
INFO (Vectors): Testing vectorisation... [errors may result in segfaults]
INFO (Vectors): 375/375 tests passed 
INFO (CartGrid3D): Grid Spacings:
INFO (CartGrid3D): dx=>1.1111111e-01  dy=>1.1111111e-01  dz=>1.1111111e-01
INFO (CartGrid3D): Computational Coordinates:
INFO (CartGrid3D): x=>[-0.500, 0.500]  y=>[-0.500, 0.500]  z=>[-0.500, 0.500]
INFO (CartGrid3D): Indices of Physical Coordinates:
INFO (CartGrid3D): x=>[0,9]  y=>[0,9]  z=>[0,9]
INFO (PUGH): MPI Evolution on 2 processors
INFO (PUGH): 3-dimensional grid functions
INFO (PUGH):   Size: 10 10 10
INFO (PUGH):   Processor topology: 2 x 1 x 1
INFO (PUGH):   Local load: 600   [6 x 10 x 10]
INFO (PUGH):   Maximum load skew: 0.000000
--------------------------------------------------------------------------------
Done.
+ echo Stopping:
Stopping:
+ date
Sun Dec 12 21:55:30 UTC 2021
+ echo Done.
Done.
  Elapsed time: 53.3 s
