/home/runner/simulations/TestJob01_temp_2/output-0000/TEST/sim/MemSpeed
Preparing:
+ set -e
+ cd output-0000-active
+ echo Checking:
Checking:
+ pwd
/home/runner/simulations/TestJob01_temp_2/output-0000/TEST/sim/MemSpeed/output-0000-active
+ hostname
fv-az840-671
+ date
Mon May 20 22:31:19 UTC 2024
+ echo Environment:
Environment:
+ export CACTUS_NUM_PROCS=2
+ CACTUS_NUM_PROCS=2
+ export CACTUS_NUM_THREADS=1
+ CACTUS_NUM_THREADS=1
+ export GMON_OUT_PREFIX=gmon.out
+ GMON_OUT_PREFIX=gmon.out
+ export OMP_NUM_THREADS=1
+ OMP_NUM_THREADS=1
+ env
+ sort
+ echo Starting:
Starting:
++ date +%s
+ export CACTUS_STARTTIME=1716244279
+ CACTUS_STARTTIME=1716244279
+ '[' 2 = 1 ']'
+ mpirun -np 2 /home/runner/simulations/TestJob01_temp_2/SIMFACTORY/exe/cactus_sim -L 3 /home/runner/simulations/TestJob01_temp_2/output-0000/arrangements/CactusUtils/MemSpeed/test/memspeed.par
INFO (Cactus): Increased logging level from 0 to 3
--------------------------------------------------------------------------------

       10                                  
  1   0101       ************************  
  01  1010 10      The Cactus Code V4.15.0    
 1010 1101 011      www.cactuscode.org     
  1001 100101    ************************  
    00010101                               
     100011     (c) Copyright The Authors  
      0100      GNU Licensed. No Warranty  
      0101                                 
--------------------------------------------------------------------------------

Cactus version:    4.15.0
Compile date:      May 20 2024 (22:03:20)
Run date:          May 20 2024 (22:31:19+0000)
Run host:          fv-az840-671.wndg40qfsgie5kikvjficeueua.ex.internal.cloudapp.net (pid=140267)
Working directory: /home/runner/simulations/TestJob01_temp_2/output-0000/TEST/sim/MemSpeed
Executable:        /home/runner/simulations/TestJob01_temp_2/SIMFACTORY/exe/cactus_sim
Parameter file:    /home/runner/simulations/TestJob01_temp_2/output-0000/arrangements/CactusUtils/MemSpeed/test/memspeed.par
--------------------------------------------------------------------------------

Activating thorn Cactus...Success -> active implementation Cactus
Activation requested for 
--->hwloc MemSpeed SystemTopology CartGrid3D CoordBase IOASCII IOUtil PUGH PUGHSlab<---
Thorn hwloc requests automatic activation of zlib
Thorn MemSpeed requests automatic activation of Vectors
Thorn MemSpeed requests automatic activation of MPI
Activating thorn CartGrid3D...Success -> active implementation grid
Activating thorn CoordBase...Success -> active implementation CoordBase
Activating thorn hwloc...Success -> active implementation hwloc
Activating thorn IOASCII...Success -> active implementation IOASCII
Activating thorn IOUtil...Success -> active implementation IO
Activating thorn MemSpeed...Success -> active implementation MemSpeed
Activating thorn MPI...Success -> active implementation MPI
Activating thorn PUGH...Success -> active implementation Driver
Activating thorn PUGHSlab...Success -> active implementation Hyperslab
Activating thorn SystemTopology...Success -> active implementation SystemTopology
Activating thorn Vectors...Success -> active implementation Vectors
Activating thorn zlib...Success -> active implementation zlib
--------------------------------------------------------------------------------
  if (recover initial data)
    Recover parameters
  endif

  Startup routines
    [CCTK_STARTUP]
      CartGrid3D::SymmetryStartup: Register GH Extension for GridSymmetry
      CoordBase::CoordBase_Startup: Register a GH extension to store the coordinate system handles
      GROUP hwloc_startup: hwloc startup group
        hwloc::hwloc_version: Output hwloc version
      SystemTopology::ST_system_topology: Output and/or modify system topology and hardware locality
      PUGH::Driver_Startup: Startup routine
      PUGH::PUGH_RegisterPUGHP2LRoutines: Register Physical to Logical process mapping routines
      PUGH::PUGH_RegisterPUGHTopologyRoutines: Register topology generation routines routines
      IOUtil::IOUtil_Startup: Startup routine
      Vectors::Vectors_Startup: Print startup message
      IOASCII::IOASCII_Startup: Startup routine

  Startup routines which need an existing grid hierarchy
    [CCTK_WRAGH]
      CartGrid3D::RegisterCartGrid3DCoords: [meta] Register coordinates for the Cartesian grid
      MemSpeed::MemSpeed_MeasureSpeed: [meta] Measure CPU, memory, cache speeds
  Parameter checking routines
    [CCTK_PARAMCHECK]
      CartGrid3D::ParamCheck_CartGrid3D: Check coordinates for CartGrid3D
      Vectors::Vectors_Test: Run correctness tests.

  Initialisation
    if (NOT (recover initial data AND recovery_mode is 'strict'))
      [CCTK_PREREGRIDINITIAL]
      Set up grid hierarchy
      [CCTK_POSTREGRIDINITIAL]
        CartGrid3D::SpatialCoordinates: Set Coordinates after regridding
      [CCTK_BASEGRID]
        CartGrid3D::SpatialSpacings: Set up ranges for spatial 3D Cartesian coordinates (on all grids)
        CartGrid3D::SpatialCoordinates: Set up spatial 3D Cartesian coordinates on the GH
        IOASCII::IOASCII_Choose1D: Choose 1D output lines
        IOASCII::IOASCII_Choose2D: Choose 2D output planes
        PUGH::PUGH_Report: Report on PUGH set up
      [CCTK_INITIAL]
      [CCTK_POSTINITIAL]
      Initialise finer grids recursively
      Restrict from finer grids
      [CCTK_POSTRESTRICTINITIAL]
      [CCTK_POSTPOSTINITIAL]
      [CCTK_POSTSTEP]
    endif
    if (recover initial data)
      [CCTK_BASEGRID]
        CartGrid3D::SpatialSpacings: Set up ranges for spatial 3D Cartesian coordinates (on all grids)
        CartGrid3D::SpatialCoordinates: Set up spatial 3D Cartesian coordinates on the GH
        IOASCII::IOASCII_Choose1D: Choose 1D output lines
        IOASCII::IOASCII_Choose2D: Choose 2D output planes
        PUGH::PUGH_Report: Report on PUGH set up
      [CCTK_RECOVER_VARIABLES]
      [CCTK_POST_RECOVER_VARIABLES]
    endif
    if (checkpoint initial data)
      [CCTK_CPINITIAL]
    endif
    if (analysis)
      [CCTK_ANALYSIS]
  endif
  Output grid variables

  do loop over timesteps
    [CCTK_PREREGRID]
    Change grid hierarchy
    [CCTK_POSTREGRID]
      CartGrid3D::SpatialCoordinates: Set Coordinates after regridding
    Rotate timelevels
    iteration = iteration+1
    t = t+dt
    [CCTK_PRESTEP]
    [CCTK_EVOL]
    Evolve finer grids recursively
    Restrict from finer grids
    [CCTK_POSTRESTRICT]
    [CCTK_POSTSTEP]
    if (checkpoint)
      [CCTK_CHECKPOINT]
    endif
    if (analysis)
      [CCTK_ANALYSIS]
    endif
    Output grid variables
    enddo

  Termination routines
    [CCTK_TERMINATE]
      PUGH::Driver_Terminate: Termination routine

  Shutdown routines
    [CCTK_SHUTDOWN]

  Routines run after changing the grid hierarchy:
    [CCTK_POSTREGRID]
      CartGrid3D::SpatialCoordinates: Set Coordinates after regridding
--------------------------------------------------------------------------------
INFO (hwloc): library version 2.7.0, API version 0x20500
INFO (SystemTopology): MPI process-to-host mapping:
This is MPI process 0 of 2
MPI hosts:
  0: fv-az840-671
This MPI process runs on host 0 of 1
On this host, this is MPI process 0 of 2
INFO (SystemTopology): Topology support:
Discovery support:
  discovery->pu                            : yes
CPU binding support:
  cpubind->set_thisproc_cpubind            : yes
  cpubind->get_thisproc_cpubind            : yes
  cpubind->set_proc_cpubind                : yes
  cpubind->get_proc_cpubind                : yes
  cpubind->set_thisthread_cpubind          : yes
  cpubind->get_thisthread_cpubind          : yes
  cpubind->set_thread_cpubind              : yes
  cpubind->get_thread_cpubind              : yes
  cpubind->get_thisproc_last_cpu_location  : yes
  cpubind->get_proc_last_cpu_location      : yes
  cpubind->get_thisthread_last_cpu_location: yes
Memory binding support:
  membind->set_thisproc_membind            : no
  membind->get_thisproc_membind            : no
  membind->set_proc_membind                : no
  membind->get_proc_membind                : no
  membind->set_thisthread_membind          : yes
  membind->get_thisthread_membind          : yes
  membind->set_area_membind                : yes
  membind->get_area_membind                : yes
  membind->alloc_membind                   : yes
  membind->firsttouch_membind              : yes
  membind->bind_membind                    : yes
  membind->interleave_membind              : yes
  membind->nexttouch_membind               : no
  membind->migrate_membind                 : yes
INFO (SystemTopology): Hardware objects in this node:
Machine L#0: (P#0, total=16364604KB, DMIProductName="Virtual Machine", DMIProductVersion=7.0, DMIProductUUID=f2d20b86-1527-924a-b10a-044c73faab85, DMIBoardVendor="Microsoft Corporation", DMIBoardName="Virtual Machine", DMIBoardVersion=7.0, DMIChassisVendor="Microsoft Corporation", DMIChassisType=3, DMIChassisVersion=7.0, DMIChassisAssetTag=7783-7084-3265-9085-8269-3286-77, DMIBIOSVendor="American Megatrends Inc.", DMIBIOSVersion="090008 ", DMIBIOSDate=12/07/2018, DMISysVendor="Microsoft Corporation", Backend=Linux, LinuxCgroup=/system.slice/runner-provisioner.service, OSName=Linux, OSRelease=6.5.0-1021-azure, OSVersion="#22~22.04.1-Ubuntu SMP Tue Apr 30 16:08:18 UTC 2024", HostName=fv-az840-671, Architecture=x86_64, hwlocVersion=2.7.0, ProcessName=cactus_sim)
  Package L#0: (P#0, total=16364604KB, CPUVendor=AuthenticAMD, CPUFamilyNumber=25, CPUModelNumber=1, CPUModel="AMD EPYC 7763 64-Core Processor                ", CPUStepping=1)
    L3Cache L#0: (P#0, size=32768KB, linesize=64, ways=16, Inclusive=0)
      L2Cache L#0: (P#0, size=512KB, linesize=64, ways=8, Inclusive=1)
        L1dCache L#0: (P#0, size=32KB, linesize=64, ways=8, Inclusive=0)
          Core L#0: (P#0)
            PU L#0: (P#0)
            PU L#1: (P#1)
      L2Cache L#1: (P#1, size=512KB, linesize=64, ways=8, Inclusive=1)
        L1dCache L#1: (P#1, size=32KB, linesize=64, ways=8, Inclusive=0)
          Core L#1: (P#1)
            PU L#2: (P#2)
            PU L#3: (P#3)
INFO (SystemTopology): Thread CPU bindings:
  MPI process 0 on host 0 (process 0 of 2 on this host)
    OpenMP thread 0: PU set L#{0-1} P#{0-1}
  MPI process 1 on host 0 (process 1 of 2 on this host)
    OpenMP thread 0: PU set L#{2-3} P#{2-3}
INFO (SystemTopology): Setting thread CPU bindings:
INFO (SystemTopology): Thread CPU bindings:
  MPI process 0 on host 0 (process 0 of 2 on this host)
    OpenMP thread 0: PU set L#{0} P#{0}
  MPI process 1 on host 0 (process 1 of 2 on this host)
    OpenMP thread 0: PU set L#{2} P#{2}
INFO (SystemTopology): Extracting CPU/cache/memory properties:
  There are 2 PUs per core (aka hardware SMT threads)
  There are 1 threads per core (aka SMT threads used)
  Cache (unknown name) has type "data" depth 1
    size 32768 linesize 64 associativity 8 stride 4096, for 2 PUs
  Cache (unknown name) has type "unified" depth 2
    size 524288 linesize 64 associativity 8 stride 65536, for 2 PUs
  Cache (unknown name) has type "unified" depth 3
    size 33554432 linesize 64 associativity 16 stride 2097152, for 4 PUs
INFO (PUGH): Using physical to logical mappings: direct
INFO (PUGH): Using topology generator: automatic
INFO (Vectors): Using vector size 2 for architecture SSE2 (64-bit precision)
--------------------------------------------------------------------------------
Driver provided by PUGH
--------------------------------------------------------------------------------

INFO (PUGH): Not setting up a topology for 1 dimensions
INFO (PUGH): Not setting up a topology for 2 dimensions
INFO (PUGH): Setting up a topology for 3 dimensions
INFO (IOASCII): I/O Method 'IOASCII_1D' registered: output of 1D lines of grid functions/arrays to ASCII files
INFO (IOASCII): Periodic 1D output every 1 iterations
INFO (IOASCII): Periodic 1D output requested for 'GRID::r'
INFO (IOASCII): I/O Method 'IOASCII_2D' registered: output of 2D planes of grid functions/arrays to ASCII files
INFO (IOASCII): Periodic 2D output turned off
INFO (IOASCII): I/O Method 'IOASCII_3D' registered: output of 3D grid functions/arrays to ASCII files
INFO (IOASCII): Periodic 3D output turned off
INFO (MemSpeed): Measuring CPU, cache, memory, and communication speeds:
  Single-core measurements (using 1 MPI processes with 1 OpenMP threads each):
    CPU frequency:
      iterations=1000000... time=0.00123969 sec
      iterations=10000000... time=0.012495 sec
      iterations=100000000... time=0.124093 sec
      iterations=900000000... time=1.11555 sec
      iterations=900000000... time=0.835867 sec
      result: 6.43576 GHz
    CPU floating point performance:
      iterations=1000000... time=0.00196883 sec
      iterations=10000000... time=0.0197436 sec
      iterations=100000000... time=0.197487 sec
      iterations=600000000... time=1.18401 sec
      result: 16.2161 Gflop/sec
    CPU integer performance:
      iterations=1000000... time=0.0018707 sec
      iterations=10000000... time=0.0186268 sec
      iterations=100000000... time=0.18587 sec
      iterations=600000000... time=1.11831 sec
      result: 8.58439 Giop/sec
    Read latency of D1 cache (for 2 PUs) (using 1*24576 bytes):
      iterations=1000... time=0.000126718 sec
      iterations=10000... time=0.00123633 sec
      iterations=100000... time=0.0123739 sec
      iterations=1000000... time=0.123669 sec
      iterations=9000000... time=1.11713 sec
      result: 1.24125 nsec
    Read latency of L2 cache (for 2 PUs) (using 1*393216 bytes):
      iterations=1000... time=0.00048942 sec
      iterations=10000... time=0.00442627 sec
      iterations=100000... time=0.0442075 sec
      iterations=1000000... time=0.441488 sec
      iterations=2000000... time=0.895723 sec
      iterations=4000000... time=1.79031 sec
      result: 4.47577 nsec
    Read latency of L3 cache (for 4 PUs) (using 1*25165824 bytes):
      [skipped -- avoiding large-memory benchmarks]
    Read bandwidth of D1 cache (for 2 PUs) (using 1*24576 bytes):
      iterations=1... time=6.61e-07 sec
      iterations=10... time=5.992e-06 sec
      iterations=100... time=5.1206e-05 sec
      iterations=1000... time=0.000336331 sec
      iterations=10000... time=0.0026102 sec
      iterations=100000... time=0.0243117 sec
      iterations=1000000... time=0.245515 sec
      iterations=4000000... time=0.972906 sec
      iterations=8000000... time=1.94456 sec
      result: 101.107 GByte/sec
    Read bandwidth of L2 cache (for 2 PUs) (using 1*393216 bytes):
      iterations=1... time=8.276e-06 sec
      iterations=10... time=6.2016e-05 sec
      iterations=100... time=0.000470894 sec
      iterations=1000... time=0.00459125 sec
      iterations=10000... time=0.045461 sec
      iterations=100000... time=0.456251 sec
      iterations=200000... time=0.904724 sec
      iterations=400000... time=1.82194 sec
      result: 86.3291 GByte/sec
    Read bandwidth of L3 cache (for 4 PUs) (using 1*25165824 bytes):
      [skipped -- avoiding large-memory benchmarks]
    Write latency of D1 cache (for 2 PUs) (using 1*24576 bytes):
      iterations=1000... time=3.606e-06 sec
      iterations=10000... time=3.1629e-05 sec
      iterations=100000... time=0.000257614 sec
      iterations=1000000... time=0.00249675 sec
      iterations=10000000... time=0.0248243 sec
      iterations=100000000... time=0.247726 sec
      iterations=400000000... time=0.993091 sec
      iterations=800000000... time=1.98409 sec
      result: 0.310014 nsec
    Write latency of L2 cache (for 2 PUs) (using 1*393216 bytes):
      iterations=1000... time=2.4206e-05 sec
      iterations=10000... time=0.000122761 sec
      iterations=100000... time=0.0011111 sec
      iterations=1000000... time=0.0104962 sec
      iterations=10000000... time=0.106307 sec
      iterations=100000000... time=1.06701 sec
      result: 1.33376 nsec
    Write latency of L3 cache (for 4 PUs) (using 1*25165824 bytes):
      [skipped -- avoiding large-memory benchmarks]
    Write bandwidth of D1 cache (for 2 PUs) (using 1*24576 bytes):
      iterations=1... time=6.81e-07 sec
      iterations=10... time=4.729e-06 sec
      iterations=100... time=3.8713e-05 sec
      iterations=1000... time=0.000278292 sec
      iterations=10000... time=0.00261616 sec
      iterations=100000... time=0.0261546 sec
      iterations=1000000... time=0.261139 sec
      iterations=4000000... time=1.04882 sec
      result: 93.7286 GByte/sec
    Write bandwidth of L2 cache (for 2 PUs) (using 1*393216 bytes):
      iterations=1... time=8.235e-06 sec
      iterations=10... time=8.2525e-05 sec
      iterations=100... time=0.000614234 sec
      iterations=1000... time=0.00453242 sec
      iterations=10000... time=0.0440776 sec
      iterations=100000... time=0.440733 sec
      iterations=200000... time=0.885832 sec
      iterations=400000... time=1.77041 sec
      result: 88.8417 GByte/sec
    Write bandwidth of L3 cache (for 4 PUs) (using 1*25165824 bytes):
      [skipped -- avoiding large-memory benchmarks]
    Stencil code performance of D1 cache (for 2 PUs) (using 1*12^3 grid points, 1*27648 bytes):
      iterations=1... time=4.7368e-05 sec
      iterations=10... time=0.000453091 sec
      iterations=100... time=0.00455374 sec
      iterations=1000... time=0.0443879 sec
      iterations=10000... time=0.433252 sec
      iterations=30000... time=1.30219 sec
      result: 0.03981 Gupdates/sec
    Stencil code performance of L2 cache (for 2 PUs) (using 1*29^3 grid points, 1*390224 bytes):
      iterations=1... time=0.000157145 sec
      iterations=10... time=0.0015852 sec
      iterations=100... time=0.0162187 sec
      iterations=1000... time=0.163193 sec
      iterations=7000... time=1.15029 sec
      result: 0.148417 Gupdates/sec
    Stencil code performance of L3 cache (for 4 PUs) (using 1*116^3 grid points, 1*24974336 bytes):
      iterations=1... time=0.00403941 sec
      iterations=10... time=0.0409248 sec
      iterations=100... time=0.402792 sec
      iterations=300... time=1.15452 sec
      result: 0.405597 Gupdates/sec
  Single-node measurements (using 2 MPI processes with 1 OpenMP threads each):
    CPU frequency:
      iterations=1000000... time=0.00126191 sec
      iterations=10000000... time=0.012399 sec
      iterations=100000000... time=0.12387 sec
      iterations=900000000... time=1.11748 sec
      iterations=900000000... time=0.835557 sec
      result: 6.38474 GHz
    CPU floating point performance:
      iterations=1000000... time=0.00196885 sec
      iterations=10000000... time=0.0197496 sec
      iterations=100000000... time=0.197266 sec
      iterations=600000000... time=1.18398 sec
      result: 16.2164 Gflop/sec
    CPU integer performance:
      iterations=1000000... time=0.00188829 sec
      iterations=10000000... time=0.0185815 sec
      iterations=100000000... time=0.186967 sec
      iterations=600000000... time=1.11563 sec
      result: 8.605 Giop/sec
    Read latency of D1 cache (for 2 PUs) (using 2*24576 bytes):
      iterations=1000... time=0.000125907 sec
      iterations=10000... time=0.00123831 sec
      iterations=100000... time=0.0123711 sec
      iterations=1000000... time=0.123668 sec
      iterations=9000000... time=1.11314 sec
      result: 1.23683 nsec
    Read latency of L2 cache (for 2 PUs) (using 2*393216 bytes):
      iterations=1000... time=0.000487723 sec
      iterations=10000... time=0.0046824 sec
      iterations=100000... time=0.0470575 sec
      iterations=1000000... time=0.471265 sec
      iterations=2000000... time=0.938306 sec
      iterations=4000000... time=1.88092 sec
      result: 4.7023 nsec
    Read latency of L3 cache (for 4 PUs) (using 1*25165824 bytes):
      [skipped -- too many MPI processes]
    Read bandwidth of D1 cache (for 2 PUs) (using 2*24576 bytes):
      iterations=1... time=4.76e-07 sec
      iterations=10... time=3.9375e-06 sec
      iterations=100... time=3.86325e-05 sec
      iterations=1000... time=0.000294813 sec
      iterations=10000... time=0.00251791 sec
      iterations=100000... time=0.0243673 sec
      iterations=1000000... time=0.24325 sec
      iterations=5000000... time=1.2132 sec
      result: 101.286 GByte/sec
    Read bandwidth of L2 cache (for 2 PUs) (using 2*393216 bytes):
      iterations=1... time=1.05045e-05 sec
      iterations=10... time=9.0465e-05 sec
      iterations=100... time=0.000530741 sec
      iterations=1000... time=0.00517349 sec
      iterations=10000... time=0.0498848 sec
      iterations=100000... time=0.48383 sec
      iterations=200000... time=0.965148 sec
      iterations=400000... time=1.92933 sec
      result: 81.5237 GByte/sec
    Read bandwidth of L3 cache (for 4 PUs) (using 1*25165824 bytes):
      [skipped -- too many MPI processes]
    Write latency of D1 cache (for 2 PUs) (using 2*24576 bytes):
      iterations=1000... time=3.697e-06 sec
      iterations=10000... time=3.32525e-05 sec
      iterations=100000... time=0.000259833 sec
      iterations=1000000... time=0.00249615 sec
      iterations=10000000... time=0.0247595 sec
      iterations=100000000... time=0.247592 sec
      iterations=400000000... time=0.991212 sec
      iterations=800000000... time=1.98288 sec
      result: 0.309826 nsec
    Write latency of L2 cache (for 2 PUs) (using 2*393216 bytes):
      iterations=1000... time=3.9559e-05 sec
      iterations=10000... time=0.000165245 sec
      iterations=100000... time=0.00110864 sec
      iterations=1000000... time=0.0103865 sec
      iterations=10000000... time=0.106066 sec
      iterations=100000000... time=1.06286 sec
      result: 1.32857 nsec
    Write latency of L3 cache (for 4 PUs) (using 1*25165824 bytes):
      [skipped -- too many MPI processes]
    Write bandwidth of D1 cache (for 2 PUs) (using 2*24576 bytes):
      iterations=1... time=5.01e-07 sec
      iterations=10... time=4.183e-06 sec
      iterations=100... time=4.0296e-05 sec
      iterations=1000... time=0.000285812 sec
      iterations=10000... time=0.00270799 sec
      iterations=100000... time=0.0269271 sec
      iterations=1000000... time=0.268948 sec
      iterations=4000000... time=1.07687 sec
      result: 91.2871 GByte/sec
    Write bandwidth of L2 cache (for 2 PUs) (using 2*393216 bytes):
      iterations=1... time=1.6105e-05 sec
      iterations=10... time=8.508e-05 sec
      iterations=100... time=0.000565768 sec
      iterations=1000... time=0.0050713 sec
      iterations=10000... time=0.0492052 sec
      iterations=100000... time=0.470709 sec
      iterations=200000... time=0.938125 sec
      iterations=400000... time=1.87884 sec
      result: 83.7145 GByte/sec
    Write bandwidth of L3 cache (for 4 PUs) (using 1*25165824 bytes):
      [skipped -- too many MPI processes]
    Stencil code performance of D1 cache (for 2 PUs) (using 1*12^3 grid points, 1*27648 bytes):
      [skipped -- too many MPI processes]
    Stencil code performance of L2 cache (for 2 PUs) (using 1*29^3 grid points, 1*390224 bytes):
      [skipped -- too many MPI processes]
    Stencil code performance of L3 cache (for 4 PUs) (using 1*116^3 grid points, 1*24974336 bytes):
      [skipped -- too many MPI processes]
  Single-node measurements:
    MPI latency: 987 nsec
    MPI bandwidth: 9.39095 GByte/sec
INFO (Vectors): Testing vectorisation... [errors may result in segfaults]
INFO (Vectors): 375/375 tests passed 
INFO (CartGrid3D): Grid Spacings:
INFO (CartGrid3D): dx=>1.1111111e-01  dy=>1.1111111e-01  dz=>1.1111111e-01
INFO (CartGrid3D): Computational Coordinates:
INFO (CartGrid3D): x=>[-0.500, 0.500]  y=>[-0.500, 0.500]  z=>[-0.500, 0.500]
INFO (CartGrid3D): Indices of Physical Coordinates:
INFO (CartGrid3D): x=>[0,9]  y=>[0,9]  z=>[0,9]
INFO (PUGH): MPI Evolution on 2 processors
INFO (PUGH): 3-dimensional grid functions
INFO (PUGH):   Size: 10 10 10
INFO (PUGH):   Processor topology: 2 x 1 x 1
INFO (PUGH):   Local load: 600   [6 x 10 x 10]
INFO (PUGH):   Maximum load skew: 0.000000
--------------------------------------------------------------------------------
Done.
+ echo Stopping:
Stopping:
+ date
Mon May 20 22:32:13 UTC 2024
+ echo Done.
Done.
  Elapsed time: 54.1 s
