/home/runner/simulations/TestJob01_temp_1/output-0000/TEST/sim/MemSpeed
Preparing:
+ set -e
+ cd output-0000-active
+ echo Checking:
Checking:
+ pwd
/home/runner/simulations/TestJob01_temp_1/output-0000/TEST/sim/MemSpeed/output-0000-active
+ hostname
runnervm0kj6c
+ date
Tue Mar 10 18:55:33 UTC 2026
+ echo Environment:
Environment:
+ export CACTUS_NUM_PROCS=1
+ CACTUS_NUM_PROCS=1
+ export CACTUS_NUM_THREADS=2
+ CACTUS_NUM_THREADS=2
+ export GMON_OUT_PREFIX=gmon.out
+ GMON_OUT_PREFIX=gmon.out
+ export OMP_NUM_THREADS=2
+ OMP_NUM_THREADS=2
+ env
+ sort
+ echo Starting:
Starting:
++ date +%s
+ export CACTUS_STARTTIME=1773168933
+ CACTUS_STARTTIME=1773168933
+ '[' 1 = 1 ']'
+ '[' 0 -eq 0 ']'
+ /home/runner/simulations/TestJob01_temp_1/SIMFACTORY/exe/cactus_sim -L 3 /home/runner/simulations/TestJob01_temp_1/output-0000/arrangements/CactusUtils/MemSpeed/test/memspeed.par
INFO (Cactus): Increased logging level from 0 to 3
--------------------------------------------------------------------------------

       10                                  
  1   0101       ************************  
  01  1010 10      The Cactus Code V4.18.0    
 1010 1101 011      www.cactuscode.org     
  1001 100101    ************************  
    00010101                               
     100011     (c) Copyright The Authors  
      0100      GNU Licensed. No Warranty  
      0101                                 
--------------------------------------------------------------------------------

Cactus version:    4.18.0
Compile date:      Mar 10 2026 (18:47:02)
Run date:          Mar 10 2026 (18:55:34+0000)
Run host:          runnervm0kj6c.2sftis5shwvehknfm3w5ec0hue.phxx.internal.cloudapp.net (pid=133387)
Working directory: /home/runner/simulations/TestJob01_temp_1/output-0000/TEST/sim/MemSpeed
Executable:        /home/runner/simulations/TestJob01_temp_1/SIMFACTORY/exe/cactus_sim
Parameter file:    /home/runner/simulations/TestJob01_temp_1/output-0000/arrangements/CactusUtils/MemSpeed/test/memspeed.par
--------------------------------------------------------------------------------

Activating thorn Cactus...Success -> active implementation Cactus
Activation requested for 
--->hwloc MemSpeed SystemTopology CartGrid3D CoordBase IOASCII IOUtil PUGH PUGHSlab<---
Thorn hwloc requests automatic activation of zlib
Thorn MemSpeed requests automatic activation of Vectors
Thorn MemSpeed requests automatic activation of MPI
Activating thorn CartGrid3D...Success -> active implementation grid
Activating thorn CoordBase...Success -> active implementation CoordBase
Activating thorn hwloc...Success -> active implementation hwloc
Activating thorn IOASCII...Success -> active implementation IOASCII
Activating thorn IOUtil...Success -> active implementation IO
Activating thorn MemSpeed...Success -> active implementation MemSpeed
Activating thorn MPI...Success -> active implementation MPI
Activating thorn PUGH...Success -> active implementation Driver
Activating thorn PUGHSlab...Success -> active implementation Hyperslab
Activating thorn SystemTopology...Success -> active implementation SystemTopology
Activating thorn Vectors...Success -> active implementation Vectors
Activating thorn zlib...Success -> active implementation zlib
--------------------------------------------------------------------------------
  if (recover initial data)
    Recover parameters
  endif

  Startup routines
    [CCTK_STARTUP]
      CartGrid3D::SymmetryStartup: Register GH Extension for GridSymmetry
      CoordBase::CoordBase_Startup: Register a GH extension to store the coordinate system handles
      GROUP hwloc_startup: hwloc startup group
        hwloc::hwloc_version: Output hwloc version
      SystemTopology::ST_system_topology: Output and/or modify system topology and hardware locality
      PUGH::Driver_Startup: Startup routine
      PUGH::PUGH_RegisterPUGHP2LRoutines: Register Physical to Logical process mapping routines
      PUGH::PUGH_RegisterPUGHTopologyRoutines: Register topology generation routines routines
      IOUtil::IOUtil_Startup: Startup routine
      Vectors::Vectors_Startup: Print startup message
      IOASCII::IOASCII_Startup: Startup routine

  Startup routines which need an existing grid hierarchy
    [CCTK_WRAGH]
      CartGrid3D::RegisterCartGrid3DCoords: [meta] Register coordinates for the Cartesian grid
      MemSpeed::MemSpeed_MeasureSpeed: [meta] Measure CPU, memory, cache speeds
  Parameter checking routines
    [CCTK_PARAMCHECK]
      CartGrid3D::ParamCheck_CartGrid3D: Check coordinates for CartGrid3D
      Vectors::Vectors_Test: Run correctness tests.

  Initialisation
    if (NOT (recover initial data AND recovery_mode is 'strict'))
      [CCTK_PREREGRIDINITIAL]
      Set up grid hierarchy
      [CCTK_POSTREGRIDINITIAL]
        CartGrid3D::SpatialCoordinates: Set Coordinates after regridding
      [CCTK_BASEGRID]
        CartGrid3D::SpatialSpacings: Set up ranges for spatial 3D Cartesian coordinates (on all grids)
        CartGrid3D::SpatialCoordinates: Set up spatial 3D Cartesian coordinates on the GH
        IOASCII::IOASCII_Choose1D: Choose 1D output lines
        IOASCII::IOASCII_Choose2D: Choose 2D output planes
        PUGH::PUGH_Report: Report on PUGH set up
      [CCTK_INITIAL]
      [CCTK_POSTINITIAL]
      Initialise finer grids recursively
      Restrict from finer grids
      [CCTK_POSTRESTRICTINITIAL]
      [CCTK_POSTPOSTINITIAL]
      [CCTK_POSTSTEP]
    endif
    if (recover initial data)
      [CCTK_BASEGRID]
        CartGrid3D::SpatialSpacings: Set up ranges for spatial 3D Cartesian coordinates (on all grids)
        CartGrid3D::SpatialCoordinates: Set up spatial 3D Cartesian coordinates on the GH
        IOASCII::IOASCII_Choose1D: Choose 1D output lines
        IOASCII::IOASCII_Choose2D: Choose 2D output planes
        PUGH::PUGH_Report: Report on PUGH set up
      [CCTK_RECOVER_VARIABLES]
      [CCTK_POST_RECOVER_VARIABLES]
    endif
    if (checkpoint initial data)
      [CCTK_CPINITIAL]
    endif
    if (analysis)
      [CCTK_ANALYSIS]
  endif
  Output grid variables

  do loop over timesteps
    [CCTK_PREREGRID]
    Change grid hierarchy
    [CCTK_POSTREGRID]
      CartGrid3D::SpatialCoordinates: Set Coordinates after regridding
    Rotate timelevels
    iteration = iteration+1
    t = t+dt
    [CCTK_PRESTEP]
    [CCTK_EVOL]
    Evolve finer grids recursively
    Restrict from finer grids
    [CCTK_POSTRESTRICT]
    [CCTK_POSTSTEP]
    if (checkpoint)
      [CCTK_CHECKPOINT]
    endif
    if (analysis)
      [CCTK_ANALYSIS]
    endif
    Output grid variables
    enddo

  Termination routines
    [CCTK_TERMINATE]
      PUGH::Driver_Terminate: Termination routine

  Shutdown routines
    [CCTK_SHUTDOWN]

  Routines run after changing the grid hierarchy:
    [CCTK_POSTREGRID]
      CartGrid3D::SpatialCoordinates: Set Coordinates after regridding
--------------------------------------------------------------------------------
INFO (hwloc): library version 2.10.0, API version 0x20800
INFO (SystemTopology): MPI process-to-host mapping:
This is MPI process 0 of 1
MPI hosts:
  0: runnervm0kj6c
This MPI process runs on host 0 of 1
On this host, this is MPI process 0 of 1
INFO (SystemTopology): Topology support:
Discovery support:
  discovery->pu                            : yes
CPU binding support:
  cpubind->set_thisproc_cpubind            : yes
  cpubind->get_thisproc_cpubind            : yes
  cpubind->set_proc_cpubind                : yes
  cpubind->get_proc_cpubind                : yes
  cpubind->set_thisthread_cpubind          : yes
  cpubind->get_thisthread_cpubind          : yes
  cpubind->set_thread_cpubind              : yes
  cpubind->get_thread_cpubind              : yes
  cpubind->get_thisproc_last_cpu_location  : yes
  cpubind->get_proc_last_cpu_location      : yes
  cpubind->get_thisthread_last_cpu_location: yes
Memory binding support:
  membind->set_thisproc_membind            : no
  membind->get_thisproc_membind            : no
  membind->set_proc_membind                : no
  membind->get_proc_membind                : no
  membind->set_thisthread_membind          : yes
  membind->get_thisthread_membind          : yes
  membind->set_area_membind                : yes
  membind->get_area_membind                : yes
  membind->alloc_membind                   : yes
  membind->firsttouch_membind              : yes
  membind->bind_membind                    : yes
  membind->interleave_membind              : yes
  membind->nexttouch_membind               : no
  membind->migrate_membind                 : yes
INFO (SystemTopology): Hardware objects in this node:
Machine L#0: (P#0, total=16378480KB, DMIProductName="Virtual Machine", DMIProductVersion="Hyper-V UEFI Release v4.1", DMIProductUUID=20583772-3459-4766-a01d-0180ab4d1322, DMIBoardVendor="Microsoft Corporation", DMIBoardName="Virtual Machine", DMIBoardVersion="Hyper-V UEFI Release v4.1", DMIBoardAssetTag=None, DMIChassisVendor="Microsoft Corporation", DMIChassisType=3, DMIChassisVersion="Hyper-V UEFI Release v4.1", DMIChassisAssetTag=7783-7084-3265-9085-8269-3286-77, DMIBIOSVendor="Microsoft Corporation", DMIBIOSVersion="Hyper-V UEFI Release v4.1", DMIBIOSDate=08/23/2024, DMISysVendor="Microsoft Corporation", Backend=Linux, LinuxCgroup=/system.slice/hosted-compute-agent.service, OSName=Linux, OSRelease=6.14.0-1017-azure, OSVersion="#17~24.04.1-Ubuntu SMP Mon Dec  1 20:10:50 UTC 2025", HostName=runnervm0kj6c, Architecture=x86_64, hwlocVersion=2.10.0, ProcessName=cactus_sim)
  Package L#0: (P#0, total=16378480KB, CPUVendor=AuthenticAMD, CPUFamilyNumber=25, CPUModelNumber=1, CPUModel="AMD EPYC 7763 64-Core Processor                ", CPUStepping=1)
    L3Cache L#0: (P#0, size=32768KB, linesize=64, ways=16, Inclusive=0)
      L2Cache L#0: (P#0, size=512KB, linesize=64, ways=8, Inclusive=1)
        L1dCache L#0: (P#0, size=32KB, linesize=64, ways=8, Inclusive=0)
          Core L#0: (P#0)
            PU L#0: (P#0)
            PU L#1: (P#1)
      L2Cache L#1: (P#1, size=512KB, linesize=64, ways=8, Inclusive=1)
        L1dCache L#1: (P#1, size=32KB, linesize=64, ways=8, Inclusive=0)
          Core L#1: (P#1)
            PU L#2: (P#2)
            PU L#3: (P#3)
INFO (SystemTopology): Thread CPU bindings:
  MPI process 0 on host 0 (process 0 of 1 on this host)
    OpenMP thread 0: PU set L#{0-3} P#{0-3}
    OpenMP thread 1: PU set L#{0-3} P#{0-3}
INFO (SystemTopology): Setting thread CPU bindings:
INFO (SystemTopology): Thread CPU bindings:
  MPI process 0 on host 0 (process 0 of 1 on this host)
    OpenMP thread 0: PU set L#{0} P#{0}
    OpenMP thread 1: PU set L#{2} P#{2}
INFO (SystemTopology): Extracting CPU/cache/memory properties:
  There are 2 PUs per core (aka hardware SMT threads)
  There are 1 threads per core (aka SMT threads used)
  Cache (unknown name) has type "data" depth 1
    size 32768 linesize 64 associativity 8 stride 4096, for 2 PUs
  Cache (unknown name) has type "unified" depth 2
    size 524288 linesize 64 associativity 8 stride 65536, for 2 PUs
  Cache (unknown name) has type "unified" depth 3
    size 33554432 linesize 64 associativity 16 stride 2097152, for 4 PUs
INFO (PUGH): Using physical to logical mappings: direct
INFO (PUGH): Using topology generator: automatic
INFO (Vectors): Using vector size 2 for architecture SSE2 (64-bit precision)
--------------------------------------------------------------------------------
Driver provided by PUGH
--------------------------------------------------------------------------------

INFO (PUGH): Not setting up a topology for 1 dimensions
INFO (PUGH): Not setting up a topology for 2 dimensions
INFO (PUGH): Setting up a topology for 3 dimensions
INFO (IOASCII): I/O Method 'IOASCII_1D' registered: output of 1D lines of grid functions/arrays to ASCII files
INFO (IOASCII): Periodic 1D output every 1 iterations
INFO (IOASCII): Periodic 1D output requested for 'GRID::r'
INFO (IOASCII): I/O Method 'IOASCII_2D' registered: output of 2D planes of grid functions/arrays to ASCII files
INFO (IOASCII): Periodic 2D output turned off
INFO (IOASCII): I/O Method 'IOASCII_3D' registered: output of 3D grid functions/arrays to ASCII files
INFO (IOASCII): Periodic 3D output turned off
INFO (MemSpeed): Measuring CPU, cache, memory, and communication speeds:
  Single-core measurements (using 1 MPI processes with 1 OpenMP threads each):
    CPU frequency:
      iterations=1000000... time=0.00125563 sec
      iterations=10000000... time=0.0125427 sec
      iterations=100000000... time=0.12459 sec
      iterations=900000000... time=1.12121 sec
      iterations=900000000... time=0.871097 sec
      result: 7.19686 GHz
    CPU floating point performance:
      iterations=1000000... time=0.00199065 sec
      iterations=10000000... time=0.0198554 sec
      iterations=100000000... time=0.19847 sec
      iterations=600000000... time=1.19063 sec
      result: 16.126 Gflop/sec
    CPU integer performance:
      iterations=1000000... time=0.00157841 sec
      iterations=10000000... time=0.0155491 sec
      iterations=100000000... time=0.155695 sec
      iterations=700000000... time=1.09004 sec
      result: 10.2749 Giop/sec
    Read latency of D1 cache (for 2 PUs) (using 1*24576 bytes):
      iterations=1000... time=0.000132309 sec
      iterations=10000... time=0.00124156 sec
      iterations=100000... time=0.0124368 sec
      iterations=1000000... time=0.124528 sec
      iterations=9000000... time=1.12018 sec
      result: 1.24464 nsec
    Read latency of L2 cache (for 2 PUs) (using 1*393216 bytes):
      iterations=1000... time=0.000608018 sec
      iterations=10000... time=0.00557127 sec
      iterations=100000... time=0.0563118 sec
      iterations=1000000... time=0.576789 sec
      iterations=2000000... time=1.15734 sec
      result: 5.78668 nsec
    Read latency of L3 cache (for 4 PUs) (using 1*25165824 bytes):
      [skipped -- avoiding large-memory benchmarks]
    Read bandwidth of D1 cache (for 2 PUs) (using 1*24576 bytes):
      iterations=1... time=4.81e-07 sec
      iterations=10... time=2.855e-06 sec
      iterations=100... time=4.6297e-05 sec
      iterations=1000... time=0.000259029 sec
      iterations=10000... time=0.00252311 sec
      iterations=100000... time=0.024555 sec
      iterations=1000000... time=0.246109 sec
      iterations=4000000... time=0.982989 sec
      iterations=8000000... time=1.96601 sec
      result: 100.003 GByte/sec
    Read bandwidth of L2 cache (for 2 PUs) (using 1*393216 bytes):
      iterations=1... time=7.043e-06 sec
      iterations=10... time=5.1397e-05 sec
      iterations=100... time=0.000506616 sec
      iterations=1000... time=0.00490019 sec
      iterations=10000... time=0.0491116 sec
      iterations=100000... time=0.491135 sec
      iterations=200000... time=0.98226 sec
      iterations=400000... time=1.96569 sec
      result: 80.0157 GByte/sec
    Read bandwidth of L3 cache (for 4 PUs) (using 1*25165824 bytes):
      [skipped -- avoiding large-memory benchmarks]
    Write latency of D1 cache (for 2 PUs) (using 1*24576 bytes):
      iterations=1000... time=2.655e-06 sec
      iterations=10000... time=2.4907e-05 sec
      iterations=100000... time=0.000246916 sec
      iterations=1000000... time=0.00249845 sec
      iterations=10000000... time=0.0249789 sec
      iterations=100000000... time=0.248922 sec
      iterations=400000000... time=0.997187 sec
      iterations=800000000... time=2.02643 sec
      result: 0.31663 nsec
    Write latency of L2 cache (for 2 PUs) (using 1*393216 bytes):
      iterations=1000... time=1.1231e-05 sec
      iterations=10000... time=9.5159e-05 sec
      iterations=100000... time=0.000961325 sec
      iterations=1000000... time=0.00954578 sec
      iterations=10000000... time=0.0969724 sec
      iterations=100000000... time=0.96807 sec
      iterations=200000000... time=1.93723 sec
      result: 1.21077 nsec
    Write latency of L3 cache (for 4 PUs) (using 1*25165824 bytes):
      [skipped -- avoiding large-memory benchmarks]
    Write bandwidth of D1 cache (for 2 PUs) (using 1*24576 bytes):
      iterations=1... time=3.31e-07 sec
      iterations=10... time=2.846e-06 sec
      iterations=100... time=2.7712e-05 sec
      iterations=1000... time=0.000275871 sec
      iterations=10000... time=0.00278405 sec
      iterations=100000... time=0.0279041 sec
      iterations=1000000... time=0.279077 sec
      iterations=4000000... time=1.11489 sec
      result: 88.1736 GByte/sec
    Write bandwidth of L2 cache (for 2 PUs) (using 1*393216 bytes):
      iterations=1... time=8.305e-06 sec
      iterations=10... time=5.4713e-05 sec
      iterations=100... time=0.000537454 sec
      iterations=1000... time=0.00455459 sec
      iterations=10000... time=0.0439964 sec
      iterations=100000... time=0.439635 sec
      iterations=300000... time=1.32211 sec
      result: 89.2244 GByte/sec
    Write bandwidth of L3 cache (for 4 PUs) (using 1*25165824 bytes):
      [skipped -- avoiding large-memory benchmarks]
    Stencil code performance of D1 cache (for 2 PUs) (using 1*12^3 grid points, 1*27648 bytes):
      iterations=1... time=4.763e-05 sec
      iterations=10... time=0.000366101 sec
      iterations=100... time=0.00371675 sec
      iterations=1000... time=0.0355676 sec
      iterations=10000... time=0.343748 sec
      iterations=30000... time=1.04379 sec
      result: 0.0496653 Gupdates/sec
    Stencil code performance of L2 cache (for 2 PUs) (using 1*29^3 grid points, 1*390224 bytes):
      iterations=1... time=0.000160964 sec
      iterations=10... time=0.00163719 sec
      iterations=100... time=0.0161358 sec
      iterations=1000... time=0.163836 sec
      iterations=7000... time=1.18677 sec
      result: 0.143856 Gupdates/sec
    Stencil code performance of L3 cache (for 4 PUs) (using 1*116^3 grid points, 1*24974336 bytes):
      iterations=1... time=0.00444834 sec
      iterations=10... time=0.0464651 sec
      iterations=100... time=0.453988 sec
      iterations=200... time=0.872905 sec
      iterations=400... time=1.71584 sec
      result: 0.363879 Gupdates/sec
  Single-node measurements (using 1 MPI processes with 2 OpenMP threads each):
    CPU frequency:
      iterations=1000000... time=0.00136123 sec
      iterations=10000000... time=0.0124819 sec
      iterations=100000000... time=0.124605 sec
      iterations=900000000... time=1.1214 sec
      iterations=900000000... time=0.842253 sec
      result: 6.4481 GHz
    CPU floating point performance:
      iterations=1000000... time=0.00198553 sec
      iterations=10000000... time=0.0198517 sec
      iterations=100000000... time=0.19863 sec
      iterations=600000000... time=1.19103 sec
      result: 16.1205 Gflop/sec
    CPU integer performance:
      iterations=1000000... time=0.00156521 sec
      iterations=10000000... time=0.015577 sec
      iterations=100000000... time=0.155645 sec
      iterations=700000000... time=1.09121 sec
      result: 10.2638 Giop/sec
    Read latency of D1 cache (for 2 PUs) (using 2*24576 bytes):
      iterations=1000... time=0.00012485 sec
      iterations=10000... time=0.00124317 sec
      iterations=100000... time=0.0124695 sec
      iterations=1000000... time=0.124526 sec
      iterations=9000000... time=1.12432 sec
      result: 1.24925 nsec
    Read latency of L2 cache (for 2 PUs) (using 2*393216 bytes):
      iterations=1000... time=0.000456697 sec
      iterations=10000... time=0.00440401 sec
      iterations=100000... time=0.043449 sec
      iterations=1000000... time=0.434406 sec
      iterations=3000000... time=1.30162 sec
      result: 4.33875 nsec
    Read latency of L3 cache (for 4 PUs) (using 1*25165824 bytes):
      [skipped -- avoiding large-memory benchmarks]
    Read bandwidth of D1 cache (for 2 PUs) (using 2*24576 bytes):
      iterations=1... time=5.06e-07 sec
      iterations=10... time=3.1705e-06 sec
      iterations=100... time=3.31525e-05 sec
      iterations=1000... time=0.000302902 sec
      iterations=10000... time=0.0025789 sec
      iterations=100000... time=0.024625 sec
      iterations=1000000... time=0.245955 sec
      iterations=4000000... time=0.983512 sec
      iterations=8000000... time=1.9664 sec
      result: 99.9836 GByte/sec
    Read bandwidth of L2 cache (for 2 PUs) (using 2*393216 bytes):
      iterations=1... time=9.027e-06 sec
      iterations=10... time=5.46235e-05 sec
      iterations=100... time=0.000501282 sec
      iterations=1000... time=0.0049935 sec
      iterations=10000... time=0.0493812 sec
      iterations=100000... time=0.493743 sec
      iterations=200000... time=0.987697 sec
      iterations=400000... time=1.99368 sec
      result: 78.8923 GByte/sec
    Read bandwidth of L3 cache (for 4 PUs) (using 1*25165824 bytes):
      [skipped -- avoiding large-memory benchmarks]
    Write latency of D1 cache (for 2 PUs) (using 2*24576 bytes):
      iterations=1000... time=3.4615e-06 sec
      iterations=10000... time=3.2727e-05 sec
      iterations=100000... time=0.000297242 sec
      iterations=1000000... time=0.0025723 sec
      iterations=10000000... time=0.0249143 sec
      iterations=100000000... time=0.249019 sec
      iterations=400000000... time=0.998664 sec
      iterations=800000000... time=1.99251 sec
      result: 0.311329 nsec
    Write latency of L2 cache (for 2 PUs) (using 2*393216 bytes):
      iterations=1000... time=1.0134e-05 sec
      iterations=10000... time=8.90385e-05 sec
      iterations=100000... time=0.000899575 sec
      iterations=1000000... time=0.0091218 sec
      iterations=10000000... time=0.0905999 sec
      iterations=100000000... time=0.904396 sec
      iterations=200000000... time=1.80809 sec
      result: 1.13006 nsec
    Write latency of L3 cache (for 4 PUs) (using 1*25165824 bytes):
      [skipped -- avoiding large-memory benchmarks]
    Write bandwidth of D1 cache (for 2 PUs) (using 2*24576 bytes):
      iterations=1... time=4.51e-07 sec
      iterations=10... time=3.877e-06 sec
      iterations=100... time=3.98e-05 sec
      iterations=1000... time=0.000317485 sec
      iterations=10000... time=0.00289593 sec
      iterations=100000... time=0.0278553 sec
      iterations=1000000... time=0.279322 sec
      iterations=4000000... time=1.15798 sec
      result: 84.8927 GByte/sec
    Write bandwidth of L2 cache (for 2 PUs) (using 2*393216 bytes):
      iterations=1... time=1.30395e-05 sec
      iterations=10... time=5.78645e-05 sec
      iterations=100... time=0.000470273 sec
      iterations=1000... time=0.00444047 sec
      iterations=10000... time=0.0444869 sec
      iterations=100000... time=0.44495 sec
      iterations=200000... time=0.889386 sec
      iterations=400000... time=1.77991 sec
      result: 88.3675 GByte/sec
    Write bandwidth of L3 cache (for 4 PUs) (using 1*25165824 bytes):
      [skipped -- avoiding large-memory benchmarks]
    Stencil code performance of D1 cache (for 2 PUs) (using 1*12^3 grid points, 1*27648 bytes):
      iterations=1... time=1.09855e-05 sec
      iterations=10... time=9.92025e-05 sec
      iterations=100... time=0.000890712 sec
      iterations=1000... time=0.0095334 sec
      iterations=10000... time=0.0942077 sec
      iterations=100000... time=0.919848 sec
      iterations=200000... time=1.80663 sec
      result: 0.191296 Gupdates/sec
    Stencil code performance of L2 cache (for 2 PUs) (using 1*29^3 grid points, 1*390224 bytes):
      iterations=1... time=4.11675e-05 sec
      iterations=10... time=0.000423194 sec
      iterations=100... time=0.0041707 sec
      iterations=1000... time=0.0425139 sec
      iterations=10000... time=0.431112 sec
      iterations=30000... time=1.32434 sec
      result: 0.55248 Gupdates/sec
    Stencil code performance of L3 cache (for 4 PUs) (using 1*116^3 grid points, 1*24974336 bytes):
      iterations=1... time=0.00153738 sec
      iterations=10... time=0.0125562 sec
      iterations=100... time=0.118144 sec
      iterations=900... time=1.0327 sec
      result: 1.36032 Gupdates/sec
INFO (Vectors): Testing vectorisation... [errors may result in segfaults]
INFO (Vectors): 375/375 tests passed 
INFO (CartGrid3D): Grid Spacings:
INFO (CartGrid3D): dx=>1.1111111e-01  dy=>1.1111111e-01  dz=>1.1111111e-01
INFO (CartGrid3D): Computational Coordinates:
INFO (CartGrid3D): x=>[-0.500, 0.500]  y=>[-0.500, 0.500]  z=>[-0.500, 0.500]
INFO (CartGrid3D): Indices of Physical Coordinates:
INFO (CartGrid3D): x=>[0,9]  y=>[0,9]  z=>[0,9]
INFO (PUGH): MPI Evolution on 1 processors
INFO (PUGH): 3-dimensional grid functions
INFO (PUGH):  10
INFO (PUGH):  1
INFO (PUGH): 10]
INFO (PUGH):   Maximum load skew: 0.000000
--------------------------------------------------------------------------------
Done.
+ echo Stopping:
Stopping:
+ date
Tue Mar 10 18:56:41 UTC 2026
+ echo Done.
Done.
  Elapsed time: 67.9 s
