/home/runner/simulations/TestJob01_temp_2/output-0000/TEST/sim/MemSpeed
Preparing:
+ set -e
+ cd output-0000-active
+ echo Checking:
Checking:
+ pwd
/home/runner/simulations/TestJob01_temp_2/output-0000/TEST/sim/MemSpeed/output-0000-active
+ hostname
fv-az377-996
+ date
Thu Nov 10 15:59:01 UTC 2022
+ echo Environment:
Environment:
+ export CACTUS_NUM_PROCS=2
+ CACTUS_NUM_PROCS=2
+ export CACTUS_NUM_THREADS=1
+ CACTUS_NUM_THREADS=1
+ export GMON_OUT_PREFIX=gmon.out
+ GMON_OUT_PREFIX=gmon.out
+ export OMP_NUM_THREADS=1
+ OMP_NUM_THREADS=1
+ env
+ sort
+ echo Starting:
Starting:
++ date +%s
+ export CACTUS_STARTTIME=1668095941
+ CACTUS_STARTTIME=1668095941
+ '[' 2 = 1 ']'
+ mpirun -np 2 /home/runner/simulations/TestJob01_temp_2/SIMFACTORY/exe/cactus_sim -L 3 /home/runner/simulations/TestJob01_temp_2/output-0000/arrangements/CactusUtils/MemSpeed/test/memspeed.par
INFO (Cactus): Increased logging level from 0 to 3
--------------------------------------------------------------------------------

       10                                  
  1   0101       ************************  
  01  1010 10      The Cactus Code V4.13.0    
 1010 1101 011      www.cactuscode.org     
  1001 100101    ************************  
    00010101                               
     100011     (c) Copyright The Authors  
      0100      GNU Licensed. No Warranty  
      0101                                 
--------------------------------------------------------------------------------

Cactus version:    4.13.0
Compile date:      Nov 10 2022 (15:27:40)
Run date:          Nov 10 2022 (15:59:02+0000)
Run host:          fv-az377-996.ap30g4v5sw5evmjtdmxdg2w53f.dx.internal.cloudapp.net (pid=109314)
Working directory: /home/runner/simulations/TestJob01_temp_2/output-0000/TEST/sim/MemSpeed
Executable:        /home/runner/simulations/TestJob01_temp_2/SIMFACTORY/exe/cactus_sim
Parameter file:    /home/runner/simulations/TestJob01_temp_2/output-0000/arrangements/CactusUtils/MemSpeed/test/memspeed.par
--------------------------------------------------------------------------------

Activating thorn Cactus...Success -> active implementation Cactus
Activation requested for 
--->hwloc MemSpeed SystemTopology CartGrid3D CoordBase IOASCII IOUtil PUGH PUGHSlab<---
Thorn hwloc requests automatic activation of zlib
Thorn MemSpeed requests automatic activation of Vectors
Thorn MemSpeed requests automatic activation of MPI
Activating thorn CartGrid3D...Success -> active implementation grid
Activating thorn CoordBase...Success -> active implementation CoordBase
Activating thorn hwloc...Success -> active implementation hwloc
Activating thorn IOASCII...Success -> active implementation IOASCII
Activating thorn IOUtil...Success -> active implementation IO
Activating thorn MemSpeed...Success -> active implementation MemSpeed
Activating thorn MPI...Success -> active implementation MPI
Activating thorn PUGH...Success -> active implementation Driver
Activating thorn PUGHSlab...Success -> active implementation Hyperslab
Activating thorn SystemTopology...Success -> active implementation SystemTopology
Activating thorn Vectors...Success -> active implementation Vectors
Activating thorn zlib...Success -> active implementation zlib
--------------------------------------------------------------------------------
  if (recover initial data)
    Recover parameters
  endif

  Startup routines
    [CCTK_STARTUP]
      CartGrid3D::SymmetryStartup: Register GH Extension for GridSymmetry
      CoordBase::CoordBase_Startup: Register a GH extension to store the coordinate system handles
      GROUP hwloc_startup: hwloc startup group
        hwloc::hwloc_version: Output hwloc version
      SystemTopology::ST_system_topology: Output and/or modify system topology and hardware locality
      PUGH::Driver_Startup: Startup routine
      PUGH::PUGH_RegisterPUGHP2LRoutines: Register Physical to Logical process mapping routines
      PUGH::PUGH_RegisterPUGHTopologyRoutines: Register topology generation routines routines
      IOUtil::IOUtil_Startup: Startup routine
      Vectors::Vectors_Startup: Print startup message
      IOASCII::IOASCII_Startup: Startup routine

  Startup routines which need an existing grid hierarchy
    [CCTK_WRAGH]
      CartGrid3D::RegisterCartGrid3DCoords: [meta] Register coordinates for the Cartesian grid
      MemSpeed::MemSpeed_MeasureSpeed: [meta] Measure CPU, memory, cache speeds
  Parameter checking routines
    [CCTK_PARAMCHECK]
      CartGrid3D::ParamCheck_CartGrid3D: Check coordinates for CartGrid3D
      Vectors::Vectors_Test: Run correctness tests.

  Initialisation
    if (NOT (recover initial data AND recovery_mode is 'strict'))
      [CCTK_PREREGRIDINITIAL]
      Set up grid hierarchy
      [CCTK_POSTREGRIDINITIAL]
        CartGrid3D::SpatialCoordinates: Set Coordinates after regridding
      [CCTK_BASEGRID]
        CartGrid3D::SpatialSpacings: Set up ranges for spatial 3D Cartesian coordinates (on all grids)
        CartGrid3D::SpatialCoordinates: Set up spatial 3D Cartesian coordinates on the GH
        IOASCII::IOASCII_Choose1D: Choose 1D output lines
        IOASCII::IOASCII_Choose2D: Choose 2D output planes
        PUGH::PUGH_Report: Report on PUGH set up
      [CCTK_INITIAL]
      [CCTK_POSTINITIAL]
      Initialise finer grids recursively
      Restrict from finer grids
      [CCTK_POSTRESTRICTINITIAL]
      [CCTK_POSTPOSTINITIAL]
      [CCTK_POSTSTEP]
    endif
    if (recover initial data)
      [CCTK_BASEGRID]
        CartGrid3D::SpatialSpacings: Set up ranges for spatial 3D Cartesian coordinates (on all grids)
        CartGrid3D::SpatialCoordinates: Set up spatial 3D Cartesian coordinates on the GH
        IOASCII::IOASCII_Choose1D: Choose 1D output lines
        IOASCII::IOASCII_Choose2D: Choose 2D output planes
        PUGH::PUGH_Report: Report on PUGH set up
      [CCTK_RECOVER_VARIABLES]
      [CCTK_POST_RECOVER_VARIABLES]
    endif
    if (checkpoint initial data)
      [CCTK_CPINITIAL]
    endif
    if (analysis)
      [CCTK_ANALYSIS]
  endif
  Output grid variables

  do loop over timesteps
    [CCTK_PREREGRID]
    Change grid hierarchy
    [CCTK_POSTREGRID]
      CartGrid3D::SpatialCoordinates: Set Coordinates after regridding
    Rotate timelevels
    iteration = iteration+1
    t = t+dt
    [CCTK_PRESTEP]
    [CCTK_EVOL]
    Evolve finer grids recursively
    Restrict from finer grids
    [CCTK_POSTRESTRICT]
    [CCTK_POSTSTEP]
    if (checkpoint)
      [CCTK_CHECKPOINT]
    endif
    if (analysis)
      [CCTK_ANALYSIS]
    endif
    Output grid variables
    enddo

  Termination routines
    [CCTK_TERMINATE]
      PUGH::Driver_Terminate: Termination routine

  Shutdown routines
    [CCTK_SHUTDOWN]

  Routines run after changing the grid hierarchy:
    [CCTK_POSTREGRID]
      CartGrid3D::SpatialCoordinates: Set Coordinates after regridding
--------------------------------------------------------------------------------
INFO (hwloc): library version 2.1.0, API version 0x20100
INFO (SystemTopology): MPI process-to-host mapping:
This is MPI process 0 of 2
MPI hosts:
  0: fv-az377-996
This MPI process runs on host 0 of 1
On this host, this is MPI process 0 of 2
INFO (SystemTopology): Topology support:
Discovery support:
  discovery->pu                            : yes
CPU binding support:
  cpubind->set_thisproc_cpubind            : yes
  cpubind->get_thisproc_cpubind            : yes
  cpubind->set_proc_cpubind                : yes
  cpubind->get_proc_cpubind                : yes
  cpubind->set_thisthread_cpubind          : yes
  cpubind->get_thisthread_cpubind          : yes
  cpubind->set_thread_cpubind              : yes
  cpubind->get_thread_cpubind              : yes
  cpubind->get_thisproc_last_cpu_location  : yes
  cpubind->get_proc_last_cpu_location      : yes
  cpubind->get_thisthread_last_cpu_location: yes
Memory binding support:
  membind->set_thisproc_membind            : no
  membind->get_thisproc_membind            : no
  membind->set_proc_membind                : no
  membind->get_proc_membind                : no
  membind->set_thisthread_membind          : yes
  membind->get_thisthread_membind          : yes
  membind->set_area_membind                : yes
  membind->get_area_membind                : yes
  membind->alloc_membind                   : yes
  membind->firsttouch_membind              : yes
  membind->bind_membind                    : yes
  membind->interleave_membind              : yes
  membind->nexttouch_membind               : no
  membind->migrate_membind                 : yes
INFO (SystemTopology): Hardware objects in this node:
Machine L#0: (P#0, total=7110656KB, DMIProductName="Virtual Machine", DMIProductVersion=7.0, DMIProductUUID=ac0d81a2-0226-324e-b7a6-a020369fcc58, DMIBoardVendor="Microsoft Corporation", DMIBoardName="Virtual Machine", DMIBoardVersion=7.0, DMIChassisVendor="Microsoft Corporation", DMIChassisType=3, DMIChassisVersion=7.0, DMIChassisAssetTag=7783-7084-3265-9085-8269-3286-77, DMIBIOSVendor="American Megatrends Inc.", DMIBIOSVersion="090008 ", DMIBIOSDate=12/07/2018, DMISysVendor="Microsoft Corporation", Backend=Linux, LinuxCgroup=/, OSName=Linux, OSRelease=5.15.0-1022-azure, OSVersion="#27~20.04.1-Ubuntu SMP Mon Oct 17 02:03:50 UTC 2022", HostName=fv-az377-996, Architecture=x86_64, hwlocVersion=2.1.0, ProcessName=cactus_sim)
  Package L#0: (P#0, total=7110656KB, CPUVendor=GenuineIntel, CPUFamilyNumber=6, CPUModelNumber=85, CPUModel="Intel(R) Xeon(R) Platinum 8171M CPU @ 2.60GHz", CPUStepping=4)
    L3Cache L#0: (P#-1, size=36608KB, linesize=64, ways=11, Inclusive=0)
      L2Cache L#0: (P#-1, size=1024KB, linesize=64, ways=16, Inclusive=0)
        L1dCache L#0: (P#-1, size=32KB, linesize=64, ways=8, Inclusive=0)
          Core L#0: (P#0)
            PU L#0: (P#0)
      L2Cache L#1: (P#-1, size=1024KB, linesize=64, ways=16, Inclusive=0)
        L1dCache L#1: (P#-1, size=32KB, linesize=64, ways=8, Inclusive=0)
          Core L#1: (P#1)
            PU L#1: (P#1)
INFO (SystemTopology): Thread CPU bindings:
  MPI process 0 on host 0 (process 0 of 2 on this host)
    OpenMP thread 0: PU set L#{0} P#{0}
  MPI process 1 on host 0 (process 1 of 2 on this host)
    OpenMP thread 0: PU set L#{1} P#{1}
INFO (SystemTopology): Setting thread CPU bindings:
INFO (SystemTopology): Thread CPU bindings:
  MPI process 0 on host 0 (process 0 of 2 on this host)
    OpenMP thread 0: PU set L#{0} P#{0}
  MPI process 1 on host 0 (process 1 of 2 on this host)
    OpenMP thread 0: PU set L#{1} P#{1}
INFO (SystemTopology): Extracting CPU/cache/memory properties:
  There are 1 PUs per core (aka hardware SMT threads)
  There are 1 threads per core (aka SMT threads used)
  Cache (unknown name) has type "data" depth 1
    size 32768 linesize 64 associativity 8 stride 4096, for 1 PUs
  Cache (unknown name) has type "unified" depth 2
    size 1048576 linesize 64 associativity 16 stride 65536, for 1 PUs
  Cache (unknown name) has type "unified" depth 3
    size 37486592 linesize 64 associativity 11 stride 3407872, for 2 PUs
INFO (PUGH): Using physical to logical mappings: direct
INFO (PUGH): Using topology generator: automatic
INFO (Vectors): Using vector size 2 for architecture SSE2 (64-bit precision)
--------------------------------------------------------------------------------
Driver provided by PUGH
--------------------------------------------------------------------------------

INFO (PUGH): Not setting up a topology for 1 dimensions
INFO (PUGH): Not setting up a topology for 2 dimensions
INFO (PUGH): Setting up a topology for 3 dimensions
INFO (IOASCII): I/O Method 'IOASCII_1D' registered: output of 1D lines of grid functions/arrays to ASCII files
INFO (IOASCII): Periodic 1D output every 1 iterations
INFO (IOASCII): Periodic 1D output requested for 'GRID::r'
INFO (IOASCII): I/O Method 'IOASCII_2D' registered: output of 2D planes of grid functions/arrays to ASCII files
INFO (IOASCII): Periodic 2D output turned off
INFO (IOASCII): I/O Method 'IOASCII_3D' registered: output of 3D grid functions/arrays to ASCII files
INFO (IOASCII): Periodic 3D output turned off
INFO (MemSpeed): Measuring CPU, cache, memory, and communication speeds:
  Single-core measurements (using 1 MPI processes with 1 OpenMP threads each):
    CPU frequency:
      iterations=1000000... time=0.00165962 sec
      iterations=10000000... time=0.0161535 sec
      iterations=100000000... time=0.160739 sec
      iterations=700000000... time=1.1266 sec
      iterations=700000000... time=1.13131 sec
      result: -297.421 GHz
    CPU floating point performance:
      iterations=1000000... time=0.00365266 sec
      iterations=10000000... time=0.0360752 sec
      iterations=100000000... time=0.358862 sec
      iterations=300000000... time=1.07836 sec
      result: 8.90238 Gflop/sec
    CPU integer performance:
      iterations=1000000... time=0.00224236 sec
      iterations=10000000... time=0.0219789 sec
      iterations=100000000... time=0.219702 sec
      iterations=500000000... time=1.09718 sec
      result: 7.29141 Giop/sec
    Read latency of D1 cache (for 1 PUs) (using 1*24576 bytes):
      iterations=1000... time=0.000161711 sec
      iterations=10000... time=0.00161502 sec
      iterations=100000... time=0.0160684 sec
      iterations=1000000... time=0.161498 sec
      iterations=7000000... time=1.12709 sec
      result: 1.61013 nsec
    Read latency of L2 cache (for 1 PUs) (using 1*786432 bytes):
      iterations=1000... time=0.000717751 sec
      iterations=10000... time=0.00622504 sec
      iterations=100000... time=0.0618724 sec
      iterations=1000000... time=0.613429 sec
      iterations=2000000... time=1.23019 sec
      result: 6.15095 nsec
    Read latency of L3 cache (for 2 PUs) (using 1*28114944 bytes):
      [skipped -- avoiding large-memory benchmarks]
    Read bandwidth of D1 cache (for 1 PUs) (using 1*24576 bytes):
      iterations=1... time=9.01e-07 sec
      iterations=10... time=4.2e-06 sec
      iterations=100... time=3.7103e-05 sec
      iterations=1000... time=0.000366426 sec
      iterations=10000... time=0.00370186 sec
      iterations=100000... time=0.0366605 sec
      iterations=1000000... time=0.373049 sec
      iterations=3000000... time=1.13006 sec
      result: 65.2424 GByte/sec
    Read bandwidth of L2 cache (for 1 PUs) (using 1*786432 bytes):
      iterations=1... time=5.6104e-05 sec
      iterations=10... time=0.000210015 sec
      iterations=100... time=0.00192074 sec
      iterations=1000... time=0.0191057 sec
      iterations=10000... time=0.19119 sec
      iterations=60000... time=1.14667 sec
      result: 41.1504 GByte/sec
    Read bandwidth of L3 cache (for 2 PUs) (using 1*28114944 bytes):
      [skipped -- avoiding large-memory benchmarks]
    Write latency of D1 cache (for 1 PUs) (using 1*24576 bytes):
      iterations=1000... time=4e-06 sec
      iterations=10000... time=3.2602e-05 sec
      iterations=100000... time=0.000321223 sec
      iterations=1000000... time=0.00320823 sec
      iterations=10000000... time=0.0321652 sec
      iterations=100000000... time=0.480921 sec
      iterations=200000000... time=0.872797 sec
      iterations=400000000... time=1.72961 sec
      result: 0.540503 nsec
    Write latency of L2 cache (for 1 PUs) (using 1*786432 bytes):
      iterations=1000... time=3.7303e-05 sec
      iterations=10000... time=0.000186113 sec
      iterations=100000... time=0.00174052 sec
      iterations=1000000... time=0.017242 sec
      iterations=10000000... time=0.239624 sec
      iterations=50000000... time=1.11623 sec
      result: 2.79057 nsec
    Write latency of L3 cache (for 2 PUs) (using 1*28114944 bytes):
      [skipped -- avoiding large-memory benchmarks]
    Write bandwidth of D1 cache (for 1 PUs) (using 1*24576 bytes):
      iterations=1... time=9.99999e-07 sec
      iterations=10... time=2.7e-06 sec
      iterations=100... time=1.9401e-05 sec
      iterations=1000... time=0.000186614 sec
      iterations=10000... time=0.00188753 sec
      iterations=100000... time=0.0186302 sec
      iterations=1000000... time=0.258629 sec
      iterations=4000000... time=0.99506 sec
      iterations=8000000... time=1.87828 sec
      result: 104.674 GByte/sec
    Write bandwidth of L2 cache (for 1 PUs) (using 1*786432 bytes):
      iterations=1... time=3.7902e-05 sec
      iterations=10... time=0.000345324 sec
      iterations=100... time=0.00342874 sec
      iterations=1000... time=0.0652039 sec
      iterations=10000... time=0.467776 sec
      iterations=20000... time=0.762712 sec
      iterations=40000... time=1.69243 sec
      result: 18.5871 GByte/sec
    Write bandwidth of L3 cache (for 2 PUs) (using 1*28114944 bytes):
      [skipped -- avoiding large-memory benchmarks]
    Stencil code performance of D1 cache (for 1 PUs) (using 1*12^3 grid points, 1*27648 bytes):
      iterations=1... time=3.3002e-05 sec
      iterations=10... time=0.000243018 sec
      iterations=100... time=0.00241697 sec
      iterations=1000... time=0.0240351 sec
      iterations=10000... time=0.342388 sec
      iterations=30000... time=1.00815 sec
      result: 0.0514211 Gupdates/sec
    Stencil code performance of L2 cache (for 1 PUs) (using 1*37^3 grid points, 1*810448 bytes):
      iterations=1... time=0.000211615 sec
      iterations=10... time=0.00196734 sec
      iterations=100... time=0.0196596 sec
      iterations=1000... time=0.248015 sec
      iterations=4000... time=1.00768 sec
      result: 0.201067 Gupdates/sec
    Stencil code performance of L3 cache (for 2 PUs) (using 1*121^3 grid points, 1*28344976 bytes):
      iterations=1... time=0.00477194 sec
      iterations=10... time=0.0961306 sec
      iterations=100... time=0.639633 sec
      iterations=200... time=1.20898 sec
      result: 0.293067 Gupdates/sec
  Single-node measurements (using 2 MPI processes with 1 OpenMP threads each):
    CPU frequency:
      iterations=1000000... time=0.00160406 sec
      iterations=10000000... time=0.0262416 sec
      iterations=100000000... time=0.222236 sec
      iterations=500000000... time=1.0876 sec
      iterations=500000000... time=1.06439 sec
      result: 43.0964 GHz
    CPU floating point performance:
      iterations=1000000... time=0.0036051 sec
      iterations=10000000... time=0.0537273 sec
      iterations=100000000... time=0.475896 sec
      iterations=200000000... time=0.960818 sec
      iterations=400000000... time=1.91669 sec
      result: 6.67817 Gflop/sec
    CPU integer performance:
      iterations=1000000... time=0.00221976 sec
      iterations=10000000... time=0.0355075 sec
      iterations=100000000... time=0.30402 sec
      iterations=400000000... time=1.16456 sec
      result: 5.49565 Giop/sec
    Read latency of D1 cache (for 1 PUs) (using 2*24576 bytes):
      iterations=1000... time=0.000189864 sec
      iterations=10000... time=0.00160486 sec
      iterations=100000... time=0.02669 sec
      iterations=1000000... time=0.201075 sec
      iterations=5000000... time=1.07422 sec
      result: 2.14843 nsec
    Read latency of L2 cache (for 1 PUs) (using 2*786432 bytes):
      iterations=1000... time=0.000733401 sec
      iterations=10000... time=0.0116678 sec
      iterations=100000... time=0.0960858 sec
      iterations=1000000... time=0.865376 sec
      iterations=2000000... time=1.75346 sec
      result: 8.76731 nsec
    Read latency of L3 cache (for 2 PUs) (using 2*28114944 bytes):
      [skipped -- too much memory requested]
    Read bandwidth of D1 cache (for 1 PUs) (using 2*24576 bytes):
      iterations=1... time=8e-07 sec
      iterations=10... time=4.051e-06 sec
      iterations=100... time=3.7053e-05 sec
      iterations=1000... time=0.000366326 sec
      iterations=10000... time=0.00767934 sec
      iterations=100000... time=0.0532919 sec
      iterations=1000000... time=0.488243 sec
      iterations=2000000... time=0.985397 sec
      iterations=4000000... time=1.81575 sec
      result: 54.1396 GByte/sec
    Read bandwidth of L2 cache (for 1 PUs) (using 2*786432 bytes):
      iterations=1... time=2.97015e-05 sec
      iterations=10... time=0.000198813 sec
      iterations=100... time=0.00192869 sec
      iterations=1000... time=0.0190702 sec
      iterations=10000... time=0.193451 sec
      iterations=60000... time=1.14584 sec
      result: 41.1802 GByte/sec
    Read bandwidth of L3 cache (for 2 PUs) (using 2*28114944 bytes):
      [skipped -- too much memory requested]
    Write latency of D1 cache (for 1 PUs) (using 2*24576 bytes):
      iterations=1000... time=3.95e-06 sec
      iterations=10000... time=3.2502e-05 sec
      iterations=100000... time=0.000321172 sec
      iterations=1000000... time=0.00322033 sec
      iterations=10000000... time=0.0326314 sec
      iterations=100000000... time=0.321898 sec
      iterations=300000000... time=0.967727 sec
      iterations=600000000... time=1.93312 sec
      result: 0.402733 nsec
    Write latency of L2 cache (for 1 PUs) (using 2*786432 bytes):
      iterations=1000... time=3.5702e-05 sec
      iterations=10000... time=0.000179413 sec
      iterations=100000... time=0.00171467 sec
      iterations=1000000... time=0.0171512 sec
      iterations=10000000... time=0.171503 sec
      iterations=60000000... time=1.03146 sec
      result: 2.14888 nsec
    Write latency of L3 cache (for 2 PUs) (using 2*28114944 bytes):
      [skipped -- too much memory requested]
    Write bandwidth of D1 cache (for 1 PUs) (using 2*24576 bytes):
      iterations=1... time=7.5e-07 sec
      iterations=10... time=2.45e-06 sec
      iterations=100... time=1.9002e-05 sec
      iterations=1000... time=0.000184963 sec
      iterations=10000... time=0.00184598 sec
      iterations=100000... time=0.01876 sec
      iterations=1000000... time=0.185257 sec
      iterations=6000000... time=1.11348 sec
      result: 132.428 GByte/sec
    Write bandwidth of L2 cache (for 1 PUs) (using 2*786432 bytes):
      iterations=1... time=3.58525e-05 sec
      iterations=10... time=0.000341774 sec
      iterations=100... time=0.00339749 sec
      iterations=1000... time=0.0328816 sec
      iterations=10000... time=0.288267 sec
      iterations=40000... time=1.13618 sec
      result: 27.687 GByte/sec
    Write bandwidth of L3 cache (for 2 PUs) (using 2*28114944 bytes):
      [skipped -- too much memory requested]
    Stencil code performance of D1 cache (for 1 PUs) (using 2*9^3 grid points, 2*11664 bytes):
      iterations=1... time=9.951e-06 sec
      iterations=10... time=9.4057e-05 sec
      iterations=100... time=0.000951517 sec
      iterations=1000... time=0.00947402 sec
      iterations=10000... time=0.0953065 sec
      iterations=100000... time=0.955866 sec
      iterations=200000... time=1.89281 sec
      result: 0.0770284 Gupdates/sec
    Stencil code performance of L2 cache (for 1 PUs) (using 2*29^3 grid points, 2*390224 bytes):
      iterations=1... time=0.000128459 sec
      iterations=10... time=0.00118668 sec
      iterations=100... time=0.0117926 sec
      iterations=1000... time=0.117813 sec
      iterations=9000... time=1.06207 sec
      result: 0.206673 Gupdates/sec
    Stencil code performance of L3 cache (for 2 PUs) (using 1*121^3 grid points, 1*28344976 bytes):
      [skipped -- too many MPI processes]
  Single-node measurements:
    MPI latency: 2150 nsec
    MPI bandwidth: 3.77638 GByte/sec
INFO (Vectors): Testing vectorisation... [errors may result in segfaults]
INFO (Vectors): 375/375 tests passed 
INFO (CartGrid3D): Grid Spacings:
INFO (CartGrid3D): dx=>1.1111111e-01  dy=>1.1111111e-01  dz=>1.1111111e-01
INFO (CartGrid3D): Computational Coordinates:
INFO (CartGrid3D): x=>[-0.500, 0.500]  y=>[-0.500, 0.500]  z=>[-0.500, 0.500]
INFO (CartGrid3D): Indices of Physical Coordinates:
INFO (CartGrid3D): x=>[0,9]  y=>[0,9]  z=>[0,9]
INFO (PUGH): MPI Evolution on 2 processors
INFO (PUGH): 3-dimensional grid functions
INFO (PUGH):   Size: 10 10 10
INFO (PUGH):   Processor topology: 2 x 1 x 1
INFO (PUGH):   Local load: 600   [6 x 10 x 10]
INFO (PUGH):   Maximum load skew: 0.000000
--------------------------------------------------------------------------------
Done.
+ echo Stopping:
Stopping:
+ date
Thu Nov 10 15:59:57 UTC 2022
+ echo Done.
Done.
  Elapsed time: 55.7 s
