/home/runner/simulations/TestJob01_temp_2/output-0000/TEST/sim/BoxInBox
Preparing:
+ set -e
+ cd output-0000-active
+ echo Checking:
Checking:
+ pwd
/home/runner/simulations/TestJob01_temp_2/output-0000/TEST/sim/BoxInBox/output-0000-active
+ hostname
pkrvmq0rgcvqdmg
+ date
Thu Jul 17 21:43:30 UTC 2025
+ echo Environment:
Environment:
+ export CACTUS_NUM_PROCS=2
+ CACTUS_NUM_PROCS=2
+ export CACTUS_NUM_THREADS=1
+ CACTUS_NUM_THREADS=1
+ export GMON_OUT_PREFIX=gmon.out
+ GMON_OUT_PREFIX=gmon.out
+ export OMP_NUM_THREADS=1
+ OMP_NUM_THREADS=1
+ env
+ sort
+ echo Starting:
Starting:
++ date +%s
+ export CACTUS_STARTTIME=1752788610
+ CACTUS_STARTTIME=1752788610
+ '[' 2 = 1 ']'
+ mpirun -np 2 /home/runner/simulations/TestJob01_temp_2/SIMFACTORY/exe/cactus_sim -L 3 /home/runner/simulations/TestJob01_temp_2/output-0000/arrangements/CarpetX/BoxInBox/test/regions3.par
INFO (Cactus): Increased logging level from 0 to 3
--------------------------------------------------------------------------------

       10                                  
  1   0101       ************************  
  01  1010 10      The Cactus Code V4.18.0    
 1010 1101 011      www.cactuscode.org     
  1001 100101    ************************  
    00010101                               
     100011     (c) Copyright The Authors  
      0100      GNU Licensed. No Warranty  
      0101                                 
--------------------------------------------------------------------------------

Cactus version:    4.18.0
Compile date:      Jul 17 2025 (21:26:03)
Run date:          Jul 17 2025 (21:43:31+0000)
Run host:          pkrvmq0rgcvqdmg.ssfzskga0ddeljzi0dcjvzol0f.cx.internal.cloudapp.net (pid=140295)
Working directory: /home/runner/simulations/TestJob01_temp_2/output-0000/TEST/sim/BoxInBox
Executable:        /home/runner/simulations/TestJob01_temp_2/SIMFACTORY/exe/cactus_sim
Parameter file:    /home/runner/simulations/TestJob01_temp_2/output-0000/arrangements/CarpetX/BoxInBox/test/regions3.par
--------------------------------------------------------------------------------

Activating thorn Cactus...Success -> active implementation Cactus
Activation requested for 
--->BoxInBox CarpetX CarpetXRegrid CoordinatesX IOUtil<---
Thorn BoxInBox requests automatic activation of Loop
Thorn CarpetX requests automatic activation of AMReX
Thorn CarpetX requests automatic activation of MPI
Thorn CarpetX requests automatic activation of yaml_cpp
Thorn CarpetX requests automatic activation of zlib
Thorn CarpetX requests automatic activation of Arith
Thorn CarpetX requests automatic activation of ADIOS2
Thorn CarpetX requests automatic activation of openPMD
Thorn CarpetX requests automatic activation of Silo
Thorn ADIOS2 requests automatic activation of CMake
Thorn Arith requests automatic activation of NSIMD
Thorn MPI requests automatic activation of hwloc
Thorn openPMD requests automatic activation of HDF5
Activating thorn ADIOS2...Success -> active implementation ADIOS2
Activating thorn AMReX...Success -> active implementation AMReX
Activating thorn Arith...Success -> active implementation Arith
Activating thorn BoxInBox...Success -> active implementation BoxInBox
Activating thorn CarpetX...Success -> active implementation Driver
Activating thorn CarpetXRegrid...Success -> active implementation CarpetXRegrid
Activating thorn CMake...Success -> active implementation CMake
Activating thorn CoordinatesX...Success -> active implementation CoordinatesX
Activating thorn HDF5...Success -> active implementation HDF5
Activating thorn hwloc...Success -> active implementation hwloc
Activating thorn IOUtil...Success -> active implementation IO
Activating thorn Loop...Success -> active implementation Loop
Activating thorn MPI...Success -> active implementation MPI
Activating thorn NSIMD...Success -> active implementation NSIMD
Activating thorn openPMD...Success -> active implementation openPMD
Activating thorn Silo...Success -> active implementation Silo
Activating thorn yaml_cpp...Success -> active implementation yaml_cpp
Activating thorn zlib...Success -> active implementation zlib
INFO (hwloc): library version 2.10.0, API version 0x20800
--------------------------------------------------------------------------------

  [34m  ▕▏  [34m  ▕▏  [34m  ▕▏  [34m  ▕▏  [34m  ▕▏  [34m  ▕▏  [34m  ▕▏  [34m  ▕▏  [34m  ▕▏  [39m  
  [34m──██──[34m──██──[34m──██──[34m──██──[34m──██──[34m──██──[34m──██──[34m──██──[34m──██──[39m  
  [34m  ▕▏  [34m  ▕▏  [34m  ▕▏  [34m  ▕▏  [34m  ▕▏  [34m  ▕▏  [34m  ▕▏  [34m  ▕▏  [34m  ▕▏  [39m  
  [34m  ▕▏  [32m██████[34m  ▕▏  [34m  ▕▏  [32m██████[34m  ▕▏  [34m  ▕▏  [32m██████[34m  ▕▏  [39m  
  [34m──██──[32m██████[34m──██──[34m──██──[32m██████[34m──██──[34m──██──[32m██████[34m──██──[39m  
  [34m  ▕▏  [32m██████[34m  ▕▏  [34m  ▕▏  [32m██████[34m  ▕▏  [34m  ▕▏  [32m██████[34m  ▕▏  [39m  
  [34m  ▕▏  [34m  ▕▏  [34m  ▕▏  [34m  ▕▏  [34m  ▕▏  [34m  ▕▏  [34m  ▕▏  [34m  ▕▏  [34m  ▕▏  [39m  
  [34m──██──[34m──██──[34m──██──[34m──██──[34m──██──[34m──██──[34m──██──[34m──██──[34m──██──[39m  
  [34m  ▕▏  [34m  ▕▏  [34m  ▕▏  [34m  ▕▏  [34m  ▕▏  [34m  ▕▏  [34m  ▕▏  [34m  ▕▏  [34m  ▕▏  [39m  
  [34m  ▕▏  [34m  ▕▏  [34m  ▕▏  [31m██████[31m██████[31m██████[34m  ▕▏  [34m  ▕▏  [34m  ▕▏  [39m  
  [34m──██──[34m──██──[34m──██──[31m██████[31m██████[31m██████[34m──██──[34m──██──[34m──██──[39m  
  [34m  ▕▏  [34m  ▕▏  [34m  ▕▏  [31m██████[31m██████[31m██████[34m  ▕▏  [34m  ▕▏  [34m  ▕▏  [39m  
  [34m  ▕▏  [32m██████[34m  ▕▏  [31m██████[31m██████[31m██████[34m  ▕▏  [32m██████[34m  ▕▏  [39m  
  [34m──██──[32m██████[34m──██──[31m██████[31m██████[31m██████[34m──██──[32m██████[34m──██──[39m  
  [34m  ▕▏  [32m██████[34m  ▕▏  [31m██████[31m██████[31m██████[34m  ▕▏  [32m██████[34m  ▕▏  [39m  
  [34m  ▕▏  [34m  ▕▏  [34m  ▕▏  [31m██████[31m██████[31m██████[34m  ▕▏  [34m  ▕▏  [34m  ▕▏  [39m  
  [34m──██──[34m──██──[34m──██──[31m██████[31m██████[31m██████[34m──██──[34m──██──[34m──██──[39m  
  [34m  ▕▏  [34m  ▕▏  [34m  ▕▏  [31m██████[31m██████[31m██████[34m  ▕▏  [34m  ▕▏  [34m  ▕▏  [39m  
  [34m  ▕▏  [34m  ▕▏  [34m  ▕▏  [34m  ▕▏  [34m  ▕▏  [34m  ▕▏  [34m  ▕▏  [34m  ▕▏  [34m  ▕▏  [39m  
  [34m──██──[34m──██──[34m──██──[34m──██──[34m──██──[34m──██──[34m──██──[34m──██──[34m──██──[39m  
  [34m  ▕▏  [34m  ▕▏  [34m  ▕▏  [34m  ▕▏  [34m  ▕▏  [34m  ▕▏  [34m  ▕▏  [34m  ▕▏  [34m  ▕▏  [39m  
  [34m  ▕▏  [32m██████[34m  ▕▏  [34m  ▕▏  [32m██████[34m  ▕▏  [34m  ▕▏  [32m██████[34m  ▕▏  [39m  
  [34m──██──[32m██████[34m──██──[34m──██──[32m██████[34m──██──[34m──██──[32m██████[34m──██──[39m  
  [34m  ▕▏  [32m██████[34m  ▕▏  [34m  ▕▏  [32m██████[34m  ▕▏  [34m  ▕▏  [32m██████[34m  ▕▏  [39m  
  [34m  ▕▏  [34m  ▕▏  [34m  ▕▏  [34m  ▕▏  [34m  ▕▏  [34m  ▕▏  [34m  ▕▏  [34m  ▕▏  [34m  ▕▏  [39m  
  [34m──██──[34m──██──[34m──██──[34m──██──[34m──██──[34m──██──[34m──██──[34m──██──[34m──██──[39m  
  [34m  ▕▏  [34m  ▕▏  [34m  ▕▏  [34m  ▕▏  [34m  ▕▏  [34m  ▕▏  [34m  ▕▏  [34m  ▕▏  [34m  ▕▏  [39m  

AMR driver provided by CarpetX,
using AMReX 24.10 (MPI, OpenMP, no accelerators, debug)
--------------------------------------------------------------------------------

Initializing AMReX (24.10)...
MPI initialized with 2 MPI processes
MPI initialized with thread support level 2
OMP initialized with 1 OMP threads
AMReX (24.10) initialized
INFO (CarpetX): 
Symmetries:
  lower x: none
  lower y: none
  lower z: none
  upper x: none
  upper y: none
  upper z: none
Default boundaries:
  lower x: dirichlet
  lower y: dirichlet
  lower z: dirichlet
  upper x: dirichlet
  upper y: dirichlet
  upper z: dirichlet
INFO (Arith): Test_smallvector
INFO (Arith): Test_spvect
INFO (CarpetX): Setting initial values for max_grid_size values for all levels
INFO (CarpetX): Setting up initial conditions...
INFO (CarpetX): Iteration: 0   time: 0   delta_time: 0.015625
INFO (CarpetX): Patch 0:
INFO (CarpetX):   Grid extent:
INFO (CarpetX):     gsh=[67,67,67]
INFO (CarpetX):     blocking_factor=[8,8,8]
INFO (CarpetX):     max_grid_size=[32,32,32]
INFO (CarpetX):     max_tile_size=[1024000,16,32]
INFO (CarpetX):   Domain extent:
INFO (CarpetX):     xmin=[-1,-1,-1]
INFO (CarpetX):     xmax=[1,1,1]
INFO (CarpetX):     base dx=[0.03125,0.03125,0.03125]
INFO (CarpetX): Initializing level 0...
INFO (CarpetX): Regridding...
INFO (CarpetX):   level 0: 8 boxes, 262144 cells (100%)
INFO (CarpetX):   level 1: 12 boxes, 393216 cells (18.75%, 19%)
INFO (CarpetX): Iteration: 0   time: 0   delta_time: 0.0078125
INFO (CarpetX): Initializing level 1...
INFO (CarpetX): Regridding...
INFO (CarpetX):   level 0: 8 boxes, 262144 cells (100%)
INFO (CarpetX):   level 1: 12 boxes, 393216 cells (18.75%, 19%)
INFO (CarpetX):   level 2: 2 boxes, 65536 cells (0.3906%, 2%)
INFO (CarpetX): Iteration: 0   time: 0   delta_time: 0.00390625
INFO (CarpetX): Initializing level 2...
INFO (CarpetX): Regridding...
INFO (CarpetX):   level 0: 8 boxes, 262144 cells (100%)
INFO (CarpetX):   level 1: 12 boxes, 393216 cells (18.75%, 19%)
INFO (CarpetX):   level 2: 2 boxes, 65536 cells (0.3906%, 2%)
INFO (CarpetX): Initialized 3 levels
INFO (CarpetX): OutputGH: iteration 0, time 0.000000, run time 2 s
INFO (CarpetX): OutputGH done.
INFO (CarpetX): Starting evolution...
INFO (CarpetX): Regridding...
INFO (CarpetX): Setting max_grid_size values for all levels before regridding
INFO (CarpetX):   old levels 3, new levels 3
INFO (CarpetX):   level 0: 8 boxes, 262144 cells (100%)
INFO (CarpetX):   level 1: 12 boxes, 393216 cells (18.75%, 19%)
INFO (CarpetX):   level 2: 2 boxes, 65536 cells (0.3906%, 2%)
INFO (CarpetX): OutputGH: iteration 1, time 0.003906, run time 3 s
INFO (CarpetX): OutputGH done.
INFO (CarpetX): Simulation time: 0.00390625   Iterations per second: 1.83512   Simulation time per second: 0.00716846
INFO (CarpetX): Grid cells: 720896   Grid cell updates per second: 1.32293e+06
INFO (CarpetX): Performance:
INFO (CarpetX):   total evolution time:            0.544922 sec
INFO (CarpetX):   total evolution compute time:    0.544893 sec
INFO (CarpetX):   total evolution output time:     2.90871e-05 sec
INFO (CarpetX):   total iterations:                1
INFO (CarpetX):   total cells updated:             720896
INFO (CarpetX):   average iterations per second: 1.83512
INFO (CarpetX):   average cell updates per second: 1.32293e+06
INFO (CarpetX): Regridding...
INFO (CarpetX): Setting max_grid_size values for all levels before regridding
INFO (CarpetX):   old levels 3, new levels 3
INFO (CarpetX):   level 0: 8 boxes, 262144 cells (100%)
INFO (CarpetX):   level 1: 12 boxes, 393216 cells (18.75%, 19%)
INFO (CarpetX):   level 2: 2 boxes, 65536 cells (0.3906%, 2%)
INFO (CarpetX): OutputGH: iteration 2, time 0.007812, run time 3 s
INFO (CarpetX): OutputGH done.
INFO (CarpetX): Simulation time: 0.0078125   Iterations per second: 1.84719   Simulation time per second: 0.00721558
INFO (CarpetX): Grid cells: 720896   Grid cell updates per second: 1.33163e+06
INFO (CarpetX): Performance:
INFO (CarpetX):   total evolution time:            1.08629 sec
INFO (CarpetX):   total evolution compute time:    1.08623 sec
INFO (CarpetX):   total evolution output time:     5.29289e-05 sec
INFO (CarpetX):   total iterations:                2
INFO (CarpetX):   total cells updated:             1.44179e+06
INFO (CarpetX):   average iterations per second: 1.84114
INFO (CarpetX):   average cell updates per second: 1.32727e+06
INFO (CarpetX): Regridding...
INFO (CarpetX): Setting max_grid_size values for all levels before regridding
INFO (CarpetX):   old levels 3, new levels 3
INFO (CarpetX):   level 0: 8 boxes, 262144 cells (100%)
INFO (CarpetX):   level 1: 12 boxes, 393216 cells (18.75%, 19%)
INFO (CarpetX):   level 2: 2 boxes, 65536 cells (0.3906%, 2%)
INFO (CarpetX): OutputGH: iteration 3, time 0.011719, run time 4 s
INFO (CarpetX): OutputGH done.
INFO (CarpetX): Simulation time: 0.0117188   Iterations per second: 1.84643   Simulation time per second: 0.00721263
INFO (CarpetX): Grid cells: 720896   Grid cell updates per second: 1.33109e+06
INFO (CarpetX): Performance:
INFO (CarpetX):   total evolution time:            1.62787 sec
INFO (CarpetX):   total evolution compute time:    1.62779 sec
INFO (CarpetX):   total evolution output time:     8.17776e-05 sec
INFO (CarpetX):   total iterations:                3
INFO (CarpetX):   total cells updated:             2.16269e+06
INFO (CarpetX):   average iterations per second: 1.8429
INFO (CarpetX):   average cell updates per second: 1.32854e+06
INFO (CarpetX): Regridding...
INFO (CarpetX): Setting max_grid_size values for all levels before regridding
INFO (CarpetX):   old levels 3, new levels 3
INFO (CarpetX):   level 0: 8 boxes, 262144 cells (100%)
INFO (CarpetX):   level 1: 12 boxes, 393216 cells (18.75%, 19%)
INFO (CarpetX):   level 2: 2 boxes, 65536 cells (0.3906%, 2%)
INFO (CarpetX): OutputGH: iteration 4, time 0.015625, run time 4 s
INFO (CarpetX): OutputGH done.
INFO (CarpetX): Simulation time: 0.015625   Iterations per second: 1.84259   Simulation time per second: 0.00719764
INFO (CarpetX): Grid cells: 720896   Grid cell updates per second: 1.32832e+06
INFO (CarpetX): Performance:
INFO (CarpetX):   total evolution time:            2.17058 sec
INFO (CarpetX):   total evolution compute time:    2.17047 sec
INFO (CarpetX):   total evolution output time:     0.000109673 sec
INFO (CarpetX):   total iterations:                4
INFO (CarpetX):   total cells updated:             2.88358e+06
INFO (CarpetX):   average iterations per second: 1.84282
INFO (CarpetX):   average cell updates per second: 1.32848e+06
INFO (CarpetX): Regridding...
INFO (CarpetX): Setting max_grid_size values for all levels before regridding
INFO (CarpetX):   old levels 3, new levels 3
INFO (CarpetX):   level 0: 8 boxes, 262144 cells (100%)
INFO (CarpetX):   level 1: 12 boxes, 393216 cells (18.75%, 19%)
INFO (CarpetX):   level 2: 2 boxes, 65536 cells (0.3906%, 2%)
INFO (CarpetX): OutputGH: iteration 5, time 0.019531, run time 5 s
INFO (CarpetX): OutputGH done.
INFO (CarpetX): Simulation time: 0.0195312   Iterations per second: 1.84737   Simulation time per second: 0.00721628
INFO (CarpetX): Grid cells: 720896   Grid cell updates per second: 1.33176e+06
INFO (CarpetX): Performance:
INFO (CarpetX):   total evolution time:            2.71189 sec
INFO (CarpetX):   total evolution compute time:    2.71175 sec
INFO (CarpetX):   total evolution output time:     0.000139713 sec
INFO (CarpetX):   total iterations:                5
INFO (CarpetX):   total cells updated:             3.60448e+06
INFO (CarpetX):   average iterations per second: 1.84373
INFO (CarpetX):   average cell updates per second: 1.32914e+06
INFO (CarpetX): Regridding...
INFO (CarpetX): Setting max_grid_size values for all levels before regridding
INFO (CarpetX):   old levels 3, new levels 3
INFO (CarpetX):   level 0: 8 boxes, 262144 cells (100%)
INFO (CarpetX):   level 1: 12 boxes, 393216 cells (18.75%, 19%)
INFO (CarpetX):   level 2: 2 boxes, 65536 cells (0.3906%, 2%)
INFO (CarpetX): OutputGH: iteration 6, time 0.023438, run time 5 s
INFO (CarpetX): OutputGH done.
INFO (CarpetX): Simulation time: 0.0234375   Iterations per second: 1.84519   Simulation time per second: 0.00720777
INFO (CarpetX): Grid cells: 720896   Grid cell updates per second: 1.33019e+06
INFO (CarpetX): Performance:
INFO (CarpetX):   total evolution time:            3.25384 sec
INFO (CarpetX):   total evolution compute time:    3.25368 sec
INFO (CarpetX):   total evolution output time:     0.000166655 sec
INFO (CarpetX):   total iterations:                6
INFO (CarpetX):   total cells updated:             4.32538e+06
INFO (CarpetX):   average iterations per second: 1.84397
INFO (CarpetX):   average cell updates per second: 1.32931e+06
INFO (CarpetX): Regridding...
INFO (CarpetX): Setting max_grid_size values for all levels before regridding
INFO (CarpetX):   old levels 3, new levels 3
INFO (CarpetX):   level 0: 8 boxes, 262144 cells (100%)
INFO (CarpetX):   level 1: 12 boxes, 393216 cells (18.75%, 19%)
INFO (CarpetX):   level 2: 2 boxes, 65536 cells (0.3906%, 2%)
INFO (CarpetX): OutputGH: iteration 7, time 0.027344, run time 6 s
INFO (CarpetX): OutputGH done.
INFO (CarpetX): Simulation time: 0.0273438   Iterations per second: 1.8475   Simulation time per second: 0.0072168
INFO (CarpetX): Grid cells: 720896   Grid cell updates per second: 1.33186e+06
INFO (CarpetX): Performance:
INFO (CarpetX):   total evolution time:            3.79512 sec
INFO (CarpetX):   total evolution compute time:    3.79492 sec
INFO (CarpetX):   total evolution output time:     0.000199556 sec
INFO (CarpetX):   total iterations:                7
INFO (CarpetX):   total cells updated:             5.04627e+06
INFO (CarpetX):   average iterations per second: 1.84448
INFO (CarpetX):   average cell updates per second: 1.32968e+06
INFO (CarpetX): Regridding...
INFO (CarpetX): Setting max_grid_size values for all levels before regridding
INFO (CarpetX):   old levels 3, new levels 3
INFO (CarpetX):   level 0: 8 boxes, 262144 cells (100%)
INFO (CarpetX):   level 1: 12 boxes, 393216 cells (18.75%, 19%)
INFO (CarpetX):   level 2: 2 boxes, 65536 cells (0.3906%, 2%)
INFO (CarpetX): OutputGH: iteration 8, time 0.031250, run time 6 s
INFO (CarpetX): OutputGH done.
INFO (CarpetX): Simulation time: 0.03125   Iterations per second: 1.84691   Simulation time per second: 0.00721448
INFO (CarpetX): Grid cells: 720896   Grid cell updates per second: 1.33143e+06
INFO (CarpetX): Performance:
INFO (CarpetX):   total evolution time:            4.33656 sec
INFO (CarpetX):   total evolution compute time:    4.33633 sec
INFO (CarpetX):   total evolution output time:     0.000228405 sec
INFO (CarpetX):   total iterations:                8
INFO (CarpetX):   total cells updated:             5.76717e+06
INFO (CarpetX):   average iterations per second: 1.84478
INFO (CarpetX):   average cell updates per second: 1.32989e+06
INFO (CarpetX): Regridding...
INFO (CarpetX): Setting max_grid_size values for all levels before regridding
INFO (CarpetX):   old levels 3, new levels 3
INFO (CarpetX):   level 0: 8 boxes, 262144 cells (100%)
INFO (CarpetX):   level 1: 12 boxes, 393216 cells (18.75%, 19%)
INFO (CarpetX):   level 2: 2 boxes, 65536 cells (0.3906%, 2%)
INFO (CarpetX): OutputGH: iteration 9, time 0.035156, run time 7 s
INFO (CarpetX): OutputGH done.
INFO (CarpetX): Simulation time: 0.0351562   Iterations per second: 1.8488   Simulation time per second: 0.00722188
INFO (CarpetX): Grid cells: 720896   Grid cell updates per second: 1.33279e+06
INFO (CarpetX): Performance:
INFO (CarpetX):   total evolution time:            4.87745 sec
INFO (CarpetX):   total evolution compute time:    4.8772 sec
INFO (CarpetX):   total evolution output time:     0.000257254 sec
INFO (CarpetX):   total iterations:                9
INFO (CarpetX):   total cells updated:             6.48806e+06
INFO (CarpetX):   average iterations per second: 1.84523
INFO (CarpetX):   average cell updates per second: 1.33022e+06
INFO (CarpetX): Regridding...
INFO (CarpetX): Setting max_grid_size values for all levels before regridding
INFO (CarpetX):   old levels 3, new levels 3
INFO (CarpetX):   level 0: 8 boxes, 262144 cells (100%)
INFO (CarpetX):   level 1: 12 boxes, 393216 cells (18.75%, 19%)
INFO (CarpetX):   level 2: 2 boxes, 65536 cells (0.3906%, 2%)
INFO (CarpetX): OutputGH: iteration 10, time 0.039062, run time 8 s
INFO (CarpetX): OutputGH done.
INFO (CarpetX): Simulation time: 0.0390625   Iterations per second: 1.66146   Simulation time per second: 0.00649009
INFO (CarpetX): Grid cells: 720896   Grid cell updates per second: 1.19774e+06
INFO (CarpetX): Performance:
INFO (CarpetX):   total evolution time:            5.47933 sec
INFO (CarpetX):   total evolution compute time:    5.41918 sec
INFO (CarpetX):   total evolution output time:     0.0601492 sec
INFO (CarpetX):   total iterations:                10
INFO (CarpetX):   total cells updated:             7.20896e+06
INFO (CarpetX):   average iterations per second: 1.82504
INFO (CarpetX):   average cell updates per second: 1.31566e+06
INFO (CarpetX): Shutting down...
AMReX (24.10) finalized
--------------------------------------------------------------------------------
Done.
+ echo Stopping:
Stopping:
+ date
Thu Jul 17 21:43:38 UTC 2025
+ echo Done.
Done.
  Elapsed time: 7.5 s
