/home/runner/simulations/TestJob01_temp_1/output-0000/TEST/sim/BoxInBox
Preparing:
+ set -e
+ cd output-0000-active
+ echo Checking:
Checking:
+ pwd
/home/runner/simulations/TestJob01_temp_1/output-0000/TEST/sim/BoxInBox/output-0000-active
+ hostname
fv-az1040-450
+ date
Fri Oct  4 21:46:37 UTC 2024
+ echo Environment:
Environment:
+ export CACTUS_NUM_PROCS=1
+ CACTUS_NUM_PROCS=1
+ export CACTUS_NUM_THREADS=2
+ CACTUS_NUM_THREADS=2
+ export GMON_OUT_PREFIX=gmon.out
+ GMON_OUT_PREFIX=gmon.out
+ export OMP_NUM_THREADS=2
+ OMP_NUM_THREADS=2
+ env
+ sort
+ echo Starting:
Starting:
++ date +%s
+ export CACTUS_STARTTIME=1728078397
+ CACTUS_STARTTIME=1728078397
+ '[' 1 = 1 ']'
+ '[' 0 -eq 0 ']'
+ /home/runner/simulations/TestJob01_temp_1/SIMFACTORY/exe/cactus_sim -L 3 /home/runner/simulations/TestJob01_temp_1/output-0000/arrangements/CarpetX/BoxInBox/test/levels3.par
INFO (Cactus): Increased logging level from 0 to 3
--------------------------------------------------------------------------------

       10                                  
  1   0101       ************************  
  01  1010 10      The Cactus Code V4.16.0    
 1010 1101 011      www.cactuscode.org     
  1001 100101    ************************  
    00010101                               
     100011     (c) Copyright The Authors  
      0100      GNU Licensed. No Warranty  
      0101                                 
--------------------------------------------------------------------------------

Cactus version:    4.16.0
Compile date:      Oct 04 2024 (21:44:42)
Run date:          Oct 04 2024 (21:46:37+0000)
Run host:          fv-az1040-450.0dilqmdz4mhurinb4xzj4l1lvc.bx.internal.cloudapp.net (pid=128124)
Working directory: /home/runner/simulations/TestJob01_temp_1/output-0000/TEST/sim/BoxInBox
Executable:        /home/runner/simulations/TestJob01_temp_1/SIMFACTORY/exe/cactus_sim
Parameter file:    /home/runner/simulations/TestJob01_temp_1/output-0000/arrangements/CarpetX/BoxInBox/test/levels3.par
--------------------------------------------------------------------------------

Activating thorn Cactus...Success -> active implementation Cactus
Activation requested for 
--->BoxInBox CarpetX CoordinatesX IOUtil<---
Thorn BoxInBox requests automatic activation of Loop
Thorn CarpetX requests automatic activation of AMReX
Thorn CarpetX requests automatic activation of MPI
Thorn CarpetX requests automatic activation of yaml_cpp
Thorn CarpetX requests automatic activation of zlib
Thorn CarpetX requests automatic activation of Arith
Thorn CarpetX requests automatic activation of ADIOS2
Thorn CarpetX requests automatic activation of openPMD
Thorn CarpetX requests automatic activation of Silo
Thorn Arith requests automatic activation of NSIMD
Thorn MPI requests automatic activation of hwloc
Thorn openPMD requests automatic activation of HDF5
Activating thorn ADIOS2...Success -> active implementation ADIOS2
Activating thorn AMReX...Success -> active implementation AMReX
Activating thorn Arith...Success -> active implementation Arith
Activating thorn BoxInBox...Success -> active implementation BoxInBox
Activating thorn CarpetX...Success -> active implementation CarpetX
Activating thorn CoordinatesX...Success -> active implementation CoordinatesX
Activating thorn HDF5...Success -> active implementation HDF5
Activating thorn hwloc...Success -> active implementation hwloc
Activating thorn IOUtil...Success -> active implementation IO
Activating thorn Loop...Success -> active implementation Loop
Activating thorn MPI...Success -> active implementation MPI
Activating thorn NSIMD...Success -> active implementation NSIMD
Activating thorn openPMD...Success -> active implementation openPMD
Activating thorn Silo...Success -> active implementation Silo
Activating thorn yaml_cpp...Success -> active implementation yaml_cpp
Activating thorn zlib...Success -> active implementation zlib
INFO (hwloc): library version 2.7.0, API version 0x20500
--------------------------------------------------------------------------------

  [34m  ▕▏  [34m  ▕▏  [34m  ▕▏  [34m  ▕▏  [34m  ▕▏  [34m  ▕▏  [34m  ▕▏  [34m  ▕▏  [34m  ▕▏  [39m  
  [34m──██──[34m──██──[34m──██──[34m──██──[34m──██──[34m──██──[34m──██──[34m──██──[34m──██──[39m  
  [34m  ▕▏  [34m  ▕▏  [34m  ▕▏  [34m  ▕▏  [34m  ▕▏  [34m  ▕▏  [34m  ▕▏  [34m  ▕▏  [34m  ▕▏  [39m  
  [34m  ▕▏  [32m██████[34m  ▕▏  [34m  ▕▏  [32m██████[34m  ▕▏  [34m  ▕▏  [32m██████[34m  ▕▏  [39m  
  [34m──██──[32m██████[34m──██──[34m──██──[32m██████[34m──██──[34m──██──[32m██████[34m──██──[39m  
  [34m  ▕▏  [32m██████[34m  ▕▏  [34m  ▕▏  [32m██████[34m  ▕▏  [34m  ▕▏  [32m██████[34m  ▕▏  [39m  
  [34m  ▕▏  [34m  ▕▏  [34m  ▕▏  [34m  ▕▏  [34m  ▕▏  [34m  ▕▏  [34m  ▕▏  [34m  ▕▏  [34m  ▕▏  [39m  
  [34m──██──[34m──██──[34m──██──[34m──██──[34m──██──[34m──██──[34m──██──[34m──██──[34m──██──[39m  
  [34m  ▕▏  [34m  ▕▏  [34m  ▕▏  [34m  ▕▏  [34m  ▕▏  [34m  ▕▏  [34m  ▕▏  [34m  ▕▏  [34m  ▕▏  [39m  
  [34m  ▕▏  [34m  ▕▏  [34m  ▕▏  [31m██████[31m██████[31m██████[34m  ▕▏  [34m  ▕▏  [34m  ▕▏  [39m  
  [34m──██──[34m──██──[34m──██──[31m██████[31m██████[31m██████[34m──██──[34m──██──[34m──██──[39m  
  [34m  ▕▏  [34m  ▕▏  [34m  ▕▏  [31m██████[31m██████[31m██████[34m  ▕▏  [34m  ▕▏  [34m  ▕▏  [39m  
  [34m  ▕▏  [32m██████[34m  ▕▏  [31m██████[31m██████[31m██████[34m  ▕▏  [32m██████[34m  ▕▏  [39m  
  [34m──██──[32m██████[34m──██──[31m██████[31m██████[31m██████[34m──██──[32m██████[34m──██──[39m  
  [34m  ▕▏  [32m██████[34m  ▕▏  [31m██████[31m██████[31m██████[34m  ▕▏  [32m██████[34m  ▕▏  [39m  
  [34m  ▕▏  [34m  ▕▏  [34m  ▕▏  [31m██████[31m██████[31m██████[34m  ▕▏  [34m  ▕▏  [34m  ▕▏  [39m  
  [34m──██──[34m──██──[34m──██──[31m██████[31m██████[31m██████[34m──██──[34m──██──[34m──██──[39m  
  [34m  ▕▏  [34m  ▕▏  [34m  ▕▏  [31m██████[31m██████[31m██████[34m  ▕▏  [34m  ▕▏  [34m  ▕▏  [39m  
  [34m  ▕▏  [34m  ▕▏  [34m  ▕▏  [34m  ▕▏  [34m  ▕▏  [34m  ▕▏  [34m  ▕▏  [34m  ▕▏  [34m  ▕▏  [39m  
  [34m──██──[34m──██──[34m──██──[34m──██──[34m──██──[34m──██──[34m──██──[34m──██──[34m──██──[39m  
  [34m  ▕▏  [34m  ▕▏  [34m  ▕▏  [34m  ▕▏  [34m  ▕▏  [34m  ▕▏  [34m  ▕▏  [34m  ▕▏  [34m  ▕▏  [39m  
  [34m  ▕▏  [32m██████[34m  ▕▏  [34m  ▕▏  [32m██████[34m  ▕▏  [34m  ▕▏  [32m██████[34m  ▕▏  [39m  
  [34m──██──[32m██████[34m──██──[34m──██──[32m██████[34m──██──[34m──██──[32m██████[34m──██──[39m  
  [34m  ▕▏  [32m██████[34m  ▕▏  [34m  ▕▏  [32m██████[34m  ▕▏  [34m  ▕▏  [32m██████[34m  ▕▏  [39m  
  [34m  ▕▏  [34m  ▕▏  [34m  ▕▏  [34m  ▕▏  [34m  ▕▏  [34m  ▕▏  [34m  ▕▏  [34m  ▕▏  [34m  ▕▏  [39m  
  [34m──██──[34m──██──[34m──██──[34m──██──[34m──██──[34m──██──[34m──██──[34m──██──[34m──██──[39m  
  [34m  ▕▏  [34m  ▕▏  [34m  ▕▏  [34m  ▕▏  [34m  ▕▏  [34m  ▕▏  [34m  ▕▏  [34m  ▕▏  [34m  ▕▏  [39m  

AMR driver provided by CarpetX,
using AMReX 24.05 (MPI, OpenMP, no accelerators, debug)
--------------------------------------------------------------------------------

Initializing AMReX (24.05)...
MPI initialized with 1 MPI processes
MPI initialized with thread support level 2
OMP initialized with 2 OMP threads
AMReX (24.05) initialized
INFO (CarpetX): 
Symmetries:
  lower x: none
  lower y: none
  lower z: none
  upper x: none
  upper y: none
  upper z: none
Default boundaries:
  lower x: dirichlet
  lower y: dirichlet
  lower z: dirichlet
  upper x: dirichlet
  upper y: dirichlet
  upper z: dirichlet
INFO (Arith): Test_smallvector
INFO (Arith): Test_spvect
INFO (CarpetX): Setting initial values for max_grid_size values for all levels
INFO (CarpetX): Setting up initial conditions...
INFO (CarpetX): Iteration: 0   time: 0   delta_time: 0.03125
INFO (CarpetX): Patch 0:
INFO (CarpetX):   Grid extent:
INFO (CarpetX):     gsh=[35,35,35]
INFO (CarpetX):     blocking_factor=[8,8,8]
INFO (CarpetX):     max_grid_size=[32,32,32]
INFO (CarpetX):     max_tile_size=[1024000,16,32]
INFO (CarpetX):   Domain extent:
INFO (CarpetX):     xmin=[-1,-1,-1]
INFO (CarpetX):     xmax=[1,1,1]
INFO (CarpetX):     base dx=[0.0625,0.0625,0.0625]
INFO (CarpetX): Initializing level 0...
INFO (CarpetX): Regridding...
INFO (CarpetX):   level 0: 1 boxes, 32768 cells (100%)
INFO (CarpetX):   level 1: 1 boxes, 32768 cells (12.5%, 12%)
INFO (CarpetX): Iteration: 0   time: 0   delta_time: 0.015625
INFO (CarpetX): Initializing level 1...
INFO (CarpetX): Regridding...
INFO (CarpetX):   level 0: 1 boxes, 32768 cells (100%)
INFO (CarpetX):   level 1: 1 boxes, 32768 cells (12.5%, 12%)
INFO (CarpetX):   level 2: 1 boxes, 32768 cells (1.562%, 12%)
INFO (CarpetX): Iteration: 0   time: 0   delta_time: 0.0078125
INFO (CarpetX): Initializing level 2...
INFO (CarpetX): Regridding...
INFO (CarpetX):   level 0: 1 boxes, 32768 cells (100%)
INFO (CarpetX):   level 1: 1 boxes, 32768 cells (12.5%, 12%)
INFO (CarpetX):   level 2: 1 boxes, 32768 cells (1.562%, 12%)
INFO (CarpetX): Initialized 3 levels
INFO (CarpetX): OutputGH: iteration 0, time 0.000000, run time 0 s
INFO (CarpetX): OutputADIOS2...
INFO (CarpetX): OutputGH done.
INFO (CarpetX): Starting evolution...
INFO (CarpetX): Regridding...
INFO (CarpetX): Setting max_grid_size values for all levels before regridding
INFO (CarpetX):   old levels 3, new levels 3
INFO (CarpetX):   level 0: 1 boxes, 32768 cells (100%)
INFO (CarpetX):   level 1: 1 boxes, 32768 cells (12.5%, 12%)
INFO (CarpetX):   level 2: 1 boxes, 32768 cells (1.562%, 12%)
INFO (CarpetX): OutputGH: iteration 1, time 0.007812, run time 0 s
INFO (CarpetX): OutputGH done.
INFO (CarpetX): Simulation time: 0.0078125   Iterations per second: 99.8192   Simulation time per second: 0.779838
INFO (CarpetX): Grid cells: 98304   Grid cell updates per second: 9.81263e+06
INFO (CarpetX): Performance:
INFO (CarpetX):   total evolution time:            0.0100181 sec
INFO (CarpetX):   total evolution compute time:    0.0100131 sec
INFO (CarpetX):   total evolution output time:     5.00679e-06 sec
INFO (CarpetX):   total iterations:                1
INFO (CarpetX):   total cells updated:             98304
INFO (CarpetX):   average iterations per second: 99.8192
INFO (CarpetX):   average cell updates per second: 9.81263e+06
INFO (CarpetX): Regridding...
INFO (CarpetX): Setting max_grid_size values for all levels before regridding
INFO (CarpetX):   old levels 3, new levels 3
INFO (CarpetX):   level 0: 1 boxes, 32768 cells (100%)
INFO (CarpetX):   level 1: 1 boxes, 32768 cells (12.5%, 12%)
INFO (CarpetX):   level 2: 1 boxes, 32768 cells (1.562%, 12%)
INFO (CarpetX): OutputGH: iteration 2, time 0.015625, run time 1 s
INFO (CarpetX): OutputGH done.
INFO (CarpetX): Simulation time: 0.015625   Iterations per second: 100.139   Simulation time per second: 0.782333
INFO (CarpetX): Grid cells: 98304   Grid cell updates per second: 9.84402e+06
INFO (CarpetX): Performance:
INFO (CarpetX):   total evolution time:            0.0200043 sec
INFO (CarpetX):   total evolution compute time:    0.0199943 sec
INFO (CarpetX):   total evolution output time:     1.00136e-05 sec
INFO (CarpetX):   total iterations:                2
INFO (CarpetX):   total cells updated:             196608
INFO (CarpetX):   average iterations per second: 99.9786
INFO (CarpetX):   average cell updates per second: 9.8283e+06
INFO (CarpetX): Regridding...
INFO (CarpetX): Setting max_grid_size values for all levels before regridding
INFO (CarpetX):   old levels 3, new levels 3
INFO (CarpetX):   level 0: 1 boxes, 32768 cells (100%)
INFO (CarpetX):   level 1: 1 boxes, 32768 cells (12.5%, 12%)
INFO (CarpetX):   level 2: 1 boxes, 32768 cells (1.562%, 12%)
INFO (CarpetX): OutputGH: iteration 3, time 0.023438, run time 1 s
INFO (CarpetX): OutputGH done.
INFO (CarpetX): Simulation time: 0.0234375   Iterations per second: 100.088   Simulation time per second: 0.781941
INFO (CarpetX): Grid cells: 98304   Grid cell updates per second: 9.83909e+06
INFO (CarpetX): Performance:
INFO (CarpetX):   total evolution time:            0.0299954 sec
INFO (CarpetX):   total evolution compute time:    0.0299814 sec
INFO (CarpetX):   total evolution output time:     1.40667e-05 sec
INFO (CarpetX):   total iterations:                3
INFO (CarpetX):   total cells updated:             294912
INFO (CarpetX):   average iterations per second: 100.015
INFO (CarpetX):   average cell updates per second: 9.83189e+06
INFO (CarpetX): Regridding...
INFO (CarpetX): Setting max_grid_size values for all levels before regridding
INFO (CarpetX):   old levels 3, new levels 3
INFO (CarpetX):   level 0: 1 boxes, 32768 cells (100%)
INFO (CarpetX):   level 1: 1 boxes, 32768 cells (12.5%, 12%)
INFO (CarpetX):   level 2: 1 boxes, 32768 cells (1.562%, 12%)
INFO (CarpetX): OutputGH: iteration 4, time 0.031250, run time 1 s
INFO (CarpetX): OutputGH done.
INFO (CarpetX): Simulation time: 0.03125   Iterations per second: 99.9501   Simulation time per second: 0.78086
INFO (CarpetX): Grid cells: 98304   Grid cell updates per second: 9.82549e+06
INFO (CarpetX): Performance:
INFO (CarpetX):   total evolution time:            0.0400004 sec
INFO (CarpetX):   total evolution compute time:    0.0399823 sec
INFO (CarpetX):   total evolution output time:     1.81198e-05 sec
INFO (CarpetX):   total iterations:                4
INFO (CarpetX):   total cells updated:             393216
INFO (CarpetX):   average iterations per second: 99.9989
INFO (CarpetX):   average cell updates per second: 9.83029e+06
INFO (CarpetX): Regridding...
INFO (CarpetX): Setting max_grid_size values for all levels before regridding
INFO (CarpetX):   old levels 3, new levels 3
INFO (CarpetX):   level 0: 1 boxes, 32768 cells (100%)
INFO (CarpetX):   level 1: 1 boxes, 32768 cells (12.5%, 12%)
INFO (CarpetX):   level 2: 1 boxes, 32768 cells (1.562%, 12%)
INFO (CarpetX): OutputGH: iteration 5, time 0.039062, run time 1 s
INFO (CarpetX): OutputGH done.
INFO (CarpetX): Simulation time: 0.0390625   Iterations per second: 99.9405   Simulation time per second: 0.780785
INFO (CarpetX): Grid cells: 98304   Grid cell updates per second: 9.82455e+06
INFO (CarpetX): Performance:
INFO (CarpetX):   total evolution time:            0.0500064 sec
INFO (CarpetX):   total evolution compute time:    0.0499842 sec
INFO (CarpetX):   total evolution output time:     2.21729e-05 sec
INFO (CarpetX):   total iterations:                5
INFO (CarpetX):   total cells updated:             491520
INFO (CarpetX):   average iterations per second: 99.9872
INFO (CarpetX):   average cell updates per second: 9.82914e+06
INFO (CarpetX): Regridding...
INFO (CarpetX): Setting max_grid_size values for all levels before regridding
INFO (CarpetX):   old levels 3, new levels 3
INFO (CarpetX):   level 0: 1 boxes, 32768 cells (100%)
INFO (CarpetX):   level 1: 1 boxes, 32768 cells (12.5%, 12%)
INFO (CarpetX):   level 2: 1 boxes, 32768 cells (1.562%, 12%)
INFO (CarpetX): OutputGH: iteration 6, time 0.046875, run time 1 s
INFO (CarpetX): OutputGH done.
INFO (CarpetX): Simulation time: 0.046875   Iterations per second: 100.088   Simulation time per second: 0.781941
INFO (CarpetX): Grid cells: 98304   Grid cell updates per second: 9.83909e+06
INFO (CarpetX): Performance:
INFO (CarpetX):   total evolution time:            0.0599976 sec
INFO (CarpetX):   total evolution compute time:    0.0599713 sec
INFO (CarpetX):   total evolution output time:     2.6226e-05 sec
INFO (CarpetX):   total iterations:                6
INFO (CarpetX):   total cells updated:             589824
INFO (CarpetX):   average iterations per second: 100.004
INFO (CarpetX):   average cell updates per second: 9.8308e+06
INFO (CarpetX): Regridding...
INFO (CarpetX): Setting max_grid_size values for all levels before regridding
INFO (CarpetX):   old levels 3, new levels 3
INFO (CarpetX):   level 0: 1 boxes, 32768 cells (100%)
INFO (CarpetX):   level 1: 1 boxes, 32768 cells (12.5%, 12%)
INFO (CarpetX):   level 2: 1 boxes, 32768 cells (1.562%, 12%)
INFO (CarpetX): OutputGH: iteration 7, time 0.054688, run time 1 s
INFO (CarpetX): OutputGH done.
INFO (CarpetX): Simulation time: 0.0546875   Iterations per second: 99.4925   Simulation time per second: 0.777285
INFO (CarpetX): Grid cells: 98304   Grid cell updates per second: 9.78051e+06
INFO (CarpetX): Performance:
INFO (CarpetX):   total evolution time:            0.0700486 sec
INFO (CarpetX):   total evolution compute time:    0.0700173 sec
INFO (CarpetX):   total evolution output time:     3.12328e-05 sec
INFO (CarpetX):   total iterations:                7
INFO (CarpetX):   total cells updated:             688128
INFO (CarpetX):   average iterations per second: 99.9307
INFO (CarpetX):   average cell updates per second: 9.82358e+06
INFO (CarpetX): Regridding...
INFO (CarpetX): Setting max_grid_size values for all levels before regridding
INFO (CarpetX):   old levels 3, new levels 3
INFO (CarpetX):   level 0: 1 boxes, 32768 cells (100%)
INFO (CarpetX):   level 1: 1 boxes, 32768 cells (12.5%, 12%)
INFO (CarpetX):   level 2: 1 boxes, 32768 cells (1.562%, 12%)
INFO (CarpetX): OutputGH: iteration 8, time 0.062500, run time 1 s
INFO (CarpetX): OutputGH done.
INFO (CarpetX): Simulation time: 0.0625   Iterations per second: 98.9993   Simulation time per second: 0.773432
INFO (CarpetX): Grid cells: 98304   Grid cell updates per second: 9.73203e+06
INFO (CarpetX): Performance:
INFO (CarpetX):   total evolution time:            0.0801497 sec
INFO (CarpetX):   total evolution compute time:    0.0801113 sec
INFO (CarpetX):   total evolution output time:     3.83854e-05 sec
INFO (CarpetX):   total iterations:                8
INFO (CarpetX):   total cells updated:             786432
INFO (CarpetX):   average iterations per second: 99.8133
INFO (CarpetX):   average cell updates per second: 9.81205e+06
INFO (CarpetX): Regridding...
INFO (CarpetX): Setting max_grid_size values for all levels before regridding
INFO (CarpetX):   old levels 3, new levels 3
INFO (CarpetX):   level 0: 1 boxes, 32768 cells (100%)
INFO (CarpetX):   level 1: 1 boxes, 32768 cells (12.5%, 12%)
INFO (CarpetX):   level 2: 1 boxes, 32768 cells (1.562%, 12%)
INFO (CarpetX): OutputGH: iteration 9, time 0.070312, run time 1 s
INFO (CarpetX): OutputGH done.
INFO (CarpetX): Simulation time: 0.0703125   Iterations per second: 99.6224   Simulation time per second: 0.7783
INFO (CarpetX): Grid cells: 98304   Grid cell updates per second: 9.79328e+06
INFO (CarpetX): Performance:
INFO (CarpetX):   total evolution time:            0.0901875 sec
INFO (CarpetX):   total evolution compute time:    0.0901442 sec
INFO (CarpetX):   total evolution output time:     4.33922e-05 sec
INFO (CarpetX):   total iterations:                9
INFO (CarpetX):   total cells updated:             884736
INFO (CarpetX):   average iterations per second: 99.792
INFO (CarpetX):   average cell updates per second: 9.80996e+06
INFO (CarpetX): Regridding...
INFO (CarpetX): Setting max_grid_size values for all levels before regridding
INFO (CarpetX):   old levels 3, new levels 3
INFO (CarpetX):   level 0: 1 boxes, 32768 cells (100%)
INFO (CarpetX):   level 1: 1 boxes, 32768 cells (12.5%, 12%)
INFO (CarpetX):   level 2: 1 boxes, 32768 cells (1.562%, 12%)
INFO (CarpetX): OutputGH: iteration 10, time 0.078125, run time 1 s
INFO (CarpetX): OutputADIOS2...
INFO (CarpetX): OutputGH done.
INFO (CarpetX): Simulation time: 0.078125   Iterations per second: 41.813   Simulation time per second: 0.326664
INFO (CarpetX): Grid cells: 98304   Grid cell updates per second: 4.11039e+06
INFO (CarpetX): Performance:
INFO (CarpetX):   total evolution time:            0.114104 sec
INFO (CarpetX):   total evolution compute time:    0.100127 sec
INFO (CarpetX):   total evolution output time:     0.0139763 sec
INFO (CarpetX):   total iterations:                10
INFO (CarpetX):   total cells updated:             983040
INFO (CarpetX):   average iterations per second: 87.6397
INFO (CarpetX):   average cell updates per second: 8.61533e+06
INFO (CarpetX): Shutting down...
AMReX (24.05) finalized
--------------------------------------------------------------------------------
Done.
+ echo Stopping:
Stopping:
+ date
Fri Oct  4 21:46:38 UTC 2024
+ echo Done.
Done.
  Elapsed time: 0.9 s
