/home/runner/simulations/TestJob01_temp_2/output-0000/TEST/sim/MemSpeed
Preparing:
+ set -e
+ cd output-0000-active
+ echo Checking:
Checking:
+ pwd
/home/runner/simulations/TestJob01_temp_2/output-0000/TEST/sim/MemSpeed/output-0000-active
+ hostname
fv-az251-464
+ date
Fri Jul 28 17:00:23 UTC 2023
+ echo Environment:
Environment:
+ export CACTUS_NUM_PROCS=2
+ CACTUS_NUM_PROCS=2
+ export CACTUS_NUM_THREADS=1
+ CACTUS_NUM_THREADS=1
+ export GMON_OUT_PREFIX=gmon.out
+ GMON_OUT_PREFIX=gmon.out
+ export OMP_NUM_THREADS=1
+ OMP_NUM_THREADS=1
+ env
+ sort
+ echo Starting:
Starting:
++ date +%s
+ export CACTUS_STARTTIME=1690563623
+ CACTUS_STARTTIME=1690563623
+ '[' 2 = 1 ']'
+ mpirun -np 2 /home/runner/simulations/TestJob01_temp_2/SIMFACTORY/exe/cactus_sim -L 3 /home/runner/simulations/TestJob01_temp_2/output-0000/arrangements/CactusUtils/MemSpeed/test/memspeed.par
INFO (Cactus): Increased logging level from 0 to 3
--------------------------------------------------------------------------------

       10                                  
  1   0101       ************************  
  01  1010 10      The Cactus Code V4.14.0    
 1010 1101 011      www.cactuscode.org     
  1001 100101    ************************  
    00010101                               
     100011     (c) Copyright The Authors  
      0100      GNU Licensed. No Warranty  
      0101                                 
--------------------------------------------------------------------------------

Cactus version:    4.14.0
Compile date:      Jul 28 2023 (16:34:06)
Run date:          Jul 28 2023 (17:00:24+0000)
Run host:          fv-az251-464.mxawqghed13elcrenaof0mmu1b.bx.internal.cloudapp.net (pid=108098)
Working directory: /home/runner/simulations/TestJob01_temp_2/output-0000/TEST/sim/MemSpeed
Executable:        /home/runner/simulations/TestJob01_temp_2/SIMFACTORY/exe/cactus_sim
Parameter file:    /home/runner/simulations/TestJob01_temp_2/output-0000/arrangements/CactusUtils/MemSpeed/test/memspeed.par
--------------------------------------------------------------------------------

Activating thorn Cactus...Success -> active implementation Cactus
Activation requested for 
--->hwloc MemSpeed SystemTopology CartGrid3D CoordBase IOASCII IOUtil PUGH PUGHSlab<---
Thorn hwloc requests automatic activation of zlib
Thorn MemSpeed requests automatic activation of Vectors
Thorn MemSpeed requests automatic activation of MPI
Activating thorn CartGrid3D...Success -> active implementation grid
Activating thorn CoordBase...Success -> active implementation CoordBase
Activating thorn hwloc...Success -> active implementation hwloc
Activating thorn IOASCII...Success -> active implementation IOASCII
Activating thorn IOUtil...Success -> active implementation IO
Activating thorn MemSpeed...Success -> active implementation MemSpeed
Activating thorn MPI...Success -> active implementation MPI
Activating thorn PUGH...Success -> active implementation Driver
Activating thorn PUGHSlab...Success -> active implementation Hyperslab
Activating thorn SystemTopology...Success -> active implementation SystemTopology
Activating thorn Vectors...Success -> active implementation Vectors
Activating thorn zlib...Success -> active implementation zlib
--------------------------------------------------------------------------------
  if (recover initial data)
    Recover parameters
  endif

  Startup routines
    [CCTK_STARTUP]
      CartGrid3D::SymmetryStartup: Register GH Extension for GridSymmetry
      CoordBase::CoordBase_Startup: Register a GH extension to store the coordinate system handles
      GROUP hwloc_startup: hwloc startup group
        hwloc::hwloc_version: Output hwloc version
      SystemTopology::ST_system_topology: Output and/or modify system topology and hardware locality
      PUGH::Driver_Startup: Startup routine
      PUGH::PUGH_RegisterPUGHP2LRoutines: Register Physical to Logical process mapping routines
      PUGH::PUGH_RegisterPUGHTopologyRoutines: Register topology generation routines routines
      IOUtil::IOUtil_Startup: Startup routine
      Vectors::Vectors_Startup: Print startup message
      IOASCII::IOASCII_Startup: Startup routine

  Startup routines which need an existing grid hierarchy
    [CCTK_WRAGH]
      CartGrid3D::RegisterCartGrid3DCoords: [meta] Register coordinates for the Cartesian grid
      MemSpeed::MemSpeed_MeasureSpeed: [meta] Measure CPU, memory, cache speeds
  Parameter checking routines
    [CCTK_PARAMCHECK]
      CartGrid3D::ParamCheck_CartGrid3D: Check coordinates for CartGrid3D
      Vectors::Vectors_Test: Run correctness tests.

  Initialisation
    if (NOT (recover initial data AND recovery_mode is 'strict'))
      [CCTK_PREREGRIDINITIAL]
      Set up grid hierarchy
      [CCTK_POSTREGRIDINITIAL]
        CartGrid3D::SpatialCoordinates: Set Coordinates after regridding
      [CCTK_BASEGRID]
        CartGrid3D::SpatialSpacings: Set up ranges for spatial 3D Cartesian coordinates (on all grids)
        CartGrid3D::SpatialCoordinates: Set up spatial 3D Cartesian coordinates on the GH
        IOASCII::IOASCII_Choose1D: Choose 1D output lines
        IOASCII::IOASCII_Choose2D: Choose 2D output planes
        PUGH::PUGH_Report: Report on PUGH set up
      [CCTK_INITIAL]
      [CCTK_POSTINITIAL]
      Initialise finer grids recursively
      Restrict from finer grids
      [CCTK_POSTRESTRICTINITIAL]
      [CCTK_POSTPOSTINITIAL]
      [CCTK_POSTSTEP]
    endif
    if (recover initial data)
      [CCTK_BASEGRID]
        CartGrid3D::SpatialSpacings: Set up ranges for spatial 3D Cartesian coordinates (on all grids)
        CartGrid3D::SpatialCoordinates: Set up spatial 3D Cartesian coordinates on the GH
        IOASCII::IOASCII_Choose1D: Choose 1D output lines
        IOASCII::IOASCII_Choose2D: Choose 2D output planes
        PUGH::PUGH_Report: Report on PUGH set up
      [CCTK_RECOVER_VARIABLES]
      [CCTK_POST_RECOVER_VARIABLES]
    endif
    if (checkpoint initial data)
      [CCTK_CPINITIAL]
    endif
    if (analysis)
      [CCTK_ANALYSIS]
  endif
  Output grid variables

  do loop over timesteps
    [CCTK_PREREGRID]
    Change grid hierarchy
    [CCTK_POSTREGRID]
      CartGrid3D::SpatialCoordinates: Set Coordinates after regridding
    Rotate timelevels
    iteration = iteration+1
    t = t+dt
    [CCTK_PRESTEP]
    [CCTK_EVOL]
    Evolve finer grids recursively
    Restrict from finer grids
    [CCTK_POSTRESTRICT]
    [CCTK_POSTSTEP]
    if (checkpoint)
      [CCTK_CHECKPOINT]
    endif
    if (analysis)
      [CCTK_ANALYSIS]
    endif
    Output grid variables
    enddo

  Termination routines
    [CCTK_TERMINATE]
      PUGH::Driver_Terminate: Termination routine

  Shutdown routines
    [CCTK_SHUTDOWN]

  Routines run after changing the grid hierarchy:
    [CCTK_POSTREGRID]
      CartGrid3D::SpatialCoordinates: Set Coordinates after regridding
--------------------------------------------------------------------------------
INFO (hwloc): library version 2.7.0, API version 0x20500
INFO (SystemTopology): MPI process-to-host mapping:
This is MPI process 0 of 2
MPI hosts:
  0: fv-az251-464
This MPI process runs on host 0 of 1
On this host, this is MPI process 0 of 2
INFO (SystemTopology): Topology support:
Discovery support:
  discovery->pu                            : yes
CPU binding support:
  cpubind->set_thisproc_cpubind            : yes
  cpubind->get_thisproc_cpubind            : yes
  cpubind->set_proc_cpubind                : yes
  cpubind->get_proc_cpubind                : yes
  cpubind->set_thisthread_cpubind          : yes
  cpubind->get_thisthread_cpubind          : yes
  cpubind->set_thread_cpubind              : yes
  cpubind->get_thread_cpubind              : yes
  cpubind->get_thisproc_last_cpu_location  : yes
  cpubind->get_proc_last_cpu_location      : yes
  cpubind->get_thisthread_last_cpu_location: yes
Memory binding support:
  membind->set_thisproc_membind            : no
  membind->get_thisproc_membind            : no
  membind->set_proc_membind                : no
  membind->get_proc_membind                : no
  membind->set_thisthread_membind          : yes
  membind->get_thisthread_membind          : yes
  membind->set_area_membind                : yes
  membind->get_area_membind                : yes
  membind->alloc_membind                   : yes
  membind->firsttouch_membind              : yes
  membind->bind_membind                    : yes
  membind->interleave_membind              : yes
  membind->nexttouch_membind               : no
  membind->migrate_membind                 : yes
INFO (SystemTopology): Hardware objects in this node:
Machine L#0: (P#0, total=7098320KB, DMIProductName="Virtual Machine", DMIProductVersion=7.0, DMIProductUUID=88a073c8-1427-844f-b886-ed1c26c60440, DMIBoardVendor="Microsoft Corporation", DMIBoardName="Virtual Machine", DMIBoardVersion=7.0, DMIChassisVendor="Microsoft Corporation", DMIChassisType=3, DMIChassisVersion=7.0, DMIChassisAssetTag=7783-7084-3265-9085-8269-3286-77, DMIBIOSVendor="American Megatrends Inc.", DMIBIOSVersion="090008 ", DMIBIOSDate=12/07/2018, DMISysVendor="Microsoft Corporation", Backend=Linux, LinuxCgroup=/system.slice/runner-provisioner.service, OSName=Linux, OSRelease=5.15.0-1041-azure, OSVersion="#48-Ubuntu SMP Tue Jun 20 20:34:08 UTC 2023", HostName=fv-az251-464, Architecture=x86_64, hwlocVersion=2.7.0, ProcessName=cactus_sim)
  Package L#0: (P#0, total=7098320KB, CPUVendor=GenuineIntel, CPUFamilyNumber=6, CPUModelNumber=85, CPUModel="Intel(R) Xeon(R) Platinum 8272CL CPU @ 2.60GHz", CPUStepping=7)
    L3Cache L#0: (P#0, size=36608KB, linesize=64, ways=11, Inclusive=0)
      L2Cache L#0: (P#0, size=1024KB, linesize=64, ways=16, Inclusive=0)
        L1dCache L#0: (P#0, size=32KB, linesize=64, ways=8, Inclusive=0)
          Core L#0: (P#0)
            PU L#0: (P#0)
      L2Cache L#1: (P#1, size=1024KB, linesize=64, ways=16, Inclusive=0)
        L1dCache L#1: (P#1, size=32KB, linesize=64, ways=8, Inclusive=0)
          Core L#1: (P#1)
            PU L#1: (P#1)
INFO (SystemTopology): Thread CPU bindings:
  MPI process 0 on host 0 (process 0 of 2 on this host)
    OpenMP thread 0: PU set L#{0} P#{0}
  MPI process 1 on host 0 (process 1 of 2 on this host)
    OpenMP thread 0: PU set L#{1} P#{1}
INFO (SystemTopology): Setting thread CPU bindings:
INFO (SystemTopology): Thread CPU bindings:
  MPI process 0 on host 0 (process 0 of 2 on this host)
    OpenMP thread 0: PU set L#{0} P#{0}
  MPI process 1 on host 0 (process 1 of 2 on this host)
    OpenMP thread 0: PU set L#{1} P#{1}
INFO (SystemTopology): Extracting CPU/cache/memory properties:
  There are 1 PUs per core (aka hardware SMT threads)
  There are 1 threads per core (aka SMT threads used)
  Cache (unknown name) has type "data" depth 1
    size 32768 linesize 64 associativity 8 stride 4096, for 1 PUs
  Cache (unknown name) has type "unified" depth 2
    size 1048576 linesize 64 associativity 16 stride 65536, for 1 PUs
  Cache (unknown name) has type "unified" depth 3
    size 37486592 linesize 64 associativity 11 stride 3407872, for 2 PUs
INFO (PUGH): Using physical to logical mappings: direct
INFO (PUGH): Using topology generator: automatic
INFO (Vectors): Using vector size 2 for architecture SSE2 (64-bit precision)
--------------------------------------------------------------------------------
Driver provided by PUGH
--------------------------------------------------------------------------------

INFO (PUGH): Not setting up a topology for 1 dimensions
INFO (PUGH): Not setting up a topology for 2 dimensions
INFO (PUGH): Setting up a topology for 3 dimensions
INFO (IOASCII): I/O Method 'IOASCII_1D' registered: output of 1D lines of grid functions/arrays to ASCII files
INFO (IOASCII): Periodic 1D output every 1 iterations
INFO (IOASCII): Periodic 1D output requested for 'GRID::r'
INFO (IOASCII): I/O Method 'IOASCII_2D' registered: output of 2D planes of grid functions/arrays to ASCII files
INFO (IOASCII): Periodic 2D output turned off
INFO (IOASCII): I/O Method 'IOASCII_3D' registered: output of 3D grid functions/arrays to ASCII files
INFO (IOASCII): Periodic 3D output turned off
INFO (MemSpeed): Measuring CPU, cache, memory, and communication speeds:
  Single-core measurements (using 1 MPI processes with 1 OpenMP threads each):
    CPU frequency:
      iterations=1000000... time=0.00135334 sec
      iterations=10000000... time=0.0134994 sec
      iterations=100000000... time=0.13424 sec
      iterations=800000000... time=1.07333 sec
      iterations=800000000... time=1.07376 sec
      result: -3745.21 GHz
    CPU floating point performance:
      iterations=1000000... time=0.00300228 sec
      iterations=10000000... time=0.0298783 sec
      iterations=100000000... time=0.299267 sec
      iterations=400000000... time=1.20256 sec
      result: 10.6439 Gflop/sec
    CPU integer performance:
      iterations=1000000... time=0.00182765 sec
      iterations=10000000... time=0.0184504 sec
      iterations=100000000... time=0.184511 sec
      iterations=600000000... time=1.10919 sec
      result: 8.65495 Giop/sec
    Read latency of D1 cache (for 1 PUs) (using 1*24576 bytes):
      iterations=1000... time=0.000135003 sec
      iterations=10000... time=0.00133734 sec
      iterations=100000... time=0.0134034 sec
      iterations=1000000... time=0.134047 sec
      iterations=8000000... time=1.07293 sec
      result: 1.34116 nsec
    Read latency of L2 cache (for 1 PUs) (using 1*786432 bytes):
      iterations=1000... time=0.000578515 sec
      iterations=10000... time=0.00513744 sec
      iterations=100000... time=0.0508089 sec
      iterations=1000000... time=0.508225 sec
      iterations=2000000... time=1.01625 sec
      result: 5.08124 nsec
    Read latency of L3 cache (for 2 PUs) (using 1*28114944 bytes):
      [skipped -- avoiding large-memory benchmarks]
    Read bandwidth of D1 cache (for 1 PUs) (using 1*24576 bytes):
      iterations=1... time=1e-06 sec
      iterations=10... time=3.401e-06 sec
      iterations=100... time=3.1301e-05 sec
      iterations=1000... time=0.000322609 sec
      iterations=10000... time=0.00309908 sec
      iterations=100000... time=0.0310659 sec
      iterations=1000000... time=0.310626 sec
      iterations=4000000... time=1.2446 sec
      result: 78.9844 GByte/sec
    Read bandwidth of L2 cache (for 1 PUs) (using 1*786432 bytes):
      iterations=1... time=3.4001e-05 sec
      iterations=10... time=0.000165005 sec
      iterations=100... time=0.00157644 sec
      iterations=1000... time=0.0161505 sec
      iterations=10000... time=0.157087 sec
      iterations=70000... time=1.08933 sec
      result: 50.5359 GByte/sec
    Read bandwidth of L3 cache (for 2 PUs) (using 1*28114944 bytes):
      [skipped -- avoiding large-memory benchmarks]
    Write latency of D1 cache (for 1 PUs) (using 1*24576 bytes):
      iterations=1000... time=3.2e-06 sec
      iterations=10000... time=2.71e-05 sec
      iterations=100000... time=0.000279507 sec
      iterations=1000000... time=0.00268387 sec
      iterations=10000000... time=0.0267988 sec
      iterations=100000000... time=0.268028 sec
      iterations=400000000... time=1.07331 sec
      result: 0.335408 nsec
    Write latency of L2 cache (for 1 PUs) (using 1*786432 bytes):
      iterations=1000... time=3.06e-05 sec
      iterations=10000... time=0.000151504 sec
      iterations=100000... time=0.00145224 sec
      iterations=1000000... time=0.0143409 sec
      iterations=10000000... time=0.143383 sec
      iterations=80000000... time=1.14468 sec
      result: 1.78857 nsec
    Write latency of L3 cache (for 2 PUs) (using 1*28114944 bytes):
      [skipped -- avoiding large-memory benchmarks]
    Write bandwidth of D1 cache (for 1 PUs) (using 1*24576 bytes):
      iterations=1... time=6e-07 sec
      iterations=10... time=2e-06 sec
      iterations=100... time=1.58e-05 sec
      iterations=1000... time=0.000154304 sec
      iterations=10000... time=0.00154144 sec
      iterations=100000... time=0.0154692 sec
      iterations=1000000... time=0.154649 sec
      iterations=7000000... time=1.08758 sec
      result: 158.179 GByte/sec
    Write bandwidth of L2 cache (for 1 PUs) (using 1*786432 bytes):
      iterations=1... time=3.4501e-05 sec
      iterations=10... time=0.000310008 sec
      iterations=100... time=0.00306098 sec
      iterations=1000... time=0.0278303 sec
      iterations=10000... time=0.198919 sec
      iterations=60000... time=1.01109 sec
      result: 46.6684 GByte/sec
    Write bandwidth of L3 cache (for 2 PUs) (using 1*28114944 bytes):
      [skipped -- avoiding large-memory benchmarks]
    Stencil code performance of D1 cache (for 1 PUs) (using 1*12^3 grid points, 1*27648 bytes):
      iterations=1... time=1.61e-05 sec
      iterations=10... time=0.000229106 sec
      iterations=100... time=0.00228776 sec
      iterations=1000... time=0.0228128 sec
      iterations=10000... time=0.230542 sec
      iterations=50000... time=1.1465 sec
      result: 0.0753596 Gupdates/sec
    Stencil code performance of L2 cache (for 1 PUs) (using 1*37^3 grid points, 1*810448 bytes):
      iterations=1... time=0.000194805 sec
      iterations=10... time=0.00177335 sec
      iterations=100... time=0.017671 sec
      iterations=1000... time=0.176176 sec
      iterations=6000... time=1.06024 sec
      result: 0.28665 Gupdates/sec
    Stencil code performance of L3 cache (for 2 PUs) (using 1*121^3 grid points, 1*28344976 bytes):
      iterations=1... time=0.00425211 sec
      iterations=10... time=0.0422562 sec
      iterations=100... time=0.430956 sec
      iterations=300... time=1.36453 sec
      result: 0.389488 Gupdates/sec
  Single-node measurements (using 2 MPI processes with 1 OpenMP threads each):
    CPU frequency:
      iterations=1000000... time=0.00138849 sec
      iterations=10000000... time=0.0134377 sec
      iterations=100000000... time=0.135741 sec
      iterations=800000000... time=1.07917 sec
      iterations=800000000... time=1.07899 sec
      result: 8795.12 GHz
    CPU floating point performance:
      iterations=1000000... time=0.00299653 sec
      iterations=10000000... time=0.029863 sec
      iterations=100000000... time=0.298885 sec
      iterations=400000000... time=1.19972 sec
      result: 10.6692 Gflop/sec
    CPU integer performance:
      iterations=1000000... time=0.0018518 sec
      iterations=10000000... time=0.0215996 sec
      iterations=100000000... time=0.184926 sec
      iterations=600000000... time=1.11114 sec
      result: 8.63974 Giop/sec
    Read latency of D1 cache (for 1 PUs) (using 2*24576 bytes):
      iterations=1000... time=0.000134953 sec
      iterations=10000... time=0.00134778 sec
      iterations=100000... time=0.0135888 sec
      iterations=1000000... time=0.134111 sec
      iterations=8000000... time=1.07499 sec
      result: 1.34373 nsec
    Read latency of L2 cache (for 1 PUs) (using 2*786432 bytes):
      iterations=1000... time=0.000596716 sec
      iterations=10000... time=0.00559139 sec
      iterations=100000... time=0.0553573 sec
      iterations=1000000... time=0.554953 sec
      iterations=2000000... time=1.11644 sec
      result: 5.58218 nsec
    Read latency of L3 cache (for 2 PUs) (using 2*28114944 bytes):
      [skipped -- too much memory requested]
    Read bandwidth of D1 cache (for 1 PUs) (using 2*24576 bytes):
      iterations=1... time=1e-06 sec
      iterations=10... time=3.4e-06 sec
      iterations=100... time=3.12505e-05 sec
      iterations=1000... time=0.000315858 sec
      iterations=10000... time=0.00310948 sec
      iterations=100000... time=0.0311114 sec
      iterations=1000000... time=0.3107 sec
      iterations=4000000... time=1.24653 sec
      result: 78.8624 GByte/sec
    Read bandwidth of L2 cache (for 1 PUs) (using 2*786432 bytes):
      iterations=1... time=2.5201e-05 sec
      iterations=10... time=0.000164604 sec
      iterations=100... time=0.00159709 sec
      iterations=1000... time=0.0158462 sec
      iterations=10000... time=0.15854 sec
      iterations=70000... time=1.112 sec
      result: 49.5056 GByte/sec
    Read bandwidth of L3 cache (for 2 PUs) (using 2*28114944 bytes):
      [skipped -- too much memory requested]
    Write latency of D1 cache (for 1 PUs) (using 2*24576 bytes):
      iterations=1000... time=3.3e-06 sec
      iterations=10000... time=2.705e-05 sec
      iterations=100000... time=0.000267657 sec
      iterations=1000000... time=0.00268757 sec
      iterations=10000000... time=0.02681 sec
      iterations=100000000... time=0.268335 sec
      iterations=400000000... time=1.07714 sec
      result: 0.336607 nsec
    Write latency of L2 cache (for 1 PUs) (using 2*786432 bytes):
      iterations=1000... time=3.18e-05 sec
      iterations=10000... time=0.000149204 sec
      iterations=100000... time=0.00147689 sec
      iterations=1000000... time=0.0143663 sec
      iterations=10000000... time=0.143643 sec
      iterations=80000000... time=1.15427 sec
      result: 1.80355 nsec
    Write latency of L3 cache (for 2 PUs) (using 2*28114944 bytes):
      [skipped -- too much memory requested]
    Write bandwidth of D1 cache (for 1 PUs) (using 2*24576 bytes):
      iterations=1... time=5.5e-07 sec
      iterations=10... time=1.85e-06 sec
      iterations=100... time=1.5651e-05 sec
      iterations=1000... time=0.000153704 sec
      iterations=10000... time=0.00154684 sec
      iterations=100000... time=0.0154046 sec
      iterations=1000000... time=0.155782 sec
      iterations=7000000... time=1.081 sec
      result: 159.141 GByte/sec
    Write bandwidth of L2 cache (for 1 PUs) (using 2*786432 bytes):
      iterations=1... time=3.4001e-05 sec
      iterations=10... time=0.000305508 sec
      iterations=100... time=0.00300068 sec
      iterations=1000... time=0.0278866 sec
      iterations=10000... time=0.194876 sec
      iterations=60000... time=0.890131 sec
      iterations=120000... time=1.78935 sec
      result: 52.7408 GByte/sec
    Write bandwidth of L3 cache (for 2 PUs) (using 2*28114944 bytes):
      [skipped -- too much memory requested]
    Stencil code performance of D1 cache (for 1 PUs) (using 2*9^3 grid points, 2*11664 bytes):
      iterations=1... time=9.45e-06 sec
      iterations=10... time=8.6253e-05 sec
      iterations=100... time=0.000862773 sec
      iterations=1000... time=0.00870273 sec
      iterations=10000... time=0.0873621 sec
      iterations=100000... time=0.878761 sec
      iterations=200000... time=1.7535 sec
      result: 0.0831479 Gupdates/sec
    Stencil code performance of L2 cache (for 1 PUs) (using 2*29^3 grid points, 2*390224 bytes):
      iterations=1... time=0.000116303 sec
      iterations=10... time=0.00108238 sec
      iterations=100... time=0.0106002 sec
      iterations=1000... time=0.10621 sec
      iterations=10000... time=1.06651 sec
      result: 0.228681 Gupdates/sec
    Stencil code performance of L3 cache (for 2 PUs) (using 1*121^3 grid points, 1*28344976 bytes):
      [skipped -- too many MPI processes]
  Single-node measurements:
    MPI latency: 950 nsec
    MPI bandwidth: 4.97153 GByte/sec
INFO (Vectors): Testing vectorisation... [errors may result in segfaults]
INFO (Vectors): 375/375 tests passed 
INFO (CartGrid3D): Grid Spacings:
INFO (CartGrid3D): dx=>1.1111111e-01  dy=>1.1111111e-01  dz=>1.1111111e-01
INFO (CartGrid3D): Computational Coordinates:
INFO (CartGrid3D): x=>[-0.500, 0.500]  y=>[-0.500, 0.500]  z=>[-0.500, 0.500]
INFO (CartGrid3D): Indices of Physical Coordinates:
INFO (CartGrid3D): x=>[0,9]  y=>[0,9]  z=>[0,9]
INFO (PUGH): MPI Evolution on 2 processors
INFO (PUGH): 3-dimensional grid functions
INFO (PUGH):   Size: 10 10 10
INFO (PUGH):   Processor topology: 2 x 1 x 1
INFO (PUGH):   Local load: 600   [6 x 10 x 10]
INFO (PUGH):   Maximum load skew: 0.000000
--------------------------------------------------------------------------------
Done.
+ echo Stopping:
Stopping:
+ date
Fri Jul 28 17:01:07 UTC 2023
+ echo Done.
Done.
  Elapsed time: 43.5 s
