/home/runner/simulations/TestJob01_temp_2/output-0000/TEST/sim/MemSpeed
Preparing:
+ set -e
+ cd output-0000-active
+ echo Checking:
Checking:
+ pwd
/home/runner/simulations/TestJob01_temp_2/output-0000/TEST/sim/MemSpeed/output-0000-active
+ hostname
fv-az163-810
+ date
Mon Nov 14 19:12:35 UTC 2022
+ echo Environment:
Environment:
+ export CACTUS_NUM_PROCS=2
+ CACTUS_NUM_PROCS=2
+ export CACTUS_NUM_THREADS=1
+ CACTUS_NUM_THREADS=1
+ export GMON_OUT_PREFIX=gmon.out
+ GMON_OUT_PREFIX=gmon.out
+ export OMP_NUM_THREADS=1
+ OMP_NUM_THREADS=1
+ sort
+ env
+ echo Starting:
Starting:
++ date +%s
+ export CACTUS_STARTTIME=1668453155
+ CACTUS_STARTTIME=1668453155
+ '[' 2 = 1 ']'
+ mpirun -np 2 /home/runner/simulations/TestJob01_temp_2/SIMFACTORY/exe/cactus_sim -L 3 /home/runner/simulations/TestJob01_temp_2/output-0000/arrangements/CactusUtils/MemSpeed/test/memspeed.par
INFO (Cactus): Increased logging level from 0 to 3
--------------------------------------------------------------------------------

       10                                  
  1   0101       ************************  
  01  1010 10      The Cactus Code V4.13.0    
 1010 1101 011      www.cactuscode.org     
  1001 100101    ************************  
    00010101                               
     100011     (c) Copyright The Authors  
      0100      GNU Licensed. No Warranty  
      0101                                 
--------------------------------------------------------------------------------

Cactus version:    4.13.0
Compile date:      Nov 14 2022 (18:38:39)
Run date:          Nov 14 2022 (19:12:36+0000)
Run host:          fv-az163-810 (pid=109689)
Working directory: /home/runner/simulations/TestJob01_temp_2/output-0000/TEST/sim/MemSpeed
Executable:        /home/runner/simulations/TestJob01_temp_2/SIMFACTORY/exe/cactus_sim
Parameter file:    /home/runner/simulations/TestJob01_temp_2/output-0000/arrangements/CactusUtils/MemSpeed/test/memspeed.par
--------------------------------------------------------------------------------

Activating thorn Cactus...Success -> active implementation Cactus
Activation requested for 
--->hwloc MemSpeed SystemTopology CartGrid3D CoordBase IOASCII IOUtil PUGH PUGHSlab<---
Thorn hwloc requests automatic activation of zlib
Thorn MemSpeed requests automatic activation of Vectors
Thorn MemSpeed requests automatic activation of MPI
Activating thorn CartGrid3D...Success -> active implementation grid
Activating thorn CoordBase...Success -> active implementation CoordBase
Activating thorn hwloc...Success -> active implementation hwloc
Activating thorn IOASCII...Success -> active implementation IOASCII
Activating thorn IOUtil...Success -> active implementation IO
Activating thorn MemSpeed...Success -> active implementation MemSpeed
Activating thorn MPI...Success -> active implementation MPI
Activating thorn PUGH...Success -> active implementation Driver
Activating thorn PUGHSlab...Success -> active implementation Hyperslab
Activating thorn SystemTopology...Success -> active implementation SystemTopology
Activating thorn Vectors...Success -> active implementation Vectors
Activating thorn zlib...Success -> active implementation zlib
--------------------------------------------------------------------------------
  if (recover initial data)
    Recover parameters
  endif

  Startup routines
    [CCTK_STARTUP]
      CartGrid3D::SymmetryStartup: Register GH Extension for GridSymmetry
      CoordBase::CoordBase_Startup: Register a GH extension to store the coordinate system handles
      GROUP hwloc_startup: hwloc startup group
        hwloc::hwloc_version: Output hwloc version
      SystemTopology::ST_system_topology: Output and/or modify system topology and hardware locality
      PUGH::Driver_Startup: Startup routine
      PUGH::PUGH_RegisterPUGHP2LRoutines: Register Physical to Logical process mapping routines
      PUGH::PUGH_RegisterPUGHTopologyRoutines: Register topology generation routines routines
      IOUtil::IOUtil_Startup: Startup routine
      Vectors::Vectors_Startup: Print startup message
      IOASCII::IOASCII_Startup: Startup routine

  Startup routines which need an existing grid hierarchy
    [CCTK_WRAGH]
      CartGrid3D::RegisterCartGrid3DCoords: [meta] Register coordinates for the Cartesian grid
      MemSpeed::MemSpeed_MeasureSpeed: [meta] Measure CPU, memory, cache speeds
  Parameter checking routines
    [CCTK_PARAMCHECK]
      CartGrid3D::ParamCheck_CartGrid3D: Check coordinates for CartGrid3D
      Vectors::Vectors_Test: Run correctness tests.

  Initialisation
    if (NOT (recover initial data AND recovery_mode is 'strict'))
      [CCTK_PREREGRIDINITIAL]
      Set up grid hierarchy
      [CCTK_POSTREGRIDINITIAL]
        CartGrid3D::SpatialCoordinates: Set Coordinates after regridding
      [CCTK_BASEGRID]
        CartGrid3D::SpatialSpacings: Set up ranges for spatial 3D Cartesian coordinates (on all grids)
        CartGrid3D::SpatialCoordinates: Set up spatial 3D Cartesian coordinates on the GH
        IOASCII::IOASCII_Choose1D: Choose 1D output lines
        IOASCII::IOASCII_Choose2D: Choose 2D output planes
        PUGH::PUGH_Report: Report on PUGH set up
      [CCTK_INITIAL]
      [CCTK_POSTINITIAL]
      Initialise finer grids recursively
      Restrict from finer grids
      [CCTK_POSTRESTRICTINITIAL]
      [CCTK_POSTPOSTINITIAL]
      [CCTK_POSTSTEP]
    endif
    if (recover initial data)
      [CCTK_BASEGRID]
        CartGrid3D::SpatialSpacings: Set up ranges for spatial 3D Cartesian coordinates (on all grids)
        CartGrid3D::SpatialCoordinates: Set up spatial 3D Cartesian coordinates on the GH
        IOASCII::IOASCII_Choose1D: Choose 1D output lines
        IOASCII::IOASCII_Choose2D: Choose 2D output planes
        PUGH::PUGH_Report: Report on PUGH set up
      [CCTK_RECOVER_VARIABLES]
      [CCTK_POST_RECOVER_VARIABLES]
    endif
    if (checkpoint initial data)
      [CCTK_CPINITIAL]
    endif
    if (analysis)
      [CCTK_ANALYSIS]
  endif
  Output grid variables

  do loop over timesteps
    [CCTK_PREREGRID]
    Change grid hierarchy
    [CCTK_POSTREGRID]
      CartGrid3D::SpatialCoordinates: Set Coordinates after regridding
    Rotate timelevels
    iteration = iteration+1
    t = t+dt
    [CCTK_PRESTEP]
    [CCTK_EVOL]
    Evolve finer grids recursively
    Restrict from finer grids
    [CCTK_POSTRESTRICT]
    [CCTK_POSTSTEP]
    if (checkpoint)
      [CCTK_CHECKPOINT]
    endif
    if (analysis)
      [CCTK_ANALYSIS]
    endif
    Output grid variables
    enddo

  Termination routines
    [CCTK_TERMINATE]
      PUGH::Driver_Terminate: Termination routine

  Shutdown routines
    [CCTK_SHUTDOWN]

  Routines run after changing the grid hierarchy:
    [CCTK_POSTREGRID]
      CartGrid3D::SpatialCoordinates: Set Coordinates after regridding
--------------------------------------------------------------------------------
INFO (hwloc): library version 2.1.0, API version 0x20100
INFO (SystemTopology): MPI process-to-host mapping:
This is MPI process 0 of 2
MPI hosts:
  0: fv-az163-810
This MPI process runs on host 0 of 1
On this host, this is MPI process 0 of 2
INFO (SystemTopology): Topology support:
Discovery support:
  discovery->pu                            : yes
CPU binding support:
  cpubind->set_thisproc_cpubind            : yes
  cpubind->get_thisproc_cpubind            : yes
  cpubind->set_proc_cpubind                : yes
  cpubind->get_proc_cpubind                : yes
  cpubind->set_thisthread_cpubind          : yes
  cpubind->get_thisthread_cpubind          : yes
  cpubind->set_thread_cpubind              : yes
  cpubind->get_thread_cpubind              : yes
  cpubind->get_thisproc_last_cpu_location  : yes
  cpubind->get_proc_last_cpu_location      : yes
  cpubind->get_thisthread_last_cpu_location: yes
Memory binding support:
  membind->set_thisproc_membind            : no
  membind->get_thisproc_membind            : no
  membind->set_proc_membind                : no
  membind->get_proc_membind                : no
  membind->set_thisthread_membind          : yes
  membind->get_thisthread_membind          : yes
  membind->set_area_membind                : yes
  membind->get_area_membind                : yes
  membind->alloc_membind                   : yes
  membind->firsttouch_membind              : yes
  membind->bind_membind                    : yes
  membind->interleave_membind              : yes
  membind->nexttouch_membind               : no
  membind->migrate_membind                 : yes
INFO (SystemTopology): Hardware objects in this node:
Machine L#0: (P#0, total=7110656KB, DMIProductName="Virtual Machine", DMIProductVersion=7.0, DMIProductUUID=c1a7970f-42ae-374e-a76a-a806de8f3f99, DMIBoardVendor="Microsoft Corporation", DMIBoardName="Virtual Machine", DMIBoardVersion=7.0, DMIChassisVendor="Microsoft Corporation", DMIChassisType=3, DMIChassisVersion=7.0, DMIChassisAssetTag=7783-7084-3265-9085-8269-3286-77, DMIBIOSVendor="American Megatrends Inc.", DMIBIOSVersion="090008 ", DMIBIOSDate=12/07/2018, DMISysVendor="Microsoft Corporation", Backend=Linux, LinuxCgroup=/, OSName=Linux, OSRelease=5.15.0-1022-azure, OSVersion="#27~20.04.1-Ubuntu SMP Mon Oct 17 02:03:50 UTC 2022", HostName=fv-az163-810, Architecture=x86_64, hwlocVersion=2.1.0, ProcessName=cactus_sim)
  Package L#0: (P#0, total=7110656KB, CPUVendor=GenuineIntel, CPUFamilyNumber=6, CPUModelNumber=63, CPUModel="Intel(R) Xeon(R) CPU E5-2673 v3 @ 2.40GHz", CPUStepping=2)
    L3Cache L#0: (P#-1, size=30720KB, linesize=64, ways=20, Inclusive=1)
      L2Cache L#0: (P#-1, size=256KB, linesize=64, ways=8, Inclusive=0)
        L1dCache L#0: (P#-1, size=32KB, linesize=64, ways=8, Inclusive=0)
          Core L#0: (P#0)
            PU L#0: (P#0)
      L2Cache L#1: (P#-1, size=256KB, linesize=64, ways=8, Inclusive=0)
        L1dCache L#1: (P#-1, size=32KB, linesize=64, ways=8, Inclusive=0)
          Core L#1: (P#1)
            PU L#1: (P#1)
INFO (SystemTopology): Thread CPU bindings:
  MPI process 0 on host 0 (process 0 of 2 on this host)
    OpenMP thread 0: PU set L#{0} P#{0}
  MPI process 1 on host 0 (process 1 of 2 on this host)
    OpenMP thread 0: PU set L#{1} P#{1}
INFO (SystemTopology): Setting thread CPU bindings:
INFO (SystemTopology): Thread CPU bindings:
  MPI process 0 on host 0 (process 0 of 2 on this host)
    OpenMP thread 0: PU set L#{0} P#{0}
  MPI process 1 on host 0 (process 1 of 2 on this host)
    OpenMP thread 0: PU set L#{1} P#{1}
INFO (SystemTopology): Extracting CPU/cache/memory properties:
  There are 1 PUs per core (aka hardware SMT threads)
  There are 1 threads per core (aka SMT threads used)
  Cache (unknown name) has type "data" depth 1
    size 32768 linesize 64 associativity 8 stride 4096, for 1 PUs
  Cache (unknown name) has type "unified" depth 2
    size 262144 linesize 64 associativity 8 stride 32768, for 1 PUs
  Cache (unknown name) has type "unified" depth 3
    size 31457280 linesize 64 associativity 20 stride 1572864, for 2 PUs
INFO (PUGH): Using physical to logical mappings: direct
INFO (PUGH): Using topology generator: automatic
INFO (Vectors): Using vector size 2 for architecture SSE2 (64-bit precision)
--------------------------------------------------------------------------------
Driver provided by PUGH
--------------------------------------------------------------------------------

INFO (PUGH): Not setting up a topology for 1 dimensions
INFO (PUGH): Not setting up a topology for 2 dimensions
INFO (PUGH): Setting up a topology for 3 dimensions
INFO (IOASCII): I/O Method 'IOASCII_1D' registered: output of 1D lines of grid functions/arrays to ASCII files
INFO (IOASCII): Periodic 1D output every 1 iterations
INFO (IOASCII): Periodic 1D output requested for 'GRID::r'
INFO (IOASCII): I/O Method 'IOASCII_2D' registered: output of 2D planes of grid functions/arrays to ASCII files
INFO (IOASCII): Periodic 2D output turned off
INFO (IOASCII): I/O Method 'IOASCII_3D' registered: output of 3D grid functions/arrays to ASCII files
INFO (IOASCII): Periodic 3D output turned off
INFO (MemSpeed): Measuring CPU, cache, memory, and communication speeds:
  Single-core measurements (using 1 MPI processes with 1 OpenMP threads each):
    CPU frequency:
      iterations=1000000... time=0.0043972 sec
      iterations=10000000... time=0.030965 sec
      iterations=100000000... time=0.306464 sec
      iterations=400000000... time=1.23349 sec
      iterations=400000000... time=0.928082 sec
      result: 2.6194 GHz
    CPU floating point performance:
      iterations=1000000... time=0.0033087 sec
      iterations=10000000... time=0.0345152 sec
      iterations=100000000... time=0.331199 sec
      iterations=300000000... time=1.00727 sec
      result: 9.53076 Gflop/sec
    CPU integer performance:
      iterations=1000000... time=0.0020914 sec
      iterations=10000000... time=0.0207208 sec
      iterations=100000000... time=0.209243 sec
      iterations=500000000... time=1.06076 sec
      result: 7.54174 Giop/sec
    Read latency of D1 cache (for 1 PUs) (using 1*24576 bytes):
      iterations=1000... time=0.0001501 sec
      iterations=10000... time=0.0015029 sec
      iterations=100000... time=0.0161198 sec
      iterations=1000000... time=0.151928 sec
      iterations=7000000... time=1.09029 sec
      result: 1.55756 nsec
    Read latency of L2 cache (for 1 PUs) (using 1*196608 bytes):
      iterations=1000... time=0.000501301 sec
      iterations=10000... time=0.00612691 sec
      iterations=100000... time=0.0525148 sec
      iterations=1000000... time=0.506526 sec
      iterations=2000000... time=1.04552 sec
      result: 5.22761 nsec
    Read latency of L3 cache (for 2 PUs) (using 1*23592960 bytes):
      [skipped -- avoiding large-memory benchmarks]
    Read bandwidth of D1 cache (for 1 PUs) (using 1*24576 bytes):
      iterations=1... time=9.99999e-07 sec
      iterations=10... time=3.7e-06 sec
      iterations=100... time=3.02e-05 sec
      iterations=1000... time=0.0002957 sec
      iterations=10000... time=0.0029581 sec
      iterations=100000... time=0.0365318 sec
      iterations=1000000... time=0.299588 sec
      iterations=4000000... time=1.17976 sec
      result: 83.3253 GByte/sec
    Read bandwidth of L2 cache (for 1 PUs) (using 1*196608 bytes):
      iterations=1... time=8.2e-06 sec
      iterations=10... time=5.66e-05 sec
      iterations=100... time=0.000545001 sec
      iterations=1000... time=0.0053611 sec
      iterations=10000... time=0.0566678 sec
      iterations=100000... time=0.688184 sec
      iterations=200000... time=1.43373 sec
      result: 27.4261 GByte/sec
    Read bandwidth of L3 cache (for 2 PUs) (using 1*23592960 bytes):
      [skipped -- avoiding large-memory benchmarks]
    Write latency of D1 cache (for 1 PUs) (using 1*24576 bytes):
      iterations=1000... time=4e-06 sec
      iterations=10000... time=3.05e-05 sec
      iterations=100000... time=0.000394801 sec
      iterations=1000000... time=0.0030097 sec
      iterations=10000000... time=0.0408808 sec
      iterations=100000000... time=0.40677 sec
      iterations=300000000... time=1.21223 sec
      result: 0.505096 nsec
    Write latency of L2 cache (for 1 PUs) (using 1*196608 bytes):
      iterations=1000... time=2.63e-05 sec
      iterations=10000... time=0.0002461 sec
      iterations=100000... time=0.0024516 sec
      iterations=1000000... time=0.0246425 sec
      iterations=10000000... time=0.352965 sec
      iterations=30000000... time=1.08128 sec
      result: 4.50532 nsec
    Write latency of L3 cache (for 2 PUs) (using 1*23592960 bytes):
      [skipped -- avoiding large-memory benchmarks]
    Write bandwidth of D1 cache (for 1 PUs) (using 1*24576 bytes):
      iterations=1... time=1.2e-06 sec
      iterations=10... time=6.4e-06 sec
      iterations=100... time=5.88e-05 sec
      iterations=1000... time=0.000664701 sec
      iterations=10000... time=0.00585121 sec
      iterations=100000... time=0.0593853 sec
      iterations=1000000... time=0.854699 sec
      iterations=2000000... time=1.5914 sec
      result: 30.886 GByte/sec
    Write bandwidth of L2 cache (for 1 PUs) (using 1*196608 bytes):
      iterations=1... time=8.8e-06 sec
      iterations=10... time=8.39e-05 sec
      iterations=100... time=0.000832701 sec
      iterations=1000... time=0.00841201 sec
      iterations=10000... time=0.130236 sec
      iterations=80000... time=0.90434 sec
      iterations=160000... time=1.83611 sec
      result: 17.1325 GByte/sec
    Write bandwidth of L3 cache (for 2 PUs) (using 1*23592960 bytes):
      [skipped -- avoiding large-memory benchmarks]
    Stencil code performance of D1 cache (for 1 PUs) (using 1*12^3 grid points, 1*27648 bytes):
      iterations=1... time=2.84e-05 sec
      iterations=10... time=0.000210101 sec
      iterations=100... time=0.00800631 sec
      iterations=1000... time=0.0295431 sec
      iterations=10000... time=0.281098 sec
      iterations=40000... time=1.1318 sec
      result: 0.0610708 Gupdates/sec
    Stencil code performance of L2 cache (for 1 PUs) (using 1*23^3 grid points, 1*194672 bytes):
      iterations=1... time=4.42e-05 sec
      iterations=10... time=0.0003585 sec
      iterations=100... time=0.003628 sec
      iterations=1000... time=0.0714493 sec
      iterations=10000... time=0.479572 sec
      iterations=20000... time=0.970471 sec
      iterations=40000... time=1.91432 sec
      result: 0.254231 Gupdates/sec
    Stencil code performance of L3 cache (for 2 PUs) (using 1*114^3 grid points, 1*23704704 bytes):
      iterations=1... time=0.0043587 sec
      iterations=10... time=0.0968847 sec
      iterations=100... time=0.595624 sec
      iterations=200... time=1.13894 sec
      result: 0.260162 Gupdates/sec
  Single-node measurements (using 2 MPI processes with 1 OpenMP threads each):
    CPU frequency:
      iterations=1000000... time=0.00278915 sec
      iterations=10000000... time=0.0401444 sec
      iterations=100000000... time=0.425739 sec
      iterations=300000000... time=1.25642 sec
      iterations=300000000... time=0.918143 sec
      result: 1.77368 GHz
    CPU floating point performance:
      iterations=1000000... time=0.00334955 sec
      iterations=10000000... time=0.0453898 sec
      iterations=100000000... time=0.442919 sec
      iterations=200000000... time=0.867605 sec
      iterations=400000000... time=1.78334 sec
      result: 7.17755 Gflop/sec
    CPU integer performance:
      iterations=1000000... time=0.0020795 sec
      iterations=10000000... time=0.0286561 sec
      iterations=100000000... time=0.285303 sec
      iterations=400000000... time=1.14214 sec
      result: 5.60352 Giop/sec
    Read latency of D1 cache (for 1 PUs) (using 2*24576 bytes):
      iterations=1000... time=0.000149801 sec
      iterations=10000... time=0.0015041 sec
      iterations=100000... time=0.0191726 sec
      iterations=1000000... time=0.206543 sec
      iterations=5000000... time=1.03034 sec
      result: 2.06068 nsec
    Read latency of L2 cache (for 1 PUs) (using 2*196608 bytes):
      iterations=1000... time=0.000493301 sec
      iterations=10000... time=0.00674616 sec
      iterations=100000... time=0.0659032 sec
      iterations=1000000... time=0.673785 sec
      iterations=2000000... time=1.38932 sec
      result: 6.94662 nsec
    Read latency of L3 cache (for 2 PUs) (using 2*23592960 bytes):
      [skipped -- too much memory requested]
    Read bandwidth of D1 cache (for 1 PUs) (using 2*24576 bytes):
      iterations=1... time=8e-07 sec
      iterations=10... time=3.6e-06 sec
      iterations=100... time=3.015e-05 sec
      iterations=1000... time=0.000295 sec
      iterations=10000... time=0.0029662 sec
      iterations=100000... time=0.0391963 sec
      iterations=1000000... time=0.408003 sec
      iterations=3000000... time=1.2372 sec
      result: 59.5926 GByte/sec
    Read bandwidth of L2 cache (for 1 PUs) (using 2*196608 bytes):
      iterations=1... time=7.4e-06 sec
      iterations=10... time=5.315e-05 sec
      iterations=100... time=0.000497801 sec
      iterations=1000... time=0.00774526 sec
      iterations=10000... time=0.0770992 sec
      iterations=100000... time=0.698627 sec
      iterations=200000... time=1.30241 sec
      result: 30.1914 GByte/sec
    Read bandwidth of L3 cache (for 2 PUs) (using 2*23592960 bytes):
      [skipped -- too much memory requested]
    Write latency of D1 cache (for 1 PUs) (using 2*24576 bytes):
      iterations=1000... time=4.15e-06 sec
      iterations=10000... time=3.045e-05 sec
      iterations=100000... time=0.000297651 sec
      iterations=1000000... time=0.00322185 sec
      iterations=10000000... time=0.0320723 sec
      iterations=100000000... time=0.308648 sec
      iterations=400000000... time=1.24443 sec
      result: 0.388883 nsec
    Write latency of L2 cache (for 1 PUs) (using 2*196608 bytes):
      iterations=1000... time=2.175e-05 sec
      iterations=10000... time=0.00019905 sec
      iterations=100000... time=0.00199005 sec
      iterations=1000000... time=0.020898 sec
      iterations=10000000... time=0.218474 sec
      iterations=50000000... time=1.09988 sec
      result: 2.74969 nsec
    Write latency of L3 cache (for 2 PUs) (using 2*23592960 bytes):
      [skipped -- too much memory requested]
    Write bandwidth of D1 cache (for 1 PUs) (using 2*24576 bytes):
      iterations=1... time=1.1e-06 sec
      iterations=10... time=5.05e-06 sec
      iterations=100... time=4.52e-05 sec
      iterations=1000... time=0.000446851 sec
      iterations=10000... time=0.0044961 sec
      iterations=100000... time=0.0454711 sec
      iterations=1000000... time=0.46448 sec
      iterations=2000000... time=0.931087 sec
      iterations=4000000... time=1.8759 sec
      result: 52.4038 GByte/sec
    Write bandwidth of L2 cache (for 1 PUs) (using 2*196608 bytes):
      iterations=1... time=9.05e-06 sec
      iterations=10... time=8.72e-05 sec
      iterations=100... time=0.000897851 sec
      iterations=1000... time=0.00892721 sec
      iterations=10000... time=0.0860771 sec
      iterations=100000... time=0.847607 sec
      iterations=200000... time=1.72737 sec
      result: 22.7639 GByte/sec
    Write bandwidth of L3 cache (for 2 PUs) (using 2*23592960 bytes):
      [skipped -- too much memory requested]
    Stencil code performance of D1 cache (for 1 PUs) (using 2*9^3 grid points, 2*11664 bytes):
      iterations=1... time=8.55e-06 sec
      iterations=10... time=7.725e-05 sec
      iterations=100... time=0.000778801 sec
      iterations=1000... time=0.00788016 sec
      iterations=10000... time=0.081335 sec
      iterations=100000... time=0.800585 sec
      iterations=200000... time=1.63172 sec
      result: 0.0893533 Gupdates/sec
    Stencil code performance of L2 cache (for 1 PUs) (using 2*18^3 grid points, 2*93312 bytes):
      iterations=1... time=4.46e-05 sec
      iterations=10... time=0.000439851 sec
      iterations=100... time=0.0045054 sec
      iterations=1000... time=0.0441962 sec
      iterations=10000... time=0.462765 sec
      iterations=20000... time=0.899766 sec
      iterations=40000... time=1.89316 sec
      result: 0.123223 Gupdates/sec
    Stencil code performance of L3 cache (for 2 PUs) (using 1*114^3 grid points, 1*23704704 bytes):
      [skipped -- too many MPI processes]
  Single-node measurements:
    MPI latency: 1100 nsec
    MPI bandwidth: 3.2931 GByte/sec
INFO (Vectors): Testing vectorisation... [errors may result in segfaults]
INFO (Vectors): 375/375 tests passed 
INFO (CartGrid3D): Grid Spacings:
INFO (CartGrid3D): dx=>1.1111111e-01  dy=>1.1111111e-01  dz=>1.1111111e-01
INFO (CartGrid3D): Computational Coordinates:
INFO (CartGrid3D): x=>[-0.500, 0.500]  y=>[-0.500, 0.500]  z=>[-0.500, 0.500]
INFO (CartGrid3D): Indices of Physical Coordinates:
INFO (CartGrid3D): x=>[0,9]  y=>[0,9]  z=>[0,9]
INFO (PUGH): MPI Evolution on 2 processors
INFO (PUGH): 3-dimensional grid functions
INFO (PUGH):   Size: 10 10 10
INFO (PUGH):   Processor topology: 2 x 1 x 1
INFO (PUGH):   Local load: 600   [6 x 10 x 10]
INFO (PUGH):   Maximum load skew: 0.000000
--------------------------------------------------------------------------------
Done.
+ echo Stopping:
Stopping:
+ date
Mon Nov 14 19:13:34 UTC 2022
+ echo Done.
Done.
  Elapsed time: 59.3 s
