/home/runner/simulations/TestJob01_temp_2/output-0000/TEST/sim/QuasiLocalMeasures
Preparing:
+ set -e
+ cd output-0000-active
+ echo Checking:
Checking:
+ pwd
/home/runner/simulations/TestJob01_temp_2/output-0000/TEST/sim/QuasiLocalMeasures/output-0000-active
+ hostname
fv-az292-441
+ date
Fri Nov 18 15:24:36 UTC 2022
+ echo Environment:
Environment:
+ export CACTUS_NUM_PROCS=2
+ CACTUS_NUM_PROCS=2
+ export CACTUS_NUM_THREADS=1
+ CACTUS_NUM_THREADS=1
+ export GMON_OUT_PREFIX=gmon.out
+ GMON_OUT_PREFIX=gmon.out
+ export OMP_NUM_THREADS=1
+ OMP_NUM_THREADS=1
+ env
+ sort
+ echo Starting:
Starting:
++ date +%s
+ export CACTUS_STARTTIME=1668785076
+ CACTUS_STARTTIME=1668785076
+ '[' 2 = 1 ']'
+ mpirun -np 2 /home/runner/simulations/TestJob01_temp_2/SIMFACTORY/exe/cactus_sim -L 3 /home/runner/simulations/TestJob01_temp_2/output-0000/arrangements/EinsteinAnalysis/QuasiLocalMeasures/test/qlm-ks.par
INFO (Cactus): Increased logging level from 0 to 3
--------------------------------------------------------------------------------

       10                                  
  1   0101       ************************  
  01  1010 10      The Cactus Code V4.13.0    
 1010 1101 011      www.cactuscode.org     
  1001 100101    ************************  
    00010101                               
     100011     (c) Copyright The Authors  
      0100      GNU Licensed. No Warranty  
      0101                                 
--------------------------------------------------------------------------------

Cactus version:    4.13.0
Compile date:      Nov 18 2022 (14:49:28)
Run date:          Nov 18 2022 (15:24:37+0000)
Run host:          fv-az292-441.tqgtyn10aqxuxoi0mkfbldi5vh.jx.internal.cloudapp.net (pid=111200)
Working directory: /home/runner/simulations/TestJob01_temp_2/output-0000/TEST/sim/QuasiLocalMeasures
Executable:        /home/runner/simulations/TestJob01_temp_2/SIMFACTORY/exe/cactus_sim
Parameter file:    /home/runner/simulations/TestJob01_temp_2/output-0000/arrangements/EinsteinAnalysis/QuasiLocalMeasures/test/qlm-ks.par
--------------------------------------------------------------------------------

Activating thorn Cactus...Success -> active implementation Cactus
Activation requested for 
--->IOUtil AEILocalInterp Fortran GSL GenericFD LoopControl Slab InitBase Carpet CarpetLib CarpetInterp CarpetReduce NaNChecker Boundary CartGrid3D CoordBase ReflectionSymmetry RotatingSymmetry90 SymBase SphericalSurface CarpetMask Time ADMBase ADMMacros CoordGauge SpaceMask StaticConformal TmunuBase Exact AHFinderDirect QuasiLocalMeasures CarpetIOBasic CarpetIOScalar CarpetIOASCII<---
Thorn AHFinderDirect requests automatic activation of HDF5
Thorn Carpet requests automatic activation of MPI
Thorn Carpet requests automatic activation of Timers
Thorn CarpetLib requests automatic activation of Vectors
Thorn CarpetLib requests automatic activation of CycleClock
Thorn LoopControl requests automatic activation of hwloc
Thorn QuasiLocalMeasures requests automatic activation of LAPACK
Thorn QuasiLocalMeasures requests automatic activation of TGRtensor
Thorn HDF5 requests automatic activation of zlib
Thorn LAPACK requests automatic activation of BLAS
Activating thorn ADMBase...Success -> active implementation ADMBase
Activating thorn ADMMacros...Success -> active implementation ADMMacros
Activating thorn AEILocalInterp...Success -> active implementation AEILocalInterp
Activating thorn AHFinderDirect...Success -> active implementation AHFinderDirect
Activating thorn BLAS...Success -> active implementation BLAS
Activating thorn Boundary...Success -> active implementation boundary
Activating thorn Carpet...Success -> active implementation Driver
Activating thorn CarpetInterp...Success -> active implementation interp
Activating thorn CarpetIOASCII...Success -> active implementation IOASCII
Activating thorn CarpetIOBasic...Success -> active implementation IOBasic
Activating thorn CarpetIOScalar...Success -> active implementation IOScalar
Activating thorn CarpetLib...Success -> active implementation CarpetLib
Activating thorn CarpetMask...Success -> active implementation CarpetMask
Activating thorn CarpetReduce...Success -> active implementation reduce
Activating thorn CartGrid3D...Success -> active implementation grid
Activating thorn CoordBase...Success -> active implementation CoordBase
Activating thorn CoordGauge...Success -> active implementation CoordGauge
Activating thorn CycleClock...Success -> active implementation CycleClock
Activating thorn Exact...Success -> active implementation exact
Activating thorn Fortran...Success -> active implementation Fortran
Activating thorn GenericFD...Success -> active implementation GenericFD
Activating thorn GSL...Success -> active implementation GSL
Activating thorn HDF5...Success -> active implementation HDF5
Activating thorn hwloc...Success -> active implementation hwloc
Activating thorn InitBase...Success -> active implementation InitBase
Activating thorn IOUtil...Success -> active implementation IO
Activating thorn LAPACK...Success -> active implementation LAPACK
Activating thorn LoopControl...Success -> active implementation LoopControl
Activating thorn MPI...Success -> active implementation MPI
Activating thorn NaNChecker...Success -> active implementation NaNChecker
Activating thorn QuasiLocalMeasures...Success -> active implementation QuasiLocalMeasures
Activating thorn ReflectionSymmetry...Success -> active implementation ReflectionSymmetry
Activating thorn RotatingSymmetry90...Success -> active implementation RotatingSymmetry90
Activating thorn Slab...Success -> active implementation Slab
Activating thorn SpaceMask...Success -> active implementation SpaceMask
Activating thorn SphericalSurface...Success -> active implementation SphericalSurface
Activating thorn StaticConformal...Success -> active implementation StaticConformal
Activating thorn SymBase...Success -> active implementation SymBase
Activating thorn TGRtensor...Success -> active implementation TGRtensor
Activating thorn Time...Success -> active implementation time
Activating thorn Timers...Success -> active implementation Timers
Activating thorn TmunuBase...Success -> active implementation TmunuBase
Activating thorn Vectors...Success -> active implementation Vectors
Activating thorn zlib...Success -> active implementation zlib
--------------------------------------------------------------------------------
  if (recover initial data)
    Recover parameters
  endif

  Startup routines
    [CCTK_STARTUP]
      Carpet::MultiModel_Startup: Multi-model Startup routine
      CycleClock::CycleClock_Setup: Set up CycleClock
      LoopControl::LC_setup: Set up LoopControl
      Timers::Timer_Startup: Prepare hierarchical timers
      Carpet::Driver_Startup: Startup routine
      IOUtil::IOUtil_Startup: Startup routine
      CarpetInterp::CarpetInterpStartup: Startup routine
      CarpetReduce::CarpetReduceStartup: Startup routine
      CartGrid3D::SymmetryStartup: Register GH Extension for GridSymmetry
      CoordBase::CoordBase_Startup: Register a GH extension to store the coordinate system handles
      AEILocalInterp::AEILocalInterp_U_Startup: register CCTK_InterpLocalUniform() interpolation operators
      Exact::Exact__RegisterSlicing: [global] Register slicings
      CarpetIOASCII::CarpetIOASCIIStartup: [global] Startup routine
      CarpetIOBasic::CarpetIOBasicStartup: [global] Startup routine
      Slab::Slab_InitMPIDatatypes: Create MPI datatypes for complex variables in C
      SymBase::SymBase_Startup: Register GH Extension for SymBase
      CarpetIOScalar::CarpetIOScalarStartup: [global] Startup routine
      Vectors::Vectors_Startup: Print startup message
      GROUP hwloc_startup: hwloc startup group
        hwloc::hwloc_version: Output hwloc version

  Startup routines which need an existing grid hierarchy
    [CCTK_WRAGH]
      ADMBase::Einstein_InitSymBound: [global] Set up GF symmetries
      Boundary::Boundary_RegisterBCs: [global] Register boundary conditions that this thorn provides
      CartGrid3D::RegisterCartGrid3DCoords: [meta] Register coordinates for the Cartesian grid
      CoordGauge::Einstein_ActivateSlicing: Initialize slicing, setup priorities for mixed slicings
      CoordGauge::Einstein_SetNextSlicing: Identify the slicing for the next iteration
      Slab::Slab_InitTimers: Initialise timers
      GROUP SymBase_Wrapper: Wrapper group for SymBase
        GROUP SymmetryRegister: Register your symmetries here
          CartGrid3D::CartGrid3D_RegisterSymmetryBoundaries: [meta] Register symmetry boundaries
          ReflectionSymmetry::ReflectionSymmetry_Register: Register reflection symmetry boundaries
          RotatingSymmetry90::Rot90_RegisterSymmetry: Register symmetry boundaries
        SymBase::SymBase_Statistics: Print symmetry boundary face descriptions
      TmunuBase::TmunuBase_SetStressEnergyState: [global] Set the stress_energy_state variable
  Parameter checking routines
    [CCTK_PARAMCHECK]
      ADMBase::ADMBase_ParamCheck: [global] Check consistency of parameters
      Boundary::Boundary_Check: Check dimension of grid variables
      Carpet::CarpetParamCheck: Parameter checking routine
      CarpetLib::CarpetLib_test_prolongate_3d_rf2: [global] Test prolongation operators
      CarpetMask::CarpetSurfaceParamCheck: [global] Check parameters
      CartGrid3D::ParamCheck_CartGrid3D: Check coordinates for CartGrid3D
      Exact::Exact_ParamCheck: [global] do consistency checks on our parameters
      Fortran::CheckFortranParameters: Test whether Fortran parameters work correctly
      QuasiLocalMeasures::qlm_paramcheck: [global] Check quasi-local parameter settings
      RotatingSymmetry90::Rot90_CheckTensorTypes: Check tensor type definitions for consistency
      SphericalSurface::SphericalSurface_ParamCheck: [global] Check that all surface names are unique
      TmunuBase::TmunuBase_ParamCheck: [global] Check that no deprecated parameters are used.
      Vectors::Vectors_Test: Run correctness tests.

  Initialisation
    if (NOT (recover initial data AND recovery_mode is 'strict'))
      [CCTK_PREREGRIDINITIAL]
      Set up grid hierarchy
      [CCTK_POSTREGRIDINITIAL]
        AHFinderDirect::AHFinderDirect_maybe_do_masks: set mask(s) based on apparent horizon position(s)
        CartGrid3D::SpatialCoordinates: Set Coordinates after regridding
        GROUP MaskBase_SetupMask: Set up the weight function
          GROUP MaskBase_SetupMaskAll: Set up the weight function
            CarpetReduce::MaskBase_AllocateMask: [global] Allocate the weight function
            CarpetReduce::MaskBase_InitMask: [global] [loop-local] Initialise the weight function
            GROUP SetupIMaskInternal: Set up the integer weight function (schedule other routines in here)
              CarpetReduce::CoordBase_SetupMask: [global] [loop-local] Set up the outer boundaries of the weight function
              CarpetReduce::CarpetMaskSetup: [global] [loop-singlemap] Set up the weight function for the restriction regions
            GROUP SetupIMask: Set up the integer weight function (schedule other routines in here)
              CarpetMask::CarpetExcludedSetup: [global] [loop-local] Set up the weight function for the excluded regions
              CarpetMask::CarpetSurfaceSetup: [global] [loop-local] Set up the weight function for the excluded spherical surfaces
            CarpetReduce::MaskBase_SetMask: [global] [loop-local] Set the weight function
            GROUP SetupMask: Set up the real weight function (schedule other routines in here)
            CarpetReduce::MaskBase_TestMask: [global] Test the weight function
      [CCTK_BASEGRID]
        ADMBase::ADMBase_SetShiftStateOn: Set the shift_state variable to 1
        ADMBase::ADMBase_SetDtLapseStateOff: Set the dtlapse_state variable to 0
        ADMBase::ADMBase_SetDtShiftStateOff: Set the dtshift_state variable to 0
        ADMMacros::ADMMacros_SetLocalSpatialOrder: Initialize the local_spatial_order
        CartGrid3D::SpatialSpacings: Set up ranges for spatial 3D Cartesian coordinates (on all grids)
        CartGrid3D::SpatialCoordinates: Set up spatial 3D Cartesian coordinates on the GH
        SphericalSurface::SphericalSurface_SetupRes: [global] [loop-local] Set surface resolution automatically
        AHFinderDirect::AHFinderDirect_setup: [global] setup data structures
        NaNChecker::NaNChecker_ResetCounter: [global] Reset the NaNChecker::NaNsFound counter
        SphericalSurface::SphericalSurface_Setup: [global] Calculate surface coordinate descriptors
        GROUP MaskBase_SetupMask: Set up the weight function
          GROUP MaskBase_SetupMaskAll: Set up the weight function
            CarpetReduce::MaskBase_AllocateMask: [global] Allocate the weight function
            CarpetReduce::MaskBase_InitMask: [global] [loop-local] Initialise the weight function
            GROUP SetupIMaskInternal: Set up the integer weight function (schedule other routines in here)
              CarpetReduce::CoordBase_SetupMask: [global] [loop-local] Set up the outer boundaries of the weight function
              CarpetReduce::CarpetMaskSetup: [global] [loop-singlemap] Set up the weight function for the restriction regions
            GROUP SetupIMask: Set up the integer weight function (schedule other routines in here)
              CarpetMask::CarpetExcludedSetup: [global] [loop-local] Set up the weight function for the excluded regions
              CarpetMask::CarpetSurfaceSetup: [global] [loop-local] Set up the weight function for the excluded spherical surfaces
            CarpetReduce::MaskBase_SetMask: [global] [loop-local] Set the weight function
            GROUP SetupMask: Set up the real weight function (schedule other routines in here)
            CarpetReduce::MaskBase_TestMask: [global] Test the weight function
        SphericalSurface::SphericalSurface_Set: [global] Set surface radii to be used for initial setup in other thorns
        GROUP SphericalSurface_HasBeenSet: Set the spherical surfaces before this group, and use it afterwards
          SphericalSurface::SphericalSurface_CheckState: [global] Test the state of the spherical surfaces
        SymBase::SymBase_Check: Check whether the driver set up the grid consistently
        Time::Time_Initialise: [global] Initialise Time variables
        Time::TemporalSpacings: [singlemap] Set timestep based on Courant condition (courant_static)
      [CCTK_INITIAL]
        StaticConformal::StaticConformal_InitialiseState: Set the conformal_state variable to 0
        GROUP ADMBase_InitialData: Schedule group for calculating ADM initial data
          Exact::Exact__decode_pars: decode/copy thorn Exact parameters into grid scalars
          Exact::Exact__initialize: Set initial data from exact solution on a trivial slice
        GROUP ADMBase_InitialGauge: Schedule group for the ADM initial gauge condition
          Exact::Exact__gauge: Set initial lapse and/or shift from exact solution on a trivial slice
        CarpetIOASCII::CarpetIOASCIIInit: [global] Initialisation routine
        CarpetIOBasic::CarpetIOBasicInit: [global] Initialisation routine
        CarpetIOScalar::CarpetIOScalarInit: [global] Initialisation routine
        QuasiLocalMeasures::qlm_init: [global] Initialise quasi-local calculations
        GROUP ADMBase_PostInitial: Schedule group for modifying the ADM initial data, such as e.g. adding noise
      [CCTK_POSTINITIAL]
      Initialise finer grids recursively
      Restrict from finer grids
      [CCTK_POSTRESTRICTINITIAL]
      [CCTK_POSTPOSTINITIAL]
      [CCTK_POSTSTEP]
        AHFinderDirect::AHFinderDirect_import_mask: [global] [loop-local] import the excision mask
        AHFinderDirect::AHFinderDirect_find_horizons: [global] find apparent horizon(s) after this time step
        AHFinderDirect::AHFinderDirect_store: [global] store apparent horizon(s) into spherical surface(s)
        AHFinderDirect::AHFinderDirect_save: [global] save apparent horizon(s) into Cactus variables
        AHFinderDirect::AHFinderDirect_maybe_do_masks: set mask(s) based on apparent horizon position(s)
        SphericalSurface::SphericalSurface_Set: [global] Set surface radii
        GROUP zzz_NaNChecker_NaNCheck: Check for NaNs and count them in NaNChecker::NaNsFound
          NaNChecker::NaNChecker_NaNCheck_Prepare: [level] Prepare data structures to check for NaNs
          NaNChecker::NaNChecker_NaNCheck_Check: [local] Check for NaNs
          NaNChecker::NaNChecker_NaNCheck_Finish: [level] Count NaNs in NaNChecker::NaNsFound
        NaNChecker::NaNChecker_TakeAction: [global] [loop-level] Output NaNChecker::NaNmask and take action according to NaNChecker::action_if_found
        GROUP SphericalSurface_HasBeenSet: Set the spherical surfaces before this group, and use it afterwards
          SphericalSurface::SphericalSurface_CheckState: [global] Test the state of the spherical surfaces
        GROUP MaskBase_SetupMask: Set up the weight function
          GROUP MaskBase_SetupMaskAll: Set up the weight function
            CarpetReduce::MaskBase_AllocateMask: [global] Allocate the weight function
            CarpetReduce::MaskBase_InitMask: [global] [loop-local] Initialise the weight function
            GROUP SetupIMaskInternal: Set up the integer weight function (schedule other routines in here)
              CarpetReduce::CoordBase_SetupMask: [global] [loop-local] Set up the outer boundaries of the weight function
              CarpetReduce::CarpetMaskSetup: [global] [loop-singlemap] Set up the weight function for the restriction regions
            GROUP SetupIMask: Set up the integer weight function (schedule other routines in here)
              CarpetMask::CarpetExcludedSetup: [global] [loop-local] Set up the weight function for the excluded regions
              CarpetMask::CarpetSurfaceSetup: [global] [loop-local] Set up the weight function for the excluded spherical surfaces
            CarpetReduce::MaskBase_SetMask: [global] [loop-local] Set the weight function
            GROUP SetupMask: Set up the real weight function (schedule other routines in here)
            CarpetReduce::MaskBase_TestMask: [global] Test the weight function
    endif
    if (recover initial data)
      [CCTK_BASEGRID]
        ADMBase::ADMBase_SetShiftStateOn: Set the shift_state variable to 1
        ADMBase::ADMBase_SetDtLapseStateOff: Set the dtlapse_state variable to 0
        ADMBase::ADMBase_SetDtShiftStateOff: Set the dtshift_state variable to 0
        ADMMacros::ADMMacros_SetLocalSpatialOrder: Initialize the local_spatial_order
        CartGrid3D::SpatialSpacings: Set up ranges for spatial 3D Cartesian coordinates (on all grids)
        CartGrid3D::SpatialCoordinates: Set up spatial 3D Cartesian coordinates on the GH
        SphericalSurface::SphericalSurface_SetupRes: [global] [loop-local] Set surface resolution automatically
        AHFinderDirect::AHFinderDirect_setup: [global] setup data structures
        NaNChecker::NaNChecker_ResetCounter: [global] Reset the NaNChecker::NaNsFound counter
        SphericalSurface::SphericalSurface_Setup: [global] Calculate surface coordinate descriptors
        GROUP MaskBase_SetupMask: Set up the weight function
          GROUP MaskBase_SetupMaskAll: Set up the weight function
            CarpetReduce::MaskBase_AllocateMask: [global] Allocate the weight function
            CarpetReduce::MaskBase_InitMask: [global] [loop-local] Initialise the weight function
            GROUP SetupIMaskInternal: Set up the integer weight function (schedule other routines in here)
              CarpetReduce::CoordBase_SetupMask: [global] [loop-local] Set up the outer boundaries of the weight function
              CarpetReduce::CarpetMaskSetup: [global] [loop-singlemap] Set up the weight function for the restriction regions
            GROUP SetupIMask: Set up the integer weight function (schedule other routines in here)
              CarpetMask::CarpetExcludedSetup: [global] [loop-local] Set up the weight function for the excluded regions
              CarpetMask::CarpetSurfaceSetup: [global] [loop-local] Set up the weight function for the excluded spherical surfaces
            CarpetReduce::MaskBase_SetMask: [global] [loop-local] Set the weight function
            GROUP SetupMask: Set up the real weight function (schedule other routines in here)
            CarpetReduce::MaskBase_TestMask: [global] Test the weight function
        SphericalSurface::SphericalSurface_Set: [global] Set surface radii to be used for initial setup in other thorns
        GROUP SphericalSurface_HasBeenSet: Set the spherical surfaces before this group, and use it afterwards
          SphericalSurface::SphericalSurface_CheckState: [global] Test the state of the spherical surfaces
        SymBase::SymBase_Check: Check whether the driver set up the grid consistently
        Time::Time_Initialise: [global] Initialise Time variables
        Time::TemporalSpacings: [singlemap] Set timestep based on Courant condition (courant_static)
      [CCTK_RECOVER_VARIABLES]
      [CCTK_POST_RECOVER_VARIABLES]
        AHFinderDirect::AHFinderDirect_recover: [global] import horizon data from Cactus variables
        GROUP MaskBase_SetupMask: Set up the weight function
          GROUP MaskBase_SetupMaskAll: Set up the weight function
            CarpetReduce::MaskBase_AllocateMask: [global] Allocate the weight function
            CarpetReduce::MaskBase_InitMask: [global] [loop-local] Initialise the weight function
            GROUP SetupIMaskInternal: Set up the integer weight function (schedule other routines in here)
              CarpetReduce::CoordBase_SetupMask: [global] [loop-local] Set up the outer boundaries of the weight function
              CarpetReduce::CarpetMaskSetup: [global] [loop-singlemap] Set up the weight function for the restriction regions
            GROUP SetupIMask: Set up the integer weight function (schedule other routines in here)
              CarpetMask::CarpetExcludedSetup: [global] [loop-local] Set up the weight function for the excluded regions
              CarpetMask::CarpetSurfaceSetup: [global] [loop-local] Set up the weight function for the excluded spherical surfaces
            CarpetReduce::MaskBase_SetMask: [global] [loop-local] Set the weight function
            GROUP SetupMask: Set up the real weight function (schedule other routines in here)
            CarpetReduce::MaskBase_TestMask: [global] Test the weight function
        GROUP zzz_NaNChecker_NaNCheck: Check for NaNs and count them in NaNChecker::NaNsFound
          NaNChecker::NaNChecker_NaNCheck_Prepare: [level] Prepare data structures to check for NaNs
          NaNChecker::NaNChecker_NaNCheck_Check: [local] Check for NaNs
          NaNChecker::NaNChecker_NaNCheck_Finish: [level] Count NaNs in NaNChecker::NaNsFound
        NaNChecker::NaNChecker_TakeAction: [global] [loop-level] Output NaNChecker::NaNmask and take action according to NaNChecker::action_if_found
    endif
    if (checkpoint initial data)
      [CCTK_CPINITIAL]
    endif
    if (analysis)
      [CCTK_ANALYSIS]
        CarpetLib::CarpetLib_printtimestats: [global] Print timing statistics if desired
        CarpetLib::CarpetLib_printmemstats: [global] Print memory statistics if desired
        LoopControl::LC_statistics_analysis: [meta] Output LoopControl statistics
        QuasiLocalMeasures::qlm_calculate: [global] Calculate quasi-local quantities
  endif
  Output grid variables

  do loop over timesteps
    [CCTK_PREREGRID]
    Change grid hierarchy
    [CCTK_POSTREGRID]
      AHFinderDirect::AHFinderDirect_maybe_do_masks: set mask(s) based on apparent horizon position(s)
      CartGrid3D::SpatialCoordinates: Set Coordinates after regridding
      GROUP MaskBase_SetupMask: Set up the weight function
        GROUP MaskBase_SetupMaskAll: Set up the weight function
          CarpetReduce::MaskBase_AllocateMask: [global] Allocate the weight function
          CarpetReduce::MaskBase_InitMask: [global] [loop-local] Initialise the weight function
          GROUP SetupIMaskInternal: Set up the integer weight function (schedule other routines in here)
            CarpetReduce::CoordBase_SetupMask: [global] [loop-local] Set up the outer boundaries of the weight function
            CarpetReduce::CarpetMaskSetup: [global] [loop-singlemap] Set up the weight function for the restriction regions
          GROUP SetupIMask: Set up the integer weight function (schedule other routines in here)
            CarpetMask::CarpetExcludedSetup: [global] [loop-local] Set up the weight function for the excluded regions
            CarpetMask::CarpetSurfaceSetup: [global] [loop-local] Set up the weight function for the excluded spherical surfaces
          CarpetReduce::MaskBase_SetMask: [global] [loop-local] Set the weight function
          GROUP SetupMask: Set up the real weight function (schedule other routines in here)
          CarpetReduce::MaskBase_TestMask: [global] Test the weight function
    Rotate timelevels
    iteration = iteration+1
    t = t+dt
    [CCTK_PRESTEP]
      CoordGauge::Einstein_SetNextSlicing: Identify the slicing for the next iteration
      Exact::Exact__gauge: Set evolution lapse and/or shift from exact solution on a trivial slice
      Exact::Exact__initialize: Set data from exact solution on an exact slice
      LoopControl::LC_steer: [meta] Update LoopControl algorithm preferences
      NaNChecker::NaNChecker_ResetCounter: [global] Reset the NaNChecker::NaNsFound counter
    [CCTK_EVOL]
    Evolve finer grids recursively
    Restrict from finer grids
    [CCTK_POSTRESTRICT]
    [CCTK_POSTSTEP]
      AHFinderDirect::AHFinderDirect_import_mask: [global] [loop-local] import the excision mask
      AHFinderDirect::AHFinderDirect_find_horizons: [global] find apparent horizon(s) after this time step
      AHFinderDirect::AHFinderDirect_store: [global] store apparent horizon(s) into spherical surface(s)
      AHFinderDirect::AHFinderDirect_save: [global] save apparent horizon(s) into Cactus variables
      AHFinderDirect::AHFinderDirect_maybe_do_masks: set mask(s) based on apparent horizon position(s)
      SphericalSurface::SphericalSurface_Set: [global] Set surface radii
      GROUP zzz_NaNChecker_NaNCheck: Check for NaNs and count them in NaNChecker::NaNsFound
        NaNChecker::NaNChecker_NaNCheck_Prepare: [level] Prepare data structures to check for NaNs
        NaNChecker::NaNChecker_NaNCheck_Check: [local] Check for NaNs
        NaNChecker::NaNChecker_NaNCheck_Finish: [level] Count NaNs in NaNChecker::NaNsFound
      NaNChecker::NaNChecker_TakeAction: [global] [loop-level] Output NaNChecker::NaNmask and take action according to NaNChecker::action_if_found
      GROUP SphericalSurface_HasBeenSet: Set the spherical surfaces before this group, and use it afterwards
        SphericalSurface::SphericalSurface_CheckState: [global] Test the state of the spherical surfaces
      GROUP MaskBase_SetupMask: Set up the weight function
        GROUP MaskBase_SetupMaskAll: Set up the weight function
          CarpetReduce::MaskBase_AllocateMask: [global] Allocate the weight function
          CarpetReduce::MaskBase_InitMask: [global] [loop-local] Initialise the weight function
          GROUP SetupIMaskInternal: Set up the integer weight function (schedule other routines in here)
            CarpetReduce::CoordBase_SetupMask: [global] [loop-local] Set up the outer boundaries of the weight function
            CarpetReduce::CarpetMaskSetup: [global] [loop-singlemap] Set up the weight function for the restriction regions
          GROUP SetupIMask: Set up the integer weight function (schedule other routines in here)
            CarpetMask::CarpetExcludedSetup: [global] [loop-local] Set up the weight function for the excluded regions
            CarpetMask::CarpetSurfaceSetup: [global] [loop-local] Set up the weight function for the excluded spherical surfaces
          CarpetReduce::MaskBase_SetMask: [global] [loop-local] Set the weight function
          GROUP SetupMask: Set up the real weight function (schedule other routines in here)
          CarpetReduce::MaskBase_TestMask: [global] Test the weight function
    if (checkpoint)
      [CCTK_CHECKPOINT]
    endif
    if (analysis)
      [CCTK_ANALYSIS]
      CarpetLib::CarpetLib_printtimestats: [global] Print timing statistics if desired
      CarpetLib::CarpetLib_printmemstats: [global] Print memory statistics if desired
      LoopControl::LC_statistics_analysis: [meta] Output LoopControl statistics
      QuasiLocalMeasures::qlm_calculate: [global] Calculate quasi-local quantities
    endif
    Output grid variables
    enddo

  Termination routines
    [CCTK_TERMINATE]
      LoopControl::LC_statistics_terminate: [meta] Output LoopControl statistics

  Shutdown routines
    [CCTK_SHUTDOWN]
      Timers::Timer_Shutdown: Prepare hierarchical timers

  Routines run after changing the grid hierarchy:
    [CCTK_POSTREGRID]
      AHFinderDirect::AHFinderDirect_maybe_do_masks: set mask(s) based on apparent horizon position(s)
      CartGrid3D::SpatialCoordinates: Set Coordinates after regridding
      GROUP MaskBase_SetupMask: Set up the weight function
        GROUP MaskBase_SetupMaskAll: Set up the weight function
          CarpetReduce::MaskBase_AllocateMask: [global] Allocate the weight function
          CarpetReduce::MaskBase_InitMask: [global] [loop-local] Initialise the weight function
          GROUP SetupIMaskInternal: Set up the integer weight function (schedule other routines in here)
            CarpetReduce::CoordBase_SetupMask: [global] [loop-local] Set up the outer boundaries of the weight function
            CarpetReduce::CarpetMaskSetup: [global] [loop-singlemap] Set up the weight function for the restriction regions
          GROUP SetupIMask: Set up the integer weight function (schedule other routines in here)
            CarpetMask::CarpetExcludedSetup: [global] [loop-local] Set up the weight function for the excluded regions
            CarpetMask::CarpetSurfaceSetup: [global] [loop-local] Set up the weight function for the excluded spherical surfaces
          CarpetReduce::MaskBase_SetMask: [global] [loop-local] Set the weight function
          GROUP SetupMask: Set up the real weight function (schedule other routines in here)
          CarpetReduce::MaskBase_TestMask: [global] Test the weight function
--------------------------------------------------------------------------------
INFO (Carpet): Multi-Model listing:
   model 0: "world"
INFO (Carpet): Multi-Model process distribution:
   processes 0-1: model 0 "world"
INFO (Carpet): Multi-Model: This is process 0, model 0 "world"
INFO (CarpetLib): Process startup time was 1.67 seconds
Current core file size limit: hard=[unlimited], soft=0 MB
Current addres space size limit: hard=[unlimited], soft=[unlimited]
Current data segment size limit: hard=[unlimited], soft=[unlimited]
Current resident set size limit: hard=[unlimited], soft=[unlimited]
INFO (CycleClock): Measuring CycleClock tick via OpenMP...
INFO (CycleClock): Calibrated CycleClock: 0.41715 ns per clock tick (2.39722 GHz)
INFO (Vectors): Using vector size 2 for architecture SSE2 (64-bit precision)
INFO (hwloc): library version 2.1.0, API version 0x20100
--------------------------------------------------------------------------------
AMR driver provided by Carpet
--------------------------------------------------------------------------------
AMR 0D ASCII I/O provided by CarpetIOASCII
--------------------------------------------------------------------------------
AMR 1D ASCII I/O provided by CarpetIOASCII
--------------------------------------------------------------------------------
AMR 2D ASCII I/O provided by CarpetIOASCII
--------------------------------------------------------------------------------
AMR 3D ASCII I/O provided by CarpetIOASCII
--------------------------------------------------------------------------------
AMR info I/O provided by CarpetIOBasic
--------------------------------------------------------------------------------
AMR scalar I/O provided by CarpetIOScalar
--------------------------------------------------------------------------------

INFO (Carpet): MPI is enabled
INFO (Carpet): Carpet is running on 2 processes
INFO (Carpet): This is process 0
INFO (Carpet): OpenMP is enabled
INFO (Carpet): This process contains 1 threads, this is thread 0
INFO (Carpet): There are 2 threads in total
INFO (Carpet): There are 1 threads per process
INFO (Carpet): This process runs on host fv-az292-441, pid=111200
INFO (Carpet): This process runs on 1 core: 0
INFO (Carpet): Thread 0 runs on 1 core: 0
INFO (Carpet): This simulation is running in 3 dimensions
INFO (Carpet): Boundary specification for map 0:
   nboundaryzones: [[3,3,3],[3,3,3]]
   is_internal   : [[0,0,0],[0,0,0]]
   is_staggered  : [[0,0,0],[0,0,0]]
   shiftout      : [[1,1,1],[0,0,0]]
INFO (Carpet): CoordBase domain specification for map 0:
   physical extent: [0,0,0] : [4,4,4]   ([4,4,4])
   interior extent: [0,0,0] : [3.875,3.875,3.875]   ([3.875,3.875,3.875])
   exterior extent: [-0.375,-0.375,-0.375] : [4.25,4.25,4.25]   ([4.625,4.625,4.625])
   base_spacing   : [0.125,0.125,0.125]
INFO (Carpet): Adapted domain specification for map 0:
   convergence factor: 2
   convergence level : 0
   physical extent   : [0,0,0] : [4,4,4]   ([4,4,4])
   interior extent   : [0,0,0] : [3.875,3.875,3.875]   ([3.875,3.875,3.875])
   exterior extent   : [-0.375,-0.375,-0.375] : [4.25,4.25,4.25]   ([4.625,4.625,4.625])
   spacing           : [0.125,0.125,0.125]
INFO (Carpet): Base grid specification for map 0:
   number of grid points             : [38,38,38]
   number of coarse grid ghost points: [[3,3,3],[3,3,3]]
INFO (Carpet): Buffer zone counts (excluding ghosts):
   [0]: [[0,0,0],[0,0,0]]
INFO (Carpet): Overlap zone counts:
   [0]: [[0,0,0],[0,0,0]]
INFO (Carpet): Group and variable statistics:
INFO (Carpet):    There are 155 grid functions in 28 groups
INFO (Carpet):    There are 217 grid scalars in 45 groups
INFO (Carpet):    There are 10 1-dimensional grid arrays in 3 groups
INFO (Carpet):    There are 69 2-dimensional grid arrays in 16 groups
INFO (Carpet):    There are 1 3-dimensional grid arrays in 1 groups
INFO (Carpet):    (The number of variables counts all time levels)
INFO (CarpetIOASCII): I/O Method 'IOASCII_0D' registered: 0D AMR output of grid variables to ASCII files
INFO (CarpetIOASCII): Periodic 0D AMR output requested for:
   CARPETREDUCE::weight
   QUASILOCALMEASURES::qlm_calc_error[0]
   QUASILOCALMEASURES::qlm_have_valid_data[0]
   QUASILOCALMEASURES::qlm_have_killing_vector[0]
   QUASILOCALMEASURES::qlm_timederiv_order[0]
   QUASILOCALMEASURES::qlm_iteration[0]
   QUASILOCALMEASURES::qlm_nghoststheta[0]
   QUASILOCALMEASURES::qlm_nghostsphi[0]
   QUASILOCALMEASURES::qlm_ntheta[0]
   QUASILOCALMEASURES::qlm_nphi[0]
   QUASILOCALMEASURES::qlm_origin_x[0]
   QUASILOCALMEASURES::qlm_origin_y[0]
   QUASILOCALMEASURES::qlm_origin_z[0]
   QUASILOCALMEASURES::qlm_origin_theta[0]
   QUASILOCALMEASURES::qlm_origin_phi[0]
   QUASILOCALMEASURES::qlm_delta_theta[0]
   QUASILOCALMEASURES::qlm_delta_phi[0]
   QUASILOCALMEASURES::qlm_mp_m0[0]
   QUASILOCALMEASURES::qlm_mp_m1[0]
   QUASILOCALMEASURES::qlm_mp_m2[0]
   QUASILOCALMEASURES::qlm_mp_m3[0]
   QUASILOCALMEASURES::qlm_mp_m4[0]
   QUASILOCALMEASURES::qlm_mp_m5[0]
   QUASILOCALMEASURES::qlm_mp_m6[0]
   QUASILOCALMEASURES::qlm_mp_m7[0]
   QUASILOCALMEASURES::qlm_mp_m8[0]
   QUASILOCALMEASURES::qlm_mp_j0[0]
   QUASILOCALMEASURES::qlm_mp_j1[0]
   QUASILOCALMEASURES::qlm_mp_j2[0]
   QUASILOCALMEASURES::qlm_mp_j3[0]
   QUASILOCALMEASURES::qlm_mp_j4[0]
   QUASILOCALMEASURES::qlm_mp_j5[0]
   QUASILOCALMEASURES::qlm_mp_j6[0]
   QUASILOCALMEASURES::qlm_mp_j7[0]
   QUASILOCALMEASURES::qlm_mp_j8[0]
   QUASILOCALMEASURES::qlm_time[0]
   QUASILOCALMEASURES::qlm_equatorial_circumference[0]
   QUASILOCALMEASURES::qlm_polar_circumference_0[0]
   QUASILOCALMEASURES::qlm_polar_circumference_pi_2[0]
   QUASILOCALMEASURES::qlm_area[0]
   QUASILOCALMEASURES::qlm_irreducible_mass[0]
   QUASILOCALMEASURES::qlm_radius[0]
   QUASILOCALMEASURES::qlm_spin_guess[0]
   QUASILOCALMEASURES::qlm_mass_guess[0]
   QUASILOCALMEASURES::qlm_killing_eigenvalue_re[0]
   QUASILOCALMEASURES::qlm_killing_eigenvalue_im[0]
   QUASILOCALMEASURES::qlm_spin[0]
   QUASILOCALMEASURES::qlm_npspin[0]
   QUASILOCALMEASURES::qlm_wsspin[0]
   QUASILOCALMEASURES::qlm_cvspin[0]
   QUASILOCALMEASURES::qlm_coordspinx[0]
   QUASILOCALMEASURES::qlm_coordspiny[0]
   QUASILOCALMEASURES::qlm_coordspinz[0]
   QUASILOCALMEASURES::qlm_mass[0]
   QUASILOCALMEASURES::qlm_adm_energy[0]
   QUASILOCALMEASURES::qlm_adm_momentum_x[0]
   QUASILOCALMEASURES::qlm_adm_momentum_y[0]
   QUASILOCALMEASURES::qlm_adm_momentum_z[0]
   QUASILOCALMEASURES::qlm_adm_angular_momentum_x[0]
   QUASILOCALMEASURES::qlm_adm_angular_momentum_y[0]
   QUASILOCALMEASURES::qlm_adm_angular_momentum_z[0]
   QUASILOCALMEASURES::qlm_w_energy[0]
   QUASILOCALMEASURES::qlm_w_momentum_x[0]
   QUASILOCALMEASURES::qlm_w_momentum_y[0]
   QUASILOCALMEASURES::qlm_w_momentum_z[0]
   QUASILOCALMEASURES::qlm_w_angular_momentum_x[0]
   QUASILOCALMEASURES::qlm_w_angular_momentum_y[0]
   QUASILOCALMEASURES::qlm_w_angular_momentum_z[0]
   SPHERICALSURFACE::sf_valid[0]
   SPHERICALSURFACE::sf_area[0]
   SPHERICALSURFACE::sf_mean_radius[0]
   SPHERICALSURFACE::sf_centroid_x[0]
   SPHERICALSURFACE::sf_centroid_y[0]
   SPHERICALSURFACE::sf_centroid_z[0]
   SPHERICALSURFACE::sf_quadrupole_xx[0]
   SPHERICALSURFACE::sf_quadrupole_xy[0]
   SPHERICALSURFACE::sf_quadrupole_xz[0]
   SPHERICALSURFACE::sf_quadrupole_yy[0]
   SPHERICALSURFACE::sf_quadrupole_yz[0]
   SPHERICALSURFACE::sf_quadrupole_zz[0]
   SPHERICALSURFACE::sf_min_radius[0]
   SPHERICALSURFACE::sf_max_radius[0]
   SPHERICALSURFACE::sf_min_x[0]
   SPHERICALSURFACE::sf_min_y[0]
   SPHERICALSURFACE::sf_min_z[0]
   SPHERICALSURFACE::sf_max_x[0]
   SPHERICALSURFACE::sf_max_y[0]
   SPHERICALSURFACE::sf_max_z[0]
   SPHERICALSURFACE::sf_origin_x[0]
   SPHERICALSURFACE::sf_origin_y[0]
   SPHERICALSURFACE::sf_origin_z[0]
   SPHERICALSURFACE::sf_origin_theta[0]
   SPHERICALSURFACE::sf_origin_phi[0]
   SPHERICALSURFACE::sf_delta_theta[0]
   SPHERICALSURFACE::sf_delta_phi[0]
INFO (CarpetIOASCII): I/O Method 'IOASCII_1D' registered: 1D AMR output of grid variables to ASCII files
INFO (CarpetIOASCII): Periodic 1D AMR output requested for:
   CARPETREDUCE::weight
   QUASILOCALMEASURES::qlm_shape[0]
   QUASILOCALMEASURES::qlm_x[0]
   QUASILOCALMEASURES::qlm_y[0]
   QUASILOCALMEASURES::qlm_z[0]
   QUASILOCALMEASURES::qlm_l0[0]
   QUASILOCALMEASURES::qlm_l1[0]
   QUASILOCALMEASURES::qlm_l2[0]
   QUASILOCALMEASURES::qlm_l3[0]
   QUASILOCALMEASURES::qlm_n0[0]
   QUASILOCALMEASURES::qlm_n1[0]
   QUASILOCALMEASURES::qlm_n2[0]
   QUASILOCALMEASURES::qlm_n3[0]
   QUASILOCALMEASURES::qlm_m0[0]
   QUASILOCALMEASURES::qlm_m1[0]
   QUASILOCALMEASURES::qlm_m2[0]
   QUASILOCALMEASURES::qlm_m3[0]
   QUASILOCALMEASURES::qlm_npkappa[0]
   QUASILOCALMEASURES::qlm_nptau[0]
   QUASILOCALMEASURES::qlm_npsigma[0]
   QUASILOCALMEASURES::qlm_nprho[0]
   QUASILOCALMEASURES::qlm_npepsilon[0]
   QUASILOCALMEASURES::qlm_npgamma[0]
   QUASILOCALMEASURES::qlm_npbeta[0]
   QUASILOCALMEASURES::qlm_npalpha[0]
   QUASILOCALMEASURES::qlm_nppi[0]
   QUASILOCALMEASURES::qlm_npnu[0]
   QUASILOCALMEASURES::qlm_npmu[0]
   QUASILOCALMEASURES::qlm_nplambda[0]
   QUASILOCALMEASURES::qlm_psi0[0]
   QUASILOCALMEASURES::qlm_psi1[0]
   QUASILOCALMEASURES::qlm_psi2[0]
   QUASILOCALMEASURES::qlm_psi3[0]
   QUASILOCALMEASURES::qlm_psi4[0]
   QUASILOCALMEASURES::qlm_i[0]
   QUASILOCALMEASURES::qlm_j[0]
   QUASILOCALMEASURES::qlm_s[0]
   QUASILOCALMEASURES::qlm_sdiff[0]
   QUASILOCALMEASURES::qlm_phi00[0]
   QUASILOCALMEASURES::qlm_phi11[0]
   QUASILOCALMEASURES::qlm_phi01[0]
   QUASILOCALMEASURES::qlm_phi12[0]
   QUASILOCALMEASURES::qlm_phi10[0]
   QUASILOCALMEASURES::qlm_phi21[0]
   QUASILOCALMEASURES::qlm_phi02[0]
   QUASILOCALMEASURES::qlm_phi22[0]
   QUASILOCALMEASURES::qlm_phi20[0]
   QUASILOCALMEASURES::qlm_lambda[0]
   QUASILOCALMEASURES::qlm_lie_n_theta_l[0]
   QUASILOCALMEASURES::qlm_qtt[0]
   QUASILOCALMEASURES::qlm_qtp[0]
   QUASILOCALMEASURES::qlm_qpp[0]
   QUASILOCALMEASURES::qlm_rsc[0]
   QUASILOCALMEASURES::qlm_xi_t[0]
   QUASILOCALMEASURES::qlm_xi_p[0]
   QUASILOCALMEASURES::qlm_chi[0]
   QUASILOCALMEASURES::qlm_lqtt[0]
   QUASILOCALMEASURES::qlm_lqtp[0]
   QUASILOCALMEASURES::qlm_lqpp[0]
   QUASILOCALMEASURES::qlm_inv_z[0]
   QUASILOCALMEASURES::qlm_3det[0]
   SPHERICALSURFACE::sf_radius[0]
INFO (CarpetIOASCII): I/O Method 'IOASCII_2D' registered: 2D AMR output of grid variables to ASCII files
INFO (CarpetIOASCII): I/O Method 'IOASCII_3D' registered: 3D AMR output of grid variables to ASCII files
INFO (CarpetIOScalar): Periodic scalar output requested for:
   ADMBASE::gxx
   ADMBASE::gxy
   ADMBASE::gxz
   ADMBASE::gyy
   ADMBASE::gyz
   ADMBASE::gzz
   ADMBASE::kxx
   ADMBASE::kxy
   ADMBASE::kxz
   ADMBASE::kyy
   ADMBASE::kyz
   ADMBASE::kzz
   ADMBASE::alp
   ADMBASE::betax
   ADMBASE::betay
   ADMBASE::betaz
   CARPETREDUCE::weight
   QUASILOCALMEASURES::qlm_shape[0]
   QUASILOCALMEASURES::qlm_x[0]
   QUASILOCALMEASURES::qlm_y[0]
   QUASILOCALMEASURES::qlm_z[0]
   QUASILOCALMEASURES::qlm_l0[0]
   QUASILOCALMEASURES::qlm_l1[0]
   QUASILOCALMEASURES::qlm_l2[0]
   QUASILOCALMEASURES::qlm_l3[0]
   QUASILOCALMEASURES::qlm_n0[0]
   QUASILOCALMEASURES::qlm_n1[0]
   QUASILOCALMEASURES::qlm_n2[0]
   QUASILOCALMEASURES::qlm_n3[0]
   QUASILOCALMEASURES::qlm_phi00[0]
   QUASILOCALMEASURES::qlm_phi11[0]
   QUASILOCALMEASURES::qlm_phi01[0]
   QUASILOCALMEASURES::qlm_phi12[0]
   QUASILOCALMEASURES::qlm_phi10[0]
   QUASILOCALMEASURES::qlm_phi21[0]
   QUASILOCALMEASURES::qlm_phi02[0]
   QUASILOCALMEASURES::qlm_phi22[0]
   QUASILOCALMEASURES::qlm_phi20[0]
   QUASILOCALMEASURES::qlm_lambda[0]
   QUASILOCALMEASURES::qlm_lie_n_theta_l[0]
   QUASILOCALMEASURES::qlm_qtt[0]
   QUASILOCALMEASURES::qlm_qtp[0]
   QUASILOCALMEASURES::qlm_qpp[0]
   QUASILOCALMEASURES::qlm_rsc[0]
   QUASILOCALMEASURES::qlm_xi_t[0]
   QUASILOCALMEASURES::qlm_xi_p[0]
   QUASILOCALMEASURES::qlm_chi[0]
   QUASILOCALMEASURES::qlm_lqtt[0]
   QUASILOCALMEASURES::qlm_lqtp[0]
   QUASILOCALMEASURES::qlm_lqpp[0]
   QUASILOCALMEASURES::qlm_inv_z[0]
   QUASILOCALMEASURES::qlm_3det[0]
   SPHERICALSURFACE::sf_radius[0]
INFO (SymBase): Symmetry on lower x-face: rotating_symmetry_90
INFO (SymBase): Symmetry on lower y-face: rotating_symmetry_90
INFO (SymBase): Symmetry on lower z-face: reflection_symmetry
INFO (Vectors): Testing vectorisation... [errors may result in segfaults]
INFO (Vectors): 375/375 tests passed 
INFO (CartGrid3D): Grid Spacings:
INFO (CartGrid3D): dx=>1.2500000e-01  dy=>1.2500000e-01  dz=>1.2500000e-01
INFO (CartGrid3D): Computational Coordinates:
INFO (CartGrid3D): x=>[-0.375, 4.250]  y=>[-0.375, 4.250]  z=>[-0.375, 4.250]
INFO (CartGrid3D): Indices of Physical Coordinates:
INFO (CartGrid3D): x=>[0,37]  y=>[0,37]  z=>[0,37]
INFO (AHFinderDirect): setting up AHFinderDirect data structures
INFO (AHFinderDirect):            to search for 1 horizon on 2 processors
INFO (AHFinderDirect):       constructing full sphere patch system
INFO (AHFinderDirect):                    at origin (0,0,0)
INFO (AHFinderDirect):                    with 18 angular zones per right angle
INFO (AHFinderDirect):       ==> 2166 nominal, 3174 ghosted angular grid points
INFO (Time): Timestep set to 0.05 (courant_static)
INFO (Exact): setting exact data on slice
INFO (QuasiLocalMeasures): Initialising Quasi-Local Measure calculations
INFO (AHFinderDirect): proc 0: searching for horizon 1/1
INFO (AHFinderDirect): AH 1/1: r=1.72728 at (0.000000,-0.000000,-0.000000)
INFO (AHFinderDirect): AH 1/1: area=40.21148572 m_irreducible=0.894417179
INFO (QuasiLocalMeasures): Calculating quasi-local quantities for surface    0
INFO (QuasiLocalMeasures): Importing from spherical surface    0
INFO (QuasiLocalMeasures): Geometric quantities for surface    0:
INFO (QuasiLocalMeasures):    Area A:                            40.2112
INFO (QuasiLocalMeasures):    Irreducible mass M = R/2:         0.894414
INFO (QuasiLocalMeasures):    Areal radius R = sqrt(A/4pi):      1.78883
INFO (QuasiLocalMeasures): Coordinate-dependent quantities for surface    0:
INFO (QuasiLocalMeasures):    Equatorial circumference:             12.5662
INFO (QuasiLocalMeasures):    Polar circumference at phi=0:         10.6545
INFO (QuasiLocalMeasures):    Polar circumference at phi=pi/2:      10.6545
INFO (QuasiLocalMeasures):    Spin guess J from distortion:        0.799986
INFO (QuasiLocalMeasures):    Mass guess M from distortion:        0.999987
INFO (QuasiLocalMeasures): Isolated Horizon quantities for surface    0:
INFO (QuasiLocalMeasures):    Killing vector field eigenvalue norm:      1.00008
INFO (QuasiLocalMeasures):    Spin J:                                   0.800869
INFO (QuasiLocalMeasures):    Kerr spin parameter a = J/M:              0.800702
INFO (QuasiLocalMeasures):    Dimensionless spin parameter a = J/M^2:   0.800536
INFO (QuasiLocalMeasures):    Spin J from NP:                            1.38346
INFO (QuasiLocalMeasures):    Spin J from phi-coordinate-vector:         0.00000
INFO (QuasiLocalMeasures):    Mass M:                                    1.00021
INFO (QuasiLocalMeasures): Global quantities for surface    0:
INFO (QuasiLocalMeasures):    ADM energy:                 0.424739
INFO (QuasiLocalMeasures):    ADM momentum x:            -0.152022E-10
INFO (QuasiLocalMeasures):    ADM momentum y:             0.147379E-10
INFO (QuasiLocalMeasures):    ADM momentum z:             0.219450E-10
INFO (QuasiLocalMeasures):    ADM angular momentum x:    -0.127942E-11
INFO (QuasiLocalMeasures):    ADM angular momentum y:     0.741522E-13
INFO (QuasiLocalMeasures):    ADM angular momentum z:     0.219169
INFO (QuasiLocalMeasures):    Weinberg energy:                 0.738495
INFO (QuasiLocalMeasures):    Weinberg momentum x:            -0.372708E-11
INFO (QuasiLocalMeasures):    Weinberg momentum y:             0.311999E-11
INFO (QuasiLocalMeasures):    Weinberg momentum z:             0.899233E-11
INFO (QuasiLocalMeasures):    Weinberg angular momentum x:     0.444569E-11
INFO (QuasiLocalMeasures):    Weinberg angular momentum y:     0.518210E-11
INFO (QuasiLocalMeasures):    Weinberg angular momentum z:     0.799983
WARNING level 2 from host fv-az292-441.tqgtyn10aqxuxoi0mkfbldi5vh.jx.internal.cloudapp.net process 0
  while executing schedule bin CCTK_ANALYSIS, routine QuasiLocalMeasures::qlm_calculate
  in thorn QuasiLocalMeasures, file qlm_calculate.F90:130:
  -> There were not enough past time levels available for accurate calculations
-------------------------------------------------------------------------------
Iteration      Time | *qlm_3det[0] | *m_radius[0] | *qlm_spin[0] | *qlm_mass[0]
                    |        norm2 |              |              |             
-------------------------------------------------------------------------------
        0     0.000 |    0.0000097 |    1.7888274 |    0.8008693 |    1.0002084
INFO (Exact): setting exact data on slice
INFO (AHFinderDirect): proc 0: searching for horizon 1/1
INFO (AHFinderDirect): AH 1/1: r=1.72728 at (0.000000,-0.000000,-0.000000)
INFO (AHFinderDirect): AH 1/1: area=40.21148572 m_irreducible=0.894417179
INFO (QuasiLocalMeasures): Calculating quasi-local quantities for surface    0
INFO (QuasiLocalMeasures): Importing from spherical surface    0
INFO (QuasiLocalMeasures): Geometric quantities for surface    0:
INFO (QuasiLocalMeasures):    Area A:                            40.2112
INFO (QuasiLocalMeasures):    Irreducible mass M = R/2:         0.894414
INFO (QuasiLocalMeasures):    Areal radius R = sqrt(A/4pi):      1.78883
INFO (QuasiLocalMeasures): Coordinate-dependent quantities for surface    0:
INFO (QuasiLocalMeasures):    Equatorial circumference:             12.5662
INFO (QuasiLocalMeasures):    Polar circumference at phi=0:         10.6545
INFO (QuasiLocalMeasures):    Polar circumference at phi=pi/2:      10.6545
INFO (QuasiLocalMeasures):    Spin guess J from distortion:        0.799986
INFO (QuasiLocalMeasures):    Mass guess M from distortion:        0.999987
INFO (QuasiLocalMeasures): Isolated Horizon quantities for surface    0:
INFO (QuasiLocalMeasures):    Killing vector field eigenvalue norm:      1.00008
INFO (QuasiLocalMeasures):    Spin J:                                   0.800869
INFO (QuasiLocalMeasures):    Kerr spin parameter a = J/M:              0.800702
INFO (QuasiLocalMeasures):    Dimensionless spin parameter a = J/M^2:   0.800536
INFO (QuasiLocalMeasures):    Spin J from NP:                            1.38346
INFO (QuasiLocalMeasures):    Spin J from phi-coordinate-vector:         0.00000
INFO (QuasiLocalMeasures):    Mass M:                                    1.00021
INFO (QuasiLocalMeasures): Global quantities for surface    0:
INFO (QuasiLocalMeasures):    ADM energy:                 0.424739
INFO (QuasiLocalMeasures):    ADM momentum x:            -0.152022E-10
INFO (QuasiLocalMeasures):    ADM momentum y:             0.147379E-10
INFO (QuasiLocalMeasures):    ADM momentum z:             0.219450E-10
INFO (QuasiLocalMeasures):    ADM angular momentum x:    -0.127942E-11
INFO (QuasiLocalMeasures):    ADM angular momentum y:     0.741522E-13
INFO (QuasiLocalMeasures):    ADM angular momentum z:     0.219169
INFO (QuasiLocalMeasures):    Weinberg energy:                 0.738495
INFO (QuasiLocalMeasures):    Weinberg momentum x:            -0.372708E-11
INFO (QuasiLocalMeasures):    Weinberg momentum y:             0.311999E-11
INFO (QuasiLocalMeasures):    Weinberg momentum z:             0.899233E-11
INFO (QuasiLocalMeasures):    Weinberg angular momentum x:     0.444569E-11
INFO (QuasiLocalMeasures):    Weinberg angular momentum y:     0.518210E-11
INFO (QuasiLocalMeasures):    Weinberg angular momentum z:     0.799983
WARNING level 2 from host fv-az292-441.tqgtyn10aqxuxoi0mkfbldi5vh.jx.internal.cloudapp.net process 0
  while executing schedule bin CCTK_ANALYSIS, routine QuasiLocalMeasures::qlm_calculate
  in thorn QuasiLocalMeasures, file qlm_calculate.F90:130:
  -> There were not enough past time levels available for accurate calculations
        1     0.050 |    0.0000097 |    1.7888274 |    0.8008693 |    1.0002084
INFO (Exact): setting exact data on slice
INFO (AHFinderDirect): proc 0: searching for horizon 1/1
INFO (AHFinderDirect): AH 1/1: r=1.72728 at (0.000000,-0.000000,-0.000000)
INFO (AHFinderDirect): AH 1/1: area=40.21148572 m_irreducible=0.894417179
INFO (QuasiLocalMeasures): Calculating quasi-local quantities for surface    0
INFO (QuasiLocalMeasures): Importing from spherical surface    0
INFO (QuasiLocalMeasures): Geometric quantities for surface    0:
INFO (QuasiLocalMeasures):    Area A:                            40.2112
INFO (QuasiLocalMeasures):    Irreducible mass M = R/2:         0.894414
INFO (QuasiLocalMeasures):    Areal radius R = sqrt(A/4pi):      1.78883
INFO (QuasiLocalMeasures): Coordinate-dependent quantities for surface    0:
INFO (QuasiLocalMeasures):    Equatorial circumference:             12.5662
INFO (QuasiLocalMeasures):    Polar circumference at phi=0:         10.6545
INFO (QuasiLocalMeasures):    Polar circumference at phi=pi/2:      10.6545
INFO (QuasiLocalMeasures):    Spin guess J from distortion:        0.799986
INFO (QuasiLocalMeasures):    Mass guess M from distortion:        0.999987
INFO (QuasiLocalMeasures): Isolated Horizon quantities for surface    0:
INFO (QuasiLocalMeasures):    Killing vector field eigenvalue norm:      1.00008
INFO (QuasiLocalMeasures):    Spin J:                                   0.800869
INFO (QuasiLocalMeasures):    Kerr spin parameter a = J/M:              0.800702
INFO (QuasiLocalMeasures):    Dimensionless spin parameter a = J/M^2:   0.800536
INFO (QuasiLocalMeasures):    Spin J from NP:                            1.38346
INFO (QuasiLocalMeasures):    Spin J from phi-coordinate-vector:         0.00000
INFO (QuasiLocalMeasures):    Mass M:                                    1.00021
INFO (QuasiLocalMeasures): Global quantities for surface    0:
INFO (QuasiLocalMeasures):    ADM energy:                 0.424739
INFO (QuasiLocalMeasures):    ADM momentum x:            -0.152022E-10
INFO (QuasiLocalMeasures):    ADM momentum y:             0.147379E-10
INFO (QuasiLocalMeasures):    ADM momentum z:             0.219450E-10
INFO (QuasiLocalMeasures):    ADM angular momentum x:    -0.127942E-11
INFO (QuasiLocalMeasures):    ADM angular momentum y:     0.741522E-13
INFO (QuasiLocalMeasures):    ADM angular momentum z:     0.219169
INFO (QuasiLocalMeasures):    Weinberg energy:                 0.738495
INFO (QuasiLocalMeasures):    Weinberg momentum x:            -0.372708E-11
INFO (QuasiLocalMeasures):    Weinberg momentum y:             0.311999E-11
INFO (QuasiLocalMeasures):    Weinberg momentum z:             0.899233E-11
INFO (QuasiLocalMeasures):    Weinberg angular momentum x:     0.444569E-11
INFO (QuasiLocalMeasures):    Weinberg angular momentum y:     0.518210E-11
INFO (QuasiLocalMeasures):    Weinberg angular momentum z:     0.799983
        2     0.100 |    0.0000097 |    1.7888274 |    0.8008693 |    1.0002084
INFO (Exact): setting exact data on slice
INFO (AHFinderDirect): proc 0: searching for horizon 1/1
INFO (AHFinderDirect): AH 1/1: r=1.72728 at (0.000000,-0.000000,-0.000000)
INFO (AHFinderDirect): AH 1/1: area=40.21148572 m_irreducible=0.894417179
INFO (QuasiLocalMeasures): Calculating quasi-local quantities for surface    0
INFO (QuasiLocalMeasures): Importing from spherical surface    0
INFO (QuasiLocalMeasures): Geometric quantities for surface    0:
INFO (QuasiLocalMeasures):    Area A:                            40.2112
INFO (QuasiLocalMeasures):    Irreducible mass M = R/2:         0.894414
INFO (QuasiLocalMeasures):    Areal radius R = sqrt(A/4pi):      1.78883
INFO (QuasiLocalMeasures): Coordinate-dependent quantities for surface    0:
INFO (QuasiLocalMeasures):    Equatorial circumference:             12.5662
INFO (QuasiLocalMeasures):    Polar circumference at phi=0:         10.6545
INFO (QuasiLocalMeasures):    Polar circumference at phi=pi/2:      10.6545
INFO (QuasiLocalMeasures):    Spin guess J from distortion:        0.799986
INFO (QuasiLocalMeasures):    Mass guess M from distortion:        0.999987
INFO (QuasiLocalMeasures): Isolated Horizon quantities for surface    0:
INFO (QuasiLocalMeasures):    Killing vector field eigenvalue norm:      1.00008
INFO (QuasiLocalMeasures):    Spin J:                                   0.800869
INFO (QuasiLocalMeasures):    Kerr spin parameter a = J/M:              0.800702
INFO (QuasiLocalMeasures):    Dimensionless spin parameter a = J/M^2:   0.800536
INFO (QuasiLocalMeasures):    Spin J from NP:                            1.38346
INFO (QuasiLocalMeasures):    Spin J from phi-coordinate-vector:         0.00000
INFO (QuasiLocalMeasures):    Mass M:                                    1.00021
INFO (QuasiLocalMeasures): Global quantities for surface    0:
INFO (QuasiLocalMeasures):    ADM energy:                 0.424739
INFO (QuasiLocalMeasures):    ADM momentum x:            -0.152022E-10
INFO (QuasiLocalMeasures):    ADM momentum y:             0.147379E-10
INFO (QuasiLocalMeasures):    ADM momentum z:             0.219450E-10
INFO (QuasiLocalMeasures):    ADM angular momentum x:    -0.127942E-11
INFO (QuasiLocalMeasures):    ADM angular momentum y:     0.741522E-13
INFO (QuasiLocalMeasures):    ADM angular momentum z:     0.219169
INFO (QuasiLocalMeasures):    Weinberg energy:                 0.738495
INFO (QuasiLocalMeasures):    Weinberg momentum x:            -0.372708E-11
INFO (QuasiLocalMeasures):    Weinberg momentum y:             0.311999E-11
INFO (QuasiLocalMeasures):    Weinberg momentum z:             0.899233E-11
INFO (QuasiLocalMeasures):    Weinberg angular momentum x:     0.444569E-11
INFO (QuasiLocalMeasures):    Weinberg angular momentum y:     0.518210E-11
INFO (QuasiLocalMeasures):    Weinberg angular momentum z:     0.799983
        3     0.150 |    0.0000097 |    1.7888274 |    0.8008693 |    1.0002084
--------------------------------------------------------------------------------
Done.
+ echo Stopping:
Stopping:
+ date
Fri Nov 18 15:24:42 UTC 2022
+ echo Done.
Done.
  Elapsed time: 5.8 s
