/home/runner/simulations/TestJob01_temp_1/output-0000/TEST/sim/MemSpeed
Preparing:
+ set -e
+ cd output-0000-active
+ echo Checking:
Checking:
+ pwd
/home/runner/simulations/TestJob01_temp_1/output-0000/TEST/sim/MemSpeed/output-0000-active
+ hostname
fv-az587-35
+ date
Wed Oct 11 02:46:38 UTC 2023
+ echo Environment:
Environment:
+ export CACTUS_NUM_PROCS=1
+ CACTUS_NUM_PROCS=1
+ export CACTUS_NUM_THREADS=2
+ CACTUS_NUM_THREADS=2
+ export GMON_OUT_PREFIX=gmon.out
+ GMON_OUT_PREFIX=gmon.out
+ export OMP_NUM_THREADS=2
+ OMP_NUM_THREADS=2
+ env
+ sort
+ echo Starting:
Starting:
++ date +%s
+ export CACTUS_STARTTIME=1696992398
+ CACTUS_STARTTIME=1696992398
+ '[' 1 = 1 ']'
+ '[' 0 -eq 0 ']'
+ /home/runner/simulations/TestJob01_temp_1/SIMFACTORY/exe/cactus_sim -L 3 /home/runner/simulations/TestJob01_temp_1/output-0000/arrangements/CactusUtils/MemSpeed/test/memspeed.par
INFO (Cactus): Increased logging level from 0 to 3
--------------------------------------------------------------------------------

       10                                  
  1   0101       ************************  
  01  1010 10      The Cactus Code V4.14.0    
 1010 1101 011      www.cactuscode.org     
  1001 100101    ************************  
    00010101                               
     100011     (c) Copyright The Authors  
      0100      GNU Licensed. No Warranty  
      0101                                 
--------------------------------------------------------------------------------

Cactus version:    4.14.0
Compile date:      Oct 11 2023 (02:37:55)
Run date:          Oct 11 2023 (02:46:39+0000)
Run host:          fv-az587-35.n5r5fjoihw3epm2rwe1s04yyyc.gx.internal.cloudapp.net (pid=130058)
Working directory: /home/runner/simulations/TestJob01_temp_1/output-0000/TEST/sim/MemSpeed
Executable:        /home/runner/simulations/TestJob01_temp_1/SIMFACTORY/exe/cactus_sim
Parameter file:    /home/runner/simulations/TestJob01_temp_1/output-0000/arrangements/CactusUtils/MemSpeed/test/memspeed.par
--------------------------------------------------------------------------------

Activating thorn Cactus...Success -> active implementation Cactus
Activation requested for 
--->hwloc MemSpeed SystemTopology CartGrid3D CoordBase IOASCII IOUtil PUGH PUGHSlab<---
Thorn hwloc requests automatic activation of zlib
Thorn MemSpeed requests automatic activation of Vectors
Thorn MemSpeed requests automatic activation of MPI
Activating thorn CartGrid3D...Success -> active implementation grid
Activating thorn CoordBase...Success -> active implementation CoordBase
Activating thorn hwloc...Success -> active implementation hwloc
Activating thorn IOASCII...Success -> active implementation IOASCII
Activating thorn IOUtil...Success -> active implementation IO
Activating thorn MemSpeed...Success -> active implementation MemSpeed
Activating thorn MPI...Success -> active implementation MPI
Activating thorn PUGH...Success -> active implementation Driver
Activating thorn PUGHSlab...Success -> active implementation Hyperslab
Activating thorn SystemTopology...Success -> active implementation SystemTopology
Activating thorn Vectors...Success -> active implementation Vectors
Activating thorn zlib...Success -> active implementation zlib
--------------------------------------------------------------------------------
  if (recover initial data)
    Recover parameters
  endif

  Startup routines
    [CCTK_STARTUP]
      CartGrid3D::SymmetryStartup: Register GH Extension for GridSymmetry
      CoordBase::CoordBase_Startup: Register a GH extension to store the coordinate system handles
      GROUP hwloc_startup: hwloc startup group
        hwloc::hwloc_version: Output hwloc version
      SystemTopology::ST_system_topology: Output and/or modify system topology and hardware locality
      PUGH::Driver_Startup: Startup routine
      PUGH::PUGH_RegisterPUGHP2LRoutines: Register Physical to Logical process mapping routines
      PUGH::PUGH_RegisterPUGHTopologyRoutines: Register topology generation routines routines
      IOUtil::IOUtil_Startup: Startup routine
      Vectors::Vectors_Startup: Print startup message
      IOASCII::IOASCII_Startup: Startup routine

  Startup routines which need an existing grid hierarchy
    [CCTK_WRAGH]
      CartGrid3D::RegisterCartGrid3DCoords: [meta] Register coordinates for the Cartesian grid
      MemSpeed::MemSpeed_MeasureSpeed: [meta] Measure CPU, memory, cache speeds
  Parameter checking routines
    [CCTK_PARAMCHECK]
      CartGrid3D::ParamCheck_CartGrid3D: Check coordinates for CartGrid3D
      Vectors::Vectors_Test: Run correctness tests.

  Initialisation
    if (NOT (recover initial data AND recovery_mode is 'strict'))
      [CCTK_PREREGRIDINITIAL]
      Set up grid hierarchy
      [CCTK_POSTREGRIDINITIAL]
        CartGrid3D::SpatialCoordinates: Set Coordinates after regridding
      [CCTK_BASEGRID]
        CartGrid3D::SpatialSpacings: Set up ranges for spatial 3D Cartesian coordinates (on all grids)
        CartGrid3D::SpatialCoordinates: Set up spatial 3D Cartesian coordinates on the GH
        IOASCII::IOASCII_Choose1D: Choose 1D output lines
        IOASCII::IOASCII_Choose2D: Choose 2D output planes
        PUGH::PUGH_Report: Report on PUGH set up
      [CCTK_INITIAL]
      [CCTK_POSTINITIAL]
      Initialise finer grids recursively
      Restrict from finer grids
      [CCTK_POSTRESTRICTINITIAL]
      [CCTK_POSTPOSTINITIAL]
      [CCTK_POSTSTEP]
    endif
    if (recover initial data)
      [CCTK_BASEGRID]
        CartGrid3D::SpatialSpacings: Set up ranges for spatial 3D Cartesian coordinates (on all grids)
        CartGrid3D::SpatialCoordinates: Set up spatial 3D Cartesian coordinates on the GH
        IOASCII::IOASCII_Choose1D: Choose 1D output lines
        IOASCII::IOASCII_Choose2D: Choose 2D output planes
        PUGH::PUGH_Report: Report on PUGH set up
      [CCTK_RECOVER_VARIABLES]
      [CCTK_POST_RECOVER_VARIABLES]
    endif
    if (checkpoint initial data)
      [CCTK_CPINITIAL]
    endif
    if (analysis)
      [CCTK_ANALYSIS]
  endif
  Output grid variables

  do loop over timesteps
    [CCTK_PREREGRID]
    Change grid hierarchy
    [CCTK_POSTREGRID]
      CartGrid3D::SpatialCoordinates: Set Coordinates after regridding
    Rotate timelevels
    iteration = iteration+1
    t = t+dt
    [CCTK_PRESTEP]
    [CCTK_EVOL]
    Evolve finer grids recursively
    Restrict from finer grids
    [CCTK_POSTRESTRICT]
    [CCTK_POSTSTEP]
    if (checkpoint)
      [CCTK_CHECKPOINT]
    endif
    if (analysis)
      [CCTK_ANALYSIS]
    endif
    Output grid variables
    enddo

  Termination routines
    [CCTK_TERMINATE]
      PUGH::Driver_Terminate: Termination routine

  Shutdown routines
    [CCTK_SHUTDOWN]

  Routines run after changing the grid hierarchy:
    [CCTK_POSTREGRID]
      CartGrid3D::SpatialCoordinates: Set Coordinates after regridding
--------------------------------------------------------------------------------
INFO (hwloc): library version 2.7.0, API version 0x20500
INFO (SystemTopology): MPI process-to-host mapping:
This is MPI process 0 of 1
MPI hosts:
  0: fv-az587-35
This MPI process runs on host 0 of 1
On this host, this is MPI process 0 of 1
INFO (SystemTopology): Topology support:
Discovery support:
  discovery->pu                            : yes
CPU binding support:
  cpubind->set_thisproc_cpubind            : yes
  cpubind->get_thisproc_cpubind            : yes
  cpubind->set_proc_cpubind                : yes
  cpubind->get_proc_cpubind                : yes
  cpubind->set_thisthread_cpubind          : yes
  cpubind->get_thisthread_cpubind          : yes
  cpubind->set_thread_cpubind              : yes
  cpubind->get_thread_cpubind              : yes
  cpubind->get_thisproc_last_cpu_location  : yes
  cpubind->get_proc_last_cpu_location      : yes
  cpubind->get_thisthread_last_cpu_location: yes
Memory binding support:
  membind->set_thisproc_membind            : no
  membind->get_thisproc_membind            : no
  membind->set_proc_membind                : no
  membind->get_proc_membind                : no
  membind->set_thisthread_membind          : yes
  membind->get_thisthread_membind          : yes
  membind->set_area_membind                : yes
  membind->get_area_membind                : yes
  membind->alloc_membind                   : yes
  membind->firsttouch_membind              : yes
  membind->bind_membind                    : yes
  membind->interleave_membind              : yes
  membind->nexttouch_membind               : no
  membind->migrate_membind                 : yes
INFO (SystemTopology): Hardware objects in this node:
Machine L#0: (P#0, total=7088116KB, DMIProductName="Virtual Machine", DMIProductVersion=7.0, DMIProductUUID=daa27085-2631-2f4c-b7b0-a399064cdd24, DMIBoardVendor="Microsoft Corporation", DMIBoardName="Virtual Machine", DMIBoardVersion=7.0, DMIChassisVendor="Microsoft Corporation", DMIChassisType=3, DMIChassisVersion=7.0, DMIChassisAssetTag=7783-7084-3265-9085-8269-3286-77, DMIBIOSVendor="American Megatrends Inc.", DMIBIOSVersion="090008 ", DMIBIOSDate=12/07/2018, DMISysVendor="Microsoft Corporation", Backend=Linux, LinuxCgroup=/system.slice/runner-provisioner.service, OSName=Linux, OSRelease=6.2.0-1012-azure, OSVersion="#12~22.04.1-Ubuntu SMP Thu Sep  7 14:07:14 UTC 2023", HostName=fv-az587-35, Architecture=x86_64, hwlocVersion=2.7.0, ProcessName=cactus_sim)
  Package L#0: (P#0, total=7088116KB, CPUVendor=GenuineIntel, CPUFamilyNumber=6, CPUModelNumber=63, CPUModel="Intel(R) Xeon(R) CPU E5-2673 v3 @ 2.40GHz", CPUStepping=2)
    L3Cache L#0: (P#0, size=30720KB, linesize=64, ways=20, Inclusive=1)
      L2Cache L#0: (P#0, size=256KB, linesize=64, ways=8, Inclusive=0)
        L1dCache L#0: (P#0, size=32KB, linesize=64, ways=8, Inclusive=0)
          Core L#0: (P#0)
            PU L#0: (P#0)
      L2Cache L#1: (P#1, size=256KB, linesize=64, ways=8, Inclusive=0)
        L1dCache L#1: (P#1, size=32KB, linesize=64, ways=8, Inclusive=0)
          Core L#1: (P#1)
            PU L#1: (P#1)
INFO (SystemTopology): Thread CPU bindings:
  MPI process 0 on host 0 (process 0 of 1 on this host)
    OpenMP thread 0: PU set L#{0-1} P#{0-1}
    OpenMP thread 1: PU set L#{0-1} P#{0-1}
INFO (SystemTopology): Setting thread CPU bindings:
INFO (SystemTopology): Thread CPU bindings:
  MPI process 0 on host 0 (process 0 of 1 on this host)
    OpenMP thread 0: PU set L#{0} P#{0}
    OpenMP thread 1: PU set L#{1} P#{1}
INFO (SystemTopology): Extracting CPU/cache/memory properties:
  There are 1 PUs per core (aka hardware SMT threads)
  There are 1 threads per core (aka SMT threads used)
  Cache (unknown name) has type "data" depth 1
    size 32768 linesize 64 associativity 8 stride 4096, for 1 PUs
  Cache (unknown name) has type "unified" depth 2
    size 262144 linesize 64 associativity 8 stride 32768, for 1 PUs
  Cache (unknown name) has type "unified" depth 3
    size 31457280 linesize 64 associativity 20 stride 1572864, for 2 PUs
INFO (PUGH): Using physical to logical mappings: direct
INFO (PUGH): Using topology generator: automatic
INFO (Vectors): Using vector size 2 for architecture SSE2 (64-bit precision)
--------------------------------------------------------------------------------
Driver provided by PUGH
--------------------------------------------------------------------------------

INFO (PUGH): Not setting up a topology for 1 dimensions
INFO (PUGH): Not setting up a topology for 2 dimensions
INFO (PUGH): Setting up a topology for 3 dimensions
INFO (IOASCII): I/O Method 'IOASCII_1D' registered: output of 1D lines of grid functions/arrays to ASCII files
INFO (IOASCII): Periodic 1D output every 1 iterations
INFO (IOASCII): Periodic 1D output requested for 'GRID::r'
INFO (IOASCII): I/O Method 'IOASCII_2D' registered: output of 2D planes of grid functions/arrays to ASCII files
INFO (IOASCII): Periodic 2D output turned off
INFO (IOASCII): I/O Method 'IOASCII_3D' registered: output of 3D grid functions/arrays to ASCII files
INFO (IOASCII): Periodic 3D output turned off
INFO (MemSpeed): Measuring CPU, cache, memory, and communication speeds:
  Single-core measurements (using 1 MPI processes with 1 OpenMP threads each):
    CPU frequency:
      iterations=1000000... time=0.00302602 sec
      iterations=10000000... time=0.0317251 sec
      iterations=100000000... time=0.310629 sec
      iterations=400000000... time=1.24053 sec
      iterations=400000000... time=0.953606 sec
      result: 2.78822 GHz
    CPU floating point performance:
      iterations=1000000... time=0.00324013 sec
      iterations=10000000... time=0.0332494 sec
      iterations=100000000... time=0.347613 sec
      iterations=300000000... time=1.04445 sec
      result: 9.19143 Gflop/sec
    CPU integer performance:
      iterations=1000000... time=0.00202268 sec
      iterations=10000000... time=0.0206616 sec
      iterations=100000000... time=0.217526 sec
      iterations=500000000... time=1.05516 sec
      result: 7.58176 Giop/sec
    Read latency of D1 cache (for 1 PUs) (using 1*24576 bytes):
      iterations=1000... time=0.000149906 sec
      iterations=10000... time=0.00189248 sec
      iterations=100000... time=0.0150993 sec
      iterations=1000000... time=0.154434 sec
      iterations=7000000... time=1.10122 sec
      result: 1.57317 nsec
    Read latency of L2 cache (for 1 PUs) (using 1*196608 bytes):
      iterations=1000... time=0.000603724 sec
      iterations=10000... time=0.0049184 sec
      iterations=100000... time=0.0523666 sec
      iterations=1000000... time=0.507987 sec
      iterations=2000000... time=1.03491 sec
      result: 5.17457 nsec
    Read latency of L3 cache (for 2 PUs) (using 1*23592960 bytes):
      [skipped -- avoiding large-memory benchmarks]
    Read bandwidth of D1 cache (for 1 PUs) (using 1*24576 bytes):
      iterations=1... time=9.99999e-07 sec
      iterations=10... time=3.4e-06 sec
      iterations=100... time=2.9801e-05 sec
      iterations=1000... time=0.000295612 sec
      iterations=10000... time=0.00336293 sec
      iterations=100000... time=0.0300891 sec
      iterations=1000000... time=0.303763 sec
      iterations=4000000... time=1.23322 sec
      result: 79.7133 GByte/sec
    Read bandwidth of L2 cache (for 1 PUs) (using 1*196608 bytes):
      iterations=1... time=7e-06 sec
      iterations=10... time=5.3902e-05 sec
      iterations=100... time=0.000529021 sec
      iterations=1000... time=0.00529981 sec
      iterations=10000... time=0.0538386 sec
      iterations=100000... time=0.544938 sec
      iterations=200000... time=1.11462 sec
      result: 35.2779 GByte/sec
    Read bandwidth of L3 cache (for 2 PUs) (using 1*23592960 bytes):
      [skipped -- avoiding large-memory benchmarks]
    Write latency of D1 cache (for 1 PUs) (using 1*24576 bytes):
      iterations=1000... time=3.8e-06 sec
      iterations=10000... time=3.0501e-05 sec
      iterations=100000... time=0.000297312 sec
      iterations=1000000... time=0.00297962 sec
      iterations=10000000... time=0.0305661 sec
      iterations=100000000... time=0.308477 sec
      iterations=400000000... time=1.23282 sec
      result: 0.385256 nsec
    Write latency of L2 cache (for 1 PUs) (using 1*196608 bytes):
      iterations=1000... time=2.3101e-05 sec
      iterations=10000... time=0.000219409 sec
      iterations=100000... time=0.00218779 sec
      iterations=1000000... time=0.0238277 sec
      iterations=10000000... time=0.235848 sec
      iterations=50000000... time=1.1415 sec
      result: 2.85374 nsec
    Write latency of L3 cache (for 2 PUs) (using 1*23592960 bytes):
      [skipped -- avoiding large-memory benchmarks]
    Write bandwidth of D1 cache (for 1 PUs) (using 1*24576 bytes):
      iterations=1... time=7e-07 sec
      iterations=10... time=5.901e-06 sec
      iterations=100... time=5.8302e-05 sec
      iterations=1000... time=0.000582424 sec
      iterations=10000... time=0.00590624 sec
      iterations=100000... time=0.0594421 sec
      iterations=1000000... time=0.613678 sec
      iterations=2000000... time=1.20982 sec
      result: 40.6275 GByte/sec
    Write bandwidth of L2 cache (for 1 PUs) (using 1*196608 bytes):
      iterations=1... time=8.4e-06 sec
      iterations=10... time=8.3303e-05 sec
      iterations=100... time=0.000832034 sec
      iterations=1000... time=0.00844444 sec
      iterations=10000... time=0.0862299 sec
      iterations=100000... time=0.882083 sec
      iterations=200000... time=1.74882 sec
      result: 22.4846 GByte/sec
    Write bandwidth of L3 cache (for 2 PUs) (using 1*23592960 bytes):
      [skipped -- avoiding large-memory benchmarks]
    Stencil code performance of D1 cache (for 1 PUs) (using 1*12^3 grid points, 1*27648 bytes):
      iterations=1... time=1.44e-05 sec
      iterations=10... time=0.000210408 sec
      iterations=100... time=0.00217249 sec
      iterations=1000... time=0.0212808 sec
      iterations=10000... time=0.22099 sec
      iterations=50000... time=1.11829 sec
      result: 0.0772611 Gupdates/sec
    Stencil code performance of L2 cache (for 1 PUs) (using 1*23^3 grid points, 1*194672 bytes):
      iterations=1... time=3.1301e-05 sec
      iterations=10... time=0.000377316 sec
      iterations=100... time=0.00412567 sec
      iterations=1000... time=0.0372908 sec
      iterations=10000... time=0.375618 sec
      iterations=30000... time=1.1217 sec
      result: 0.325407 Gupdates/sec
    Stencil code performance of L3 cache (for 2 PUs) (using 1*114^3 grid points, 1*23704704 bytes):
      iterations=1... time=0.00426377 sec
      iterations=10... time=0.0420025 sec
      iterations=100... time=0.421393 sec
      iterations=300... time=1.255 sec
      result: 0.354153 Gupdates/sec
  Single-node measurements (using 1 MPI processes with 2 OpenMP threads each):
    CPU frequency:
      iterations=1000000... time=0.00306982 sec
      iterations=10000000... time=0.030076 sec
      iterations=100000000... time=0.315261 sec
      iterations=300000000... time=0.952231 sec
      iterations=600000000... time=1.86554 sec
      iterations=600000000... time=1.41304 sec
      result: 2.65193 GHz
    CPU floating point performance:
      iterations=1000000... time=0.00325848 sec
      iterations=10000000... time=0.0339876 sec
      iterations=100000000... time=0.337194 sec
      iterations=300000000... time=1.0282 sec
      result: 9.33671 Gflop/sec
    CPU integer performance:
      iterations=1000000... time=0.00207243 sec
      iterations=10000000... time=0.0202439 sec
      iterations=100000000... time=0.210939 sec
      iterations=500000000... time=1.0637 sec
      result: 7.52092 Giop/sec
    Read latency of D1 cache (for 1 PUs) (using 2*24576 bytes):
      iterations=1000... time=0.000174557 sec
      iterations=10000... time=0.00150901 sec
      iterations=100000... time=0.0152013 sec
      iterations=1000000... time=0.162089 sec
      iterations=7000000... time=1.09248 sec
      result: 1.56069 nsec
    Read latency of L2 cache (for 1 PUs) (using 2*196608 bytes):
      iterations=1000... time=0.00048097 sec
      iterations=10000... time=0.00573243 sec
      iterations=100000... time=0.0496374 sec
      iterations=1000000... time=0.506076 sec
      iterations=2000000... time=1.01666 sec
      result: 5.0833 nsec
    Read latency of L3 cache (for 2 PUs) (using 1*23592960 bytes):
      [skipped -- avoiding large-memory benchmarks]
    Read bandwidth of D1 cache (for 1 PUs) (using 2*24576 bytes):
      iterations=1... time=8e-07 sec
      iterations=10... time=3.2e-06 sec
      iterations=100... time=2.9651e-05 sec
      iterations=1000... time=0.000305362 sec
      iterations=10000... time=0.00300862 sec
      iterations=100000... time=0.0312672 sec
      iterations=1000000... time=0.306182 sec
      iterations=4000000... time=1.22803 sec
      result: 80.0501 GByte/sec
    Read bandwidth of L2 cache (for 1 PUs) (using 2*196608 bytes):
      iterations=1... time=5.25e-06 sec
      iterations=10... time=4.5152e-05 sec
      iterations=100... time=0.000445419 sec
      iterations=1000... time=0.00468909 sec
      iterations=10000... time=0.045833 sec
      iterations=100000... time=0.469721 sec
      iterations=200000... time=0.94333 sec
      iterations=400000... time=1.91574 sec
      result: 41.0512 GByte/sec
    Read bandwidth of L3 cache (for 2 PUs) (using 1*23592960 bytes):
      [skipped -- avoiding large-memory benchmarks]
    Write latency of D1 cache (for 1 PUs) (using 2*24576 bytes):
      iterations=1000... time=3.551e-06 sec
      iterations=10000... time=3.0151e-05 sec
      iterations=100000... time=0.000296912 sec
      iterations=1000000... time=0.00303837 sec
      iterations=10000000... time=0.0332798 sec
      iterations=100000000... time=0.344083 sec
      iterations=300000000... time=0.932044 sec
      iterations=600000000... time=1.89054 sec
      result: 0.393862 nsec
    Write latency of L2 cache (for 1 PUs) (using 2*196608 bytes):
      iterations=1000... time=2.0951e-05 sec
      iterations=10000... time=0.000179957 sec
      iterations=100000... time=0.00178717 sec
      iterations=1000000... time=0.019088 sec
      iterations=10000000... time=0.190765 sec
      iterations=60000000... time=1.1461 sec
      result: 2.38772 nsec
    Write latency of L3 cache (for 2 PUs) (using 1*23592960 bytes):
      [skipped -- avoiding large-memory benchmarks]
    Write bandwidth of D1 cache (for 1 PUs) (using 2*24576 bytes):
      iterations=1... time=7.5e-07 sec
      iterations=10... time=4.7005e-06 sec
      iterations=100... time=4.45015e-05 sec
      iterations=1000... time=0.000895535 sec
      iterations=10000... time=0.00442893 sec
      iterations=100000... time=0.0468624 sec
      iterations=1000000... time=0.466574 sec
      iterations=2000000... time=0.924927 sec
      iterations=4000000... time=1.85407 sec
      result: 53.0207 GByte/sec
    Write bandwidth of L2 cache (for 1 PUs) (using 2*196608 bytes):
      iterations=1... time=8.25e-06 sec
      iterations=10... time=8.2004e-05 sec
      iterations=100... time=0.000820333 sec
      iterations=1000... time=0.008722 sec
      iterations=10000... time=0.0868385 sec
      iterations=100000... time=0.861094 sec
      iterations=200000... time=1.71545 sec
      result: 22.922 GByte/sec
    Write bandwidth of L3 cache (for 2 PUs) (using 1*23592960 bytes):
      [skipped -- avoiding large-memory benchmarks]
    Stencil code performance of D1 cache (for 1 PUs) (using 2*9^3 grid points, 2*11664 bytes):
      iterations=1... time=2.55e-06 sec
      iterations=10... time=2.4401e-05 sec
      iterations=100... time=0.00024211 sec
      iterations=1000... time=0.0024684 sec
      iterations=10000... time=0.025461 sec
      iterations=100000... time=0.265342 sec
      iterations=400000... time=1.0554 sec
      result: 0.276293 Gupdates/sec
    Stencil code performance of L2 cache (for 1 PUs) (using 2*18^3 grid points, 2*93312 bytes):
      iterations=1... time=1.17505e-05 sec
      iterations=10... time=0.000117455 sec
      iterations=100... time=0.00132095 sec
      iterations=1000... time=0.0120899 sec
      iterations=10000... time=0.121611 sec
      iterations=90000... time=1.15466 sec
      result: 0.454576 Gupdates/sec
    Stencil code performance of L3 cache (for 2 PUs) (using 1*114^3 grid points, 1*23704704 bytes):
      iterations=1... time=0.00106394 sec
      iterations=10... time=0.0105669 sec
      iterations=100... time=0.11229 sec
      iterations=1000... time=1.09472 sec
      result: 1.35336 Gupdates/sec
INFO (Vectors): Testing vectorisation... [errors may result in segfaults]
INFO (Vectors): 375/375 tests passed 
INFO (CartGrid3D): Grid Spacings:
INFO (CartGrid3D): dx=>1.1111111e-01  dy=>1.1111111e-01  dz=>1.1111111e-01
INFO (CartGrid3D): Computational Coordinates:
INFO (CartGrid3D): x=>[-0.500, 0.500]  y=>[-0.500, 0.500]  z=>[-0.500, 0.500]
INFO (CartGrid3D): Indices of Physical Coordinates:
INFO (CartGrid3D): x=>[0,9]  y=>[0,9]  z=>[0,9]
INFO (PUGH): MPI Evolution on 1 processors
INFO (PUGH): 3-dimensional grid functions
INFO (PUGH):   Size: 10 10 10
INFO (PUGH):   Processor topology: 1 x 1 x 1
INFO (PUGH):   Local load: 1000   [10 x 10 x 10]
INFO (PUGH):   Maximum load skew: 0.000000
--------------------------------------------------------------------------------
Done.
+ echo Stopping:
Stopping:
+ date
Wed Oct 11 02:47:37 UTC 2023
+ echo Done.
Done.
  Elapsed time: 59.2 s
