/home/runner/simulations/TestJob01_temp_2/output-0000/TEST/sim/WaveToyX
Preparing:
+ set -e
+ cd output-0000-active
+ echo Checking:
Checking:
+ pwd
/home/runner/simulations/TestJob01_temp_2/output-0000/TEST/sim/WaveToyX/output-0000-active
+ hostname
runnervmwffz4
+ date
Fri Feb 20 22:18:30 UTC 2026
+ echo Environment:
Environment:
+ export CACTUS_NUM_PROCS=2
+ CACTUS_NUM_PROCS=2
+ export CACTUS_NUM_THREADS=1
+ CACTUS_NUM_THREADS=1
+ export GMON_OUT_PREFIX=gmon.out
+ GMON_OUT_PREFIX=gmon.out
+ export OMP_NUM_THREADS=1
+ OMP_NUM_THREADS=1
+ env
+ sort
+ echo Starting:
Starting:
++ date +%s
+ export CACTUS_STARTTIME=1771625910
+ CACTUS_STARTTIME=1771625910
+ '[' 2 = 1 ']'
+ mpirun -np 2 /home/runner/simulations/TestJob01_temp_2/SIMFACTORY/exe/cactus_sim -L 3 /home/runner/simulations/TestJob01_temp_2/output-0000/arrangements/CarpetX/WaveToyX/test/presync.par
INFO (Cactus): Increased logging level from 0 to 3
--------------------------------------------------------------------------------

       10                                  
  1   0101       ************************  
  01  1010 10      The Cactus Code V4.18.0    
 1010 1101 011      www.cactuscode.org     
  1001 100101    ************************  
    00010101                               
     100011     (c) Copyright The Authors  
      0100      GNU Licensed. No Warranty  
      0101                                 
--------------------------------------------------------------------------------

Cactus version:    4.18.0
Compile date:      Feb 20 2026 (21:44:17)
Run date:          Feb 20 2026 (22:18:31+0000)
Run host:          runnervmwffz4.ldsyazarfx1u1gfjhffq4gqxve.yx.internal.cloudapp.net (pid=144475)
Working directory: /home/runner/simulations/TestJob01_temp_2/output-0000/TEST/sim/WaveToyX
Executable:        /home/runner/simulations/TestJob01_temp_2/SIMFACTORY/exe/cactus_sim
Parameter file:    /home/runner/simulations/TestJob01_temp_2/output-0000/arrangements/CarpetX/WaveToyX/test/presync.par
--------------------------------------------------------------------------------

Activating thorn Cactus...Success -> active implementation Cactus
Activation requested for 
--->CarpetX IOUtil ODESolvers WaveToyX<---
Thorn CarpetX requests automatic activation of AMReX
Thorn CarpetX requests automatic activation of MPI
Thorn CarpetX requests automatic activation of yaml_cpp
Thorn CarpetX requests automatic activation of zlib
Thorn CarpetX requests automatic activation of Arith
Thorn CarpetX requests automatic activation of CarpetXRegrid
Thorn CarpetX requests automatic activation of Loop
Thorn CarpetX requests automatic activation of ADIOS2
Thorn CarpetX requests automatic activation of openPMD
Thorn CarpetX requests automatic activation of Silo
Thorn ADIOS2 requests automatic activation of CMake
Thorn Arith requests automatic activation of NSIMD
Thorn MPI requests automatic activation of hwloc
Thorn openPMD requests automatic activation of HDF5
Activating thorn ADIOS2...Success -> active implementation ADIOS2
Activating thorn AMReX...Success -> active implementation AMReX
Activating thorn Arith...Success -> active implementation Arith
Activating thorn CarpetX...Success -> active implementation Driver
Activating thorn CarpetXRegrid...Success -> active implementation CarpetXRegrid
Activating thorn CMake...Success -> active implementation CMake
Activating thorn HDF5...Success -> active implementation HDF5
Activating thorn hwloc...Success -> active implementation hwloc
Activating thorn IOUtil...Success -> active implementation IO
Activating thorn Loop...Success -> active implementation Loop
Activating thorn MPI...Success -> active implementation MPI
Activating thorn NSIMD...Success -> active implementation NSIMD
Activating thorn ODESolvers...Success -> active implementation ODESolvers
Activating thorn openPMD...Success -> active implementation openPMD
Activating thorn Silo...Success -> active implementation Silo
Activating thorn WaveToyX...Success -> active implementation WaveToyX
Activating thorn yaml_cpp...Success -> active implementation yaml_cpp
Activating thorn zlib...Success -> active implementation zlib
INFO (hwloc): library version 2.10.0, API version 0x20800
--------------------------------------------------------------------------------

  [34m  в–•в–Ҹ  [34m  в–•в–Ҹ  [34m  в–•в–Ҹ  [34m  в–•в–Ҹ  [34m  в–•в–Ҹ  [34m  в–•в–Ҹ  [34m  в–•в–Ҹ  [34m  в–•в–Ҹ  [34m  в–•в–Ҹ  [39m  
  [34mв”Җв”Җв–Ҳв–Ҳв”Җв”Җ[34mв”Җв”Җв–Ҳв–Ҳв”Җв”Җ[34mв”Җв”Җв–Ҳв–Ҳв”Җв”Җ[34mв”Җв”Җв–Ҳв–Ҳв”Җв”Җ[34mв”Җв”Җв–Ҳв–Ҳв”Җв”Җ[34mв”Җв”Җв–Ҳв–Ҳв”Җв”Җ[34mв”Җв”Җв–Ҳв–Ҳв”Җв”Җ[34mв”Җв”Җв–Ҳв–Ҳв”Җв”Җ[34mв”Җв”Җв–Ҳв–Ҳв”Җв”Җ[39m  
  [34m  в–•в–Ҹ  [34m  в–•в–Ҹ  [34m  в–•в–Ҹ  [34m  в–•в–Ҹ  [34m  в–•в–Ҹ  [34m  в–•в–Ҹ  [34m  в–•в–Ҹ  [34m  в–•в–Ҹ  [34m  в–•в–Ҹ  [39m  
  [34m  в–•в–Ҹ  [32mв–Ҳв–Ҳв–Ҳв–Ҳв–Ҳв–Ҳ[34m  в–•в–Ҹ  [34m  в–•в–Ҹ  [32mв–Ҳв–Ҳв–Ҳв–Ҳв–Ҳв–Ҳ[34m  в–•в–Ҹ  [34m  в–•в–Ҹ  [32mв–Ҳв–Ҳв–Ҳв–Ҳв–Ҳв–Ҳ[34m  в–•в–Ҹ  [39m  
  [34mв”Җв”Җв–Ҳв–Ҳв”Җв”Җ[32mв–Ҳв–Ҳв–Ҳв–Ҳв–Ҳв–Ҳ[34mв”Җв”Җв–Ҳв–Ҳв”Җв”Җ[34mв”Җв”Җв–Ҳв–Ҳв”Җв”Җ[32mв–Ҳв–Ҳв–Ҳв–Ҳв–Ҳв–Ҳ[34mв”Җв”Җв–Ҳв–Ҳв”Җв”Җ[34mв”Җв”Җв–Ҳв–Ҳв”Җв”Җ[32mв–Ҳв–Ҳв–Ҳв–Ҳв–Ҳв–Ҳ[34mв”Җв”Җв–Ҳв–Ҳв”Җв”Җ[39m  
  [34m  в–•в–Ҹ  [32mв–Ҳв–Ҳв–Ҳв–Ҳв–Ҳв–Ҳ[34m  в–•в–Ҹ  [34m  в–•в–Ҹ  [32mв–Ҳв–Ҳв–Ҳв–Ҳв–Ҳв–Ҳ[34m  в–•в–Ҹ  [34m  в–•в–Ҹ  [32mв–Ҳв–Ҳв–Ҳв–Ҳв–Ҳв–Ҳ[34m  в–•в–Ҹ  [39m  
  [34m  в–•в–Ҹ  [34m  в–•в–Ҹ  [34m  в–•в–Ҹ  [34m  в–•в–Ҹ  [34m  в–•в–Ҹ  [34m  в–•в–Ҹ  [34m  в–•в–Ҹ  [34m  в–•в–Ҹ  [34m  в–•в–Ҹ  [39m  
  [34mв”Җв”Җв–Ҳв–Ҳв”Җв”Җ[34mв”Җв”Җв–Ҳв–Ҳв”Җв”Җ[34mв”Җв”Җв–Ҳв–Ҳв”Җв”Җ[34mв”Җв”Җв–Ҳв–Ҳв”Җв”Җ[34mв”Җв”Җв–Ҳв–Ҳв”Җв”Җ[34mв”Җв”Җв–Ҳв–Ҳв”Җв”Җ[34mв”Җв”Җв–Ҳв–Ҳв”Җв”Җ[34mв”Җв”Җв–Ҳв–Ҳв”Җв”Җ[34mв”Җв”Җв–Ҳв–Ҳв”Җв”Җ[39m  
  [34m  в–•в–Ҹ  [34m  в–•в–Ҹ  [34m  в–•в–Ҹ  [34m  в–•в–Ҹ  [34m  в–•в–Ҹ  [34m  в–•в–Ҹ  [34m  в–•в–Ҹ  [34m  в–•в–Ҹ  [34m  в–•в–Ҹ  [39m  
  [34m  в–•в–Ҹ  [34m  в–•в–Ҹ  [34m  в–•в–Ҹ  [31mв–Ҳв–Ҳв–Ҳв–Ҳв–Ҳв–Ҳ[31mв–Ҳв–Ҳв–Ҳв–Ҳв–Ҳв–Ҳ[31mв–Ҳв–Ҳв–Ҳв–Ҳв–Ҳв–Ҳ[34m  в–•в–Ҹ  [34m  в–•в–Ҹ  [34m  в–•в–Ҹ  [39m  
  [34mв”Җв”Җв–Ҳв–Ҳв”Җв”Җ[34mв”Җв”Җв–Ҳв–Ҳв”Җв”Җ[34mв”Җв”Җв–Ҳв–Ҳв”Җв”Җ[31mв–Ҳв–Ҳв–Ҳв–Ҳв–Ҳв–Ҳ[31mв–Ҳв–Ҳв–Ҳв–Ҳв–Ҳв–Ҳ[31mв–Ҳв–Ҳв–Ҳв–Ҳв–Ҳв–Ҳ[34mв”Җв”Җв–Ҳв–Ҳв”Җв”Җ[34mв”Җв”Җв–Ҳв–Ҳв”Җв”Җ[34mв”Җв”Җв–Ҳв–Ҳв”Җв”Җ[39m  
  [34m  в–•в–Ҹ  [34m  в–•в–Ҹ  [34m  в–•в–Ҹ  [31mв–Ҳв–Ҳв–Ҳв–Ҳв–Ҳв–Ҳ[31mв–Ҳв–Ҳв–Ҳв–Ҳв–Ҳв–Ҳ[31mв–Ҳв–Ҳв–Ҳв–Ҳв–Ҳв–Ҳ[34m  в–•в–Ҹ  [34m  в–•в–Ҹ  [34m  в–•в–Ҹ  [39m  
  [34m  в–•в–Ҹ  [32mв–Ҳв–Ҳв–Ҳв–Ҳв–Ҳв–Ҳ[34m  в–•в–Ҹ  [31mв–Ҳв–Ҳв–Ҳв–Ҳв–Ҳв–Ҳ[31mв–Ҳв–Ҳв–Ҳв–Ҳв–Ҳв–Ҳ[31mв–Ҳв–Ҳв–Ҳв–Ҳв–Ҳв–Ҳ[34m  в–•в–Ҹ  [32mв–Ҳв–Ҳв–Ҳв–Ҳв–Ҳв–Ҳ[34m  в–•в–Ҹ  [39m  
  [34mв”Җв”Җв–Ҳв–Ҳв”Җв”Җ[32mв–Ҳв–Ҳв–Ҳв–Ҳв–Ҳв–Ҳ[34mв”Җв”Җв–Ҳв–Ҳв”Җв”Җ[31mв–Ҳв–Ҳв–Ҳв–Ҳв–Ҳв–Ҳ[31mв–Ҳв–Ҳв–Ҳв–Ҳв–Ҳв–Ҳ[31mв–Ҳв–Ҳв–Ҳв–Ҳв–Ҳв–Ҳ[34mв”Җв”Җв–Ҳв–Ҳв”Җв”Җ[32mв–Ҳв–Ҳв–Ҳв–Ҳв–Ҳв–Ҳ[34mв”Җв”Җв–Ҳв–Ҳв”Җв”Җ[39m  
  [34m  в–•в–Ҹ  [32mв–Ҳв–Ҳв–Ҳв–Ҳв–Ҳв–Ҳ[34m  в–•в–Ҹ  [31mв–Ҳв–Ҳв–Ҳв–Ҳв–Ҳв–Ҳ[31mв–Ҳв–Ҳв–Ҳв–Ҳв–Ҳв–Ҳ[31mв–Ҳв–Ҳв–Ҳв–Ҳв–Ҳв–Ҳ[34m  в–•в–Ҹ  [32mв–Ҳв–Ҳв–Ҳв–Ҳв–Ҳв–Ҳ[34m  в–•в–Ҹ  [39m  
  [34m  в–•в–Ҹ  [34m  в–•в–Ҹ  [34m  в–•в–Ҹ  [31mв–Ҳв–Ҳв–Ҳв–Ҳв–Ҳв–Ҳ[31mв–Ҳв–Ҳв–Ҳв–Ҳв–Ҳв–Ҳ[31mв–Ҳв–Ҳв–Ҳв–Ҳв–Ҳв–Ҳ[34m  в–•в–Ҹ  [34m  в–•в–Ҹ  [34m  в–•в–Ҹ  [39m  
  [34mв”Җв”Җв–Ҳв–Ҳв”Җв”Җ[34mв”Җв”Җв–Ҳв–Ҳв”Җв”Җ[34mв”Җв”Җв–Ҳв–Ҳв”Җв”Җ[31mв–Ҳв–Ҳв–Ҳв–Ҳв–Ҳв–Ҳ[31mв–Ҳв–Ҳв–Ҳв–Ҳв–Ҳв–Ҳ[31mв–Ҳв–Ҳв–Ҳв–Ҳв–Ҳв–Ҳ[34mв”Җв”Җв–Ҳв–Ҳв”Җв”Җ[34mв”Җв”Җв–Ҳв–Ҳв”Җв”Җ[34mв”Җв”Җв–Ҳв–Ҳв”Җв”Җ[39m  
  [34m  в–•в–Ҹ  [34m  в–•в–Ҹ  [34m  в–•в–Ҹ  [31mв–Ҳв–Ҳв–Ҳв–Ҳв–Ҳв–Ҳ[31mв–Ҳв–Ҳв–Ҳв–Ҳв–Ҳв–Ҳ[31mв–Ҳв–Ҳв–Ҳв–Ҳв–Ҳв–Ҳ[34m  в–•в–Ҹ  [34m  в–•в–Ҹ  [34m  в–•в–Ҹ  [39m  
  [34m  в–•в–Ҹ  [34m  в–•в–Ҹ  [34m  в–•в–Ҹ  [34m  в–•в–Ҹ  [34m  в–•в–Ҹ  [34m  в–•в–Ҹ  [34m  в–•в–Ҹ  [34m  в–•в–Ҹ  [34m  в–•в–Ҹ  [39m  
  [34mв”Җв”Җв–Ҳв–Ҳв”Җв”Җ[34mв”Җв”Җв–Ҳв–Ҳв”Җв”Җ[34mв”Җв”Җв–Ҳв–Ҳв”Җв”Җ[34mв”Җв”Җв–Ҳв–Ҳв”Җв”Җ[34mв”Җв”Җв–Ҳв–Ҳв”Җв”Җ[34mв”Җв”Җв–Ҳв–Ҳв”Җв”Җ[34mв”Җв”Җв–Ҳв–Ҳв”Җв”Җ[34mв”Җв”Җв–Ҳв–Ҳв”Җв”Җ[34mв”Җв”Җв–Ҳв–Ҳв”Җв”Җ[39m  
  [34m  в–•в–Ҹ  [34m  в–•в–Ҹ  [34m  в–•в–Ҹ  [34m  в–•в–Ҹ  [34m  в–•в–Ҹ  [34m  в–•в–Ҹ  [34m  в–•в–Ҹ  [34m  в–•в–Ҹ  [34m  в–•в–Ҹ  [39m  
  [34m  в–•в–Ҹ  [32mв–Ҳв–Ҳв–Ҳв–Ҳв–Ҳв–Ҳ[34m  в–•в–Ҹ  [34m  в–•в–Ҹ  [32mв–Ҳв–Ҳв–Ҳв–Ҳв–Ҳв–Ҳ[34m  в–•в–Ҹ  [34m  в–•в–Ҹ  [32mв–Ҳв–Ҳв–Ҳв–Ҳв–Ҳв–Ҳ[34m  в–•в–Ҹ  [39m  
  [34mв”Җв”Җв–Ҳв–Ҳв”Җв”Җ[32mв–Ҳв–Ҳв–Ҳв–Ҳв–Ҳв–Ҳ[34mв”Җв”Җв–Ҳв–Ҳв”Җв”Җ[34mв”Җв”Җв–Ҳв–Ҳв”Җв”Җ[32mв–Ҳв–Ҳв–Ҳв–Ҳв–Ҳв–Ҳ[34mв”Җв”Җв–Ҳв–Ҳв”Җв”Җ[34mв”Җв”Җв–Ҳв–Ҳв”Җв”Җ[32mв–Ҳв–Ҳв–Ҳв–Ҳв–Ҳв–Ҳ[34mв”Җв”Җв–Ҳв–Ҳв”Җв”Җ[39m  
  [34m  в–•в–Ҹ  [32mв–Ҳв–Ҳв–Ҳв–Ҳв–Ҳв–Ҳ[34m  в–•в–Ҹ  [34m  в–•в–Ҹ  [32mв–Ҳв–Ҳв–Ҳв–Ҳв–Ҳв–Ҳ[34m  в–•в–Ҹ  [34m  в–•в–Ҹ  [32mв–Ҳв–Ҳв–Ҳв–Ҳв–Ҳв–Ҳ[34m  в–•в–Ҹ  [39m  
  [34m  в–•в–Ҹ  [34m  в–•в–Ҹ  [34m  в–•в–Ҹ  [34m  в–•в–Ҹ  [34m  в–•в–Ҹ  [34m  в–•в–Ҹ  [34m  в–•в–Ҹ  [34m  в–•в–Ҹ  [34m  в–•в–Ҹ  [39m  
  [34mв”Җв”Җв–Ҳв–Ҳв”Җв”Җ[34mв”Җв”Җв–Ҳв–Ҳв”Җв”Җ[34mв”Җв”Җв–Ҳв–Ҳв”Җв”Җ[34mв”Җв”Җв–Ҳв–Ҳв”Җв”Җ[34mв”Җв”Җв–Ҳв–Ҳв”Җв”Җ[34mв”Җв”Җв–Ҳв–Ҳв”Җв”Җ[34mв”Җв”Җв–Ҳв–Ҳв”Җв”Җ[34mв”Җв”Җв–Ҳв–Ҳв”Җв”Җ[34mв”Җв”Җв–Ҳв–Ҳв”Җв”Җ[39m  
  [34m  в–•в–Ҹ  [34m  в–•в–Ҹ  [34m  в–•в–Ҹ  [34m  в–•в–Ҹ  [34m  в–•в–Ҹ  [34m  в–•в–Ҹ  [34m  в–•в–Ҹ  [34m  в–•в–Ҹ  [34m  в–•в–Ҹ  [39m  

AMR driver provided by CarpetX,
using AMReX 24.10 (MPI, OpenMP, no accelerators, debug)
--------------------------------------------------------------------------------

Initializing AMReX (24.10)...
MPI initialized with 2 MPI processes
MPI initialized with thread support level 2
OMP initialized with 1 OMP threads
AMReX (24.10) initialized
INFO (CarpetX): 
Symmetries:
  lower x: periodic
  lower y: periodic
  lower z: periodic
  upper x: periodic
  upper y: periodic
  upper z: periodic
Default boundaries:
  lower x: symmetry_boundary
  lower y: symmetry_boundary
  lower z: symmetry_boundary
  upper x: symmetry_boundary
  upper y: symmetry_boundary
  upper z: symmetry_boundary
INFO (Arith): Test_smallvector
INFO (Arith): Test_spvect
INFO (CarpetX): Setting initial values for max_grid_size values for all levels
INFO (CarpetX): Setting up initial conditions...
INFO (CarpetX): Iteration: 0   time: 0   delta_time: 0.125
INFO (CarpetX): Patch 0:
INFO (CarpetX):   Grid extent:
INFO (CarpetX):     gsh=[11,11,11]
INFO (CarpetX):     blocking_factor=[8,8,8]
INFO (CarpetX):     max_grid_size=[32,32,32]
INFO (CarpetX):     max_tile_size=[1024000,16,32]
INFO (CarpetX):   Domain extent:
INFO (CarpetX):     xmin=[-1,-1,-1]
INFO (CarpetX):     xmax=[1,1,1]
INFO (CarpetX):     base dx=[0.25,0.25,0.25]
INFO (CarpetX): Initializing level 0...
INFO (CarpetX): Regridding...
INFO (CarpetX):   level 0: 1 boxes, 512 cells (100%)
INFO (CarpetX): Initialized 1 levels
INFO (CarpetX): OutputGH: iteration 0, time 0.000000, run time 1 s
INFO (CarpetX): OutputGH done.
INFO (CarpetX): Starting evolution...
INFO (ODESolvers): ODE integrator is RK3
INFO (CarpetX): OutputGH: iteration 1, time 0.125000, run time 1 s
INFO (CarpetX): OutputGH done.
INFO (CarpetX): Simulation time: 0.125   Iterations per second: 819.04   Simulation time per second: 102.38
INFO (CarpetX): Grid cells: 512   Grid cell updates per second: 419348
INFO (CarpetX): Performance:
INFO (CarpetX):   total evolution time:            0.00122094 sec
INFO (CarpetX):   total evolution compute time:    0.00120306 sec
INFO (CarpetX):   total evolution output time:     1.78814e-05 sec
INFO (CarpetX):   total iterations:                1
INFO (CarpetX):   total cells updated:             512
INFO (CarpetX):   average iterations per second: 819.04
INFO (CarpetX):   average cell updates per second: 419348
INFO (CarpetX): OutputGH: iteration 2, time 0.250000, run time 1 s
INFO (CarpetX): OutputGH done.
INFO (CarpetX): Simulation time: 0.25   Iterations per second: 872.632   Simulation time per second: 109.079
INFO (CarpetX): Grid cells: 512   Grid cell updates per second: 446787
INFO (CarpetX): Performance:
INFO (CarpetX):   total evolution time:            0.00229192 sec
INFO (CarpetX):   total evolution compute time:    0.00226092 sec
INFO (CarpetX):   total evolution output time:     3.09944e-05 sec
INFO (CarpetX):   total iterations:                2
INFO (CarpetX):   total cells updated:             1024
INFO (CarpetX):   average iterations per second: 872.632
INFO (CarpetX):   average cell updates per second: 446787
INFO (CarpetX): OutputGH: iteration 3, time 0.375000, run time 1 s
INFO (CarpetX): OutputGH done.
INFO (CarpetX): Simulation time: 0.375   Iterations per second: 890.51   Simulation time per second: 111.314
INFO (CarpetX): Grid cells: 512   Grid cell updates per second: 455941
INFO (CarpetX): Performance:
INFO (CarpetX):   total evolution time:            0.00336885 sec
INFO (CarpetX):   total evolution compute time:    0.00332475 sec
INFO (CarpetX):   total evolution output time:     4.41074e-05 sec
INFO (CarpetX):   total iterations:                3
INFO (CarpetX):   total cells updated:             1536
INFO (CarpetX):   average iterations per second: 890.51
INFO (CarpetX):   average cell updates per second: 455941
INFO (CarpetX): OutputGH: iteration 4, time 0.500000, run time 1 s
INFO (CarpetX): OutputGH done.
INFO (CarpetX): Simulation time: 0.5   Iterations per second: 897.321   Simulation time per second: 112.165
INFO (CarpetX): Grid cells: 512   Grid cell updates per second: 459428
INFO (CarpetX): Performance:
INFO (CarpetX):   total evolution time:            0.00445771 sec
INFO (CarpetX):   total evolution compute time:    0.00440049 sec
INFO (CarpetX):   total evolution output time:     5.72205e-05 sec
INFO (CarpetX):   total iterations:                4
INFO (CarpetX):   total cells updated:             2048
INFO (CarpetX):   average iterations per second: 897.321
INFO (CarpetX):   average cell updates per second: 459428
INFO (CarpetX): OutputGH: iteration 5, time 0.625000, run time 1 s
INFO (CarpetX): OutputGH done.
INFO (CarpetX): Simulation time: 0.625   Iterations per second: 905.662   Simulation time per second: 113.208
INFO (CarpetX): Grid cells: 512   Grid cell updates per second: 463699
INFO (CarpetX): Performance:
INFO (CarpetX):   total evolution time:            0.00552082 sec
INFO (CarpetX):   total evolution compute time:    0.00545168 sec
INFO (CarpetX):   total evolution output time:     6.91414e-05 sec
INFO (CarpetX):   total iterations:                5
INFO (CarpetX):   total cells updated:             2560
INFO (CarpetX):   average iterations per second: 905.662
INFO (CarpetX):   average cell updates per second: 463699
INFO (CarpetX): OutputGH: iteration 6, time 0.750000, run time 1 s
INFO (CarpetX): OutputGH done.
INFO (CarpetX): Simulation time: 0.75   Iterations per second: 909.663   Simulation time per second: 113.708
INFO (CarpetX): Grid cells: 512   Grid cell updates per second: 465747
INFO (CarpetX): Performance:
INFO (CarpetX):   total evolution time:            0.00659585 sec
INFO (CarpetX):   total evolution compute time:    0.00651479 sec
INFO (CarpetX):   total evolution output time:     8.10623e-05 sec
INFO (CarpetX):   total iterations:                6
INFO (CarpetX):   total cells updated:             3072
INFO (CarpetX):   average iterations per second: 909.663
INFO (CarpetX):   average cell updates per second: 465747
INFO (CarpetX): OutputGH: iteration 7, time 0.875000, run time 1 s
INFO (CarpetX): OutputGH done.
INFO (CarpetX): Simulation time: 0.875   Iterations per second: 911.013   Simulation time per second: 113.877
INFO (CarpetX): Grid cells: 512   Grid cell updates per second: 466439
INFO (CarpetX): Performance:
INFO (CarpetX):   total evolution time:            0.00768375 sec
INFO (CarpetX):   total evolution compute time:    0.00759077 sec
INFO (CarpetX):   total evolution output time:     9.29832e-05 sec
INFO (CarpetX):   total iterations:                7
INFO (CarpetX):   total cells updated:             3584
INFO (CarpetX):   average iterations per second: 911.013
INFO (CarpetX):   average cell updates per second: 466439
INFO (CarpetX): OutputGH: iteration 8, time 1.000000, run time 1 s
INFO (CarpetX): OutputGH done.
INFO (CarpetX): Simulation time: 1   Iterations per second: 915.063   Simulation time per second: 114.383
INFO (CarpetX): Grid cells: 512   Grid cell updates per second: 468512
INFO (CarpetX): Performance:
INFO (CarpetX):   total evolution time:            0.00874257 sec
INFO (CarpetX):   total evolution compute time:    0.00863767 sec
INFO (CarpetX):   total evolution output time:     0.000104904 sec
INFO (CarpetX):   total iterations:                8
INFO (CarpetX):   total cells updated:             4096
INFO (CarpetX):   average iterations per second: 915.063
INFO (CarpetX):   average cell updates per second: 468512
INFO (CarpetX): OutputGH: iteration 9, time 1.125000, run time 1 s
INFO (CarpetX): OutputGH done.
INFO (CarpetX): Simulation time: 1.125   Iterations per second: 916.81   Simulation time per second: 114.601
INFO (CarpetX): Grid cells: 512   Grid cell updates per second: 469407
INFO (CarpetX): Performance:
INFO (CarpetX):   total evolution time:            0.00981665 sec
INFO (CarpetX):   total evolution compute time:    0.00969887 sec
INFO (CarpetX):   total evolution output time:     0.000117779 sec
INFO (CarpetX):   total iterations:                9
INFO (CarpetX):   total cells updated:             4608
INFO (CarpetX):   average iterations per second: 916.81
INFO (CarpetX):   average cell updates per second: 469407
INFO (CarpetX): OutputGH: iteration 10, time 1.250000, run time 1 s
INFO (CarpetX): OutputGH done.
INFO (CarpetX): Simulation time: 1.25   Iterations per second: 845.626   Simulation time per second: 105.703
INFO (CarpetX): Grid cells: 512   Grid cell updates per second: 432960
INFO (CarpetX): Performance:
INFO (CarpetX):   total evolution time:            0.0118256 sec
INFO (CarpetX):   total evolution compute time:    0.0107498 sec
INFO (CarpetX):   total evolution output time:     0.00107574 sec
INFO (CarpetX):   total iterations:                10
INFO (CarpetX):   total cells updated:             5120
INFO (CarpetX):   average iterations per second: 845.626
INFO (CarpetX):   average cell updates per second: 432960
INFO (CarpetX): Shutting down...
AMReX (24.10) finalized
--------------------------------------------------------------------------------
Done.
+ echo Stopping:
Stopping:
+ date
Fri Feb 20 22:18:31 UTC 2026
+ echo Done.
Done.
  Elapsed time: 0.7 s
