/home/runner/simulations/TestJob01_temp_1/output-0000/TEST/sim/MemSpeed
Preparing:
+ set -e
+ cd output-0000-active
+ echo Checking:
Checking:
+ pwd
/home/runner/simulations/TestJob01_temp_1/output-0000/TEST/sim/MemSpeed/output-0000-active
+ hostname
fv-az353-892
+ date
Sun Dec 11 12:57:33 UTC 2022
+ echo Environment:
Environment:
+ export CACTUS_NUM_PROCS=1
+ CACTUS_NUM_PROCS=1
+ export CACTUS_NUM_THREADS=2
+ CACTUS_NUM_THREADS=2
+ export GMON_OUT_PREFIX=gmon.out
+ GMON_OUT_PREFIX=gmon.out
+ export OMP_NUM_THREADS=2
+ OMP_NUM_THREADS=2
+ env
+ sort
+ echo Starting:
Starting:
++ date +%s
+ export CACTUS_STARTTIME=1670763453
+ CACTUS_STARTTIME=1670763453
+ '[' 1 = 1 ']'
+ '[' 0 -eq 0 ']'
+ /home/runner/simulations/TestJob01_temp_1/SIMFACTORY/exe/cactus_sim -L 3 /home/runner/simulations/TestJob01_temp_1/output-0000/arrangements/CactusUtils/MemSpeed/test/memspeed.par
INFO (Cactus): Increased logging level from 0 to 3
--------------------------------------------------------------------------------

       10                                  
  1   0101       ************************  
  01  1010 10      The Cactus Code V4.13.0    
 1010 1101 011      www.cactuscode.org     
  1001 100101    ************************  
    00010101                               
     100011     (c) Copyright The Authors  
      0100      GNU Licensed. No Warranty  
      0101                                 
--------------------------------------------------------------------------------

Cactus version:    4.13.0
Compile date:      Dec 11 2022 (12:50:46)
Run date:          Dec 11 2022 (12:57:33+0000)
Run host:          fv-az353-892.tkyx2seitsuu3nmpmouz2httfb.bx.internal.cloudapp.net (pid=103482)
Working directory: /home/runner/simulations/TestJob01_temp_1/output-0000/TEST/sim/MemSpeed
Executable:        /home/runner/simulations/TestJob01_temp_1/SIMFACTORY/exe/cactus_sim
Parameter file:    /home/runner/simulations/TestJob01_temp_1/output-0000/arrangements/CactusUtils/MemSpeed/test/memspeed.par
--------------------------------------------------------------------------------

Activating thorn Cactus...Success -> active implementation Cactus
Activation requested for 
--->hwloc MemSpeed SystemTopology CartGrid3D CoordBase IOASCII IOUtil PUGH PUGHSlab<---
Thorn hwloc requests automatic activation of zlib
Thorn MemSpeed requests automatic activation of Vectors
Thorn MemSpeed requests automatic activation of MPI
Activating thorn CartGrid3D...Success -> active implementation grid
Activating thorn CoordBase...Success -> active implementation CoordBase
Activating thorn hwloc...Success -> active implementation hwloc
Activating thorn IOASCII...Success -> active implementation IOASCII
Activating thorn IOUtil...Success -> active implementation IO
Activating thorn MemSpeed...Success -> active implementation MemSpeed
Activating thorn MPI...Success -> active implementation MPI
Activating thorn PUGH...Success -> active implementation Driver
Activating thorn PUGHSlab...Success -> active implementation Hyperslab
Activating thorn SystemTopology...Success -> active implementation SystemTopology
Activating thorn Vectors...Success -> active implementation Vectors
Activating thorn zlib...Success -> active implementation zlib
--------------------------------------------------------------------------------
  if (recover initial data)
    Recover parameters
  endif

  Startup routines
    [CCTK_STARTUP]
      CartGrid3D::SymmetryStartup: Register GH Extension for GridSymmetry
      CoordBase::CoordBase_Startup: Register a GH extension to store the coordinate system handles
      GROUP hwloc_startup: hwloc startup group
        hwloc::hwloc_version: Output hwloc version
      SystemTopology::ST_system_topology: Output and/or modify system topology and hardware locality
      PUGH::Driver_Startup: Startup routine
      PUGH::PUGH_RegisterPUGHP2LRoutines: Register Physical to Logical process mapping routines
      PUGH::PUGH_RegisterPUGHTopologyRoutines: Register topology generation routines routines
      IOUtil::IOUtil_Startup: Startup routine
      Vectors::Vectors_Startup: Print startup message
      IOASCII::IOASCII_Startup: Startup routine

  Startup routines which need an existing grid hierarchy
    [CCTK_WRAGH]
      CartGrid3D::RegisterCartGrid3DCoords: [meta] Register coordinates for the Cartesian grid
      MemSpeed::MemSpeed_MeasureSpeed: [meta] Measure CPU, memory, cache speeds
  Parameter checking routines
    [CCTK_PARAMCHECK]
      CartGrid3D::ParamCheck_CartGrid3D: Check coordinates for CartGrid3D
      Vectors::Vectors_Test: Run correctness tests.

  Initialisation
    if (NOT (recover initial data AND recovery_mode is 'strict'))
      [CCTK_PREREGRIDINITIAL]
      Set up grid hierarchy
      [CCTK_POSTREGRIDINITIAL]
        CartGrid3D::SpatialCoordinates: Set Coordinates after regridding
      [CCTK_BASEGRID]
        CartGrid3D::SpatialSpacings: Set up ranges for spatial 3D Cartesian coordinates (on all grids)
        CartGrid3D::SpatialCoordinates: Set up spatial 3D Cartesian coordinates on the GH
        IOASCII::IOASCII_Choose1D: Choose 1D output lines
        IOASCII::IOASCII_Choose2D: Choose 2D output planes
        PUGH::PUGH_Report: Report on PUGH set up
      [CCTK_INITIAL]
      [CCTK_POSTINITIAL]
      Initialise finer grids recursively
      Restrict from finer grids
      [CCTK_POSTRESTRICTINITIAL]
      [CCTK_POSTPOSTINITIAL]
      [CCTK_POSTSTEP]
    endif
    if (recover initial data)
      [CCTK_BASEGRID]
        CartGrid3D::SpatialSpacings: Set up ranges for spatial 3D Cartesian coordinates (on all grids)
        CartGrid3D::SpatialCoordinates: Set up spatial 3D Cartesian coordinates on the GH
        IOASCII::IOASCII_Choose1D: Choose 1D output lines
        IOASCII::IOASCII_Choose2D: Choose 2D output planes
        PUGH::PUGH_Report: Report on PUGH set up
      [CCTK_RECOVER_VARIABLES]
      [CCTK_POST_RECOVER_VARIABLES]
    endif
    if (checkpoint initial data)
      [CCTK_CPINITIAL]
    endif
    if (analysis)
      [CCTK_ANALYSIS]
  endif
  Output grid variables

  do loop over timesteps
    [CCTK_PREREGRID]
    Change grid hierarchy
    [CCTK_POSTREGRID]
      CartGrid3D::SpatialCoordinates: Set Coordinates after regridding
    Rotate timelevels
    iteration = iteration+1
    t = t+dt
    [CCTK_PRESTEP]
    [CCTK_EVOL]
    Evolve finer grids recursively
    Restrict from finer grids
    [CCTK_POSTRESTRICT]
    [CCTK_POSTSTEP]
    if (checkpoint)
      [CCTK_CHECKPOINT]
    endif
    if (analysis)
      [CCTK_ANALYSIS]
    endif
    Output grid variables
    enddo

  Termination routines
    [CCTK_TERMINATE]
      PUGH::Driver_Terminate: Termination routine

  Shutdown routines
    [CCTK_SHUTDOWN]

  Routines run after changing the grid hierarchy:
    [CCTK_POSTREGRID]
      CartGrid3D::SpatialCoordinates: Set Coordinates after regridding
--------------------------------------------------------------------------------
INFO (hwloc): library version 2.1.0, API version 0x20100
INFO (SystemTopology): MPI process-to-host mapping:
This is MPI process 0 of 1
MPI hosts:
  0: fv-az353-892
This MPI process runs on host 0 of 1
On this host, this is MPI process 0 of 1
INFO (SystemTopology): Topology support:
Discovery support:
  discovery->pu                            : yes
CPU binding support:
  cpubind->set_thisproc_cpubind            : yes
  cpubind->get_thisproc_cpubind            : yes
  cpubind->set_proc_cpubind                : yes
  cpubind->get_proc_cpubind                : yes
  cpubind->set_thisthread_cpubind          : yes
  cpubind->get_thisthread_cpubind          : yes
  cpubind->set_thread_cpubind              : yes
  cpubind->get_thread_cpubind              : yes
  cpubind->get_thisproc_last_cpu_location  : yes
  cpubind->get_proc_last_cpu_location      : yes
  cpubind->get_thisthread_last_cpu_location: yes
Memory binding support:
  membind->set_thisproc_membind            : no
  membind->get_thisproc_membind            : no
  membind->set_proc_membind                : no
  membind->get_proc_membind                : no
  membind->set_thisthread_membind          : yes
  membind->get_thisthread_membind          : yes
  membind->set_area_membind                : yes
  membind->get_area_membind                : yes
  membind->alloc_membind                   : yes
  membind->firsttouch_membind              : yes
  membind->bind_membind                    : yes
  membind->interleave_membind              : yes
  membind->nexttouch_membind               : no
  membind->migrate_membind                 : yes
INFO (SystemTopology): Hardware objects in this node:
Machine L#0: (P#0, total=7110656KB, DMIProductName="Virtual Machine", DMIProductVersion=7.0, DMIProductUUID=e57e5f4b-4c4d-2240-b431-80a2a5a70dce, DMIBoardVendor="Microsoft Corporation", DMIBoardName="Virtual Machine", DMIBoardVersion=7.0, DMIChassisVendor="Microsoft Corporation", DMIChassisType=3, DMIChassisVersion=7.0, DMIChassisAssetTag=7783-7084-3265-9085-8269-3286-77, DMIBIOSVendor="American Megatrends Inc.", DMIBIOSVersion="090008 ", DMIBIOSDate=12/07/2018, DMISysVendor="Microsoft Corporation", Backend=Linux, LinuxCgroup=/, OSName=Linux, OSRelease=5.15.0-1023-azure, OSVersion="#29~20.04.1-Ubuntu SMP Wed Oct 26 19:18:25 UTC 2022", HostName=fv-az353-892, Architecture=x86_64, hwlocVersion=2.1.0, ProcessName=cactus_sim)
  Package L#0: (P#0, total=7110656KB, CPUVendor=GenuineIntel, CPUFamilyNumber=6, CPUModelNumber=85, CPUModel="Intel(R) Xeon(R) Platinum 8272CL CPU @ 2.60GHz", CPUStepping=7)
    L3Cache L#0: (P#-1, size=36608KB, linesize=64, ways=11, Inclusive=0)
      L2Cache L#0: (P#-1, size=1024KB, linesize=64, ways=16, Inclusive=0)
        L1dCache L#0: (P#-1, size=32KB, linesize=64, ways=8, Inclusive=0)
          Core L#0: (P#0)
            PU L#0: (P#0)
      L2Cache L#1: (P#-1, size=1024KB, linesize=64, ways=16, Inclusive=0)
        L1dCache L#1: (P#-1, size=32KB, linesize=64, ways=8, Inclusive=0)
          Core L#1: (P#1)
            PU L#1: (P#1)
INFO (SystemTopology): Thread CPU bindings:
  MPI process 0 on host 0 (process 0 of 1 on this host)
    OpenMP thread 0: PU set L#{0-1} P#{0-1}
    OpenMP thread 1: PU set L#{0-1} P#{0-1}
INFO (SystemTopology): Setting thread CPU bindings:
INFO (SystemTopology): Thread CPU bindings:
  MPI process 0 on host 0 (process 0 of 1 on this host)
    OpenMP thread 0: PU set L#{0} P#{0}
    OpenMP thread 1: PU set L#{1} P#{1}
INFO (SystemTopology): Extracting CPU/cache/memory properties:
  There are 1 PUs per core (aka hardware SMT threads)
  There are 1 threads per core (aka SMT threads used)
  Cache (unknown name) has type "data" depth 1
    size 32768 linesize 64 associativity 8 stride 4096, for 1 PUs
  Cache (unknown name) has type "unified" depth 2
    size 1048576 linesize 64 associativity 16 stride 65536, for 1 PUs
  Cache (unknown name) has type "unified" depth 3
    size 37486592 linesize 64 associativity 11 stride 3407872, for 2 PUs
INFO (PUGH): Using physical to logical mappings: direct
INFO (PUGH): Using topology generator: automatic
INFO (Vectors): Using vector size 2 for architecture SSE2 (64-bit precision)
--------------------------------------------------------------------------------
Driver provided by PUGH
--------------------------------------------------------------------------------

INFO (PUGH): Not setting up a topology for 1 dimensions
INFO (PUGH): Not setting up a topology for 2 dimensions
INFO (PUGH): Setting up a topology for 3 dimensions
INFO (IOASCII): I/O Method 'IOASCII_1D' registered: output of 1D lines of grid functions/arrays to ASCII files
INFO (IOASCII): Periodic 1D output every 1 iterations
INFO (IOASCII): Periodic 1D output requested for 'GRID::r'
INFO (IOASCII): I/O Method 'IOASCII_2D' registered: output of 2D planes of grid functions/arrays to ASCII files
INFO (IOASCII): Periodic 2D output turned off
INFO (IOASCII): I/O Method 'IOASCII_3D' registered: output of 3D grid functions/arrays to ASCII files
INFO (IOASCII): Periodic 3D output turned off
INFO (MemSpeed): Measuring CPU, cache, memory, and communication speeds:
  Single-core measurements (using 1 MPI processes with 1 OpenMP threads each):
    CPU frequency:
      iterations=1000000... time=0.00133683 sec
      iterations=10000000... time=0.0137148 sec
      iterations=100000000... time=0.133843 sec
      iterations=800000000... time=1.07087 sec
      iterations=800000000... time=1.0707 sec
      result: 9373.83 GHz
    CPU floating point performance:
      iterations=1000000... time=0.00298156 sec
      iterations=10000000... time=0.0300718 sec
      iterations=100000000... time=0.300737 sec
      iterations=400000000... time=1.20353 sec
      result: 10.6354 Gflop/sec
    CPU integer performance:
      iterations=1000000... time=0.00185514 sec
      iterations=10000000... time=0.0184067 sec
      iterations=100000000... time=0.183912 sec
      iterations=600000000... time=1.10417 sec
      result: 8.69434 Giop/sec
    Read latency of D1 cache (for 1 PUs) (using 1*24576 bytes):
      iterations=1000... time=0.000134303 sec
      iterations=10000... time=0.00133703 sec
      iterations=100000... time=0.0134023 sec
      iterations=1000000... time=0.133837 sec
      iterations=8000000... time=1.07125 sec
      result: 1.33906 nsec
    Read latency of L2 cache (for 1 PUs) (using 1*786432 bytes):
      iterations=1000... time=0.000542911 sec
      iterations=10000... time=0.0053277 sec
      iterations=100000... time=0.0532733 sec
      iterations=1000000... time=0.532711 sec
      iterations=2000000... time=1.0659 sec
      result: 5.3295 nsec
    Read latency of L3 cache (for 2 PUs) (using 1*28114944 bytes):
      [skipped -- avoiding large-memory benchmarks]
    Read bandwidth of D1 cache (for 1 PUs) (using 1*24576 bytes):
      iterations=1... time=5e-07 sec
      iterations=10... time=3.3e-06 sec
      iterations=100... time=3.06e-05 sec
      iterations=1000... time=0.000305106 sec
      iterations=10000... time=0.00306066 sec
      iterations=100000... time=0.030541 sec
      iterations=1000000... time=0.305405 sec
      iterations=4000000... time=1.22169 sec
      result: 80.4655 GByte/sec
    Read bandwidth of L2 cache (for 1 PUs) (using 1*786432 bytes):
      iterations=1... time=1.83e-05 sec
      iterations=10... time=0.000158003 sec
      iterations=100... time=0.00157483 sec
      iterations=1000... time=0.0157339 sec
      iterations=10000... time=0.157137 sec
      iterations=70000... time=1.09944 sec
      result: 50.0711 GByte/sec
    Read bandwidth of L3 cache (for 2 PUs) (using 1*28114944 bytes):
      [skipped -- avoiding large-memory benchmarks]
    Write latency of D1 cache (for 1 PUs) (using 1*24576 bytes):
      iterations=1000... time=3.1e-06 sec
      iterations=10000... time=2.7001e-05 sec
      iterations=100000... time=0.000267605 sec
      iterations=1000000... time=0.00268035 sec
      iterations=10000000... time=0.0267683 sec
      iterations=100000000... time=0.267739 sec
      iterations=400000000... time=1.07087 sec
      result: 0.334645 nsec
    Write latency of L2 cache (for 1 PUs) (using 1*786432 bytes):
      iterations=1000... time=2.2301e-05 sec
      iterations=10000... time=0.000144302 sec
      iterations=100000... time=0.00142813 sec
      iterations=1000000... time=0.0142051 sec
      iterations=10000000... time=0.141999 sec
      iterations=80000000... time=1.1364 sec
      result: 1.77563 nsec
    Write latency of L3 cache (for 2 PUs) (using 1*28114944 bytes):
      [skipped -- avoiding large-memory benchmarks]
    Write bandwidth of D1 cache (for 1 PUs) (using 1*24576 bytes):
      iterations=1... time=7e-07 sec
      iterations=10... time=5.401e-06 sec
      iterations=100... time=3.17e-05 sec
      iterations=1000... time=0.000156903 sec
      iterations=10000... time=0.00156533 sec
      iterations=100000... time=0.0156863 sec
      iterations=1000000... time=0.157052 sec
      iterations=7000000... time=1.09843 sec
      result: 156.617 GByte/sec
    Write bandwidth of L2 cache (for 1 PUs) (using 1*786432 bytes):
      iterations=1... time=2.7901e-05 sec
      iterations=10... time=0.000283505 sec
      iterations=100... time=0.00285016 sec
      iterations=1000... time=0.0284062 sec
      iterations=10000... time=0.278795 sec
      iterations=40000... time=1.00439 sec
      result: 31.3198 GByte/sec
    Write bandwidth of L3 cache (for 2 PUs) (using 1*28114944 bytes):
      [skipped -- avoiding large-memory benchmarks]
    Stencil code performance of D1 cache (for 1 PUs) (using 1*12^3 grid points, 1*27648 bytes):
      iterations=1... time=2.94e-05 sec
      iterations=10... time=0.000230905 sec
      iterations=100... time=0.00231884 sec
      iterations=1000... time=0.0231238 sec
      iterations=10000... time=0.23121 sec
      iterations=50000... time=1.15635 sec
      result: 0.074718 Gupdates/sec
    Stencil code performance of L2 cache (for 1 PUs) (using 1*37^3 grid points, 1*810448 bytes):
      iterations=1... time=0.000201404 sec
      iterations=10... time=0.00191034 sec
      iterations=100... time=0.0187816 sec
      iterations=1000... time=0.188061 sec
      iterations=6000... time=1.12817 sec
      result: 0.269391 Gupdates/sec
    Stencil code performance of L3 cache (for 2 PUs) (using 1*121^3 grid points, 1*28344976 bytes):
      iterations=1... time=0.00420418 sec
      iterations=10... time=0.0437948 sec
      iterations=100... time=0.436682 sec
      iterations=300... time=1.30954 sec
      result: 0.405844 Gupdates/sec
  Single-node measurements (using 1 MPI processes with 2 OpenMP threads each):
    CPU frequency:
      iterations=1000000... time=0.00145843 sec
      iterations=10000000... time=0.0139156 sec
      iterations=100000000... time=0.136028 sec
      iterations=800000000... time=1.10235 sec
      iterations=800000000... time=1.07931 sec
      result: 69.4307 GHz
    CPU floating point performance:
      iterations=1000000... time=0.00302206 sec
      iterations=10000000... time=0.0301531 sec
      iterations=100000000... time=0.300233 sec
      iterations=400000000... time=1.20134 sec
      result: 10.6548 Gflop/sec
    CPU integer performance:
      iterations=1000000... time=0.00185949 sec
      iterations=10000000... time=0.0180716 sec
      iterations=100000000... time=0.182705 sec
      iterations=600000000... time=1.10083 sec
      result: 8.72072 Giop/sec
    Read latency of D1 cache (for 1 PUs) (using 2*24576 bytes):
      iterations=1000... time=0.000134203 sec
      iterations=10000... time=0.00134608 sec
      iterations=100000... time=0.013424 sec
      iterations=1000000... time=0.133959 sec
      iterations=8000000... time=1.0733 sec
      result: 1.34162 nsec
    Read latency of L2 cache (for 1 PUs) (using 2*786432 bytes):
      iterations=1000... time=0.000582562 sec
      iterations=10000... time=0.00572811 sec
      iterations=100000... time=0.0570244 sec
      iterations=1000000... time=0.574932 sec
      iterations=2000000... time=1.14419 sec
      result: 5.72097 nsec
    Read latency of L3 cache (for 2 PUs) (using 1*28114944 bytes):
      [skipped -- avoiding large-memory benchmarks]
    Read bandwidth of D1 cache (for 1 PUs) (using 2*24576 bytes):
      iterations=1... time=6e-07 sec
      iterations=10... time=4.2e-06 sec
      iterations=100... time=3.31e-05 sec
      iterations=1000... time=0.000331206 sec
      iterations=10000... time=0.00329706 sec
      iterations=100000... time=0.0309208 sec
      iterations=1000000... time=0.305802 sec
      iterations=4000000... time=1.22941 sec
      result: 79.9606 GByte/sec
    Read bandwidth of L2 cache (for 1 PUs) (using 2*786432 bytes):
      iterations=1... time=1.9051e-05 sec
      iterations=10... time=0.000161003 sec
      iterations=100... time=0.00160578 sec
      iterations=1000... time=0.0158828 sec
      iterations=10000... time=0.159319 sec
      iterations=70000... time=1.11449 sec
      result: 49.3949 GByte/sec
    Read bandwidth of L3 cache (for 2 PUs) (using 1*28114944 bytes):
      [skipped -- avoiding large-memory benchmarks]
    Write latency of D1 cache (for 1 PUs) (using 2*24576 bytes):
      iterations=1000... time=3.15e-06 sec
      iterations=10000... time=2.6951e-05 sec
      iterations=100000... time=0.000267555 sec
      iterations=1000000... time=0.002697 sec
      iterations=10000000... time=0.0267757 sec
      iterations=100000000... time=0.26817 sec
      iterations=400000000... time=1.07287 sec
      result: 0.335272 nsec
    Write latency of L2 cache (for 1 PUs) (using 2*786432 bytes):
      iterations=1000... time=3.0501e-05 sec
      iterations=10000... time=0.000147503 sec
      iterations=100000... time=0.00143228 sec
      iterations=1000000... time=0.0143035 sec
      iterations=10000000... time=0.143151 sec
      iterations=80000000... time=1.14742 sec
      result: 1.79284 nsec
    Write latency of L3 cache (for 2 PUs) (using 1*28114944 bytes):
      [skipped -- avoiding large-memory benchmarks]
    Write bandwidth of D1 cache (for 1 PUs) (using 2*24576 bytes):
      iterations=1... time=4e-07 sec
      iterations=10... time=3.1e-06 sec
      iterations=100... time=1.575e-05 sec
      iterations=1000... time=0.000154903 sec
      iterations=10000... time=0.00154618 sec
      iterations=100000... time=0.0155083 sec
      iterations=1000000... time=0.155007 sec
      iterations=7000000... time=1.08492 sec
      result: 158.566 GByte/sec
    Write bandwidth of L2 cache (for 1 PUs) (using 2*786432 bytes):
      iterations=1... time=3.0951e-05 sec
      iterations=10... time=0.000309356 sec
      iterations=100... time=0.00310866 sec
      iterations=1000... time=0.0303473 sec
      iterations=10000... time=0.256959 sec
      iterations=40000... time=0.755407 sec
      iterations=80000... time=1.52915 sec
      result: 41.1435 GByte/sec
    Write bandwidth of L3 cache (for 2 PUs) (using 1*28114944 bytes):
      [skipped -- avoiding large-memory benchmarks]
    Stencil code performance of D1 cache (for 1 PUs) (using 2*9^3 grid points, 2*11664 bytes):
      iterations=1... time=3.4e-06 sec
      iterations=10... time=3.0501e-05 sec
      iterations=100... time=0.000303955 sec
      iterations=1000... time=0.00298246 sec
      iterations=10000... time=0.0294578 sec
      iterations=100000... time=0.295666 sec
      iterations=400000... time=1.19588 sec
      result: 0.243837 Gupdates/sec
    Stencil code performance of L2 cache (for 1 PUs) (using 2*29^3 grid points, 2*390224 bytes):
      iterations=1... time=2.94005e-05 sec
      iterations=10... time=0.000294705 sec
      iterations=100... time=0.00290836 sec
      iterations=1000... time=0.0290279 sec
      iterations=10000... time=0.291434 sec
      iterations=40000... time=1.17133 sec
      result: 0.832864 Gupdates/sec
    Stencil code performance of L3 cache (for 2 PUs) (using 1*121^3 grid points, 1*28344976 bytes):
      iterations=1... time=0.00107197 sec
      iterations=10... time=0.0109104 sec
      iterations=100... time=0.108838 sec
      iterations=1000... time=1.09017 sec
      result: 1.62504 Gupdates/sec
INFO (Vectors): Testing vectorisation... [errors may result in segfaults]
INFO (Vectors): 375/375 tests passed 
INFO (CartGrid3D): Grid Spacings:
INFO (CartGrid3D): dx=>1.1111111e-01  dy=>1.1111111e-01  dz=>1.1111111e-01
INFO (CartGrid3D): Computational Coordinates:
INFO (CartGrid3D): x=>[-0.500, 0.500]  y=>[-0.500, 0.500]  z=>[-0.500, 0.500]
INFO (CartGrid3D): Indices of Physical Coordinates:
INFO (CartGrid3D): x=>[0,9]  y=>[0,9]  z=>[0,9]
INFO (PUGH): MPI Evolution on 1 processors
INFO (PUGH): 3-dimensional grid functions
INFO (PUGH):   Size: 10 10 10
INFO (PUGH):   Processor topology: 1 x 1 x 1
INFO (PUGH):   Local load: 1000   [10 x 10 x 10]
INFO (PUGH):   Maximum load skew: 0.000000
--------------------------------------------------------------------------------
Done.
+ echo Stopping:
Stopping:
+ date
Sun Dec 11 12:58:20 UTC 2022
+ echo Done.
Done.
  Elapsed time: 47.8 s
