/home/runner/simulations/TestJob01_temp_1/output-0000/TEST/sim/BoxInBox
Preparing:
+ set -e
+ cd output-0000-active
+ echo Checking:
Checking:
+ pwd
/home/runner/simulations/TestJob01_temp_1/output-0000/TEST/sim/BoxInBox/output-0000-active
+ hostname
fv-az773-806
+ date
Sat Apr 13 18:51:15 UTC 2024
+ echo Environment:
Environment:
+ export CACTUS_NUM_PROCS=1
+ CACTUS_NUM_PROCS=1
+ export CACTUS_NUM_THREADS=2
+ CACTUS_NUM_THREADS=2
+ export GMON_OUT_PREFIX=gmon.out
+ GMON_OUT_PREFIX=gmon.out
+ export OMP_NUM_THREADS=2
+ OMP_NUM_THREADS=2
+ env
+ sort
+ echo Starting:
Starting:
++ date +%s
+ export CACTUS_STARTTIME=1713034275
+ CACTUS_STARTTIME=1713034275
+ '[' 1 = 1 ']'
+ '[' 0 -eq 0 ']'
+ /home/runner/simulations/TestJob01_temp_1/SIMFACTORY/exe/cactus_sim -L 3 /home/runner/simulations/TestJob01_temp_1/output-0000/arrangements/CarpetX/BoxInBox/test/levels20.par
INFO (Cactus): Increased logging level from 0 to 3
--------------------------------------------------------------------------------

       10                                  
  1   0101       ************************  
  01  1010 10      The Cactus Code V4.15.0    
 1010 1101 011      www.cactuscode.org     
  1001 100101    ************************  
    00010101                               
     100011     (c) Copyright The Authors  
      0100      GNU Licensed. No Warranty  
      0101                                 
--------------------------------------------------------------------------------

Cactus version:    4.15.0
Compile date:      Apr 13 2024 (18:49:25)
Run date:          Apr 13 2024 (18:51:16+0000)
Run host:          fv-az773-806.an51pne1gm2ejjnmkprpigk40g.dx.internal.cloudapp.net (pid=128286)
Working directory: /home/runner/simulations/TestJob01_temp_1/output-0000/TEST/sim/BoxInBox
Executable:        /home/runner/simulations/TestJob01_temp_1/SIMFACTORY/exe/cactus_sim
Parameter file:    /home/runner/simulations/TestJob01_temp_1/output-0000/arrangements/CarpetX/BoxInBox/test/levels20.par
--------------------------------------------------------------------------------

Activating thorn Cactus...Success -> active implementation Cactus
Activation requested for 
--->BoxInBox CarpetX CoordinatesX IOUtil<---
Thorn BoxInBox requests automatic activation of Loop
Thorn CarpetX requests automatic activation of AMReX
Thorn CarpetX requests automatic activation of MPI
Thorn CarpetX requests automatic activation of yaml_cpp
Thorn CarpetX requests automatic activation of zlib
Thorn CarpetX requests automatic activation of Arith
Thorn CarpetX requests automatic activation of ADIOS2
Thorn CarpetX requests automatic activation of openPMD
Thorn CarpetX requests automatic activation of Silo
Thorn Arith requests automatic activation of NSIMD
Thorn MPI requests automatic activation of hwloc
Thorn openPMD requests automatic activation of HDF5
Activating thorn ADIOS2...Success -> active implementation ADIOS2
Activating thorn AMReX...Success -> active implementation AMReX
Activating thorn Arith...Success -> active implementation Arith
Activating thorn BoxInBox...Success -> active implementation BoxInBox
Activating thorn CarpetX...Success -> active implementation CarpetX
Activating thorn CoordinatesX...Success -> active implementation CoordinatesX
Activating thorn HDF5...Success -> active implementation HDF5
Activating thorn hwloc...Success -> active implementation hwloc
Activating thorn IOUtil...Success -> active implementation IO
Activating thorn Loop...Success -> active implementation Loop
Activating thorn MPI...Success -> active implementation MPI
Activating thorn NSIMD...Success -> active implementation NSIMD
Activating thorn openPMD...Success -> active implementation openPMD
Activating thorn Silo...Success -> active implementation Silo
Activating thorn yaml_cpp...Success -> active implementation yaml_cpp
Activating thorn zlib...Success -> active implementation zlib
INFO (hwloc): library version 2.7.0, API version 0x20500
--------------------------------------------------------------------------------

  [34m  ▕▏  [34m  ▕▏  [34m  ▕▏  [34m  ▕▏  [34m  ▕▏  [34m  ▕▏  [34m  ▕▏  [34m  ▕▏  [34m  ▕▏  [39m  
  [34m──██──[34m──██──[34m──██──[34m──██──[34m──██──[34m──██──[34m──██──[34m──██──[34m──██──[39m  
  [34m  ▕▏  [34m  ▕▏  [34m  ▕▏  [34m  ▕▏  [34m  ▕▏  [34m  ▕▏  [34m  ▕▏  [34m  ▕▏  [34m  ▕▏  [39m  
  [34m  ▕▏  [32m██████[34m  ▕▏  [34m  ▕▏  [32m██████[34m  ▕▏  [34m  ▕▏  [32m██████[34m  ▕▏  [39m  
  [34m──██──[32m██████[34m──██──[34m──██──[32m██████[34m──██──[34m──██──[32m██████[34m──██──[39m  
  [34m  ▕▏  [32m██████[34m  ▕▏  [34m  ▕▏  [32m██████[34m  ▕▏  [34m  ▕▏  [32m██████[34m  ▕▏  [39m  
  [34m  ▕▏  [34m  ▕▏  [34m  ▕▏  [34m  ▕▏  [34m  ▕▏  [34m  ▕▏  [34m  ▕▏  [34m  ▕▏  [34m  ▕▏  [39m  
  [34m──██──[34m──██──[34m──██──[34m──██──[34m──██──[34m──██──[34m──██──[34m──██──[34m──██──[39m  
  [34m  ▕▏  [34m  ▕▏  [34m  ▕▏  [34m  ▕▏  [34m  ▕▏  [34m  ▕▏  [34m  ▕▏  [34m  ▕▏  [34m  ▕▏  [39m  
  [34m  ▕▏  [34m  ▕▏  [34m  ▕▏  [31m██████[31m██████[31m██████[34m  ▕▏  [34m  ▕▏  [34m  ▕▏  [39m  
  [34m──██──[34m──██──[34m──██──[31m██████[31m██████[31m██████[34m──██──[34m──██──[34m──██──[39m  
  [34m  ▕▏  [34m  ▕▏  [34m  ▕▏  [31m██████[31m██████[31m██████[34m  ▕▏  [34m  ▕▏  [34m  ▕▏  [39m  
  [34m  ▕▏  [32m██████[34m  ▕▏  [31m██████[31m██████[31m██████[34m  ▕▏  [32m██████[34m  ▕▏  [39m  
  [34m──██──[32m██████[34m──██──[31m██████[31m██████[31m██████[34m──██──[32m██████[34m──██──[39m  
  [34m  ▕▏  [32m██████[34m  ▕▏  [31m██████[31m██████[31m██████[34m  ▕▏  [32m██████[34m  ▕▏  [39m  
  [34m  ▕▏  [34m  ▕▏  [34m  ▕▏  [31m██████[31m██████[31m██████[34m  ▕▏  [34m  ▕▏  [34m  ▕▏  [39m  
  [34m──██──[34m──██──[34m──██──[31m██████[31m██████[31m██████[34m──██──[34m──██──[34m──██──[39m  
  [34m  ▕▏  [34m  ▕▏  [34m  ▕▏  [31m██████[31m██████[31m██████[34m  ▕▏  [34m  ▕▏  [34m  ▕▏  [39m  
  [34m  ▕▏  [34m  ▕▏  [34m  ▕▏  [34m  ▕▏  [34m  ▕▏  [34m  ▕▏  [34m  ▕▏  [34m  ▕▏  [34m  ▕▏  [39m  
  [34m──██──[34m──██──[34m──██──[34m──██──[34m──██──[34m──██──[34m──██──[34m──██──[34m──██──[39m  
  [34m  ▕▏  [34m  ▕▏  [34m  ▕▏  [34m  ▕▏  [34m  ▕▏  [34m  ▕▏  [34m  ▕▏  [34m  ▕▏  [34m  ▕▏  [39m  
  [34m  ▕▏  [32m██████[34m  ▕▏  [34m  ▕▏  [32m██████[34m  ▕▏  [34m  ▕▏  [32m██████[34m  ▕▏  [39m  
  [34m──██──[32m██████[34m──██──[34m──██──[32m██████[34m──██──[34m──██──[32m██████[34m──██──[39m  
  [34m  ▕▏  [32m██████[34m  ▕▏  [34m  ▕▏  [32m██████[34m  ▕▏  [34m  ▕▏  [32m██████[34m  ▕▏  [39m  
  [34m  ▕▏  [34m  ▕▏  [34m  ▕▏  [34m  ▕▏  [34m  ▕▏  [34m  ▕▏  [34m  ▕▏  [34m  ▕▏  [34m  ▕▏  [39m  
  [34m──██──[34m──██──[34m──██──[34m──██──[34m──██──[34m──██──[34m──██──[34m──██──[34m──██──[39m  
  [34m  ▕▏  [34m  ▕▏  [34m  ▕▏  [34m  ▕▏  [34m  ▕▏  [34m  ▕▏  [34m  ▕▏  [34m  ▕▏  [34m  ▕▏  [39m  

AMR driver provided by CarpetX,
using AMReX 23.08 (MPI, OpenMP, no accelerators, debug)
--------------------------------------------------------------------------------

MPI initialized with 1 MPI processes
MPI initialized with thread support level 2
OMP initialized with 2 OMP threads
AMReX (23.08) initialized
INFO (CarpetX): 
Symmetries:
  lower x: none
  lower y: none
  lower z: none
  upper x: none
  upper y: none
  upper z: none
Default boundaries:
  lower x: dirichlet
  lower y: dirichlet
  lower z: dirichlet
  upper x: dirichlet
  upper y: dirichlet
  upper z: dirichlet
INFO (Arith): Test_smallvector
INFO (Arith): Test_spvect
INFO (CarpetX): Setting up initial conditions...
INFO (CarpetX): Iteration: 0   time: 0   delta_time: 0.03125
INFO (CarpetX): Patch 0:
INFO (CarpetX):   Grid extent:
INFO (CarpetX):     gsh=[35,35,35]
INFO (CarpetX):     blocking_factor=[8,8,8]
INFO (CarpetX):     max_grid_size=[32,32,32]
INFO (CarpetX):     max_tile_size=[1024000,16,32]
INFO (CarpetX):   Domain extent:
INFO (CarpetX):     xmin=[-1,-1,-1]
INFO (CarpetX):     xmax=[1,1,1]
INFO (CarpetX):     base dx=[0.0625,0.0625,0.0625]
INFO (CarpetX): Initializing level 0...
INFO (CarpetX): Regridding...
INFO (CarpetX):   level 0: 1 boxes, 32768 cells (100%)
INFO (CarpetX):   level 1: 1 boxes, 32768 cells (12.5%, 12%)
INFO (CarpetX): Iteration: 0   time: 0   delta_time: 0.015625
INFO (CarpetX): Initializing level 1...
INFO (CarpetX): Regridding...
INFO (CarpetX):   level 0: 1 boxes, 32768 cells (100%)
INFO (CarpetX):   level 1: 1 boxes, 32768 cells (12.5%, 12%)
INFO (CarpetX):   level 2: 1 boxes, 32768 cells (1.562%, 12%)
INFO (CarpetX): Iteration: 0   time: 0   delta_time: 0.0078125
INFO (CarpetX): Initializing level 2...
INFO (CarpetX): Regridding...
INFO (CarpetX):   level 0: 1 boxes, 32768 cells (100%)
INFO (CarpetX):   level 1: 1 boxes, 32768 cells (12.5%, 12%)
INFO (CarpetX):   level 2: 1 boxes, 32768 cells (1.562%, 12%)
INFO (CarpetX):   level 3: 1 boxes, 32768 cells (0.1953%, 12%)
INFO (CarpetX): Iteration: 0   time: 0   delta_time: 0.00390625
INFO (CarpetX): Initializing level 3...
INFO (CarpetX): Regridding...
INFO (CarpetX):   level 0: 1 boxes, 32768 cells (100%)
INFO (CarpetX):   level 1: 1 boxes, 32768 cells (12.5%, 12%)
INFO (CarpetX):   level 2: 1 boxes, 32768 cells (1.562%, 12%)
INFO (CarpetX):   level 3: 1 boxes, 32768 cells (0.1953%, 12%)
INFO (CarpetX):   level 4: 1 boxes, 32768 cells (0.02441%, 12%)
INFO (CarpetX): Iteration: 0   time: 0   delta_time: 0.00195312
INFO (CarpetX): Initializing level 4...
INFO (CarpetX): Regridding...
INFO (CarpetX):   level 0: 1 boxes, 32768 cells (100%)
INFO (CarpetX):   level 1: 1 boxes, 32768 cells (12.5%, 12%)
INFO (CarpetX):   level 2: 1 boxes, 32768 cells (1.562%, 12%)
INFO (CarpetX):   level 3: 1 boxes, 32768 cells (0.1953%, 12%)
INFO (CarpetX):   level 4: 1 boxes, 32768 cells (0.02441%, 12%)
INFO (CarpetX):   level 5: 1 boxes, 32768 cells (0.003052%, 12%)
INFO (CarpetX): Iteration: 0   time: 0   delta_time: 0.000976562
INFO (CarpetX): Initializing level 5...
INFO (CarpetX): Regridding...
INFO (CarpetX):   level 0: 1 boxes, 32768 cells (100%)
INFO (CarpetX):   level 1: 1 boxes, 32768 cells (12.5%, 12%)
INFO (CarpetX):   level 2: 1 boxes, 32768 cells (1.562%, 12%)
INFO (CarpetX):   level 3: 1 boxes, 32768 cells (0.1953%, 12%)
INFO (CarpetX):   level 4: 1 boxes, 32768 cells (0.02441%, 12%)
INFO (CarpetX):   level 5: 1 boxes, 32768 cells (0.003052%, 12%)
INFO (CarpetX):   level 6: 1 boxes, 32768 cells (0.0003815%, 12%)
INFO (CarpetX): Iteration: 0   time: 0   delta_time: 0.000488281
INFO (CarpetX): Initializing level 6...
INFO (CarpetX): Regridding...
INFO (CarpetX):   level 0: 1 boxes, 32768 cells (100%)
INFO (CarpetX):   level 1: 1 boxes, 32768 cells (12.5%, 12%)
INFO (CarpetX):   level 2: 1 boxes, 32768 cells (1.562%, 12%)
INFO (CarpetX):   level 3: 1 boxes, 32768 cells (0.1953%, 12%)
INFO (CarpetX):   level 4: 1 boxes, 32768 cells (0.02441%, 12%)
INFO (CarpetX):   level 5: 1 boxes, 32768 cells (0.003052%, 12%)
INFO (CarpetX):   level 6: 1 boxes, 32768 cells (0.0003815%, 12%)
INFO (CarpetX):   level 7: 1 boxes, 32768 cells (4.768e-05%, 12%)
INFO (CarpetX): Iteration: 0   time: 0   delta_time: 0.000244141
INFO (CarpetX): Initializing level 7...
INFO (CarpetX): Regridding...
INFO (CarpetX):   level 0: 1 boxes, 32768 cells (100%)
INFO (CarpetX):   level 1: 1 boxes, 32768 cells (12.5%, 12%)
INFO (CarpetX):   level 2: 1 boxes, 32768 cells (1.562%, 12%)
INFO (CarpetX):   level 3: 1 boxes, 32768 cells (0.1953%, 12%)
INFO (CarpetX):   level 4: 1 boxes, 32768 cells (0.02441%, 12%)
INFO (CarpetX):   level 5: 1 boxes, 32768 cells (0.003052%, 12%)
INFO (CarpetX):   level 6: 1 boxes, 32768 cells (0.0003815%, 12%)
INFO (CarpetX):   level 7: 1 boxes, 32768 cells (4.768e-05%, 12%)
INFO (CarpetX):   level 8: 1 boxes, 32768 cells (5.96e-06%, 12%)
INFO (CarpetX): Iteration: 0   time: 0   delta_time: 0.00012207
INFO (CarpetX): Initializing level 8...
INFO (CarpetX): Regridding...
INFO (CarpetX):   level 0: 1 boxes, 32768 cells (100%)
INFO (CarpetX):   level 1: 1 boxes, 32768 cells (12.5%, 12%)
INFO (CarpetX):   level 2: 1 boxes, 32768 cells (1.562%, 12%)
INFO (CarpetX):   level 3: 1 boxes, 32768 cells (0.1953%, 12%)
INFO (CarpetX):   level 4: 1 boxes, 32768 cells (0.02441%, 12%)
INFO (CarpetX):   level 5: 1 boxes, 32768 cells (0.003052%, 12%)
INFO (CarpetX):   level 6: 1 boxes, 32768 cells (0.0003815%, 12%)
INFO (CarpetX):   level 7: 1 boxes, 32768 cells (4.768e-05%, 12%)
INFO (CarpetX):   level 8: 1 boxes, 32768 cells (5.96e-06%, 12%)
INFO (CarpetX):   level 9: 1 boxes, 32768 cells (7.451e-07%, 12%)
INFO (CarpetX): Iteration: 0   time: 0   delta_time: 6.10352e-05
INFO (CarpetX): Initializing level 9...
INFO (CarpetX): Regridding...
INFO (CarpetX):   level 0: 1 boxes, 32768 cells (100%)
INFO (CarpetX):   level 1: 1 boxes, 32768 cells (12.5%, 12%)
INFO (CarpetX):   level 2: 1 boxes, 32768 cells (1.562%, 12%)
INFO (CarpetX):   level 3: 1 boxes, 32768 cells (0.1953%, 12%)
INFO (CarpetX):   level 4: 1 boxes, 32768 cells (0.02441%, 12%)
INFO (CarpetX):   level 5: 1 boxes, 32768 cells (0.003052%, 12%)
INFO (CarpetX):   level 6: 1 boxes, 32768 cells (0.0003815%, 12%)
INFO (CarpetX):   level 7: 1 boxes, 32768 cells (4.768e-05%, 12%)
INFO (CarpetX):   level 8: 1 boxes, 32768 cells (5.96e-06%, 12%)
INFO (CarpetX):   level 9: 1 boxes, 32768 cells (7.451e-07%, 12%)
INFO (CarpetX):   level 10: 1 boxes, 32768 cells (9.313e-08%, 12%)
INFO (CarpetX): Iteration: 0   time: 0   delta_time: 3.05176e-05
INFO (CarpetX): Initializing level 10...
INFO (CarpetX): Regridding...
INFO (CarpetX):   level 0: 1 boxes, 32768 cells (100%)
INFO (CarpetX):   level 1: 1 boxes, 32768 cells (12.5%, 12%)
INFO (CarpetX):   level 2: 1 boxes, 32768 cells (1.562%, 12%)
INFO (CarpetX):   level 3: 1 boxes, 32768 cells (0.1953%, 12%)
INFO (CarpetX):   level 4: 1 boxes, 32768 cells (0.02441%, 12%)
INFO (CarpetX):   level 5: 1 boxes, 32768 cells (0.003052%, 12%)
INFO (CarpetX):   level 6: 1 boxes, 32768 cells (0.0003815%, 12%)
INFO (CarpetX):   level 7: 1 boxes, 32768 cells (4.768e-05%, 12%)
INFO (CarpetX):   level 8: 1 boxes, 32768 cells (5.96e-06%, 12%)
INFO (CarpetX):   level 9: 1 boxes, 32768 cells (7.451e-07%, 12%)
INFO (CarpetX):   level 10: 1 boxes, 32768 cells (9.313e-08%, 12%)
INFO (CarpetX):   level 11: 1 boxes, 32768 cells (1.164e-08%, 12%)
INFO (CarpetX): Iteration: 0   time: 0   delta_time: 1.52588e-05
INFO (CarpetX): Initializing level 11...
INFO (CarpetX): Regridding...
INFO (CarpetX):   level 0: 1 boxes, 32768 cells (100%)
INFO (CarpetX):   level 1: 1 boxes, 32768 cells (12.5%, 12%)
INFO (CarpetX):   level 2: 1 boxes, 32768 cells (1.562%, 12%)
INFO (CarpetX):   level 3: 1 boxes, 32768 cells (0.1953%, 12%)
INFO (CarpetX):   level 4: 1 boxes, 32768 cells (0.02441%, 12%)
INFO (CarpetX):   level 5: 1 boxes, 32768 cells (0.003052%, 12%)
INFO (CarpetX):   level 6: 1 boxes, 32768 cells (0.0003815%, 12%)
INFO (CarpetX):   level 7: 1 boxes, 32768 cells (4.768e-05%, 12%)
INFO (CarpetX):   level 8: 1 boxes, 32768 cells (5.96e-06%, 12%)
INFO (CarpetX):   level 9: 1 boxes, 32768 cells (7.451e-07%, 12%)
INFO (CarpetX):   level 10: 1 boxes, 32768 cells (9.313e-08%, 12%)
INFO (CarpetX):   level 11: 1 boxes, 32768 cells (1.164e-08%, 12%)
INFO (CarpetX):   level 12: 1 boxes, 32768 cells (1.455e-09%, 12%)
INFO (CarpetX): Iteration: 0   time: 0   delta_time: 7.62939e-06
INFO (CarpetX): Initializing level 12...
INFO (CarpetX): Regridding...
INFO (CarpetX):   level 0: 1 boxes, 32768 cells (100%)
INFO (CarpetX):   level 1: 1 boxes, 32768 cells (12.5%, 12%)
INFO (CarpetX):   level 2: 1 boxes, 32768 cells (1.562%, 12%)
INFO (CarpetX):   level 3: 1 boxes, 32768 cells (0.1953%, 12%)
INFO (CarpetX):   level 4: 1 boxes, 32768 cells (0.02441%, 12%)
INFO (CarpetX):   level 5: 1 boxes, 32768 cells (0.003052%, 12%)
INFO (CarpetX):   level 6: 1 boxes, 32768 cells (0.0003815%, 12%)
INFO (CarpetX):   level 7: 1 boxes, 32768 cells (4.768e-05%, 12%)
INFO (CarpetX):   level 8: 1 boxes, 32768 cells (5.96e-06%, 12%)
INFO (CarpetX):   level 9: 1 boxes, 32768 cells (7.451e-07%, 12%)
INFO (CarpetX):   level 10: 1 boxes, 32768 cells (9.313e-08%, 12%)
INFO (CarpetX):   level 11: 1 boxes, 32768 cells (1.164e-08%, 12%)
INFO (CarpetX):   level 12: 1 boxes, 32768 cells (1.455e-09%, 12%)
INFO (CarpetX):   level 13: 1 boxes, 32768 cells (1.819e-10%, 12%)
INFO (CarpetX): Iteration: 0   time: 0   delta_time: 3.8147e-06
INFO (CarpetX): Initializing level 13...
INFO (CarpetX): Regridding...
INFO (CarpetX):   level 0: 1 boxes, 32768 cells (100%)
INFO (CarpetX):   level 1: 1 boxes, 32768 cells (12.5%, 12%)
INFO (CarpetX):   level 2: 1 boxes, 32768 cells (1.562%, 12%)
INFO (CarpetX):   level 3: 1 boxes, 32768 cells (0.1953%, 12%)
INFO (CarpetX):   level 4: 1 boxes, 32768 cells (0.02441%, 12%)
INFO (CarpetX):   level 5: 1 boxes, 32768 cells (0.003052%, 12%)
INFO (CarpetX):   level 6: 1 boxes, 32768 cells (0.0003815%, 12%)
INFO (CarpetX):   level 7: 1 boxes, 32768 cells (4.768e-05%, 12%)
INFO (CarpetX):   level 8: 1 boxes, 32768 cells (5.96e-06%, 12%)
INFO (CarpetX):   level 9: 1 boxes, 32768 cells (7.451e-07%, 12%)
INFO (CarpetX):   level 10: 1 boxes, 32768 cells (9.313e-08%, 12%)
INFO (CarpetX):   level 11: 1 boxes, 32768 cells (1.164e-08%, 12%)
INFO (CarpetX):   level 12: 1 boxes, 32768 cells (1.455e-09%, 12%)
INFO (CarpetX):   level 13: 1 boxes, 32768 cells (1.819e-10%, 12%)
INFO (CarpetX):   level 14: 1 boxes, 32768 cells (2.274e-11%, 12%)
INFO (CarpetX): Iteration: 0   time: 0   delta_time: 1.90735e-06
INFO (CarpetX): Initializing level 14...
INFO (CarpetX): Regridding...
INFO (CarpetX):   level 0: 1 boxes, 32768 cells (100%)
INFO (CarpetX):   level 1: 1 boxes, 32768 cells (12.5%, 12%)
INFO (CarpetX):   level 2: 1 boxes, 32768 cells (1.562%, 12%)
INFO (CarpetX):   level 3: 1 boxes, 32768 cells (0.1953%, 12%)
INFO (CarpetX):   level 4: 1 boxes, 32768 cells (0.02441%, 12%)
INFO (CarpetX):   level 5: 1 boxes, 32768 cells (0.003052%, 12%)
INFO (CarpetX):   level 6: 1 boxes, 32768 cells (0.0003815%, 12%)
INFO (CarpetX):   level 7: 1 boxes, 32768 cells (4.768e-05%, 12%)
INFO (CarpetX):   level 8: 1 boxes, 32768 cells (5.96e-06%, 12%)
INFO (CarpetX):   level 9: 1 boxes, 32768 cells (7.451e-07%, 12%)
INFO (CarpetX):   level 10: 1 boxes, 32768 cells (9.313e-08%, 12%)
INFO (CarpetX):   level 11: 1 boxes, 32768 cells (1.164e-08%, 12%)
INFO (CarpetX):   level 12: 1 boxes, 32768 cells (1.455e-09%, 12%)
INFO (CarpetX):   level 13: 1 boxes, 32768 cells (1.819e-10%, 12%)
INFO (CarpetX):   level 14: 1 boxes, 32768 cells (2.274e-11%, 12%)
INFO (CarpetX):   level 15: 1 boxes, 32768 cells (2.842e-12%, 12%)
INFO (CarpetX): Iteration: 0   time: 0   delta_time: 9.53674e-07
INFO (CarpetX): Initializing level 15...
INFO (CarpetX): Regridding...
INFO (CarpetX):   level 0: 1 boxes, 32768 cells (100%)
INFO (CarpetX):   level 1: 1 boxes, 32768 cells (12.5%, 12%)
INFO (CarpetX):   level 2: 1 boxes, 32768 cells (1.562%, 12%)
INFO (CarpetX):   level 3: 1 boxes, 32768 cells (0.1953%, 12%)
INFO (CarpetX):   level 4: 1 boxes, 32768 cells (0.02441%, 12%)
INFO (CarpetX):   level 5: 1 boxes, 32768 cells (0.003052%, 12%)
INFO (CarpetX):   level 6: 1 boxes, 32768 cells (0.0003815%, 12%)
INFO (CarpetX):   level 7: 1 boxes, 32768 cells (4.768e-05%, 12%)
INFO (CarpetX):   level 8: 1 boxes, 32768 cells (5.96e-06%, 12%)
INFO (CarpetX):   level 9: 1 boxes, 32768 cells (7.451e-07%, 12%)
INFO (CarpetX):   level 10: 1 boxes, 32768 cells (9.313e-08%, 12%)
INFO (CarpetX):   level 11: 1 boxes, 32768 cells (1.164e-08%, 12%)
INFO (CarpetX):   level 12: 1 boxes, 32768 cells (1.455e-09%, 12%)
INFO (CarpetX):   level 13: 1 boxes, 32768 cells (1.819e-10%, 12%)
INFO (CarpetX):   level 14: 1 boxes, 32768 cells (2.274e-11%, 12%)
INFO (CarpetX):   level 15: 1 boxes, 32768 cells (2.842e-12%, 12%)
INFO (CarpetX):   level 16: 1 boxes, 32768 cells (3.553e-13%, 12%)
INFO (CarpetX): Iteration: 0   time: 0   delta_time: 4.76837e-07
INFO (CarpetX): Initializing level 16...
INFO (CarpetX): Regridding...
INFO (CarpetX):   level 0: 1 boxes, 32768 cells (100%)
INFO (CarpetX):   level 1: 1 boxes, 32768 cells (12.5%, 12%)
INFO (CarpetX):   level 2: 1 boxes, 32768 cells (1.562%, 12%)
INFO (CarpetX):   level 3: 1 boxes, 32768 cells (0.1953%, 12%)
INFO (CarpetX):   level 4: 1 boxes, 32768 cells (0.02441%, 12%)
INFO (CarpetX):   level 5: 1 boxes, 32768 cells (0.003052%, 12%)
INFO (CarpetX):   level 6: 1 boxes, 32768 cells (0.0003815%, 12%)
INFO (CarpetX):   level 7: 1 boxes, 32768 cells (4.768e-05%, 12%)
INFO (CarpetX):   level 8: 1 boxes, 32768 cells (5.96e-06%, 12%)
INFO (CarpetX):   level 9: 1 boxes, 32768 cells (7.451e-07%, 12%)
INFO (CarpetX):   level 10: 1 boxes, 32768 cells (9.313e-08%, 12%)
INFO (CarpetX):   level 11: 1 boxes, 32768 cells (1.164e-08%, 12%)
INFO (CarpetX):   level 12: 1 boxes, 32768 cells (1.455e-09%, 12%)
INFO (CarpetX):   level 13: 1 boxes, 32768 cells (1.819e-10%, 12%)
INFO (CarpetX):   level 14: 1 boxes, 32768 cells (2.274e-11%, 12%)
INFO (CarpetX):   level 15: 1 boxes, 32768 cells (2.842e-12%, 12%)
INFO (CarpetX):   level 16: 1 boxes, 32768 cells (3.553e-13%, 12%)
INFO (CarpetX):   level 17: 1 boxes, 32768 cells (4.441e-14%, 12%)
INFO (CarpetX): Iteration: 0   time: 0   delta_time: 2.38419e-07
INFO (CarpetX): Initializing level 17...
INFO (CarpetX): Regridding...
INFO (CarpetX):   level 0: 1 boxes, 32768 cells (100%)
INFO (CarpetX):   level 1: 1 boxes, 32768 cells (12.5%, 12%)
INFO (CarpetX):   level 2: 1 boxes, 32768 cells (1.562%, 12%)
INFO (CarpetX):   level 3: 1 boxes, 32768 cells (0.1953%, 12%)
INFO (CarpetX):   level 4: 1 boxes, 32768 cells (0.02441%, 12%)
INFO (CarpetX):   level 5: 1 boxes, 32768 cells (0.003052%, 12%)
INFO (CarpetX):   level 6: 1 boxes, 32768 cells (0.0003815%, 12%)
INFO (CarpetX):   level 7: 1 boxes, 32768 cells (4.768e-05%, 12%)
INFO (CarpetX):   level 8: 1 boxes, 32768 cells (5.96e-06%, 12%)
INFO (CarpetX):   level 9: 1 boxes, 32768 cells (7.451e-07%, 12%)
INFO (CarpetX):   level 10: 1 boxes, 32768 cells (9.313e-08%, 12%)
INFO (CarpetX):   level 11: 1 boxes, 32768 cells (1.164e-08%, 12%)
INFO (CarpetX):   level 12: 1 boxes, 32768 cells (1.455e-09%, 12%)
INFO (CarpetX):   level 13: 1 boxes, 32768 cells (1.819e-10%, 12%)
INFO (CarpetX):   level 14: 1 boxes, 32768 cells (2.274e-11%, 12%)
INFO (CarpetX):   level 15: 1 boxes, 32768 cells (2.842e-12%, 12%)
INFO (CarpetX):   level 16: 1 boxes, 32768 cells (3.553e-13%, 12%)
INFO (CarpetX):   level 17: 1 boxes, 32768 cells (4.441e-14%, 12%)
INFO (CarpetX):   level 18: 1 boxes, 32768 cells (5.551e-15%, 12%)
INFO (CarpetX): Iteration: 0   time: 0   delta_time: 1.19209e-07
INFO (CarpetX): Initializing level 18...
INFO (CarpetX): Regridding...
INFO (CarpetX):   level 0: 1 boxes, 32768 cells (100%)
INFO (CarpetX):   level 1: 1 boxes, 32768 cells (12.5%, 12%)
INFO (CarpetX):   level 2: 1 boxes, 32768 cells (1.562%, 12%)
INFO (CarpetX):   level 3: 1 boxes, 32768 cells (0.1953%, 12%)
INFO (CarpetX):   level 4: 1 boxes, 32768 cells (0.02441%, 12%)
INFO (CarpetX):   level 5: 1 boxes, 32768 cells (0.003052%, 12%)
INFO (CarpetX):   level 6: 1 boxes, 32768 cells (0.0003815%, 12%)
INFO (CarpetX):   level 7: 1 boxes, 32768 cells (4.768e-05%, 12%)
INFO (CarpetX):   level 8: 1 boxes, 32768 cells (5.96e-06%, 12%)
INFO (CarpetX):   level 9: 1 boxes, 32768 cells (7.451e-07%, 12%)
INFO (CarpetX):   level 10: 1 boxes, 32768 cells (9.313e-08%, 12%)
INFO (CarpetX):   level 11: 1 boxes, 32768 cells (1.164e-08%, 12%)
INFO (CarpetX):   level 12: 1 boxes, 32768 cells (1.455e-09%, 12%)
INFO (CarpetX):   level 13: 1 boxes, 32768 cells (1.819e-10%, 12%)
INFO (CarpetX):   level 14: 1 boxes, 32768 cells (2.274e-11%, 12%)
INFO (CarpetX):   level 15: 1 boxes, 32768 cells (2.842e-12%, 12%)
INFO (CarpetX):   level 16: 1 boxes, 32768 cells (3.553e-13%, 12%)
INFO (CarpetX):   level 17: 1 boxes, 32768 cells (4.441e-14%, 12%)
INFO (CarpetX):   level 18: 1 boxes, 32768 cells (5.551e-15%, 12%)
INFO (CarpetX):   level 19: 1 boxes, 32768 cells (6.939e-16%, 12%)
INFO (CarpetX): Iteration: 0   time: 0   delta_time: 5.96046e-08
INFO (CarpetX): Initializing level 19...
INFO (CarpetX): Regridding...
INFO (CarpetX):   level 0: 1 boxes, 32768 cells (100%)
INFO (CarpetX):   level 1: 1 boxes, 32768 cells (12.5%, 12%)
INFO (CarpetX):   level 2: 1 boxes, 32768 cells (1.562%, 12%)
INFO (CarpetX):   level 3: 1 boxes, 32768 cells (0.1953%, 12%)
INFO (CarpetX):   level 4: 1 boxes, 32768 cells (0.02441%, 12%)
INFO (CarpetX):   level 5: 1 boxes, 32768 cells (0.003052%, 12%)
INFO (CarpetX):   level 6: 1 boxes, 32768 cells (0.0003815%, 12%)
INFO (CarpetX):   level 7: 1 boxes, 32768 cells (4.768e-05%, 12%)
INFO (CarpetX):   level 8: 1 boxes, 32768 cells (5.96e-06%, 12%)
INFO (CarpetX):   level 9: 1 boxes, 32768 cells (7.451e-07%, 12%)
INFO (CarpetX):   level 10: 1 boxes, 32768 cells (9.313e-08%, 12%)
INFO (CarpetX):   level 11: 1 boxes, 32768 cells (1.164e-08%, 12%)
INFO (CarpetX):   level 12: 1 boxes, 32768 cells (1.455e-09%, 12%)
INFO (CarpetX):   level 13: 1 boxes, 32768 cells (1.819e-10%, 12%)
INFO (CarpetX):   level 14: 1 boxes, 32768 cells (2.274e-11%, 12%)
INFO (CarpetX):   level 15: 1 boxes, 32768 cells (2.842e-12%, 12%)
INFO (CarpetX):   level 16: 1 boxes, 32768 cells (3.553e-13%, 12%)
INFO (CarpetX):   level 17: 1 boxes, 32768 cells (4.441e-14%, 12%)
INFO (CarpetX):   level 18: 1 boxes, 32768 cells (5.551e-15%, 12%)
INFO (CarpetX):   level 19: 1 boxes, 32768 cells (6.939e-16%, 12%)
INFO (CarpetX): Initialized 20 levels
INFO (CarpetX): OutputGH: iteration 0, time 0.000000, run time 1 s
INFO (CarpetX): OutputADIOS2...
INFO (CarpetX): OutputGH done.
INFO (CarpetX): Starting evolution...
INFO (CarpetX): Regridding...
INFO (CarpetX):   old levels 20, new levels 20
INFO (CarpetX):   level 0: 1 boxes, 32768 cells (100%)
INFO (CarpetX):   level 1: 1 boxes, 32768 cells (12.5%, 12%)
INFO (CarpetX):   level 2: 1 boxes, 32768 cells (1.562%, 12%)
INFO (CarpetX):   level 3: 1 boxes, 32768 cells (0.1953%, 12%)
INFO (CarpetX):   level 4: 1 boxes, 32768 cells (0.02441%, 12%)
INFO (CarpetX):   level 5: 1 boxes, 32768 cells (0.003052%, 12%)
INFO (CarpetX):   level 6: 1 boxes, 32768 cells (0.0003815%, 12%)
INFO (CarpetX):   level 7: 1 boxes, 32768 cells (4.768e-05%, 12%)
INFO (CarpetX):   level 8: 1 boxes, 32768 cells (5.96e-06%, 12%)
INFO (CarpetX):   level 9: 1 boxes, 32768 cells (7.451e-07%, 12%)
INFO (CarpetX):   level 10: 1 boxes, 32768 cells (9.313e-08%, 12%)
INFO (CarpetX):   level 11: 1 boxes, 32768 cells (1.164e-08%, 12%)
INFO (CarpetX):   level 12: 1 boxes, 32768 cells (1.455e-09%, 12%)
INFO (CarpetX):   level 13: 1 boxes, 32768 cells (1.819e-10%, 12%)
INFO (CarpetX):   level 14: 1 boxes, 32768 cells (2.274e-11%, 12%)
INFO (CarpetX):   level 15: 1 boxes, 32768 cells (2.842e-12%, 12%)
INFO (CarpetX):   level 16: 1 boxes, 32768 cells (3.553e-13%, 12%)
INFO (CarpetX):   level 17: 1 boxes, 32768 cells (4.441e-14%, 12%)
INFO (CarpetX):   level 18: 1 boxes, 32768 cells (5.551e-15%, 12%)
INFO (CarpetX):   level 19: 1 boxes, 32768 cells (6.939e-16%, 12%)
INFO (CarpetX): OutputGH: iteration 1, time 0.000000, run time 1 s
INFO (CarpetX): OutputGH done.
INFO (CarpetX): Simulation time: 5.96046e-08   Iterations per second: 15.1318   Simulation time per second: 9.01925e-07
INFO (CarpetX): Grid cells: 655360   Grid cell updates per second: 9.91677e+06
INFO (CarpetX): Performance:
INFO (CarpetX):   total evolution time:            0.0660861 sec
INFO (CarpetX):   total evolution compute time:    0.0660779 sec
INFO (CarpetX):   total evolution output time:     8.10623e-06 sec
INFO (CarpetX):   total iterations:                1
INFO (CarpetX):   total cells updated:             655360
INFO (CarpetX):   average iterations per second: 15.1318
INFO (CarpetX):   average cell updates per second: 9.91677e+06
INFO (CarpetX): Regridding...
INFO (CarpetX):   old levels 20, new levels 20
INFO (CarpetX):   level 0: 1 boxes, 32768 cells (100%)
INFO (CarpetX):   level 1: 1 boxes, 32768 cells (12.5%, 12%)
INFO (CarpetX):   level 2: 1 boxes, 32768 cells (1.562%, 12%)
INFO (CarpetX):   level 3: 1 boxes, 32768 cells (0.1953%, 12%)
INFO (CarpetX):   level 4: 1 boxes, 32768 cells (0.02441%, 12%)
INFO (CarpetX):   level 5: 1 boxes, 32768 cells (0.003052%, 12%)
INFO (CarpetX):   level 6: 1 boxes, 32768 cells (0.0003815%, 12%)
INFO (CarpetX):   level 7: 1 boxes, 32768 cells (4.768e-05%, 12%)
INFO (CarpetX):   level 8: 1 boxes, 32768 cells (5.96e-06%, 12%)
INFO (CarpetX):   level 9: 1 boxes, 32768 cells (7.451e-07%, 12%)
INFO (CarpetX):   level 10: 1 boxes, 32768 cells (9.313e-08%, 12%)
INFO (CarpetX):   level 11: 1 boxes, 32768 cells (1.164e-08%, 12%)
INFO (CarpetX):   level 12: 1 boxes, 32768 cells (1.455e-09%, 12%)
INFO (CarpetX):   level 13: 1 boxes, 32768 cells (1.819e-10%, 12%)
INFO (CarpetX):   level 14: 1 boxes, 32768 cells (2.274e-11%, 12%)
INFO (CarpetX):   level 15: 1 boxes, 32768 cells (2.842e-12%, 12%)
INFO (CarpetX):   level 16: 1 boxes, 32768 cells (3.553e-13%, 12%)
INFO (CarpetX):   level 17: 1 boxes, 32768 cells (4.441e-14%, 12%)
INFO (CarpetX):   level 18: 1 boxes, 32768 cells (5.551e-15%, 12%)
INFO (CarpetX):   level 19: 1 boxes, 32768 cells (6.939e-16%, 12%)
INFO (CarpetX): OutputGH: iteration 2, time 0.000000, run time 1 s
INFO (CarpetX): OutputGH done.
INFO (CarpetX): Simulation time: 1.19209e-07   Iterations per second: 15.166   Simulation time per second: 9.03963e-07
INFO (CarpetX): Grid cells: 655360   Grid cell updates per second: 9.93918e+06
INFO (CarpetX): Performance:
INFO (CarpetX):   total evolution time:            0.132023 sec
INFO (CarpetX):   total evolution compute time:    0.132007 sec
INFO (CarpetX):   total evolution output time:     1.62125e-05 sec
INFO (CarpetX):   total iterations:                2
INFO (CarpetX):   total cells updated:             1.31072e+06
INFO (CarpetX):   average iterations per second: 15.1489
INFO (CarpetX):   average cell updates per second: 9.92796e+06
INFO (CarpetX): Regridding...
INFO (CarpetX):   old levels 20, new levels 20
INFO (CarpetX):   level 0: 1 boxes, 32768 cells (100%)
INFO (CarpetX):   level 1: 1 boxes, 32768 cells (12.5%, 12%)
INFO (CarpetX):   level 2: 1 boxes, 32768 cells (1.562%, 12%)
INFO (CarpetX):   level 3: 1 boxes, 32768 cells (0.1953%, 12%)
INFO (CarpetX):   level 4: 1 boxes, 32768 cells (0.02441%, 12%)
INFO (CarpetX):   level 5: 1 boxes, 32768 cells (0.003052%, 12%)
INFO (CarpetX):   level 6: 1 boxes, 32768 cells (0.0003815%, 12%)
INFO (CarpetX):   level 7: 1 boxes, 32768 cells (4.768e-05%, 12%)
INFO (CarpetX):   level 8: 1 boxes, 32768 cells (5.96e-06%, 12%)
INFO (CarpetX):   level 9: 1 boxes, 32768 cells (7.451e-07%, 12%)
INFO (CarpetX):   level 10: 1 boxes, 32768 cells (9.313e-08%, 12%)
INFO (CarpetX):   level 11: 1 boxes, 32768 cells (1.164e-08%, 12%)
INFO (CarpetX):   level 12: 1 boxes, 32768 cells (1.455e-09%, 12%)
INFO (CarpetX):   level 13: 1 boxes, 32768 cells (1.819e-10%, 12%)
INFO (CarpetX):   level 14: 1 boxes, 32768 cells (2.274e-11%, 12%)
INFO (CarpetX):   level 15: 1 boxes, 32768 cells (2.842e-12%, 12%)
INFO (CarpetX):   level 16: 1 boxes, 32768 cells (3.553e-13%, 12%)
INFO (CarpetX):   level 17: 1 boxes, 32768 cells (4.441e-14%, 12%)
INFO (CarpetX):   level 18: 1 boxes, 32768 cells (5.551e-15%, 12%)
INFO (CarpetX):   level 19: 1 boxes, 32768 cells (6.939e-16%, 12%)
INFO (CarpetX): OutputGH: iteration 3, time 0.000000, run time 1 s
INFO (CarpetX): OutputGH done.
INFO (CarpetX): Simulation time: 1.78814e-07   Iterations per second: 15.1745   Simulation time per second: 9.0447e-07
INFO (CarpetX): Grid cells: 655360   Grid cell updates per second: 9.94475e+06
INFO (CarpetX): Performance:
INFO (CarpetX):   total evolution time:            0.197923 sec
INFO (CarpetX):   total evolution compute time:    0.197898 sec
INFO (CarpetX):   total evolution output time:     2.52724e-05 sec
INFO (CarpetX):   total iterations:                3
INFO (CarpetX):   total cells updated:             1.96608e+06
INFO (CarpetX):   average iterations per second: 15.1574
INFO (CarpetX):   average cell updates per second: 9.93355e+06
INFO (CarpetX): Regridding...
INFO (CarpetX):   old levels 20, new levels 20
INFO (CarpetX):   level 0: 1 boxes, 32768 cells (100%)
INFO (CarpetX):   level 1: 1 boxes, 32768 cells (12.5%, 12%)
INFO (CarpetX):   level 2: 1 boxes, 32768 cells (1.562%, 12%)
INFO (CarpetX):   level 3: 1 boxes, 32768 cells (0.1953%, 12%)
INFO (CarpetX):   level 4: 1 boxes, 32768 cells (0.02441%, 12%)
INFO (CarpetX):   level 5: 1 boxes, 32768 cells (0.003052%, 12%)
INFO (CarpetX):   level 6: 1 boxes, 32768 cells (0.0003815%, 12%)
INFO (CarpetX):   level 7: 1 boxes, 32768 cells (4.768e-05%, 12%)
INFO (CarpetX):   level 8: 1 boxes, 32768 cells (5.96e-06%, 12%)
INFO (CarpetX):   level 9: 1 boxes, 32768 cells (7.451e-07%, 12%)
INFO (CarpetX):   level 10: 1 boxes, 32768 cells (9.313e-08%, 12%)
INFO (CarpetX):   level 11: 1 boxes, 32768 cells (1.164e-08%, 12%)
INFO (CarpetX):   level 12: 1 boxes, 32768 cells (1.455e-09%, 12%)
INFO (CarpetX):   level 13: 1 boxes, 32768 cells (1.819e-10%, 12%)
INFO (CarpetX):   level 14: 1 boxes, 32768 cells (2.274e-11%, 12%)
INFO (CarpetX):   level 15: 1 boxes, 32768 cells (2.842e-12%, 12%)
INFO (CarpetX):   level 16: 1 boxes, 32768 cells (3.553e-13%, 12%)
INFO (CarpetX):   level 17: 1 boxes, 32768 cells (4.441e-14%, 12%)
INFO (CarpetX):   level 18: 1 boxes, 32768 cells (5.551e-15%, 12%)
INFO (CarpetX):   level 19: 1 boxes, 32768 cells (6.939e-16%, 12%)
INFO (CarpetX): OutputGH: iteration 4, time 0.000000, run time 1 s
INFO (CarpetX): OutputGH done.
INFO (CarpetX): Simulation time: 2.38419e-07   Iterations per second: 15.1858   Simulation time per second: 9.05144e-07
INFO (CarpetX): Grid cells: 655360   Grid cell updates per second: 9.95217e+06
INFO (CarpetX): Performance:
INFO (CarpetX):   total evolution time:            0.263774 sec
INFO (CarpetX):   total evolution compute time:    0.26374 sec
INFO (CarpetX):   total evolution output time:     3.43323e-05 sec
INFO (CarpetX):   total iterations:                4
INFO (CarpetX):   total cells updated:             2.62144e+06
INFO (CarpetX):   average iterations per second: 15.1645
INFO (CarpetX):   average cell updates per second: 9.9382e+06
INFO (CarpetX): Regridding...
INFO (CarpetX):   old levels 20, new levels 20
INFO (CarpetX):   level 0: 1 boxes, 32768 cells (100%)
INFO (CarpetX):   level 1: 1 boxes, 32768 cells (12.5%, 12%)
INFO (CarpetX):   level 2: 1 boxes, 32768 cells (1.562%, 12%)
INFO (CarpetX):   level 3: 1 boxes, 32768 cells (0.1953%, 12%)
INFO (CarpetX):   level 4: 1 boxes, 32768 cells (0.02441%, 12%)
INFO (CarpetX):   level 5: 1 boxes, 32768 cells (0.003052%, 12%)
INFO (CarpetX):   level 6: 1 boxes, 32768 cells (0.0003815%, 12%)
INFO (CarpetX):   level 7: 1 boxes, 32768 cells (4.768e-05%, 12%)
INFO (CarpetX):   level 8: 1 boxes, 32768 cells (5.96e-06%, 12%)
INFO (CarpetX):   level 9: 1 boxes, 32768 cells (7.451e-07%, 12%)
INFO (CarpetX):   level 10: 1 boxes, 32768 cells (9.313e-08%, 12%)
INFO (CarpetX):   level 11: 1 boxes, 32768 cells (1.164e-08%, 12%)
INFO (CarpetX):   level 12: 1 boxes, 32768 cells (1.455e-09%, 12%)
INFO (CarpetX):   level 13: 1 boxes, 32768 cells (1.819e-10%, 12%)
INFO (CarpetX):   level 14: 1 boxes, 32768 cells (2.274e-11%, 12%)
INFO (CarpetX):   level 15: 1 boxes, 32768 cells (2.842e-12%, 12%)
INFO (CarpetX):   level 16: 1 boxes, 32768 cells (3.553e-13%, 12%)
INFO (CarpetX):   level 17: 1 boxes, 32768 cells (4.441e-14%, 12%)
INFO (CarpetX):   level 18: 1 boxes, 32768 cells (5.551e-15%, 12%)
INFO (CarpetX):   level 19: 1 boxes, 32768 cells (6.939e-16%, 12%)
INFO (CarpetX): OutputGH: iteration 5, time 0.000000, run time 2 s
INFO (CarpetX): OutputGH done.
INFO (CarpetX): Simulation time: 2.98023e-07   Iterations per second: 15.1708   Simulation time per second: 9.04251e-07
INFO (CarpetX): Grid cells: 655360   Grid cell updates per second: 9.94234e+06
INFO (CarpetX): Performance:
INFO (CarpetX):   total evolution time:            0.32969 sec
INFO (CarpetX):   total evolution compute time:    0.329647 sec
INFO (CarpetX):   total evolution output time:     4.33922e-05 sec
INFO (CarpetX):   total iterations:                5
INFO (CarpetX):   total cells updated:             3.2768e+06
INFO (CarpetX):   average iterations per second: 15.1658
INFO (CarpetX):   average cell updates per second: 9.93903e+06
INFO (CarpetX): Regridding...
INFO (CarpetX):   old levels 20, new levels 20
INFO (CarpetX):   level 0: 1 boxes, 32768 cells (100%)
INFO (CarpetX):   level 1: 1 boxes, 32768 cells (12.5%, 12%)
INFO (CarpetX):   level 2: 1 boxes, 32768 cells (1.562%, 12%)
INFO (CarpetX):   level 3: 1 boxes, 32768 cells (0.1953%, 12%)
INFO (CarpetX):   level 4: 1 boxes, 32768 cells (0.02441%, 12%)
INFO (CarpetX):   level 5: 1 boxes, 32768 cells (0.003052%, 12%)
INFO (CarpetX):   level 6: 1 boxes, 32768 cells (0.0003815%, 12%)
INFO (CarpetX):   level 7: 1 boxes, 32768 cells (4.768e-05%, 12%)
INFO (CarpetX):   level 8: 1 boxes, 32768 cells (5.96e-06%, 12%)
INFO (CarpetX):   level 9: 1 boxes, 32768 cells (7.451e-07%, 12%)
INFO (CarpetX):   level 10: 1 boxes, 32768 cells (9.313e-08%, 12%)
INFO (CarpetX):   level 11: 1 boxes, 32768 cells (1.164e-08%, 12%)
INFO (CarpetX):   level 12: 1 boxes, 32768 cells (1.455e-09%, 12%)
INFO (CarpetX):   level 13: 1 boxes, 32768 cells (1.819e-10%, 12%)
INFO (CarpetX):   level 14: 1 boxes, 32768 cells (2.274e-11%, 12%)
INFO (CarpetX):   level 15: 1 boxes, 32768 cells (2.842e-12%, 12%)
INFO (CarpetX):   level 16: 1 boxes, 32768 cells (3.553e-13%, 12%)
INFO (CarpetX):   level 17: 1 boxes, 32768 cells (4.441e-14%, 12%)
INFO (CarpetX):   level 18: 1 boxes, 32768 cells (5.551e-15%, 12%)
INFO (CarpetX):   level 19: 1 boxes, 32768 cells (6.939e-16%, 12%)
INFO (CarpetX): OutputGH: iteration 6, time 0.000000, run time 2 s
INFO (CarpetX): OutputGH done.
INFO (CarpetX): Simulation time: 3.57628e-07   Iterations per second: 15.175   Simulation time per second: 9.04499e-07
INFO (CarpetX): Grid cells: 655360   Grid cell updates per second: 9.94508e+06
INFO (CarpetX): Performance:
INFO (CarpetX):   total evolution time:            0.395588 sec
INFO (CarpetX):   total evolution compute time:    0.395536 sec
INFO (CarpetX):   total evolution output time:     5.24521e-05 sec
INFO (CarpetX):   total iterations:                6
INFO (CarpetX):   total cells updated:             3.93216e+06
INFO (CarpetX):   average iterations per second: 15.1673
INFO (CarpetX):   average cell updates per second: 9.94003e+06
INFO (CarpetX): Regridding...
INFO (CarpetX):   old levels 20, new levels 20
INFO (CarpetX):   level 0: 1 boxes, 32768 cells (100%)
INFO (CarpetX):   level 1: 1 boxes, 32768 cells (12.5%, 12%)
INFO (CarpetX):   level 2: 1 boxes, 32768 cells (1.562%, 12%)
INFO (CarpetX):   level 3: 1 boxes, 32768 cells (0.1953%, 12%)
INFO (CarpetX):   level 4: 1 boxes, 32768 cells (0.02441%, 12%)
INFO (CarpetX):   level 5: 1 boxes, 32768 cells (0.003052%, 12%)
INFO (CarpetX):   level 6: 1 boxes, 32768 cells (0.0003815%, 12%)
INFO (CarpetX):   level 7: 1 boxes, 32768 cells (4.768e-05%, 12%)
INFO (CarpetX):   level 8: 1 boxes, 32768 cells (5.96e-06%, 12%)
INFO (CarpetX):   level 9: 1 boxes, 32768 cells (7.451e-07%, 12%)
INFO (CarpetX):   level 10: 1 boxes, 32768 cells (9.313e-08%, 12%)
INFO (CarpetX):   level 11: 1 boxes, 32768 cells (1.164e-08%, 12%)
INFO (CarpetX):   level 12: 1 boxes, 32768 cells (1.455e-09%, 12%)
INFO (CarpetX):   level 13: 1 boxes, 32768 cells (1.819e-10%, 12%)
INFO (CarpetX):   level 14: 1 boxes, 32768 cells (2.274e-11%, 12%)
INFO (CarpetX):   level 15: 1 boxes, 32768 cells (2.842e-12%, 12%)
INFO (CarpetX):   level 16: 1 boxes, 32768 cells (3.553e-13%, 12%)
INFO (CarpetX):   level 17: 1 boxes, 32768 cells (4.441e-14%, 12%)
INFO (CarpetX):   level 18: 1 boxes, 32768 cells (5.551e-15%, 12%)
INFO (CarpetX):   level 19: 1 boxes, 32768 cells (6.939e-16%, 12%)
INFO (CarpetX): OutputGH: iteration 7, time 0.000000, run time 2 s
INFO (CarpetX): OutputGH done.
INFO (CarpetX): Simulation time: 4.17233e-07   Iterations per second: 15.1803   Simulation time per second: 9.04814e-07
INFO (CarpetX): Grid cells: 655360   Grid cell updates per second: 9.94853e+06
INFO (CarpetX): Performance:
INFO (CarpetX):   total evolution time:            0.461463 sec
INFO (CarpetX):   total evolution compute time:    0.461402 sec
INFO (CarpetX):   total evolution output time:     6.1512e-05 sec
INFO (CarpetX):   total iterations:                7
INFO (CarpetX):   total cells updated:             4.58752e+06
INFO (CarpetX):   average iterations per second: 15.1691
INFO (CarpetX):   average cell updates per second: 9.94125e+06
INFO (CarpetX): Regridding...
INFO (CarpetX):   old levels 20, new levels 20
INFO (CarpetX):   level 0: 1 boxes, 32768 cells (100%)
INFO (CarpetX):   level 1: 1 boxes, 32768 cells (12.5%, 12%)
INFO (CarpetX):   level 2: 1 boxes, 32768 cells (1.562%, 12%)
INFO (CarpetX):   level 3: 1 boxes, 32768 cells (0.1953%, 12%)
INFO (CarpetX):   level 4: 1 boxes, 32768 cells (0.02441%, 12%)
INFO (CarpetX):   level 5: 1 boxes, 32768 cells (0.003052%, 12%)
INFO (CarpetX):   level 6: 1 boxes, 32768 cells (0.0003815%, 12%)
INFO (CarpetX):   level 7: 1 boxes, 32768 cells (4.768e-05%, 12%)
INFO (CarpetX):   level 8: 1 boxes, 32768 cells (5.96e-06%, 12%)
INFO (CarpetX):   level 9: 1 boxes, 32768 cells (7.451e-07%, 12%)
INFO (CarpetX):   level 10: 1 boxes, 32768 cells (9.313e-08%, 12%)
INFO (CarpetX):   level 11: 1 boxes, 32768 cells (1.164e-08%, 12%)
INFO (CarpetX):   level 12: 1 boxes, 32768 cells (1.455e-09%, 12%)
INFO (CarpetX):   level 13: 1 boxes, 32768 cells (1.819e-10%, 12%)
INFO (CarpetX):   level 14: 1 boxes, 32768 cells (2.274e-11%, 12%)
INFO (CarpetX):   level 15: 1 boxes, 32768 cells (2.842e-12%, 12%)
INFO (CarpetX):   level 16: 1 boxes, 32768 cells (3.553e-13%, 12%)
INFO (CarpetX):   level 17: 1 boxes, 32768 cells (4.441e-14%, 12%)
INFO (CarpetX):   level 18: 1 boxes, 32768 cells (5.551e-15%, 12%)
INFO (CarpetX):   level 19: 1 boxes, 32768 cells (6.939e-16%, 12%)
INFO (CarpetX): OutputGH: iteration 8, time 0.000000, run time 2 s
INFO (CarpetX): OutputGH done.
INFO (CarpetX): Simulation time: 4.76837e-07   Iterations per second: 15.1704   Simulation time per second: 9.04225e-07
INFO (CarpetX): Grid cells: 655360   Grid cell updates per second: 9.94205e+06
INFO (CarpetX): Performance:
INFO (CarpetX):   total evolution time:            0.527381 sec
INFO (CarpetX):   total evolution compute time:    0.527312 sec
INFO (CarpetX):   total evolution output time:     6.93798e-05 sec
INFO (CarpetX):   total iterations:                8
INFO (CarpetX):   total cells updated:             5.24288e+06
INFO (CarpetX):   average iterations per second: 15.1693
INFO (CarpetX):   average cell updates per second: 9.94135e+06
INFO (CarpetX): Regridding...
INFO (CarpetX):   old levels 20, new levels 20
INFO (CarpetX):   level 0: 1 boxes, 32768 cells (100%)
INFO (CarpetX):   level 1: 1 boxes, 32768 cells (12.5%, 12%)
INFO (CarpetX):   level 2: 1 boxes, 32768 cells (1.562%, 12%)
INFO (CarpetX):   level 3: 1 boxes, 32768 cells (0.1953%, 12%)
INFO (CarpetX):   level 4: 1 boxes, 32768 cells (0.02441%, 12%)
INFO (CarpetX):   level 5: 1 boxes, 32768 cells (0.003052%, 12%)
INFO (CarpetX):   level 6: 1 boxes, 32768 cells (0.0003815%, 12%)
INFO (CarpetX):   level 7: 1 boxes, 32768 cells (4.768e-05%, 12%)
INFO (CarpetX):   level 8: 1 boxes, 32768 cells (5.96e-06%, 12%)
INFO (CarpetX):   level 9: 1 boxes, 32768 cells (7.451e-07%, 12%)
INFO (CarpetX):   level 10: 1 boxes, 32768 cells (9.313e-08%, 12%)
INFO (CarpetX):   level 11: 1 boxes, 32768 cells (1.164e-08%, 12%)
INFO (CarpetX):   level 12: 1 boxes, 32768 cells (1.455e-09%, 12%)
INFO (CarpetX):   level 13: 1 boxes, 32768 cells (1.819e-10%, 12%)
INFO (CarpetX):   level 14: 1 boxes, 32768 cells (2.274e-11%, 12%)
INFO (CarpetX):   level 15: 1 boxes, 32768 cells (2.842e-12%, 12%)
INFO (CarpetX):   level 16: 1 boxes, 32768 cells (3.553e-13%, 12%)
INFO (CarpetX):   level 17: 1 boxes, 32768 cells (4.441e-14%, 12%)
INFO (CarpetX):   level 18: 1 boxes, 32768 cells (5.551e-15%, 12%)
INFO (CarpetX):   level 19: 1 boxes, 32768 cells (6.939e-16%, 12%)
INFO (CarpetX): OutputGH: iteration 9, time 0.000001, run time 2 s
INFO (CarpetX): OutputGH done.
INFO (CarpetX): Simulation time: 5.36442e-07   Iterations per second: 15.1729   Simulation time per second: 9.04375e-07
INFO (CarpetX): Grid cells: 655360   Grid cell updates per second: 9.94371e+06
INFO (CarpetX): Performance:
INFO (CarpetX):   total evolution time:            0.593288 sec
INFO (CarpetX):   total evolution compute time:    0.593194 sec
INFO (CarpetX):   total evolution output time:     9.44138e-05 sec
INFO (CarpetX):   total iterations:                9
INFO (CarpetX):   total cells updated:             5.89824e+06
INFO (CarpetX):   average iterations per second: 15.1697
INFO (CarpetX):   average cell updates per second: 9.94161e+06
INFO (CarpetX): Regridding...
INFO (CarpetX):   old levels 20, new levels 20
INFO (CarpetX):   level 0: 1 boxes, 32768 cells (100%)
INFO (CarpetX):   level 1: 1 boxes, 32768 cells (12.5%, 12%)
INFO (CarpetX):   level 2: 1 boxes, 32768 cells (1.562%, 12%)
INFO (CarpetX):   level 3: 1 boxes, 32768 cells (0.1953%, 12%)
INFO (CarpetX):   level 4: 1 boxes, 32768 cells (0.02441%, 12%)
INFO (CarpetX):   level 5: 1 boxes, 32768 cells (0.003052%, 12%)
INFO (CarpetX):   level 6: 1 boxes, 32768 cells (0.0003815%, 12%)
INFO (CarpetX):   level 7: 1 boxes, 32768 cells (4.768e-05%, 12%)
INFO (CarpetX):   level 8: 1 boxes, 32768 cells (5.96e-06%, 12%)
INFO (CarpetX):   level 9: 1 boxes, 32768 cells (7.451e-07%, 12%)
INFO (CarpetX):   level 10: 1 boxes, 32768 cells (9.313e-08%, 12%)
INFO (CarpetX):   level 11: 1 boxes, 32768 cells (1.164e-08%, 12%)
INFO (CarpetX):   level 12: 1 boxes, 32768 cells (1.455e-09%, 12%)
INFO (CarpetX):   level 13: 1 boxes, 32768 cells (1.819e-10%, 12%)
INFO (CarpetX):   level 14: 1 boxes, 32768 cells (2.274e-11%, 12%)
INFO (CarpetX):   level 15: 1 boxes, 32768 cells (2.842e-12%, 12%)
INFO (CarpetX):   level 16: 1 boxes, 32768 cells (3.553e-13%, 12%)
INFO (CarpetX):   level 17: 1 boxes, 32768 cells (4.441e-14%, 12%)
INFO (CarpetX):   level 18: 1 boxes, 32768 cells (5.551e-15%, 12%)
INFO (CarpetX):   level 19: 1 boxes, 32768 cells (6.939e-16%, 12%)
INFO (CarpetX): OutputGH: iteration 10, time 0.000001, run time 2 s
INFO (CarpetX): OutputADIOS2...
INFO (CarpetX): OutputGH done.
INFO (CarpetX): Simulation time: 5.96046e-07   Iterations per second: 6.95169   Simulation time per second: 4.14353e-07
INFO (CarpetX): Grid cells: 655360   Grid cell updates per second: 4.55586e+06
INFO (CarpetX): Performance:
INFO (CarpetX):   total evolution time:            0.737138 sec
INFO (CarpetX):   total evolution compute time:    0.659047 sec
INFO (CarpetX):   total evolution output time:     0.0780914 sec
INFO (CarpetX):   total iterations:                10
INFO (CarpetX):   total cells updated:             6.5536e+06
INFO (CarpetX):   average iterations per second: 13.566
INFO (CarpetX):   average cell updates per second: 8.8906e+06
INFO (CarpetX): Shutting down...
AMReX (23.08) finalized
--------------------------------------------------------------------------------
Done.
+ echo Stopping:
Stopping:
+ date
Sat Apr 13 18:51:17 UTC 2024
+ echo Done.
Done.
  Elapsed time: 2.0 s
