/home/runner/simulations/TestJob01_temp_1/output-0000/TEST/sim/MemSpeed
Preparing:
+ set -e
+ cd output-0000-active
+ echo Checking:
Checking:
+ pwd
/home/runner/simulations/TestJob01_temp_1/output-0000/TEST/sim/MemSpeed/output-0000-active
+ hostname
fv-az208-9
+ date
Sat May 15 02:32:49 UTC 2021
+ echo Environment:
Environment:
+ export CACTUS_NUM_PROCS=1
+ export CACTUS_NUM_THREADS=2
+ export GMON_OUT_PREFIX=gmon.out
+ export OMP_NUM_THREADS=2
+ env
+ sort
+ echo Starting:
Starting:
+ date +%s
+ export CACTUS_STARTTIME=1621045969
+ [ 1 = 1 ]
+ [ 0 -eq 0 ]
+ /home/runner/simulations/TestJob01_temp_1/SIMFACTORY/exe/cactus_sim -L 3 /home/runner/simulations/TestJob01_temp_1/output-0000/arrangements/CactusUtils/MemSpeed/test/memspeed.par
INFO (Cactus): Increased logging level from 0 to 3
--------------------------------------------------------------------------------

       10                                  
  1   0101       ************************  
  01  1010 10      The Cactus Code V4.9.0    
 1010 1101 011      www.cactuscode.org     
  1001 100101    ************************  
    00010101                               
     100011     (c) Copyright The Authors  
      0100      GNU Licensed. No Warranty  
      0101                                 
--------------------------------------------------------------------------------

Cactus version:    4.9.0
Compile date:      May 15 2021 (02:25:11)
Run date:          May 15 2021 (02:32:50+0000)
Run host:          fv-az208-9.e0tah0prcmautdldtlfxyeofwf.cx.internal.cloudapp.net (pid=100218)
Working directory: /home/runner/simulations/TestJob01_temp_1/output-0000/TEST/sim/MemSpeed
Executable:        /home/runner/simulations/TestJob01_temp_1/SIMFACTORY/exe/cactus_sim
Parameter file:    /home/runner/simulations/TestJob01_temp_1/output-0000/arrangements/CactusUtils/MemSpeed/test/memspeed.par
--------------------------------------------------------------------------------

Activating thorn Cactus...Success -> active implementation Cactus
Activation requested for 
--->hwloc MemSpeed SystemTopology CartGrid3D CoordBase IOASCII IOUtil PUGH PUGHSlab<---
Thorn hwloc requests automatic activation of zlib
Thorn MemSpeed requests automatic activation of Vectors
Thorn MemSpeed requests automatic activation of MPI
Activating thorn CartGrid3D...Success -> active implementation grid
Activating thorn CoordBase...Success -> active implementation CoordBase
Activating thorn hwloc...Success -> active implementation hwloc
Activating thorn IOASCII...Success -> active implementation IOASCII
Activating thorn IOUtil...Success -> active implementation IO
Activating thorn MemSpeed...Success -> active implementation MemSpeed
Activating thorn MPI...Success -> active implementation MPI
Activating thorn PUGH...Success -> active implementation Driver
Activating thorn PUGHSlab...Success -> active implementation Hyperslab
Activating thorn SystemTopology...Success -> active implementation SystemTopology
Activating thorn Vectors...Success -> active implementation Vectors
Activating thorn zlib...Success -> active implementation zlib
--------------------------------------------------------------------------------
  if (recover initial data)
    Recover parameters
  endif

  Startup routines
    [CCTK_STARTUP]
      CartGrid3D::SymmetryStartup: Register GH Extension for GridSymmetry
      CoordBase::CoordBase_Startup: Register a GH extension to store the coordinate system handles
      GROUP hwloc_startup: hwloc startup group
        hwloc::hwloc_version: Output hwloc version
      SystemTopology::ST_system_topology: Output and/or modify system topology and hardware locality
      PUGH::Driver_Startup: Startup routine
      PUGH::PUGH_RegisterPUGHP2LRoutines: Register Physical to Logical process mapping routines
      PUGH::PUGH_RegisterPUGHTopologyRoutines: Register topology generation routines routines
      IOUtil::IOUtil_Startup: Startup routine
      Vectors::Vectors_Startup: Print startup message
      IOASCII::IOASCII_Startup: Startup routine

  Startup routines which need an existing grid hierarchy
    [CCTK_WRAGH]
      CartGrid3D::RegisterCartGrid3DCoords: [meta] Register coordinates for the Cartesian grid
      MemSpeed::MemSpeed_MeasureSpeed: [meta] Measure CPU, memory, cache speeds
  Parameter checking routines
    [CCTK_PARAMCHECK]
      CartGrid3D::ParamCheck_CartGrid3D: Check coordinates for CartGrid3D
      Vectors::Vectors_Test: Run correctness tests.

  Initialisation
    if (NOT (recover initial data AND recovery_mode is 'strict'))
      [CCTK_PREREGRIDINITIAL]
      Set up grid hierarchy
      [CCTK_POSTREGRIDINITIAL]
        CartGrid3D::SpatialCoordinates: Set Coordinates after regridding
      [CCTK_BASEGRID]
        CartGrid3D::SpatialSpacings: Set up ranges for spatial 3D Cartesian coordinates (on all grids)
        CartGrid3D::SpatialCoordinates: Set up spatial 3D Cartesian coordinates on the GH
        IOASCII::IOASCII_Choose1D: Choose 1D output lines
        IOASCII::IOASCII_Choose2D: Choose 2D output planes
        PUGH::PUGH_Report: Report on PUGH set up
      [CCTK_INITIAL]
      [CCTK_POSTINITIAL]
      Initialise finer grids recursively
      Restrict from finer grids
      [CCTK_POSTRESTRICTINITIAL]
      [CCTK_POSTPOSTINITIAL]
      [CCTK_POSTSTEP]
    endif
    if (recover initial data)
      [CCTK_BASEGRID]
        CartGrid3D::SpatialSpacings: Set up ranges for spatial 3D Cartesian coordinates (on all grids)
        CartGrid3D::SpatialCoordinates: Set up spatial 3D Cartesian coordinates on the GH
        IOASCII::IOASCII_Choose1D: Choose 1D output lines
        IOASCII::IOASCII_Choose2D: Choose 2D output planes
        PUGH::PUGH_Report: Report on PUGH set up
      [CCTK_RECOVER_VARIABLES]
      [CCTK_POST_RECOVER_VARIABLES]
    endif
    if (checkpoint initial data)
      [CCTK_CPINITIAL]
    endif
    if (analysis)
      [CCTK_ANALYSIS]
  endif
  Output grid variables

  do loop over timesteps
    [CCTK_PREREGRID]
    Change grid hierarchy
    [CCTK_POSTREGRID]
      CartGrid3D::SpatialCoordinates: Set Coordinates after regridding
    Rotate timelevels
    iteration = iteration+1
    t = t+dt
    [CCTK_PRESTEP]
    [CCTK_EVOL]
    Evolve finer grids recursively
    Restrict from finer grids
    [CCTK_POSTRESTRICT]
    [CCTK_POSTSTEP]
    if (checkpoint)
      [CCTK_CHECKPOINT]
    endif
    if (analysis)
      [CCTK_ANALYSIS]
    endif
    Output grid variables
    enddo

  Termination routines
    [CCTK_TERMINATE]
      PUGH::Driver_Terminate: Termination routine

  Shutdown routines
    [CCTK_SHUTDOWN]

  Routines run after changing the grid hierarchy:
    [CCTK_POSTREGRID]
      CartGrid3D::SpatialCoordinates: Set Coordinates after regridding
--------------------------------------------------------------------------------
INFO (hwloc): library version 2.1.0, API version 0x20100
INFO (SystemTopology): MPI process-to-host mapping:
This is MPI process 0 of 1
MPI hosts:
  0: fv-az208-9
This MPI process runs on host 0 of 1
On this host, this is MPI process 0 of 1
INFO (SystemTopology): Topology support:
Discovery support:
  discovery->pu                            : yes
CPU binding support:
  cpubind->set_thisproc_cpubind            : yes
  cpubind->get_thisproc_cpubind            : yes
  cpubind->set_proc_cpubind                : yes
  cpubind->get_proc_cpubind                : yes
  cpubind->set_thisthread_cpubind          : yes
  cpubind->get_thisthread_cpubind          : yes
  cpubind->set_thread_cpubind              : yes
  cpubind->get_thread_cpubind              : yes
  cpubind->get_thisproc_last_cpu_location  : yes
  cpubind->get_proc_last_cpu_location      : yes
  cpubind->get_thisthread_last_cpu_location: yes
Memory binding support:
  membind->set_thisproc_membind            : no
  membind->get_thisproc_membind            : no
  membind->set_proc_membind                : no
  membind->get_proc_membind                : no
  membind->set_thisthread_membind          : yes
  membind->get_thisthread_membind          : yes
  membind->set_area_membind                : yes
  membind->get_area_membind                : yes
  membind->alloc_membind                   : yes
  membind->firsttouch_membind              : yes
  membind->bind_membind                    : yes
  membind->interleave_membind              : yes
  membind->nexttouch_membind               : no
  membind->migrate_membind                 : yes
INFO (SystemTopology): Hardware objects in this node:
Machine L#0: (P#0, total=7121236KB, DMIProductName="Virtual Machine", DMIProductVersion=7.0, DMIProductUUID=b4e4bf6d-be4a-c04f-a516-9582c903d1ff, DMIBoardVendor="Microsoft Corporation", DMIBoardName="Virtual Machine", DMIBoardVersion=7.0, DMIChassisVendor="Microsoft Corporation", DMIChassisType=3, DMIChassisVersion=7.0, DMIChassisAssetTag=7783-7084-3265-9085-8269-3286-77, DMIBIOSVendor="American Megatrends Inc.", DMIBIOSVersion="090008 ", DMIBIOSDate=12/07/2018, DMISysVendor="Microsoft Corporation", Backend=Linux, LinuxCgroup=/, OSName=Linux, OSRelease=5.4.0-1047-azure, OSVersion="#49-Ubuntu SMP Thu Apr 22 14:30:37 UTC 2021", HostName=fv-az208-9, Architecture=x86_64, hwlocVersion=2.1.0, ProcessName=cactus_sim)
  Package L#0: (P#0, total=7121236KB, CPUVendor=GenuineIntel, CPUFamilyNumber=6, CPUModelNumber=85, CPUModel="Intel(R) Xeon(R) Platinum 8171M CPU @ 2.60GHz", CPUStepping=4)
    L3Cache L#0: (P#-1, size=36608KB, linesize=64, ways=11, Inclusive=0)
      L2Cache L#0: (P#-1, size=1024KB, linesize=64, ways=16, Inclusive=0)
        L1dCache L#0: (P#-1, size=32KB, linesize=64, ways=8, Inclusive=0)
          Core L#0: (P#0)
            PU L#0: (P#0)
      L2Cache L#1: (P#-1, size=1024KB, linesize=64, ways=16, Inclusive=0)
        L1dCache L#1: (P#-1, size=32KB, linesize=64, ways=8, Inclusive=0)
          Core L#1: (P#1)
            PU L#1: (P#1)
INFO (SystemTopology): Thread CPU bindings:
  MPI process 0 on host 0 (process 0 of 1 on this host)
    OpenMP thread 0: PU set L#{0-1} P#{0-1}
    OpenMP thread 1: PU set L#{0-1} P#{0-1}
INFO (SystemTopology): Setting thread CPU bindings:
INFO (SystemTopology): Thread CPU bindings:
  MPI process 0 on host 0 (process 0 of 1 on this host)
    OpenMP thread 0: PU set L#{0} P#{0}
    OpenMP thread 1: PU set L#{1} P#{1}
INFO (SystemTopology): Extracting CPU/cache/memory properties:
  There are 1 PUs per core (aka hardware SMT threads)
  There are 1 threads per core (aka SMT threads used)
  Cache (unknown name) has type "data" depth 1
    size 32768 linesize 64 associativity 8 stride 4096, for 1 PUs
  Cache (unknown name) has type "unified" depth 2
    size 1048576 linesize 64 associativity 16 stride 65536, for 1 PUs
  Cache (unknown name) has type "unified" depth 3
    size 37486592 linesize 64 associativity 11 stride 3407872, for 2 PUs
INFO (PUGH): Using physical to logical mappings: direct
INFO (PUGH): Using topology generator: automatic
INFO (Vectors): Using vector size 2 for architecture SSE2 (64-bit precision)
--------------------------------------------------------------------------------
Driver provided by PUGH
--------------------------------------------------------------------------------

INFO (PUGH): Not setting up a topology for 1 dimensions
INFO (PUGH): Not setting up a topology for 2 dimensions
INFO (PUGH): Setting up a topology for 3 dimensions
INFO (IOASCII): I/O Method 'IOASCII_1D' registered: output of 1D lines of grid functions/arrays to ASCII files
INFO (IOASCII): Periodic 1D output every 1 iterations
INFO (IOASCII): Periodic 1D output requested for 'GRID::r'
INFO (IOASCII): I/O Method 'IOASCII_2D' registered: output of 2D planes of grid functions/arrays to ASCII files
INFO (IOASCII): Periodic 2D output turned off
INFO (IOASCII): I/O Method 'IOASCII_3D' registered: output of 3D grid functions/arrays to ASCII files
INFO (IOASCII): Periodic 3D output turned off
INFO (MemSpeed): Measuring CPU, cache, memory, and communication speeds:
  Single-core measurements (using 1 MPI processes with 1 OpenMP threads each):
    CPU frequency:
      iterations=1000000... time=0.0016278 sec
      iterations=10000000... time=0.0159261 sec
      iterations=100000000... time=0.158716 sec
      iterations=700000000... time=1.11851 sec
      iterations=700000000... time=1.11376 sec
      result: 294.732 GHz
    CPU floating point performance:
      iterations=1000000... time=0.00359612 sec
      iterations=10000000... time=0.0353416 sec
      iterations=100000000... time=0.360691 sec
      iterations=300000000... time=1.07186 sec
      result: 8.9564 Gflop/sec
    CPU integer performance:
      iterations=1000000... time=0.00242365 sec
      iterations=10000000... time=0.0241309 sec
      iterations=100000000... time=0.238613 sec
      iterations=500000000... time=1.18446 sec
      result: 6.75413 Giop/sec
    Read latency of D1 cache (for 1 PUs) (using 1*24576 bytes):
      iterations=1000... time=0.00016101 sec
      iterations=10000... time=0.0016045 sec
      iterations=100000... time=0.015981 sec
      iterations=1000000... time=0.156277 sec
      iterations=7000000... time=1.11673 sec
      result: 1.59532 nsec
    Read latency of L2 cache (for 1 PUs) (using 1*786432 bytes):
      iterations=1000... time=0.00065724 sec
      iterations=10000... time=0.00630538 sec
      iterations=100000... time=0.0626307 sec
      iterations=1000000... time=0.623892 sec
      iterations=2000000... time=1.25464 sec
      result: 6.27318 nsec
    Read latency of L3 cache (for 2 PUs) (using 1*28114944 bytes):
      [skipped -- avoiding large-memory benchmarks]
    Read bandwidth of D1 cache (for 1 PUs) (using 1*24576 bytes):
      iterations=1... time=7e-07 sec
      iterations=10... time=3.901e-06 sec
      iterations=100... time=3.7002e-05 sec
      iterations=1000... time=0.000367921 sec
      iterations=10000... time=0.00365832 sec
      iterations=100000... time=0.0366011 sec
      iterations=1000000... time=0.368176 sec
      iterations=3000000... time=1.09319 sec
      result: 67.4431 GByte/sec
    Read bandwidth of L2 cache (for 1 PUs) (using 1*786432 bytes):
      iterations=1... time=2.1602e-05 sec
      iterations=10... time=0.000195412 sec
      iterations=100... time=0.00194342 sec
      iterations=1000... time=0.0193851 sec
      iterations=10000... time=0.192584 sec
      iterations=60000... time=1.15225 sec
      result: 40.951 GByte/sec
    Read bandwidth of L3 cache (for 2 PUs) (using 1*28114944 bytes):
      [skipped -- avoiding large-memory benchmarks]
    Write latency of D1 cache (for 1 PUs) (using 1*24576 bytes):
      iterations=1000... time=3.4e-06 sec
      iterations=10000... time=3.2402e-05 sec
      iterations=100000... time=0.000321319 sec
      iterations=1000000... time=0.00321609 sec
      iterations=10000000... time=0.032033 sec
      iterations=100000000... time=0.32157 sec
      iterations=300000000... time=0.958414 sec
      iterations=600000000... time=1.91054 sec
      result: 0.39803 nsec
    Write latency of L2 cache (for 1 PUs) (using 1*786432 bytes):
      iterations=1000... time=3.0602e-05 sec
      iterations=10000... time=0.00017461 sec
      iterations=100000... time=0.0017506 sec
      iterations=1000000... time=0.0169837 sec
      iterations=10000000... time=0.169327 sec
      iterations=60000000... time=1.0113 sec
      result: 2.10687 nsec
    Write latency of L3 cache (for 2 PUs) (using 1*28114944 bytes):
      [skipped -- avoiding large-memory benchmarks]
    Write bandwidth of D1 cache (for 1 PUs) (using 1*24576 bytes):
      iterations=1... time=8e-07 sec
      iterations=10... time=6.8e-06 sec
      iterations=100... time=1.8601e-05 sec
      iterations=1000... time=0.000185111 sec
      iterations=10000... time=0.00184721 sec
      iterations=100000... time=0.0184709 sec
      iterations=1000000... time=0.183013 sec
      iterations=6000000... time=1.10068 sec
      result: 133.969 GByte/sec
    Write bandwidth of L2 cache (for 1 PUs) (using 1*786432 bytes):
      iterations=1... time=2.3301e-05 sec
      iterations=10... time=0.000232015 sec
      iterations=100... time=0.00231884 sec
      iterations=1000... time=0.0230001 sec
      iterations=10000... time=0.217445 sec
      iterations=50000... time=0.955772 sec
      iterations=100000... time=1.73763 sec
      result: 45.2589 GByte/sec
    Write bandwidth of L3 cache (for 2 PUs) (using 1*28114944 bytes):
      [skipped -- avoiding large-memory benchmarks]
    Stencil code performance of D1 cache (for 1 PUs) (using 1*12^3 grid points, 1*27648 bytes):
      iterations=1... time=1.5801e-05 sec
      iterations=10... time=0.000238315 sec
      iterations=100... time=0.00236535 sec
      iterations=1000... time=0.0238924 sec
      iterations=10000... time=0.238243 sec
      iterations=50000... time=1.19483 sec
      result: 0.0723115 Gupdates/sec
    Stencil code performance of L2 cache (for 1 PUs) (using 1*37^3 grid points, 1*810448 bytes):
      iterations=1... time=0.000208913 sec
      iterations=10... time=0.00193322 sec
      iterations=100... time=0.019254 sec
      iterations=1000... time=0.193212 sec
      iterations=6000... time=1.15764 sec
      result: 0.262533 Gupdates/sec
    Stencil code performance of L3 cache (for 2 PUs) (using 1*121^3 grid points, 1*28344976 bytes):
      iterations=1... time=0.00479799 sec
      iterations=10... time=0.0494597 sec
      iterations=100... time=0.47446 sec
      iterations=200... time=0.945826 sec
      iterations=400... time=1.91451 sec
      result: 0.370134 Gupdates/sec
  Single-node measurements (using 1 MPI processes with 2 OpenMP threads each):
    CPU frequency:
      iterations=1000000... time=0.00203102 sec
      iterations=10000000... time=0.0167338 sec
      iterations=100000000... time=0.160526 sec
      iterations=700000000... time=1.13459 sec
      iterations=700000000... time=1.12432 sec
      result: 136.331 GHz
    CPU floating point performance:
      iterations=1000000... time=0.00363627 sec
      iterations=10000000... time=0.0358562 sec
      iterations=100000000... time=0.359892 sec
      iterations=300000000... time=1.07335 sec
      result: 8.94394 Gflop/sec
    CPU integer performance:
      iterations=1000000... time=0.00242559 sec
      iterations=10000000... time=0.024177 sec
      iterations=100000000... time=0.239764 sec
      iterations=500000000... time=1.20496 sec
      result: 6.6392 Giop/sec
    Read latency of D1 cache (for 1 PUs) (using 2*24576 bytes):
      iterations=1000... time=0.000161259 sec
      iterations=10000... time=0.0016052 sec
      iterations=100000... time=0.0160947 sec
      iterations=1000000... time=0.161275 sec
      iterations=7000000... time=1.12665 sec
      result: 1.6095 nsec
    Read latency of L2 cache (for 1 PUs) (using 2*786432 bytes):
      iterations=1000... time=0.000658439 sec
      iterations=10000... time=0.00643913 sec
      iterations=100000... time=0.0641125 sec
      iterations=1000000... time=0.639301 sec
      iterations=2000000... time=1.35375 sec
      result: 6.76873 nsec
    Read latency of L3 cache (for 2 PUs) (using 1*28114944 bytes):
      [skipped -- avoiding large-memory benchmarks]
    Read bandwidth of D1 cache (for 1 PUs) (using 2*24576 bytes):
      iterations=1... time=9e-07 sec
      iterations=10... time=4.65e-06 sec
      iterations=100... time=4.42525e-05 sec
      iterations=1000... time=0.000439476 sec
      iterations=10000... time=0.00430656 sec
      iterations=100000... time=0.0415311 sec
      iterations=1000000... time=0.379443 sec
      iterations=3000000... time=1.1072 sec
      result: 66.5894 GByte/sec
    Read bandwidth of L2 cache (for 1 PUs) (using 2*786432 bytes):
      iterations=1... time=2.0402e-05 sec
      iterations=10... time=0.000189861 sec
      iterations=100... time=0.00190481 sec
      iterations=1000... time=0.0187362 sec
      iterations=10000... time=0.18823 sec
      iterations=60000... time=1.13005 sec
      result: 41.7554 GByte/sec
    Read bandwidth of L3 cache (for 2 PUs) (using 1*28114944 bytes):
      [skipped -- avoiding large-memory benchmarks]
    Write latency of D1 cache (for 1 PUs) (using 2*24576 bytes):
      iterations=1000... time=4.7e-06 sec
      iterations=10000... time=4.02025e-05 sec
      iterations=100000... time=0.000371722 sec
      iterations=1000000... time=0.00380983 sec
      iterations=10000000... time=0.0325786 sec
      iterations=100000000... time=0.327668 sec
      iterations=300000000... time=0.993898 sec
      iterations=600000000... time=1.93044 sec
      result: 0.402174 nsec
    Write latency of L2 cache (for 1 PUs) (using 2*786432 bytes):
      iterations=1000... time=3.4502e-05 sec
      iterations=10000... time=0.00017391 sec
      iterations=100000... time=0.00169995 sec
      iterations=1000000... time=0.0169629 sec
      iterations=10000000... time=0.169616 sec
      iterations=60000000... time=1.01688 sec
      result: 2.1185 nsec
    Write latency of L3 cache (for 2 PUs) (using 1*28114944 bytes):
      [skipped -- avoiding large-memory benchmarks]
    Write bandwidth of D1 cache (for 1 PUs) (using 2*24576 bytes):
      iterations=1... time=5e-07 sec
      iterations=10... time=1.8601e-05 sec
      iterations=100... time=1.8351e-05 sec
      iterations=1000... time=0.000180011 sec
      iterations=10000... time=0.00179606 sec
      iterations=100000... time=0.0178104 sec
      iterations=1000000... time=0.179499 sec
      iterations=6000000... time=1.08125 sec
      result: 136.375 GByte/sec
    Write bandwidth of L2 cache (for 1 PUs) (using 2*786432 bytes):
      iterations=1... time=3.0152e-05 sec
      iterations=10... time=0.000306418 sec
      iterations=100... time=0.00303738 sec
      iterations=1000... time=0.0285583 sec
      iterations=10000... time=0.235145 sec
      iterations=50000... time=1.00588 sec
      result: 39.0919 GByte/sec
    Write bandwidth of L3 cache (for 2 PUs) (using 1*28114944 bytes):
      [skipped -- avoiding large-memory benchmarks]
    Stencil code performance of D1 cache (for 1 PUs) (using 2*9^3 grid points, 2*11664 bytes):
      iterations=1... time=5.8005e-06 sec
      iterations=10... time=3.2952e-05 sec
      iterations=100... time=0.000298067 sec
      iterations=1000... time=0.00296128 sec
      iterations=10000... time=0.0296869 sec
      iterations=100000... time=0.29748 sec
      iterations=400000... time=1.18777 sec
      result: 0.245503 Gupdates/sec
    Stencil code performance of L2 cache (for 1 PUs) (using 2*29^3 grid points, 2*390224 bytes):
      iterations=1... time=3.5152e-05 sec
      iterations=10... time=0.000302468 sec
      iterations=100... time=0.00300053 sec
      iterations=1000... time=0.029687 sec
      iterations=10000... time=0.297939 sec
      iterations=40000... time=1.19638 sec
      result: 0.815429 Gupdates/sec
    Stencil code performance of L3 cache (for 2 PUs) (using 1*121^3 grid points, 1*28344976 bytes):
      iterations=1... time=0.00115372 sec
      iterations=10... time=0.0113803 sec
      iterations=100... time=0.112815 sec
      iterations=1000... time=1.1368 sec
      result: 1.55837 Gupdates/sec
INFO (Vectors): Testing vectorisation... [errors may result in segfaults]
INFO (Vectors): 375/375 tests passed 
INFO (CartGrid3D): Grid Spacings:
INFO (CartGrid3D): dx=>1.1111111e-01  dy=>1.1111111e-01  dz=>1.1111111e-01
INFO (CartGrid3D): Computational Coordinates:
INFO (CartGrid3D): x=>[-0.500, 0.500]  y=>[-0.500, 0.500]  z=>[-0.500, 0.500]
INFO (CartGrid3D): Indices of Physical Coordinates:
INFO (CartGrid3D): x=>[0,9]  y=>[0,9]  z=>[0,9]
INFO (PUGH): MPI Evolution on 1 processors
INFO (PUGH): 3-dimensional grid functions
INFO (PUGH):   Size: 10 10 10
INFO (PUGH):   Processor topology: 1 x 1 x 1
INFO (PUGH):   Local load: 1000   [10 x 10 x 10]
INFO (PUGH):   Maximum load skew: 0.000000
--------------------------------------------------------------------------------
Done.
+ echo Stopping:
Stopping:
+ date
Sat May 15 02:33:44 UTC 2021
+ echo Done.
Done.
  Elapsed time: 54.7 s
