/home/runner/simulations/TestJob01_temp_1/output-0000/TEST/sim/MemSpeed
Preparing:
+ set -e
+ cd output-0000-active
+ echo Checking:
Checking:
+ pwd
/home/runner/simulations/TestJob01_temp_1/output-0000/TEST/sim/MemSpeed/output-0000-active
+ hostname
fv-az661-818
+ date
Mon Aug  5 21:41:03 UTC 2024
+ echo Environment:
Environment:
+ export CACTUS_NUM_PROCS=1
+ CACTUS_NUM_PROCS=1
+ export CACTUS_NUM_THREADS=2
+ CACTUS_NUM_THREADS=2
+ export GMON_OUT_PREFIX=gmon.out
+ GMON_OUT_PREFIX=gmon.out
+ export OMP_NUM_THREADS=2
+ OMP_NUM_THREADS=2
+ env
+ sort
+ echo Starting:
Starting:
++ date +%s
+ export CACTUS_STARTTIME=1722894063
+ CACTUS_STARTTIME=1722894063
+ '[' 1 = 1 ']'
+ '[' 0 -eq 0 ']'
+ /home/runner/simulations/TestJob01_temp_1/SIMFACTORY/exe/cactus_sim -L 3 /home/runner/simulations/TestJob01_temp_1/output-0000/arrangements/CactusUtils/MemSpeed/test/memspeed.par
INFO (Cactus): Increased logging level from 0 to 3
--------------------------------------------------------------------------------

       10                                  
  1   0101       ************************  
  01  1010 10      The Cactus Code V4.16.0    
 1010 1101 011      www.cactuscode.org     
  1001 100101    ************************  
    00010101                               
     100011     (c) Copyright The Authors  
      0100      GNU Licensed. No Warranty  
      0101                                 
--------------------------------------------------------------------------------

Cactus version:    4.16.0
Compile date:      Aug 05 2024 (21:34:33)
Run date:          Aug 05 2024 (21:41:04+0000)
Run host:          fv-az661-818.ngp0c201cp4ufi15zzjabxwmaf.cx.internal.cloudapp.net (pid=130798)
Working directory: /home/runner/simulations/TestJob01_temp_1/output-0000/TEST/sim/MemSpeed
Executable:        /home/runner/simulations/TestJob01_temp_1/SIMFACTORY/exe/cactus_sim
Parameter file:    /home/runner/simulations/TestJob01_temp_1/output-0000/arrangements/CactusUtils/MemSpeed/test/memspeed.par
--------------------------------------------------------------------------------

Activating thorn Cactus...Success -> active implementation Cactus
Activation requested for 
--->hwloc MemSpeed SystemTopology CartGrid3D CoordBase IOASCII IOUtil PUGH PUGHSlab<---
Thorn hwloc requests automatic activation of zlib
Thorn MemSpeed requests automatic activation of Vectors
Thorn MemSpeed requests automatic activation of MPI
Activating thorn CartGrid3D...Success -> active implementation grid
Activating thorn CoordBase...Success -> active implementation CoordBase
Activating thorn hwloc...Success -> active implementation hwloc
Activating thorn IOASCII...Success -> active implementation IOASCII
Activating thorn IOUtil...Success -> active implementation IO
Activating thorn MemSpeed...Success -> active implementation MemSpeed
Activating thorn MPI...Success -> active implementation MPI
Activating thorn PUGH...Success -> active implementation Driver
Activating thorn PUGHSlab...Success -> active implementation Hyperslab
Activating thorn SystemTopology...Success -> active implementation SystemTopology
Activating thorn Vectors...Success -> active implementation Vectors
Activating thorn zlib...Success -> active implementation zlib
--------------------------------------------------------------------------------
  if (recover initial data)
    Recover parameters
  endif

  Startup routines
    [CCTK_STARTUP]
      CartGrid3D::SymmetryStartup: Register GH Extension for GridSymmetry
      CoordBase::CoordBase_Startup: Register a GH extension to store the coordinate system handles
      GROUP hwloc_startup: hwloc startup group
        hwloc::hwloc_version: Output hwloc version
      SystemTopology::ST_system_topology: Output and/or modify system topology and hardware locality
      PUGH::Driver_Startup: Startup routine
      PUGH::PUGH_RegisterPUGHP2LRoutines: Register Physical to Logical process mapping routines
      PUGH::PUGH_RegisterPUGHTopologyRoutines: Register topology generation routines routines
      IOUtil::IOUtil_Startup: Startup routine
      Vectors::Vectors_Startup: Print startup message
      IOASCII::IOASCII_Startup: Startup routine

  Startup routines which need an existing grid hierarchy
    [CCTK_WRAGH]
      CartGrid3D::RegisterCartGrid3DCoords: [meta] Register coordinates for the Cartesian grid
      MemSpeed::MemSpeed_MeasureSpeed: [meta] Measure CPU, memory, cache speeds
  Parameter checking routines
    [CCTK_PARAMCHECK]
      CartGrid3D::ParamCheck_CartGrid3D: Check coordinates for CartGrid3D
      Vectors::Vectors_Test: Run correctness tests.

  Initialisation
    if (NOT (recover initial data AND recovery_mode is 'strict'))
      [CCTK_PREREGRIDINITIAL]
      Set up grid hierarchy
      [CCTK_POSTREGRIDINITIAL]
        CartGrid3D::SpatialCoordinates: Set Coordinates after regridding
      [CCTK_BASEGRID]
        CartGrid3D::SpatialSpacings: Set up ranges for spatial 3D Cartesian coordinates (on all grids)
        CartGrid3D::SpatialCoordinates: Set up spatial 3D Cartesian coordinates on the GH
        IOASCII::IOASCII_Choose1D: Choose 1D output lines
        IOASCII::IOASCII_Choose2D: Choose 2D output planes
        PUGH::PUGH_Report: Report on PUGH set up
      [CCTK_INITIAL]
      [CCTK_POSTINITIAL]
      Initialise finer grids recursively
      Restrict from finer grids
      [CCTK_POSTRESTRICTINITIAL]
      [CCTK_POSTPOSTINITIAL]
      [CCTK_POSTSTEP]
    endif
    if (recover initial data)
      [CCTK_BASEGRID]
        CartGrid3D::SpatialSpacings: Set up ranges for spatial 3D Cartesian coordinates (on all grids)
        CartGrid3D::SpatialCoordinates: Set up spatial 3D Cartesian coordinates on the GH
        IOASCII::IOASCII_Choose1D: Choose 1D output lines
        IOASCII::IOASCII_Choose2D: Choose 2D output planes
        PUGH::PUGH_Report: Report on PUGH set up
      [CCTK_RECOVER_VARIABLES]
      [CCTK_POST_RECOVER_VARIABLES]
    endif
    if (checkpoint initial data)
      [CCTK_CPINITIAL]
    endif
    if (analysis)
      [CCTK_ANALYSIS]
  endif
  Output grid variables

  do loop over timesteps
    [CCTK_PREREGRID]
    Change grid hierarchy
    [CCTK_POSTREGRID]
      CartGrid3D::SpatialCoordinates: Set Coordinates after regridding
    Rotate timelevels
    iteration = iteration+1
    t = t+dt
    [CCTK_PRESTEP]
    [CCTK_EVOL]
    Evolve finer grids recursively
    Restrict from finer grids
    [CCTK_POSTRESTRICT]
    [CCTK_POSTSTEP]
    if (checkpoint)
      [CCTK_CHECKPOINT]
    endif
    if (analysis)
      [CCTK_ANALYSIS]
    endif
    Output grid variables
    enddo

  Termination routines
    [CCTK_TERMINATE]
      PUGH::Driver_Terminate: Termination routine

  Shutdown routines
    [CCTK_SHUTDOWN]

  Routines run after changing the grid hierarchy:
    [CCTK_POSTREGRID]
      CartGrid3D::SpatialCoordinates: Set Coordinates after regridding
--------------------------------------------------------------------------------
INFO (hwloc): library version 2.7.0, API version 0x20500
INFO (SystemTopology): MPI process-to-host mapping:
This is MPI process 0 of 1
MPI hosts:
  0: fv-az661-818
This MPI process runs on host 0 of 1
On this host, this is MPI process 0 of 1
INFO (SystemTopology): Topology support:
Discovery support:
  discovery->pu                            : yes
CPU binding support:
  cpubind->set_thisproc_cpubind            : yes
  cpubind->get_thisproc_cpubind            : yes
  cpubind->set_proc_cpubind                : yes
  cpubind->get_proc_cpubind                : yes
  cpubind->set_thisthread_cpubind          : yes
  cpubind->get_thisthread_cpubind          : yes
  cpubind->set_thread_cpubind              : yes
  cpubind->get_thread_cpubind              : yes
  cpubind->get_thisproc_last_cpu_location  : yes
  cpubind->get_proc_last_cpu_location      : yes
  cpubind->get_thisthread_last_cpu_location: yes
Memory binding support:
  membind->set_thisproc_membind            : no
  membind->get_thisproc_membind            : no
  membind->set_proc_membind                : no
  membind->get_proc_membind                : no
  membind->set_thisthread_membind          : yes
  membind->get_thisthread_membind          : yes
  membind->set_area_membind                : yes
  membind->get_area_membind                : yes
  membind->alloc_membind                   : yes
  membind->firsttouch_membind              : yes
  membind->bind_membind                    : yes
  membind->interleave_membind              : yes
  membind->nexttouch_membind               : no
  membind->migrate_membind                 : yes
INFO (SystemTopology): Hardware objects in this node:
Machine L#0: (P#0, total=16364592KB, DMIProductName="Virtual Machine", DMIProductVersion=7.0, DMIProductUUID=1825c1be-5005-3e4a-949b-8dfb169af48c, DMIBoardVendor="Microsoft Corporation", DMIBoardName="Virtual Machine", DMIBoardVersion=7.0, DMIChassisVendor="Microsoft Corporation", DMIChassisType=3, DMIChassisVersion=7.0, DMIChassisAssetTag=7783-7084-3265-9085-8269-3286-77, DMIBIOSVendor="American Megatrends Inc.", DMIBIOSVersion="090008 ", DMIBIOSDate=12/07/2018, DMISysVendor="Microsoft Corporation", Backend=Linux, LinuxCgroup=/system.slice/runner-provisioner.service, OSName=Linux, OSRelease=6.5.0-1025-azure, OSVersion="#26~22.04.1-Ubuntu SMP Thu Jul 11 22:33:04 UTC 2024", HostName=fv-az661-818, Architecture=x86_64, hwlocVersion=2.7.0, ProcessName=cactus_sim)
  Package L#0: (P#0, total=16364592KB, CPUVendor=AuthenticAMD, CPUFamilyNumber=25, CPUModelNumber=1, CPUModel="AMD EPYC 7763 64-Core Processor                ", CPUStepping=1)
    L3Cache L#0: (P#0, size=32768KB, linesize=64, ways=16, Inclusive=0)
      L2Cache L#0: (P#0, size=512KB, linesize=64, ways=8, Inclusive=1)
        L1dCache L#0: (P#0, size=32KB, linesize=64, ways=8, Inclusive=0)
          Core L#0: (P#0)
            PU L#0: (P#0)
            PU L#1: (P#1)
      L2Cache L#1: (P#1, size=512KB, linesize=64, ways=8, Inclusive=1)
        L1dCache L#1: (P#1, size=32KB, linesize=64, ways=8, Inclusive=0)
          Core L#1: (P#1)
            PU L#2: (P#2)
            PU L#3: (P#3)
INFO (SystemTopology): Thread CPU bindings:
  MPI process 0 on host 0 (process 0 of 1 on this host)
    OpenMP thread 0: PU set L#{0-3} P#{0-3}
    OpenMP thread 1: PU set L#{0-3} P#{0-3}
INFO (SystemTopology): Setting thread CPU bindings:
INFO (SystemTopology): Thread CPU bindings:
  MPI process 0 on host 0 (process 0 of 1 on this host)
    OpenMP thread 0: PU set L#{0} P#{0}
    OpenMP thread 1: PU set L#{2} P#{2}
INFO (SystemTopology): Extracting CPU/cache/memory properties:
  There are 2 PUs per core (aka hardware SMT threads)
  There are 1 threads per core (aka SMT threads used)
  Cache (unknown name) has type "data" depth 1
    size 32768 linesize 64 associativity 8 stride 4096, for 2 PUs
  Cache (unknown name) has type "unified" depth 2
    size 524288 linesize 64 associativity 8 stride 65536, for 2 PUs
  Cache (unknown name) has type "unified" depth 3
    size 33554432 linesize 64 associativity 16 stride 2097152, for 4 PUs
INFO (PUGH): Using physical to logical mappings: direct
INFO (PUGH): Using topology generator: automatic
INFO (Vectors): Using vector size 2 for architecture SSE2 (64-bit precision)
--------------------------------------------------------------------------------
Driver provided by PUGH
--------------------------------------------------------------------------------

INFO (PUGH): Not setting up a topology for 1 dimensions
INFO (PUGH): Not setting up a topology for 2 dimensions
INFO (PUGH): Setting up a topology for 3 dimensions
INFO (IOASCII): I/O Method 'IOASCII_1D' registered: output of 1D lines of grid functions/arrays to ASCII files
INFO (IOASCII): Periodic 1D output every 1 iterations
INFO (IOASCII): Periodic 1D output requested for 'GRID::r'
INFO (IOASCII): I/O Method 'IOASCII_2D' registered: output of 2D planes of grid functions/arrays to ASCII files
INFO (IOASCII): Periodic 2D output turned off
INFO (IOASCII): I/O Method 'IOASCII_3D' registered: output of 3D grid functions/arrays to ASCII files
INFO (IOASCII): Periodic 3D output turned off
INFO (MemSpeed): Measuring CPU, cache, memory, and communication speeds:
  Single-core measurements (using 1 MPI processes with 1 OpenMP threads each):
    CPU frequency:
      iterations=1000000... time=0.00126256 sec
      iterations=10000000... time=0.0125318 sec
      iterations=100000000... time=0.123854 sec
      iterations=900000000... time=1.11755 sec
      iterations=900000000... time=0.835494 sec
      result: 6.38161 GHz
    CPU floating point performance:
      iterations=1000000... time=0.00197631 sec
      iterations=10000000... time=0.0197167 sec
      iterations=100000000... time=0.197357 sec
      iterations=600000000... time=1.18433 sec
      result: 16.2117 Gflop/sec
    CPU integer performance:
      iterations=1000000... time=0.00189482 sec
      iterations=10000000... time=0.0185566 sec
      iterations=100000000... time=0.18559 sec
      iterations=600000000... time=1.11664 sec
      result: 8.59725 Giop/sec
    Read latency of D1 cache (for 2 PUs) (using 1*24576 bytes):
      iterations=1000... time=0.000125023 sec
      iterations=10000... time=0.00123542 sec
      iterations=100000... time=0.0123722 sec
      iterations=1000000... time=0.123633 sec
      iterations=9000000... time=1.11279 sec
      result: 1.23644 nsec
    Read latency of L2 cache (for 2 PUs) (using 1*393216 bytes):
      iterations=1000... time=0.000551516 sec
      iterations=10000... time=0.00532265 sec
      iterations=100000... time=0.0529044 sec
      iterations=1000000... time=0.530314 sec
      iterations=2000000... time=1.05886 sec
      result: 5.29431 nsec
    Read latency of L3 cache (for 4 PUs) (using 1*25165824 bytes):
      [skipped -- avoiding large-memory benchmarks]
    Read bandwidth of D1 cache (for 2 PUs) (using 1*24576 bytes):
      iterations=1... time=8.92e-07 sec
      iterations=10... time=5.43e-06 sec
      iterations=100... time=3.7179e-05 sec
      iterations=1000... time=0.000296712 sec
      iterations=10000... time=0.00260297 sec
      iterations=100000... time=0.0243772 sec
      iterations=1000000... time=0.243583 sec
      iterations=5000000... time=1.21893 sec
      result: 100.81 GByte/sec
    Read bandwidth of L2 cache (for 2 PUs) (using 1*393216 bytes):
      iterations=1... time=7.654e-06 sec
      iterations=10... time=5.3449e-05 sec
      iterations=100... time=0.000474613 sec
      iterations=1000... time=0.00463197 sec
      iterations=10000... time=0.0464989 sec
      iterations=100000... time=0.465941 sec
      iterations=200000... time=0.937214 sec
      iterations=400000... time=1.86615 sec
      result: 84.2838 GByte/sec
    Read bandwidth of L3 cache (for 4 PUs) (using 1*25165824 bytes):
      [skipped -- avoiding large-memory benchmarks]
    Write latency of D1 cache (for 2 PUs) (using 1*24576 bytes):
      iterations=1000... time=3.316e-06 sec
      iterations=10000... time=3.2009e-05 sec
      iterations=100000... time=0.000253071 sec
      iterations=1000000... time=0.0024741 sec
      iterations=10000000... time=0.0247371 sec
      iterations=100000000... time=0.247433 sec
      iterations=400000000... time=0.98984 sec
      iterations=800000000... time=1.98046 sec
      result: 0.309447 nsec
    Write latency of L2 cache (for 2 PUs) (using 1*393216 bytes):
      iterations=1000... time=1.1221e-05 sec
      iterations=10000... time=0.000108571 sec
      iterations=100000... time=0.00105929 sec
      iterations=1000000... time=0.0106112 sec
      iterations=10000000... time=0.10634 sec
      iterations=100000000... time=1.04678 sec
      result: 1.30848 nsec
    Write latency of L3 cache (for 4 PUs) (using 1*25165824 bytes):
      [skipped -- avoiding large-memory benchmarks]
    Write bandwidth of D1 cache (for 2 PUs) (using 1*24576 bytes):
      iterations=1... time=4.11e-07 sec
      iterations=10... time=3.387e-06 sec
      iterations=100... time=3.6749e-05 sec
      iterations=1000... time=0.000270012 sec
      iterations=10000... time=0.00261487 sec
      iterations=100000... time=0.0260325 sec
      iterations=1000000... time=0.260436 sec
      iterations=4000000... time=1.04187 sec
      result: 94.3534 GByte/sec
    Write bandwidth of L2 cache (for 2 PUs) (using 1*393216 bytes):
      iterations=1... time=7.764e-06 sec
      iterations=10... time=6.442e-05 sec
      iterations=100... time=0.000530247 sec
      iterations=1000... time=0.00438873 sec
      iterations=10000... time=0.0429431 sec
      iterations=100000... time=0.432301 sec
      iterations=300000... time=1.295 sec
      result: 91.0926 GByte/sec
    Write bandwidth of L3 cache (for 4 PUs) (using 1*25165824 bytes):
      [skipped -- avoiding large-memory benchmarks]
    Stencil code performance of D1 cache (for 2 PUs) (using 1*12^3 grid points, 1*27648 bytes):
      iterations=1... time=4.855e-05 sec
      iterations=10... time=0.000455938 sec
      iterations=100... time=0.00509456 sec
      iterations=1000... time=0.046717 sec
      iterations=10000... time=0.465218 sec
      iterations=20000... time=0.928354 sec
      iterations=40000... time=1.87267 sec
      result: 0.03691 Gupdates/sec
    Stencil code performance of L2 cache (for 2 PUs) (using 1*29^3 grid points, 1*390224 bytes):
      iterations=1... time=0.000176598 sec
      iterations=10... time=0.00164069 sec
      iterations=100... time=0.0167475 sec
      iterations=1000... time=0.160224 sec
      iterations=7000... time=1.18549 sec
      result: 0.144011 Gupdates/sec
    Stencil code performance of L3 cache (for 4 PUs) (using 1*116^3 grid points, 1*24974336 bytes):
      iterations=1... time=0.00419774 sec
      iterations=10... time=0.0422608 sec
      iterations=100... time=0.415229 sec
      iterations=300... time=1.26328 sec
      result: 0.370676 Gupdates/sec
  Single-node measurements (using 1 MPI processes with 2 OpenMP threads each):
    CPU frequency:
      iterations=1000000... time=0.00131925 sec
      iterations=10000000... time=0.0124211 sec
      iterations=100000000... time=0.124448 sec
      iterations=900000000... time=1.11525 sec
      iterations=900000000... time=0.835831 sec
      result: 6.442 GHz
    CPU floating point performance:
      iterations=1000000... time=0.0019747 sec
      iterations=10000000... time=0.0197244 sec
      iterations=100000000... time=0.197315 sec
      iterations=600000000... time=1.18411 sec
      result: 16.2147 Gflop/sec
    CPU integer performance:
      iterations=1000000... time=0.00188437 sec
      iterations=10000000... time=0.0185841 sec
      iterations=100000000... time=0.185662 sec
      iterations=600000000... time=1.11525 sec
      result: 8.60796 Giop/sec
    Read latency of D1 cache (for 2 PUs) (using 2*24576 bytes):
      iterations=1000... time=0.000124722 sec
      iterations=10000... time=0.00123628 sec
      iterations=100000... time=0.012363 sec
      iterations=1000000... time=0.123953 sec
      iterations=9000000... time=1.11318 sec
      result: 1.23687 nsec
    Read latency of L2 cache (for 2 PUs) (using 2*393216 bytes):
      iterations=1000... time=0.00045431 sec
      iterations=10000... time=0.00434549 sec
      iterations=100000... time=0.043904 sec
      iterations=1000000... time=0.434417 sec
      iterations=3000000... time=1.30259 sec
      result: 4.34197 nsec
    Read latency of L3 cache (for 4 PUs) (using 1*25165824 bytes):
      [skipped -- avoiding large-memory benchmarks]
    Read bandwidth of D1 cache (for 2 PUs) (using 2*24576 bytes):
      iterations=1... time=5.055e-07 sec
      iterations=10... time=4.2875e-06 sec
      iterations=100... time=4.23335e-05 sec
      iterations=1000... time=0.000372013 sec
      iterations=10000... time=0.00276116 sec
      iterations=100000... time=0.024382 sec
      iterations=1000000... time=0.24487 sec
      iterations=4000000... time=0.975463 sec
      iterations=8000000... time=1.95029 sec
      result: 100.81 GByte/sec
    Read bandwidth of L2 cache (for 2 PUs) (using 2*393216 bytes):
      iterations=1... time=7.8345e-06 sec
      iterations=10... time=6.0142e-05 sec
      iterations=100... time=0.00049417 sec
      iterations=1000... time=0.00493323 sec
      iterations=10000... time=0.0488871 sec
      iterations=100000... time=0.480529 sec
      iterations=200000... time=0.953667 sec
      iterations=400000... time=1.91038 sec
      result: 82.3327 GByte/sec
    Read bandwidth of L3 cache (for 4 PUs) (using 1*25165824 bytes):
      [skipped -- avoiding large-memory benchmarks]
    Write latency of D1 cache (for 2 PUs) (using 2*24576 bytes):
      iterations=1000... time=3.416e-06 sec
      iterations=10000... time=4.00695e-05 sec
      iterations=100000... time=0.000316023 sec
      iterations=1000000... time=0.00265561 sec
      iterations=10000000... time=0.0247993 sec
      iterations=100000000... time=0.247659 sec
      iterations=400000000... time=0.990714 sec
      iterations=800000000... time=1.9823 sec
      result: 0.309734 nsec
    Write latency of L2 cache (for 2 PUs) (using 2*393216 bytes):
      iterations=1000... time=1.03995e-05 sec
      iterations=10000... time=9.2793e-05 sec
      iterations=100000... time=0.00095121 sec
      iterations=1000000... time=0.00956602 sec
      iterations=10000000... time=0.0955351 sec
      iterations=100000000... time=0.955244 sec
      iterations=200000000... time=1.90803 sec
      result: 1.19252 nsec
    Write latency of L3 cache (for 4 PUs) (using 1*25165824 bytes):
      [skipped -- avoiding large-memory benchmarks]
    Write bandwidth of D1 cache (for 2 PUs) (using 2*24576 bytes):
      iterations=1... time=4.61e-07 sec
      iterations=10... time=3.6165e-06 sec
      iterations=100... time=3.43335e-05 sec
      iterations=1000... time=0.000306595 sec
      iterations=10000... time=0.00272684 sec
      iterations=100000... time=0.0268871 sec
      iterations=1000000... time=0.269991 sec
      iterations=4000000... time=1.07674 sec
      result: 91.2979 GByte/sec
    Write bandwidth of L2 cache (for 2 PUs) (using 2*393216 bytes):
      iterations=1... time=8.475e-06 sec
      iterations=10... time=6.743e-05 sec
      iterations=100... time=0.000614268 sec
      iterations=1000... time=0.00474569 sec
      iterations=10000... time=0.0459479 sec
      iterations=100000... time=0.459964 sec
      iterations=200000... time=0.922282 sec
      iterations=400000... time=1.84183 sec
      result: 85.397 GByte/sec
    Write bandwidth of L3 cache (for 4 PUs) (using 1*25165824 bytes):
      [skipped -- avoiding large-memory benchmarks]
    Stencil code performance of D1 cache (for 2 PUs) (using 1*12^3 grid points, 1*27648 bytes):
      iterations=1... time=1.31845e-05 sec
      iterations=10... time=0.000136599 sec
      iterations=100... time=0.00127793 sec
      iterations=1000... time=0.0127484 sec
      iterations=10000... time=0.126538 sec
      iterations=90000... time=1.13619 sec
      result: 0.136879 Gupdates/sec
    Stencil code performance of L2 cache (for 2 PUs) (using 1*29^3 grid points, 1*390224 bytes):
      iterations=1... time=4.74935e-05 sec
      iterations=10... time=0.000467244 sec
      iterations=100... time=0.00437581 sec
      iterations=1000... time=0.0441322 sec
      iterations=10000... time=0.435167 sec
      iterations=30000... time=1.27713 sec
      result: 0.572902 Gupdates/sec
    Stencil code performance of L3 cache (for 4 PUs) (using 1*116^3 grid points, 1*24974336 bytes):
      iterations=1... time=0.00101893 sec
      iterations=10... time=0.0121082 sec
      iterations=100... time=0.121118 sec
      iterations=900... time=1.13209 sec
      result: 1.2409 Gupdates/sec
INFO (Vectors): Testing vectorisation... [errors may result in segfaults]
INFO (Vectors): 375/375 tests passed 
INFO (CartGrid3D): Grid Spacings:
INFO (CartGrid3D): dx=>1.1111111e-01  dy=>1.1111111e-01  dz=>1.1111111e-01
INFO (CartGrid3D): Computational Coordinates:
INFO (CartGrid3D): x=>[-0.500, 0.500]  y=>[-0.500, 0.500]  z=>[-0.500, 0.500]
INFO (CartGrid3D): Indices of Physical Coordinates:
INFO (CartGrid3D): x=>[0,9]  y=>[0,9]  z=>[0,9]
INFO (PUGH): MPI Evolution on 1 processors
INFO (PUGH): 3-dimensional grid functions
INFO (PUGH):   Size: 10 10 10
INFO (PUGH):   Processor topology: 1 x 1 x 1
INFO (PUGH):   Local load: 1000   [10 x 10 x 10]
INFO (PUGH):   Maximum load skew: 0.000000
--------------------------------------------------------------------------------
Done.
+ echo Stopping:
Stopping:
+ date
Mon Aug  5 21:42:05 UTC 2024
+ echo Done.
Done.
  Elapsed time: 61.8 s
