/home/runner/simulations/TestJob01_temp_2/output-0000/TEST/sim/BoxInBox
Preparing:
+ set -e
+ cd output-0000-active
+ echo Checking:
Checking:
+ pwd
/home/runner/simulations/TestJob01_temp_2/output-0000/TEST/sim/BoxInBox/output-0000-active
+ hostname
fv-az736-143
+ date
Sat May 31 12:52:59 UTC 2025
+ echo Environment:
Environment:
+ export CACTUS_NUM_PROCS=2
+ CACTUS_NUM_PROCS=2
+ export CACTUS_NUM_THREADS=1
+ CACTUS_NUM_THREADS=1
+ export GMON_OUT_PREFIX=gmon.out
+ GMON_OUT_PREFIX=gmon.out
+ export OMP_NUM_THREADS=1
+ OMP_NUM_THREADS=1
+ env
+ sort
+ echo Starting:
Starting:
++ date +%s
+ export CACTUS_STARTTIME=1748695979
+ CACTUS_STARTTIME=1748695979
+ '[' 2 = 1 ']'
+ mpirun -np 2 /home/runner/simulations/TestJob01_temp_2/SIMFACTORY/exe/cactus_sim -L 3 /home/runner/simulations/TestJob01_temp_2/output-0000/arrangements/CarpetX/BoxInBox/test/levels1.par
INFO (Cactus): Increased logging level from 0 to 3
--------------------------------------------------------------------------------

       10                                  
  1   0101       ************************  
  01  1010 10      The Cactus Code V4.18.0    
 1010 1101 011      www.cactuscode.org     
  1001 100101    ************************  
    00010101                               
     100011     (c) Copyright The Authors  
      0100      GNU Licensed. No Warranty  
      0101                                 
--------------------------------------------------------------------------------

Cactus version:    4.18.0
Compile date:      May 31 2025 (12:36:14)
Run date:          May 31 2025 (12:53:00+0000)
Run host:          fv-az736-143.alpbqrzxv30uzkvtn2qktnuusd.cx.internal.cloudapp.net (pid=135588)
Working directory: /home/runner/simulations/TestJob01_temp_2/output-0000/TEST/sim/BoxInBox
Executable:        /home/runner/simulations/TestJob01_temp_2/SIMFACTORY/exe/cactus_sim
Parameter file:    /home/runner/simulations/TestJob01_temp_2/output-0000/arrangements/CarpetX/BoxInBox/test/levels1.par
--------------------------------------------------------------------------------

Activating thorn Cactus...Success -> active implementation Cactus
Activation requested for 
--->BoxInBox CarpetX CarpetXRegrid CoordinatesX IOUtil<---
Thorn BoxInBox requests automatic activation of Loop
Thorn CarpetX requests automatic activation of AMReX
Thorn CarpetX requests automatic activation of MPI
Thorn CarpetX requests automatic activation of yaml_cpp
Thorn CarpetX requests automatic activation of zlib
Thorn CarpetX requests automatic activation of Arith
Thorn CarpetX requests automatic activation of ADIOS2
Thorn CarpetX requests automatic activation of openPMD
Thorn CarpetX requests automatic activation of Silo
Thorn ADIOS2 requests automatic activation of CMake
Thorn Arith requests automatic activation of NSIMD
Thorn MPI requests automatic activation of hwloc
Thorn openPMD requests automatic activation of HDF5
Activating thorn ADIOS2...Success -> active implementation ADIOS2
Activating thorn AMReX...Success -> active implementation AMReX
Activating thorn Arith...Success -> active implementation Arith
Activating thorn BoxInBox...Success -> active implementation BoxInBox
Activating thorn CarpetX...Success -> active implementation Driver
Activating thorn CarpetXRegrid...Success -> active implementation CarpetXRegrid
Activating thorn CMake...Success -> active implementation CMake
Activating thorn CoordinatesX...Success -> active implementation CoordinatesX
Activating thorn HDF5...Success -> active implementation HDF5
Activating thorn hwloc...Success -> active implementation hwloc
Activating thorn IOUtil...Success -> active implementation IO
Activating thorn Loop...Success -> active implementation Loop
Activating thorn MPI...Success -> active implementation MPI
Activating thorn NSIMD...Success -> active implementation NSIMD
Activating thorn openPMD...Success -> active implementation openPMD
Activating thorn Silo...Success -> active implementation Silo
Activating thorn yaml_cpp...Success -> active implementation yaml_cpp
Activating thorn zlib...Success -> active implementation zlib
INFO (hwloc): library version 2.7.0, API version 0x20500
--------------------------------------------------------------------------------

  [34m  ▕▏  [34m  ▕▏  [34m  ▕▏  [34m  ▕▏  [34m  ▕▏  [34m  ▕▏  [34m  ▕▏  [34m  ▕▏  [34m  ▕▏  [39m  
  [34m──██──[34m──██──[34m──██──[34m──██──[34m──██──[34m──██──[34m──██──[34m──██──[34m──██──[39m  
  [34m  ▕▏  [34m  ▕▏  [34m  ▕▏  [34m  ▕▏  [34m  ▕▏  [34m  ▕▏  [34m  ▕▏  [34m  ▕▏  [34m  ▕▏  [39m  
  [34m  ▕▏  [32m██████[34m  ▕▏  [34m  ▕▏  [32m██████[34m  ▕▏  [34m  ▕▏  [32m██████[34m  ▕▏  [39m  
  [34m──██──[32m██████[34m──██──[34m──██──[32m██████[34m──██──[34m──██──[32m██████[34m──██──[39m  
  [34m  ▕▏  [32m██████[34m  ▕▏  [34m  ▕▏  [32m██████[34m  ▕▏  [34m  ▕▏  [32m██████[34m  ▕▏  [39m  
  [34m  ▕▏  [34m  ▕▏  [34m  ▕▏  [34m  ▕▏  [34m  ▕▏  [34m  ▕▏  [34m  ▕▏  [34m  ▕▏  [34m  ▕▏  [39m  
  [34m──██──[34m──██──[34m──██──[34m──██──[34m──██──[34m──██──[34m──██──[34m──██──[34m──██──[39m  
  [34m  ▕▏  [34m  ▕▏  [34m  ▕▏  [34m  ▕▏  [34m  ▕▏  [34m  ▕▏  [34m  ▕▏  [34m  ▕▏  [34m  ▕▏  [39m  
  [34m  ▕▏  [34m  ▕▏  [34m  ▕▏  [31m██████[31m██████[31m██████[34m  ▕▏  [34m  ▕▏  [34m  ▕▏  [39m  
  [34m──██──[34m──██──[34m──██──[31m██████[31m██████[31m██████[34m──██──[34m──██──[34m──██──[39m  
  [34m  ▕▏  [34m  ▕▏  [34m  ▕▏  [31m██████[31m██████[31m██████[34m  ▕▏  [34m  ▕▏  [34m  ▕▏  [39m  
  [34m  ▕▏  [32m██████[34m  ▕▏  [31m██████[31m██████[31m██████[34m  ▕▏  [32m██████[34m  ▕▏  [39m  
  [34m──██──[32m██████[34m──██──[31m██████[31m██████[31m██████[34m──██──[32m██████[34m──██──[39m  
  [34m  ▕▏  [32m██████[34m  ▕▏  [31m██████[31m██████[31m██████[34m  ▕▏  [32m██████[34m  ▕▏  [39m  
  [34m  ▕▏  [34m  ▕▏  [34m  ▕▏  [31m██████[31m██████[31m██████[34m  ▕▏  [34m  ▕▏  [34m  ▕▏  [39m  
  [34m──██──[34m──██──[34m──██──[31m██████[31m██████[31m██████[34m──██──[34m──██──[34m──██──[39m  
  [34m  ▕▏  [34m  ▕▏  [34m  ▕▏  [31m██████[31m██████[31m██████[34m  ▕▏  [34m  ▕▏  [34m  ▕▏  [39m  
  [34m  ▕▏  [34m  ▕▏  [34m  ▕▏  [34m  ▕▏  [34m  ▕▏  [34m  ▕▏  [34m  ▕▏  [34m  ▕▏  [34m  ▕▏  [39m  
  [34m──██──[34m──██──[34m──██──[34m──██──[34m──██──[34m──██──[34m──██──[34m──██──[34m──██──[39m  
  [34m  ▕▏  [34m  ▕▏  [34m  ▕▏  [34m  ▕▏  [34m  ▕▏  [34m  ▕▏  [34m  ▕▏  [34m  ▕▏  [34m  ▕▏  [39m  
  [34m  ▕▏  [32m██████[34m  ▕▏  [34m  ▕▏  [32m██████[34m  ▕▏  [34m  ▕▏  [32m██████[34m  ▕▏  [39m  
  [34m──██──[32m██████[34m──██──[34m──██──[32m██████[34m──██──[34m──██──[32m██████[34m──██──[39m  
  [34m  ▕▏  [32m██████[34m  ▕▏  [34m  ▕▏  [32m██████[34m  ▕▏  [34m  ▕▏  [32m██████[34m  ▕▏  [39m  
  [34m  ▕▏  [34m  ▕▏  [34m  ▕▏  [34m  ▕▏  [34m  ▕▏  [34m  ▕▏  [34m  ▕▏  [34m  ▕▏  [34m  ▕▏  [39m  
  [34m──██──[34m──██──[34m──██──[34m──██──[34m──██──[34m──██──[34m──██──[34m──██──[34m──██──[39m  
  [34m  ▕▏  [34m  ▕▏  [34m  ▕▏  [34m  ▕▏  [34m  ▕▏  [34m  ▕▏  [34m  ▕▏  [34m  ▕▏  [34m  ▕▏  [39m  

AMR driver provided by CarpetX,
using AMReX 24.10 (MPI, OpenMP, no accelerators, debug)
--------------------------------------------------------------------------------

Initializing AMReX (24.10)...
MPI initialized with 2 MPI processes
MPI initialized with thread support level 2
OMP initialized with 1 OMP threads
AMReX (24.10) initialized
INFO (CarpetX): 
Symmetries:
  lower x: none
  lower y: none
  lower z: none
  upper x: none
  upper y: none
  upper z: none
Default boundaries:
  lower x: dirichlet
  lower y: dirichlet
  lower z: dirichlet
  upper x: dirichlet
  upper y: dirichlet
  upper z: dirichlet
INFO (Arith): Test_smallvector
INFO (Arith): Test_spvect
INFO (CarpetX): Setting initial values for max_grid_size values for all levels
INFO (CarpetX): Setting up initial conditions...
INFO (CarpetX): Iteration: 0   time: 0   delta_time: 0.03125
INFO (CarpetX): Patch 0:
INFO (CarpetX):   Grid extent:
INFO (CarpetX):     gsh=[35,35,35]
INFO (CarpetX):     blocking_factor=[8,8,8]
INFO (CarpetX):     max_grid_size=[32,32,32]
INFO (CarpetX):     max_tile_size=[1024000,16,32]
INFO (CarpetX):   Domain extent:
INFO (CarpetX):     xmin=[-1,-1,-1]
INFO (CarpetX):     xmax=[1,1,1]
INFO (CarpetX):     base dx=[0.0625,0.0625,0.0625]
INFO (CarpetX): Initializing level 0...
INFO (CarpetX): Regridding...
INFO (CarpetX):   level 0: 2 boxes, 32768 cells (100%)
INFO (CarpetX): Initialized 1 levels
INFO (CarpetX): OutputGH: iteration 0, time 0.000000, run time 1 s
INFO (CarpetX): OutputGH done.
INFO (CarpetX): Starting evolution...
INFO (CarpetX): Regridding...
INFO (CarpetX): Setting max_grid_size values for all levels before regridding
INFO (CarpetX):   old levels 1, new levels 1
INFO (CarpetX):   level 0: 2 boxes, 32768 cells (100%)
INFO (CarpetX): OutputGH: iteration 1, time 0.031250, run time 1 s
INFO (CarpetX): OutputGH done.
INFO (CarpetX): Simulation time: 0.03125   Iterations per second: 277.842   Simulation time per second: 8.68256
INFO (CarpetX): Grid cells: 32768   Grid cell updates per second: 9.10433e+06
INFO (CarpetX): Performance:
INFO (CarpetX):   total evolution time:            0.00359917 sec
INFO (CarpetX):   total evolution compute time:    0.00358534 sec
INFO (CarpetX):   total evolution output time:     1.38283e-05 sec
INFO (CarpetX):   total iterations:                1
INFO (CarpetX):   total cells updated:             32768
INFO (CarpetX):   average iterations per second: 277.842
INFO (CarpetX):   average cell updates per second: 9.10433e+06
INFO (CarpetX): Regridding...
INFO (CarpetX): Setting max_grid_size values for all levels before regridding
INFO (CarpetX):   old levels 1, new levels 1
INFO (CarpetX):   level 0: 2 boxes, 32768 cells (100%)
INFO (CarpetX): OutputGH: iteration 2, time 0.062500, run time 1 s
INFO (CarpetX): OutputGH done.
INFO (CarpetX): Simulation time: 0.0625   Iterations per second: 287.932   Simulation time per second: 8.99787
INFO (CarpetX): Grid cells: 32768   Grid cell updates per second: 9.43495e+06
INFO (CarpetX): Performance:
INFO (CarpetX):   total evolution time:            0.00707221 sec
INFO (CarpetX):   total evolution compute time:    0.00704622 sec
INFO (CarpetX):   total evolution output time:     2.59876e-05 sec
INFO (CarpetX):   total iterations:                2
INFO (CarpetX):   total cells updated:             65536
INFO (CarpetX):   average iterations per second: 282.797
INFO (CarpetX):   average cell updates per second: 9.26669e+06
INFO (CarpetX): Regridding...
INFO (CarpetX): Setting max_grid_size values for all levels before regridding
INFO (CarpetX):   old levels 1, new levels 1
INFO (CarpetX):   level 0: 2 boxes, 32768 cells (100%)
INFO (CarpetX): OutputGH: iteration 3, time 0.093750, run time 1 s
INFO (CarpetX): OutputGH done.
INFO (CarpetX): Simulation time: 0.09375   Iterations per second: 291.291   Simulation time per second: 9.10285
INFO (CarpetX): Grid cells: 32768   Grid cell updates per second: 9.54503e+06
INFO (CarpetX): Performance:
INFO (CarpetX):   total evolution time:            0.0105052 sec
INFO (CarpetX):   total evolution compute time:    0.0104632 sec
INFO (CarpetX):   total evolution output time:     4.19617e-05 sec
INFO (CarpetX):   total iterations:                3
INFO (CarpetX):   total cells updated:             98304
INFO (CarpetX):   average iterations per second: 285.573
INFO (CarpetX):   average cell updates per second: 9.35765e+06
INFO (CarpetX): Regridding...
INFO (CarpetX): Setting max_grid_size values for all levels before regridding
INFO (CarpetX):   old levels 1, new levels 1
INFO (CarpetX):   level 0: 2 boxes, 32768 cells (100%)
INFO (CarpetX): OutputGH: iteration 4, time 0.125000, run time 1 s
INFO (CarpetX): OutputGH done.
INFO (CarpetX): Simulation time: 0.125   Iterations per second: 283.763   Simulation time per second: 8.8676
INFO (CarpetX): Grid cells: 32768   Grid cell updates per second: 9.29835e+06
INFO (CarpetX): Performance:
INFO (CarpetX):   total evolution time:            0.0140293 sec
INFO (CarpetX):   total evolution compute time:    0.0139713 sec
INFO (CarpetX):   total evolution output time:     5.79357e-05 sec
INFO (CarpetX):   total iterations:                4
INFO (CarpetX):   total cells updated:             131072
INFO (CarpetX):   average iterations per second: 285.118
INFO (CarpetX):   average cell updates per second: 9.34276e+06
INFO (CarpetX): Regridding...
INFO (CarpetX): Setting max_grid_size values for all levels before regridding
INFO (CarpetX):   old levels 1, new levels 1
INFO (CarpetX):   level 0: 2 boxes, 32768 cells (100%)
INFO (CarpetX): OutputGH: iteration 5, time 0.156250, run time 1 s
INFO (CarpetX): OutputGH done.
INFO (CarpetX): Simulation time: 0.15625   Iterations per second: 290.283   Simulation time per second: 9.07135
INFO (CarpetX): Grid cells: 32768   Grid cell updates per second: 9.512e+06
INFO (CarpetX): Performance:
INFO (CarpetX):   total evolution time:            0.0174742 sec
INFO (CarpetX):   total evolution compute time:    0.0174012 sec
INFO (CarpetX):   total evolution output time:     7.29561e-05 sec
INFO (CarpetX):   total iterations:                5
INFO (CarpetX):   total cells updated:             163840
INFO (CarpetX):   average iterations per second: 286.137
INFO (CarpetX):   average cell updates per second: 9.37612e+06
INFO (CarpetX): Regridding...
INFO (CarpetX): Setting max_grid_size values for all levels before regridding
INFO (CarpetX):   old levels 1, new levels 1
INFO (CarpetX):   level 0: 2 boxes, 32768 cells (100%)
INFO (CarpetX): OutputGH: iteration 6, time 0.187500, run time 1 s
INFO (CarpetX): OutputGH done.
INFO (CarpetX): Simulation time: 0.1875   Iterations per second: 288.944   Simulation time per second: 9.02948
INFO (CarpetX): Grid cells: 32768   Grid cell updates per second: 9.4681e+06
INFO (CarpetX): Performance:
INFO (CarpetX):   total evolution time:            0.0209351 sec
INFO (CarpetX):   total evolution compute time:    0.0208471 sec
INFO (CarpetX):   total evolution output time:     8.79765e-05 sec
INFO (CarpetX):   total iterations:                6
INFO (CarpetX):   total cells updated:             196608
INFO (CarpetX):   average iterations per second: 286.601
INFO (CarpetX):   average cell updates per second: 9.39133e+06
INFO (CarpetX): Regridding...
INFO (CarpetX): Setting max_grid_size values for all levels before regridding
INFO (CarpetX):   old levels 1, new levels 1
INFO (CarpetX):   level 0: 2 boxes, 32768 cells (100%)
INFO (CarpetX): OutputGH: iteration 7, time 0.218750, run time 1 s
INFO (CarpetX): OutputGH done.
INFO (CarpetX): Simulation time: 0.21875   Iterations per second: 289.003   Simulation time per second: 9.03135
INFO (CarpetX): Grid cells: 32768   Grid cell updates per second: 9.47006e+06
INFO (CarpetX): Performance:
INFO (CarpetX):   total evolution time:            0.0243952 sec
INFO (CarpetX):   total evolution compute time:    0.0242922 sec
INFO (CarpetX):   total evolution output time:     0.000102997 sec
INFO (CarpetX):   total iterations:                7
INFO (CarpetX):   total cells updated:             229376
INFO (CarpetX):   average iterations per second: 286.941
INFO (CarpetX):   average cell updates per second: 9.40249e+06
INFO (CarpetX): Regridding...
INFO (CarpetX): Setting max_grid_size values for all levels before regridding
INFO (CarpetX):   old levels 1, new levels 1
INFO (CarpetX):   level 0: 2 boxes, 32768 cells (100%)
INFO (CarpetX): OutputGH: iteration 8, time 0.250000, run time 1 s
INFO (CarpetX): OutputGH done.
INFO (CarpetX): Simulation time: 0.25   Iterations per second: 286.535   Simulation time per second: 8.95423
INFO (CarpetX): Grid cells: 32768   Grid cell updates per second: 9.38919e+06
INFO (CarpetX): Performance:
INFO (CarpetX):   total evolution time:            0.0278852 sec
INFO (CarpetX):   total evolution compute time:    0.0277662 sec
INFO (CarpetX):   total evolution output time:     0.000118971 sec
INFO (CarpetX):   total iterations:                8
INFO (CarpetX):   total cells updated:             262144
INFO (CarpetX):   average iterations per second: 286.891
INFO (CarpetX):   average cell updates per second: 9.40083e+06
INFO (CarpetX): Regridding...
INFO (CarpetX): Setting max_grid_size values for all levels before regridding
INFO (CarpetX):   old levels 1, new levels 1
INFO (CarpetX):   level 0: 2 boxes, 32768 cells (100%)
INFO (CarpetX): OutputGH: iteration 9, time 0.281250, run time 1 s
INFO (CarpetX): OutputGH done.
INFO (CarpetX): Simulation time: 0.28125   Iterations per second: 289.442   Simulation time per second: 9.04506
INFO (CarpetX): Grid cells: 32768   Grid cell updates per second: 9.48444e+06
INFO (CarpetX): Performance:
INFO (CarpetX):   total evolution time:            0.0313401 sec
INFO (CarpetX):   total evolution compute time:    0.0312061 sec
INFO (CarpetX):   total evolution output time:     0.000133991 sec
INFO (CarpetX):   total iterations:                9
INFO (CarpetX):   total cells updated:             294912
INFO (CarpetX):   average iterations per second: 287.172
INFO (CarpetX):   average cell updates per second: 9.41005e+06
INFO (CarpetX): Regridding...
INFO (CarpetX): Setting max_grid_size values for all levels before regridding
INFO (CarpetX):   old levels 1, new levels 1
INFO (CarpetX):   level 0: 2 boxes, 32768 cells (100%)
INFO (CarpetX): OutputGH: iteration 10, time 0.312500, run time 1 s
INFO (CarpetX): OutputGH done.
INFO (CarpetX): Simulation time: 0.3125   Iterations per second: 107.203   Simulation time per second: 3.35008
INFO (CarpetX): Grid cells: 32768   Grid cell updates per second: 3.51282e+06
INFO (CarpetX): Performance:
INFO (CarpetX):   total evolution time:            0.0406682 sec
INFO (CarpetX):   total evolution compute time:    0.0346613 sec
INFO (CarpetX):   total evolution output time:     0.00600696 sec
INFO (CarpetX):   total iterations:                10
INFO (CarpetX):   total cells updated:             327680
INFO (CarpetX):   average iterations per second: 245.892
INFO (CarpetX):   average cell updates per second: 8.05739e+06
INFO (CarpetX): Shutting down...
AMReX (24.10) finalized
--------------------------------------------------------------------------------
Done.
+ echo Stopping:
Stopping:
+ date
Sat May 31 12:53:00 UTC 2025
+ echo Done.
Done.
  Elapsed time: 1.0 s
