/home/runner/simulations/TestJob01_temp_1/output-0000/TEST/sim/MemSpeed
Preparing:
+ set -e
+ cd output-0000-active
+ echo Checking:
Checking:
+ pwd
/home/runner/simulations/TestJob01_temp_1/output-0000/TEST/sim/MemSpeed/output-0000-active
+ hostname
fv-az75-36
+ date
Sat Oct  9 07:17:50 UTC 2021
+ echo Environment:
Environment:
+ export CACTUS_NUM_PROCS=1
+ export CACTUS_NUM_THREADS=2
+ export GMON_OUT_PREFIX=gmon.out
+ export OMP_NUM_THREADS=2
+ env
+ sort
+ echo Starting:
Starting:
+ date +%s
+ export CACTUS_STARTTIME=1633763870
+ [ 1 = 1 ]
+ [ 0 -eq 0 ]
+ /home/runner/simulations/TestJob01_temp_1/SIMFACTORY/exe/cactus_sim -L 3 /home/runner/simulations/TestJob01_temp_1/output-0000/arrangements/CactusUtils/MemSpeed/test/memspeed.par
INFO (Cactus): Increased logging level from 0 to 3
--------------------------------------------------------------------------------

       10                                  
  1   0101       ************************  
  01  1010 10      The Cactus Code V4.9.0    
 1010 1101 011      www.cactuscode.org     
  1001 100101    ************************  
    00010101                               
     100011     (c) Copyright The Authors  
      0100      GNU Licensed. No Warranty  
      0101                                 
--------------------------------------------------------------------------------

Cactus version:    4.9.0
Compile date:      Oct 09 2021 (07:09:53)
Run date:          Oct 09 2021 (07:17:51+0000)
Run host:          fv-az75-36.ozjq2hgvjyiebjvorarhoiqszb.bx.internal.cloudapp.net (pid=101067)
Working directory: /home/runner/simulations/TestJob01_temp_1/output-0000/TEST/sim/MemSpeed
Executable:        /home/runner/simulations/TestJob01_temp_1/SIMFACTORY/exe/cactus_sim
Parameter file:    /home/runner/simulations/TestJob01_temp_1/output-0000/arrangements/CactusUtils/MemSpeed/test/memspeed.par
--------------------------------------------------------------------------------

Activating thorn Cactus...Success -> active implementation Cactus
Activation requested for 
--->hwloc MemSpeed SystemTopology CartGrid3D CoordBase IOASCII IOUtil PUGH PUGHSlab<---
Thorn hwloc requests automatic activation of zlib
Thorn MemSpeed requests automatic activation of Vectors
Thorn MemSpeed requests automatic activation of MPI
Activating thorn CartGrid3D...Success -> active implementation grid
Activating thorn CoordBase...Success -> active implementation CoordBase
Activating thorn hwloc...Success -> active implementation hwloc
Activating thorn IOASCII...Success -> active implementation IOASCII
Activating thorn IOUtil...Success -> active implementation IO
Activating thorn MemSpeed...Success -> active implementation MemSpeed
Activating thorn MPI...Success -> active implementation MPI
Activating thorn PUGH...Success -> active implementation Driver
Activating thorn PUGHSlab...Success -> active implementation Hyperslab
Activating thorn SystemTopology...Success -> active implementation SystemTopology
Activating thorn Vectors...Success -> active implementation Vectors
Activating thorn zlib...Success -> active implementation zlib
--------------------------------------------------------------------------------
  if (recover initial data)
    Recover parameters
  endif

  Startup routines
    [CCTK_STARTUP]
      CartGrid3D::SymmetryStartup: Register GH Extension for GridSymmetry
      CoordBase::CoordBase_Startup: Register a GH extension to store the coordinate system handles
      GROUP hwloc_startup: hwloc startup group
        hwloc::hwloc_version: Output hwloc version
      SystemTopology::ST_system_topology: Output and/or modify system topology and hardware locality
      PUGH::Driver_Startup: Startup routine
      PUGH::PUGH_RegisterPUGHP2LRoutines: Register Physical to Logical process mapping routines
      PUGH::PUGH_RegisterPUGHTopologyRoutines: Register topology generation routines routines
      IOUtil::IOUtil_Startup: Startup routine
      Vectors::Vectors_Startup: Print startup message
      IOASCII::IOASCII_Startup: Startup routine

  Startup routines which need an existing grid hierarchy
    [CCTK_WRAGH]
      CartGrid3D::RegisterCartGrid3DCoords: [meta] Register coordinates for the Cartesian grid
      MemSpeed::MemSpeed_MeasureSpeed: [meta] Measure CPU, memory, cache speeds
  Parameter checking routines
    [CCTK_PARAMCHECK]
      CartGrid3D::ParamCheck_CartGrid3D: Check coordinates for CartGrid3D
      Vectors::Vectors_Test: Run correctness tests.

  Initialisation
    if (NOT (recover initial data AND recovery_mode is 'strict'))
      [CCTK_PREREGRIDINITIAL]
      Set up grid hierarchy
      [CCTK_POSTREGRIDINITIAL]
        CartGrid3D::SpatialCoordinates: Set Coordinates after regridding
      [CCTK_BASEGRID]
        CartGrid3D::SpatialSpacings: Set up ranges for spatial 3D Cartesian coordinates (on all grids)
        CartGrid3D::SpatialCoordinates: Set up spatial 3D Cartesian coordinates on the GH
        IOASCII::IOASCII_Choose1D: Choose 1D output lines
        IOASCII::IOASCII_Choose2D: Choose 2D output planes
        PUGH::PUGH_Report: Report on PUGH set up
      [CCTK_INITIAL]
      [CCTK_POSTINITIAL]
      Initialise finer grids recursively
      Restrict from finer grids
      [CCTK_POSTRESTRICTINITIAL]
      [CCTK_POSTPOSTINITIAL]
      [CCTK_POSTSTEP]
    endif
    if (recover initial data)
      [CCTK_BASEGRID]
        CartGrid3D::SpatialSpacings: Set up ranges for spatial 3D Cartesian coordinates (on all grids)
        CartGrid3D::SpatialCoordinates: Set up spatial 3D Cartesian coordinates on the GH
        IOASCII::IOASCII_Choose1D: Choose 1D output lines
        IOASCII::IOASCII_Choose2D: Choose 2D output planes
        PUGH::PUGH_Report: Report on PUGH set up
      [CCTK_RECOVER_VARIABLES]
      [CCTK_POST_RECOVER_VARIABLES]
    endif
    if (checkpoint initial data)
      [CCTK_CPINITIAL]
    endif
    if (analysis)
      [CCTK_ANALYSIS]
  endif
  Output grid variables

  do loop over timesteps
    [CCTK_PREREGRID]
    Change grid hierarchy
    [CCTK_POSTREGRID]
      CartGrid3D::SpatialCoordinates: Set Coordinates after regridding
    Rotate timelevels
    iteration = iteration+1
    t = t+dt
    [CCTK_PRESTEP]
    [CCTK_EVOL]
    Evolve finer grids recursively
    Restrict from finer grids
    [CCTK_POSTRESTRICT]
    [CCTK_POSTSTEP]
    if (checkpoint)
      [CCTK_CHECKPOINT]
    endif
    if (analysis)
      [CCTK_ANALYSIS]
    endif
    Output grid variables
    enddo

  Termination routines
    [CCTK_TERMINATE]
      PUGH::Driver_Terminate: Termination routine

  Shutdown routines
    [CCTK_SHUTDOWN]

  Routines run after changing the grid hierarchy:
    [CCTK_POSTREGRID]
      CartGrid3D::SpatialCoordinates: Set Coordinates after regridding
--------------------------------------------------------------------------------
INFO (hwloc): library version 2.1.0, API version 0x20100
INFO (SystemTopology): MPI process-to-host mapping:
This is MPI process 0 of 1
MPI hosts:
  0: fv-az75-36
This MPI process runs on host 0 of 1
On this host, this is MPI process 0 of 1
INFO (SystemTopology): Topology support:
Discovery support:
  discovery->pu                            : yes
CPU binding support:
  cpubind->set_thisproc_cpubind            : yes
  cpubind->get_thisproc_cpubind            : yes
  cpubind->set_proc_cpubind                : yes
  cpubind->get_proc_cpubind                : yes
  cpubind->set_thisthread_cpubind          : yes
  cpubind->get_thisthread_cpubind          : yes
  cpubind->set_thread_cpubind              : yes
  cpubind->get_thread_cpubind              : yes
  cpubind->get_thisproc_last_cpu_location  : yes
  cpubind->get_proc_last_cpu_location      : yes
  cpubind->get_thisthread_last_cpu_location: yes
Memory binding support:
  membind->set_thisproc_membind            : no
  membind->get_thisproc_membind            : no
  membind->set_proc_membind                : no
  membind->get_proc_membind                : no
  membind->set_thisthread_membind          : yes
  membind->get_thisthread_membind          : yes
  membind->set_area_membind                : yes
  membind->get_area_membind                : yes
  membind->alloc_membind                   : yes
  membind->firsttouch_membind              : yes
  membind->bind_membind                    : yes
  membind->interleave_membind              : yes
  membind->nexttouch_membind               : no
  membind->migrate_membind                 : yes
INFO (SystemTopology): Hardware objects in this node:
Machine L#0: (P#0, total=7120800KB, DMIProductName="Virtual Machine", DMIProductVersion=7.0, DMIProductUUID=8eea6165-2b4e-6142-a742-1222fcfe6dd1, DMIBoardVendor="Microsoft Corporation", DMIBoardName="Virtual Machine", DMIBoardVersion=7.0, DMIChassisVendor="Microsoft Corporation", DMIChassisType=3, DMIChassisVersion=7.0, DMIChassisAssetTag=7783-7084-3265-9085-8269-3286-77, DMIBIOSVendor="American Megatrends Inc.", DMIBIOSVersion="090008 ", DMIBIOSDate=12/07/2018, DMISysVendor="Microsoft Corporation", Backend=Linux, LinuxCgroup=/, OSName=Linux, OSRelease=5.8.0-1042-azure, OSVersion="#45~20.04.1-Ubuntu SMP Wed Sep 15 14:24:15 UTC 2021", HostName=fv-az75-36, Architecture=x86_64, hwlocVersion=2.1.0, ProcessName=cactus_sim)
  Package L#0: (P#0, total=7120800KB, CPUVendor=GenuineIntel, CPUFamilyNumber=6, CPUModelNumber=79, CPUModel="Intel(R) Xeon(R) CPU E5-2673 v4 @ 2.30GHz", CPUStepping=1)
    L3Cache L#0: (P#-1, size=51200KB, linesize=64, ways=20, Inclusive=1)
      L2Cache L#0: (P#-1, size=256KB, linesize=64, ways=8, Inclusive=0)
        L1dCache L#0: (P#-1, size=32KB, linesize=64, ways=8, Inclusive=0)
          Core L#0: (P#0)
            PU L#0: (P#0)
      L2Cache L#1: (P#-1, size=256KB, linesize=64, ways=8, Inclusive=0)
        L1dCache L#1: (P#-1, size=32KB, linesize=64, ways=8, Inclusive=0)
          Core L#1: (P#1)
            PU L#1: (P#1)
INFO (SystemTopology): Thread CPU bindings:
  MPI process 0 on host 0 (process 0 of 1 on this host)
    OpenMP thread 0: PU set L#{0-1} P#{0-1}
    OpenMP thread 1: PU set L#{0-1} P#{0-1}
INFO (SystemTopology): Setting thread CPU bindings:
INFO (SystemTopology): Thread CPU bindings:
  MPI process 0 on host 0 (process 0 of 1 on this host)
    OpenMP thread 0: PU set L#{0} P#{0}
    OpenMP thread 1: PU set L#{1} P#{1}
INFO (SystemTopology): Extracting CPU/cache/memory properties:
  There are 1 PUs per core (aka hardware SMT threads)
  There are 1 threads per core (aka SMT threads used)
  Cache (unknown name) has type "data" depth 1
    size 32768 linesize 64 associativity 8 stride 4096, for 1 PUs
  Cache (unknown name) has type "unified" depth 2
    size 262144 linesize 64 associativity 8 stride 32768, for 1 PUs
  Cache (unknown name) has type "unified" depth 3
    size 52428800 linesize 64 associativity 20 stride 2621440, for 2 PUs
INFO (PUGH): Using physical to logical mappings: direct
INFO (PUGH): Using topology generator: automatic
INFO (Vectors): Using vector size 2 for architecture SSE2 (64-bit precision)
--------------------------------------------------------------------------------
Driver provided by PUGH
--------------------------------------------------------------------------------

INFO (PUGH): Not setting up a topology for 1 dimensions
INFO (PUGH): Not setting up a topology for 2 dimensions
INFO (PUGH): Setting up a topology for 3 dimensions
INFO (IOASCII): I/O Method 'IOASCII_1D' registered: output of 1D lines of grid functions/arrays to ASCII files
INFO (IOASCII): Periodic 1D output every 1 iterations
INFO (IOASCII): Periodic 1D output requested for 'GRID::r'
INFO (IOASCII): I/O Method 'IOASCII_2D' registered: output of 2D planes of grid functions/arrays to ASCII files
INFO (IOASCII): Periodic 2D output turned off
INFO (IOASCII): I/O Method 'IOASCII_3D' registered: output of 3D grid functions/arrays to ASCII files
INFO (IOASCII): Periodic 3D output turned off
INFO (MemSpeed): Measuring CPU, cache, memory, and communication speeds:
  Single-core measurements (using 1 MPI processes with 1 OpenMP threads each):
    CPU frequency:
      iterations=1000000... time=0.00300611 sec
      iterations=10000000... time=0.0325417 sec
      iterations=100000000... time=0.329431 sec
      iterations=300000000... time=0.975054 sec
      iterations=600000000... time=1.93504 sec
      iterations=600000000... time=1.45473 sec
      result: 2.4984 GHz
    CPU floating point performance:
      iterations=1000000... time=0.00329143 sec
      iterations=10000000... time=0.0328455 sec
      iterations=100000000... time=0.360615 sec
      iterations=300000000... time=1.00946 sec
      result: 9.50999 Gflop/sec
    CPU integer performance:
      iterations=1000000... time=0.00194026 sec
      iterations=10000000... time=0.0230516 sec
      iterations=100000000... time=0.209966 sec
      iterations=500000000... time=1.10503 sec
      result: 7.2396 Giop/sec
    Read latency of D1 cache (for 1 PUs) (using 1*24576 bytes):
      iterations=1000... time=0.0005989 sec
      iterations=10000... time=0.0016568 sec
      iterations=100000... time=0.0153028 sec
      iterations=1000000... time=0.164106 sec
      iterations=7000000... time=1.13704 sec
      result: 1.62434 nsec
    Read latency of L2 cache (for 1 PUs) (using 1*196608 bytes):
      iterations=1000... time=0.0004993 sec
      iterations=10000... time=0.0045642 sec
      iterations=100000... time=0.0512343 sec
      iterations=1000000... time=0.52796 sec
      iterations=2000000... time=1.06784 sec
      result: 5.33919 nsec
    Read latency of L3 cache (for 2 PUs) (using 1*39321600 bytes):
      [skipped -- avoiding large-memory benchmarks]
    Read bandwidth of D1 cache (for 1 PUs) (using 1*24576 bytes):
      iterations=1... time=7e-07 sec
      iterations=10... time=3.3e-06 sec
      iterations=100... time=3.1e-05 sec
      iterations=1000... time=0.000338 sec
      iterations=10000... time=0.0031048 sec
      iterations=100000... time=0.0314501 sec
      iterations=1000000... time=0.320129 sec
      iterations=3000000... time=0.990397 sec
      iterations=6000000... time=1.92873 sec
      result: 76.4526 GByte/sec
    Read bandwidth of L2 cache (for 1 PUs) (using 1*196608 bytes):
      iterations=1... time=7.1e-06 sec
      iterations=10... time=4.74e-05 sec
      iterations=100... time=0.000487603 sec
      iterations=1000... time=0.00500273 sec
      iterations=10000... time=0.0518045 sec
      iterations=100000... time=0.52246 sec
      iterations=200000... time=1.03804 sec
      result: 37.8805 GByte/sec
    Read bandwidth of L3 cache (for 2 PUs) (using 1*39321600 bytes):
      [skipped -- avoiding large-memory benchmarks]
    Write latency of D1 cache (for 1 PUs) (using 1*24576 bytes):
      iterations=1000... time=4.4e-06 sec
      iterations=10000... time=3.16e-05 sec
      iterations=100000... time=0.000312802 sec
      iterations=1000000... time=0.00341822 sec
      iterations=10000000... time=0.0318929 sec
      iterations=100000000... time=0.333382 sec
      iterations=300000000... time=0.971437 sec
      iterations=600000000... time=1.95819 sec
      result: 0.407957 nsec
    Write latency of L2 cache (for 1 PUs) (using 1*196608 bytes):
      iterations=1000... time=2.24e-05 sec
      iterations=10000... time=0.0002033 sec
      iterations=100000... time=0.0019053 sec
      iterations=1000000... time=0.0200913 sec
      iterations=10000000... time=0.198258 sec
      iterations=60000000... time=1.20743 sec
      result: 2.51549 nsec
    Write latency of L3 cache (for 2 PUs) (using 1*39321600 bytes):
      [skipped -- avoiding large-memory benchmarks]
    Write bandwidth of D1 cache (for 1 PUs) (using 1*24576 bytes):
      iterations=1... time=7e-07 sec
      iterations=10... time=3.7e-06 sec
      iterations=100... time=3.19e-05 sec
      iterations=1000... time=0.0003157 sec
      iterations=10000... time=0.0034364 sec
      iterations=100000... time=0.0342708 sec
      iterations=1000000... time=0.339854 sec
      iterations=3000000... time=1.00827 sec
      result: 73.1234 GByte/sec
    Write bandwidth of L2 cache (for 1 PUs) (using 1*196608 bytes):
      iterations=1... time=9.4e-06 sec
      iterations=10... time=0.0001078 sec
      iterations=100... time=0.0010371 sec
      iterations=1000... time=0.0109524 sec
      iterations=10000... time=0.0986922 sec
      iterations=100000... time=0.979723 sec
      iterations=200000... time=1.95657 sec
      result: 20.0972 GByte/sec
    Write bandwidth of L3 cache (for 2 PUs) (using 1*39321600 bytes):
      [skipped -- avoiding large-memory benchmarks]
    Stencil code performance of D1 cache (for 1 PUs) (using 1*12^3 grid points, 1*27648 bytes):
      iterations=1... time=1.58e-05 sec
      iterations=10... time=0.0002201 sec
      iterations=100... time=0.0023884 sec
      iterations=1000... time=0.0243279 sec
      iterations=10000... time=0.258518 sec
      iterations=40000... time=0.999004 sec
      iterations=80000... time=1.95636 sec
      result: 0.0706618 Gupdates/sec
    Stencil code performance of L2 cache (for 1 PUs) (using 1*23^3 grid points, 1*194672 bytes):
      iterations=1... time=3.02e-05 sec
      iterations=10... time=0.000919502 sec
      iterations=100... time=0.00817632 sec
      iterations=1000... time=0.0830113 sec
      iterations=10000... time=0.86107 sec
      iterations=20000... time=1.73955 sec
      result: 0.139887 Gupdates/sec
    Stencil code performance of L3 cache (for 2 PUs) (using 1*135^3 grid points, 1*39366000 bytes):
      iterations=1... time=0.00778281 sec
      iterations=10... time=0.071305 sec
      iterations=100... time=0.685228 sec
      iterations=200... time=1.40199 sec
      result: 0.350983 Gupdates/sec
  Single-node measurements (using 1 MPI processes with 2 OpenMP threads each):
    CPU frequency:
      iterations=1000000... time=0.0031079 sec
      iterations=10000000... time=0.0327728 sec
      iterations=100000000... time=0.3194 sec
      iterations=300000000... time=0.990068 sec
      iterations=600000000... time=1.93292 sec
      iterations=600000000... time=1.45831 sec
      result: 2.52836 GHz
    CPU floating point performance:
      iterations=1000000... time=0.00345195 sec
      iterations=10000000... time=0.0337254 sec
      iterations=100000000... time=0.33344 sec
      iterations=300000000... time=1.02827 sec
      result: 9.33603 Gflop/sec
    CPU integer performance:
      iterations=1000000... time=0.00221815 sec
      iterations=10000000... time=0.0212947 sec
      iterations=100000000... time=0.226012 sec
      iterations=500000000... time=1.08096 sec
      result: 7.40084 Giop/sec
    Read latency of D1 cache (for 1 PUs) (using 2*24576 bytes):
      iterations=1000... time=0.0001546 sec
      iterations=10000... time=0.00156915 sec
      iterations=100000... time=0.0171005 sec
      iterations=1000000... time=0.16956 sec
      iterations=6000000... time=0.980833 sec
      iterations=12000000... time=1.95047 sec
      result: 1.62539 nsec
    Read latency of L2 cache (for 1 PUs) (using 2*196608 bytes):
      iterations=1000... time=0.000480351 sec
      iterations=10000... time=0.00500875 sec
      iterations=100000... time=0.0500931 sec
      iterations=1000000... time=0.505868 sec
      iterations=2000000... time=1.01144 sec
      result: 5.05718 nsec
    Read latency of L3 cache (for 2 PUs) (using 1*39321600 bytes):
      [skipped -- avoiding large-memory benchmarks]
    Read bandwidth of D1 cache (for 1 PUs) (using 2*24576 bytes):
      iterations=1... time=7e-07 sec
      iterations=10... time=3.35e-06 sec
      iterations=100... time=3.09e-05 sec
      iterations=1000... time=0.00032365 sec
      iterations=10000... time=0.00358645 sec
      iterations=100000... time=0.0337658 sec
      iterations=1000000... time=0.331875 sec
      iterations=3000000... time=0.976592 sec
      iterations=6000000... time=1.90055 sec
      result: 77.5861 GByte/sec
    Read bandwidth of L2 cache (for 1 PUs) (using 2*196608 bytes):
      iterations=1... time=5.55e-06 sec
      iterations=10... time=4.155e-05 sec
      iterations=100... time=0.0004534 sec
      iterations=1000... time=0.00508511 sec
      iterations=10000... time=0.0488644 sec
      iterations=100000... time=0.494817 sec
      iterations=200000... time=0.951695 sec
      iterations=400000... time=1.91199 sec
      result: 41.1315 GByte/sec
    Read bandwidth of L3 cache (for 2 PUs) (using 1*39321600 bytes):
      [skipped -- avoiding large-memory benchmarks]
    Write latency of D1 cache (for 1 PUs) (using 2*24576 bytes):
      iterations=1000... time=3.5e-06 sec
      iterations=10000... time=2.61e-05 sec
      iterations=100000... time=0.000259 sec
      iterations=1000000... time=0.0026342 sec
      iterations=10000000... time=0.0314254 sec
      iterations=100000000... time=0.321368 sec
      iterations=300000000... time=0.935896 sec
      iterations=600000000... time=1.93179 sec
      result: 0.402456 nsec
    Write latency of L2 cache (for 1 PUs) (using 2*196608 bytes):
      iterations=1000... time=2.105e-05 sec
      iterations=10000... time=0.000189201 sec
      iterations=100000... time=0.0018174 sec
      iterations=1000000... time=0.0192007 sec
      iterations=10000000... time=0.186616 sec
      iterations=60000000... time=1.15446 sec
      result: 2.40512 nsec
    Write latency of L3 cache (for 2 PUs) (using 1*39321600 bytes):
      [skipped -- avoiding large-memory benchmarks]
    Write bandwidth of D1 cache (for 1 PUs) (using 2*24576 bytes):
      iterations=1... time=7.5e-07 sec
      iterations=10... time=3.9e-06 sec
      iterations=100... time=2.995e-05 sec
      iterations=1000... time=0.0003055 sec
      iterations=10000... time=0.00329995 sec
      iterations=100000... time=0.0327853 sec
      iterations=1000000... time=0.326542 sec
      iterations=3000000... time=1.00511 sec
      result: 73.3533 GByte/sec
    Write bandwidth of L2 cache (for 1 PUs) (using 2*196608 bytes):
      iterations=1... time=9.55e-06 sec
      iterations=10... time=9.155e-05 sec
      iterations=100... time=0.000918851 sec
      iterations=1000... time=0.00955275 sec
      iterations=10000... time=0.0950192 sec
      iterations=100000... time=0.94259 sec
      iterations=200000... time=1.8648 sec
      result: 21.0862 GByte/sec
    Write bandwidth of L3 cache (for 2 PUs) (using 1*39321600 bytes):
      [skipped -- avoiding large-memory benchmarks]
    Stencil code performance of D1 cache (for 1 PUs) (using 2*9^3 grid points, 2*11664 bytes):
      iterations=1... time=2.5e-06 sec
      iterations=10... time=7.32e-05 sec
      iterations=100... time=0.0002923 sec
      iterations=1000... time=0.0026587 sec
      iterations=10000... time=0.0288584 sec
      iterations=100000... time=0.294127 sec
      iterations=400000... time=1.1586 sec
      result: 0.251684 Gupdates/sec
    Stencil code performance of L2 cache (for 1 PUs) (using 2*18^3 grid points, 2*93312 bytes):
      iterations=1... time=1.21e-05 sec
      iterations=10... time=0.00012475 sec
      iterations=100... time=0.0014246 sec
      iterations=1000... time=0.0139355 sec
      iterations=10000... time=0.135514 sec
      iterations=80000... time=1.10082 sec
      result: 0.423829 Gupdates/sec
    Stencil code performance of L3 cache (for 2 PUs) (using 1*135^3 grid points, 1*39366000 bytes):
      iterations=1... time=0.001638 sec
      iterations=10... time=0.0197517 sec
      iterations=100... time=0.199388 sec
      iterations=600... time=1.20962 sec
      result: 1.22041 Gupdates/sec
INFO (Vectors): Testing vectorisation... [errors may result in segfaults]
INFO (Vectors): 375/375 tests passed 
INFO (CartGrid3D): Grid Spacings:
INFO (CartGrid3D): dx=>1.1111111e-01  dy=>1.1111111e-01  dz=>1.1111111e-01
INFO (CartGrid3D): Computational Coordinates:
INFO (CartGrid3D): x=>[-0.500, 0.500]  y=>[-0.500, 0.500]  z=>[-0.500, 0.500]
INFO (CartGrid3D): Indices of Physical Coordinates:
INFO (CartGrid3D): x=>[0,9]  y=>[0,9]  z=>[0,9]
INFO (PUGH): MPI Evolution on 1 processors
INFO (PUGH): 3-dimensional grid functions
INFO (PUGH):   Size: 10 10 10
INFO (PUGH):   Processor topology: 1 x 1 x 1
INFO (PUGH):   Local load: 1000   [10 x 10 x 10]
INFO (PUGH):   Maximum load skew: 0.000000
--------------------------------------------------------------------------------
Done.
+ echo Stopping:
Stopping:
+ date
Sat Oct  9 07:19:00 UTC 2021
+ echo Done.
Done.
  Elapsed time: 69.9 s
