/home/runner/simulations/TestJob01_temp_1/output-0000/TEST/sim/MemSpeed
Preparing:
+ set -e
+ cd output-0000-active
+ echo Checking:
Checking:
+ pwd
/home/runner/simulations/TestJob01_temp_1/output-0000/TEST/sim/MemSpeed/output-0000-active
+ hostname
fv-az1538-855
+ date
Thu Oct 24 19:33:27 UTC 2024
+ echo Environment:
Environment:
+ export CACTUS_NUM_PROCS=1
+ CACTUS_NUM_PROCS=1
+ export CACTUS_NUM_THREADS=2
+ CACTUS_NUM_THREADS=2
+ export GMON_OUT_PREFIX=gmon.out
+ GMON_OUT_PREFIX=gmon.out
+ export OMP_NUM_THREADS=2
+ OMP_NUM_THREADS=2
+ env
+ sort
+ echo Starting:
Starting:
++ date +%s
+ export CACTUS_STARTTIME=1729798407
+ CACTUS_STARTTIME=1729798407
+ '[' 1 = 1 ']'
+ '[' 0 -eq 0 ']'
+ /home/runner/simulations/TestJob01_temp_1/SIMFACTORY/exe/cactus_sim -L 3 /home/runner/simulations/TestJob01_temp_1/output-0000/arrangements/CactusUtils/MemSpeed/test/memspeed.par
INFO (Cactus): Increased logging level from 0 to 3
--------------------------------------------------------------------------------

       10                                  
  1   0101       ************************  
  01  1010 10      The Cactus Code V4.16.0    
 1010 1101 011      www.cactuscode.org     
  1001 100101    ************************  
    00010101                               
     100011     (c) Copyright The Authors  
      0100      GNU Licensed. No Warranty  
      0101                                 
--------------------------------------------------------------------------------

Cactus version:    4.16.0
Compile date:      Oct 24 2024 (19:26:46)
Run date:          Oct 24 2024 (19:33:27+0000)
Run host:          fv-az1538-855.upsp13a5k4ou3ds4kr34xzh2lh.cx.internal.cloudapp.net (pid=131359)
Working directory: /home/runner/simulations/TestJob01_temp_1/output-0000/TEST/sim/MemSpeed
Executable:        /home/runner/simulations/TestJob01_temp_1/SIMFACTORY/exe/cactus_sim
Parameter file:    /home/runner/simulations/TestJob01_temp_1/output-0000/arrangements/CactusUtils/MemSpeed/test/memspeed.par
--------------------------------------------------------------------------------

Activating thorn Cactus...Success -> active implementation Cactus
Activation requested for 
--->hwloc MemSpeed SystemTopology CartGrid3D CoordBase IOASCII IOUtil PUGH PUGHSlab<---
Thorn hwloc requests automatic activation of zlib
Thorn MemSpeed requests automatic activation of Vectors
Thorn MemSpeed requests automatic activation of MPI
Activating thorn CartGrid3D...Success -> active implementation grid
Activating thorn CoordBase...Success -> active implementation CoordBase
Activating thorn hwloc...Success -> active implementation hwloc
Activating thorn IOASCII...Success -> active implementation IOASCII
Activating thorn IOUtil...Success -> active implementation IO
Activating thorn MemSpeed...Success -> active implementation MemSpeed
Activating thorn MPI...Success -> active implementation MPI
Activating thorn PUGH...Success -> active implementation Driver
Activating thorn PUGHSlab...Success -> active implementation Hyperslab
Activating thorn SystemTopology...Success -> active implementation SystemTopology
Activating thorn Vectors...Success -> active implementation Vectors
Activating thorn zlib...Success -> active implementation zlib
--------------------------------------------------------------------------------
  if (recover initial data)
    Recover parameters
  endif

  Startup routines
    [CCTK_STARTUP]
      CartGrid3D::SymmetryStartup: Register GH Extension for GridSymmetry
      CoordBase::CoordBase_Startup: Register a GH extension to store the coordinate system handles
      GROUP hwloc_startup: hwloc startup group
        hwloc::hwloc_version: Output hwloc version
      SystemTopology::ST_system_topology: Output and/or modify system topology and hardware locality
      PUGH::Driver_Startup: Startup routine
      PUGH::PUGH_RegisterPUGHP2LRoutines: Register Physical to Logical process mapping routines
      PUGH::PUGH_RegisterPUGHTopologyRoutines: Register topology generation routines routines
      IOUtil::IOUtil_Startup: Startup routine
      Vectors::Vectors_Startup: Print startup message
      IOASCII::IOASCII_Startup: Startup routine

  Startup routines which need an existing grid hierarchy
    [CCTK_WRAGH]
      CartGrid3D::RegisterCartGrid3DCoords: [meta] Register coordinates for the Cartesian grid
      MemSpeed::MemSpeed_MeasureSpeed: [meta] Measure CPU, memory, cache speeds
  Parameter checking routines
    [CCTK_PARAMCHECK]
      CartGrid3D::ParamCheck_CartGrid3D: Check coordinates for CartGrid3D
      Vectors::Vectors_Test: Run correctness tests.

  Initialisation
    if (NOT (recover initial data AND recovery_mode is 'strict'))
      [CCTK_PREREGRIDINITIAL]
      Set up grid hierarchy
      [CCTK_POSTREGRIDINITIAL]
        CartGrid3D::SpatialCoordinates: Set Coordinates after regridding
      [CCTK_BASEGRID]
        CartGrid3D::SpatialSpacings: Set up ranges for spatial 3D Cartesian coordinates (on all grids)
        CartGrid3D::SpatialCoordinates: Set up spatial 3D Cartesian coordinates on the GH
        IOASCII::IOASCII_Choose1D: Choose 1D output lines
        IOASCII::IOASCII_Choose2D: Choose 2D output planes
        PUGH::PUGH_Report: Report on PUGH set up
      [CCTK_INITIAL]
      [CCTK_POSTINITIAL]
      Initialise finer grids recursively
      Restrict from finer grids
      [CCTK_POSTRESTRICTINITIAL]
      [CCTK_POSTPOSTINITIAL]
      [CCTK_POSTSTEP]
    endif
    if (recover initial data)
      [CCTK_BASEGRID]
        CartGrid3D::SpatialSpacings: Set up ranges for spatial 3D Cartesian coordinates (on all grids)
        CartGrid3D::SpatialCoordinates: Set up spatial 3D Cartesian coordinates on the GH
        IOASCII::IOASCII_Choose1D: Choose 1D output lines
        IOASCII::IOASCII_Choose2D: Choose 2D output planes
        PUGH::PUGH_Report: Report on PUGH set up
      [CCTK_RECOVER_VARIABLES]
      [CCTK_POST_RECOVER_VARIABLES]
    endif
    if (checkpoint initial data)
      [CCTK_CPINITIAL]
    endif
    if (analysis)
      [CCTK_ANALYSIS]
  endif
  Output grid variables

  do loop over timesteps
    [CCTK_PREREGRID]
    Change grid hierarchy
    [CCTK_POSTREGRID]
      CartGrid3D::SpatialCoordinates: Set Coordinates after regridding
    Rotate timelevels
    iteration = iteration+1
    t = t+dt
    [CCTK_PRESTEP]
    [CCTK_EVOL]
    Evolve finer grids recursively
    Restrict from finer grids
    [CCTK_POSTRESTRICT]
    [CCTK_POSTSTEP]
    if (checkpoint)
      [CCTK_CHECKPOINT]
    endif
    if (analysis)
      [CCTK_ANALYSIS]
    endif
    Output grid variables
    enddo

  Termination routines
    [CCTK_TERMINATE]
      PUGH::Driver_Terminate: Termination routine

  Shutdown routines
    [CCTK_SHUTDOWN]

  Routines run after changing the grid hierarchy:
    [CCTK_POSTREGRID]
      CartGrid3D::SpatialCoordinates: Set Coordinates after regridding
--------------------------------------------------------------------------------
INFO (hwloc): library version 2.7.0, API version 0x20500
INFO (SystemTopology): MPI process-to-host mapping:
This is MPI process 0 of 1
MPI hosts:
  0: fv-az1538-855
This MPI process runs on host 0 of 1
On this host, this is MPI process 0 of 1
INFO (SystemTopology): Topology support:
Discovery support:
  discovery->pu                            : yes
CPU binding support:
  cpubind->set_thisproc_cpubind            : yes
  cpubind->get_thisproc_cpubind            : yes
  cpubind->set_proc_cpubind                : yes
  cpubind->get_proc_cpubind                : yes
  cpubind->set_thisthread_cpubind          : yes
  cpubind->get_thisthread_cpubind          : yes
  cpubind->set_thread_cpubind              : yes
  cpubind->get_thread_cpubind              : yes
  cpubind->get_thisproc_last_cpu_location  : yes
  cpubind->get_proc_last_cpu_location      : yes
  cpubind->get_thisthread_last_cpu_location: yes
Memory binding support:
  membind->set_thisproc_membind            : no
  membind->get_thisproc_membind            : no
  membind->set_proc_membind                : no
  membind->get_proc_membind                : no
  membind->set_thisthread_membind          : yes
  membind->get_thisthread_membind          : yes
  membind->set_area_membind                : yes
  membind->get_area_membind                : yes
  membind->alloc_membind                   : yes
  membind->firsttouch_membind              : yes
  membind->bind_membind                    : yes
  membind->interleave_membind              : yes
  membind->nexttouch_membind               : no
  membind->migrate_membind                 : yes
INFO (SystemTopology): Hardware objects in this node:
Machine L#0: (P#0, total=16364592KB, DMIProductName="Virtual Machine", DMIProductVersion=7.0, DMIProductUUID=5d4cfb47-a549-bc43-991f-a3492cde229d, DMIBoardVendor="Microsoft Corporation", DMIBoardName="Virtual Machine", DMIBoardVersion=7.0, DMIChassisVendor="Microsoft Corporation", DMIChassisType=3, DMIChassisVersion=7.0, DMIChassisAssetTag=7783-7084-3265-9085-8269-3286-77, DMIBIOSVendor="American Megatrends Inc.", DMIBIOSVersion="090008 ", DMIBIOSDate=12/07/2018, DMISysVendor="Microsoft Corporation", Backend=Linux, LinuxCgroup=/system.slice/runner-provisioner.service, OSName=Linux, OSRelease=6.5.0-1025-azure, OSVersion="#26~22.04.1-Ubuntu SMP Thu Jul 11 22:33:04 UTC 2024", HostName=fv-az1538-855, Architecture=x86_64, hwlocVersion=2.7.0, ProcessName=cactus_sim)
  Package L#0: (P#0, total=16364592KB, CPUVendor=AuthenticAMD, CPUFamilyNumber=25, CPUModelNumber=1, CPUModel="AMD EPYC 7763 64-Core Processor                ", CPUStepping=1)
    L3Cache L#0: (P#0, size=32768KB, linesize=64, ways=16, Inclusive=0)
      L2Cache L#0: (P#0, size=512KB, linesize=64, ways=8, Inclusive=1)
        L1dCache L#0: (P#0, size=32KB, linesize=64, ways=8, Inclusive=0)
          Core L#0: (P#0)
            PU L#0: (P#0)
            PU L#1: (P#1)
      L2Cache L#1: (P#1, size=512KB, linesize=64, ways=8, Inclusive=1)
        L1dCache L#1: (P#1, size=32KB, linesize=64, ways=8, Inclusive=0)
          Core L#1: (P#1)
            PU L#2: (P#2)
            PU L#3: (P#3)
INFO (SystemTopology): Thread CPU bindings:
  MPI process 0 on host 0 (process 0 of 1 on this host)
    OpenMP thread 0: PU set L#{0-3} P#{0-3}
    OpenMP thread 1: PU set L#{0-3} P#{0-3}
INFO (SystemTopology): Setting thread CPU bindings:
INFO (SystemTopology): Thread CPU bindings:
  MPI process 0 on host 0 (process 0 of 1 on this host)
    OpenMP thread 0: PU set L#{0} P#{0}
    OpenMP thread 1: PU set L#{2} P#{2}
INFO (SystemTopology): Extracting CPU/cache/memory properties:
  There are 2 PUs per core (aka hardware SMT threads)
  There are 1 threads per core (aka SMT threads used)
  Cache (unknown name) has type "data" depth 1
    size 32768 linesize 64 associativity 8 stride 4096, for 2 PUs
  Cache (unknown name) has type "unified" depth 2
    size 524288 linesize 64 associativity 8 stride 65536, for 2 PUs
  Cache (unknown name) has type "unified" depth 3
    size 33554432 linesize 64 associativity 16 stride 2097152, for 4 PUs
INFO (PUGH): Using physical to logical mappings: direct
INFO (PUGH): Using topology generator: automatic
INFO (Vectors): Using vector size 2 for architecture SSE2 (64-bit precision)
--------------------------------------------------------------------------------
Driver provided by PUGH
--------------------------------------------------------------------------------

INFO (PUGH): Not setting up a topology for 1 dimensions
INFO (PUGH): Not setting up a topology for 2 dimensions
INFO (PUGH): Setting up a topology for 3 dimensions
INFO (IOASCII): I/O Method 'IOASCII_1D' registered: output of 1D lines of grid functions/arrays to ASCII files
INFO (IOASCII): Periodic 1D output every 1 iterations
INFO (IOASCII): Periodic 1D output requested for 'GRID::r'
INFO (IOASCII): I/O Method 'IOASCII_2D' registered: output of 2D planes of grid functions/arrays to ASCII files
INFO (IOASCII): Periodic 2D output turned off
INFO (IOASCII): I/O Method 'IOASCII_3D' registered: output of 3D grid functions/arrays to ASCII files
INFO (IOASCII): Periodic 3D output turned off
INFO (MemSpeed): Measuring CPU, cache, memory, and communication speeds:
  Single-core measurements (using 1 MPI processes with 1 OpenMP threads each):
    CPU frequency:
      iterations=1000000... time=0.00138748 sec
      iterations=10000000... time=0.0124039 sec
      iterations=100000000... time=0.123854 sec
      iterations=900000000... time=1.11437 sec
      iterations=900000000... time=0.83523 sec
      result: 6.44835 GHz
    CPU floating point performance:
      iterations=1000000... time=0.00198299 sec
      iterations=10000000... time=0.0197235 sec
      iterations=100000000... time=0.1972 sec
      iterations=600000000... time=1.1838 sec
      result: 16.219 Gflop/sec
    CPU integer performance:
      iterations=1000000... time=0.00186939 sec
      iterations=10000000... time=0.0185779 sec
      iterations=100000000... time=0.185529 sec
      iterations=600000000... time=1.1148 sec
      result: 8.61141 Giop/sec
    Read latency of D1 cache (for 2 PUs) (using 1*24576 bytes):
      iterations=1000... time=0.000125224 sec
      iterations=10000... time=0.00124443 sec
      iterations=100000... time=0.0123682 sec
      iterations=1000000... time=0.1237 sec
      iterations=9000000... time=1.11307 sec
      result: 1.23675 nsec
    Read latency of L2 cache (for 2 PUs) (using 1*393216 bytes):
      iterations=1000... time=0.000565558 sec
      iterations=10000... time=0.00525166 sec
      iterations=100000... time=0.0466815 sec
      iterations=1000000... time=0.461693 sec
      iterations=2000000... time=0.925614 sec
      iterations=4000000... time=1.84557 sec
      result: 4.61393 nsec
    Read latency of L3 cache (for 4 PUs) (using 1*25165824 bytes):
      [skipped -- avoiding large-memory benchmarks]
    Read bandwidth of D1 cache (for 2 PUs) (using 1*24576 bytes):
      iterations=1... time=6.62e-07 sec
      iterations=10... time=3.817e-06 sec
      iterations=100... time=2.8584e-05 sec
      iterations=1000... time=0.000249427 sec
      iterations=10000... time=0.00243879 sec
      iterations=100000... time=0.0243536 sec
      iterations=1000000... time=0.243685 sec
      iterations=5000000... time=1.21336 sec
      result: 101.272 GByte/sec
    Read bandwidth of L2 cache (for 2 PUs) (using 1*393216 bytes):
      iterations=1... time=6.893e-06 sec
      iterations=10... time=5.0484e-05 sec
      iterations=100... time=0.000473055 sec
      iterations=1000... time=0.00468525 sec
      iterations=10000... time=0.0450544 sec
      iterations=100000... time=0.457093 sec
      iterations=200000... time=0.904526 sec
      iterations=400000... time=1.81263 sec
      result: 86.7725 GByte/sec
    Read bandwidth of L3 cache (for 4 PUs) (using 1*25165824 bytes):
      [skipped -- avoiding large-memory benchmarks]
    Write latency of D1 cache (for 2 PUs) (using 1*24576 bytes):
      iterations=1000... time=3.035e-06 sec
      iterations=10000... time=3.0998e-05 sec
      iterations=100000... time=0.000254306 sec
      iterations=1000000... time=0.00248479 sec
      iterations=10000000... time=0.0247359 sec
      iterations=100000000... time=0.247438 sec
      iterations=400000000... time=0.990941 sec
      iterations=800000000... time=1.98119 sec
      result: 0.309561 nsec
    Write latency of L2 cache (for 2 PUs) (using 1*393216 bytes):
      iterations=1000... time=1.0039e-05 sec
      iterations=10000... time=0.000113012 sec
      iterations=100000... time=0.00115503 sec
      iterations=1000000... time=0.0113033 sec
      iterations=10000000... time=0.114145 sec
      iterations=100000000... time=1.14326 sec
      result: 1.42908 nsec
    Write latency of L3 cache (for 4 PUs) (using 1*25165824 bytes):
      [skipped -- avoiding large-memory benchmarks]
    Write bandwidth of D1 cache (for 2 PUs) (using 1*24576 bytes):
      iterations=1... time=4.01e-07 sec
      iterations=10... time=3.377e-06 sec
      iterations=100... time=3.5867e-05 sec
      iterations=1000... time=0.000268021 sec
      iterations=10000... time=0.00261454 sec
      iterations=100000... time=0.0260603 sec
      iterations=1000000... time=0.260459 sec
      iterations=4000000... time=1.04203 sec
      result: 94.3394 GByte/sec
    Write bandwidth of L2 cache (for 2 PUs) (using 1*393216 bytes):
      iterations=1... time=7.524e-06 sec
      iterations=10... time=6.925e-05 sec
      iterations=100... time=0.000451856 sec
      iterations=1000... time=0.00429706 sec
      iterations=10000... time=0.0428302 sec
      iterations=100000... time=0.428145 sec
      iterations=300000... time=1.28437 sec
      result: 91.8463 GByte/sec
    Write bandwidth of L3 cache (for 4 PUs) (using 1*25165824 bytes):
      [skipped -- avoiding large-memory benchmarks]
    Stencil code performance of D1 cache (for 2 PUs) (using 1*12^3 grid points, 1*27648 bytes):
      iterations=1... time=4.6026e-05 sec
      iterations=10... time=0.000446856 sec
      iterations=100... time=0.00429657 sec
      iterations=1000... time=0.042752 sec
      iterations=10000... time=0.429768 sec
      iterations=30000... time=1.29906 sec
      result: 0.0399059 Gupdates/sec
    Stencil code performance of L2 cache (for 2 PUs) (using 1*29^3 grid points, 1*390224 bytes):
      iterations=1... time=0.000150452 sec
      iterations=10... time=0.00149642 sec
      iterations=100... time=0.0152841 sec
      iterations=1000... time=0.150323 sec
      iterations=7000... time=1.06377 sec
      result: 0.160488 Gupdates/sec
    Stencil code performance of L3 cache (for 4 PUs) (using 1*116^3 grid points, 1*24974336 bytes):
      iterations=1... time=0.0041947 sec
      iterations=10... time=0.0422503 sec
      iterations=100... time=0.423424 sec
      iterations=300... time=1.26999 sec
      result: 0.368719 Gupdates/sec
  Single-node measurements (using 1 MPI processes with 2 OpenMP threads each):
    CPU frequency:
      iterations=1000000... time=0.00132285 sec
      iterations=10000000... time=0.0124142 sec
      iterations=100000000... time=0.123836 sec
      iterations=900000000... time=1.11599 sec
      iterations=900000000... time=0.835649 sec
      result: 6.42078 GHz
    CPU floating point performance:
      iterations=1000000... time=0.00197734 sec
      iterations=10000000... time=0.0197181 sec
      iterations=100000000... time=0.197309 sec
      iterations=600000000... time=1.18484 sec
      result: 16.2047 Gflop/sec
    CPU integer performance:
      iterations=1000000... time=0.00187555 sec
      iterations=10000000... time=0.0231209 sec
      iterations=100000000... time=0.192225 sec
      iterations=600000000... time=1.11494 sec
      result: 8.61033 Giop/sec
    Read latency of D1 cache (for 2 PUs) (using 2*24576 bytes):
      iterations=1000... time=0.000123811 sec
      iterations=10000... time=0.00123583 sec
      iterations=100000... time=0.0123626 sec
      iterations=1000000... time=0.123672 sec
      iterations=9000000... time=1.11302 sec
      result: 1.23669 nsec
    Read latency of L2 cache (for 2 PUs) (using 2*393216 bytes):
      iterations=1000... time=0.000426663 sec
      iterations=10000... time=0.00393312 sec
      iterations=100000... time=0.0391609 sec
      iterations=1000000... time=0.391234 sec
      iterations=3000000... time=1.18313 sec
      result: 3.94378 nsec
    Read latency of L3 cache (for 4 PUs) (using 1*25165824 bytes):
      [skipped -- avoiding large-memory benchmarks]
    Read bandwidth of D1 cache (for 2 PUs) (using 2*24576 bytes):
      iterations=1... time=4.66e-07 sec
      iterations=10... time=3.272e-06 sec
      iterations=100... time=3.3082e-05 sec
      iterations=1000... time=0.000291896 sec
      iterations=10000... time=0.002511 sec
      iterations=100000... time=0.0242479 sec
      iterations=1000000... time=0.242461 sec
      iterations=5000000... time=1.21432 sec
      result: 101.192 GByte/sec
    Read bandwidth of L2 cache (for 2 PUs) (using 2*393216 bytes):
      iterations=1... time=7.8495e-06 sec
      iterations=10... time=5.11655e-05 sec
      iterations=100... time=0.000481055 sec
      iterations=1000... time=0.00478887 sec
      iterations=10000... time=0.0477377 sec
      iterations=100000... time=0.475734 sec
      iterations=200000... time=0.944935 sec
      iterations=400000... time=1.89534 sec
      result: 82.9859 GByte/sec
    Read bandwidth of L3 cache (for 4 PUs) (using 1*25165824 bytes):
      [skipped -- avoiding large-memory benchmarks]
    Write latency of D1 cache (for 2 PUs) (using 2*24576 bytes):
      iterations=1000... time=3.196e-06 sec
      iterations=10000... time=3.1484e-05 sec
      iterations=100000... time=0.000254797 sec
      iterations=1000000... time=0.00247005 sec
      iterations=10000000... time=0.0247639 sec
      iterations=100000000... time=0.247601 sec
      iterations=400000000... time=0.990585 sec
      iterations=800000000... time=1.98249 sec
      result: 0.309764 nsec
    Write latency of L2 cache (for 2 PUs) (using 2*393216 bytes):
      iterations=1000... time=9.4925e-06 sec
      iterations=10000... time=9.96815e-05 sec
      iterations=100000... time=0.000982098 sec
      iterations=1000000... time=0.00980133 sec
      iterations=10000000... time=0.0980492 sec
      iterations=100000000... time=0.995722 sec
      iterations=200000000... time=1.99267 sec
      result: 1.24542 nsec
    Write latency of L3 cache (for 4 PUs) (using 1*25165824 bytes):
      [skipped -- avoiding large-memory benchmarks]
    Write bandwidth of D1 cache (for 2 PUs) (using 2*24576 bytes):
      iterations=1... time=5.755e-07 sec
      iterations=10... time=3.682e-06 sec
      iterations=100... time=3.57415e-05 sec
      iterations=1000... time=0.000308617 sec
      iterations=10000... time=0.00272051 sec
      iterations=100000... time=0.026915 sec
      iterations=1000000... time=0.268814 sec
      iterations=4000000... time=1.07633 sec
      result: 91.3329 GByte/sec
    Write bandwidth of L2 cache (for 2 PUs) (using 2*393216 bytes):
      iterations=1... time=7.7395e-06 sec
      iterations=10... time=5.9967e-05 sec
      iterations=100... time=0.000558398 sec
      iterations=1000... time=0.00448874 sec
      iterations=10000... time=0.0436742 sec
      iterations=100000... time=0.439749 sec
      iterations=300000... time=1.34314 sec
      result: 87.8273 GByte/sec
    Write bandwidth of L3 cache (for 4 PUs) (using 1*25165824 bytes):
      [skipped -- avoiding large-memory benchmarks]
    Stencil code performance of D1 cache (for 2 PUs) (using 1*12^3 grid points, 1*27648 bytes):
      iterations=1... time=1.03945e-05 sec
      iterations=10... time=0.000114794 sec
      iterations=100... time=0.0011457 sec
      iterations=1000... time=0.0116008 sec
      iterations=10000... time=0.116079 sec
      iterations=90000... time=1.05335 sec
      result: 0.147643 Gupdates/sec
    Stencil code performance of L2 cache (for 2 PUs) (using 1*29^3 grid points, 1*390224 bytes):
      iterations=1... time=4.10065e-05 sec
      iterations=10... time=0.000378327 sec
      iterations=100... time=0.00388695 sec
      iterations=1000... time=0.0394783 sec
      iterations=10000... time=0.390969 sec
      iterations=30000... time=1.18268 sec
      result: 0.618656 Gupdates/sec
    Stencil code performance of L3 cache (for 4 PUs) (using 1*116^3 grid points, 1*24974336 bytes):
      iterations=1... time=0.000925266 sec
      iterations=10... time=0.010675 sec
      iterations=100... time=0.117233 sec
      iterations=900... time=0.955874 sec
      iterations=1800... time=1.91017 sec
      result: 1.47087 Gupdates/sec
INFO (Vectors): Testing vectorisation... [errors may result in segfaults]
INFO (Vectors): 375/375 tests passed 
INFO (CartGrid3D): Grid Spacings:
INFO (CartGrid3D): dx=>1.1111111e-01  dy=>1.1111111e-01  dz=>1.1111111e-01
INFO (CartGrid3D): Computational Coordinates:
INFO (CartGrid3D): x=>[-0.500, 0.500]  y=>[-0.500, 0.500]  z=>[-0.500, 0.500]
INFO (CartGrid3D): Indices of Physical Coordinates:
INFO (CartGrid3D): x=>[0,9]  y=>[0,9]  z=>[0,9]
INFO (PUGH): MPI Evolution on 1 processors
INFO (PUGH): 3-dimensional grid functions
INFO (PUGH):   Size: 10 10 10
INFO (PUGH):   Processor topology: 1 x 1 x 1
INFO (PUGH):   Local load: 1000   [10 x 10 x 10]
INFO (PUGH):   Maximum load skew: 0.000000
--------------------------------------------------------------------------------
Done.
+ echo Stopping:
Stopping:
+ date
Thu Oct 24 19:34:28 UTC 2024
+ echo Done.
Done.
  Elapsed time: 61.6 s
