/home/runner/simulations/TestJob01_temp_1/output-0000/TEST/sim/MemSpeed
Preparing:
+ set -e
+ cd output-0000-active
+ echo Checking:
Checking:
+ pwd
/home/runner/simulations/TestJob01_temp_1/output-0000/TEST/sim/MemSpeed/output-0000-active
+ hostname
fv-az154-830
+ date
Tue Oct  4 17:58:22 UTC 2022
+ echo Environment:
Environment:
+ export CACTUS_NUM_PROCS=1
+ CACTUS_NUM_PROCS=1
+ export CACTUS_NUM_THREADS=2
+ CACTUS_NUM_THREADS=2
+ export GMON_OUT_PREFIX=gmon.out
+ GMON_OUT_PREFIX=gmon.out
+ export OMP_NUM_THREADS=2
+ OMP_NUM_THREADS=2
+ env
+ sort
+ echo Starting:
Starting:
++ date +%s
+ export CACTUS_STARTTIME=1664906302
+ CACTUS_STARTTIME=1664906302
+ '[' 1 = 1 ']'
+ '[' 0 -eq 0 ']'
+ /home/runner/simulations/TestJob01_temp_1/SIMFACTORY/exe/cactus_sim -L 3 /home/runner/simulations/TestJob01_temp_1/output-0000/arrangements/CactusUtils/MemSpeed/test/memspeed.par
INFO (Cactus): Increased logging level from 0 to 3
--------------------------------------------------------------------------------

       10                                  
  1   0101       ************************  
  01  1010 10      The Cactus Code V4.12.0    
 1010 1101 011      www.cactuscode.org     
  1001 100101    ************************  
    00010101                               
     100011     (c) Copyright The Authors  
      0100      GNU Licensed. No Warranty  
      0101                                 
--------------------------------------------------------------------------------

Cactus version:    4.12.0
Compile date:      Oct 04 2022 (17:50:12)
Run date:          Oct 04 2022 (17:58:23+0000)
Run host:          fv-az154-830.kzav01uq0i3u1f1hch3ggm0mbb.bx.internal.cloudapp.net (pid=101650)
Working directory: /home/runner/simulations/TestJob01_temp_1/output-0000/TEST/sim/MemSpeed
Executable:        /home/runner/simulations/TestJob01_temp_1/SIMFACTORY/exe/cactus_sim
Parameter file:    /home/runner/simulations/TestJob01_temp_1/output-0000/arrangements/CactusUtils/MemSpeed/test/memspeed.par
--------------------------------------------------------------------------------

Activating thorn Cactus...Success -> active implementation Cactus
Activation requested for 
--->hwloc MemSpeed SystemTopology CartGrid3D CoordBase IOASCII IOUtil PUGH PUGHSlab<---
Thorn hwloc requests automatic activation of zlib
Thorn MemSpeed requests automatic activation of Vectors
Thorn MemSpeed requests automatic activation of MPI
Activating thorn CartGrid3D...Success -> active implementation grid
Activating thorn CoordBase...Success -> active implementation CoordBase
Activating thorn hwloc...Success -> active implementation hwloc
Activating thorn IOASCII...Success -> active implementation IOASCII
Activating thorn IOUtil...Success -> active implementation IO
Activating thorn MemSpeed...Success -> active implementation MemSpeed
Activating thorn MPI...Success -> active implementation MPI
Activating thorn PUGH...Success -> active implementation Driver
Activating thorn PUGHSlab...Success -> active implementation Hyperslab
Activating thorn SystemTopology...Success -> active implementation SystemTopology
Activating thorn Vectors...Success -> active implementation Vectors
Activating thorn zlib...Success -> active implementation zlib
--------------------------------------------------------------------------------
  if (recover initial data)
    Recover parameters
  endif

  Startup routines
    [CCTK_STARTUP]
      CartGrid3D::SymmetryStartup: Register GH Extension for GridSymmetry
      CoordBase::CoordBase_Startup: Register a GH extension to store the coordinate system handles
      GROUP hwloc_startup: hwloc startup group
        hwloc::hwloc_version: Output hwloc version
      SystemTopology::ST_system_topology: Output and/or modify system topology and hardware locality
      PUGH::Driver_Startup: Startup routine
      PUGH::PUGH_RegisterPUGHP2LRoutines: Register Physical to Logical process mapping routines
      PUGH::PUGH_RegisterPUGHTopologyRoutines: Register topology generation routines routines
      IOUtil::IOUtil_Startup: Startup routine
      Vectors::Vectors_Startup: Print startup message
      IOASCII::IOASCII_Startup: Startup routine

  Startup routines which need an existing grid hierarchy
    [CCTK_WRAGH]
      CartGrid3D::RegisterCartGrid3DCoords: [meta] Register coordinates for the Cartesian grid
      MemSpeed::MemSpeed_MeasureSpeed: [meta] Measure CPU, memory, cache speeds
  Parameter checking routines
    [CCTK_PARAMCHECK]
      CartGrid3D::ParamCheck_CartGrid3D: Check coordinates for CartGrid3D
      Vectors::Vectors_Test: Run correctness tests.

  Initialisation
    if (NOT (recover initial data AND recovery_mode is 'strict'))
      [CCTK_PREREGRIDINITIAL]
      Set up grid hierarchy
      [CCTK_POSTREGRIDINITIAL]
        CartGrid3D::SpatialCoordinates: Set Coordinates after regridding
      [CCTK_BASEGRID]
        CartGrid3D::SpatialSpacings: Set up ranges for spatial 3D Cartesian coordinates (on all grids)
        CartGrid3D::SpatialCoordinates: Set up spatial 3D Cartesian coordinates on the GH
        IOASCII::IOASCII_Choose1D: Choose 1D output lines
        IOASCII::IOASCII_Choose2D: Choose 2D output planes
        PUGH::PUGH_Report: Report on PUGH set up
      [CCTK_INITIAL]
      [CCTK_POSTINITIAL]
      Initialise finer grids recursively
      Restrict from finer grids
      [CCTK_POSTRESTRICTINITIAL]
      [CCTK_POSTPOSTINITIAL]
      [CCTK_POSTSTEP]
    endif
    if (recover initial data)
      [CCTK_BASEGRID]
        CartGrid3D::SpatialSpacings: Set up ranges for spatial 3D Cartesian coordinates (on all grids)
        CartGrid3D::SpatialCoordinates: Set up spatial 3D Cartesian coordinates on the GH
        IOASCII::IOASCII_Choose1D: Choose 1D output lines
        IOASCII::IOASCII_Choose2D: Choose 2D output planes
        PUGH::PUGH_Report: Report on PUGH set up
      [CCTK_RECOVER_VARIABLES]
      [CCTK_POST_RECOVER_VARIABLES]
    endif
    if (checkpoint initial data)
      [CCTK_CPINITIAL]
    endif
    if (analysis)
      [CCTK_ANALYSIS]
  endif
  Output grid variables

  do loop over timesteps
    [CCTK_PREREGRID]
    Change grid hierarchy
    [CCTK_POSTREGRID]
      CartGrid3D::SpatialCoordinates: Set Coordinates after regridding
    Rotate timelevels
    iteration = iteration+1
    t = t+dt
    [CCTK_PRESTEP]
    [CCTK_EVOL]
    Evolve finer grids recursively
    Restrict from finer grids
    [CCTK_POSTRESTRICT]
    [CCTK_POSTSTEP]
    if (checkpoint)
      [CCTK_CHECKPOINT]
    endif
    if (analysis)
      [CCTK_ANALYSIS]
    endif
    Output grid variables
    enddo

  Termination routines
    [CCTK_TERMINATE]
      PUGH::Driver_Terminate: Termination routine

  Shutdown routines
    [CCTK_SHUTDOWN]

  Routines run after changing the grid hierarchy:
    [CCTK_POSTREGRID]
      CartGrid3D::SpatialCoordinates: Set Coordinates after regridding
--------------------------------------------------------------------------------
INFO (hwloc): library version 2.1.0, API version 0x20100
INFO (SystemTopology): MPI process-to-host mapping:
This is MPI process 0 of 1
MPI hosts:
  0: fv-az154-830
This MPI process runs on host 0 of 1
On this host, this is MPI process 0 of 1
INFO (SystemTopology): Topology support:
Discovery support:
  discovery->pu                            : yes
CPU binding support:
  cpubind->set_thisproc_cpubind            : yes
  cpubind->get_thisproc_cpubind            : yes
  cpubind->set_proc_cpubind                : yes
  cpubind->get_proc_cpubind                : yes
  cpubind->set_thisthread_cpubind          : yes
  cpubind->get_thisthread_cpubind          : yes
  cpubind->set_thread_cpubind              : yes
  cpubind->get_thread_cpubind              : yes
  cpubind->get_thisproc_last_cpu_location  : yes
  cpubind->get_proc_last_cpu_location      : yes
  cpubind->get_thisthread_last_cpu_location: yes
Memory binding support:
  membind->set_thisproc_membind            : no
  membind->get_thisproc_membind            : no
  membind->set_proc_membind                : no
  membind->get_proc_membind                : no
  membind->set_thisthread_membind          : yes
  membind->get_thisthread_membind          : yes
  membind->set_area_membind                : yes
  membind->get_area_membind                : yes
  membind->alloc_membind                   : yes
  membind->firsttouch_membind              : yes
  membind->bind_membind                    : yes
  membind->interleave_membind              : yes
  membind->nexttouch_membind               : no
  membind->migrate_membind                 : yes
INFO (SystemTopology): Hardware objects in this node:
Machine L#0: (P#0, total=7110660KB, DMIProductName="Virtual Machine", DMIProductVersion=7.0, DMIProductUUID=ee6fc4dd-0047-7340-8cba-0c366d938f66, DMIBoardVendor="Microsoft Corporation", DMIBoardName="Virtual Machine", DMIBoardVersion=7.0, DMIChassisVendor="Microsoft Corporation", DMIChassisType=3, DMIChassisVersion=7.0, DMIChassisAssetTag=7783-7084-3265-9085-8269-3286-77, DMIBIOSVendor="American Megatrends Inc.", DMIBIOSVersion="090008 ", DMIBIOSDate=12/07/2018, DMISysVendor="Microsoft Corporation", Backend=Linux, LinuxCgroup=/, OSName=Linux, OSRelease=5.15.0-1020-azure, OSVersion="#25~20.04.1-Ubuntu SMP Thu Sep 1 19:20:56 UTC 2022", HostName=fv-az154-830, Architecture=x86_64, hwlocVersion=2.1.0, ProcessName=cactus_sim)
  Package L#0: (P#0, total=7110660KB, CPUVendor=GenuineIntel, CPUFamilyNumber=6, CPUModelNumber=85, CPUModel="Intel(R) Xeon(R) Platinum 8171M CPU @ 2.60GHz", CPUStepping=4)
    L3Cache L#0: (P#-1, size=36608KB, linesize=64, ways=11, Inclusive=0)
      L2Cache L#0: (P#-1, size=1024KB, linesize=64, ways=16, Inclusive=0)
        L1dCache L#0: (P#-1, size=32KB, linesize=64, ways=8, Inclusive=0)
          Core L#0: (P#0)
            PU L#0: (P#0)
      L2Cache L#1: (P#-1, size=1024KB, linesize=64, ways=16, Inclusive=0)
        L1dCache L#1: (P#-1, size=32KB, linesize=64, ways=8, Inclusive=0)
          Core L#1: (P#1)
            PU L#1: (P#1)
INFO (SystemTopology): Thread CPU bindings:
  MPI process 0 on host 0 (process 0 of 1 on this host)
    OpenMP thread 0: PU set L#{0-1} P#{0-1}
    OpenMP thread 1: PU set L#{0-1} P#{0-1}
INFO (SystemTopology): Setting thread CPU bindings:
INFO (SystemTopology): Thread CPU bindings:
  MPI process 0 on host 0 (process 0 of 1 on this host)
    OpenMP thread 0: PU set L#{0} P#{0}
    OpenMP thread 1: PU set L#{1} P#{1}
INFO (SystemTopology): Extracting CPU/cache/memory properties:
  There are 1 PUs per core (aka hardware SMT threads)
  There are 1 threads per core (aka SMT threads used)
  Cache (unknown name) has type "data" depth 1
    size 32768 linesize 64 associativity 8 stride 4096, for 1 PUs
  Cache (unknown name) has type "unified" depth 2
    size 1048576 linesize 64 associativity 16 stride 65536, for 1 PUs
  Cache (unknown name) has type "unified" depth 3
    size 37486592 linesize 64 associativity 11 stride 3407872, for 2 PUs
INFO (PUGH): Using physical to logical mappings: direct
INFO (PUGH): Using topology generator: automatic
INFO (Vectors): Using vector size 2 for architecture SSE2 (64-bit precision)
--------------------------------------------------------------------------------
Driver provided by PUGH
--------------------------------------------------------------------------------

INFO (PUGH): Not setting up a topology for 1 dimensions
INFO (PUGH): Not setting up a topology for 2 dimensions
INFO (PUGH): Setting up a topology for 3 dimensions
INFO (IOASCII): I/O Method 'IOASCII_1D' registered: output of 1D lines of grid functions/arrays to ASCII files
INFO (IOASCII): Periodic 1D output every 1 iterations
INFO (IOASCII): Periodic 1D output requested for 'GRID::r'
INFO (IOASCII): I/O Method 'IOASCII_2D' registered: output of 2D planes of grid functions/arrays to ASCII files
INFO (IOASCII): Periodic 2D output turned off
INFO (IOASCII): I/O Method 'IOASCII_3D' registered: output of 3D grid functions/arrays to ASCII files
INFO (IOASCII): Periodic 3D output turned off
INFO (MemSpeed): Measuring CPU, cache, memory, and communication speeds:
  Single-core measurements (using 1 MPI processes with 1 OpenMP threads each):
    CPU frequency:
      iterations=1000000... time=0.00195873 sec
      iterations=10000000... time=0.0171144 sec
      iterations=100000000... time=0.171717 sec
      iterations=600000000... time=0.974029 sec
      iterations=1200000000... time=1.91976 sec
      iterations=1200000000... time=1.91757 sec
      result: 1096.27 GHz
    CPU floating point performance:
      iterations=1000000... time=0.00352745 sec
      iterations=10000000... time=0.0357128 sec
      iterations=100000000... time=0.3556 sec
      iterations=300000000... time=1.05846 sec
      result: 9.0698 Gflop/sec
    CPU integer performance:
      iterations=1000000... time=0.00242683 sec
      iterations=10000000... time=0.0239432 sec
      iterations=100000000... time=0.237126 sec
      iterations=500000000... time=1.18336 sec
      result: 6.76042 Giop/sec
    Read latency of D1 cache (for 1 PUs) (using 1*24576 bytes):
      iterations=1000... time=0.000161502 sec
      iterations=10000... time=0.00161222 sec
      iterations=100000... time=0.0157086 sec
      iterations=1000000... time=0.158514 sec
      iterations=7000000... time=1.08995 sec
      result: 1.55707 nsec
    Read latency of L2 cache (for 1 PUs) (using 1*786432 bytes):
      iterations=1000... time=0.000660409 sec
      iterations=10000... time=0.00640198 sec
      iterations=100000... time=0.0633336 sec
      iterations=1000000... time=0.622876 sec
      iterations=2000000... time=1.24026 sec
      result: 6.20132 nsec
    Read latency of L3 cache (for 2 PUs) (using 1*28114944 bytes):
      [skipped -- avoiding large-memory benchmarks]
    Read bandwidth of D1 cache (for 1 PUs) (using 1*24576 bytes):
      iterations=1... time=8e-07 sec
      iterations=10... time=3.6e-06 sec
      iterations=100... time=3.41e-05 sec
      iterations=1000... time=0.000341105 sec
      iterations=10000... time=0.00365175 sec
      iterations=100000... time=0.0360628 sec
      iterations=1000000... time=0.360163 sec
      iterations=3000000... time=1.07695 sec
      result: 68.46 GByte/sec
    Read bandwidth of L2 cache (for 1 PUs) (using 1*786432 bytes):
      iterations=1... time=2.09e-05 sec
      iterations=10... time=0.000179902 sec
      iterations=100... time=0.00172762 sec
      iterations=1000... time=0.0182965 sec
      iterations=10000... time=0.186803 sec
      iterations=60000... time=1.093 sec
      result: 43.171 GByte/sec
    Read bandwidth of L3 cache (for 2 PUs) (using 1*28114944 bytes):
      [skipped -- avoiding large-memory benchmarks]
    Write latency of D1 cache (for 1 PUs) (using 1*24576 bytes):
      iterations=1000... time=3.6e-06 sec
      iterations=10000... time=3.26e-05 sec
      iterations=100000... time=0.000321204 sec
      iterations=1000000... time=0.00321874 sec
      iterations=10000000... time=0.0322042 sec
      iterations=100000000... time=0.317798 sec
      iterations=300000000... time=0.93972 sec
      iterations=600000000... time=1.91176 sec
      result: 0.398283 nsec
    Write latency of L2 cache (for 1 PUs) (using 1*786432 bytes):
      iterations=1000... time=2.9901e-05 sec
      iterations=10000... time=0.000172802 sec
      iterations=100000... time=0.00170542 sec
      iterations=1000000... time=0.0168503 sec
      iterations=10000000... time=0.169705 sec
      iterations=60000000... time=1.00228 sec
      result: 2.08808 nsec
    Write latency of L3 cache (for 2 PUs) (using 1*28114944 bytes):
      [skipped -- avoiding large-memory benchmarks]
    Write bandwidth of D1 cache (for 1 PUs) (using 1*24576 bytes):
      iterations=1... time=5e-07 sec
      iterations=10... time=2e-06 sec
      iterations=100... time=1.7401e-05 sec
      iterations=1000... time=0.000171602 sec
      iterations=10000... time=0.00180542 sec
      iterations=100000... time=0.0186841 sec
      iterations=1000000... time=0.181773 sec
      iterations=6000000... time=1.09588 sec
      result: 134.554 GByte/sec
    Write bandwidth of L2 cache (for 1 PUs) (using 1*786432 bytes):
      iterations=1... time=2.79e-05 sec
      iterations=10... time=0.000283404 sec
      iterations=100... time=0.00284114 sec
      iterations=1000... time=0.028185 sec
      iterations=10000... time=0.262933 sec
      iterations=40000... time=0.888989 sec
      iterations=80000... time=1.48518 sec
      result: 42.3615 GByte/sec
    Write bandwidth of L3 cache (for 2 PUs) (using 1*28114944 bytes):
      [skipped -- avoiding large-memory benchmarks]
    Stencil code performance of D1 cache (for 1 PUs) (using 1*12^3 grid points, 1*27648 bytes):
      iterations=1... time=3.13e-05 sec
      iterations=10... time=0.000230903 sec
      iterations=100... time=0.00237473 sec
      iterations=1000... time=0.0238525 sec
      iterations=10000... time=0.239059 sec
      iterations=50000... time=1.19421 sec
      result: 0.0723491 Gupdates/sec
    Stencil code performance of L2 cache (for 1 PUs) (using 1*37^3 grid points, 1*810448 bytes):
      iterations=1... time=0.000220603 sec
      iterations=10... time=0.00195453 sec
      iterations=100... time=0.0192052 sec
      iterations=1000... time=0.194092 sec
      iterations=6000... time=1.16717 sec
      result: 0.260389 Gupdates/sec
    Stencil code performance of L3 cache (for 2 PUs) (using 1*121^3 grid points, 1*28344976 bytes):
      iterations=1... time=0.00475726 sec
      iterations=10... time=0.0459271 sec
      iterations=100... time=0.460719 sec
      iterations=200... time=0.934141 sec
      iterations=400... time=1.8665 sec
      result: 0.379655 Gupdates/sec
  Single-node measurements (using 1 MPI processes with 2 OpenMP threads each):
    CPU frequency:
      iterations=1000000... time=0.00217568 sec
      iterations=10000000... time=0.0156955 sec
      iterations=100000000... time=0.160007 sec
      iterations=700000000... time=1.15616 sec
      iterations=700000000... time=1.16285 sec
      result: -209.421 GHz
    CPU floating point performance:
      iterations=1000000... time=0.00519492 sec
      iterations=10000000... time=0.0383271 sec
      iterations=100000000... time=0.360269 sec
      iterations=300000000... time=1.09715 sec
      result: 8.74995 Gflop/sec
    CPU integer performance:
      iterations=1000000... time=0.0036578 sec
      iterations=10000000... time=0.0256506 sec
      iterations=100000000... time=0.253759 sec
      iterations=400000000... time=0.984923 sec
      iterations=800000000... time=1.96048 sec
      result: 6.529 Giop/sec
    Read latency of D1 cache (for 1 PUs) (using 2*24576 bytes):
      iterations=1000... time=0.000150952 sec
      iterations=10000... time=0.00160837 sec
      iterations=100000... time=0.018194 sec
      iterations=1000000... time=0.162975 sec
      iterations=7000000... time=1.10909 sec
      result: 1.58442 nsec
    Read latency of L2 cache (for 1 PUs) (using 2*786432 bytes):
      iterations=1000... time=0.000690659 sec
      iterations=10000... time=0.00624688 sec
      iterations=100000... time=0.0623572 sec
      iterations=1000000... time=0.629028 sec
      iterations=2000000... time=1.26619 sec
      result: 6.33097 nsec
    Read latency of L3 cache (for 2 PUs) (using 1*28114944 bytes):
      [skipped -- avoiding large-memory benchmarks]
    Read bandwidth of D1 cache (for 1 PUs) (using 2*24576 bytes):
      iterations=1... time=7e-07 sec
      iterations=10... time=3.85e-06 sec
      iterations=100... time=3.675e-05 sec
      iterations=1000... time=0.000366054 sec
      iterations=10000... time=0.00370195 sec
      iterations=100000... time=0.0365595 sec
      iterations=1000000... time=0.366397 sec
      iterations=3000000... time=1.09272 sec
      result: 67.472 GByte/sec
    Read bandwidth of L2 cache (for 1 PUs) (using 2*786432 bytes):
      iterations=1... time=2.1301e-05 sec
      iterations=10... time=0.000188302 sec
      iterations=100... time=0.00187932 sec
      iterations=1000... time=0.0188045 sec
      iterations=10000... time=0.18372 sec
      iterations=60000... time=1.10634 sec
      result: 42.6504 GByte/sec
    Read bandwidth of L3 cache (for 2 PUs) (using 1*28114944 bytes):
      [skipped -- avoiding large-memory benchmarks]
    Write latency of D1 cache (for 1 PUs) (using 2*24576 bytes):
      iterations=1000... time=3.6e-06 sec
      iterations=10000... time=3.2301e-05 sec
      iterations=100000... time=0.000321004 sec
      iterations=1000000... time=0.00323439 sec
      iterations=10000000... time=0.0307327 sec
      iterations=100000000... time=0.320301 sec
      iterations=300000000... time=0.958811 sec
      iterations=600000000... time=1.90495 sec
      result: 0.396865 nsec
    Write latency of L2 cache (for 1 PUs) (using 2*786432 bytes):
      iterations=1000... time=3.495e-05 sec
      iterations=10000... time=0.000174953 sec
      iterations=100000... time=0.00163722 sec
      iterations=1000000... time=0.0165941 sec
      iterations=10000000... time=0.169562 sec
      iterations=60000000... time=1.01337 sec
      result: 2.1112 nsec
    Write latency of L3 cache (for 2 PUs) (using 1*28114944 bytes):
      [skipped -- avoiding large-memory benchmarks]
    Write bandwidth of D1 cache (for 1 PUs) (using 2*24576 bytes):
      iterations=1... time=6.5e-07 sec
      iterations=10... time=2.05e-06 sec
      iterations=100... time=1.75e-05 sec
      iterations=1000... time=0.000173652 sec
      iterations=10000... time=0.00187348 sec
      iterations=100000... time=0.0186322 sec
      iterations=1000000... time=0.188214 sec
      iterations=6000000... time=1.12309 sec
      result: 131.295 GByte/sec
    Write bandwidth of L2 cache (for 1 PUs) (using 2*786432 bytes):
      iterations=1... time=4.4601e-05 sec
      iterations=10... time=0.000337255 sec
      iterations=100... time=0.00329204 sec
      iterations=1000... time=0.0309419 sec
      iterations=10000... time=0.246259 sec
      iterations=40000... time=0.791648 sec
      iterations=80000... time=1.79609 sec
      result: 35.0285 GByte/sec
    Write bandwidth of L3 cache (for 2 PUs) (using 1*28114944 bytes):
      [skipped -- avoiding large-memory benchmarks]
    Stencil code performance of D1 cache (for 1 PUs) (using 2*9^3 grid points, 2*11664 bytes):
      iterations=1... time=3.2e-06 sec
      iterations=10... time=3.06005e-05 sec
      iterations=100... time=0.000317554 sec
      iterations=1000... time=0.00316504 sec
      iterations=10000... time=0.0321458 sec
      iterations=100000... time=0.321624 sec
      iterations=300000... time=0.968439 sec
      iterations=600000... time=1.84944 sec
      result: 0.236504 Gupdates/sec
    Stencil code performance of L2 cache (for 1 PUs) (using 2*29^3 grid points, 2*390224 bytes):
      iterations=1... time=3.23005e-05 sec
      iterations=10... time=0.000303054 sec
      iterations=100... time=0.00301639 sec
      iterations=1000... time=0.030189 sec
      iterations=10000... time=0.303459 sec
      iterations=40000... time=1.21788 sec
      result: 0.80103 Gupdates/sec
    Stencil code performance of L3 cache (for 2 PUs) (using 1*121^3 grid points, 1*28344976 bytes):
      iterations=1... time=0.00114032 sec
      iterations=10... time=0.0113828 sec
      iterations=100... time=0.11091 sec
      iterations=1000... time=1.11365 sec
      result: 1.59077 Gupdates/sec
INFO (Vectors): Testing vectorisation... [errors may result in segfaults]
INFO (Vectors): 375/375 tests passed 
INFO (CartGrid3D): Grid Spacings:
INFO (CartGrid3D): dx=>1.1111111e-01  dy=>1.1111111e-01  dz=>1.1111111e-01
INFO (CartGrid3D): Computational Coordinates:
INFO (CartGrid3D): x=>[-0.500, 0.500]  y=>[-0.500, 0.500]  z=>[-0.500, 0.500]
INFO (CartGrid3D): Indices of Physical Coordinates:
INFO (CartGrid3D): x=>[0,9]  y=>[0,9]  z=>[0,9]
INFO (PUGH): MPI Evolution on 1 processors
INFO (PUGH): 3-dimensional grid functions
INFO (PUGH):   Size: 10 10 10
INFO (PUGH):   Processor topology: 1 x 1 x 1
INFO (PUGH):   Local load: 1000   [10 x 10 x 10]
INFO (PUGH):   Maximum load skew: 0.000000
--------------------------------------------------------------------------------
Done.
+ echo Stopping:
Stopping:
+ date
Tue Oct  4 17:59:26 UTC 2022
+ echo Done.
Done.
  Elapsed time: 63.6 s
