/home/runner/simulations/TestJob01_temp_2/output-0000/TEST/sim/MemSpeed
Preparing:
+ set -e
+ cd output-0000-active
+ echo Checking:
Checking:
+ pwd
/home/runner/simulations/TestJob01_temp_2/output-0000/TEST/sim/MemSpeed/output-0000-active
+ hostname
runnervmw9dnm
+ date
Fri Nov  7 20:15:58 UTC 2025
+ echo Environment:
Environment:
+ export CACTUS_NUM_PROCS=2
+ CACTUS_NUM_PROCS=2
+ export CACTUS_NUM_THREADS=1
+ CACTUS_NUM_THREADS=1
+ export GMON_OUT_PREFIX=gmon.out
+ GMON_OUT_PREFIX=gmon.out
+ export OMP_NUM_THREADS=1
+ OMP_NUM_THREADS=1
+ env
+ sort
+ echo Starting:
Starting:
++ date +%s
+ export CACTUS_STARTTIME=1762546558
+ CACTUS_STARTTIME=1762546558
+ '[' 2 = 1 ']'
+ mpirun -np 2 /home/runner/simulations/TestJob01_temp_2/SIMFACTORY/exe/cactus_sim -L 3 /home/runner/simulations/TestJob01_temp_2/output-0000/arrangements/CactusUtils/MemSpeed/test/memspeed.par
INFO (Cactus): Increased logging level from 0 to 3
--------------------------------------------------------------------------------

       10                                  
  1   0101       ************************  
  01  1010 10      The Cactus Code V4.18.0    
 1010 1101 011      www.cactuscode.org     
  1001 100101    ************************  
    00010101                               
     100011     (c) Copyright The Authors  
      0100      GNU Licensed. No Warranty  
      0101                                 
--------------------------------------------------------------------------------

Cactus version:    4.18.0
Compile date:      Nov 07 2025 (19:48:48)
Run date:          Nov 07 2025 (20:15:59+0000)
Run host:          runnervmw9dnm.w41skhc0wtbelfhr5so31abmxd.cx.internal.cloudapp.net (pid=140281)
Working directory: /home/runner/simulations/TestJob01_temp_2/output-0000/TEST/sim/MemSpeed
Executable:        /home/runner/simulations/TestJob01_temp_2/SIMFACTORY/exe/cactus_sim
Parameter file:    /home/runner/simulations/TestJob01_temp_2/output-0000/arrangements/CactusUtils/MemSpeed/test/memspeed.par
--------------------------------------------------------------------------------

Activating thorn Cactus...Success -> active implementation Cactus
Activation requested for 
--->hwloc MemSpeed SystemTopology CartGrid3D CoordBase IOASCII IOUtil PUGH PUGHSlab<---
Thorn hwloc requests automatic activation of zlib
Thorn MemSpeed requests automatic activation of Vectors
Thorn MemSpeed requests automatic activation of MPI
Activating thorn CartGrid3D...Success -> active implementation grid
Activating thorn CoordBase...Success -> active implementation CoordBase
Activating thorn hwloc...Success -> active implementation hwloc
Activating thorn IOASCII...Success -> active implementation IOASCII
Activating thorn IOUtil...Success -> active implementation IO
Activating thorn MemSpeed...Success -> active implementation MemSpeed
Activating thorn MPI...Success -> active implementation MPI
Activating thorn PUGH...Success -> active implementation Driver
Activating thorn PUGHSlab...Success -> active implementation Hyperslab
Activating thorn SystemTopology...Success -> active implementation SystemTopology
Activating thorn Vectors...Success -> active implementation Vectors
Activating thorn zlib...Success -> active implementation zlib
--------------------------------------------------------------------------------
  if (recover initial data)
    Recover parameters
  endif

  Startup routines
    [CCTK_STARTUP]
      CartGrid3D::SymmetryStartup: Register GH Extension for GridSymmetry
      CoordBase::CoordBase_Startup: Register a GH extension to store the coordinate system handles
      GROUP hwloc_startup: hwloc startup group
        hwloc::hwloc_version: Output hwloc version
      SystemTopology::ST_system_topology: Output and/or modify system topology and hardware locality
      PUGH::Driver_Startup: Startup routine
      PUGH::PUGH_RegisterPUGHP2LRoutines: Register Physical to Logical process mapping routines
      PUGH::PUGH_RegisterPUGHTopologyRoutines: Register topology generation routines routines
      IOUtil::IOUtil_Startup: Startup routine
      Vectors::Vectors_Startup: Print startup message
      IOASCII::IOASCII_Startup: Startup routine

  Startup routines which need an existing grid hierarchy
    [CCTK_WRAGH]
      CartGrid3D::RegisterCartGrid3DCoords: [meta] Register coordinates for the Cartesian grid
      MemSpeed::MemSpeed_MeasureSpeed: [meta] Measure CPU, memory, cache speeds
  Parameter checking routines
    [CCTK_PARAMCHECK]
      CartGrid3D::ParamCheck_CartGrid3D: Check coordinates for CartGrid3D
      Vectors::Vectors_Test: Run correctness tests.

  Initialisation
    if (NOT (recover initial data AND recovery_mode is 'strict'))
      [CCTK_PREREGRIDINITIAL]
      Set up grid hierarchy
      [CCTK_POSTREGRIDINITIAL]
        CartGrid3D::SpatialCoordinates: Set Coordinates after regridding
      [CCTK_BASEGRID]
        CartGrid3D::SpatialSpacings: Set up ranges for spatial 3D Cartesian coordinates (on all grids)
        CartGrid3D::SpatialCoordinates: Set up spatial 3D Cartesian coordinates on the GH
        IOASCII::IOASCII_Choose1D: Choose 1D output lines
        IOASCII::IOASCII_Choose2D: Choose 2D output planes
        PUGH::PUGH_Report: Report on PUGH set up
      [CCTK_INITIAL]
      [CCTK_POSTINITIAL]
      Initialise finer grids recursively
      Restrict from finer grids
      [CCTK_POSTRESTRICTINITIAL]
      [CCTK_POSTPOSTINITIAL]
      [CCTK_POSTSTEP]
    endif
    if (recover initial data)
      [CCTK_BASEGRID]
        CartGrid3D::SpatialSpacings: Set up ranges for spatial 3D Cartesian coordinates (on all grids)
        CartGrid3D::SpatialCoordinates: Set up spatial 3D Cartesian coordinates on the GH
        IOASCII::IOASCII_Choose1D: Choose 1D output lines
        IOASCII::IOASCII_Choose2D: Choose 2D output planes
        PUGH::PUGH_Report: Report on PUGH set up
      [CCTK_RECOVER_VARIABLES]
      [CCTK_POST_RECOVER_VARIABLES]
    endif
    if (checkpoint initial data)
      [CCTK_CPINITIAL]
    endif
    if (analysis)
      [CCTK_ANALYSIS]
  endif
  Output grid variables

  do loop over timesteps
    [CCTK_PREREGRID]
    Change grid hierarchy
    [CCTK_POSTREGRID]
      CartGrid3D::SpatialCoordinates: Set Coordinates after regridding
    Rotate timelevels
    iteration = iteration+1
    t = t+dt
    [CCTK_PRESTEP]
    [CCTK_EVOL]
    Evolve finer grids recursively
    Restrict from finer grids
    [CCTK_POSTRESTRICT]
    [CCTK_POSTSTEP]
    if (checkpoint)
      [CCTK_CHECKPOINT]
    endif
    if (analysis)
      [CCTK_ANALYSIS]
    endif
    Output grid variables
    enddo

  Termination routines
    [CCTK_TERMINATE]
      PUGH::Driver_Terminate: Termination routine

  Shutdown routines
    [CCTK_SHUTDOWN]

  Routines run after changing the grid hierarchy:
    [CCTK_POSTREGRID]
      CartGrid3D::SpatialCoordinates: Set Coordinates after regridding
--------------------------------------------------------------------------------
INFO (hwloc): library version 2.10.0, API version 0x20800
INFO (SystemTopology): MPI process-to-host mapping:
This is MPI process 0 of 2
MPI hosts:
  0: runnervmw9dnm
This MPI process runs on host 0 of 1
On this host, this is MPI process 0 of 2
INFO (SystemTopology): Topology support:
Discovery support:
  discovery->pu                            : yes
CPU binding support:
  cpubind->set_thisproc_cpubind            : yes
  cpubind->get_thisproc_cpubind            : yes
  cpubind->set_proc_cpubind                : yes
  cpubind->get_proc_cpubind                : yes
  cpubind->set_thisthread_cpubind          : yes
  cpubind->get_thisthread_cpubind          : yes
  cpubind->set_thread_cpubind              : yes
  cpubind->get_thread_cpubind              : yes
  cpubind->get_thisproc_last_cpu_location  : yes
  cpubind->get_proc_last_cpu_location      : yes
  cpubind->get_thisthread_last_cpu_location: yes
Memory binding support:
  membind->set_thisproc_membind            : no
  membind->get_thisproc_membind            : no
  membind->set_proc_membind                : no
  membind->get_proc_membind                : no
  membind->set_thisthread_membind          : yes
  membind->get_thisthread_membind          : yes
  membind->set_area_membind                : yes
  membind->get_area_membind                : yes
  membind->alloc_membind                   : yes
  membind->firsttouch_membind              : yes
  membind->bind_membind                    : yes
  membind->interleave_membind              : yes
  membind->nexttouch_membind               : no
  membind->migrate_membind                 : yes
INFO (SystemTopology): Hardware objects in this node:
Machine L#0: (P#0, total=16379472KB, DMIProductName="Virtual Machine", DMIProductVersion=7.0, DMIProductUUID=7f5dc1ce-db74-2945-be52-26d067c7a6b0, DMIBoardVendor="Microsoft Corporation", DMIBoardName="Virtual Machine", DMIBoardVersion=7.0, DMIChassisVendor="Microsoft Corporation", DMIChassisType=3, DMIChassisVersion=7.0, DMIChassisAssetTag=7783-7084-3265-9085-8269-3286-77, DMIBIOSVendor="American Megatrends Inc.", DMIBIOSVersion="090008 ", DMIBIOSDate=12/07/2018, DMISysVendor="Microsoft Corporation", Backend=Linux, LinuxCgroup=/system.slice/hosted-compute-agent.service, OSName=Linux, OSRelease=6.11.0-1018-azure, OSVersion="#18~24.04.1-Ubuntu SMP Sat Jun 28 04:46:03 UTC 2025", HostName=runnervmw9dnm, Architecture=x86_64, hwlocVersion=2.10.0, ProcessName=cactus_sim)
  Package L#0: (P#0, total=16379472KB, CPUVendor=AuthenticAMD, CPUFamilyNumber=25, CPUModelNumber=1, CPUModel="AMD EPYC 7763 64-Core Processor                ", CPUStepping=1)
    L3Cache L#0: (P#0, size=32768KB, linesize=64, ways=16, Inclusive=0)
      L2Cache L#0: (P#0, size=512KB, linesize=64, ways=8, Inclusive=1)
        L1dCache L#0: (P#0, size=32KB, linesize=64, ways=8, Inclusive=0)
          Core L#0: (P#0)
            PU L#0: (P#0)
            PU L#1: (P#1)
      L2Cache L#1: (P#1, size=512KB, linesize=64, ways=8, Inclusive=1)
        L1dCache L#1: (P#1, size=32KB, linesize=64, ways=8, Inclusive=0)
          Core L#1: (P#1)
            PU L#2: (P#2)
            PU L#3: (P#3)
INFO (SystemTopology): Thread CPU bindings:
  MPI process 0 on host 0 (process 0 of 2 on this host)
    OpenMP thread 0: PU set L#{0-1} P#{0-1}
  MPI process 1 on host 0 (process 1 of 2 on this host)
    OpenMP thread 0: PU set L#{2-3} P#{2-3}
INFO (SystemTopology): Setting thread CPU bindings:
INFO (SystemTopology): Thread CPU bindings:
  MPI process 0 on host 0 (process 0 of 2 on this host)
    OpenMP thread 0: PU set L#{0} P#{0}
  MPI process 1 on host 0 (process 1 of 2 on this host)
    OpenMP thread 0: PU set L#{2} P#{2}
INFO (SystemTopology): Extracting CPU/cache/memory properties:
  There are 2 PUs per core (aka hardware SMT threads)
  There are 1 threads per core (aka SMT threads used)
  Cache (unknown name) has type "data" depth 1
    size 32768 linesize 64 associativity 8 stride 4096, for 2 PUs
  Cache (unknown name) has type "unified" depth 2
    size 524288 linesize 64 associativity 8 stride 65536, for 2 PUs
  Cache (unknown name) has type "unified" depth 3
    size 33554432 linesize 64 associativity 16 stride 2097152, for 4 PUs
INFO (PUGH): Using physical to logical mappings: direct
INFO (PUGH): Using topology generator: automatic
INFO (Vectors): Using vector size 2 for architecture SSE2 (64-bit precision)
--------------------------------------------------------------------------------
Driver provided by PUGH
--------------------------------------------------------------------------------

INFO (PUGH): Not setting up a topology for 1 dimensions
INFO (PUGH): Not setting up a topology for 2 dimensions
INFO (PUGH): Setting up a topology for 3 dimensions
INFO (IOASCII): I/O Method 'IOASCII_1D' registered: output of 1D lines of grid functions/arrays to ASCII files
INFO (IOASCII): Periodic 1D output every 1 iterations
INFO (IOASCII): Periodic 1D output requested for 'GRID::r'
INFO (IOASCII): I/O Method 'IOASCII_2D' registered: output of 2D planes of grid functions/arrays to ASCII files
INFO (IOASCII): Periodic 2D output turned off
INFO (IOASCII): I/O Method 'IOASCII_3D' registered: output of 3D grid functions/arrays to ASCII files
INFO (IOASCII): Periodic 3D output turned off
INFO (MemSpeed): Measuring CPU, cache, memory, and communication speeds:
  Single-core measurements (using 1 MPI processes with 1 OpenMP threads each):
    CPU frequency:
      iterations=1000000... time=0.00126384 sec
      iterations=10000000... time=0.0124624 sec
      iterations=100000000... time=0.124553 sec
      iterations=900000000... time=1.12061 sec
      iterations=900000000... time=0.841664 sec
      result: 6.45288 GHz
    CPU floating point performance:
      iterations=1000000... time=0.00199967 sec
      iterations=10000000... time=0.0198904 sec
      iterations=100000000... time=0.199892 sec
      iterations=600000000... time=1.19329 sec
      result: 16.0899 Gflop/sec
    CPU integer performance:
      iterations=1000000... time=0.00158002 sec
      iterations=10000000... time=0.0156213 sec
      iterations=100000000... time=0.15565 sec
      iterations=700000000... time=1.09179 sec
      result: 10.2584 Giop/sec
    Read latency of D1 cache (for 2 PUs) (using 1*24576 bytes):
      iterations=1000... time=0.000124642 sec
      iterations=10000... time=0.00125879 sec
      iterations=100000... time=0.0124531 sec
      iterations=1000000... time=0.124426 sec
      iterations=9000000... time=1.11955 sec
      result: 1.24394 nsec
    Read latency of L2 cache (for 2 PUs) (using 1*393216 bytes):
      iterations=1000... time=0.000556366 sec
      iterations=10000... time=0.00500981 sec
      iterations=100000... time=0.0491756 sec
      iterations=1000000... time=0.493774 sec
      iterations=2000000... time=0.984476 sec
      iterations=4000000... time=1.97138 sec
      result: 4.92844 nsec
    Read latency of L3 cache (for 4 PUs) (using 1*25165824 bytes):
      [skipped -- avoiding large-memory benchmarks]
    Read bandwidth of D1 cache (for 2 PUs) (using 1*24576 bytes):
      iterations=1... time=5.31e-07 sec
      iterations=10... time=4.228e-06 sec
      iterations=100... time=3.7189e-05 sec
      iterations=1000... time=0.000255547 sec
      iterations=10000... time=0.00246607 sec
      iterations=100000... time=0.0245744 sec
      iterations=1000000... time=0.245293 sec
      iterations=4000000... time=0.980871 sec
      iterations=8000000... time=1.96442 sec
      result: 100.084 GByte/sec
    Read bandwidth of L2 cache (for 2 PUs) (using 1*393216 bytes):
      iterations=1... time=8.236e-06 sec
      iterations=10... time=6.2126e-05 sec
      iterations=100... time=0.000544725 sec
      iterations=1000... time=0.00516492 sec
      iterations=10000... time=0.0522236 sec
      iterations=100000... time=0.518081 sec
      iterations=200000... time=1.03661 sec
      result: 75.8657 GByte/sec
    Read bandwidth of L3 cache (for 4 PUs) (using 1*25165824 bytes):
      [skipped -- avoiding large-memory benchmarks]
    Write latency of D1 cache (for 2 PUs) (using 1*24576 bytes):
      iterations=1000... time=3.807e-06 sec
      iterations=10000... time=3.229e-05 sec
      iterations=100000... time=0.000255667 sec
      iterations=1000000... time=0.00253739 sec
      iterations=10000000... time=0.0249492 sec
      iterations=100000000... time=0.249118 sec
      iterations=400000000... time=0.997282 sec
      iterations=800000000... time=1.99522 sec
      result: 0.311752 nsec
    Write latency of L2 cache (for 2 PUs) (using 1*393216 bytes):
      iterations=1000... time=1.9296e-05 sec
      iterations=10000... time=0.000103693 sec
      iterations=100000... time=0.00100848 sec
      iterations=1000000... time=0.00999615 sec
      iterations=10000000... time=0.101 sec
      iterations=100000000... time=1.00726 sec
      result: 1.25908 nsec
    Write latency of L3 cache (for 4 PUs) (using 1*25165824 bytes):
      [skipped -- avoiding large-memory benchmarks]
    Write bandwidth of D1 cache (for 2 PUs) (using 1*24576 bytes):
      iterations=1... time=6.41e-07 sec
      iterations=10... time=5.14e-06 sec
      iterations=100... time=4.1838e-05 sec
      iterations=1000... time=0.000294489 sec
      iterations=10000... time=0.00280172 sec
      iterations=100000... time=0.0279548 sec
      iterations=1000000... time=0.280022 sec
      iterations=4000000... time=1.11617 sec
      result: 88.0725 GByte/sec
    Write bandwidth of L2 cache (for 2 PUs) (using 1*393216 bytes):
      iterations=1... time=1.0309e-05 sec
      iterations=10... time=5.9601e-05 sec
      iterations=100... time=0.000567406 sec
      iterations=1000... time=0.00523085 sec
      iterations=10000... time=0.0501021 sec
      iterations=100000... time=0.491616 sec
      iterations=200000... time=0.980956 sec
      iterations=400000... time=1.95566 sec
      result: 80.4263 GByte/sec
    Write bandwidth of L3 cache (for 4 PUs) (using 1*25165824 bytes):
      [skipped -- avoiding large-memory benchmarks]
    Stencil code performance of D1 cache (for 2 PUs) (using 1*12^3 grid points, 1*27648 bytes):
      iterations=1... time=4.0426e-05 sec
      iterations=10... time=0.000301681 sec
      iterations=100... time=0.00296897 sec
      iterations=1000... time=0.0303624 sec
      iterations=10000... time=0.301302 sec
      iterations=40000... time=1.20583 sec
      result: 0.0573215 Gupdates/sec
    Stencil code performance of L2 cache (for 2 PUs) (using 1*29^3 grid points, 1*390224 bytes):
      iterations=1... time=0.000146132 sec
      iterations=10... time=0.00150863 sec
      iterations=100... time=0.0150604 sec
      iterations=1000... time=0.151295 sec
      iterations=7000... time=1.0828 sec
      result: 0.157667 Gupdates/sec
    Stencil code performance of L3 cache (for 4 PUs) (using 1*116^3 grid points, 1*24974336 bytes):
      iterations=1... time=0.00393656 sec
      iterations=10... time=0.0390327 sec
      iterations=100... time=0.395808 sec
      iterations=300... time=1.17279 sec
      result: 0.399279 Gupdates/sec
  Single-node measurements (using 2 MPI processes with 1 OpenMP threads each):
    CPU frequency:
      iterations=1000000... time=0.00125981 sec
      iterations=10000000... time=0.0124506 sec
      iterations=100000000... time=0.125814 sec
      iterations=900000000... time=1.12044 sec
      iterations=900000000... time=0.8406 sec
      result: 6.43228 GHz
    CPU floating point performance:
      iterations=1000000... time=0.0019942 sec
      iterations=10000000... time=0.0199122 sec
      iterations=100000000... time=0.198363 sec
      iterations=600000000... time=1.19034 sec
      result: 16.1298 Gflop/sec
    CPU integer performance:
      iterations=1000000... time=0.00158601 sec
      iterations=10000000... time=0.0155507 sec
      iterations=100000000... time=0.155548 sec
      iterations=700000000... time=1.09209 sec
      result: 10.2556 Giop/sec
    Read latency of D1 cache (for 2 PUs) (using 2*24576 bytes):
      iterations=1000... time=0.000125874 sec
      iterations=10000... time=0.00124882 sec
      iterations=100000... time=0.0124359 sec
      iterations=1000000... time=0.124391 sec
      iterations=9000000... time=1.11907 sec
      result: 1.24341 nsec
    Read latency of L2 cache (for 2 PUs) (using 2*393216 bytes):
      iterations=1000... time=0.00053443 sec
      iterations=10000... time=0.00491399 sec
      iterations=100000... time=0.0482477 sec
      iterations=1000000... time=0.48273 sec
      iterations=2000000... time=0.962505 sec
      iterations=4000000... time=1.91851 sec
      result: 4.79628 nsec
    Read latency of L3 cache (for 4 PUs) (using 1*25165824 bytes):
      [skipped -- too many MPI processes]
    Read bandwidth of D1 cache (for 2 PUs) (using 2*24576 bytes):
      iterations=1... time=4.605e-07 sec
      iterations=10... time=3.2265e-06 sec
      iterations=100... time=3.34075e-05 sec
      iterations=1000... time=0.000255726 sec
      iterations=10000... time=0.0024784 sec
      iterations=100000... time=0.0245109 sec
      iterations=1000000... time=0.244988 sec
      iterations=4000000... time=0.981339 sec
      iterations=8000000... time=1.9621 sec
      result: 100.203 GByte/sec
    Read bandwidth of L2 cache (for 2 PUs) (using 2*393216 bytes):
      iterations=1... time=1.1386e-05 sec
      iterations=10... time=0.000121135 sec
      iterations=100... time=0.000606018 sec
      iterations=1000... time=0.00578667 sec
      iterations=10000... time=0.0521445 sec
      iterations=100000... time=0.549164 sec
      iterations=200000... time=1.01641 sec
      result: 77.3737 GByte/sec
    Read bandwidth of L3 cache (for 4 PUs) (using 1*25165824 bytes):
      [skipped -- too many MPI processes]
    Write latency of D1 cache (for 2 PUs) (using 2*24576 bytes):
      iterations=1000... time=3.4765e-06 sec
      iterations=10000... time=3.14085e-05 sec
      iterations=100000... time=0.000257991 sec
      iterations=1000000... time=0.00252394 sec
      iterations=10000000... time=0.0248771 sec
      iterations=100000000... time=0.248761 sec
      iterations=400000000... time=0.994896 sec
      iterations=800000000... time=1.99238 sec
      result: 0.311309 nsec
    Write latency of L2 cache (for 2 PUs) (using 2*393216 bytes):
      iterations=1000... time=3.03915e-05 sec
      iterations=10000... time=0.000129016 sec
      iterations=100000... time=0.00104318 sec
      iterations=1000000... time=0.0101156 sec
      iterations=10000000... time=0.102131 sec
      iterations=100000000... time=1.03006 sec
      result: 1.28758 nsec
    Write latency of L3 cache (for 4 PUs) (using 1*25165824 bytes):
      [skipped -- too many MPI processes]
    Write bandwidth of D1 cache (for 2 PUs) (using 2*24576 bytes):
      iterations=1... time=5.31e-07 sec
      iterations=10... time=4.8195e-06 sec
      iterations=100... time=3.9649e-05 sec
      iterations=1000... time=0.000286774 sec
      iterations=10000... time=0.00280245 sec
      iterations=100000... time=0.0278269 sec
      iterations=1000000... time=0.278778 sec
      iterations=4000000... time=1.11343 sec
      result: 88.2897 GByte/sec
    Write bandwidth of L2 cache (for 2 PUs) (using 2*393216 bytes):
      iterations=1... time=1.608e-05 sec
      iterations=10... time=0.000101223 sec
      iterations=100... time=0.000572602 sec
      iterations=1000... time=0.00521019 sec
      iterations=10000... time=0.0479542 sec
      iterations=100000... time=0.46928 sec
      iterations=200000... time=0.94203 sec
      iterations=400000... time=1.88046 sec
      result: 83.6424 GByte/sec
    Write bandwidth of L3 cache (for 4 PUs) (using 1*25165824 bytes):
      [skipped -- too many MPI processes]
    Stencil code performance of D1 cache (for 2 PUs) (using 1*12^3 grid points, 1*27648 bytes):
      [skipped -- too many MPI processes]
    Stencil code performance of L2 cache (for 2 PUs) (using 1*29^3 grid points, 1*390224 bytes):
      [skipped -- too many MPI processes]
    Stencil code performance of L3 cache (for 4 PUs) (using 1*116^3 grid points, 1*24974336 bytes):
      [skipped -- too many MPI processes]
  Single-node measurements:
    MPI latency: 671 nsec
    MPI bandwidth: 14.0269 GByte/sec
INFO (Vectors): Testing vectorisation... [errors may result in segfaults]
INFO (Vectors): 375/375 tests passed 
INFO (CartGrid3D): Grid Spacings:
INFO (CartGrid3D): dx=>1.1111111e-01  dy=>1.1111111e-01  dz=>1.1111111e-01
INFO (CartGrid3D): Computational Coordinates:
INFO (CartGrid3D): x=>[-0.500, 0.500]  y=>[-0.500, 0.500]  z=>[-0.500, 0.500]
INFO (CartGrid3D): Indices of Physical Coordinates:
INFO (CartGrid3D): x=>[0,9]  y=>[0,9]  z=>[0,9]
INFO (PUGH): MPI Evolution on 2 processors
INFO (PUGH): 3-dimensional grid functions
INFO (PUGH):  10
INFO (PUGH):  1
INFO (PUGH): 10]
INFO (PUGH):   Maximum load skew: 0.000000
--------------------------------------------------------------------------------
Done.
+ echo Stopping:
Stopping:
+ date
Fri Nov  7 20:16:51 UTC 2025
+ echo Done.
Done.
  Elapsed time: 53.1 s
