/home/runner/simulations/TestJob01_temp_1/output-0000/TEST/sim/BoxInBox
Preparing:
+ set -e
+ cd output-0000-active
+ echo Checking:
Checking:
+ pwd
/home/runner/simulations/TestJob01_temp_1/output-0000/TEST/sim/BoxInBox/output-0000-active
+ hostname
runnervmwhb2z
+ date
Wed Oct 22 14:37:50 UTC 2025
+ echo Environment:
Environment:
+ export CACTUS_NUM_PROCS=1
+ CACTUS_NUM_PROCS=1
+ export CACTUS_NUM_THREADS=2
+ CACTUS_NUM_THREADS=2
+ export GMON_OUT_PREFIX=gmon.out
+ GMON_OUT_PREFIX=gmon.out
+ export OMP_NUM_THREADS=2
+ OMP_NUM_THREADS=2
+ env
+ sort
+ echo Starting:
Starting:
++ date +%s
+ export CACTUS_STARTTIME=1761143870
+ CACTUS_STARTTIME=1761143870
+ '[' 1 = 1 ']'
+ '[' 0 -eq 0 ']'
+ /home/runner/simulations/TestJob01_temp_1/SIMFACTORY/exe/cactus_sim -L 3 /home/runner/simulations/TestJob01_temp_1/output-0000/arrangements/CarpetX/BoxInBox/test/regions3.par
INFO (Cactus): Increased logging level from 0 to 3
--------------------------------------------------------------------------------

       10                                  
  1   0101       ************************  
  01  1010 10      The Cactus Code V4.18.0    
 1010 1101 011      www.cactuscode.org     
  1001 100101    ************************  
    00010101                               
     100011     (c) Copyright The Authors  
      0100      GNU Licensed. No Warranty  
      0101                                 
--------------------------------------------------------------------------------

Cactus version:    4.18.0
Compile date:      Oct 22 2025 (14:35:52)
Run date:          Oct 22 2025 (14:37:51+0000)
Run host:          runnervmwhb2z (pid=133626)
Working directory: /home/runner/simulations/TestJob01_temp_1/output-0000/TEST/sim/BoxInBox
Executable:        /home/runner/simulations/TestJob01_temp_1/SIMFACTORY/exe/cactus_sim
Parameter file:    /home/runner/simulations/TestJob01_temp_1/output-0000/arrangements/CarpetX/BoxInBox/test/regions3.par
--------------------------------------------------------------------------------

Activating thorn Cactus...Success -> active implementation Cactus
Activation requested for 
--->BoxInBox CarpetX CarpetXRegrid CoordinatesX IOUtil<---
Thorn BoxInBox requests automatic activation of Loop
Thorn CarpetX requests automatic activation of AMReX
Thorn CarpetX requests automatic activation of MPI
Thorn CarpetX requests automatic activation of yaml_cpp
Thorn CarpetX requests automatic activation of zlib
Thorn CarpetX requests automatic activation of Arith
Thorn CarpetX requests automatic activation of ADIOS2
Thorn CarpetX requests automatic activation of openPMD
Thorn CarpetX requests automatic activation of Silo
Thorn ADIOS2 requests automatic activation of CMake
Thorn Arith requests automatic activation of NSIMD
Thorn MPI requests automatic activation of hwloc
Thorn openPMD requests automatic activation of HDF5
Activating thorn ADIOS2...Success -> active implementation ADIOS2
Activating thorn AMReX...Success -> active implementation AMReX
Activating thorn Arith...Success -> active implementation Arith
Activating thorn BoxInBox...Success -> active implementation BoxInBox
Activating thorn CarpetX...Success -> active implementation Driver
Activating thorn CarpetXRegrid...Success -> active implementation CarpetXRegrid
Activating thorn CMake...Success -> active implementation CMake
Activating thorn CoordinatesX...Success -> active implementation CoordinatesX
Activating thorn HDF5...Success -> active implementation HDF5
Activating thorn hwloc...Success -> active implementation hwloc
Activating thorn IOUtil...Success -> active implementation IO
Activating thorn Loop...Success -> active implementation Loop
Activating thorn MPI...Success -> active implementation MPI
Activating thorn NSIMD...Success -> active implementation NSIMD
Activating thorn openPMD...Success -> active implementation openPMD
Activating thorn Silo...Success -> active implementation Silo
Activating thorn yaml_cpp...Success -> active implementation yaml_cpp
Activating thorn zlib...Success -> active implementation zlib
INFO (hwloc): library version 2.10.0, API version 0x20800
--------------------------------------------------------------------------------

  [34m  ▕▏  [34m  ▕▏  [34m  ▕▏  [34m  ▕▏  [34m  ▕▏  [34m  ▕▏  [34m  ▕▏  [34m  ▕▏  [34m  ▕▏  [39m  
  [34m──██──[34m──██──[34m──██──[34m──██──[34m──██──[34m──██──[34m──██──[34m──██──[34m──██──[39m  
  [34m  ▕▏  [34m  ▕▏  [34m  ▕▏  [34m  ▕▏  [34m  ▕▏  [34m  ▕▏  [34m  ▕▏  [34m  ▕▏  [34m  ▕▏  [39m  
  [34m  ▕▏  [32m██████[34m  ▕▏  [34m  ▕▏  [32m██████[34m  ▕▏  [34m  ▕▏  [32m██████[34m  ▕▏  [39m  
  [34m──██──[32m██████[34m──██──[34m──██──[32m██████[34m──██──[34m──██──[32m██████[34m──██──[39m  
  [34m  ▕▏  [32m██████[34m  ▕▏  [34m  ▕▏  [32m██████[34m  ▕▏  [34m  ▕▏  [32m██████[34m  ▕▏  [39m  
  [34m  ▕▏  [34m  ▕▏  [34m  ▕▏  [34m  ▕▏  [34m  ▕▏  [34m  ▕▏  [34m  ▕▏  [34m  ▕▏  [34m  ▕▏  [39m  
  [34m──██──[34m──██──[34m──██──[34m──██──[34m──██──[34m──██──[34m──██──[34m──██──[34m──██──[39m  
  [34m  ▕▏  [34m  ▕▏  [34m  ▕▏  [34m  ▕▏  [34m  ▕▏  [34m  ▕▏  [34m  ▕▏  [34m  ▕▏  [34m  ▕▏  [39m  
  [34m  ▕▏  [34m  ▕▏  [34m  ▕▏  [31m██████[31m██████[31m██████[34m  ▕▏  [34m  ▕▏  [34m  ▕▏  [39m  
  [34m──██──[34m──██──[34m──██──[31m██████[31m██████[31m██████[34m──██──[34m──██──[34m──██──[39m  
  [34m  ▕▏  [34m  ▕▏  [34m  ▕▏  [31m██████[31m██████[31m██████[34m  ▕▏  [34m  ▕▏  [34m  ▕▏  [39m  
  [34m  ▕▏  [32m██████[34m  ▕▏  [31m██████[31m██████[31m██████[34m  ▕▏  [32m██████[34m  ▕▏  [39m  
  [34m──██──[32m██████[34m──██──[31m██████[31m██████[31m██████[34m──██──[32m██████[34m──██──[39m  
  [34m  ▕▏  [32m██████[34m  ▕▏  [31m██████[31m██████[31m██████[34m  ▕▏  [32m██████[34m  ▕▏  [39m  
  [34m  ▕▏  [34m  ▕▏  [34m  ▕▏  [31m██████[31m██████[31m██████[34m  ▕▏  [34m  ▕▏  [34m  ▕▏  [39m  
  [34m──██──[34m──██──[34m──██──[31m██████[31m██████[31m██████[34m──██──[34m──██──[34m──██──[39m  
  [34m  ▕▏  [34m  ▕▏  [34m  ▕▏  [31m██████[31m██████[31m██████[34m  ▕▏  [34m  ▕▏  [34m  ▕▏  [39m  
  [34m  ▕▏  [34m  ▕▏  [34m  ▕▏  [34m  ▕▏  [34m  ▕▏  [34m  ▕▏  [34m  ▕▏  [34m  ▕▏  [34m  ▕▏  [39m  
  [34m──██──[34m──██──[34m──██──[34m──██──[34m──██──[34m──██──[34m──██──[34m──██──[34m──██──[39m  
  [34m  ▕▏  [34m  ▕▏  [34m  ▕▏  [34m  ▕▏  [34m  ▕▏  [34m  ▕▏  [34m  ▕▏  [34m  ▕▏  [34m  ▕▏  [39m  
  [34m  ▕▏  [32m██████[34m  ▕▏  [34m  ▕▏  [32m██████[34m  ▕▏  [34m  ▕▏  [32m██████[34m  ▕▏  [39m  
  [34m──██──[32m██████[34m──██──[34m──██──[32m██████[34m──██──[34m──██──[32m██████[34m──██──[39m  
  [34m  ▕▏  [32m██████[34m  ▕▏  [34m  ▕▏  [32m██████[34m  ▕▏  [34m  ▕▏  [32m██████[34m  ▕▏  [39m  
  [34m  ▕▏  [34m  ▕▏  [34m  ▕▏  [34m  ▕▏  [34m  ▕▏  [34m  ▕▏  [34m  ▕▏  [34m  ▕▏  [34m  ▕▏  [39m  
  [34m──██──[34m──██──[34m──██──[34m──██──[34m──██──[34m──██──[34m──██──[34m──██──[34m──██──[39m  
  [34m  ▕▏  [34m  ▕▏  [34m  ▕▏  [34m  ▕▏  [34m  ▕▏  [34m  ▕▏  [34m  ▕▏  [34m  ▕▏  [34m  ▕▏  [39m  

AMR driver provided by CarpetX,
using AMReX 24.10 (MPI, OpenMP, no accelerators, debug)
--------------------------------------------------------------------------------

Initializing AMReX (24.10)...
MPI initialized with 1 MPI processes
MPI initialized with thread support level 2
OMP initialized with 2 OMP threads
AMReX (24.10) initialized
INFO (CarpetX): 
Symmetries:
  lower x: none
  lower y: none
  lower z: none
  upper x: none
  upper y: none
  upper z: none
Default boundaries:
  lower x: dirichlet
  lower y: dirichlet
  lower z: dirichlet
  upper x: dirichlet
  upper y: dirichlet
  upper z: dirichlet
INFO (Arith): Test_smallvector
INFO (Arith): Test_spvect
INFO (CarpetX): Setting initial values for max_grid_size values for all levels
INFO (CarpetX): Setting up initial conditions...
INFO (CarpetX): Iteration: 0   time: 0   delta_time: 0.015625
INFO (CarpetX): Patch 0:
INFO (CarpetX):   Grid extent:
INFO (CarpetX):     gsh=[67,67,67]
INFO (CarpetX):     blocking_factor=[8,8,8]
INFO (CarpetX):     max_grid_size=[32,32,32]
INFO (CarpetX):     max_tile_size=[1024000,16,32]
INFO (CarpetX):   Domain extent:
INFO (CarpetX):     xmin=[-1,-1,-1]
INFO (CarpetX):     xmax=[1,1,1]
INFO (CarpetX):     base dx=[0.03125,0.03125,0.03125]
INFO (CarpetX): Initializing level 0...
INFO (CarpetX): Regridding...
INFO (CarpetX):   level 0: 8 boxes, 262144 cells (100%)
INFO (CarpetX):   level 1: 12 boxes, 393216 cells (18.75%, 19%)
INFO (CarpetX): Iteration: 0   time: 0   delta_time: 0.0078125
INFO (CarpetX): Initializing level 1...
INFO (CarpetX): Regridding...
INFO (CarpetX):   level 0: 8 boxes, 262144 cells (100%)
INFO (CarpetX):   level 1: 12 boxes, 393216 cells (18.75%, 19%)
INFO (CarpetX):   level 2: 2 boxes, 65536 cells (0.3906%, 2%)
INFO (CarpetX): Iteration: 0   time: 0   delta_time: 0.00390625
INFO (CarpetX): Initializing level 2...
INFO (CarpetX): Regridding...
INFO (CarpetX):   level 0: 8 boxes, 262144 cells (100%)
INFO (CarpetX):   level 1: 12 boxes, 393216 cells (18.75%, 19%)
INFO (CarpetX):   level 2: 2 boxes, 65536 cells (0.3906%, 2%)
INFO (CarpetX): Initialized 3 levels
INFO (CarpetX): OutputGH: iteration 0, time 0.000000, run time 1 s
INFO (CarpetX): OutputGH done.
INFO (CarpetX): Starting evolution...
INFO (CarpetX): Regridding...
INFO (CarpetX): Setting max_grid_size values for all levels before regridding
INFO (CarpetX):   old levels 3, new levels 3
INFO (CarpetX):   level 0: 8 boxes, 262144 cells (100%)
INFO (CarpetX):   level 1: 12 boxes, 393216 cells (18.75%, 19%)
INFO (CarpetX):   level 2: 2 boxes, 65536 cells (0.3906%, 2%)
INFO (CarpetX): OutputGH: iteration 1, time 0.003906, run time 1 s
INFO (CarpetX): OutputGH done.
INFO (CarpetX): Simulation time: 0.00390625   Iterations per second: 31.892   Simulation time per second: 0.124578
INFO (CarpetX): Grid cells: 720896   Grid cell updates per second: 2.29908e+07
INFO (CarpetX): Performance:
INFO (CarpetX):   total evolution time:            0.0313559 sec
INFO (CarpetX):   total evolution compute time:    0.031347 sec
INFO (CarpetX):   total evolution output time:     8.82149e-06 sec
INFO (CarpetX):   total iterations:                1
INFO (CarpetX):   total cells updated:             720896
INFO (CarpetX):   average iterations per second: 31.892
INFO (CarpetX):   average cell updates per second: 2.29908e+07
INFO (CarpetX): Regridding...
INFO (CarpetX): Setting max_grid_size values for all levels before regridding
INFO (CarpetX):   old levels 3, new levels 3
INFO (CarpetX):   level 0: 8 boxes, 262144 cells (100%)
INFO (CarpetX):   level 1: 12 boxes, 393216 cells (18.75%, 19%)
INFO (CarpetX):   level 2: 2 boxes, 65536 cells (0.3906%, 2%)
INFO (CarpetX): OutputGH: iteration 2, time 0.007812, run time 1 s
INFO (CarpetX): OutputGH done.
INFO (CarpetX): Simulation time: 0.0078125   Iterations per second: 32.0254   Simulation time per second: 0.125099
INFO (CarpetX): Grid cells: 720896   Grid cell updates per second: 2.3087e+07
INFO (CarpetX): Performance:
INFO (CarpetX):   total evolution time:            0.0625811 sec
INFO (CarpetX):   total evolution compute time:    0.0625644 sec
INFO (CarpetX):   total evolution output time:     1.66893e-05 sec
INFO (CarpetX):   total iterations:                2
INFO (CarpetX):   total cells updated:             1.44179e+06
INFO (CarpetX):   average iterations per second: 31.9585
INFO (CarpetX):   average cell updates per second: 2.30388e+07
INFO (CarpetX): Regridding...
INFO (CarpetX): Setting max_grid_size values for all levels before regridding
INFO (CarpetX):   old levels 3, new levels 3
INFO (CarpetX):   level 0: 8 boxes, 262144 cells (100%)
INFO (CarpetX):   level 1: 12 boxes, 393216 cells (18.75%, 19%)
INFO (CarpetX):   level 2: 2 boxes, 65536 cells (0.3906%, 2%)
INFO (CarpetX): OutputGH: iteration 3, time 0.011719, run time 1 s
INFO (CarpetX): OutputGH done.
INFO (CarpetX): Simulation time: 0.0117188   Iterations per second: 32.0195   Simulation time per second: 0.125076
INFO (CarpetX): Grid cells: 720896   Grid cell updates per second: 2.30828e+07
INFO (CarpetX): Performance:
INFO (CarpetX):   total evolution time:            0.093812 sec
INFO (CarpetX):   total evolution compute time:    0.0937862 sec
INFO (CarpetX):   total evolution output time:     2.57492e-05 sec
INFO (CarpetX):   total iterations:                3
INFO (CarpetX):   total cells updated:             2.16269e+06
INFO (CarpetX):   average iterations per second: 31.9789
INFO (CarpetX):   average cell updates per second: 2.30534e+07
INFO (CarpetX): Regridding...
INFO (CarpetX): Setting max_grid_size values for all levels before regridding
INFO (CarpetX):   old levels 3, new levels 3
INFO (CarpetX):   level 0: 8 boxes, 262144 cells (100%)
INFO (CarpetX):   level 1: 12 boxes, 393216 cells (18.75%, 19%)
INFO (CarpetX):   level 2: 2 boxes, 65536 cells (0.3906%, 2%)
INFO (CarpetX): OutputGH: iteration 4, time 0.015625, run time 1 s
INFO (CarpetX): OutputGH done.
INFO (CarpetX): Simulation time: 0.015625   Iterations per second: 32.1987   Simulation time per second: 0.125776
INFO (CarpetX): Grid cells: 720896   Grid cell updates per second: 2.32119e+07
INFO (CarpetX): Performance:
INFO (CarpetX):   total evolution time:            0.124869 sec
INFO (CarpetX):   total evolution compute time:    0.124834 sec
INFO (CarpetX):   total evolution output time:     3.48091e-05 sec
INFO (CarpetX):   total iterations:                4
INFO (CarpetX):   total cells updated:             2.88358e+06
INFO (CarpetX):   average iterations per second: 32.0335
INFO (CarpetX):   average cell updates per second: 2.30929e+07
INFO (CarpetX): Regridding...
INFO (CarpetX): Setting max_grid_size values for all levels before regridding
INFO (CarpetX):   old levels 3, new levels 3
INFO (CarpetX):   level 0: 8 boxes, 262144 cells (100%)
INFO (CarpetX):   level 1: 12 boxes, 393216 cells (18.75%, 19%)
INFO (CarpetX):   level 2: 2 boxes, 65536 cells (0.3906%, 2%)
INFO (CarpetX): OutputGH: iteration 5, time 0.019531, run time 1 s
INFO (CarpetX): OutputGH done.
INFO (CarpetX): Simulation time: 0.0195312   Iterations per second: 32.421   Simulation time per second: 0.126645
INFO (CarpetX): Grid cells: 720896   Grid cell updates per second: 2.33722e+07
INFO (CarpetX): Performance:
INFO (CarpetX):   total evolution time:            0.155713 sec
INFO (CarpetX):   total evolution compute time:    0.155669 sec
INFO (CarpetX):   total evolution output time:     4.3869e-05 sec
INFO (CarpetX):   total iterations:                5
INFO (CarpetX):   total cells updated:             3.60448e+06
INFO (CarpetX):   average iterations per second: 32.1103
INFO (CarpetX):   average cell updates per second: 2.31482e+07
INFO (CarpetX): Regridding...
INFO (CarpetX): Setting max_grid_size values for all levels before regridding
INFO (CarpetX):   old levels 3, new levels 3
INFO (CarpetX):   level 0: 8 boxes, 262144 cells (100%)
INFO (CarpetX):   level 1: 12 boxes, 393216 cells (18.75%, 19%)
INFO (CarpetX):   level 2: 2 boxes, 65536 cells (0.3906%, 2%)
INFO (CarpetX): OutputGH: iteration 6, time 0.023438, run time 1 s
INFO (CarpetX): OutputGH done.
INFO (CarpetX): Simulation time: 0.0234375   Iterations per second: 31.8971   Simulation time per second: 0.124598
INFO (CarpetX): Grid cells: 720896   Grid cell updates per second: 2.29945e+07
INFO (CarpetX): Performance:
INFO (CarpetX):   total evolution time:            0.187064 sec
INFO (CarpetX):   total evolution compute time:    0.187012 sec
INFO (CarpetX):   total evolution output time:     5.17368e-05 sec
INFO (CarpetX):   total iterations:                6
INFO (CarpetX):   total cells updated:             4.32538e+06
INFO (CarpetX):   average iterations per second: 32.0746
INFO (CarpetX):   average cell updates per second: 2.31224e+07
INFO (CarpetX): Regridding...
INFO (CarpetX): Setting max_grid_size values for all levels before regridding
INFO (CarpetX):   old levels 3, new levels 3
INFO (CarpetX):   level 0: 8 boxes, 262144 cells (100%)
INFO (CarpetX):   level 1: 12 boxes, 393216 cells (18.75%, 19%)
INFO (CarpetX):   level 2: 2 boxes, 65536 cells (0.3906%, 2%)
INFO (CarpetX): OutputGH: iteration 7, time 0.027344, run time 1 s
INFO (CarpetX): OutputGH done.
INFO (CarpetX): Simulation time: 0.0273438   Iterations per second: 31.5259   Simulation time per second: 0.123148
INFO (CarpetX): Grid cells: 720896   Grid cell updates per second: 2.27269e+07
INFO (CarpetX): Performance:
INFO (CarpetX):   total evolution time:            0.218784 sec
INFO (CarpetX):   total evolution compute time:    0.218724 sec
INFO (CarpetX):   total evolution output time:     5.96046e-05 sec
INFO (CarpetX):   total iterations:                7
INFO (CarpetX):   total cells updated:             5.04627e+06
INFO (CarpetX):   average iterations per second: 31.995
INFO (CarpetX):   average cell updates per second: 2.30651e+07
INFO (CarpetX): Regridding...
INFO (CarpetX): Setting max_grid_size values for all levels before regridding
INFO (CarpetX):   old levels 3, new levels 3
INFO (CarpetX):   level 0: 8 boxes, 262144 cells (100%)
INFO (CarpetX):   level 1: 12 boxes, 393216 cells (18.75%, 19%)
INFO (CarpetX):   level 2: 2 boxes, 65536 cells (0.3906%, 2%)
INFO (CarpetX): OutputGH: iteration 8, time 0.031250, run time 1 s
INFO (CarpetX): OutputGH done.
INFO (CarpetX): Simulation time: 0.03125   Iterations per second: 32.4025   Simulation time per second: 0.126572
INFO (CarpetX): Grid cells: 720896   Grid cell updates per second: 2.33588e+07
INFO (CarpetX): Performance:
INFO (CarpetX):   total evolution time:            0.249646 sec
INFO (CarpetX):   total evolution compute time:    0.249577 sec
INFO (CarpetX):   total evolution output time:     6.86646e-05 sec
INFO (CarpetX):   total iterations:                8
INFO (CarpetX):   total cells updated:             5.76717e+06
INFO (CarpetX):   average iterations per second: 32.0454
INFO (CarpetX):   average cell updates per second: 2.31014e+07
INFO (CarpetX): Regridding...
INFO (CarpetX): Setting max_grid_size values for all levels before regridding
INFO (CarpetX):   old levels 3, new levels 3
INFO (CarpetX):   level 0: 8 boxes, 262144 cells (100%)
INFO (CarpetX):   level 1: 12 boxes, 393216 cells (18.75%, 19%)
INFO (CarpetX):   level 2: 2 boxes, 65536 cells (0.3906%, 2%)
INFO (CarpetX): OutputGH: iteration 9, time 0.035156, run time 1 s
INFO (CarpetX): OutputGH done.
INFO (CarpetX): Simulation time: 0.0351562   Iterations per second: 32.3635   Simulation time per second: 0.12642
INFO (CarpetX): Grid cells: 720896   Grid cell updates per second: 2.33307e+07
INFO (CarpetX): Performance:
INFO (CarpetX):   total evolution time:            0.280545 sec
INFO (CarpetX):   total evolution compute time:    0.280468 sec
INFO (CarpetX):   total evolution output time:     7.65324e-05 sec
INFO (CarpetX):   total iterations:                9
INFO (CarpetX):   total cells updated:             6.48806e+06
INFO (CarpetX):   average iterations per second: 32.0804
INFO (CarpetX):   average cell updates per second: 2.31266e+07
INFO (CarpetX): Regridding...
INFO (CarpetX): Setting max_grid_size values for all levels before regridding
INFO (CarpetX):   old levels 3, new levels 3
INFO (CarpetX):   level 0: 8 boxes, 262144 cells (100%)
INFO (CarpetX):   level 1: 12 boxes, 393216 cells (18.75%, 19%)
INFO (CarpetX):   level 2: 2 boxes, 65536 cells (0.3906%, 2%)
INFO (CarpetX): OutputGH: iteration 10, time 0.039062, run time 1 s
INFO (CarpetX): OutputGH done.
INFO (CarpetX): Simulation time: 0.0390625   Iterations per second: 10.6211   Simulation time per second: 0.0414888
INFO (CarpetX): Grid cells: 720896   Grid cell updates per second: 7.65673e+06
INFO (CarpetX): Performance:
INFO (CarpetX):   total evolution time:            0.374697 sec
INFO (CarpetX):   total evolution compute time:    0.311415 sec
INFO (CarpetX):   total evolution output time:     0.0632815 sec
INFO (CarpetX):   total iterations:                10
INFO (CarpetX):   total cells updated:             7.20896e+06
INFO (CarpetX):   average iterations per second: 26.6882
INFO (CarpetX):   average cell updates per second: 1.92394e+07
INFO (CarpetX): Shutting down...
AMReX (24.10) finalized
--------------------------------------------------------------------------------
Done.
+ echo Stopping:
Stopping:
+ date
Wed Oct 22 14:37:51 UTC 2025
+ echo Done.
Done.
  Elapsed time: 1.3 s
