/home/runner/simulations/TestJob01_temp_2/output-0000/TEST/sim/MemSpeed
Preparing:
+ set -e
+ cd output-0000-active
+ echo Checking:
Checking:
+ pwd
/home/runner/simulations/TestJob01_temp_2/output-0000/TEST/sim/MemSpeed/output-0000-active
+ hostname
fv-az186-883
+ date
Thu Oct 13 17:55:18 UTC 2022
+ echo Environment:
Environment:
+ export CACTUS_NUM_PROCS=2
+ CACTUS_NUM_PROCS=2
+ export CACTUS_NUM_THREADS=1
+ CACTUS_NUM_THREADS=1
+ export GMON_OUT_PREFIX=gmon.out
+ GMON_OUT_PREFIX=gmon.out
+ export OMP_NUM_THREADS=1
+ OMP_NUM_THREADS=1
+ env
+ sort
+ echo Starting:
Starting:
++ date +%s
+ export CACTUS_STARTTIME=1665683718
+ CACTUS_STARTTIME=1665683718
+ '[' 2 = 1 ']'
+ mpirun -np 2 /home/runner/simulations/TestJob01_temp_2/SIMFACTORY/exe/cactus_sim -L 3 /home/runner/simulations/TestJob01_temp_2/output-0000/arrangements/CactusUtils/MemSpeed/test/memspeed.par
INFO (Cactus): Increased logging level from 0 to 3
--------------------------------------------------------------------------------

       10                                  
  1   0101       ************************  
  01  1010 10      The Cactus Code V4.12.0    
 1010 1101 011      www.cactuscode.org     
  1001 100101    ************************  
    00010101                               
     100011     (c) Copyright The Authors  
      0100      GNU Licensed. No Warranty  
      0101                                 
--------------------------------------------------------------------------------

Cactus version:    4.12.0
Compile date:      Oct 13 2022 (17:29:26)
Run date:          Oct 13 2022 (17:55:19+0000)
Run host:          fv-az186-883.m0dqqvgca3iutohdnk0hfziwpa.cx.internal.cloudapp.net (pid=108876)
Working directory: /home/runner/simulations/TestJob01_temp_2/output-0000/TEST/sim/MemSpeed
Executable:        /home/runner/simulations/TestJob01_temp_2/SIMFACTORY/exe/cactus_sim
Parameter file:    /home/runner/simulations/TestJob01_temp_2/output-0000/arrangements/CactusUtils/MemSpeed/test/memspeed.par
--------------------------------------------------------------------------------

Activating thorn Cactus...Success -> active implementation Cactus
Activation requested for 
--->hwloc MemSpeed SystemTopology CartGrid3D CoordBase IOASCII IOUtil PUGH PUGHSlab<---
Thorn hwloc requests automatic activation of zlib
Thorn MemSpeed requests automatic activation of Vectors
Thorn MemSpeed requests automatic activation of MPI
Activating thorn CartGrid3D...Success -> active implementation grid
Activating thorn CoordBase...Success -> active implementation CoordBase
Activating thorn hwloc...Success -> active implementation hwloc
Activating thorn IOASCII...Success -> active implementation IOASCII
Activating thorn IOUtil...Success -> active implementation IO
Activating thorn MemSpeed...Success -> active implementation MemSpeed
Activating thorn MPI...Success -> active implementation MPI
Activating thorn PUGH...Success -> active implementation Driver
Activating thorn PUGHSlab...Success -> active implementation Hyperslab
Activating thorn SystemTopology...Success -> active implementation SystemTopology
Activating thorn Vectors...Success -> active implementation Vectors
Activating thorn zlib...Success -> active implementation zlib
--------------------------------------------------------------------------------
  if (recover initial data)
    Recover parameters
  endif

  Startup routines
    [CCTK_STARTUP]
      CartGrid3D::SymmetryStartup: Register GH Extension for GridSymmetry
      CoordBase::CoordBase_Startup: Register a GH extension to store the coordinate system handles
      GROUP hwloc_startup: hwloc startup group
        hwloc::hwloc_version: Output hwloc version
      SystemTopology::ST_system_topology: Output and/or modify system topology and hardware locality
      PUGH::Driver_Startup: Startup routine
      PUGH::PUGH_RegisterPUGHP2LRoutines: Register Physical to Logical process mapping routines
      PUGH::PUGH_RegisterPUGHTopologyRoutines: Register topology generation routines routines
      IOUtil::IOUtil_Startup: Startup routine
      Vectors::Vectors_Startup: Print startup message
      IOASCII::IOASCII_Startup: Startup routine

  Startup routines which need an existing grid hierarchy
    [CCTK_WRAGH]
      CartGrid3D::RegisterCartGrid3DCoords: [meta] Register coordinates for the Cartesian grid
      MemSpeed::MemSpeed_MeasureSpeed: [meta] Measure CPU, memory, cache speeds
  Parameter checking routines
    [CCTK_PARAMCHECK]
      CartGrid3D::ParamCheck_CartGrid3D: Check coordinates for CartGrid3D
      Vectors::Vectors_Test: Run correctness tests.

  Initialisation
    if (NOT (recover initial data AND recovery_mode is 'strict'))
      [CCTK_PREREGRIDINITIAL]
      Set up grid hierarchy
      [CCTK_POSTREGRIDINITIAL]
        CartGrid3D::SpatialCoordinates: Set Coordinates after regridding
      [CCTK_BASEGRID]
        CartGrid3D::SpatialSpacings: Set up ranges for spatial 3D Cartesian coordinates (on all grids)
        CartGrid3D::SpatialCoordinates: Set up spatial 3D Cartesian coordinates on the GH
        IOASCII::IOASCII_Choose1D: Choose 1D output lines
        IOASCII::IOASCII_Choose2D: Choose 2D output planes
        PUGH::PUGH_Report: Report on PUGH set up
      [CCTK_INITIAL]
      [CCTK_POSTINITIAL]
      Initialise finer grids recursively
      Restrict from finer grids
      [CCTK_POSTRESTRICTINITIAL]
      [CCTK_POSTPOSTINITIAL]
      [CCTK_POSTSTEP]
    endif
    if (recover initial data)
      [CCTK_BASEGRID]
        CartGrid3D::SpatialSpacings: Set up ranges for spatial 3D Cartesian coordinates (on all grids)
        CartGrid3D::SpatialCoordinates: Set up spatial 3D Cartesian coordinates on the GH
        IOASCII::IOASCII_Choose1D: Choose 1D output lines
        IOASCII::IOASCII_Choose2D: Choose 2D output planes
        PUGH::PUGH_Report: Report on PUGH set up
      [CCTK_RECOVER_VARIABLES]
      [CCTK_POST_RECOVER_VARIABLES]
    endif
    if (checkpoint initial data)
      [CCTK_CPINITIAL]
    endif
    if (analysis)
      [CCTK_ANALYSIS]
  endif
  Output grid variables

  do loop over timesteps
    [CCTK_PREREGRID]
    Change grid hierarchy
    [CCTK_POSTREGRID]
      CartGrid3D::SpatialCoordinates: Set Coordinates after regridding
    Rotate timelevels
    iteration = iteration+1
    t = t+dt
    [CCTK_PRESTEP]
    [CCTK_EVOL]
    Evolve finer grids recursively
    Restrict from finer grids
    [CCTK_POSTRESTRICT]
    [CCTK_POSTSTEP]
    if (checkpoint)
      [CCTK_CHECKPOINT]
    endif
    if (analysis)
      [CCTK_ANALYSIS]
    endif
    Output grid variables
    enddo

  Termination routines
    [CCTK_TERMINATE]
      PUGH::Driver_Terminate: Termination routine

  Shutdown routines
    [CCTK_SHUTDOWN]

  Routines run after changing the grid hierarchy:
    [CCTK_POSTREGRID]
      CartGrid3D::SpatialCoordinates: Set Coordinates after regridding
--------------------------------------------------------------------------------
INFO (hwloc): library version 2.1.0, API version 0x20100
INFO (SystemTopology): MPI process-to-host mapping:
This is MPI process 0 of 2
MPI hosts:
  0: fv-az186-883
This MPI process runs on host 0 of 1
On this host, this is MPI process 0 of 2
INFO (SystemTopology): Topology support:
Discovery support:
  discovery->pu                            : yes
CPU binding support:
  cpubind->set_thisproc_cpubind            : yes
  cpubind->get_thisproc_cpubind            : yes
  cpubind->set_proc_cpubind                : yes
  cpubind->get_proc_cpubind                : yes
  cpubind->set_thisthread_cpubind          : yes
  cpubind->get_thisthread_cpubind          : yes
  cpubind->set_thread_cpubind              : yes
  cpubind->get_thread_cpubind              : yes
  cpubind->get_thisproc_last_cpu_location  : yes
  cpubind->get_proc_last_cpu_location      : yes
  cpubind->get_thisthread_last_cpu_location: yes
Memory binding support:
  membind->set_thisproc_membind            : no
  membind->get_thisproc_membind            : no
  membind->set_proc_membind                : no
  membind->get_proc_membind                : no
  membind->set_thisthread_membind          : yes
  membind->get_thisthread_membind          : yes
  membind->set_area_membind                : yes
  membind->get_area_membind                : yes
  membind->alloc_membind                   : yes
  membind->firsttouch_membind              : yes
  membind->bind_membind                    : yes
  membind->interleave_membind              : yes
  membind->nexttouch_membind               : no
  membind->migrate_membind                 : yes
INFO (SystemTopology): Hardware objects in this node:
Machine L#0: (P#0, total=7110660KB, DMIProductName="Virtual Machine", DMIProductVersion=7.0, DMIProductUUID=e9a8fc37-a883-6646-b2c4-8792a4e74dfa, DMIBoardVendor="Microsoft Corporation", DMIBoardName="Virtual Machine", DMIBoardVersion=7.0, DMIChassisVendor="Microsoft Corporation", DMIChassisType=3, DMIChassisVersion=7.0, DMIChassisAssetTag=7783-7084-3265-9085-8269-3286-77, DMIBIOSVendor="American Megatrends Inc.", DMIBIOSVersion="090008 ", DMIBIOSDate=12/07/2018, DMISysVendor="Microsoft Corporation", Backend=Linux, LinuxCgroup=/, OSName=Linux, OSRelease=5.15.0-1020-azure, OSVersion="#25~20.04.1-Ubuntu SMP Thu Sep 1 19:20:56 UTC 2022", HostName=fv-az186-883, Architecture=x86_64, hwlocVersion=2.1.0, ProcessName=cactus_sim)
  Package L#0: (P#0, total=7110660KB, CPUVendor=GenuineIntel, CPUFamilyNumber=6, CPUModelNumber=106, CPUModel="Intel(R) Xeon(R) Platinum 8370C CPU @ 2.80GHz", CPUStepping=6)
    L3Cache L#0: (P#-1, size=49152KB, linesize=64, ways=12, Inclusive=0)
      L2Cache L#0: (P#-1, size=1280KB, linesize=64, ways=20, Inclusive=0)
        L1dCache L#0: (P#-1, size=48KB, linesize=64, ways=12, Inclusive=0)
          Core L#0: (P#0)
            PU L#0: (P#0)
      L2Cache L#1: (P#-1, size=1280KB, linesize=64, ways=20, Inclusive=0)
        L1dCache L#1: (P#-1, size=48KB, linesize=64, ways=12, Inclusive=0)
          Core L#1: (P#1)
            PU L#1: (P#1)
INFO (SystemTopology): Thread CPU bindings:
  MPI process 0 on host 0 (process 0 of 2 on this host)
    OpenMP thread 0: PU set L#{0} P#{0}
  MPI process 1 on host 0 (process 1 of 2 on this host)
    OpenMP thread 0: PU set L#{1} P#{1}
INFO (SystemTopology): Setting thread CPU bindings:
INFO (SystemTopology): Thread CPU bindings:
  MPI process 0 on host 0 (process 0 of 2 on this host)
    OpenMP thread 0: PU set L#{0} P#{0}
  MPI process 1 on host 0 (process 1 of 2 on this host)
    OpenMP thread 0: PU set L#{1} P#{1}
INFO (SystemTopology): Extracting CPU/cache/memory properties:
  There are 1 PUs per core (aka hardware SMT threads)
  There are 1 threads per core (aka SMT threads used)
  Cache (unknown name) has type "data" depth 1
    size 49152 linesize 64 associativity 12 stride 4096, for 1 PUs
  Cache (unknown name) has type "unified" depth 2
    size 1310720 linesize 64 associativity 20 stride 65536, for 1 PUs
  Cache (unknown name) has type "unified" depth 3
    size 50331648 linesize 64 associativity 12 stride 4194304, for 2 PUs
INFO (PUGH): Using physical to logical mappings: direct
INFO (PUGH): Using topology generator: automatic
INFO (Vectors): Using vector size 2 for architecture SSE2 (64-bit precision)
--------------------------------------------------------------------------------
Driver provided by PUGH
--------------------------------------------------------------------------------

INFO (PUGH): Not setting up a topology for 1 dimensions
INFO (PUGH): Not setting up a topology for 2 dimensions
INFO (PUGH): Setting up a topology for 3 dimensions
INFO (IOASCII): I/O Method 'IOASCII_1D' registered: output of 1D lines of grid functions/arrays to ASCII files
INFO (IOASCII): Periodic 1D output every 1 iterations
INFO (IOASCII): Periodic 1D output requested for 'GRID::r'
INFO (IOASCII): I/O Method 'IOASCII_2D' registered: output of 2D planes of grid functions/arrays to ASCII files
INFO (IOASCII): Periodic 2D output turned off
INFO (IOASCII): I/O Method 'IOASCII_3D' registered: output of 3D grid functions/arrays to ASCII files
INFO (IOASCII): Periodic 3D output turned off
INFO (MemSpeed): Measuring CPU, cache, memory, and communication speeds:
  Single-core measurements (using 1 MPI processes with 1 OpenMP threads each):
    CPU frequency:
      iterations=1000000... time=0.00169371 sec
      iterations=10000000... time=0.0171033 sec
      iterations=100000000... time=0.169759 sec
      iterations=600000000... time=1.01912 sec
      iterations=600000000... time=1.04547 sec
      result: -45.5409 GHz
    CPU floating point performance:
      iterations=1000000... time=0.00361632 sec
      iterations=10000000... time=0.0361148 sec
      iterations=100000000... time=0.361363 sec
      iterations=300000000... time=1.08436 sec
      result: 8.85313 Gflop/sec
    CPU integer performance:
      iterations=1000000... time=0.00199531 sec
      iterations=10000000... time=0.0199272 sec
      iterations=100000000... time=0.199193 sec
      iterations=600000000... time=1.19623 sec
      result: 8.02524 Giop/sec
    Read latency of D1 cache (for 1 PUs) (using 1*36864 bytes):
      iterations=1000... time=0.0002028 sec
      iterations=10000... time=0.00201621 sec
      iterations=100000... time=0.0200959 sec
      iterations=1000000... time=0.201617 sec
      iterations=5000000... time=1.0057 sec
      result: 2.0114 nsec
    Read latency of L2 cache (for 1 PUs) (using 1*983040 bytes):
      iterations=1000... time=0.000578202 sec
      iterations=10000... time=0.00573032 sec
      iterations=100000... time=0.0571676 sec
      iterations=1000000... time=0.572655 sec
      iterations=2000000... time=1.14645 sec
      result: 5.73224 nsec
    Read latency of L3 cache (for 2 PUs) (using 1*37748736 bytes):
      [skipped -- avoiding large-memory benchmarks]
    Read bandwidth of D1 cache (for 1 PUs) (using 1*36864 bytes):
      iterations=1... time=1e-06 sec
      iterations=10... time=5.8e-06 sec
      iterations=100... time=5.44e-05 sec
      iterations=1000... time=0.000540503 sec
      iterations=10000... time=0.00542503 sec
      iterations=100000... time=0.0541784 sec
      iterations=1000000... time=0.542889 sec
      iterations=2000000... time=1.08515 sec
      result: 67.943 GByte/sec
    Read bandwidth of L2 cache (for 1 PUs) (using 1*983040 bytes):
      iterations=1... time=2.59e-05 sec
      iterations=10... time=0.000215101 sec
      iterations=100... time=0.00213111 sec
      iterations=1000... time=0.0211947 sec
      iterations=10000... time=0.211935 sec
      iterations=50000... time=1.06123 sec
      result: 46.316 GByte/sec
    Read bandwidth of L3 cache (for 2 PUs) (using 1*37748736 bytes):
      [skipped -- avoiding large-memory benchmarks]
    Write latency of D1 cache (for 1 PUs) (using 1*36864 bytes):
      iterations=1000... time=3.9e-06 sec
      iterations=10000... time=3.28e-05 sec
      iterations=100000... time=0.000321602 sec
      iterations=1000000... time=0.00320842 sec
      iterations=10000000... time=0.0321592 sec
      iterations=100000000... time=0.322272 sec
      iterations=300000000... time=0.969801 sec
      iterations=600000000... time=1.93365 sec
      result: 0.402844 nsec
    Write latency of L2 cache (for 1 PUs) (using 1*983040 bytes):
      iterations=1000... time=2.1001e-05 sec
      iterations=10000... time=0.000158901 sec
      iterations=100000... time=0.00183541 sec
      iterations=1000000... time=0.0181225 sec
      iterations=10000000... time=0.181107 sec
      iterations=60000000... time=1.09078 sec
      result: 2.27245 nsec
    Write latency of L3 cache (for 2 PUs) (using 1*37748736 bytes):
      [skipped -- avoiding large-memory benchmarks]
    Write bandwidth of D1 cache (for 1 PUs) (using 1*36864 bytes):
      iterations=1... time=6e-07 sec
      iterations=10... time=2.8e-06 sec
      iterations=100... time=2.5e-05 sec
      iterations=1000... time=0.000246201 sec
      iterations=10000... time=0.00246741 sec
      iterations=100000... time=0.0246251 sec
      iterations=1000000... time=0.246504 sec
      iterations=4000000... time=0.986526 sec
      iterations=8000000... time=1.97422 sec
      result: 149.382 GByte/sec
    Write bandwidth of L2 cache (for 1 PUs) (using 1*983040 bytes):
      iterations=1... time=2.71e-05 sec
      iterations=10... time=0.000205501 sec
      iterations=100... time=0.00202591 sec
      iterations=1000... time=0.0201959 sec
      iterations=10000... time=0.202858 sec
      iterations=50000... time=1.01204 sec
      result: 48.5673 GByte/sec
    Write bandwidth of L3 cache (for 2 PUs) (using 1*37748736 bytes):
      [skipped -- avoiding large-memory benchmarks]
    Stencil code performance of D1 cache (for 1 PUs) (using 1*13^3 grid points, 1*35152 bytes):
      iterations=1... time=1.32e-05 sec
      iterations=10... time=0.000134501 sec
      iterations=100... time=0.00131831 sec
      iterations=1000... time=0.0132462 sec
      iterations=10000... time=0.133101 sec
      iterations=80000... time=1.06204 sec
      result: 0.165492 Gupdates/sec
    Stencil code performance of L2 cache (for 1 PUs) (using 1*39^3 grid points, 1*949104 bytes):
      iterations=1... time=0.000175201 sec
      iterations=10... time=0.00265881 sec
      iterations=100... time=0.0255524 sec
      iterations=1000... time=0.257544 sec
      iterations=4000... time=1.03426 sec
      result: 0.229417 Gupdates/sec
    Stencil code performance of L3 cache (for 2 PUs) (using 1*133^3 grid points, 1*37642192 bytes):
      iterations=1... time=0.04745 sec
      iterations=10... time=0.487673 sec
      iterations=20... time=0.974855 sec
      iterations=40... time=1.95035 sec
      result: 0.0482504 Gupdates/sec
  Single-node measurements (using 2 MPI processes with 1 OpenMP threads each):
    CPU frequency:
      iterations=1000000... time=0.00169401 sec
      iterations=10000000... time=0.0169835 sec
      iterations=100000000... time=0.170322 sec
      iterations=600000000... time=1.02024 sec
      iterations=600000000... time=1.04396 sec
      result: -50.5942 GHz
    CPU floating point performance:
      iterations=1000000... time=0.00361226 sec
      iterations=10000000... time=0.0361116 sec
      iterations=100000000... time=0.361652 sec
      iterations=300000000... time=1.08525 sec
      result: 8.84585 Gflop/sec
    CPU integer performance:
      iterations=1000000... time=0.00200446 sec
      iterations=10000000... time=0.019914 sec
      iterations=100000000... time=0.199651 sec
      iterations=600000000... time=1.19745 sec
      result: 8.01705 Giop/sec
    Read latency of D1 cache (for 1 PUs) (using 2*36864 bytes):
      iterations=1000... time=0.000202251 sec
      iterations=10000... time=0.00201501 sec
      iterations=100000... time=0.0201061 sec
      iterations=1000000... time=0.201307 sec
      iterations=5000000... time=1.01311 sec
      result: 2.02622 nsec
    Read latency of L2 cache (for 1 PUs) (using 2*983040 bytes):
      iterations=1000... time=0.000599803 sec
      iterations=10000... time=0.00573173 sec
      iterations=100000... time=0.0571826 sec
      iterations=1000000... time=0.574274 sec
      iterations=2000000... time=1.14534 sec
      result: 5.72669 nsec
    Read latency of L3 cache (for 2 PUs) (using 2*37748736 bytes):
      [skipped -- too much memory requested]
    Read bandwidth of D1 cache (for 1 PUs) (using 2*36864 bytes):
      iterations=1... time=8.51e-07 sec
      iterations=10... time=5.8e-06 sec
      iterations=100... time=5.435e-05 sec
      iterations=1000... time=0.000540553 sec
      iterations=10000... time=0.00541023 sec
      iterations=100000... time=0.0541788 sec
      iterations=1000000... time=0.541954 sec
      iterations=2000000... time=1.08409 sec
      result: 68.0093 GByte/sec
    Read bandwidth of L2 cache (for 1 PUs) (using 2*983040 bytes):
      iterations=1... time=2.57e-05 sec
      iterations=10... time=0.000226201 sec
      iterations=100... time=0.00213776 sec
      iterations=1000... time=0.0213935 sec
      iterations=10000... time=0.214309 sec
      iterations=50000... time=1.07062 sec
      result: 45.91 GByte/sec
    Read bandwidth of L3 cache (for 2 PUs) (using 2*37748736 bytes):
      [skipped -- too much memory requested]
    Write latency of D1 cache (for 1 PUs) (using 2*36864 bytes):
      iterations=1000... time=3.85e-06 sec
      iterations=10000... time=3.27e-05 sec
      iterations=100000... time=0.000321352 sec
      iterations=1000000... time=0.00321921 sec
      iterations=10000000... time=0.0322007 sec
      iterations=100000000... time=0.321915 sec
      iterations=300000000... time=0.967992 sec
      iterations=600000000... time=1.94868 sec
      result: 0.405974 nsec
    Write latency of L2 cache (for 1 PUs) (using 2*983040 bytes):
      iterations=1000... time=2.0701e-05 sec
      iterations=10000... time=0.000167551 sec
      iterations=100000... time=0.00176026 sec
      iterations=1000000... time=0.017976 sec
      iterations=10000000... time=0.180873 sec
      iterations=60000000... time=1.08487 sec
      result: 2.26014 nsec
    Write latency of L3 cache (for 2 PUs) (using 2*37748736 bytes):
      [skipped -- too much memory requested]
    Write bandwidth of D1 cache (for 1 PUs) (using 2*36864 bytes):
      iterations=1... time=6e-07 sec
      iterations=10... time=2.8e-06 sec
      iterations=100... time=2.47e-05 sec
      iterations=1000... time=0.000243402 sec
      iterations=10000... time=0.00243306 sec
      iterations=100000... time=0.0243977 sec
      iterations=1000000... time=0.243923 sec
      iterations=5000000... time=1.22109 sec
      result: 150.947 GByte/sec
    Write bandwidth of L2 cache (for 1 PUs) (using 2*983040 bytes):
      iterations=1... time=2.79e-05 sec
      iterations=10... time=0.000208801 sec
      iterations=100... time=0.00203516 sec
      iterations=1000... time=0.020403 sec
      iterations=10000... time=0.204369 sec
      iterations=50000... time=1.02348 sec
      result: 48.0246 GByte/sec
    Write bandwidth of L3 cache (for 2 PUs) (using 2*37748736 bytes):
      [skipped -- too much memory requested]
    Stencil code performance of D1 cache (for 1 PUs) (using 2*10^3 grid points, 2*16000 bytes):
      iterations=1... time=1.265e-05 sec
      iterations=10... time=0.000117901 sec
      iterations=100... time=0.0011708 sec
      iterations=1000... time=0.0117673 sec
      iterations=10000... time=0.11843 sec
      iterations=90000... time=1.06879 sec
      result: 0.0842076 Gupdates/sec
    Stencil code performance of L2 cache (for 1 PUs) (using 2*31^3 grid points, 2*476656 bytes):
      iterations=1... time=0.000618253 sec
      iterations=10... time=0.00317171 sec
      iterations=100... time=0.0318545 sec
      iterations=1000... time=0.318284 sec
      iterations=3000... time=0.959878 sec
      iterations=6000... time=1.91311 sec
      result: 0.0934321 Gupdates/sec
    Stencil code performance of L3 cache (for 2 PUs) (using 1*133^3 grid points, 1*37642192 bytes):
      [skipped -- too many MPI processes]
  Single-node measurements:
    MPI latency: 2500 nsec
    MPI bandwidth: 6.79738 GByte/sec
INFO (Vectors): Testing vectorisation... [errors may result in segfaults]
INFO (Vectors): 375/375 tests passed 
INFO (CartGrid3D): Grid Spacings:
INFO (CartGrid3D): dx=>1.1111111e-01  dy=>1.1111111e-01  dz=>1.1111111e-01
INFO (CartGrid3D): Computational Coordinates:
INFO (CartGrid3D): x=>[-0.500, 0.500]  y=>[-0.500, 0.500]  z=>[-0.500, 0.500]
INFO (CartGrid3D): Indices of Physical Coordinates:
INFO (CartGrid3D): x=>[0,9]  y=>[0,9]  z=>[0,9]
INFO (PUGH): MPI Evolution on 2 processors
INFO (PUGH): 3-dimensional grid functions
INFO (PUGH):   Size: 10 10 10
INFO (PUGH):   Processor topology: 2 x 1 x 1
INFO (PUGH):   Local load: 600   [6 x 10 x 10]
INFO (PUGH):   Maximum load skew: 0.000000
--------------------------------------------------------------------------------
Done.
+ echo Stopping:
Stopping:
+ date
Thu Oct 13 17:56:08 UTC 2022
+ echo Done.
Done.
  Elapsed time: 50.0 s
