/home/runner/simulations/TestJob01_temp_1/output-0000/TEST/sim/WaveToyX
Preparing:
+ set -e
+ cd output-0000-active
+ echo Checking:
Checking:
+ pwd
/home/runner/simulations/TestJob01_temp_1/output-0000/TEST/sim/WaveToyX/output-0000-active
+ hostname
fv-az1247-493
+ date
Sat Dec  9 01:23:00 UTC 2023
+ echo Environment:
Environment:
+ export CACTUS_NUM_PROCS=1
+ CACTUS_NUM_PROCS=1
+ export CACTUS_NUM_THREADS=2
+ CACTUS_NUM_THREADS=2
+ export GMON_OUT_PREFIX=gmon.out
+ GMON_OUT_PREFIX=gmon.out
+ export OMP_NUM_THREADS=2
+ OMP_NUM_THREADS=2
+ env
+ sort
+ echo Starting:
Starting:
++ date +%s
+ export CACTUS_STARTTIME=1702084980
+ CACTUS_STARTTIME=1702084980
+ '[' 1 = 1 ']'
+ '[' 0 -eq 0 ']'
+ /home/runner/simulations/TestJob01_temp_1/SIMFACTORY/exe/cactus_sim -L 3 /home/runner/simulations/TestJob01_temp_1/output-0000/arrangements/CarpetX/WaveToyX/test/radiative.par
INFO (Cactus): Increased logging level from 0 to 3
--------------------------------------------------------------------------------

       10                                  
  1   0101       ************************  
  01  1010 10      The Cactus Code V4.15.0    
 1010 1101 011      www.cactuscode.org     
  1001 100101    ************************  
    00010101                               
     100011     (c) Copyright The Authors  
      0100      GNU Licensed. No Warranty  
      0101                                 
--------------------------------------------------------------------------------

Cactus version:    4.15.0
Compile date:      Dec 09 2023 (01:09:51)
Run date:          Dec 09 2023 (01:23:01+0000)
Run host:          fv-az1247-493.grvplcbrxqwulonopmolb0o12f.dx.internal.cloudapp.net (pid=133870)
Working directory: /home/runner/simulations/TestJob01_temp_1/output-0000/TEST/sim/WaveToyX
Executable:        /home/runner/simulations/TestJob01_temp_1/SIMFACTORY/exe/cactus_sim
Parameter file:    /home/runner/simulations/TestJob01_temp_1/output-0000/arrangements/CarpetX/WaveToyX/test/radiative.par
--------------------------------------------------------------------------------

Activating thorn Cactus...Success -> active implementation Cactus
Activation requested for 
--->CarpetX IOUtil ODESolvers WaveToyX<---
Thorn CarpetX requests automatic activation of AMReX
Thorn CarpetX requests automatic activation of MPI
Thorn CarpetX requests automatic activation of yaml_cpp
Thorn CarpetX requests automatic activation of zlib
Thorn CarpetX requests automatic activation of Arith
Thorn CarpetX requests automatic activation of Loop
Thorn CarpetX requests automatic activation of ADIOS2
Thorn CarpetX requests automatic activation of openPMD
Thorn CarpetX requests automatic activation of Silo
Thorn Arith requests automatic activation of NSIMD
Thorn MPI requests automatic activation of hwloc
Thorn openPMD requests automatic activation of HDF5
Activating thorn ADIOS2...Success -> active implementation ADIOS2
Activating thorn AMReX...Success -> active implementation AMReX
Activating thorn Arith...Success -> active implementation Arith
Activating thorn CarpetX...Success -> active implementation CarpetX
Activating thorn HDF5...Success -> active implementation HDF5
Activating thorn hwloc...Success -> active implementation hwloc
Activating thorn IOUtil...Success -> active implementation IO
Activating thorn Loop...Success -> active implementation Loop
Activating thorn MPI...Success -> active implementation MPI
Activating thorn NSIMD...Success -> active implementation NSIMD
Activating thorn ODESolvers...Success -> active implementation ODESolvers
Activating thorn openPMD...Success -> active implementation openPMD
Activating thorn Silo...Success -> active implementation Silo
Activating thorn WaveToyX...Success -> active implementation WaveToyX
Activating thorn yaml_cpp...Success -> active implementation yaml_cpp
Activating thorn zlib...Success -> active implementation zlib
INFO (hwloc): library version 2.7.0, API version 0x20500
--------------------------------------------------------------------------------

  [34m  ▕▏  [34m  ▕▏  [34m  ▕▏  [34m  ▕▏  [34m  ▕▏  [34m  ▕▏  [34m  ▕▏  [34m  ▕▏  [34m  ▕▏  [39m  
  [34m──██──[34m──██──[34m──██──[34m──██──[34m──██──[34m──██──[34m──██──[34m──██──[34m──██──[39m  
  [34m  ▕▏  [34m  ▕▏  [34m  ▕▏  [34m  ▕▏  [34m  ▕▏  [34m  ▕▏  [34m  ▕▏  [34m  ▕▏  [34m  ▕▏  [39m  
  [34m  ▕▏  [32m██████[34m  ▕▏  [34m  ▕▏  [32m██████[34m  ▕▏  [34m  ▕▏  [32m██████[34m  ▕▏  [39m  
  [34m──██──[32m██████[34m──██──[34m──██──[32m██████[34m──██──[34m──██──[32m██████[34m──██──[39m  
  [34m  ▕▏  [32m██████[34m  ▕▏  [34m  ▕▏  [32m██████[34m  ▕▏  [34m  ▕▏  [32m██████[34m  ▕▏  [39m  
  [34m  ▕▏  [34m  ▕▏  [34m  ▕▏  [34m  ▕▏  [34m  ▕▏  [34m  ▕▏  [34m  ▕▏  [34m  ▕▏  [34m  ▕▏  [39m  
  [34m──██──[34m──██──[34m──██──[34m──██──[34m──██──[34m──██──[34m──██──[34m──██──[34m──██──[39m  
  [34m  ▕▏  [34m  ▕▏  [34m  ▕▏  [34m  ▕▏  [34m  ▕▏  [34m  ▕▏  [34m  ▕▏  [34m  ▕▏  [34m  ▕▏  [39m  
  [34m  ▕▏  [34m  ▕▏  [34m  ▕▏  [31m██████[31m██████[31m██████[34m  ▕▏  [34m  ▕▏  [34m  ▕▏  [39m  
  [34m──██──[34m──██──[34m──██──[31m██████[31m██████[31m██████[34m──██──[34m──██──[34m──██──[39m  
  [34m  ▕▏  [34m  ▕▏  [34m  ▕▏  [31m██████[31m██████[31m██████[34m  ▕▏  [34m  ▕▏  [34m  ▕▏  [39m  
  [34m  ▕▏  [32m██████[34m  ▕▏  [31m██████[31m██████[31m██████[34m  ▕▏  [32m██████[34m  ▕▏  [39m  
  [34m──██──[32m██████[34m──██──[31m██████[31m██████[31m██████[34m──██──[32m██████[34m──██──[39m  
  [34m  ▕▏  [32m██████[34m  ▕▏  [31m██████[31m██████[31m██████[34m  ▕▏  [32m██████[34m  ▕▏  [39m  
  [34m  ▕▏  [34m  ▕▏  [34m  ▕▏  [31m██████[31m██████[31m██████[34m  ▕▏  [34m  ▕▏  [34m  ▕▏  [39m  
  [34m──██──[34m──██──[34m──██──[31m██████[31m██████[31m██████[34m──██──[34m──██──[34m──██──[39m  
  [34m  ▕▏  [34m  ▕▏  [34m  ▕▏  [31m██████[31m██████[31m██████[34m  ▕▏  [34m  ▕▏  [34m  ▕▏  [39m  
  [34m  ▕▏  [34m  ▕▏  [34m  ▕▏  [34m  ▕▏  [34m  ▕▏  [34m  ▕▏  [34m  ▕▏  [34m  ▕▏  [34m  ▕▏  [39m  
  [34m──██──[34m──██──[34m──██──[34m──██──[34m──██──[34m──██──[34m──██──[34m──██──[34m──██──[39m  
  [34m  ▕▏  [34m  ▕▏  [34m  ▕▏  [34m  ▕▏  [34m  ▕▏  [34m  ▕▏  [34m  ▕▏  [34m  ▕▏  [34m  ▕▏  [39m  
  [34m  ▕▏  [32m██████[34m  ▕▏  [34m  ▕▏  [32m██████[34m  ▕▏  [34m  ▕▏  [32m██████[34m  ▕▏  [39m  
  [34m──██──[32m██████[34m──██──[34m──██──[32m██████[34m──██──[34m──██──[32m██████[34m──██──[39m  
  [34m  ▕▏  [32m██████[34m  ▕▏  [34m  ▕▏  [32m██████[34m  ▕▏  [34m  ▕▏  [32m██████[34m  ▕▏  [39m  
  [34m  ▕▏  [34m  ▕▏  [34m  ▕▏  [34m  ▕▏  [34m  ▕▏  [34m  ▕▏  [34m  ▕▏  [34m  ▕▏  [34m  ▕▏  [39m  
  [34m──██──[34m──██──[34m──██──[34m──██──[34m──██──[34m──██──[34m──██──[34m──██──[34m──██──[39m  
  [34m  ▕▏  [34m  ▕▏  [34m  ▕▏  [34m  ▕▏  [34m  ▕▏  [34m  ▕▏  [34m  ▕▏  [34m  ▕▏  [34m  ▕▏  [39m  

AMR driver provided by CarpetX,
using AMReX 23.08 (MPI, OpenMP, no accelerators, debug)
--------------------------------------------------------------------------------

MPI initialized with 1 MPI processes
MPI initialized with thread support level 2
OMP initialized with 2 OMP threads
AMReX (23.08) initialized
INFO (CarpetX): 
Symmetries:
  lower x: none
  lower y: none
  lower z: none
  upper x: none
  upper y: none
  upper z: none
Default boundaries:
  lower x: neumann
  lower y: neumann
  lower z: neumann
  upper x: neumann
  upper y: neumann
  upper z: neumann
INFO (Arith): Test_smallvector
INFO (Arith): Test_spvect
INFO (CarpetX): Setting up initial conditions...
INFO (CarpetX): Iteration: 0   time: 0   delta_time: 0.125
INFO (CarpetX): Patch 0:
INFO (CarpetX):   Grid extent:
INFO (CarpetX):     gsh=[11,11,11]
INFO (CarpetX):     blocking_factor=[8,8,8]
INFO (CarpetX):     max_grid_size=[32,32,32]
INFO (CarpetX):     max_tile_size=[1024000,16,32]
INFO (CarpetX):   Domain extent:
INFO (CarpetX):     xmin=[-1,-1,-1]
INFO (CarpetX):     xmax=[1,1,1]
INFO (CarpetX):     base dx=[0.25,0.25,0.25]
INFO (CarpetX): Initializing level 0...
INFO (CarpetX): Regridding...
INFO (CarpetX):   level 0: 1 boxes, 512 cells (100%)
INFO (CarpetX): Initialized 1 levels
INFO (CarpetX): OutputGH: iteration 0, time 0.000000, run time 1 s
INFO (CarpetX): OutputADIOS2...
INFO (CarpetX): OutputGH done.
INFO (CarpetX): Starting evolution...
INFO (ODESolvers): Integrator is RK3
INFO (CarpetX): OutputGH: iteration 1, time 0.125000, run time 1 s
INFO (CarpetX): OutputGH done.
INFO (CarpetX): Simulation time: 0.125   Iterations per second: 313.663   Simulation time per second: 39.2079
INFO (CarpetX): Grid cells: 512   Grid cell updates per second: 160596
INFO (CarpetX): Performance:
INFO (CarpetX):   total evolution time:            0.00318813 sec
INFO (CarpetX):   total evolution compute time:    0.00318408 sec
INFO (CarpetX):   total evolution output time:     4.05312e-06 sec
INFO (CarpetX):   total iterations:                1
INFO (CarpetX):   total cells updated:             512
INFO (CarpetX):   average iterations per second: 313.663
INFO (CarpetX):   average cell updates per second: 160596
INFO (CarpetX): OutputGH: iteration 2, time 0.250000, run time 1 s
INFO (CarpetX): OutputGH done.
INFO (CarpetX): Simulation time: 0.25   Iterations per second: 324.461   Simulation time per second: 40.5576
INFO (CarpetX): Grid cells: 512   Grid cell updates per second: 166124
INFO (CarpetX): Performance:
INFO (CarpetX):   total evolution time:            0.00627017 sec
INFO (CarpetX):   total evolution compute time:    0.00626206 sec
INFO (CarpetX):   total evolution output time:     8.10623e-06 sec
INFO (CarpetX):   total iterations:                2
INFO (CarpetX):   total cells updated:             1024
INFO (CarpetX):   average iterations per second: 318.971
INFO (CarpetX):   average cell updates per second: 163313
INFO (CarpetX): OutputGH: iteration 3, time 0.375000, run time 1 s
INFO (CarpetX): OutputGH done.
INFO (CarpetX): Simulation time: 0.375   Iterations per second: 329.378   Simulation time per second: 41.1723
INFO (CarpetX): Grid cells: 512   Grid cell updates per second: 168642
INFO (CarpetX): Performance:
INFO (CarpetX):   total evolution time:            0.00930619 sec
INFO (CarpetX):   total evolution compute time:    0.00929403 sec
INFO (CarpetX):   total evolution output time:     1.21593e-05 sec
INFO (CarpetX):   total iterations:                3
INFO (CarpetX):   total cells updated:             1536
INFO (CarpetX):   average iterations per second: 322.366
INFO (CarpetX):   average cell updates per second: 165051
INFO (CarpetX): OutputGH: iteration 4, time 0.500000, run time 1 s
INFO (CarpetX): OutputGH done.
INFO (CarpetX): Simulation time: 0.5   Iterations per second: 326.253   Simulation time per second: 40.7816
INFO (CarpetX): Grid cells: 512   Grid cell updates per second: 167041
INFO (CarpetX): Performance:
INFO (CarpetX):   total evolution time:            0.0123713 sec
INFO (CarpetX):   total evolution compute time:    0.0123551 sec
INFO (CarpetX):   total evolution output time:     1.62125e-05 sec
INFO (CarpetX):   total iterations:                4
INFO (CarpetX):   total cells updated:             2048
INFO (CarpetX):   average iterations per second: 323.329
INFO (CarpetX):   average cell updates per second: 165544
INFO (CarpetX): OutputGH: iteration 5, time 0.625000, run time 1 s
INFO (CarpetX): OutputGH done.
INFO (CarpetX): Simulation time: 0.625   Iterations per second: 327.118   Simulation time per second: 40.8897
INFO (CarpetX): Grid cells: 512   Grid cell updates per second: 167484
INFO (CarpetX): Performance:
INFO (CarpetX):   total evolution time:            0.0154283 sec
INFO (CarpetX):   total evolution compute time:    0.0154021 sec
INFO (CarpetX):   total evolution output time:     2.6226e-05 sec
INFO (CarpetX):   total iterations:                5
INFO (CarpetX):   total cells updated:             2560
INFO (CarpetX):   average iterations per second: 324.08
INFO (CarpetX):   average cell updates per second: 165929
INFO (CarpetX): OutputGH: iteration 6, time 0.750000, run time 1 s
INFO (CarpetX): OutputGH done.
INFO (CarpetX): Simulation time: 0.75   Iterations per second: 326.151   Simulation time per second: 40.7689
INFO (CarpetX): Grid cells: 512   Grid cell updates per second: 166989
INFO (CarpetX): Performance:
INFO (CarpetX):   total evolution time:            0.0184944 sec
INFO (CarpetX):   total evolution compute time:    0.018465 sec
INFO (CarpetX):   total evolution output time:     2.93255e-05 sec
INFO (CarpetX):   total iterations:                6
INFO (CarpetX):   total cells updated:             3072
INFO (CarpetX):   average iterations per second: 324.423
INFO (CarpetX):   average cell updates per second: 166105
INFO (CarpetX): OutputGH: iteration 7, time 0.875000, run time 1 s
INFO (CarpetX): OutputGH done.
INFO (CarpetX): Simulation time: 0.875   Iterations per second: 329.611   Simulation time per second: 41.2014
INFO (CarpetX): Grid cells: 512   Grid cell updates per second: 168761
INFO (CarpetX): Performance:
INFO (CarpetX):   total evolution time:            0.0215282 sec
INFO (CarpetX):   total evolution compute time:    0.0214961 sec
INFO (CarpetX):   total evolution output time:     3.21865e-05 sec
INFO (CarpetX):   total iterations:                7
INFO (CarpetX):   total cells updated:             3584
INFO (CarpetX):   average iterations per second: 325.154
INFO (CarpetX):   average cell updates per second: 166479
INFO (CarpetX): OutputGH: iteration 8, time 1.000000, run time 1 s
INFO (CarpetX): OutputGH done.
INFO (CarpetX): Simulation time: 1   Iterations per second: 327.22   Simulation time per second: 40.9025
INFO (CarpetX): Grid cells: 512   Grid cell updates per second: 167537
INFO (CarpetX): Performance:
INFO (CarpetX):   total evolution time:            0.0245843 sec
INFO (CarpetX):   total evolution compute time:    0.024549 sec
INFO (CarpetX):   total evolution output time:     3.52859e-05 sec
INFO (CarpetX):   total iterations:                8
INFO (CarpetX):   total cells updated:             4096
INFO (CarpetX):   average iterations per second: 325.411
INFO (CarpetX):   average cell updates per second: 166610
INFO (CarpetX): OutputGH: iteration 9, time 1.125000, run time 1 s
INFO (CarpetX): OutputGH done.
INFO (CarpetX): Simulation time: 1.125   Iterations per second: 327.654   Simulation time per second: 40.9568
INFO (CarpetX): Grid cells: 512   Grid cell updates per second: 167759
INFO (CarpetX): Performance:
INFO (CarpetX):   total evolution time:            0.0276363 sec
INFO (CarpetX):   total evolution compute time:    0.0275981 sec
INFO (CarpetX):   total evolution output time:     3.8147e-05 sec
INFO (CarpetX):   total iterations:                9
INFO (CarpetX):   total cells updated:             4608
INFO (CarpetX):   average iterations per second: 325.659
INFO (CarpetX):   average cell updates per second: 166737
INFO (CarpetX): OutputGH: iteration 10, time 1.250000, run time 1 s
INFO (CarpetX): OutputADIOS2...
INFO (CarpetX): OutputGH done.
INFO (CarpetX): Simulation time: 1.25   Iterations per second: 249.127   Simulation time per second: 31.1409
INFO (CarpetX): Grid cells: 512   Grid cell updates per second: 127553
INFO (CarpetX): Performance:
INFO (CarpetX):   total evolution time:            0.0316503 sec
INFO (CarpetX):   total evolution compute time:    0.0306451 sec
INFO (CarpetX):   total evolution output time:     0.00100517 sec
INFO (CarpetX):   total iterations:                10
INFO (CarpetX):   total cells updated:             5120
INFO (CarpetX):   average iterations per second: 315.953
INFO (CarpetX):   average cell updates per second: 161768
INFO (CarpetX): Shutting down...
AMReX (23.08) finalized
--------------------------------------------------------------------------------
Done.
+ echo Stopping:
Stopping:
+ date
Sat Dec  9 01:23:01 UTC 2023
+ echo Done.
Done.
  Elapsed time: 0.7 s
