/home/runner/simulations/TestJob01_temp_1/output-0000/TEST/sim/WaveToyX
Preparing:
+ set -e
+ cd output-0000-active
+ echo Checking:
Checking:
+ pwd
/home/runner/simulations/TestJob01_temp_1/output-0000/TEST/sim/WaveToyX/output-0000-active
+ hostname
fv-az306-825
+ date
Wed Nov  1 00:06:00 UTC 2023
+ echo Environment:
Environment:
+ export CACTUS_NUM_PROCS=1
+ CACTUS_NUM_PROCS=1
+ export CACTUS_NUM_THREADS=2
+ CACTUS_NUM_THREADS=2
+ export GMON_OUT_PREFIX=gmon.out
+ GMON_OUT_PREFIX=gmon.out
+ export OMP_NUM_THREADS=2
+ OMP_NUM_THREADS=2
+ env
+ sort
+ echo Starting:
Starting:
++ date +%s
+ export CACTUS_STARTTIME=1698797160
+ CACTUS_STARTTIME=1698797160
+ '[' 1 = 1 ']'
+ '[' 0 -eq 0 ']'
+ /home/runner/simulations/TestJob01_temp_1/SIMFACTORY/exe/cactus_sim -L 3 /home/runner/simulations/TestJob01_temp_1/output-0000/arrangements/CarpetX/WaveToyX/test/radiative.par
INFO (Cactus): Increased logging level from 0 to 3
--------------------------------------------------------------------------------

       10                                  
  1   0101       ************************  
  01  1010 10      The Cactus Code V4.14.0    
 1010 1101 011      www.cactuscode.org     
  1001 100101    ************************  
    00010101                               
     100011     (c) Copyright The Authors  
      0100      GNU Licensed. No Warranty  
      0101                                 
--------------------------------------------------------------------------------

Cactus version:    4.14.0
Compile date:      Oct 31 2023 (23:48:40)
Run date:          Nov 01 2023 (00:06:01+0000)
Run host:          fv-az306-825.jmregfajfmhelj5hmjabl4nu2g.cx.internal.cloudapp.net (pid=138202)
Working directory: /home/runner/simulations/TestJob01_temp_1/output-0000/TEST/sim/WaveToyX
Executable:        /home/runner/simulations/TestJob01_temp_1/SIMFACTORY/exe/cactus_sim
Parameter file:    /home/runner/simulations/TestJob01_temp_1/output-0000/arrangements/CarpetX/WaveToyX/test/radiative.par
--------------------------------------------------------------------------------

Activating thorn Cactus...Success -> active implementation Cactus
Activation requested for 
--->CarpetX IOUtil ODESolvers WaveToyX<---
Thorn CarpetX requests automatic activation of AMReX
Thorn CarpetX requests automatic activation of MPI
Thorn CarpetX requests automatic activation of yaml_cpp
Thorn CarpetX requests automatic activation of zlib
Thorn CarpetX requests automatic activation of Arith
Thorn CarpetX requests automatic activation of Loop
Thorn CarpetX requests automatic activation of ADIOS2
Thorn CarpetX requests automatic activation of openPMD
Thorn CarpetX requests automatic activation of Silo
Thorn Arith requests automatic activation of NSIMD
Thorn MPI requests automatic activation of hwloc
Thorn openPMD requests automatic activation of HDF5
Activating thorn ADIOS2...Success -> active implementation ADIOS2
Activating thorn AMReX...Success -> active implementation AMReX
Activating thorn Arith...Success -> active implementation Arith
Activating thorn CarpetX...Success -> active implementation CarpetX
Activating thorn HDF5...Success -> active implementation HDF5
Activating thorn hwloc...Success -> active implementation hwloc
Activating thorn IOUtil...Success -> active implementation IO
Activating thorn Loop...Success -> active implementation Loop
Activating thorn MPI...Success -> active implementation MPI
Activating thorn NSIMD...Success -> active implementation NSIMD
Activating thorn ODESolvers...Success -> active implementation ODESolvers
Activating thorn openPMD...Success -> active implementation openPMD
Activating thorn Silo...Success -> active implementation Silo
Activating thorn WaveToyX...Success -> active implementation WaveToyX
Activating thorn yaml_cpp...Success -> active implementation yaml_cpp
Activating thorn zlib...Success -> active implementation zlib
INFO (hwloc): library version 2.7.0, API version 0x20500
--------------------------------------------------------------------------------

  [34m  ▕▏  [34m  ▕▏  [34m  ▕▏  [34m  ▕▏  [34m  ▕▏  [34m  ▕▏  [34m  ▕▏  [34m  ▕▏  [34m  ▕▏  [39m  
  [34m──██──[34m──██──[34m──██──[34m──██──[34m──██──[34m──██──[34m──██──[34m──██──[34m──██──[39m  
  [34m  ▕▏  [34m  ▕▏  [34m  ▕▏  [34m  ▕▏  [34m  ▕▏  [34m  ▕▏  [34m  ▕▏  [34m  ▕▏  [34m  ▕▏  [39m  
  [34m  ▕▏  [32m██████[34m  ▕▏  [34m  ▕▏  [32m██████[34m  ▕▏  [34m  ▕▏  [32m██████[34m  ▕▏  [39m  
  [34m──██──[32m██████[34m──██──[34m──██──[32m██████[34m──██──[34m──██──[32m██████[34m──██──[39m  
  [34m  ▕▏  [32m██████[34m  ▕▏  [34m  ▕▏  [32m██████[34m  ▕▏  [34m  ▕▏  [32m██████[34m  ▕▏  [39m  
  [34m  ▕▏  [34m  ▕▏  [34m  ▕▏  [34m  ▕▏  [34m  ▕▏  [34m  ▕▏  [34m  ▕▏  [34m  ▕▏  [34m  ▕▏  [39m  
  [34m──██──[34m──██──[34m──██──[34m──██──[34m──██──[34m──██──[34m──██──[34m──██──[34m──██──[39m  
  [34m  ▕▏  [34m  ▕▏  [34m  ▕▏  [34m  ▕▏  [34m  ▕▏  [34m  ▕▏  [34m  ▕▏  [34m  ▕▏  [34m  ▕▏  [39m  
  [34m  ▕▏  [34m  ▕▏  [34m  ▕▏  [31m██████[31m██████[31m██████[34m  ▕▏  [34m  ▕▏  [34m  ▕▏  [39m  
  [34m──██──[34m──██──[34m──██──[31m██████[31m██████[31m██████[34m──██──[34m──██──[34m──██──[39m  
  [34m  ▕▏  [34m  ▕▏  [34m  ▕▏  [31m██████[31m██████[31m██████[34m  ▕▏  [34m  ▕▏  [34m  ▕▏  [39m  
  [34m  ▕▏  [32m██████[34m  ▕▏  [31m██████[31m██████[31m██████[34m  ▕▏  [32m██████[34m  ▕▏  [39m  
  [34m──██──[32m██████[34m──██──[31m██████[31m██████[31m██████[34m──██──[32m██████[34m──██──[39m  
  [34m  ▕▏  [32m██████[34m  ▕▏  [31m██████[31m██████[31m██████[34m  ▕▏  [32m██████[34m  ▕▏  [39m  
  [34m  ▕▏  [34m  ▕▏  [34m  ▕▏  [31m██████[31m██████[31m██████[34m  ▕▏  [34m  ▕▏  [34m  ▕▏  [39m  
  [34m──██──[34m──██──[34m──██──[31m██████[31m██████[31m██████[34m──██──[34m──██──[34m──██──[39m  
  [34m  ▕▏  [34m  ▕▏  [34m  ▕▏  [31m██████[31m██████[31m██████[34m  ▕▏  [34m  ▕▏  [34m  ▕▏  [39m  
  [34m  ▕▏  [34m  ▕▏  [34m  ▕▏  [34m  ▕▏  [34m  ▕▏  [34m  ▕▏  [34m  ▕▏  [34m  ▕▏  [34m  ▕▏  [39m  
  [34m──██──[34m──██──[34m──██──[34m──██──[34m──██──[34m──██──[34m──██──[34m──██──[34m──██──[39m  
  [34m  ▕▏  [34m  ▕▏  [34m  ▕▏  [34m  ▕▏  [34m  ▕▏  [34m  ▕▏  [34m  ▕▏  [34m  ▕▏  [34m  ▕▏  [39m  
  [34m  ▕▏  [32m██████[34m  ▕▏  [34m  ▕▏  [32m██████[34m  ▕▏  [34m  ▕▏  [32m██████[34m  ▕▏  [39m  
  [34m──██──[32m██████[34m──██──[34m──██──[32m██████[34m──██──[34m──██──[32m██████[34m──██──[39m  
  [34m  ▕▏  [32m██████[34m  ▕▏  [34m  ▕▏  [32m██████[34m  ▕▏  [34m  ▕▏  [32m██████[34m  ▕▏  [39m  
  [34m  ▕▏  [34m  ▕▏  [34m  ▕▏  [34m  ▕▏  [34m  ▕▏  [34m  ▕▏  [34m  ▕▏  [34m  ▕▏  [34m  ▕▏  [39m  
  [34m──██──[34m──██──[34m──██──[34m──██──[34m──██──[34m──██──[34m──██──[34m──██──[34m──██──[39m  
  [34m  ▕▏  [34m  ▕▏  [34m  ▕▏  [34m  ▕▏  [34m  ▕▏  [34m  ▕▏  [34m  ▕▏  [34m  ▕▏  [34m  ▕▏  [39m  

AMR driver provided by CarpetX,
using AMReX 23.08 (MPI, OpenMP, no accelerators, debug)
--------------------------------------------------------------------------------

MPI initialized with 1 MPI processes
MPI initialized with thread support level 2
OMP initialized with 2 OMP threads
AMReX (23.08) initialized
INFO (CarpetX): 
Symmetries:
  lower x: none
  lower y: none
  lower z: none
  upper x: none
  upper y: none
  upper z: none
Default boundaries:
  lower x: neumann
  lower y: neumann
  lower z: neumann
  upper x: neumann
  upper y: neumann
  upper z: neumann
INFO (Arith): Test_smallvector
INFO (Arith): Test_spvect
INFO (CarpetX): Setting up initial conditions...
INFO (CarpetX): Iteration: 0   time: 0   delta_time: 0.125
INFO (CarpetX): Patch 0:
INFO (CarpetX):   Grid extent:
INFO (CarpetX):     gsh=[11,11,11]
INFO (CarpetX):     blocking_factor=[8,8,8]
INFO (CarpetX):     max_grid_size=[32,32,32]
INFO (CarpetX):     max_tile_size=[1024000,16,32]
INFO (CarpetX):   Domain extent:
INFO (CarpetX):     xmin=[-1,-1,-1]
INFO (CarpetX):     xmax=[1,1,1]
INFO (CarpetX):     base dx=[0.25,0.25,0.25]
INFO (CarpetX): Initializing level 0...
INFO (CarpetX): Regridding...
INFO (CarpetX):   level 0: 1 boxes, 512 cells (100%)
INFO (CarpetX): Initialized 1 levels
INFO (CarpetX): OutputGH: iteration 0, time 0.000000, run time 1 s
INFO (CarpetX): OutputADIOS2...
INFO (CarpetX): OutputGH done.
INFO (CarpetX): Starting evolution...
INFO (ODESolvers): Integrator is RK3
INFO (CarpetX): OutputGH: iteration 1, time 0.125000, run time 1 s
INFO (CarpetX): OutputGH done.
INFO (CarpetX): Simulation time: 0.125   Iterations per second: 281.044   Simulation time per second: 35.1305
INFO (CarpetX): Grid cells: 512   Grid cell updates per second: 143895
INFO (CarpetX): Performance:
INFO (CarpetX):   total evolution time:            0.00355816 sec
INFO (CarpetX):   total evolution compute time:    0.0035522 sec
INFO (CarpetX):   total evolution output time:     5.96046e-06 sec
INFO (CarpetX):   total iterations:                1
INFO (CarpetX):   total cells updated:             512
INFO (CarpetX):   average iterations per second: 281.044
INFO (CarpetX):   average cell updates per second: 143895
INFO (CarpetX): OutputGH: iteration 2, time 0.250000, run time 1 s
INFO (CarpetX): OutputGH done.
INFO (CarpetX): Simulation time: 0.25   Iterations per second: 305.908   Simulation time per second: 38.2385
INFO (CarpetX): Grid cells: 512   Grid cell updates per second: 156625
INFO (CarpetX): Performance:
INFO (CarpetX):   total evolution time:            0.00682712 sec
INFO (CarpetX):   total evolution compute time:    0.00681806 sec
INFO (CarpetX):   total evolution output time:     9.05991e-06 sec
INFO (CarpetX):   total iterations:                2
INFO (CarpetX):   total cells updated:             1024
INFO (CarpetX):   average iterations per second: 292.949
INFO (CarpetX):   average cell updates per second: 149990
INFO (CarpetX): OutputGH: iteration 3, time 0.375000, run time 1 s
INFO (CarpetX): OutputGH done.
INFO (CarpetX): Simulation time: 0.375   Iterations per second: 308.927   Simulation time per second: 38.6159
INFO (CarpetX): Grid cells: 512   Grid cell updates per second: 158171
INFO (CarpetX): Performance:
INFO (CarpetX):   total evolution time:            0.0100641 sec
INFO (CarpetX):   total evolution compute time:    0.010052 sec
INFO (CarpetX):   total evolution output time:     1.21593e-05 sec
INFO (CarpetX):   total iterations:                3
INFO (CarpetX):   total cells updated:             1536
INFO (CarpetX):   average iterations per second: 298.089
INFO (CarpetX):   average cell updates per second: 152621
INFO (CarpetX): OutputGH: iteration 4, time 0.500000, run time 1 s
INFO (CarpetX): OutputGH done.
INFO (CarpetX): Simulation time: 0.5   Iterations per second: 306.848   Simulation time per second: 38.356
INFO (CarpetX): Grid cells: 512   Grid cell updates per second: 157106
INFO (CarpetX): Performance:
INFO (CarpetX):   total evolution time:            0.0133231 sec
INFO (CarpetX):   total evolution compute time:    0.0133069 sec
INFO (CarpetX):   total evolution output time:     1.62125e-05 sec
INFO (CarpetX):   total iterations:                4
INFO (CarpetX):   total cells updated:             2048
INFO (CarpetX):   average iterations per second: 300.231
INFO (CarpetX):   average cell updates per second: 153718
INFO (CarpetX): OutputGH: iteration 5, time 0.625000, run time 1 s
INFO (CarpetX): OutputGH done.
INFO (CarpetX): Simulation time: 0.625   Iterations per second: 306.288   Simulation time per second: 38.286
INFO (CarpetX): Grid cells: 512   Grid cell updates per second: 156819
INFO (CarpetX): Performance:
INFO (CarpetX):   total evolution time:            0.016588 sec
INFO (CarpetX):   total evolution compute time:    0.0165598 sec
INFO (CarpetX):   total evolution output time:     2.81334e-05 sec
INFO (CarpetX):   total iterations:                5
INFO (CarpetX):   total cells updated:             2560
INFO (CarpetX):   average iterations per second: 301.423
INFO (CarpetX):   average cell updates per second: 154329
INFO (CarpetX): OutputGH: iteration 6, time 0.750000, run time 1 s
INFO (CarpetX): OutputGH done.
INFO (CarpetX): Simulation time: 0.75   Iterations per second: 304.597   Simulation time per second: 38.0747
INFO (CarpetX): Grid cells: 512   Grid cell updates per second: 155954
INFO (CarpetX): Performance:
INFO (CarpetX):   total evolution time:            0.019871 sec
INFO (CarpetX):   total evolution compute time:    0.0198398 sec
INFO (CarpetX):   total evolution output time:     3.12328e-05 sec
INFO (CarpetX):   total iterations:                6
INFO (CarpetX):   total cells updated:             3072
INFO (CarpetX):   average iterations per second: 301.948
INFO (CarpetX):   average cell updates per second: 154597
INFO (CarpetX): OutputGH: iteration 7, time 0.875000, run time 1 s
INFO (CarpetX): OutputGH done.
INFO (CarpetX): Simulation time: 0.875   Iterations per second: 307.771   Simulation time per second: 38.4714
INFO (CarpetX): Grid cells: 512   Grid cell updates per second: 157579
INFO (CarpetX): Performance:
INFO (CarpetX):   total evolution time:            0.0231202 sec
INFO (CarpetX):   total evolution compute time:    0.0230849 sec
INFO (CarpetX):   total evolution output time:     3.52859e-05 sec
INFO (CarpetX):   total iterations:                7
INFO (CarpetX):   total cells updated:             3584
INFO (CarpetX):   average iterations per second: 302.766
INFO (CarpetX):   average cell updates per second: 155016
INFO (CarpetX): OutputGH: iteration 8, time 1.000000, run time 1 s
INFO (CarpetX): OutputGH done.
INFO (CarpetX): Simulation time: 1   Iterations per second: 304.974   Simulation time per second: 38.1217
INFO (CarpetX): Grid cells: 512   Grid cell updates per second: 156147
INFO (CarpetX): Performance:
INFO (CarpetX):   total evolution time:            0.0263991 sec
INFO (CarpetX):   total evolution compute time:    0.02636 sec
INFO (CarpetX):   total evolution output time:     3.91006e-05 sec
INFO (CarpetX):   total iterations:                8
INFO (CarpetX):   total cells updated:             4096
INFO (CarpetX):   average iterations per second: 303.04
INFO (CarpetX):   average cell updates per second: 155157
INFO (CarpetX): OutputGH: iteration 9, time 1.125000, run time 1 s
INFO (CarpetX): OutputGH done.
INFO (CarpetX): Simulation time: 1.125   Iterations per second: 308.065   Simulation time per second: 38.5081
INFO (CarpetX): Grid cells: 512   Grid cell updates per second: 157729
INFO (CarpetX): Performance:
INFO (CarpetX):   total evolution time:            0.0296452 sec
INFO (CarpetX):   total evolution compute time:    0.029603 sec
INFO (CarpetX):   total evolution output time:     4.22001e-05 sec
INFO (CarpetX):   total iterations:                9
INFO (CarpetX):   total cells updated:             4608
INFO (CarpetX):   average iterations per second: 303.59
INFO (CarpetX):   average cell updates per second: 155438
INFO (CarpetX): OutputGH: iteration 10, time 1.250000, run time 1 s
INFO (CarpetX): OutputADIOS2...
INFO (CarpetX): OutputGH done.
INFO (CarpetX): Simulation time: 1.25   Iterations per second: 228.15   Simulation time per second: 28.5187
INFO (CarpetX): Grid cells: 512   Grid cell updates per second: 116813
INFO (CarpetX): Performance:
INFO (CarpetX):   total evolution time:            0.0340283 sec
INFO (CarpetX):   total evolution compute time:    0.0328491 sec
INFO (CarpetX):   total evolution output time:     0.00117922 sec
INFO (CarpetX):   total iterations:                10
INFO (CarpetX):   total cells updated:             5120
INFO (CarpetX):   average iterations per second: 293.873
INFO (CarpetX):   average cell updates per second: 150463
INFO (CarpetX): Shutting down...
AMReX (23.08) finalized
--------------------------------------------------------------------------------
Done.
+ echo Stopping:
Stopping:
+ date
Wed Nov  1 00:06:01 UTC 2023
+ echo Done.
Done.
  Elapsed time: 0.9 s
