/home/runner/simulations/TestJob01_temp_2/output-0000/TEST/sim/MemSpeed
Preparing:
+ set -e
+ cd output-0000-active
+ echo Checking:
Checking:
+ pwd
/home/runner/simulations/TestJob01_temp_2/output-0000/TEST/sim/MemSpeed/output-0000-active
+ hostname
runnervm35a4x
+ date
Fri Apr 10 23:04:50 UTC 2026
+ echo Environment:
Environment:
+ export CACTUS_NUM_PROCS=2
+ CACTUS_NUM_PROCS=2
+ export CACTUS_NUM_THREADS=1
+ CACTUS_NUM_THREADS=1
+ export GMON_OUT_PREFIX=gmon.out
+ GMON_OUT_PREFIX=gmon.out
+ export OMP_NUM_THREADS=1
+ OMP_NUM_THREADS=1
+ env
+ sort
+ echo Starting:
Starting:
++ date +%s
+ export CACTUS_STARTTIME=1775862290
+ CACTUS_STARTTIME=1775862290
+ '[' 2 = 1 ']'
+ mpirun -np 2 /home/runner/simulations/TestJob01_temp_2/SIMFACTORY/exe/cactus_sim -L 3 /home/runner/simulations/TestJob01_temp_2/output-0000/arrangements/CactusUtils/MemSpeed/test/memspeed.par
INFO (Cactus): Increased logging level from 0 to 3
--------------------------------------------------------------------------------

       10                                  
  1   0101       ************************  
  01  1010 10      The Cactus Code V4.18.0    
 1010 1101 011      www.cactuscode.org     
  1001 100101    ************************  
    00010101                               
     100011     (c) Copyright The Authors  
      0100      GNU Licensed. No Warranty  
      0101                                 
--------------------------------------------------------------------------------

Cactus version:    4.18.0
Compile date:      Apr 10 2026 (22:27:50)
Run date:          Apr 10 2026 (23:04:51+0000)
Run host:          runnervm35a4x.ne02jlwbml0ehokqdifvkp3bbf.yx.internal.cloudapp.net (pid=149448)
Working directory: /home/runner/simulations/TestJob01_temp_2/output-0000/TEST/sim/MemSpeed
Executable:        /home/runner/simulations/TestJob01_temp_2/SIMFACTORY/exe/cactus_sim
Parameter file:    /home/runner/simulations/TestJob01_temp_2/output-0000/arrangements/CactusUtils/MemSpeed/test/memspeed.par
--------------------------------------------------------------------------------

Activating thorn Cactus...Success -> active implementation Cactus
Activation requested for 
--->hwloc MemSpeed SystemTopology CartGrid3D CoordBase IOASCII IOUtil PUGH PUGHSlab<---
Thorn hwloc requests automatic activation of zlib
Thorn MemSpeed requests automatic activation of Vectors
Thorn MemSpeed requests automatic activation of MPI
Activating thorn CartGrid3D...Success -> active implementation grid
Activating thorn CoordBase...Success -> active implementation CoordBase
Activating thorn hwloc...Success -> active implementation hwloc
Activating thorn IOASCII...Success -> active implementation IOASCII
Activating thorn IOUtil...Success -> active implementation IO
Activating thorn MemSpeed...Success -> active implementation MemSpeed
Activating thorn MPI...Success -> active implementation MPI
Activating thorn PUGH...Success -> active implementation Driver
Activating thorn PUGHSlab...Success -> active implementation Hyperslab
Activating thorn SystemTopology...Success -> active implementation SystemTopology
Activating thorn Vectors...Success -> active implementation Vectors
Activating thorn zlib...Success -> active implementation zlib
--------------------------------------------------------------------------------
  if (recover initial data)
    Recover parameters
  endif

  Startup routines
    [CCTK_STARTUP]
      CartGrid3D::SymmetryStartup: Register GH Extension for GridSymmetry
      CoordBase::CoordBase_Startup: Register a GH extension to store the coordinate system handles
      GROUP hwloc_startup: hwloc startup group
        hwloc::hwloc_version: Output hwloc version
      SystemTopology::ST_system_topology: Output and/or modify system topology and hardware locality
      PUGH::Driver_Startup: Startup routine
      PUGH::PUGH_RegisterPUGHP2LRoutines: Register Physical to Logical process mapping routines
      PUGH::PUGH_RegisterPUGHTopologyRoutines: Register topology generation routines routines
      IOUtil::IOUtil_Startup: Startup routine
      Vectors::Vectors_Startup: Print startup message
      IOASCII::IOASCII_Startup: Startup routine

  Startup routines which need an existing grid hierarchy
    [CCTK_WRAGH]
      CartGrid3D::RegisterCartGrid3DCoords: [meta] Register coordinates for the Cartesian grid
      MemSpeed::MemSpeed_MeasureSpeed: [meta] Measure CPU, memory, cache speeds
  Parameter checking routines
    [CCTK_PARAMCHECK]
      CartGrid3D::ParamCheck_CartGrid3D: Check coordinates for CartGrid3D
      Vectors::Vectors_Test: Run correctness tests.

  Initialisation
    if (NOT (recover initial data AND recovery_mode is 'strict'))
      [CCTK_PREREGRIDINITIAL]
      Set up grid hierarchy
      [CCTK_POSTREGRIDINITIAL]
        CartGrid3D::SpatialCoordinates: Set Coordinates after regridding
      [CCTK_BASEGRID]
        CartGrid3D::SpatialSpacings: Set up ranges for spatial 3D Cartesian coordinates (on all grids)
        CartGrid3D::SpatialCoordinates: Set up spatial 3D Cartesian coordinates on the GH
        IOASCII::IOASCII_Choose1D: Choose 1D output lines
        IOASCII::IOASCII_Choose2D: Choose 2D output planes
        PUGH::PUGH_Report: Report on PUGH set up
      [CCTK_INITIAL]
      [CCTK_POSTINITIAL]
      Initialise finer grids recursively
      Restrict from finer grids
      [CCTK_POSTRESTRICTINITIAL]
      [CCTK_POSTPOSTINITIAL]
      [CCTK_POSTSTEP]
    endif
    if (recover initial data)
      [CCTK_BASEGRID]
        CartGrid3D::SpatialSpacings: Set up ranges for spatial 3D Cartesian coordinates (on all grids)
        CartGrid3D::SpatialCoordinates: Set up spatial 3D Cartesian coordinates on the GH
        IOASCII::IOASCII_Choose1D: Choose 1D output lines
        IOASCII::IOASCII_Choose2D: Choose 2D output planes
        PUGH::PUGH_Report: Report on PUGH set up
      [CCTK_RECOVER_VARIABLES]
      [CCTK_POST_RECOVER_VARIABLES]
    endif
    if (checkpoint initial data)
      [CCTK_CPINITIAL]
    endif
    if (analysis)
      [CCTK_ANALYSIS]
  endif
  Output grid variables

  do loop over timesteps
    [CCTK_PREREGRID]
    Change grid hierarchy
    [CCTK_POSTREGRID]
      CartGrid3D::SpatialCoordinates: Set Coordinates after regridding
    Rotate timelevels
    iteration = iteration+1
    t = t+dt
    [CCTK_PRESTEP]
    [CCTK_EVOL]
    Evolve finer grids recursively
    Restrict from finer grids
    [CCTK_POSTRESTRICT]
    [CCTK_POSTSTEP]
    if (checkpoint)
      [CCTK_CHECKPOINT]
    endif
    if (analysis)
      [CCTK_ANALYSIS]
    endif
    Output grid variables
    enddo

  Termination routines
    [CCTK_TERMINATE]
      PUGH::Driver_Terminate: Termination routine

  Shutdown routines
    [CCTK_SHUTDOWN]

  Routines run after changing the grid hierarchy:
    [CCTK_POSTREGRID]
      CartGrid3D::SpatialCoordinates: Set Coordinates after regridding
--------------------------------------------------------------------------------
INFO (hwloc): library version 2.10.0, API version 0x20800
INFO (SystemTopology): MPI process-to-host mapping:
This is MPI process 0 of 2
MPI hosts:
  0: runnervm35a4x
This MPI process runs on host 0 of 1
On this host, this is MPI process 0 of 2
INFO (SystemTopology): Topology support:
Discovery support:
  discovery->pu                            : yes
CPU binding support:
  cpubind->set_thisproc_cpubind            : yes
  cpubind->get_thisproc_cpubind            : yes
  cpubind->set_proc_cpubind                : yes
  cpubind->get_proc_cpubind                : yes
  cpubind->set_thisthread_cpubind          : yes
  cpubind->get_thisthread_cpubind          : yes
  cpubind->set_thread_cpubind              : yes
  cpubind->get_thread_cpubind              : yes
  cpubind->get_thisproc_last_cpu_location  : yes
  cpubind->get_proc_last_cpu_location      : yes
  cpubind->get_thisthread_last_cpu_location: yes
Memory binding support:
  membind->set_thisproc_membind            : no
  membind->get_thisproc_membind            : no
  membind->set_proc_membind                : no
  membind->get_proc_membind                : no
  membind->set_thisthread_membind          : yes
  membind->get_thisthread_membind          : yes
  membind->set_area_membind                : yes
  membind->get_area_membind                : yes
  membind->alloc_membind                   : yes
  membind->firsttouch_membind              : yes
  membind->bind_membind                    : yes
  membind->interleave_membind              : yes
  membind->nexttouch_membind               : no
  membind->migrate_membind                 : yes
INFO (SystemTopology): Hardware objects in this node:
Machine L#0: (P#0, total=16373468KB, DMIProductName="Virtual Machine", DMIProductVersion="Hyper-V UEFI Release v4.1", DMIProductUUID=223e605a-1bcd-4052-8f9c-4f2d088f1201, DMIBoardVendor="Microsoft Corporation", DMIBoardName="Virtual Machine", DMIBoardVersion="Hyper-V UEFI Release v4.1", DMIBoardAssetTag=None, DMIChassisVendor="Microsoft Corporation", DMIChassisType=3, DMIChassisVersion="Hyper-V UEFI Release v4.1", DMIChassisAssetTag=7783-7084-3265-9085-8269-3286-77, DMIBIOSVendor="Microsoft Corporation", DMIBIOSVersion="Hyper-V UEFI Release v4.1", DMIBIOSDate=01/08/2026, DMISysVendor="Microsoft Corporation", Backend=Linux, LinuxCgroup=/system.slice/hosted-compute-agent.service, OSName=Linux, OSRelease=6.17.0-1010-azure, OSVersion="#10~24.04.1-Ubuntu SMP Fri Mar  6 22:00:57 UTC 2026", HostName=runnervm35a4x, Architecture=x86_64, hwlocVersion=2.10.0, ProcessName=cactus_sim)
  Package L#0: (P#0, total=16373468KB, CPUVendor=AuthenticAMD, CPUFamilyNumber=25, CPUModelNumber=17, CPUModel="AMD EPYC 9V74 80-Core Processor                ", CPUStepping=1)
    L3Cache L#0: (P#0, size=32768KB, linesize=64, ways=16, Inclusive=0)
      L2Cache L#0: (P#0, size=1024KB, linesize=64, ways=8, Inclusive=1)
        L1dCache L#0: (P#0, size=32KB, linesize=64, ways=8, Inclusive=0)
          Core L#0: (P#0)
            PU L#0: (P#0)
            PU L#1: (P#1)
      L2Cache L#1: (P#1, size=1024KB, linesize=64, ways=8, Inclusive=1)
        L1dCache L#1: (P#1, size=32KB, linesize=64, ways=8, Inclusive=0)
          Core L#1: (P#1)
            PU L#2: (P#2)
            PU L#3: (P#3)
INFO (SystemTopology): Thread CPU bindings:
  MPI process 0 on host 0 (process 0 of 2 on this host)
    OpenMP thread 0: PU set L#{0-1} P#{0-1}
  MPI process 1 on host 0 (process 1 of 2 on this host)
    OpenMP thread 0: PU set L#{2-3} P#{2-3}
INFO (SystemTopology): Setting thread CPU bindings:
INFO (SystemTopology): Thread CPU bindings:
  MPI process 0 on host 0 (process 0 of 2 on this host)
    OpenMP thread 0: PU set L#{0} P#{0}
  MPI process 1 on host 0 (process 1 of 2 on this host)
    OpenMP thread 0: PU set L#{2} P#{2}
INFO (SystemTopology): Extracting CPU/cache/memory properties:
  There are 2 PUs per core (aka hardware SMT threads)
  There are 1 threads per core (aka SMT threads used)
  Cache (unknown name) has type "data" depth 1
    size 32768 linesize 64 associativity 8 stride 4096, for 2 PUs
  Cache (unknown name) has type "unified" depth 2
    size 1048576 linesize 64 associativity 8 stride 131072, for 2 PUs
  Cache (unknown name) has type "unified" depth 3
    size 33554432 linesize 64 associativity 16 stride 2097152, for 4 PUs
INFO (PUGH): Using physical to logical mappings: direct
INFO (PUGH): Using topology generator: automatic
INFO (Vectors): Using vector size 2 for architecture SSE2 (64-bit precision)
--------------------------------------------------------------------------------
Driver provided by PUGH
--------------------------------------------------------------------------------

INFO (PUGH): Not setting up a topology for 1 dimensions
INFO (PUGH): Not setting up a topology for 2 dimensions
INFO (PUGH): Setting up a topology for 3 dimensions
INFO (IOASCII): I/O Method 'IOASCII_1D' registered: output of 1D lines of grid functions/arrays to ASCII files
INFO (IOASCII): Periodic 1D output every 1 iterations
INFO (IOASCII): Periodic 1D output requested for 'GRID::r'
INFO (IOASCII): I/O Method 'IOASCII_2D' registered: output of 2D planes of grid functions/arrays to ASCII files
INFO (IOASCII): Periodic 2D output turned off
INFO (IOASCII): I/O Method 'IOASCII_3D' registered: output of 3D grid functions/arrays to ASCII files
INFO (IOASCII): Periodic 3D output turned off
INFO (MemSpeed): Measuring CPU, cache, memory, and communication speeds:
  Single-core measurements (using 1 MPI processes with 1 OpenMP threads each):
    CPU frequency:
      iterations=1000000... time=0.00279736 sec
      iterations=10000000... time=0.0164495 sec
      iterations=100000000... time=0.141196 sec
      iterations=800000000... time=1.12605 sec
      iterations=800000000... time=0.844287 sec
      result: 5.67858 GHz
    CPU floating point performance:
      iterations=1000000... time=0.00219489 sec
      iterations=10000000... time=0.0219952 sec
      iterations=100000000... time=0.219715 sec
      iterations=500000000... time=1.09851 sec
      result: 14.5652 Gflop/sec
    CPU integer performance:
      iterations=1000000... time=0.00179536 sec
      iterations=10000000... time=0.0176401 sec
      iterations=100000000... time=0.176285 sec
      iterations=600000000... time=1.05877 sec
      result: 9.0671 Giop/sec
    Read latency of D1 cache (for 2 PUs) (using 1*24576 bytes):
      iterations=1000... time=0.000141879 sec
      iterations=10000... time=0.00142242 sec
      iterations=100000... time=0.0141136 sec
      iterations=1000000... time=0.140781 sec
      iterations=8000000... time=1.1277 sec
      result: 1.40963 nsec
    Read latency of L2 cache (for 2 PUs) (using 1*786432 bytes):
      iterations=1000... time=0.000729659 sec
      iterations=10000... time=0.0071222 sec
      iterations=100000... time=0.070523 sec
      iterations=1000000... time=0.707504 sec
      iterations=2000000... time=1.41131 sec
      result: 7.05655 nsec
    Read latency of L3 cache (for 4 PUs) (using 1*25165824 bytes):
      [skipped -- avoiding large-memory benchmarks]
    Read bandwidth of D1 cache (for 2 PUs) (using 1*24576 bytes):
      iterations=1... time=4.11e-07 sec
      iterations=10... time=3.254e-06 sec
      iterations=100... time=3.2198e-05 sec
      iterations=1000... time=0.000284731 sec
      iterations=10000... time=0.00278209 sec
      iterations=100000... time=0.0276484 sec
      iterations=1000000... time=0.27666 sec
      iterations=4000000... time=1.10736 sec
      result: 88.7729 GByte/sec
    Read bandwidth of L2 cache (for 2 PUs) (using 1*786432 bytes):
      iterations=1... time=2.087e-05 sec
      iterations=10... time=0.000114489 sec
      iterations=100... time=0.00100312 sec
      iterations=1000... time=0.00981345 sec
      iterations=10000... time=0.0983216 sec
      iterations=100000... time=0.982365 sec
      iterations=200000... time=1.95713 sec
      result: 80.3659 GByte/sec
    Read bandwidth of L3 cache (for 4 PUs) (using 1*25165824 bytes):
      [skipped -- avoiding large-memory benchmarks]
    Write latency of D1 cache (for 2 PUs) (using 1*24576 bytes):
      iterations=1000... time=3.686e-06 sec
      iterations=10000... time=3.7906e-05 sec
      iterations=100000... time=0.000303839 sec
      iterations=1000000... time=0.00282062 sec
      iterations=10000000... time=0.0281721 sec
      iterations=100000000... time=0.281631 sec
      iterations=400000000... time=1.12757 sec
      result: 0.352366 nsec
    Write latency of L2 cache (for 2 PUs) (using 1*786432 bytes):
      iterations=1000... time=8.072e-06 sec
      iterations=10000... time=8.8892e-05 sec
      iterations=100000... time=0.00101612 sec
      iterations=1000000... time=0.00812326 sec
      iterations=10000000... time=0.080137 sec
      iterations=100000000... time=0.766117 sec
      iterations=200000000... time=1.52547 sec
      result: 0.953419 nsec
    Write latency of L3 cache (for 4 PUs) (using 1*25165824 bytes):
      [skipped -- avoiding large-memory benchmarks]
    Write bandwidth of D1 cache (for 2 PUs) (using 1*24576 bytes):
      iterations=1... time=4.50001e-07 sec
      iterations=10... time=3.606e-06 sec
      iterations=100... time=3.4952e-05 sec
      iterations=1000... time=0.000295497 sec
      iterations=10000... time=0.00283514 sec
      iterations=100000... time=0.0283317 sec
      iterations=1000000... time=0.2836 sec
      iterations=4000000... time=1.13426 sec
      result: 86.6678 GByte/sec
    Write bandwidth of L2 cache (for 2 PUs) (using 1*786432 bytes):
      iterations=1... time=1.5363e-05 sec
      iterations=10... time=0.000122721 sec
      iterations=100... time=0.000974101 sec
      iterations=1000... time=0.00952821 sec
      iterations=10000... time=0.0948838 sec
      iterations=100000... time=0.948997 sec
      iterations=200000... time=1.90011 sec
      result: 82.7777 GByte/sec
    Write bandwidth of L3 cache (for 4 PUs) (using 1*25165824 bytes):
      [skipped -- avoiding large-memory benchmarks]
    Stencil code performance of D1 cache (for 2 PUs) (using 1*12^3 grid points, 1*27648 bytes):
      iterations=1... time=3.9088e-05 sec
      iterations=10... time=0.000293644 sec
      iterations=100... time=0.00296597 sec
      iterations=1000... time=0.0297586 sec
      iterations=10000... time=0.297852 sec
      iterations=40000... time=1.19688 sec
      result: 0.05775 Gupdates/sec
    Stencil code performance of L2 cache (for 2 PUs) (using 1*37^3 grid points, 1*810448 bytes):
      iterations=1... time=0.000287034 sec
      iterations=10... time=0.00287637 sec
      iterations=100... time=0.0265411 sec
      iterations=1000... time=0.266101 sec
      iterations=4000... time=1.05766 sec
      result: 0.191567 Gupdates/sec
    Stencil code performance of L3 cache (for 4 PUs) (using 1*116^3 grid points, 1*24974336 bytes):
      iterations=1... time=0.00375458 sec
      iterations=10... time=0.0370779 sec
      iterations=100... time=0.368427 sec
      iterations=300... time=1.11465 sec
      result: 0.420102 Gupdates/sec
  Single-node measurements (using 2 MPI processes with 1 OpenMP threads each):
    CPU frequency:
      iterations=1000000... time=0.00141106 sec
      iterations=10000000... time=0.0140846 sec
      iterations=100000000... time=0.140524 sec
      iterations=800000000... time=1.12698 sec
      iterations=800000000... time=0.850348 sec
      result: 5.78381 GHz
    CPU floating point performance:
      iterations=1000000... time=0.00219669 sec
      iterations=10000000... time=0.0219667 sec
      iterations=100000000... time=0.219599 sec
      iterations=500000000... time=1.09787 sec
      result: 14.5737 Gflop/sec
    CPU integer performance:
      iterations=1000000... time=0.00179523 sec
      iterations=10000000... time=0.0176115 sec
      iterations=100000000... time=0.175989 sec
      iterations=600000000... time=1.05888 sec
      result: 9.06616 Giop/sec
    Read latency of D1 cache (for 2 PUs) (using 2*24576 bytes):
      iterations=1000... time=0.000140943 sec
      iterations=10000... time=0.00141253 sec
      iterations=100000... time=0.0141023 sec
      iterations=1000000... time=0.140853 sec
      iterations=8000000... time=1.12648 sec
      result: 1.4081 nsec
    Read latency of L2 cache (for 2 PUs) (using 2*786432 bytes):
      iterations=1000... time=0.000778442 sec
      iterations=10000... time=0.00737295 sec
      iterations=100000... time=0.073317 sec
      iterations=1000000... time=0.730999 sec
      iterations=2000000... time=1.46654 sec
      result: 7.33271 nsec
    Read latency of L3 cache (for 4 PUs) (using 1*25165824 bytes):
      [skipped -- too many MPI processes]
    Read bandwidth of D1 cache (for 2 PUs) (using 2*24576 bytes):
      iterations=1... time=5.505e-07 sec
      iterations=10... time=3.2595e-06 sec
      iterations=100... time=3.3304e-05 sec
      iterations=1000... time=0.000282838 sec
      iterations=10000... time=0.00279269 sec
      iterations=100000... time=0.0276831 sec
      iterations=1000000... time=0.276453 sec
      iterations=4000000... time=1.10939 sec
      result: 88.611 GByte/sec
    Read bandwidth of L2 cache (for 2 PUs) (using 2*786432 bytes):
      iterations=1... time=2.1121e-05 sec
      iterations=10... time=0.000145796 sec
      iterations=100... time=0.00105624 sec
      iterations=1000... time=0.0103506 sec
      iterations=10000... time=0.103441 sec
      iterations=100000... time=1.03426 sec
      result: 76.0384 GByte/sec
    Read bandwidth of L3 cache (for 4 PUs) (using 1*25165824 bytes):
      [skipped -- too many MPI processes]
    Write latency of D1 cache (for 2 PUs) (using 2*24576 bytes):
      iterations=1000... time=3.2545e-06 sec
      iterations=10000... time=3.2914e-05 sec
      iterations=100000... time=0.000286239 sec
      iterations=1000000... time=0.00285933 sec
      iterations=10000000... time=0.0282105 sec
      iterations=100000000... time=0.281334 sec
      iterations=400000000... time=1.12609 sec
      result: 0.351902 nsec
    Write latency of L2 cache (for 2 PUs) (using 2*786432 bytes):
      iterations=1000... time=1.5668e-05 sec
      iterations=10000... time=0.000101185 sec
      iterations=100000... time=0.000756539 sec
      iterations=1000000... time=0.00722835 sec
      iterations=10000000... time=0.07085 sec
      iterations=100000000... time=0.743205 sec
      iterations=200000000... time=1.54314 sec
      result: 0.964465 nsec
    Write latency of L3 cache (for 4 PUs) (using 1*25165824 bytes):
      [skipped -- too many MPI processes]
    Write bandwidth of D1 cache (for 2 PUs) (using 2*24576 bytes):
      iterations=1... time=4.16e-07 sec
      iterations=10... time=3.5555e-06 sec
      iterations=100... time=3.1997e-05 sec
      iterations=1000... time=0.00031021 sec
      iterations=10000... time=0.00285092 sec
      iterations=100000... time=0.0283408 sec
      iterations=1000000... time=0.286166 sec
      iterations=4000000... time=1.13343 sec
      result: 86.7318 GByte/sec
    Write bandwidth of L2 cache (for 2 PUs) (using 2*786432 bytes):
      iterations=1... time=1.4937e-05 sec
      iterations=10... time=0.000117139 sec
      iterations=100... time=0.000998864 sec
      iterations=1000... time=0.00991623 sec
      iterations=10000... time=0.0995273 sec
      iterations=100000... time=0.991912 sec
      iterations=200000... time=1.98798 sec
      result: 79.1186 GByte/sec
    Write bandwidth of L3 cache (for 4 PUs) (using 1*25165824 bytes):
      [skipped -- too many MPI processes]
    Stencil code performance of D1 cache (for 2 PUs) (using 1*12^3 grid points, 1*27648 bytes):
      [skipped -- too many MPI processes]
    Stencil code performance of L2 cache (for 2 PUs) (using 1*37^3 grid points, 1*810448 bytes):
      [skipped -- too many MPI processes]
    Stencil code performance of L3 cache (for 4 PUs) (using 1*116^3 grid points, 1*24974336 bytes):
      [skipped -- too many MPI processes]
  Single-node measurements:
    MPI latency: 736 nsec
    MPI bandwidth: 9.2438 GByte/sec
INFO (Vectors): Testing vectorisation... [errors may result in segfaults]
INFO (Vectors): 375/375 tests passed 
INFO (CartGrid3D): Grid Spacings:
INFO (CartGrid3D): dx=>1.1111111e-01  dy=>1.1111111e-01  dz=>1.1111111e-01
INFO (CartGrid3D): Computational Coordinates:
INFO (CartGrid3D): x=>[-0.500, 0.500]  y=>[-0.500, 0.500]  z=>[-0.500, 0.500]
INFO (CartGrid3D): Indices of Physical Coordinates:
INFO (CartGrid3D): x=>[0,9]  y=>[0,9]  z=>[0,9]
INFO (PUGH): MPI Evolution on 2 processors
INFO (PUGH): 3-dimensional grid functions
INFO (PUGH):  10
INFO (PUGH):  1
INFO (PUGH): 10]
INFO (PUGH):   Maximum load skew: 0.000000
--------------------------------------------------------------------------------
Done.
+ echo Stopping:
Stopping:
+ date
Fri Apr 10 23:05:36 UTC 2026
+ echo Done.
Done.
  Elapsed time: 45.6 s
