/home/runner/simulations/TestJob01_temp_2/output-0000/TEST/sim/MemSpeed
Preparing:
+ set -e
+ cd output-0000-active
+ echo Checking:
Checking:
+ pwd
/home/runner/simulations/TestJob01_temp_2/output-0000/TEST/sim/MemSpeed/output-0000-active
+ hostname
fv-az292-971
+ date
Thu Jul 21 17:09:51 UTC 2022
+ echo Environment:
Environment:
+ export CACTUS_NUM_PROCS=2
+ CACTUS_NUM_PROCS=2
+ export CACTUS_NUM_THREADS=1
+ CACTUS_NUM_THREADS=1
+ export GMON_OUT_PREFIX=gmon.out
+ GMON_OUT_PREFIX=gmon.out
+ export OMP_NUM_THREADS=1
+ OMP_NUM_THREADS=1
+ sort
+ env
+ echo Starting:
Starting:
++ date +%s
+ export CACTUS_STARTTIME=1658423391
+ CACTUS_STARTTIME=1658423391
+ '[' 2 = 1 ']'
+ mpirun -np 2 /home/runner/simulations/TestJob01_temp_2/SIMFACTORY/exe/cactus_sim -L 3 /home/runner/simulations/TestJob01_temp_2/output-0000/arrangements/CactusUtils/MemSpeed/test/memspeed.par
INFO (Cactus): Increased logging level from 0 to 3
--------------------------------------------------------------------------------

       10                                  
  1   0101       ************************  
  01  1010 10      The Cactus Code V4.12.0    
 1010 1101 011      www.cactuscode.org     
  1001 100101    ************************  
    00010101                               
     100011     (c) Copyright The Authors  
      0100      GNU Licensed. No Warranty  
      0101                                 
--------------------------------------------------------------------------------

Cactus version:    4.12.0
Compile date:      Jul 21 2022 (16:41:55)
Run date:          Jul 21 2022 (17:09:52+0000)
Run host:          fv-az292-971.tqgtyn10aqxuxoi0mkfbldi5vh.jx.internal.cloudapp.net (pid=109034)
Working directory: /home/runner/simulations/TestJob01_temp_2/output-0000/TEST/sim/MemSpeed
Executable:        /home/runner/simulations/TestJob01_temp_2/SIMFACTORY/exe/cactus_sim
Parameter file:    /home/runner/simulations/TestJob01_temp_2/output-0000/arrangements/CactusUtils/MemSpeed/test/memspeed.par
--------------------------------------------------------------------------------

Activating thorn Cactus...Success -> active implementation Cactus
Activation requested for 
--->hwloc MemSpeed SystemTopology CartGrid3D CoordBase IOASCII IOUtil PUGH PUGHSlab<---
Thorn hwloc requests automatic activation of zlib
Thorn MemSpeed requests automatic activation of Vectors
Thorn MemSpeed requests automatic activation of MPI
Activating thorn CartGrid3D...Success -> active implementation grid
Activating thorn CoordBase...Success -> active implementation CoordBase
Activating thorn hwloc...Success -> active implementation hwloc
Activating thorn IOASCII...Success -> active implementation IOASCII
Activating thorn IOUtil...Success -> active implementation IO
Activating thorn MemSpeed...Success -> active implementation MemSpeed
Activating thorn MPI...Success -> active implementation MPI
Activating thorn PUGH...Success -> active implementation Driver
Activating thorn PUGHSlab...Success -> active implementation Hyperslab
Activating thorn SystemTopology...Success -> active implementation SystemTopology
Activating thorn Vectors...Success -> active implementation Vectors
Activating thorn zlib...Success -> active implementation zlib
--------------------------------------------------------------------------------
  if (recover initial data)
    Recover parameters
  endif

  Startup routines
    [CCTK_STARTUP]
      CartGrid3D::SymmetryStartup: Register GH Extension for GridSymmetry
      CoordBase::CoordBase_Startup: Register a GH extension to store the coordinate system handles
      GROUP hwloc_startup: hwloc startup group
        hwloc::hwloc_version: Output hwloc version
      SystemTopology::ST_system_topology: Output and/or modify system topology and hardware locality
      PUGH::Driver_Startup: Startup routine
      PUGH::PUGH_RegisterPUGHP2LRoutines: Register Physical to Logical process mapping routines
      PUGH::PUGH_RegisterPUGHTopologyRoutines: Register topology generation routines routines
      IOUtil::IOUtil_Startup: Startup routine
      Vectors::Vectors_Startup: Print startup message
      IOASCII::IOASCII_Startup: Startup routine

  Startup routines which need an existing grid hierarchy
    [CCTK_WRAGH]
      CartGrid3D::RegisterCartGrid3DCoords: [meta] Register coordinates for the Cartesian grid
      MemSpeed::MemSpeed_MeasureSpeed: [meta] Measure CPU, memory, cache speeds
  Parameter checking routines
    [CCTK_PARAMCHECK]
      CartGrid3D::ParamCheck_CartGrid3D: Check coordinates for CartGrid3D
      Vectors::Vectors_Test: Run correctness tests.

  Initialisation
    if (NOT (recover initial data AND recovery_mode is 'strict'))
      [CCTK_PREREGRIDINITIAL]
      Set up grid hierarchy
      [CCTK_POSTREGRIDINITIAL]
        CartGrid3D::SpatialCoordinates: Set Coordinates after regridding
      [CCTK_BASEGRID]
        CartGrid3D::SpatialSpacings: Set up ranges for spatial 3D Cartesian coordinates (on all grids)
        CartGrid3D::SpatialCoordinates: Set up spatial 3D Cartesian coordinates on the GH
        IOASCII::IOASCII_Choose1D: Choose 1D output lines
        IOASCII::IOASCII_Choose2D: Choose 2D output planes
        PUGH::PUGH_Report: Report on PUGH set up
      [CCTK_INITIAL]
      [CCTK_POSTINITIAL]
      Initialise finer grids recursively
      Restrict from finer grids
      [CCTK_POSTRESTRICTINITIAL]
      [CCTK_POSTPOSTINITIAL]
      [CCTK_POSTSTEP]
    endif
    if (recover initial data)
      [CCTK_BASEGRID]
        CartGrid3D::SpatialSpacings: Set up ranges for spatial 3D Cartesian coordinates (on all grids)
        CartGrid3D::SpatialCoordinates: Set up spatial 3D Cartesian coordinates on the GH
        IOASCII::IOASCII_Choose1D: Choose 1D output lines
        IOASCII::IOASCII_Choose2D: Choose 2D output planes
        PUGH::PUGH_Report: Report on PUGH set up
      [CCTK_RECOVER_VARIABLES]
      [CCTK_POST_RECOVER_VARIABLES]
    endif
    if (checkpoint initial data)
      [CCTK_CPINITIAL]
    endif
    if (analysis)
      [CCTK_ANALYSIS]
  endif
  Output grid variables

  do loop over timesteps
    [CCTK_PREREGRID]
    Change grid hierarchy
    [CCTK_POSTREGRID]
      CartGrid3D::SpatialCoordinates: Set Coordinates after regridding
    Rotate timelevels
    iteration = iteration+1
    t = t+dt
    [CCTK_PRESTEP]
    [CCTK_EVOL]
    Evolve finer grids recursively
    Restrict from finer grids
    [CCTK_POSTRESTRICT]
    [CCTK_POSTSTEP]
    if (checkpoint)
      [CCTK_CHECKPOINT]
    endif
    if (analysis)
      [CCTK_ANALYSIS]
    endif
    Output grid variables
    enddo

  Termination routines
    [CCTK_TERMINATE]
      PUGH::Driver_Terminate: Termination routine

  Shutdown routines
    [CCTK_SHUTDOWN]

  Routines run after changing the grid hierarchy:
    [CCTK_POSTREGRID]
      CartGrid3D::SpatialCoordinates: Set Coordinates after regridding
--------------------------------------------------------------------------------
INFO (hwloc): library version 2.1.0, API version 0x20100
INFO (SystemTopology): MPI process-to-host mapping:
This is MPI process 0 of 2
MPI hosts:
  0: fv-az292-971
This MPI process runs on host 0 of 1
On this host, this is MPI process 0 of 2
INFO (SystemTopology): Topology support:
Discovery support:
  discovery->pu                            : yes
CPU binding support:
  cpubind->set_thisproc_cpubind            : yes
  cpubind->get_thisproc_cpubind            : yes
  cpubind->set_proc_cpubind                : yes
  cpubind->get_proc_cpubind                : yes
  cpubind->set_thisthread_cpubind          : yes
  cpubind->get_thisthread_cpubind          : yes
  cpubind->set_thread_cpubind              : yes
  cpubind->get_thread_cpubind              : yes
  cpubind->get_thisproc_last_cpu_location  : yes
  cpubind->get_proc_last_cpu_location      : yes
  cpubind->get_thisthread_last_cpu_location: yes
Memory binding support:
  membind->set_thisproc_membind            : no
  membind->get_thisproc_membind            : no
  membind->set_proc_membind                : no
  membind->get_proc_membind                : no
  membind->set_thisthread_membind          : yes
  membind->get_thisthread_membind          : yes
  membind->set_area_membind                : yes
  membind->get_area_membind                : yes
  membind->alloc_membind                   : yes
  membind->firsttouch_membind              : yes
  membind->bind_membind                    : yes
  membind->interleave_membind              : yes
  membind->nexttouch_membind               : no
  membind->migrate_membind                 : yes
INFO (SystemTopology): Hardware objects in this node:
Machine L#0: (P#0, total=7110356KB, DMIProductName="Virtual Machine", DMIProductVersion=7.0, DMIProductUUID=39fb5eae-1855-5f4d-bd84-c25d5d34dde3, DMIBoardVendor="Microsoft Corporation", DMIBoardName="Virtual Machine", DMIBoardVersion=7.0, DMIChassisVendor="Microsoft Corporation", DMIChassisType=3, DMIChassisVersion=7.0, DMIChassisAssetTag=7783-7084-3265-9085-8269-3286-77, DMIBIOSVendor="American Megatrends Inc.", DMIBIOSVersion="090008 ", DMIBIOSDate=12/07/2018, DMISysVendor="Microsoft Corporation", Backend=Linux, LinuxCgroup=/, OSName=Linux, OSRelease=5.15.0-1014-azure, OSVersion="#17~20.04.1-Ubuntu SMP Thu Jun 23 20:01:51 UTC 2022", HostName=fv-az292-971, Architecture=x86_64, hwlocVersion=2.1.0, ProcessName=cactus_sim)
  Package L#0: (P#0, total=7110356KB, CPUVendor=GenuineIntel, CPUFamilyNumber=6, CPUModelNumber=85, CPUModel="Intel(R) Xeon(R) Platinum 8272CL CPU @ 2.60GHz", CPUStepping=7)
    L3Cache L#0: (P#-1, size=36608KB, linesize=64, ways=11, Inclusive=0)
      L2Cache L#0: (P#-1, size=1024KB, linesize=64, ways=16, Inclusive=0)
        L1dCache L#0: (P#-1, size=32KB, linesize=64, ways=8, Inclusive=0)
          Core L#0: (P#0)
            PU L#0: (P#0)
      L2Cache L#1: (P#-1, size=1024KB, linesize=64, ways=16, Inclusive=0)
        L1dCache L#1: (P#-1, size=32KB, linesize=64, ways=8, Inclusive=0)
          Core L#1: (P#1)
            PU L#1: (P#1)
INFO (SystemTopology): Thread CPU bindings:
  MPI process 0 on host 0 (process 0 of 2 on this host)
    OpenMP thread 0: PU set L#{0} P#{0}
  MPI process 1 on host 0 (process 1 of 2 on this host)
    OpenMP thread 0: PU set L#{1} P#{1}
INFO (SystemTopology): Setting thread CPU bindings:
INFO (SystemTopology): Thread CPU bindings:
  MPI process 0 on host 0 (process 0 of 2 on this host)
    OpenMP thread 0: PU set L#{0} P#{0}
  MPI process 1 on host 0 (process 1 of 2 on this host)
    OpenMP thread 0: PU set L#{1} P#{1}
INFO (SystemTopology): Extracting CPU/cache/memory properties:
  There are 1 PUs per core (aka hardware SMT threads)
  There are 1 threads per core (aka SMT threads used)
  Cache (unknown name) has type "data" depth 1
    size 32768 linesize 64 associativity 8 stride 4096, for 1 PUs
  Cache (unknown name) has type "unified" depth 2
    size 1048576 linesize 64 associativity 16 stride 65536, for 1 PUs
  Cache (unknown name) has type "unified" depth 3
    size 37486592 linesize 64 associativity 11 stride 3407872, for 2 PUs
INFO (PUGH): Using physical to logical mappings: direct
INFO (PUGH): Using topology generator: automatic
INFO (Vectors): Using vector size 2 for architecture SSE2 (64-bit precision)
--------------------------------------------------------------------------------
Driver provided by PUGH
--------------------------------------------------------------------------------

INFO (PUGH): Not setting up a topology for 1 dimensions
INFO (PUGH): Not setting up a topology for 2 dimensions
INFO (PUGH): Setting up a topology for 3 dimensions
INFO (IOASCII): I/O Method 'IOASCII_1D' registered: output of 1D lines of grid functions/arrays to ASCII files
INFO (IOASCII): Periodic 1D output every 1 iterations
INFO (IOASCII): Periodic 1D output requested for 'GRID::r'
INFO (IOASCII): I/O Method 'IOASCII_2D' registered: output of 2D planes of grid functions/arrays to ASCII files
INFO (IOASCII): Periodic 2D output turned off
INFO (IOASCII): I/O Method 'IOASCII_3D' registered: output of 3D grid functions/arrays to ASCII files
INFO (IOASCII): Periodic 3D output turned off
INFO (MemSpeed): Measuring CPU, cache, memory, and communication speeds:
  Single-core measurements (using 1 MPI processes with 1 OpenMP threads each):
    CPU frequency:
      iterations=1000000... time=0.00133763 sec
      iterations=10000000... time=0.0134375 sec
      iterations=100000000... time=0.136926 sec
      iterations=800000000... time=1.07802 sec
      iterations=800000000... time=1.08885 sec
      result: -147.747 GHz
    CPU floating point performance:
      iterations=1000000... time=0.00298086 sec
      iterations=10000000... time=0.0299562 sec
      iterations=100000000... time=0.300552 sec
      iterations=400000000... time=1.20705 sec
      result: 10.6043 Gflop/sec
    CPU integer performance:
      iterations=1000000... time=0.00202184 sec
      iterations=10000000... time=0.020126 sec
      iterations=100000000... time=0.201695 sec
      iterations=500000000... time=1.01308 sec
      result: 7.89672 Giop/sec
    Read latency of D1 cache (for 1 PUs) (using 1*24576 bytes):
      iterations=1000... time=0.000134702 sec
      iterations=10000... time=0.00134753 sec
      iterations=100000... time=0.0133971 sec
      iterations=1000000... time=0.134445 sec
      iterations=8000000... time=1.08075 sec
      result: 1.35094 nsec
    Read latency of L2 cache (for 1 PUs) (using 1*786432 bytes):
      iterations=1000... time=0.000639912 sec
      iterations=10000... time=0.00560111 sec
      iterations=100000... time=0.0557228 sec
      iterations=1000000... time=0.552595 sec
      iterations=2000000... time=1.12162 sec
      result: 5.6081 nsec
    Read latency of L3 cache (for 2 PUs) (using 1*28114944 bytes):
      [skipped -- avoiding large-memory benchmarks]
    Read bandwidth of D1 cache (for 1 PUs) (using 1*24576 bytes):
      iterations=1... time=8e-07 sec
      iterations=10... time=3.5e-06 sec
      iterations=100... time=3.1001e-05 sec
      iterations=1000... time=0.000307706 sec
      iterations=10000... time=0.00307676 sec
      iterations=100000... time=0.0307615 sec
      iterations=1000000... time=0.317459 sec
      iterations=3000000... time=0.928005 sec
      iterations=6000000... time=2.08093 sec
      result: 70.8608 GByte/sec
    Read bandwidth of L2 cache (for 1 PUs) (using 1*786432 bytes):
      iterations=1... time=3.2001e-05 sec
      iterations=10... time=0.000196904 sec
      iterations=100... time=0.00159203 sec
      iterations=1000... time=0.0173765 sec
      iterations=10000... time=0.158659 sec
      iterations=70000... time=1.12121 sec
      result: 49.0992 GByte/sec
    Read bandwidth of L3 cache (for 2 PUs) (using 1*28114944 bytes):
      [skipped -- avoiding large-memory benchmarks]
    Write latency of D1 cache (for 1 PUs) (using 1*24576 bytes):
      iterations=1000... time=3.7e-06 sec
      iterations=10000... time=2.7101e-05 sec
      iterations=100000... time=0.000268105 sec
      iterations=1000000... time=0.00268435 sec
      iterations=10000000... time=0.0288922 sec
      iterations=100000000... time=0.28408 sec
      iterations=400000000... time=1.08595 sec
      result: 0.33936 nsec
    Write latency of L2 cache (for 1 PUs) (using 1*786432 bytes):
      iterations=1000... time=3.17e-05 sec
      iterations=10000... time=0.000156103 sec
      iterations=100000... time=0.00143973 sec
      iterations=1000000... time=0.0142394 sec
      iterations=10000000... time=0.142343 sec
      iterations=80000000... time=1.14401 sec
      result: 1.78752 nsec
    Write latency of L3 cache (for 2 PUs) (using 1*28114944 bytes):
      [skipped -- avoiding large-memory benchmarks]
    Write bandwidth of D1 cache (for 1 PUs) (using 1*24576 bytes):
      iterations=1... time=8e-07 sec
      iterations=10... time=2.2e-06 sec
      iterations=100... time=1.56e-05 sec
      iterations=1000... time=0.000150603 sec
      iterations=10000... time=0.00151243 sec
      iterations=100000... time=0.0164474 sec
      iterations=1000000... time=0.159575 sec
      iterations=7000000... time=1.06531 sec
      result: 161.485 GByte/sec
    Write bandwidth of L2 cache (for 1 PUs) (using 1*786432 bytes):
      iterations=1... time=3.1701e-05 sec
      iterations=10... time=0.000307306 sec
      iterations=100... time=0.00305486 sec
      iterations=1000... time=0.0298174 sec
      iterations=10000... time=0.220651 sec
      iterations=50000... time=0.987745 sec
      iterations=100000... time=1.94631 sec
      result: 40.4063 GByte/sec
    Write bandwidth of L3 cache (for 2 PUs) (using 1*28114944 bytes):
      [skipped -- avoiding large-memory benchmarks]
    Stencil code performance of D1 cache (for 1 PUs) (using 1*12^3 grid points, 1*27648 bytes):
      iterations=1... time=1.8201e-05 sec
      iterations=10... time=0.000236705 sec
      iterations=100... time=0.00234255 sec
      iterations=1000... time=0.023507 sec
      iterations=10000... time=0.235518 sec
      iterations=50000... time=1.18519 sec
      result: 0.0728998 Gupdates/sec
    Stencil code performance of L2 cache (for 1 PUs) (using 1*37^3 grid points, 1*810448 bytes):
      iterations=1... time=0.000208904 sec
      iterations=10... time=0.00194544 sec
      iterations=100... time=0.0191752 sec
      iterations=1000... time=0.194411 sec
      iterations=6000... time=1.15988 sec
      result: 0.262025 Gupdates/sec
    Stencil code performance of L3 cache (for 2 PUs) (using 1*121^3 grid points, 1*28344976 bytes):
      iterations=1... time=0.00465509 sec
      iterations=10... time=0.0482314 sec
      iterations=100... time=0.463312 sec
      iterations=200... time=0.975582 sec
      iterations=400... time=1.93475 sec
      result: 0.366261 Gupdates/sec
  Single-node measurements (using 2 MPI processes with 1 OpenMP threads each):
    CPU frequency:
      iterations=1000000... time=0.00133873 sec
      iterations=10000000... time=0.013423 sec
      iterations=100000000... time=0.134618 sec
      iterations=800000000... time=1.07885 sec
      iterations=800000000... time=1.08708 sec
      result: -194.305 GHz
    CPU floating point performance:
      iterations=1000000... time=0.00298601 sec
      iterations=10000000... time=0.0299354 sec
      iterations=100000000... time=0.300199 sec
      iterations=400000000... time=1.20379 sec
      result: 10.6331 Gflop/sec
    CPU integer performance:
      iterations=1000000... time=0.00202074 sec
      iterations=10000000... time=0.020122 sec
      iterations=100000000... time=0.202244 sec
      iterations=500000000... time=1.01281 sec
      result: 7.89879 Giop/sec
    Read latency of D1 cache (for 1 PUs) (using 2*24576 bytes):
      iterations=1000... time=0.000134403 sec
      iterations=10000... time=0.00133743 sec
      iterations=100000... time=0.0133981 sec
      iterations=1000000... time=0.137088 sec
      iterations=8000000... time=1.08046 sec
      result: 1.35058 nsec
    Read latency of L2 cache (for 1 PUs) (using 2*786432 bytes):
      iterations=1000... time=0.000622463 sec
      iterations=10000... time=0.00569261 sec
      iterations=100000... time=0.0562378 sec
      iterations=1000000... time=0.573022 sec
      iterations=2000000... time=1.13574 sec
      result: 5.67868 nsec
    Read latency of L3 cache (for 2 PUs) (using 2*28114944 bytes):
      [skipped -- too much memory requested]
    Read bandwidth of D1 cache (for 1 PUs) (using 2*24576 bytes):
      iterations=1... time=6.5e-07 sec
      iterations=10... time=3.4e-06 sec
      iterations=100... time=3.0951e-05 sec
      iterations=1000... time=0.000306656 sec
      iterations=10000... time=0.00308221 sec
      iterations=100000... time=0.0306992 sec
      iterations=1000000... time=0.311597 sec
      iterations=4000000... time=1.23871 sec
      result: 79.3602 GByte/sec
    Read bandwidth of L2 cache (for 1 PUs) (using 2*786432 bytes):
      iterations=1... time=2.4151e-05 sec
      iterations=10... time=0.000171553 sec
      iterations=100... time=0.00160978 sec
      iterations=1000... time=0.0159796 sec
      iterations=10000... time=0.16011 sec
      iterations=70000... time=1.1236 sec
      result: 48.9946 GByte/sec
    Read bandwidth of L3 cache (for 2 PUs) (using 2*28114944 bytes):
      [skipped -- too much memory requested]
    Write latency of D1 cache (for 1 PUs) (using 2*24576 bytes):
      iterations=1000... time=3.3e-06 sec
      iterations=10000... time=2.7101e-05 sec
      iterations=100000... time=0.000267705 sec
      iterations=1000000... time=0.002687 sec
      iterations=10000000... time=0.0268516 sec
      iterations=100000000... time=0.272736 sec
      iterations=400000000... time=1.09957 sec
      result: 0.343616 nsec
    Write latency of L2 cache (for 1 PUs) (using 2*786432 bytes):
      iterations=1000... time=3.1201e-05 sec
      iterations=10000... time=0.000153903 sec
      iterations=100000... time=0.00143558 sec
      iterations=1000000... time=0.0143 sec
      iterations=10000000... time=0.143765 sec
      iterations=80000000... time=1.18369 sec
      result: 1.84951 nsec
    Write latency of L3 cache (for 2 PUs) (using 2*28114944 bytes):
      [skipped -- too much memory requested]
    Write bandwidth of D1 cache (for 1 PUs) (using 2*24576 bytes):
      iterations=1... time=6.99999e-07 sec
      iterations=10... time=2.1e-06 sec
      iterations=100... time=1.61e-05 sec
      iterations=1000... time=0.000156703 sec
      iterations=10000... time=0.00156078 sec
      iterations=100000... time=0.0162136 sec
      iterations=1000000... time=0.157221 sec
      iterations=7000000... time=1.10129 sec
      result: 156.21 GByte/sec
    Write bandwidth of L2 cache (for 1 PUs) (using 2*786432 bytes):
      iterations=1... time=3.115e-05 sec
      iterations=10... time=0.000307306 sec
      iterations=100... time=0.00307236 sec
      iterations=1000... time=0.0302606 sec
      iterations=10000... time=0.269969 sec
      iterations=40000... time=0.759136 sec
      iterations=80000... time=1.68401 sec
      result: 37.36 GByte/sec
    Write bandwidth of L3 cache (for 2 PUs) (using 2*28114944 bytes):
      [skipped -- too much memory requested]
    Stencil code performance of D1 cache (for 1 PUs) (using 2*9^3 grid points, 2*11664 bytes):
      iterations=1... time=1.01e-05 sec
      iterations=10... time=9.35515e-05 sec
      iterations=100... time=0.000933418 sec
      iterations=1000... time=0.00935758 sec
      iterations=10000... time=0.0951683 sec
      iterations=100000... time=0.959023 sec
      iterations=200000... time=1.91477 sec
      result: 0.0761448 Gupdates/sec
    Stencil code performance of L2 cache (for 1 PUs) (using 2*29^3 grid points, 2*390224 bytes):
      iterations=1... time=0.000116652 sec
      iterations=10... time=0.00114212 sec
      iterations=100... time=0.0113332 sec
      iterations=1000... time=0.115421 sec
      iterations=10000... time=1.13498 sec
      result: 0.214884 Gupdates/sec
    Stencil code performance of L3 cache (for 2 PUs) (using 1*121^3 grid points, 1*28344976 bytes):
      [skipped -- too many MPI processes]
  Single-node measurements:
    MPI latency: 1250 nsec
    MPI bandwidth: 4.10729 GByte/sec
INFO (Vectors): Testing vectorisation... [errors may result in segfaults]
INFO (Vectors): 375/375 tests passed 
INFO (CartGrid3D): Grid Spacings:
INFO (CartGrid3D): dx=>1.1111111e-01  dy=>1.1111111e-01  dz=>1.1111111e-01
INFO (CartGrid3D): Computational Coordinates:
INFO (CartGrid3D): x=>[-0.500, 0.500]  y=>[-0.500, 0.500]  z=>[-0.500, 0.500]
INFO (CartGrid3D): Indices of Physical Coordinates:
INFO (CartGrid3D): x=>[0,9]  y=>[0,9]  z=>[0,9]
INFO (PUGH): MPI Evolution on 2 processors
INFO (PUGH): 3-dimensional grid functions
INFO (PUGH):   Size: 10 10 10
INFO (PUGH):   Processor topology: 2 x 1 x 1
INFO (PUGH):   Local load: 600   [6 x 10 x 10]
INFO (PUGH):   Maximum load skew: 0.000000
--------------------------------------------------------------------------------
Done.
+ echo Stopping:
Stopping:
+ date
Thu Jul 21 17:10:40 UTC 2022
+ echo Done.
Done.
  Elapsed time: 49.2 s
