/home/runner/simulations/TestJob01_temp_2/output-0000/TEST/sim/FluxWaveToyX
Preparing:
+ set -e
+ cd output-0000-active
+ echo Checking:
Checking:
+ pwd
/home/runner/simulations/TestJob01_temp_2/output-0000/TEST/sim/FluxWaveToyX/output-0000-active
+ hostname
fv-az309-852
+ date
Fri Oct 27 15:37:19 UTC 2023
+ echo Environment:
Environment:
+ export CACTUS_NUM_PROCS=2
+ CACTUS_NUM_PROCS=2
+ export CACTUS_NUM_THREADS=1
+ CACTUS_NUM_THREADS=1
+ export GMON_OUT_PREFIX=gmon.out
+ GMON_OUT_PREFIX=gmon.out
+ export OMP_NUM_THREADS=1
+ OMP_NUM_THREADS=1
+ env
+ sort
+ echo Starting:
Starting:
++ date +%s
+ export CACTUS_STARTTIME=1698421039
+ CACTUS_STARTTIME=1698421039
+ '[' 2 = 1 ']'
+ mpirun -np 2 /home/runner/simulations/TestJob01_temp_2/SIMFACTORY/exe/cactus_sim -L 3 /home/runner/simulations/TestJob01_temp_2/output-0000/arrangements/CarpetX/FluxWaveToyX/test/reflecting.par
INFO (Cactus): Increased logging level from 0 to 3
--------------------------------------------------------------------------------

       10                                  
  1   0101       ************************  
  01  1010 10      The Cactus Code V4.14.0    
 1010 1101 011      www.cactuscode.org     
  1001 100101    ************************  
    00010101                               
     100011     (c) Copyright The Authors  
      0100      GNU Licensed. No Warranty  
      0101                                 
--------------------------------------------------------------------------------

Cactus version:    4.14.0
Compile date:      Oct 27 2023 (15:11:34)
Run date:          Oct 27 2023 (15:37:19+0000)
Run host:          fv-az309-852.xlj24rdrme0eleaisovvmh5hte.cx.internal.cloudapp.net (pid=141479)
Working directory: /home/runner/simulations/TestJob01_temp_2/output-0000/TEST/sim/FluxWaveToyX
Executable:        /home/runner/simulations/TestJob01_temp_2/SIMFACTORY/exe/cactus_sim
Parameter file:    /home/runner/simulations/TestJob01_temp_2/output-0000/arrangements/CarpetX/FluxWaveToyX/test/reflecting.par
--------------------------------------------------------------------------------

Activating thorn Cactus...Success -> active implementation Cactus
Activation requested for 
--->CarpetX FluxWaveToyX IOUtil ODESolvers<---
Thorn CarpetX requests automatic activation of AMReX
Thorn CarpetX requests automatic activation of MPI
Thorn CarpetX requests automatic activation of yaml_cpp
Thorn CarpetX requests automatic activation of zlib
Thorn CarpetX requests automatic activation of Arith
Thorn CarpetX requests automatic activation of Loop
Thorn CarpetX requests automatic activation of ADIOS2
Thorn CarpetX requests automatic activation of openPMD
Thorn CarpetX requests automatic activation of Silo
Thorn Arith requests automatic activation of NSIMD
Thorn MPI requests automatic activation of hwloc
Thorn openPMD requests automatic activation of HDF5
Activating thorn ADIOS2...Success -> active implementation ADIOS2
Activating thorn AMReX...Success -> active implementation AMReX
Activating thorn Arith...Success -> active implementation Arith
Activating thorn CarpetX...Success -> active implementation CarpetX
Activating thorn FluxWaveToyX...Success -> active implementation FluxWaveToyX
Activating thorn HDF5...Success -> active implementation HDF5
Activating thorn hwloc...Success -> active implementation hwloc
Activating thorn IOUtil...Success -> active implementation IO
Activating thorn Loop...Success -> active implementation Loop
Activating thorn MPI...Success -> active implementation MPI
Activating thorn NSIMD...Success -> active implementation NSIMD
Activating thorn ODESolvers...Success -> active implementation ODESolvers
Activating thorn openPMD...Success -> active implementation openPMD
Activating thorn Silo...Success -> active implementation Silo
Activating thorn yaml_cpp...Success -> active implementation yaml_cpp
Activating thorn zlib...Success -> active implementation zlib
INFO (hwloc): library version 2.7.0, API version 0x20500
--------------------------------------------------------------------------------

  [34m  ▕▏  [34m  ▕▏  [34m  ▕▏  [34m  ▕▏  [34m  ▕▏  [34m  ▕▏  [34m  ▕▏  [34m  ▕▏  [34m  ▕▏  [39m  
  [34m──██──[34m──██──[34m──██──[34m──██──[34m──██──[34m──██──[34m──██──[34m──██──[34m──██──[39m  
  [34m  ▕▏  [34m  ▕▏  [34m  ▕▏  [34m  ▕▏  [34m  ▕▏  [34m  ▕▏  [34m  ▕▏  [34m  ▕▏  [34m  ▕▏  [39m  
  [34m  ▕▏  [32m██████[34m  ▕▏  [34m  ▕▏  [32m██████[34m  ▕▏  [34m  ▕▏  [32m██████[34m  ▕▏  [39m  
  [34m──██──[32m██████[34m──██──[34m──██──[32m██████[34m──██──[34m──██──[32m██████[34m──██──[39m  
  [34m  ▕▏  [32m██████[34m  ▕▏  [34m  ▕▏  [32m██████[34m  ▕▏  [34m  ▕▏  [32m██████[34m  ▕▏  [39m  
  [34m  ▕▏  [34m  ▕▏  [34m  ▕▏  [34m  ▕▏  [34m  ▕▏  [34m  ▕▏  [34m  ▕▏  [34m  ▕▏  [34m  ▕▏  [39m  
  [34m──██──[34m──██──[34m──██──[34m──██──[34m──██──[34m──██──[34m──██──[34m──██──[34m──██──[39m  
  [34m  ▕▏  [34m  ▕▏  [34m  ▕▏  [34m  ▕▏  [34m  ▕▏  [34m  ▕▏  [34m  ▕▏  [34m  ▕▏  [34m  ▕▏  [39m  
  [34m  ▕▏  [34m  ▕▏  [34m  ▕▏  [31m██████[31m██████[31m██████[34m  ▕▏  [34m  ▕▏  [34m  ▕▏  [39m  
  [34m──██──[34m──██──[34m──██──[31m██████[31m██████[31m██████[34m──██──[34m──██──[34m──██──[39m  
  [34m  ▕▏  [34m  ▕▏  [34m  ▕▏  [31m██████[31m██████[31m██████[34m  ▕▏  [34m  ▕▏  [34m  ▕▏  [39m  
  [34m  ▕▏  [32m██████[34m  ▕▏  [31m██████[31m██████[31m██████[34m  ▕▏  [32m██████[34m  ▕▏  [39m  
  [34m──██──[32m██████[34m──██──[31m██████[31m██████[31m██████[34m──██──[32m██████[34m──██──[39m  
  [34m  ▕▏  [32m██████[34m  ▕▏  [31m██████[31m██████[31m██████[34m  ▕▏  [32m██████[34m  ▕▏  [39m  
  [34m  ▕▏  [34m  ▕▏  [34m  ▕▏  [31m██████[31m██████[31m██████[34m  ▕▏  [34m  ▕▏  [34m  ▕▏  [39m  
  [34m──██──[34m──██──[34m──██──[31m██████[31m██████[31m██████[34m──██──[34m──██──[34m──██──[39m  
  [34m  ▕▏  [34m  ▕▏  [34m  ▕▏  [31m██████[31m██████[31m██████[34m  ▕▏  [34m  ▕▏  [34m  ▕▏  [39m  
  [34m  ▕▏  [34m  ▕▏  [34m  ▕▏  [34m  ▕▏  [34m  ▕▏  [34m  ▕▏  [34m  ▕▏  [34m  ▕▏  [34m  ▕▏  [39m  
  [34m──██──[34m──██──[34m──██──[34m──██──[34m──██──[34m──██──[34m──██──[34m──██──[34m──██──[39m  
  [34m  ▕▏  [34m  ▕▏  [34m  ▕▏  [34m  ▕▏  [34m  ▕▏  [34m  ▕▏  [34m  ▕▏  [34m  ▕▏  [34m  ▕▏  [39m  
  [34m  ▕▏  [32m██████[34m  ▕▏  [34m  ▕▏  [32m██████[34m  ▕▏  [34m  ▕▏  [32m██████[34m  ▕▏  [39m  
  [34m──██──[32m██████[34m──██──[34m──██──[32m██████[34m──██──[34m──██──[32m██████[34m──██──[39m  
  [34m  ▕▏  [32m██████[34m  ▕▏  [34m  ▕▏  [32m██████[34m  ▕▏  [34m  ▕▏  [32m██████[34m  ▕▏  [39m  
  [34m  ▕▏  [34m  ▕▏  [34m  ▕▏  [34m  ▕▏  [34m  ▕▏  [34m  ▕▏  [34m  ▕▏  [34m  ▕▏  [34m  ▕▏  [39m  
  [34m──██──[34m──██──[34m──██──[34m──██──[34m──██──[34m──██──[34m──██──[34m──██──[34m──██──[39m  
  [34m  ▕▏  [34m  ▕▏  [34m  ▕▏  [34m  ▕▏  [34m  ▕▏  [34m  ▕▏  [34m  ▕▏  [34m  ▕▏  [34m  ▕▏  [39m  

AMR driver provided by CarpetX,
using AMReX 23.08 (MPI, OpenMP, no accelerators, debug)
--------------------------------------------------------------------------------

MPI initialized with 2 MPI processes
MPI initialized with thread support level 2
OMP initialized with 1 OMP threads
AMReX (23.08) initialized
INFO (CarpetX): 
Symmetries:
  lower x: none
  lower y: none
  lower z: none
  upper x: none
  upper y: none
  upper z: none
Default boundaries:
  lower x: neumann
  lower y: neumann
  lower z: neumann
  upper x: neumann
  upper y: neumann
  upper z: neumann
INFO (Arith): Test_smallvector
INFO (Arith): Test_spvect
INFO (CarpetX): Setting up initial conditions...
INFO (CarpetX): Iteration: 0   time: 0   delta_time: 0.125
INFO (CarpetX): Patch 0:
INFO (CarpetX):   Grid extent:
INFO (CarpetX):     gsh=[11,11,11]
INFO (CarpetX):     blocking_factor=[8,8,8]
INFO (CarpetX):     max_grid_size=[32,32,32]
INFO (CarpetX):     max_tile_size=[1024000,16,32]
INFO (CarpetX):   Domain extent:
INFO (CarpetX):     xmin=[-1,-1,-1]
INFO (CarpetX):     xmax=[1,1,1]
INFO (CarpetX):     base dx=[0.25,0.25,0.25]
INFO (CarpetX): Initializing level 0...
INFO (CarpetX): Regridding...
INFO (CarpetX):   level 0: 1 boxes, 512 cells (100%)
INFO (CarpetX): Initialized 1 levels
INFO (CarpetX): OutputGH: iteration 0, time 0.000000, run time 0 s
INFO (CarpetX): OutputADIOS2...
INFO (CarpetX): OutputGH done.
INFO (CarpetX): Starting evolution...
INFO (ODESolvers): Integrator is RK3
INFO (CarpetX): OutputGH: iteration 1, time 0.125000, run time 0 s
INFO (CarpetX): OutputGH done.
INFO (CarpetX): Simulation time: 0.125   Iterations per second: 80.742   Simulation time per second: 10.0927
INFO (CarpetX): Grid cells: 512   Grid cell updates per second: 41339.9
INFO (CarpetX): Performance:
INFO (CarpetX):   total evolution time:            0.0123851 sec
INFO (CarpetX):   total evolution compute time:    0.012291 sec
INFO (CarpetX):   total evolution output time:     9.41753e-05 sec
INFO (CarpetX):   total iterations:                1
INFO (CarpetX):   total cells updated:             512
INFO (CarpetX):   average iterations per second: 80.742
INFO (CarpetX):   average cell updates per second: 41339.9
INFO (CarpetX): OutputGH: iteration 2, time 0.250000, run time 0 s
INFO (CarpetX): OutputGH done.
INFO (CarpetX): Simulation time: 0.25   Iterations per second: 81.5806   Simulation time per second: 10.1976
INFO (CarpetX): Grid cells: 512   Grid cell updates per second: 41769.3
INFO (CarpetX): Performance:
INFO (CarpetX):   total evolution time:            0.0246429 sec
INFO (CarpetX):   total evolution compute time:    0.0244398 sec
INFO (CarpetX):   total evolution output time:     0.000203133 sec
INFO (CarpetX):   total iterations:                2
INFO (CarpetX):   total cells updated:             1024
INFO (CarpetX):   average iterations per second: 81.1591
INFO (CarpetX):   average cell updates per second: 41553.5
INFO (CarpetX): OutputGH: iteration 3, time 0.375000, run time 0 s
INFO (CarpetX): OutputGH done.
INFO (CarpetX): Simulation time: 0.375   Iterations per second: 81.7062   Simulation time per second: 10.2133
INFO (CarpetX): Grid cells: 512   Grid cell updates per second: 41833.6
INFO (CarpetX): Performance:
INFO (CarpetX):   total evolution time:            0.0368819 sec
INFO (CarpetX):   total evolution compute time:    0.0365539 sec
INFO (CarpetX):   total evolution output time:     0.000328064 sec
INFO (CarpetX):   total iterations:                3
INFO (CarpetX):   total cells updated:             1536
INFO (CarpetX):   average iterations per second: 81.3407
INFO (CarpetX):   average cell updates per second: 41646.4
INFO (CarpetX): OutputGH: iteration 4, time 0.500000, run time 0 s
INFO (CarpetX): OutputGH done.
INFO (CarpetX): Simulation time: 0.5   Iterations per second: 81.7523   Simulation time per second: 10.219
INFO (CarpetX): Grid cells: 512   Grid cell updates per second: 41857.2
INFO (CarpetX): Performance:
INFO (CarpetX):   total evolution time:            0.049114 sec
INFO (CarpetX):   total evolution compute time:    0.0486779 sec
INFO (CarpetX):   total evolution output time:     0.000436068 sec
INFO (CarpetX):   total iterations:                4
INFO (CarpetX):   total cells updated:             2048
INFO (CarpetX):   average iterations per second: 81.4432
INFO (CarpetX):   average cell updates per second: 41698.9
INFO (CarpetX): OutputGH: iteration 5, time 0.625000, run time 0 s
INFO (CarpetX): OutputGH done.
INFO (CarpetX): Simulation time: 0.625   Iterations per second: 81.587   Simulation time per second: 10.1984
INFO (CarpetX): Grid cells: 512   Grid cell updates per second: 41772.5
INFO (CarpetX): Performance:
INFO (CarpetX):   total evolution time:            0.0613708 sec
INFO (CarpetX):   total evolution compute time:    0.0608418 sec
INFO (CarpetX):   total evolution output time:     0.000529051 sec
INFO (CarpetX):   total iterations:                5
INFO (CarpetX):   total cells updated:             2560
INFO (CarpetX):   average iterations per second: 81.4719
INFO (CarpetX):   average cell updates per second: 41713.6
INFO (CarpetX): OutputGH: iteration 6, time 0.750000, run time 0 s
INFO (CarpetX): OutputGH done.
INFO (CarpetX): Simulation time: 0.75   Iterations per second: 82.2767   Simulation time per second: 10.2846
INFO (CarpetX): Grid cells: 512   Grid cell updates per second: 42125.7
INFO (CarpetX): Performance:
INFO (CarpetX):   total evolution time:            0.073525 sec
INFO (CarpetX):   total evolution compute time:    0.0729008 sec
INFO (CarpetX):   total evolution output time:     0.00062418 sec
INFO (CarpetX):   total iterations:                6
INFO (CarpetX):   total cells updated:             3072
INFO (CarpetX):   average iterations per second: 81.6049
INFO (CarpetX):   average cell updates per second: 41781.7
INFO (CarpetX): OutputGH: iteration 7, time 0.875000, run time 0 s
INFO (CarpetX): OutputGH done.
INFO (CarpetX): Simulation time: 0.875   Iterations per second: 81.3749   Simulation time per second: 10.1719
INFO (CarpetX): Grid cells: 512   Grid cell updates per second: 41663.9
INFO (CarpetX): Performance:
INFO (CarpetX):   total evolution time:            0.0858138 sec
INFO (CarpetX):   total evolution compute time:    0.0850468 sec
INFO (CarpetX):   total evolution output time:     0.000766993 sec
INFO (CarpetX):   total iterations:                7
INFO (CarpetX):   total cells updated:             3584
INFO (CarpetX):   average iterations per second: 81.572
INFO (CarpetX):   average cell updates per second: 41764.9
INFO (CarpetX): OutputGH: iteration 8, time 1.000000, run time 0 s
INFO (CarpetX): OutputGH done.
INFO (CarpetX): Simulation time: 1   Iterations per second: 80.6318   Simulation time per second: 10.079
INFO (CarpetX): Grid cells: 512   Grid cell updates per second: 41283.5
INFO (CarpetX): Performance:
INFO (CarpetX):   total evolution time:            0.0982158 sec
INFO (CarpetX):   total evolution compute time:    0.0973129 sec
INFO (CarpetX):   total evolution output time:     0.000902891 sec
INFO (CarpetX):   total iterations:                8
INFO (CarpetX):   total cells updated:             4096
INFO (CarpetX):   average iterations per second: 81.4533
INFO (CarpetX):   average cell updates per second: 41704.1
INFO (CarpetX): OutputGH: iteration 9, time 1.125000, run time 1 s
INFO (CarpetX): OutputGH done.
INFO (CarpetX): Simulation time: 1.125   Iterations per second: 81.5917   Simulation time per second: 10.199
INFO (CarpetX): Grid cells: 512   Grid cell updates per second: 41775
INFO (CarpetX): Performance:
INFO (CarpetX):   total evolution time:            0.110472 sec
INFO (CarpetX):   total evolution compute time:    0.10945 sec
INFO (CarpetX):   total evolution output time:     0.00102186 sec
INFO (CarpetX):   total iterations:                9
INFO (CarpetX):   total cells updated:             4608
INFO (CarpetX):   average iterations per second: 81.4686
INFO (CarpetX):   average cell updates per second: 41711.9
INFO (CarpetX): OutputGH: iteration 10, time 1.250000, run time 1 s
INFO (CarpetX): OutputADIOS2...
INFO (CarpetX): OutputGH done.
INFO (CarpetX): Simulation time: 1.25   Iterations per second: 70.1999   Simulation time per second: 8.77499
INFO (CarpetX): Grid cells: 512   Grid cell updates per second: 35942.4
INFO (CarpetX): Performance:
INFO (CarpetX):   total evolution time:            0.124717 sec
INFO (CarpetX):   total evolution compute time:    0.121561 sec
INFO (CarpetX):   total evolution output time:     0.00315595 sec
INFO (CarpetX):   total iterations:                10
INFO (CarpetX):   total cells updated:             5120
INFO (CarpetX):   average iterations per second: 80.1815
INFO (CarpetX):   average cell updates per second: 41052.9
INFO (CarpetX): Shutting down...
AMReX (23.08) finalized
--------------------------------------------------------------------------------
Done.
+ echo Stopping:
Stopping:
+ date
Fri Oct 27 15:37:20 UTC 2023
+ echo Done.
Done.
  Elapsed time: 1.0 s
