/home/runner/simulations/TestJob01_temp_2/output-0000/TEST/sim/BoxInBox
Preparing:
+ set -e
+ cd output-0000-active
+ echo Checking:
Checking:
+ pwd
/home/runner/simulations/TestJob01_temp_2/output-0000/TEST/sim/BoxInBox/output-0000-active
+ hostname
fv-az1288-114
+ date
Mon Oct 30 17:01:03 UTC 2023
+ echo Environment:
Environment:
+ export CACTUS_NUM_PROCS=2
+ CACTUS_NUM_PROCS=2
+ export CACTUS_NUM_THREADS=1
+ CACTUS_NUM_THREADS=1
+ export GMON_OUT_PREFIX=gmon.out
+ GMON_OUT_PREFIX=gmon.out
+ export OMP_NUM_THREADS=1
+ OMP_NUM_THREADS=1
+ env
+ sort
+ echo Starting:
Starting:
++ date +%s
+ export CACTUS_STARTTIME=1698685263
+ CACTUS_STARTTIME=1698685263
+ '[' 2 = 1 ']'
+ mpirun -np 2 /home/runner/simulations/TestJob01_temp_2/SIMFACTORY/exe/cactus_sim -L 3 /home/runner/simulations/TestJob01_temp_2/output-0000/arrangements/CarpetX/BoxInBox/test/levels2.par
INFO (Cactus): Increased logging level from 0 to 3
--------------------------------------------------------------------------------

       10                                  
  1   0101       ************************  
  01  1010 10      The Cactus Code V4.14.0    
 1010 1101 011      www.cactuscode.org     
  1001 100101    ************************  
    00010101                               
     100011     (c) Copyright The Authors  
      0100      GNU Licensed. No Warranty  
      0101                                 
--------------------------------------------------------------------------------

Cactus version:    4.14.0
Compile date:      Oct 30 2023 (16:40:47)
Run date:          Oct 30 2023 (17:01:03+0000)
Run host:          fv-az1288-114.o0wzvy5n03eezmoxic4fjdrj2g.jx.internal.cloudapp.net (pid=139296)
Working directory: /home/runner/simulations/TestJob01_temp_2/output-0000/TEST/sim/BoxInBox
Executable:        /home/runner/simulations/TestJob01_temp_2/SIMFACTORY/exe/cactus_sim
Parameter file:    /home/runner/simulations/TestJob01_temp_2/output-0000/arrangements/CarpetX/BoxInBox/test/levels2.par
--------------------------------------------------------------------------------

Activating thorn Cactus...Success -> active implementation Cactus
Activation requested for 
--->BoxInBox CarpetX CoordinatesX IOUtil<---
Thorn BoxInBox requests automatic activation of Loop
Thorn CarpetX requests automatic activation of AMReX
Thorn CarpetX requests automatic activation of MPI
Thorn CarpetX requests automatic activation of yaml_cpp
Thorn CarpetX requests automatic activation of zlib
Thorn CarpetX requests automatic activation of Arith
Thorn CarpetX requests automatic activation of ADIOS2
Thorn CarpetX requests automatic activation of openPMD
Thorn CarpetX requests automatic activation of Silo
Thorn Arith requests automatic activation of NSIMD
Thorn MPI requests automatic activation of hwloc
Thorn openPMD requests automatic activation of HDF5
Activating thorn ADIOS2...Success -> active implementation ADIOS2
Activating thorn AMReX...Success -> active implementation AMReX
Activating thorn Arith...Success -> active implementation Arith
Activating thorn BoxInBox...Success -> active implementation BoxInBox
Activating thorn CarpetX...Success -> active implementation CarpetX
Activating thorn CoordinatesX...Success -> active implementation CoordinatesX
Activating thorn HDF5...Success -> active implementation HDF5
Activating thorn hwloc...Success -> active implementation hwloc
Activating thorn IOUtil...Success -> active implementation IO
Activating thorn Loop...Success -> active implementation Loop
Activating thorn MPI...Success -> active implementation MPI
Activating thorn NSIMD...Success -> active implementation NSIMD
Activating thorn openPMD...Success -> active implementation openPMD
Activating thorn Silo...Success -> active implementation Silo
Activating thorn yaml_cpp...Success -> active implementation yaml_cpp
Activating thorn zlib...Success -> active implementation zlib
INFO (hwloc): library version 2.7.0, API version 0x20500
--------------------------------------------------------------------------------

  [34m  ▕▏  [34m  ▕▏  [34m  ▕▏  [34m  ▕▏  [34m  ▕▏  [34m  ▕▏  [34m  ▕▏  [34m  ▕▏  [34m  ▕▏  [39m  
  [34m──██──[34m──██──[34m──██──[34m──██──[34m──██──[34m──██──[34m──██──[34m──██──[34m──██──[39m  
  [34m  ▕▏  [34m  ▕▏  [34m  ▕▏  [34m  ▕▏  [34m  ▕▏  [34m  ▕▏  [34m  ▕▏  [34m  ▕▏  [34m  ▕▏  [39m  
  [34m  ▕▏  [32m██████[34m  ▕▏  [34m  ▕▏  [32m██████[34m  ▕▏  [34m  ▕▏  [32m██████[34m  ▕▏  [39m  
  [34m──██──[32m██████[34m──██──[34m──██──[32m██████[34m──██──[34m──██──[32m██████[34m──██──[39m  
  [34m  ▕▏  [32m██████[34m  ▕▏  [34m  ▕▏  [32m██████[34m  ▕▏  [34m  ▕▏  [32m██████[34m  ▕▏  [39m  
  [34m  ▕▏  [34m  ▕▏  [34m  ▕▏  [34m  ▕▏  [34m  ▕▏  [34m  ▕▏  [34m  ▕▏  [34m  ▕▏  [34m  ▕▏  [39m  
  [34m──██──[34m──██──[34m──██──[34m──██──[34m──██──[34m──██──[34m──██──[34m──██──[34m──██──[39m  
  [34m  ▕▏  [34m  ▕▏  [34m  ▕▏  [34m  ▕▏  [34m  ▕▏  [34m  ▕▏  [34m  ▕▏  [34m  ▕▏  [34m  ▕▏  [39m  
  [34m  ▕▏  [34m  ▕▏  [34m  ▕▏  [31m██████[31m██████[31m██████[34m  ▕▏  [34m  ▕▏  [34m  ▕▏  [39m  
  [34m──██──[34m──██──[34m──██──[31m██████[31m██████[31m██████[34m──██──[34m──██──[34m──██──[39m  
  [34m  ▕▏  [34m  ▕▏  [34m  ▕▏  [31m██████[31m██████[31m██████[34m  ▕▏  [34m  ▕▏  [34m  ▕▏  [39m  
  [34m  ▕▏  [32m██████[34m  ▕▏  [31m██████[31m██████[31m██████[34m  ▕▏  [32m██████[34m  ▕▏  [39m  
  [34m──██──[32m██████[34m──██──[31m██████[31m██████[31m██████[34m──██──[32m██████[34m──██──[39m  
  [34m  ▕▏  [32m██████[34m  ▕▏  [31m██████[31m██████[31m██████[34m  ▕▏  [32m██████[34m  ▕▏  [39m  
  [34m  ▕▏  [34m  ▕▏  [34m  ▕▏  [31m██████[31m██████[31m██████[34m  ▕▏  [34m  ▕▏  [34m  ▕▏  [39m  
  [34m──██──[34m──██──[34m──██──[31m██████[31m██████[31m██████[34m──██──[34m──██──[34m──██──[39m  
  [34m  ▕▏  [34m  ▕▏  [34m  ▕▏  [31m██████[31m██████[31m██████[34m  ▕▏  [34m  ▕▏  [34m  ▕▏  [39m  
  [34m  ▕▏  [34m  ▕▏  [34m  ▕▏  [34m  ▕▏  [34m  ▕▏  [34m  ▕▏  [34m  ▕▏  [34m  ▕▏  [34m  ▕▏  [39m  
  [34m──██──[34m──██──[34m──██──[34m──██──[34m──██──[34m──██──[34m──██──[34m──██──[34m──██──[39m  
  [34m  ▕▏  [34m  ▕▏  [34m  ▕▏  [34m  ▕▏  [34m  ▕▏  [34m  ▕▏  [34m  ▕▏  [34m  ▕▏  [34m  ▕▏  [39m  
  [34m  ▕▏  [32m██████[34m  ▕▏  [34m  ▕▏  [32m██████[34m  ▕▏  [34m  ▕▏  [32m██████[34m  ▕▏  [39m  
  [34m──██──[32m██████[34m──██──[34m──██──[32m██████[34m──██──[34m──██──[32m██████[34m──██──[39m  
  [34m  ▕▏  [32m██████[34m  ▕▏  [34m  ▕▏  [32m██████[34m  ▕▏  [34m  ▕▏  [32m██████[34m  ▕▏  [39m  
  [34m  ▕▏  [34m  ▕▏  [34m  ▕▏  [34m  ▕▏  [34m  ▕▏  [34m  ▕▏  [34m  ▕▏  [34m  ▕▏  [34m  ▕▏  [39m  
  [34m──██──[34m──██──[34m──██──[34m──██──[34m──██──[34m──██──[34m──██──[34m──██──[34m──██──[39m  
  [34m  ▕▏  [34m  ▕▏  [34m  ▕▏  [34m  ▕▏  [34m  ▕▏  [34m  ▕▏  [34m  ▕▏  [34m  ▕▏  [34m  ▕▏  [39m  

AMR driver provided by CarpetX,
using AMReX 23.08 (MPI, OpenMP, no accelerators, debug)
--------------------------------------------------------------------------------

MPI initialized with 2 MPI processes
MPI initialized with thread support level 2
OMP initialized with 1 OMP threads
AMReX (23.08) initialized
INFO (CarpetX): 
Symmetries:
  lower x: none
  lower y: none
  lower z: none
  upper x: none
  upper y: none
  upper z: none
Default boundaries:
  lower x: dirichlet
  lower y: dirichlet
  lower z: dirichlet
  upper x: dirichlet
  upper y: dirichlet
  upper z: dirichlet
INFO (Arith): Test_smallvector
INFO (Arith): Test_spvect
INFO (CarpetX): Setting up initial conditions...
INFO (CarpetX): Iteration: 0   time: 0   delta_time: 0.03125
INFO (CarpetX): Patch 0:
INFO (CarpetX):   Grid extent:
INFO (CarpetX):     gsh=[35,35,35]
INFO (CarpetX):     blocking_factor=[8,8,8]
INFO (CarpetX):     max_grid_size=[32,32,32]
INFO (CarpetX):     max_tile_size=[1024000,16,32]
INFO (CarpetX):   Domain extent:
INFO (CarpetX):     xmin=[-1,-1,-1]
INFO (CarpetX):     xmax=[1,1,1]
INFO (CarpetX):     base dx=[0.0625,0.0625,0.0625]
INFO (CarpetX): Initializing level 0...
INFO (CarpetX): Regridding...
INFO (CarpetX):   level 0: 2 boxes, 32768 cells (100%)
INFO (CarpetX):   level 1: 2 boxes, 32768 cells (12.5%, 12%)
INFO (CarpetX): Iteration: 0   time: 0   delta_time: 0.015625
INFO (CarpetX): Initializing level 1...
INFO (CarpetX): Regridding...
INFO (CarpetX):   level 0: 2 boxes, 32768 cells (100%)
INFO (CarpetX):   level 1: 2 boxes, 32768 cells (12.5%, 12%)
INFO (CarpetX): Initialized 2 levels
INFO (CarpetX): OutputGH: iteration 0, time 0.000000, run time 0 s
INFO (CarpetX): OutputADIOS2...
INFO (CarpetX): OutputGH done.
INFO (CarpetX): Starting evolution...
INFO (CarpetX): Regridding...
INFO (CarpetX):   old levels 2, new levels 2
INFO (CarpetX):   level 0: 2 boxes, 32768 cells (100%)
INFO (CarpetX):   level 1: 2 boxes, 32768 cells (12.5%, 12%)
INFO (CarpetX): OutputGH: iteration 1, time 0.015625, run time 0 s
INFO (CarpetX): OutputGH done.
INFO (CarpetX): Simulation time: 0.015625   Iterations per second: 150.263   Simulation time per second: 2.34787
INFO (CarpetX): Grid cells: 65536   Grid cell updates per second: 9.84767e+06
INFO (CarpetX): Performance:
INFO (CarpetX):   total evolution time:            0.00665498 sec
INFO (CarpetX):   total evolution compute time:    0.0066359 sec
INFO (CarpetX):   total evolution output time:     1.90735e-05 sec
INFO (CarpetX):   total iterations:                1
INFO (CarpetX):   total cells updated:             65536
INFO (CarpetX):   average iterations per second: 150.263
INFO (CarpetX):   average cell updates per second: 9.84767e+06
INFO (CarpetX): Regridding...
INFO (CarpetX):   old levels 2, new levels 2
INFO (CarpetX):   level 0: 2 boxes, 32768 cells (100%)
INFO (CarpetX):   level 1: 2 boxes, 32768 cells (12.5%, 12%)
INFO (CarpetX): OutputGH: iteration 2, time 0.031250, run time 0 s
INFO (CarpetX): OutputGH done.
INFO (CarpetX): Simulation time: 0.03125   Iterations per second: 149.009   Simulation time per second: 2.32826
INFO (CarpetX): Grid cells: 65536   Grid cell updates per second: 9.76545e+06
INFO (CarpetX): Performance:
INFO (CarpetX):   total evolution time:            0.013366 sec
INFO (CarpetX):   total evolution compute time:    0.0133309 sec
INFO (CarpetX):   total evolution output time:     3.50475e-05 sec
INFO (CarpetX):   total iterations:                2
INFO (CarpetX):   total cells updated:             131072
INFO (CarpetX):   average iterations per second: 149.634
INFO (CarpetX):   average cell updates per second: 9.80639e+06
INFO (CarpetX): Regridding...
INFO (CarpetX):   old levels 2, new levels 2
INFO (CarpetX):   level 0: 2 boxes, 32768 cells (100%)
INFO (CarpetX):   level 1: 2 boxes, 32768 cells (12.5%, 12%)
INFO (CarpetX): OutputGH: iteration 3, time 0.046875, run time 0 s
INFO (CarpetX): OutputGH done.
INFO (CarpetX): Simulation time: 0.046875   Iterations per second: 151.77   Simulation time per second: 2.3714
INFO (CarpetX): Grid cells: 65536   Grid cell updates per second: 9.94637e+06
INFO (CarpetX): Performance:
INFO (CarpetX):   total evolution time:            0.0199549 sec
INFO (CarpetX):   total evolution compute time:    0.019902 sec
INFO (CarpetX):   total evolution output time:     5.29289e-05 sec
INFO (CarpetX):   total iterations:                3
INFO (CarpetX):   total cells updated:             196608
INFO (CarpetX):   average iterations per second: 150.339
INFO (CarpetX):   average cell updates per second: 9.85261e+06
INFO (CarpetX): Regridding...
INFO (CarpetX):   old levels 2, new levels 2
INFO (CarpetX):   level 0: 2 boxes, 32768 cells (100%)
INFO (CarpetX):   level 1: 2 boxes, 32768 cells (12.5%, 12%)
INFO (CarpetX): OutputGH: iteration 4, time 0.062500, run time 0 s
INFO (CarpetX): OutputGH done.
INFO (CarpetX): Simulation time: 0.0625   Iterations per second: 140.867   Simulation time per second: 2.20104
INFO (CarpetX): Grid cells: 65536   Grid cell updates per second: 9.23184e+06
INFO (CarpetX): Performance:
INFO (CarpetX):   total evolution time:            0.0270538 sec
INFO (CarpetX):   total evolution compute time:    0.026983 sec
INFO (CarpetX):   total evolution output time:     7.08103e-05 sec
INFO (CarpetX):   total iterations:                4
INFO (CarpetX):   total cells updated:             262144
INFO (CarpetX):   average iterations per second: 147.853
INFO (CarpetX):   average cell updates per second: 9.68972e+06
INFO (CarpetX): Regridding...
INFO (CarpetX):   old levels 2, new levels 2
INFO (CarpetX):   level 0: 2 boxes, 32768 cells (100%)
INFO (CarpetX):   level 1: 2 boxes, 32768 cells (12.5%, 12%)
INFO (CarpetX): OutputGH: iteration 5, time 0.078125, run time 0 s
INFO (CarpetX): OutputGH done.
INFO (CarpetX): Simulation time: 0.078125   Iterations per second: 151.173   Simulation time per second: 2.36208
INFO (CarpetX): Grid cells: 65536   Grid cell updates per second: 9.9073e+06
INFO (CarpetX): Performance:
INFO (CarpetX):   total evolution time:            0.0336688 sec
INFO (CarpetX):   total evolution compute time:    0.0335801 sec
INFO (CarpetX):   total evolution output time:     8.86917e-05 sec
INFO (CarpetX):   total iterations:                5
INFO (CarpetX):   total cells updated:             327680
INFO (CarpetX):   average iterations per second: 148.506
INFO (CarpetX):   average cell updates per second: 9.73247e+06
INFO (CarpetX): Regridding...
INFO (CarpetX):   old levels 2, new levels 2
INFO (CarpetX):   level 0: 2 boxes, 32768 cells (100%)
INFO (CarpetX):   level 1: 2 boxes, 32768 cells (12.5%, 12%)
INFO (CarpetX): OutputGH: iteration 6, time 0.093750, run time 0 s
INFO (CarpetX): OutputGH done.
INFO (CarpetX): Simulation time: 0.09375   Iterations per second: 150.945   Simulation time per second: 2.35851
INFO (CarpetX): Grid cells: 65536   Grid cell updates per second: 9.89232e+06
INFO (CarpetX): Performance:
INFO (CarpetX):   total evolution time:            0.0402937 sec
INFO (CarpetX):   total evolution compute time:    0.0401831 sec
INFO (CarpetX):   total evolution output time:     0.000110626 sec
INFO (CarpetX):   total iterations:                6
INFO (CarpetX):   total cells updated:             393216
INFO (CarpetX):   average iterations per second: 148.907
INFO (CarpetX):   average cell updates per second: 9.75875e+06
INFO (CarpetX): Regridding...
INFO (CarpetX):   old levels 2, new levels 2
INFO (CarpetX):   level 0: 2 boxes, 32768 cells (100%)
INFO (CarpetX):   level 1: 2 boxes, 32768 cells (12.5%, 12%)
INFO (CarpetX): OutputGH: iteration 7, time 0.109375, run time 0 s
INFO (CarpetX): OutputGH done.
INFO (CarpetX): Simulation time: 0.109375   Iterations per second: 151.217   Simulation time per second: 2.36276
INFO (CarpetX): Grid cells: 65536   Grid cell updates per second: 9.91015e+06
INFO (CarpetX): Performance:
INFO (CarpetX):   total evolution time:            0.0469067 sec
INFO (CarpetX):   total evolution compute time:    0.046777 sec
INFO (CarpetX):   total evolution output time:     0.0001297 sec
INFO (CarpetX):   total iterations:                7
INFO (CarpetX):   total cells updated:             458752
INFO (CarpetX):   average iterations per second: 149.232
INFO (CarpetX):   average cell updates per second: 9.78009e+06
INFO (CarpetX): Regridding...
INFO (CarpetX):   old levels 2, new levels 2
INFO (CarpetX):   level 0: 2 boxes, 32768 cells (100%)
INFO (CarpetX):   level 1: 2 boxes, 32768 cells (12.5%, 12%)
INFO (CarpetX): OutputGH: iteration 8, time 0.125000, run time 0 s
INFO (CarpetX): OutputGH done.
INFO (CarpetX): Simulation time: 0.125   Iterations per second: 150.447   Simulation time per second: 2.35073
INFO (CarpetX): Grid cells: 65536   Grid cell updates per second: 9.85968e+06
INFO (CarpetX): Performance:
INFO (CarpetX):   total evolution time:            0.0535536 sec
INFO (CarpetX):   total evolution compute time:    0.0534079 sec
INFO (CarpetX):   total evolution output time:     0.000145674 sec
INFO (CarpetX):   total iterations:                8
INFO (CarpetX):   total cells updated:             524288
INFO (CarpetX):   average iterations per second: 149.383
INFO (CarpetX):   average cell updates per second: 9.78997e+06
INFO (CarpetX): Regridding...
INFO (CarpetX):   old levels 2, new levels 2
INFO (CarpetX):   level 0: 2 boxes, 32768 cells (100%)
INFO (CarpetX):   level 1: 2 boxes, 32768 cells (12.5%, 12%)
INFO (CarpetX): OutputGH: iteration 9, time 0.140625, run time 0 s
INFO (CarpetX): OutputGH done.
INFO (CarpetX): Simulation time: 0.140625   Iterations per second: 151.31   Simulation time per second: 2.36421
INFO (CarpetX): Grid cells: 65536   Grid cell updates per second: 9.91623e+06
INFO (CarpetX): Performance:
INFO (CarpetX):   total evolution time:            0.0601625 sec
INFO (CarpetX):   total evolution compute time:    0.0599978 sec
INFO (CarpetX):   total evolution output time:     0.000164747 sec
INFO (CarpetX):   total iterations:                9
INFO (CarpetX):   total cells updated:             589824
INFO (CarpetX):   average iterations per second: 149.595
INFO (CarpetX):   average cell updates per second: 9.80384e+06
INFO (CarpetX): Regridding...
INFO (CarpetX):   old levels 2, new levels 2
INFO (CarpetX):   level 0: 2 boxes, 32768 cells (100%)
INFO (CarpetX):   level 1: 2 boxes, 32768 cells (12.5%, 12%)
INFO (CarpetX): OutputGH: iteration 10, time 0.156250, run time 0 s
INFO (CarpetX): OutputADIOS2...
INFO (CarpetX): OutputGH done.
INFO (CarpetX): Simulation time: 0.15625   Iterations per second: 59.4532   Simulation time per second: 0.928956
INFO (CarpetX): Grid cells: 65536   Grid cell updates per second: 3.89632e+06
INFO (CarpetX): Performance:
INFO (CarpetX):   total evolution time:            0.0769825 sec
INFO (CarpetX):   total evolution compute time:    0.0666058 sec
INFO (CarpetX):   total evolution output time:     0.0103767 sec
INFO (CarpetX):   total iterations:                10
INFO (CarpetX):   total cells updated:             655360
INFO (CarpetX):   average iterations per second: 129.9
INFO (CarpetX):   average cell updates per second: 8.5131e+06
INFO (CarpetX): Shutting down...
AMReX (23.08) finalized
--------------------------------------------------------------------------------
Done.
+ echo Stopping:
Stopping:
+ date
Mon Oct 30 17:01:04 UTC 2023
+ echo Done.
Done.
  Elapsed time: 1.0 s
