/home/runner/simulations/TestJob01_temp_1/output-0000/TEST/sim/MemSpeed
Preparing:
+ set -e
+ cd output-0000-active
+ echo Checking:
Checking:
+ pwd
/home/runner/simulations/TestJob01_temp_1/output-0000/TEST/sim/MemSpeed/output-0000-active
+ hostname
runnervm6qbrg
+ date
Thu Dec 11 23:33:31 UTC 2025
+ echo Environment:
Environment:
+ export CACTUS_NUM_PROCS=1
+ CACTUS_NUM_PROCS=1
+ export CACTUS_NUM_THREADS=2
+ CACTUS_NUM_THREADS=2
+ export GMON_OUT_PREFIX=gmon.out
+ GMON_OUT_PREFIX=gmon.out
+ export OMP_NUM_THREADS=2
+ OMP_NUM_THREADS=2
+ env
+ sort
+ echo Starting:
Starting:
++ date +%s
+ export CACTUS_STARTTIME=1765496011
+ CACTUS_STARTTIME=1765496011
+ '[' 1 = 1 ']'
+ '[' 0 -eq 0 ']'
+ /home/runner/simulations/TestJob01_temp_1/SIMFACTORY/exe/cactus_sim -L 3 /home/runner/simulations/TestJob01_temp_1/output-0000/arrangements/CactusUtils/MemSpeed/test/memspeed.par
INFO (Cactus): Increased logging level from 0 to 3
--------------------------------------------------------------------------------

       10                                  
  1   0101       ************************  
  01  1010 10      The Cactus Code V4.18.0    
 1010 1101 011      www.cactuscode.org     
  1001 100101    ************************  
    00010101                               
     100011     (c) Copyright The Authors  
      0100      GNU Licensed. No Warranty  
      0101                                 
--------------------------------------------------------------------------------

Cactus version:    4.18.0
Compile date:      Dec 11 2025 (23:26:09)
Run date:          Dec 11 2025 (23:33:31+0000)
Run host:          runnervm6qbrg.euvoypmqv01u5lz5obefzjxsjg.phxx.internal.cloudapp.net (pid=131616)
Working directory: /home/runner/simulations/TestJob01_temp_1/output-0000/TEST/sim/MemSpeed
Executable:        /home/runner/simulations/TestJob01_temp_1/SIMFACTORY/exe/cactus_sim
Parameter file:    /home/runner/simulations/TestJob01_temp_1/output-0000/arrangements/CactusUtils/MemSpeed/test/memspeed.par
--------------------------------------------------------------------------------

Activating thorn Cactus...Success -> active implementation Cactus
Activation requested for 
--->hwloc MemSpeed SystemTopology CartGrid3D CoordBase IOASCII IOUtil PUGH PUGHSlab<---
Thorn hwloc requests automatic activation of zlib
Thorn MemSpeed requests automatic activation of Vectors
Thorn MemSpeed requests automatic activation of MPI
Activating thorn CartGrid3D...Success -> active implementation grid
Activating thorn CoordBase...Success -> active implementation CoordBase
Activating thorn hwloc...Success -> active implementation hwloc
Activating thorn IOASCII...Success -> active implementation IOASCII
Activating thorn IOUtil...Success -> active implementation IO
Activating thorn MemSpeed...Success -> active implementation MemSpeed
Activating thorn MPI...Success -> active implementation MPI
Activating thorn PUGH...Success -> active implementation Driver
Activating thorn PUGHSlab...Success -> active implementation Hyperslab
Activating thorn SystemTopology...Success -> active implementation SystemTopology
Activating thorn Vectors...Success -> active implementation Vectors
Activating thorn zlib...Success -> active implementation zlib
--------------------------------------------------------------------------------
  if (recover initial data)
    Recover parameters
  endif

  Startup routines
    [CCTK_STARTUP]
      CartGrid3D::SymmetryStartup: Register GH Extension for GridSymmetry
      CoordBase::CoordBase_Startup: Register a GH extension to store the coordinate system handles
      GROUP hwloc_startup: hwloc startup group
        hwloc::hwloc_version: Output hwloc version
      SystemTopology::ST_system_topology: Output and/or modify system topology and hardware locality
      PUGH::Driver_Startup: Startup routine
      PUGH::PUGH_RegisterPUGHP2LRoutines: Register Physical to Logical process mapping routines
      PUGH::PUGH_RegisterPUGHTopologyRoutines: Register topology generation routines routines
      IOUtil::IOUtil_Startup: Startup routine
      Vectors::Vectors_Startup: Print startup message
      IOASCII::IOASCII_Startup: Startup routine

  Startup routines which need an existing grid hierarchy
    [CCTK_WRAGH]
      CartGrid3D::RegisterCartGrid3DCoords: [meta] Register coordinates for the Cartesian grid
      MemSpeed::MemSpeed_MeasureSpeed: [meta] Measure CPU, memory, cache speeds
  Parameter checking routines
    [CCTK_PARAMCHECK]
      CartGrid3D::ParamCheck_CartGrid3D: Check coordinates for CartGrid3D
      Vectors::Vectors_Test: Run correctness tests.

  Initialisation
    if (NOT (recover initial data AND recovery_mode is 'strict'))
      [CCTK_PREREGRIDINITIAL]
      Set up grid hierarchy
      [CCTK_POSTREGRIDINITIAL]
        CartGrid3D::SpatialCoordinates: Set Coordinates after regridding
      [CCTK_BASEGRID]
        CartGrid3D::SpatialSpacings: Set up ranges for spatial 3D Cartesian coordinates (on all grids)
        CartGrid3D::SpatialCoordinates: Set up spatial 3D Cartesian coordinates on the GH
        IOASCII::IOASCII_Choose1D: Choose 1D output lines
        IOASCII::IOASCII_Choose2D: Choose 2D output planes
        PUGH::PUGH_Report: Report on PUGH set up
      [CCTK_INITIAL]
      [CCTK_POSTINITIAL]
      Initialise finer grids recursively
      Restrict from finer grids
      [CCTK_POSTRESTRICTINITIAL]
      [CCTK_POSTPOSTINITIAL]
      [CCTK_POSTSTEP]
    endif
    if (recover initial data)
      [CCTK_BASEGRID]
        CartGrid3D::SpatialSpacings: Set up ranges for spatial 3D Cartesian coordinates (on all grids)
        CartGrid3D::SpatialCoordinates: Set up spatial 3D Cartesian coordinates on the GH
        IOASCII::IOASCII_Choose1D: Choose 1D output lines
        IOASCII::IOASCII_Choose2D: Choose 2D output planes
        PUGH::PUGH_Report: Report on PUGH set up
      [CCTK_RECOVER_VARIABLES]
      [CCTK_POST_RECOVER_VARIABLES]
    endif
    if (checkpoint initial data)
      [CCTK_CPINITIAL]
    endif
    if (analysis)
      [CCTK_ANALYSIS]
  endif
  Output grid variables

  do loop over timesteps
    [CCTK_PREREGRID]
    Change grid hierarchy
    [CCTK_POSTREGRID]
      CartGrid3D::SpatialCoordinates: Set Coordinates after regridding
    Rotate timelevels
    iteration = iteration+1
    t = t+dt
    [CCTK_PRESTEP]
    [CCTK_EVOL]
    Evolve finer grids recursively
    Restrict from finer grids
    [CCTK_POSTRESTRICT]
    [CCTK_POSTSTEP]
    if (checkpoint)
      [CCTK_CHECKPOINT]
    endif
    if (analysis)
      [CCTK_ANALYSIS]
    endif
    Output grid variables
    enddo

  Termination routines
    [CCTK_TERMINATE]
      PUGH::Driver_Terminate: Termination routine

  Shutdown routines
    [CCTK_SHUTDOWN]

  Routines run after changing the grid hierarchy:
    [CCTK_POSTREGRID]
      CartGrid3D::SpatialCoordinates: Set Coordinates after regridding
--------------------------------------------------------------------------------
INFO (hwloc): library version 2.10.0, API version 0x20800
INFO (SystemTopology): MPI process-to-host mapping:
This is MPI process 0 of 1
MPI hosts:
  0: runnervm6qbrg
This MPI process runs on host 0 of 1
On this host, this is MPI process 0 of 1
INFO (SystemTopology): Topology support:
Discovery support:
  discovery->pu                            : yes
CPU binding support:
  cpubind->set_thisproc_cpubind            : yes
  cpubind->get_thisproc_cpubind            : yes
  cpubind->set_proc_cpubind                : yes
  cpubind->get_proc_cpubind                : yes
  cpubind->set_thisthread_cpubind          : yes
  cpubind->get_thisthread_cpubind          : yes
  cpubind->set_thread_cpubind              : yes
  cpubind->get_thread_cpubind              : yes
  cpubind->get_thisproc_last_cpu_location  : yes
  cpubind->get_proc_last_cpu_location      : yes
  cpubind->get_thisthread_last_cpu_location: yes
Memory binding support:
  membind->set_thisproc_membind            : no
  membind->get_thisproc_membind            : no
  membind->set_proc_membind                : no
  membind->get_proc_membind                : no
  membind->set_thisthread_membind          : yes
  membind->get_thisthread_membind          : yes
  membind->set_area_membind                : yes
  membind->get_area_membind                : yes
  membind->alloc_membind                   : yes
  membind->firsttouch_membind              : yes
  membind->bind_membind                    : yes
  membind->interleave_membind              : yes
  membind->nexttouch_membind               : no
  membind->migrate_membind                 : yes
INFO (SystemTopology): Hardware objects in this node:
Machine L#0: (P#0, total=16379472KB, DMIProductName="Virtual Machine", DMIProductVersion=7.0, DMIProductUUID=cf98967c-382c-7644-933d-0816bdc41ec7, DMIBoardVendor="Microsoft Corporation", DMIBoardName="Virtual Machine", DMIBoardVersion=7.0, DMIChassisVendor="Microsoft Corporation", DMIChassisType=3, DMIChassisVersion=7.0, DMIChassisAssetTag=7783-7084-3265-9085-8269-3286-77, DMIBIOSVendor="American Megatrends Inc.", DMIBIOSVersion="090008 ", DMIBIOSDate=12/07/2018, DMISysVendor="Microsoft Corporation", Backend=Linux, LinuxCgroup=/system.slice/hosted-compute-agent.service, OSName=Linux, OSRelease=6.11.0-1018-azure, OSVersion="#18~24.04.1-Ubuntu SMP Sat Jun 28 04:46:03 UTC 2025", HostName=runnervm6qbrg, Architecture=x86_64, hwlocVersion=2.10.0, ProcessName=cactus_sim)
  Package L#0: (P#0, total=16379472KB, CPUVendor=AuthenticAMD, CPUFamilyNumber=25, CPUModelNumber=1, CPUModel="AMD EPYC 7763 64-Core Processor                ", CPUStepping=1)
    L3Cache L#0: (P#0, size=32768KB, linesize=64, ways=16, Inclusive=0)
      L2Cache L#0: (P#0, size=512KB, linesize=64, ways=8, Inclusive=1)
        L1dCache L#0: (P#0, size=32KB, linesize=64, ways=8, Inclusive=0)
          Core L#0: (P#0)
            PU L#0: (P#0)
            PU L#1: (P#1)
      L2Cache L#1: (P#1, size=512KB, linesize=64, ways=8, Inclusive=1)
        L1dCache L#1: (P#1, size=32KB, linesize=64, ways=8, Inclusive=0)
          Core L#1: (P#1)
            PU L#2: (P#2)
            PU L#3: (P#3)
INFO (SystemTopology): Thread CPU bindings:
  MPI process 0 on host 0 (process 0 of 1 on this host)
    OpenMP thread 0: PU set L#{0-3} P#{0-3}
    OpenMP thread 1: PU set L#{0-3} P#{0-3}
INFO (SystemTopology): Setting thread CPU bindings:
INFO (SystemTopology): Thread CPU bindings:
  MPI process 0 on host 0 (process 0 of 1 on this host)
    OpenMP thread 0: PU set L#{0} P#{0}
    OpenMP thread 1: PU set L#{2} P#{2}
INFO (SystemTopology): Extracting CPU/cache/memory properties:
  There are 2 PUs per core (aka hardware SMT threads)
  There are 1 threads per core (aka SMT threads used)
  Cache (unknown name) has type "data" depth 1
    size 32768 linesize 64 associativity 8 stride 4096, for 2 PUs
  Cache (unknown name) has type "unified" depth 2
    size 524288 linesize 64 associativity 8 stride 65536, for 2 PUs
  Cache (unknown name) has type "unified" depth 3
    size 33554432 linesize 64 associativity 16 stride 2097152, for 4 PUs
INFO (PUGH): Using physical to logical mappings: direct
INFO (PUGH): Using topology generator: automatic
INFO (Vectors): Using vector size 2 for architecture SSE2 (64-bit precision)
--------------------------------------------------------------------------------
Driver provided by PUGH
--------------------------------------------------------------------------------

INFO (PUGH): Not setting up a topology for 1 dimensions
INFO (PUGH): Not setting up a topology for 2 dimensions
INFO (PUGH): Setting up a topology for 3 dimensions
INFO (IOASCII): I/O Method 'IOASCII_1D' registered: output of 1D lines of grid functions/arrays to ASCII files
INFO (IOASCII): Periodic 1D output every 1 iterations
INFO (IOASCII): Periodic 1D output requested for 'GRID::r'
INFO (IOASCII): I/O Method 'IOASCII_2D' registered: output of 2D planes of grid functions/arrays to ASCII files
INFO (IOASCII): Periodic 2D output turned off
INFO (IOASCII): I/O Method 'IOASCII_3D' registered: output of 3D grid functions/arrays to ASCII files
INFO (IOASCII): Periodic 3D output turned off
INFO (MemSpeed): Measuring CPU, cache, memory, and communication speeds:
  Single-core measurements (using 1 MPI processes with 1 OpenMP threads each):
    CPU frequency:
      iterations=1000000... time=0.00126593 sec
      iterations=10000000... time=0.0125056 sec
      iterations=100000000... time=0.124516 sec
      iterations=900000000... time=1.12019 sec
      iterations=900000000... time=0.839986 sec
      result: 6.42383 GHz
    CPU floating point performance:
      iterations=1000000... time=0.00199079 sec
      iterations=10000000... time=0.0198304 sec
      iterations=100000000... time=0.19888 sec
      iterations=600000000... time=1.19005 sec
      result: 16.1337 Gflop/sec
    CPU integer performance:
      iterations=1000000... time=0.0015799 sec
      iterations=10000000... time=0.0155523 sec
      iterations=100000000... time=0.155474 sec
      iterations=700000000... time=1.08891 sec
      result: 10.2855 Giop/sec
    Read latency of D1 cache (for 2 PUs) (using 1*24576 bytes):
      iterations=1000... time=0.000125796 sec
      iterations=10000... time=0.00124594 sec
      iterations=100000... time=0.0124469 sec
      iterations=1000000... time=0.124426 sec
      iterations=9000000... time=1.11871 sec
      result: 1.24301 nsec
    Read latency of L2 cache (for 2 PUs) (using 1*393216 bytes):
      iterations=1000... time=0.000587692 sec
      iterations=10000... time=0.00586335 sec
      iterations=100000... time=0.0571193 sec
      iterations=1000000... time=0.57584 sec
      iterations=2000000... time=1.14507 sec
      result: 5.72534 nsec
    Read latency of L3 cache (for 4 PUs) (using 1*25165824 bytes):
      [skipped -- avoiding large-memory benchmarks]
    Read bandwidth of D1 cache (for 2 PUs) (using 1*24576 bytes):
      iterations=1... time=4.2e-07 sec
      iterations=10... time=4.008e-06 sec
      iterations=100... time=3.2781e-05 sec
      iterations=1000... time=0.000280917 sec
      iterations=10000... time=0.00249557 sec
      iterations=100000... time=0.024345 sec
      iterations=1000000... time=0.243187 sec
      iterations=5000000... time=1.21648 sec
      result: 101.012 GByte/sec
    Read bandwidth of L2 cache (for 2 PUs) (using 1*393216 bytes):
      iterations=1... time=8.086e-06 sec
      iterations=10... time=5.4222e-05 sec
      iterations=100... time=0.000482134 sec
      iterations=1000... time=0.00491452 sec
      iterations=10000... time=0.0479635 sec
      iterations=100000... time=0.474561 sec
      iterations=200000... time=0.947329 sec
      iterations=400000... time=1.89761 sec
      result: 82.8864 GByte/sec
    Read bandwidth of L3 cache (for 4 PUs) (using 1*25165824 bytes):
      [skipped -- avoiding large-memory benchmarks]
    Write latency of D1 cache (for 2 PUs) (using 1*24576 bytes):
      iterations=1000... time=3.026e-06 sec
      iterations=10000... time=4.4283e-05 sec
      iterations=100000... time=0.000253656 sec
      iterations=1000000... time=0.00249635 sec
      iterations=10000000... time=0.0248626 sec
      iterations=100000000... time=0.248765 sec
      iterations=400000000... time=0.995165 sec
      iterations=800000000... time=1.98974 sec
      result: 0.310897 nsec
    Write latency of L2 cache (for 2 PUs) (using 1*393216 bytes):
      iterations=1000... time=1.09e-05 sec
      iterations=10000... time=0.000102212 sec
      iterations=100000... time=0.00102353 sec
      iterations=1000000... time=0.0100853 sec
      iterations=10000000... time=0.100247 sec
      iterations=100000000... time=1.02321 sec
      result: 1.27901 nsec
    Write latency of L3 cache (for 4 PUs) (using 1*25165824 bytes):
      [skipped -- avoiding large-memory benchmarks]
    Write bandwidth of D1 cache (for 2 PUs) (using 1*24576 bytes):
      iterations=1... time=4.1e-07 sec
      iterations=10... time=3.547e-06 sec
      iterations=100... time=3.9404e-05 sec
      iterations=1000... time=0.000285145 sec
      iterations=10000... time=0.00279528 sec
      iterations=100000... time=0.0278165 sec
      iterations=1000000... time=0.278895 sec
      iterations=4000000... time=1.11326 sec
      result: 88.3027 GByte/sec
    Write bandwidth of L2 cache (for 2 PUs) (using 1*393216 bytes):
      iterations=1... time=8.706e-06 sec
      iterations=10... time=5.86e-05 sec
      iterations=100... time=0.000457898 sec
      iterations=1000... time=0.00460578 sec
      iterations=10000... time=0.0449005 sec
      iterations=100000... time=0.449328 sec
      iterations=200000... time=0.898655 sec
      iterations=400000... time=1.8004 sec
      result: 87.3621 GByte/sec
    Write bandwidth of L3 cache (for 4 PUs) (using 1*25165824 bytes):
      [skipped -- avoiding large-memory benchmarks]
    Stencil code performance of D1 cache (for 2 PUs) (using 1*12^3 grid points, 1*27648 bytes):
      iterations=1... time=2.0278e-05 sec
      iterations=10... time=0.000310552 sec
      iterations=100... time=0.00310984 sec
      iterations=1000... time=0.0304371 sec
      iterations=10000... time=0.306601 sec
      iterations=40000... time=1.25875 sec
      result: 0.0549115 Gupdates/sec
    Stencil code performance of L2 cache (for 2 PUs) (using 1*29^3 grid points, 1*390224 bytes):
      iterations=1... time=0.00015451 sec
      iterations=10... time=0.00175601 sec
      iterations=100... time=0.0175411 sec
      iterations=1000... time=0.175133 sec
      iterations=6000... time=1.06222 sec
      result: 0.137762 Gupdates/sec
    Stencil code performance of L3 cache (for 4 PUs) (using 1*116^3 grid points, 1*24974336 bytes):
      iterations=1... time=0.00437521 sec
      iterations=10... time=0.0444396 sec
      iterations=100... time=0.429266 sec
      iterations=300... time=1.30478 sec
      result: 0.358886 Gupdates/sec
  Single-node measurements (using 1 MPI processes with 2 OpenMP threads each):
    CPU frequency:
      iterations=1000000... time=0.00132507 sec
      iterations=10000000... time=0.0124695 sec
      iterations=100000000... time=0.124473 sec
      iterations=900000000... time=1.12112 sec
      iterations=900000000... time=0.840382 sec
      result: 6.41159 GHz
    CPU floating point performance:
      iterations=1000000... time=0.00198332 sec
      iterations=10000000... time=0.0198319 sec
      iterations=100000000... time=0.198449 sec
      iterations=600000000... time=1.1902 sec
      result: 16.1318 Gflop/sec
    CPU integer performance:
      iterations=1000000... time=0.00158089 sec
      iterations=10000000... time=0.0155455 sec
      iterations=100000000... time=0.155652 sec
      iterations=700000000... time=1.08975 sec
      result: 10.2776 Giop/sec
    Read latency of D1 cache (for 2 PUs) (using 2*24576 bytes):
      iterations=1000... time=0.000124403 sec
      iterations=10000... time=0.00125265 sec
      iterations=100000... time=0.0124243 sec
      iterations=1000000... time=0.124301 sec
      iterations=9000000... time=1.1194 sec
      result: 1.24377 nsec
    Read latency of L2 cache (for 2 PUs) (using 2*393216 bytes):
      iterations=1000... time=0.000482575 sec
      iterations=10000... time=0.00465355 sec
      iterations=100000... time=0.0458735 sec
      iterations=1000000... time=0.457084 sec
      iterations=2000000... time=0.913307 sec
      iterations=4000000... time=1.82971 sec
      result: 4.57428 nsec
    Read latency of L3 cache (for 4 PUs) (using 1*25165824 bytes):
      [skipped -- avoiding large-memory benchmarks]
    Read bandwidth of D1 cache (for 2 PUs) (using 2*24576 bytes):
      iterations=1... time=4.705e-07 sec
      iterations=10... time=3.121e-06 sec
      iterations=100... time=4.98985e-05 sec
      iterations=1000... time=0.000298695 sec
      iterations=10000... time=0.00261082 sec
      iterations=100000... time=0.0244097 sec
      iterations=1000000... time=0.243577 sec
      iterations=5000000... time=1.21916 sec
      result: 100.791 GByte/sec
    Read bandwidth of L2 cache (for 2 PUs) (using 2*393216 bytes):
      iterations=1... time=8.0145e-06 sec
      iterations=10... time=5.84295e-05 sec
      iterations=100... time=0.00049894 sec
      iterations=1000... time=0.00535653 sec
      iterations=10000... time=0.0510957 sec
      iterations=100000... time=0.490577 sec
      iterations=200000... time=0.977223 sec
      iterations=400000... time=1.95112 sec
      result: 80.6133 GByte/sec
    Read bandwidth of L3 cache (for 4 PUs) (using 1*25165824 bytes):
      [skipped -- avoiding large-memory benchmarks]
    Write latency of D1 cache (for 2 PUs) (using 2*24576 bytes):
      iterations=1000... time=3.3565e-06 sec
      iterations=10000... time=3.17295e-05 sec
      iterations=100000... time=0.000282295 sec
      iterations=1000000... time=0.00259504 sec
      iterations=10000000... time=0.0248934 sec
      iterations=100000000... time=0.24903 sec
      iterations=400000000... time=0.997741 sec
      iterations=800000000... time=1.99093 sec
      result: 0.311082 nsec
    Write latency of L2 cache (for 2 PUs) (using 2*393216 bytes):
      iterations=1000... time=1.36505e-05 sec
      iterations=10000... time=9.69365e-05 sec
      iterations=100000... time=0.000969231 sec
      iterations=1000000... time=0.00950699 sec
      iterations=10000000... time=0.0961235 sec
      iterations=100000000... time=0.95802 sec
      iterations=200000000... time=1.91007 sec
      result: 1.19379 nsec
    Write latency of L3 cache (for 4 PUs) (using 1*25165824 bytes):
      [skipped -- avoiding large-memory benchmarks]
    Write bandwidth of D1 cache (for 2 PUs) (using 2*24576 bytes):
      iterations=1... time=4.155e-07 sec
      iterations=10... time=3.607e-06 sec
      iterations=100... time=3.44245e-05 sec
      iterations=1000... time=0.000307301 sec
      iterations=10000... time=0.00272071 sec
      iterations=100000... time=0.0270445 sec
      iterations=1000000... time=0.270555 sec
      iterations=4000000... time=1.08296 sec
      result: 90.7731 GByte/sec
    Write bandwidth of L2 cache (for 2 PUs) (using 2*393216 bytes):
      iterations=1... time=8.341e-06 sec
      iterations=10... time=7.96545e-05 sec
      iterations=100... time=0.000601888 sec
      iterations=1000... time=0.00497241 sec
      iterations=10000... time=0.0491436 sec
      iterations=100000... time=0.479847 sec
      iterations=200000... time=0.959087 sec
      iterations=400000... time=1.9543 sec
      result: 80.4823 GByte/sec
    Write bandwidth of L3 cache (for 4 PUs) (using 1*25165824 bytes):
      [skipped -- avoiding large-memory benchmarks]
    Stencil code performance of D1 cache (for 2 PUs) (using 1*12^3 grid points, 1*27648 bytes):
      iterations=1... time=6.417e-06 sec
      iterations=10... time=8.62165e-05 sec
      iterations=100... time=0.000869449 sec
      iterations=1000... time=0.0085469 sec
      iterations=10000... time=0.084786 sec
      iterations=100000... time=0.850855 sec
      iterations=200000... time=1.6869 sec
      result: 0.204873 Gupdates/sec
    Stencil code performance of L2 cache (for 2 PUs) (using 1*29^3 grid points, 1*390224 bytes):
      iterations=1... time=4.07815e-05 sec
      iterations=10... time=0.000444257 sec
      iterations=100... time=0.00423444 sec
      iterations=1000... time=0.043001 sec
      iterations=10000... time=0.440465 sec
      iterations=20000... time=0.885512 sec
      iterations=40000... time=1.79457 sec
      result: 0.543617 Gupdates/sec
    Stencil code performance of L3 cache (for 4 PUs) (using 1*116^3 grid points, 1*24974336 bytes):
      iterations=1... time=0.000929971 sec
      iterations=10... time=0.0110674 sec
      iterations=100... time=0.113311 sec
      iterations=1000... time=1.12156 sec
      result: 1.39172 Gupdates/sec
INFO (Vectors): Testing vectorisation... [errors may result in segfaults]
INFO (Vectors): 375/375 tests passed 
INFO (CartGrid3D): Grid Spacings:
INFO (CartGrid3D): dx=>1.1111111e-01  dy=>1.1111111e-01  dz=>1.1111111e-01
INFO (CartGrid3D): Computational Coordinates:
INFO (CartGrid3D): x=>[-0.500, 0.500]  y=>[-0.500, 0.500]  z=>[-0.500, 0.500]
INFO (CartGrid3D): Indices of Physical Coordinates:
INFO (CartGrid3D): x=>[0,9]  y=>[0,9]  z=>[0,9]
INFO (PUGH): MPI Evolution on 1 processors
INFO (PUGH): 3-dimensional grid functions
INFO (PUGH):  10
INFO (PUGH):  1
INFO (PUGH): 10]
INFO (PUGH):   Maximum load skew: 0.000000
--------------------------------------------------------------------------------
Done.
+ echo Stopping:
Stopping:
+ date
Thu Dec 11 23:34:38 UTC 2025
+ echo Done.
Done.
  Elapsed time: 67.2 s
