/home/runner/simulations/TestJob01_temp_1/output-0000/TEST/sim/MemSpeed
Preparing:
+ set -e
+ cd output-0000-active
+ echo Checking:
Checking:
+ pwd
/home/runner/simulations/TestJob01_temp_1/output-0000/TEST/sim/MemSpeed/output-0000-active
+ hostname
fv-az1391-586
+ date
Thu Dec  7 01:22:52 UTC 2023
+ echo Environment:
Environment:
+ export CACTUS_NUM_PROCS=1
+ CACTUS_NUM_PROCS=1
+ export CACTUS_NUM_THREADS=2
+ CACTUS_NUM_THREADS=2
+ export GMON_OUT_PREFIX=gmon.out
+ GMON_OUT_PREFIX=gmon.out
+ export OMP_NUM_THREADS=2
+ OMP_NUM_THREADS=2
+ env
+ sort
+ echo Starting:
Starting:
++ date +%s
+ export CACTUS_STARTTIME=1701912172
+ CACTUS_STARTTIME=1701912172
+ '[' 1 = 1 ']'
+ '[' 0 -eq 0 ']'
+ /home/runner/simulations/TestJob01_temp_1/SIMFACTORY/exe/cactus_sim -L 3 /home/runner/simulations/TestJob01_temp_1/output-0000/arrangements/CactusUtils/MemSpeed/test/memspeed.par
INFO (Cactus): Increased logging level from 0 to 3
--------------------------------------------------------------------------------

       10                                  
  1   0101       ************************  
  01  1010 10      The Cactus Code V4.14.0    
 1010 1101 011      www.cactuscode.org     
  1001 100101    ************************  
    00010101                               
     100011     (c) Copyright The Authors  
      0100      GNU Licensed. No Warranty  
      0101                                 
--------------------------------------------------------------------------------

Cactus version:    4.14.0
Compile date:      Dec 07 2023 (01:16:28)
Run date:          Dec 07 2023 (01:22:53+0000)
Run host:          fv-az1391-586.2shxocyfgn1ulnjhqsvgf0c21c.cx.internal.cloudapp.net (pid=130491)
Working directory: /home/runner/simulations/TestJob01_temp_1/output-0000/TEST/sim/MemSpeed
Executable:        /home/runner/simulations/TestJob01_temp_1/SIMFACTORY/exe/cactus_sim
Parameter file:    /home/runner/simulations/TestJob01_temp_1/output-0000/arrangements/CactusUtils/MemSpeed/test/memspeed.par
--------------------------------------------------------------------------------

Activating thorn Cactus...Success -> active implementation Cactus
Activation requested for 
--->hwloc MemSpeed SystemTopology CartGrid3D CoordBase IOASCII IOUtil PUGH PUGHSlab<---
Thorn hwloc requests automatic activation of zlib
Thorn MemSpeed requests automatic activation of Vectors
Thorn MemSpeed requests automatic activation of MPI
Activating thorn CartGrid3D...Success -> active implementation grid
Activating thorn CoordBase...Success -> active implementation CoordBase
Activating thorn hwloc...Success -> active implementation hwloc
Activating thorn IOASCII...Success -> active implementation IOASCII
Activating thorn IOUtil...Success -> active implementation IO
Activating thorn MemSpeed...Success -> active implementation MemSpeed
Activating thorn MPI...Success -> active implementation MPI
Activating thorn PUGH...Success -> active implementation Driver
Activating thorn PUGHSlab...Success -> active implementation Hyperslab
Activating thorn SystemTopology...Success -> active implementation SystemTopology
Activating thorn Vectors...Success -> active implementation Vectors
Activating thorn zlib...Success -> active implementation zlib
--------------------------------------------------------------------------------
  if (recover initial data)
    Recover parameters
  endif

  Startup routines
    [CCTK_STARTUP]
      CartGrid3D::SymmetryStartup: Register GH Extension for GridSymmetry
      CoordBase::CoordBase_Startup: Register a GH extension to store the coordinate system handles
      GROUP hwloc_startup: hwloc startup group
        hwloc::hwloc_version: Output hwloc version
      SystemTopology::ST_system_topology: Output and/or modify system topology and hardware locality
      PUGH::Driver_Startup: Startup routine
      PUGH::PUGH_RegisterPUGHP2LRoutines: Register Physical to Logical process mapping routines
      PUGH::PUGH_RegisterPUGHTopologyRoutines: Register topology generation routines routines
      IOUtil::IOUtil_Startup: Startup routine
      Vectors::Vectors_Startup: Print startup message
      IOASCII::IOASCII_Startup: Startup routine

  Startup routines which need an existing grid hierarchy
    [CCTK_WRAGH]
      CartGrid3D::RegisterCartGrid3DCoords: [meta] Register coordinates for the Cartesian grid
      MemSpeed::MemSpeed_MeasureSpeed: [meta] Measure CPU, memory, cache speeds
  Parameter checking routines
    [CCTK_PARAMCHECK]
      CartGrid3D::ParamCheck_CartGrid3D: Check coordinates for CartGrid3D
      Vectors::Vectors_Test: Run correctness tests.

  Initialisation
    if (NOT (recover initial data AND recovery_mode is 'strict'))
      [CCTK_PREREGRIDINITIAL]
      Set up grid hierarchy
      [CCTK_POSTREGRIDINITIAL]
        CartGrid3D::SpatialCoordinates: Set Coordinates after regridding
      [CCTK_BASEGRID]
        CartGrid3D::SpatialSpacings: Set up ranges for spatial 3D Cartesian coordinates (on all grids)
        CartGrid3D::SpatialCoordinates: Set up spatial 3D Cartesian coordinates on the GH
        IOASCII::IOASCII_Choose1D: Choose 1D output lines
        IOASCII::IOASCII_Choose2D: Choose 2D output planes
        PUGH::PUGH_Report: Report on PUGH set up
      [CCTK_INITIAL]
      [CCTK_POSTINITIAL]
      Initialise finer grids recursively
      Restrict from finer grids
      [CCTK_POSTRESTRICTINITIAL]
      [CCTK_POSTPOSTINITIAL]
      [CCTK_POSTSTEP]
    endif
    if (recover initial data)
      [CCTK_BASEGRID]
        CartGrid3D::SpatialSpacings: Set up ranges for spatial 3D Cartesian coordinates (on all grids)
        CartGrid3D::SpatialCoordinates: Set up spatial 3D Cartesian coordinates on the GH
        IOASCII::IOASCII_Choose1D: Choose 1D output lines
        IOASCII::IOASCII_Choose2D: Choose 2D output planes
        PUGH::PUGH_Report: Report on PUGH set up
      [CCTK_RECOVER_VARIABLES]
      [CCTK_POST_RECOVER_VARIABLES]
    endif
    if (checkpoint initial data)
      [CCTK_CPINITIAL]
    endif
    if (analysis)
      [CCTK_ANALYSIS]
  endif
  Output grid variables

  do loop over timesteps
    [CCTK_PREREGRID]
    Change grid hierarchy
    [CCTK_POSTREGRID]
      CartGrid3D::SpatialCoordinates: Set Coordinates after regridding
    Rotate timelevels
    iteration = iteration+1
    t = t+dt
    [CCTK_PRESTEP]
    [CCTK_EVOL]
    Evolve finer grids recursively
    Restrict from finer grids
    [CCTK_POSTRESTRICT]
    [CCTK_POSTSTEP]
    if (checkpoint)
      [CCTK_CHECKPOINT]
    endif
    if (analysis)
      [CCTK_ANALYSIS]
    endif
    Output grid variables
    enddo

  Termination routines
    [CCTK_TERMINATE]
      PUGH::Driver_Terminate: Termination routine

  Shutdown routines
    [CCTK_SHUTDOWN]

  Routines run after changing the grid hierarchy:
    [CCTK_POSTREGRID]
      CartGrid3D::SpatialCoordinates: Set Coordinates after regridding
--------------------------------------------------------------------------------
INFO (hwloc): library version 2.7.0, API version 0x20500
INFO (SystemTopology): MPI process-to-host mapping:
This is MPI process 0 of 1
MPI hosts:
  0: fv-az1391-586
This MPI process runs on host 0 of 1
On this host, this is MPI process 0 of 1
INFO (SystemTopology): Topology support:
Discovery support:
  discovery->pu                            : yes
CPU binding support:
  cpubind->set_thisproc_cpubind            : yes
  cpubind->get_thisproc_cpubind            : yes
  cpubind->set_proc_cpubind                : yes
  cpubind->get_proc_cpubind                : yes
  cpubind->set_thisthread_cpubind          : yes
  cpubind->get_thisthread_cpubind          : yes
  cpubind->set_thread_cpubind              : yes
  cpubind->get_thread_cpubind              : yes
  cpubind->get_thisproc_last_cpu_location  : yes
  cpubind->get_proc_last_cpu_location      : yes
  cpubind->get_thisthread_last_cpu_location: yes
Memory binding support:
  membind->set_thisproc_membind            : no
  membind->get_thisproc_membind            : no
  membind->set_proc_membind                : no
  membind->get_proc_membind                : no
  membind->set_thisthread_membind          : yes
  membind->get_thisthread_membind          : yes
  membind->set_area_membind                : yes
  membind->get_area_membind                : yes
  membind->alloc_membind                   : yes
  membind->firsttouch_membind              : yes
  membind->bind_membind                    : yes
  membind->interleave_membind              : yes
  membind->nexttouch_membind               : no
  membind->migrate_membind                 : yes
INFO (SystemTopology): Hardware objects in this node:
Machine L#0: (P#0, total=16365020KB, DMIProductName="Virtual Machine", DMIProductVersion=7.0, DMIProductUUID=bd32fd4e-e7b5-c04b-a1e5-5907e263eb1d, DMIBoardVendor="Microsoft Corporation", DMIBoardName="Virtual Machine", DMIBoardVersion=7.0, DMIChassisVendor="Microsoft Corporation", DMIChassisType=3, DMIChassisVersion=7.0, DMIChassisAssetTag=7783-7084-3265-9085-8269-3286-77, DMIBIOSVendor="American Megatrends Inc.", DMIBIOSVersion="090008 ", DMIBIOSDate=12/07/2018, DMISysVendor="Microsoft Corporation", Backend=Linux, LinuxCgroup=/system.slice/runner-provisioner.service, OSName=Linux, OSRelease=6.2.0-1016-azure, OSVersion="#16~22.04.1-Ubuntu SMP Tue Oct 10 17:11:51 UTC 2023", HostName=fv-az1391-586, Architecture=x86_64, hwlocVersion=2.7.0, ProcessName=cactus_sim)
  Package L#0: (P#0, total=16365020KB, CPUVendor=AuthenticAMD, CPUFamilyNumber=25, CPUModelNumber=1, CPUModel="AMD EPYC 7763 64-Core Processor                ", CPUStepping=1)
    L3Cache L#0: (P#0, size=32768KB, linesize=64, ways=16, Inclusive=0)
      L2Cache L#0: (P#0, size=512KB, linesize=64, ways=8, Inclusive=1)
        L1dCache L#0: (P#0, size=32KB, linesize=64, ways=8, Inclusive=0)
          Core L#0: (P#0)
            PU L#0: (P#0)
            PU L#1: (P#1)
      L2Cache L#1: (P#1, size=512KB, linesize=64, ways=8, Inclusive=1)
        L1dCache L#1: (P#1, size=32KB, linesize=64, ways=8, Inclusive=0)
          Core L#1: (P#1)
            PU L#2: (P#2)
            PU L#3: (P#3)
INFO (SystemTopology): Thread CPU bindings:
  MPI process 0 on host 0 (process 0 of 1 on this host)
    OpenMP thread 0: PU set L#{0-3} P#{0-3}
    OpenMP thread 1: PU set L#{0-3} P#{0-3}
INFO (SystemTopology): Setting thread CPU bindings:
INFO (SystemTopology): Thread CPU bindings:
  MPI process 0 on host 0 (process 0 of 1 on this host)
    OpenMP thread 0: PU set L#{0} P#{0}
    OpenMP thread 1: PU set L#{2} P#{2}
INFO (SystemTopology): Extracting CPU/cache/memory properties:
  There are 2 PUs per core (aka hardware SMT threads)
  There are 1 threads per core (aka SMT threads used)
  Cache (unknown name) has type "data" depth 1
    size 32768 linesize 64 associativity 8 stride 4096, for 2 PUs
  Cache (unknown name) has type "unified" depth 2
    size 524288 linesize 64 associativity 8 stride 65536, for 2 PUs
  Cache (unknown name) has type "unified" depth 3
    size 33554432 linesize 64 associativity 16 stride 2097152, for 4 PUs
INFO (PUGH): Using physical to logical mappings: direct
INFO (PUGH): Using topology generator: automatic
INFO (Vectors): Using vector size 2 for architecture SSE2 (64-bit precision)
--------------------------------------------------------------------------------
Driver provided by PUGH
--------------------------------------------------------------------------------

INFO (PUGH): Not setting up a topology for 1 dimensions
INFO (PUGH): Not setting up a topology for 2 dimensions
INFO (PUGH): Setting up a topology for 3 dimensions
INFO (IOASCII): I/O Method 'IOASCII_1D' registered: output of 1D lines of grid functions/arrays to ASCII files
INFO (IOASCII): Periodic 1D output every 1 iterations
INFO (IOASCII): Periodic 1D output requested for 'GRID::r'
INFO (IOASCII): I/O Method 'IOASCII_2D' registered: output of 2D planes of grid functions/arrays to ASCII files
INFO (IOASCII): Periodic 2D output turned off
INFO (IOASCII): I/O Method 'IOASCII_3D' registered: output of 3D grid functions/arrays to ASCII files
INFO (IOASCII): Periodic 3D output turned off
INFO (MemSpeed): Measuring CPU, cache, memory, and communication speeds:
  Single-core measurements (using 1 MPI processes with 1 OpenMP threads each):
    CPU frequency:
      iterations=1000000... time=0.00123473 sec
      iterations=10000000... time=0.0125043 sec
      iterations=100000000... time=0.123803 sec
      iterations=900000000... time=1.11371 sec
      iterations=900000000... time=0.836067 sec
      result: 6.48322 GHz
    CPU floating point performance:
      iterations=1000000... time=0.00197596 sec
      iterations=10000000... time=0.0197235 sec
      iterations=100000000... time=0.197274 sec
      iterations=600000000... time=1.1837 sec
      result: 16.2204 Gflop/sec
    CPU integer performance:
      iterations=1000000... time=0.00189107 sec
      iterations=10000000... time=0.0185332 sec
      iterations=100000000... time=0.185742 sec
      iterations=600000000... time=1.11432 sec
      result: 8.6151 Giop/sec
    Read latency of D1 cache (for 2 PUs) (using 1*24576 bytes):
      iterations=1000... time=0.000123391 sec
      iterations=10000... time=0.00124222 sec
      iterations=100000... time=0.0123576 sec
      iterations=1000000... time=0.123626 sec
      iterations=9000000... time=1.113 sec
      result: 1.23666 nsec
    Read latency of L2 cache (for 2 PUs) (using 1*393216 bytes):
      iterations=1000... time=0.000439403 sec
      iterations=10000... time=0.00430571 sec
      iterations=100000... time=0.0428746 sec
      iterations=1000000... time=0.429021 sec
      iterations=3000000... time=1.29083 sec
      result: 4.30277 nsec
    Read latency of L3 cache (for 4 PUs) (using 1*25165824 bytes):
      [skipped -- avoiding large-memory benchmarks]
    Read bandwidth of D1 cache (for 2 PUs) (using 1*24576 bytes):
      iterations=1... time=3.4e-07 sec
      iterations=10... time=2.654e-06 sec
      iterations=100... time=2.4627e-05 sec
      iterations=1000... time=0.00024574 sec
      iterations=10000... time=0.0024601 sec
      iterations=100000... time=0.0243072 sec
      iterations=1000000... time=0.243965 sec
      iterations=5000000... time=1.21919 sec
      result: 100.788 GByte/sec
    Read bandwidth of L2 cache (for 2 PUs) (using 1*393216 bytes):
      iterations=1... time=9.948e-06 sec
      iterations=10... time=5.2478e-05 sec
      iterations=100... time=0.000466243 sec
      iterations=1000... time=0.00468216 sec
      iterations=10000... time=0.0465704 sec
      iterations=100000... time=0.464837 sec
      iterations=200000... time=0.947739 sec
      iterations=400000... time=1.9258 sec
      result: 81.6731 GByte/sec
    Read bandwidth of L3 cache (for 4 PUs) (using 1*25165824 bytes):
      [skipped -- avoiding large-memory benchmarks]
    Write latency of D1 cache (for 2 PUs) (using 1*24576 bytes):
      iterations=1000... time=2.555e-06 sec
      iterations=10000... time=2.4757e-05 sec
      iterations=100000... time=0.000246802 sec
      iterations=1000000... time=0.00247935 sec
      iterations=10000000... time=0.0247299 sec
      iterations=100000000... time=0.247371 sec
      iterations=400000000... time=0.989062 sec
      iterations=800000000... time=1.98111 sec
      result: 0.309548 nsec
    Write latency of L2 cache (for 2 PUs) (using 1*393216 bytes):
      iterations=1000... time=9.597e-06 sec
      iterations=10000... time=8.6542e-05 sec
      iterations=100000... time=0.00102256 sec
      iterations=1000000... time=0.0100275 sec
      iterations=10000000... time=0.100056 sec
      iterations=100000000... time=0.998041 sec
      iterations=200000000... time=1.99753 sec
      result: 1.24846 nsec
    Write latency of L3 cache (for 4 PUs) (using 1*25165824 bytes):
      [skipped -- avoiding large-memory benchmarks]
    Write bandwidth of D1 cache (for 2 PUs) (using 1*24576 bytes):
      iterations=1... time=3e-07 sec
      iterations=10... time=2.825e-06 sec
      iterations=100... time=2.7622e-05 sec
      iterations=1000... time=0.000275907 sec
      iterations=10000... time=0.00277464 sec
      iterations=100000... time=0.0277074 sec
      iterations=1000000... time=0.277401 sec
      iterations=4000000... time=1.10752 sec
      result: 88.7601 GByte/sec
    Write bandwidth of L2 cache (for 2 PUs) (using 1*393216 bytes):
      iterations=1... time=9.358e-06 sec
      iterations=10... time=4.5826e-05 sec
      iterations=100... time=0.000431668 sec
      iterations=1000... time=0.00430441 sec
      iterations=10000... time=0.0430907 sec
      iterations=100000... time=0.431726 sec
      iterations=300000... time=1.29797 sec
      result: 90.8841 GByte/sec
    Write bandwidth of L3 cache (for 4 PUs) (using 1*25165824 bytes):
      [skipped -- avoiding large-memory benchmarks]
    Stencil code performance of D1 cache (for 2 PUs) (using 1*12^3 grid points, 1*27648 bytes):
      iterations=1... time=1.8595e-05 sec
      iterations=10... time=0.00025635 sec
      iterations=100... time=0.00253657 sec
      iterations=1000... time=0.0259293 sec
      iterations=10000... time=0.267411 sec
      iterations=40000... time=1.06206 sec
      result: 0.0650812 Gupdates/sec
    Stencil code performance of L2 cache (for 2 PUs) (using 1*29^3 grid points, 1*390224 bytes):
      iterations=1... time=0.000140303 sec
      iterations=10... time=0.00135665 sec
      iterations=100... time=0.0134374 sec
      iterations=1000... time=0.133747 sec
      iterations=8000... time=1.06436 sec
      result: 0.183313 Gupdates/sec
    Stencil code performance of L3 cache (for 4 PUs) (using 1*116^3 grid points, 1*24974336 bytes):
      iterations=1... time=0.00357395 sec
      iterations=10... time=0.0351484 sec
      iterations=100... time=0.35185 sec
      iterations=300... time=1.13594 sec
      result: 0.412231 Gupdates/sec
  Single-node measurements (using 1 MPI processes with 2 OpenMP threads each):
    CPU frequency:
      iterations=1000000... time=0.00129473 sec
      iterations=10000000... time=0.0123911 sec
      iterations=100000000... time=0.123774 sec
      iterations=900000000... time=1.11449 sec
      iterations=900000000... time=0.836952 sec
      result: 6.48565 GHz
    CPU floating point performance:
      iterations=1000000... time=0.00197465 sec
      iterations=10000000... time=0.0197445 sec
      iterations=100000000... time=0.197261 sec
      iterations=600000000... time=1.18467 sec
      result: 16.207 Gflop/sec
    CPU integer performance:
      iterations=1000000... time=0.0018759 sec
      iterations=10000000... time=0.0185415 sec
      iterations=100000000... time=0.186084 sec
      iterations=600000000... time=1.11464 sec
      result: 8.61263 Giop/sec
    Read latency of D1 cache (for 2 PUs) (using 2*24576 bytes):
      iterations=1000... time=0.000124042 sec
      iterations=10000... time=0.00123811 sec
      iterations=100000... time=0.0123793 sec
      iterations=1000000... time=0.123646 sec
      iterations=9000000... time=1.11312 sec
      result: 1.2368 nsec
    Read latency of L2 cache (for 2 PUs) (using 2*393216 bytes):
      iterations=1000... time=0.00043224 sec
      iterations=10000... time=0.00412173 sec
      iterations=100000... time=0.0409402 sec
      iterations=1000000... time=0.409141 sec
      iterations=3000000... time=1.22867 sec
      result: 4.09557 nsec
    Read latency of L3 cache (for 4 PUs) (using 1*25165824 bytes):
      [skipped -- avoiding large-memory benchmarks]
    Read bandwidth of D1 cache (for 2 PUs) (using 2*24576 bytes):
      iterations=1... time=4.46e-07 sec
      iterations=10... time=3.0505e-06 sec
      iterations=100... time=3.21e-05 sec
      iterations=1000... time=0.000284126 sec
      iterations=10000... time=0.00248679 sec
      iterations=100000... time=0.0243472 sec
      iterations=1000000... time=0.244772 sec
      iterations=4000000... time=0.975362 sec
      iterations=8000000... time=1.95164 sec
      result: 100.74 GByte/sec
    Read bandwidth of L2 cache (for 2 PUs) (using 2*393216 bytes):
      iterations=1... time=9.7085e-06 sec
      iterations=10... time=5.52835e-05 sec
      iterations=100... time=0.00050225 sec
      iterations=1000... time=0.00491532 sec
      iterations=10000... time=0.0490658 sec
      iterations=100000... time=0.48424 sec
      iterations=200000... time=0.966907 sec
      iterations=400000... time=1.95308 sec
      result: 80.5324 GByte/sec
    Read bandwidth of L3 cache (for 4 PUs) (using 1*25165824 bytes):
      [skipped -- avoiding large-memory benchmarks]
    Write latency of D1 cache (for 2 PUs) (using 2*24576 bytes):
      iterations=1000... time=3.3055e-06 sec
      iterations=10000... time=3.20745e-05 sec
      iterations=100000... time=0.000295503 sec
      iterations=1000000... time=0.00247983 sec
      iterations=10000000... time=0.0247368 sec
      iterations=100000000... time=0.247661 sec
      iterations=400000000... time=0.99214 sec
      iterations=800000000... time=1.98262 sec
      result: 0.309784 nsec
    Write latency of L2 cache (for 2 PUs) (using 2*393216 bytes):
      iterations=1000... time=9.2725e-06 sec
      iterations=10000... time=8.9723e-05 sec
      iterations=100000... time=0.000930502 sec
      iterations=1000000... time=0.00920574 sec
      iterations=10000000... time=0.0934656 sec
      iterations=100000000... time=0.949164 sec
      iterations=200000000... time=1.90709 sec
      result: 1.19193 nsec
    Write latency of L3 cache (for 4 PUs) (using 1*25165824 bytes):
      [skipped -- avoiding large-memory benchmarks]
    Write bandwidth of D1 cache (for 2 PUs) (using 2*24576 bytes):
      iterations=1... time=4.71e-07 sec
      iterations=10... time=3.5665e-06 sec
      iterations=100... time=3.64325e-05 sec
      iterations=1000... time=0.000307806 sec
      iterations=10000... time=0.00275364 sec
      iterations=100000... time=0.0268839 sec
      iterations=1000000... time=0.268984 sec
      iterations=4000000... time=1.07779 sec
      result: 91.2087 GByte/sec
    Write bandwidth of L2 cache (for 2 PUs) (using 2*393216 bytes):
      iterations=1... time=9.9985e-06 sec
      iterations=10... time=6.7236e-05 sec
      iterations=100... time=0.000586167 sec
      iterations=1000... time=0.00460078 sec
      iterations=10000... time=0.0464233 sec
      iterations=100000... time=0.45028 sec
      iterations=200000... time=0.898354 sec
      iterations=400000... time=1.80074 sec
      result: 87.3456 GByte/sec
    Write bandwidth of L3 cache (for 4 PUs) (using 1*25165824 bytes):
      [skipped -- avoiding large-memory benchmarks]
    Stencil code performance of D1 cache (for 2 PUs) (using 1*12^3 grid points, 1*27648 bytes):
      iterations=1... time=5.5705e-06 sec
      iterations=10... time=7.24755e-05 sec
      iterations=100... time=0.000746863 sec
      iterations=1000... time=0.00716129 sec
      iterations=10000... time=0.0783236 sec
      iterations=100000... time=0.822531 sec
      iterations=200000... time=1.58082 sec
      result: 0.21862 Gupdates/sec
    Stencil code performance of L2 cache (for 2 PUs) (using 1*29^3 grid points, 1*390224 bytes):
      iterations=1... time=3.8382e-05 sec
      iterations=10... time=0.000375854 sec
      iterations=100... time=0.00362533 sec
      iterations=1000... time=0.0365038 sec
      iterations=10000... time=0.373284 sec
      iterations=30000... time=1.12846 sec
      result: 0.648381 Gupdates/sec
    Stencil code performance of L3 cache (for 4 PUs) (using 1*116^3 grid points, 1*24974336 bytes):
      iterations=1... time=0.000901799 sec
      iterations=10... time=0.0105784 sec
      iterations=100... time=0.106077 sec
      iterations=1000... time=1.06921 sec
      result: 1.45986 Gupdates/sec
INFO (Vectors): Testing vectorisation... [errors may result in segfaults]
INFO (Vectors): 375/375 tests passed 
INFO (CartGrid3D): Grid Spacings:
INFO (CartGrid3D): dx=>1.1111111e-01  dy=>1.1111111e-01  dz=>1.1111111e-01
INFO (CartGrid3D): Computational Coordinates:
INFO (CartGrid3D): x=>[-0.500, 0.500]  y=>[-0.500, 0.500]  z=>[-0.500, 0.500]
INFO (CartGrid3D): Indices of Physical Coordinates:
INFO (CartGrid3D): x=>[0,9]  y=>[0,9]  z=>[0,9]
INFO (PUGH): MPI Evolution on 1 processors
INFO (PUGH): 3-dimensional grid functions
INFO (PUGH):   Size: 10 10 10
INFO (PUGH):   Processor topology: 1 x 1 x 1
INFO (PUGH):   Local load: 1000   [10 x 10 x 10]
INFO (PUGH):   Maximum load skew: 0.000000
--------------------------------------------------------------------------------
Done.
+ echo Stopping:
Stopping:
+ date
Thu Dec  7 01:23:55 UTC 2023
+ echo Done.
Done.
  Elapsed time: 63.3 s
