/home/runner/simulations/TestJob01_temp_2/output-0000/TEST/sim/MemSpeed
Preparing:
+ set -e
+ cd output-0000-active
+ echo Checking:
Checking:
+ pwd
/home/runner/simulations/TestJob01_temp_2/output-0000/TEST/sim/MemSpeed/output-0000-active
+ hostname
runnervmw9dnm
+ date
Tue Nov 11 03:23:16 UTC 2025
+ echo Environment:
Environment:
+ export CACTUS_NUM_PROCS=2
+ CACTUS_NUM_PROCS=2
+ export CACTUS_NUM_THREADS=1
+ CACTUS_NUM_THREADS=1
+ export GMON_OUT_PREFIX=gmon.out
+ GMON_OUT_PREFIX=gmon.out
+ export OMP_NUM_THREADS=1
+ OMP_NUM_THREADS=1
+ env
+ sort
+ echo Starting:
Starting:
++ date +%s
+ export CACTUS_STARTTIME=1762831396
+ CACTUS_STARTTIME=1762831396
+ '[' 2 = 1 ']'
+ mpirun -np 2 /home/runner/simulations/TestJob01_temp_2/SIMFACTORY/exe/cactus_sim -L 3 /home/runner/simulations/TestJob01_temp_2/output-0000/arrangements/CactusUtils/MemSpeed/test/memspeed.par
INFO (Cactus): Increased logging level from 0 to 3
--------------------------------------------------------------------------------

       10                                  
  1   0101       ************************  
  01  1010 10      The Cactus Code V4.18.0    
 1010 1101 011      www.cactuscode.org     
  1001 100101    ************************  
    00010101                               
     100011     (c) Copyright The Authors  
      0100      GNU Licensed. No Warranty  
      0101                                 
--------------------------------------------------------------------------------

Cactus version:    4.18.0
Compile date:      Nov 11 2025 (02:58:24)
Run date:          Nov 11 2025 (03:23:17+0000)
Run host:          runnervmw9dnm (pid=140331)
Working directory: /home/runner/simulations/TestJob01_temp_2/output-0000/TEST/sim/MemSpeed
Executable:        /home/runner/simulations/TestJob01_temp_2/SIMFACTORY/exe/cactus_sim
Parameter file:    /home/runner/simulations/TestJob01_temp_2/output-0000/arrangements/CactusUtils/MemSpeed/test/memspeed.par
--------------------------------------------------------------------------------

Activating thorn Cactus...Success -> active implementation Cactus
Activation requested for 
--->hwloc MemSpeed SystemTopology CartGrid3D CoordBase IOASCII IOUtil PUGH PUGHSlab<---
Thorn hwloc requests automatic activation of zlib
Thorn MemSpeed requests automatic activation of Vectors
Thorn MemSpeed requests automatic activation of MPI
Activating thorn CartGrid3D...Success -> active implementation grid
Activating thorn CoordBase...Success -> active implementation CoordBase
Activating thorn hwloc...Success -> active implementation hwloc
Activating thorn IOASCII...Success -> active implementation IOASCII
Activating thorn IOUtil...Success -> active implementation IO
Activating thorn MemSpeed...Success -> active implementation MemSpeed
Activating thorn MPI...Success -> active implementation MPI
Activating thorn PUGH...Success -> active implementation Driver
Activating thorn PUGHSlab...Success -> active implementation Hyperslab
Activating thorn SystemTopology...Success -> active implementation SystemTopology
Activating thorn Vectors...Success -> active implementation Vectors
Activating thorn zlib...Success -> active implementation zlib
--------------------------------------------------------------------------------
  if (recover initial data)
    Recover parameters
  endif

  Startup routines
    [CCTK_STARTUP]
      CartGrid3D::SymmetryStartup: Register GH Extension for GridSymmetry
      CoordBase::CoordBase_Startup: Register a GH extension to store the coordinate system handles
      GROUP hwloc_startup: hwloc startup group
        hwloc::hwloc_version: Output hwloc version
      SystemTopology::ST_system_topology: Output and/or modify system topology and hardware locality
      PUGH::Driver_Startup: Startup routine
      PUGH::PUGH_RegisterPUGHP2LRoutines: Register Physical to Logical process mapping routines
      PUGH::PUGH_RegisterPUGHTopologyRoutines: Register topology generation routines routines
      IOUtil::IOUtil_Startup: Startup routine
      Vectors::Vectors_Startup: Print startup message
      IOASCII::IOASCII_Startup: Startup routine

  Startup routines which need an existing grid hierarchy
    [CCTK_WRAGH]
      CartGrid3D::RegisterCartGrid3DCoords: [meta] Register coordinates for the Cartesian grid
      MemSpeed::MemSpeed_MeasureSpeed: [meta] Measure CPU, memory, cache speeds
  Parameter checking routines
    [CCTK_PARAMCHECK]
      CartGrid3D::ParamCheck_CartGrid3D: Check coordinates for CartGrid3D
      Vectors::Vectors_Test: Run correctness tests.

  Initialisation
    if (NOT (recover initial data AND recovery_mode is 'strict'))
      [CCTK_PREREGRIDINITIAL]
      Set up grid hierarchy
      [CCTK_POSTREGRIDINITIAL]
        CartGrid3D::SpatialCoordinates: Set Coordinates after regridding
      [CCTK_BASEGRID]
        CartGrid3D::SpatialSpacings: Set up ranges for spatial 3D Cartesian coordinates (on all grids)
        CartGrid3D::SpatialCoordinates: Set up spatial 3D Cartesian coordinates on the GH
        IOASCII::IOASCII_Choose1D: Choose 1D output lines
        IOASCII::IOASCII_Choose2D: Choose 2D output planes
        PUGH::PUGH_Report: Report on PUGH set up
      [CCTK_INITIAL]
      [CCTK_POSTINITIAL]
      Initialise finer grids recursively
      Restrict from finer grids
      [CCTK_POSTRESTRICTINITIAL]
      [CCTK_POSTPOSTINITIAL]
      [CCTK_POSTSTEP]
    endif
    if (recover initial data)
      [CCTK_BASEGRID]
        CartGrid3D::SpatialSpacings: Set up ranges for spatial 3D Cartesian coordinates (on all grids)
        CartGrid3D::SpatialCoordinates: Set up spatial 3D Cartesian coordinates on the GH
        IOASCII::IOASCII_Choose1D: Choose 1D output lines
        IOASCII::IOASCII_Choose2D: Choose 2D output planes
        PUGH::PUGH_Report: Report on PUGH set up
      [CCTK_RECOVER_VARIABLES]
      [CCTK_POST_RECOVER_VARIABLES]
    endif
    if (checkpoint initial data)
      [CCTK_CPINITIAL]
    endif
    if (analysis)
      [CCTK_ANALYSIS]
  endif
  Output grid variables

  do loop over timesteps
    [CCTK_PREREGRID]
    Change grid hierarchy
    [CCTK_POSTREGRID]
      CartGrid3D::SpatialCoordinates: Set Coordinates after regridding
    Rotate timelevels
    iteration = iteration+1
    t = t+dt
    [CCTK_PRESTEP]
    [CCTK_EVOL]
    Evolve finer grids recursively
    Restrict from finer grids
    [CCTK_POSTRESTRICT]
    [CCTK_POSTSTEP]
    if (checkpoint)
      [CCTK_CHECKPOINT]
    endif
    if (analysis)
      [CCTK_ANALYSIS]
    endif
    Output grid variables
    enddo

  Termination routines
    [CCTK_TERMINATE]
      PUGH::Driver_Terminate: Termination routine

  Shutdown routines
    [CCTK_SHUTDOWN]

  Routines run after changing the grid hierarchy:
    [CCTK_POSTREGRID]
      CartGrid3D::SpatialCoordinates: Set Coordinates after regridding
--------------------------------------------------------------------------------
INFO (hwloc): library version 2.10.0, API version 0x20800
INFO (SystemTopology): MPI process-to-host mapping:
This is MPI process 0 of 2
MPI hosts:
  0: runnervmw9dnm
This MPI process runs on host 0 of 1
On this host, this is MPI process 0 of 2
INFO (SystemTopology): Topology support:
Discovery support:
  discovery->pu                            : yes
CPU binding support:
  cpubind->set_thisproc_cpubind            : yes
  cpubind->get_thisproc_cpubind            : yes
  cpubind->set_proc_cpubind                : yes
  cpubind->get_proc_cpubind                : yes
  cpubind->set_thisthread_cpubind          : yes
  cpubind->get_thisthread_cpubind          : yes
  cpubind->set_thread_cpubind              : yes
  cpubind->get_thread_cpubind              : yes
  cpubind->get_thisproc_last_cpu_location  : yes
  cpubind->get_proc_last_cpu_location      : yes
  cpubind->get_thisthread_last_cpu_location: yes
Memory binding support:
  membind->set_thisproc_membind            : no
  membind->get_thisproc_membind            : no
  membind->set_proc_membind                : no
  membind->get_proc_membind                : no
  membind->set_thisthread_membind          : yes
  membind->get_thisthread_membind          : yes
  membind->set_area_membind                : yes
  membind->get_area_membind                : yes
  membind->alloc_membind                   : yes
  membind->firsttouch_membind              : yes
  membind->bind_membind                    : yes
  membind->interleave_membind              : yes
  membind->nexttouch_membind               : no
  membind->migrate_membind                 : yes
INFO (SystemTopology): Hardware objects in this node:
Machine L#0: (P#0, total=16378456KB, DMIProductName="Virtual Machine", DMIProductVersion=7.0, DMIProductUUID=05522c4f-ef13-ae4a-ac3e-038757cbf78e, DMIBoardVendor="Microsoft Corporation", DMIBoardName="Virtual Machine", DMIBoardVersion=7.0, DMIChassisVendor="Microsoft Corporation", DMIChassisType=3, DMIChassisVersion=7.0, DMIChassisAssetTag=7783-7084-3265-9085-8269-3286-77, DMIBIOSVendor="American Megatrends Inc.", DMIBIOSVersion="090008 ", DMIBIOSDate=12/07/2018, DMISysVendor="Microsoft Corporation", Backend=Linux, LinuxCgroup=/system.slice/hosted-compute-agent.service, OSName=Linux, OSRelease=6.11.0-1018-azure, OSVersion="#18~24.04.1-Ubuntu SMP Sat Jun 28 04:46:03 UTC 2025", HostName=runnervmw9dnm, Architecture=x86_64, hwlocVersion=2.10.0, ProcessName=cactus_sim)
  Package L#0: (P#0, total=16378456KB, CPUVendor=GenuineIntel, CPUFamilyNumber=6, CPUModelNumber=106, CPUModel="Intel(R) Xeon(R) Platinum 8370C CPU @ 2.80GHz", CPUStepping=6)
    L3Cache L#0: (P#0, size=49152KB, linesize=64, ways=12, Inclusive=0)
      L2Cache L#0: (P#0, size=1280KB, linesize=64, ways=20, Inclusive=0)
        L1dCache L#0: (P#0, size=48KB, linesize=64, ways=12, Inclusive=0)
          Core L#0: (P#0)
            PU L#0: (P#0)
            PU L#1: (P#1)
      L2Cache L#1: (P#1, size=1280KB, linesize=64, ways=20, Inclusive=0)
        L1dCache L#1: (P#1, size=48KB, linesize=64, ways=12, Inclusive=0)
          Core L#1: (P#1)
            PU L#2: (P#2)
            PU L#3: (P#3)
INFO (SystemTopology): Thread CPU bindings:
  MPI process 0 on host 0 (process 0 of 2 on this host)
    OpenMP thread 0: PU set L#{0-1} P#{0-1}
  MPI process 1 on host 0 (process 1 of 2 on this host)
    OpenMP thread 0: PU set L#{2-3} P#{2-3}
INFO (SystemTopology): Setting thread CPU bindings:
INFO (SystemTopology): Thread CPU bindings:
  MPI process 0 on host 0 (process 0 of 2 on this host)
    OpenMP thread 0: PU set L#{0} P#{0}
  MPI process 1 on host 0 (process 1 of 2 on this host)
    OpenMP thread 0: PU set L#{2} P#{2}
INFO (SystemTopology): Extracting CPU/cache/memory properties:
  There are 2 PUs per core (aka hardware SMT threads)
  There are 1 threads per core (aka SMT threads used)
  Cache (unknown name) has type "data" depth 1
    size 49152 linesize 64 associativity 12 stride 4096, for 2 PUs
  Cache (unknown name) has type "unified" depth 2
    size 1310720 linesize 64 associativity 20 stride 65536, for 2 PUs
  Cache (unknown name) has type "unified" depth 3
    size 50331648 linesize 64 associativity 12 stride 4194304, for 4 PUs
INFO (PUGH): Using physical to logical mappings: direct
INFO (PUGH): Using topology generator: automatic
INFO (Vectors): Using vector size 2 for architecture SSE2 (64-bit precision)
--------------------------------------------------------------------------------
Driver provided by PUGH
--------------------------------------------------------------------------------

INFO (PUGH): Not setting up a topology for 1 dimensions
INFO (PUGH): Not setting up a topology for 2 dimensions
INFO (PUGH): Setting up a topology for 3 dimensions
INFO (IOASCII): I/O Method 'IOASCII_1D' registered: output of 1D lines of grid functions/arrays to ASCII files
INFO (IOASCII): Periodic 1D output every 1 iterations
INFO (IOASCII): Periodic 1D output requested for 'GRID::r'
INFO (IOASCII): I/O Method 'IOASCII_2D' registered: output of 2D planes of grid functions/arrays to ASCII files
INFO (IOASCII): Periodic 2D output turned off
INFO (IOASCII): I/O Method 'IOASCII_3D' registered: output of 3D grid functions/arrays to ASCII files
INFO (IOASCII): Periodic 3D output turned off
INFO (MemSpeed): Measuring CPU, cache, memory, and communication speeds:
  Single-core measurements (using 1 MPI processes with 1 OpenMP threads each):
    CPU frequency:
      iterations=1000000... time=0.00141897 sec
      iterations=10000000... time=0.0134249 sec
      iterations=100000000... time=0.134041 sec
      iterations=800000000... time=1.07223 sec
      iterations=800000000... time=0.994232 sec
      result: 20.5138 GHz
    CPU floating point performance:
      iterations=1000000... time=0.00259469 sec
      iterations=10000000... time=0.0259094 sec
      iterations=100000000... time=0.258977 sec
      iterations=400000000... time=1.0356 sec
      result: 12.36 Gflop/sec
    CPU integer performance:
      iterations=1000000... time=0.00147715 sec
      iterations=10000000... time=0.0145836 sec
      iterations=100000000... time=0.145702 sec
      iterations=800000000... time=1.16524 sec
      result: 10.9848 Giop/sec
    Read latency of D1 cache (for 2 PUs) (using 1*36864 bytes):
      iterations=1000... time=0.000147892 sec
      iterations=10000... time=0.0014496 sec
      iterations=100000... time=0.0144503 sec
      iterations=1000000... time=0.144132 sec
      iterations=8000000... time=1.15343 sec
      result: 1.44178 nsec
    Read latency of L2 cache (for 2 PUs) (using 1*983040 bytes):
      iterations=1000... time=0.00044276 sec
      iterations=10000... time=0.00421858 sec
      iterations=100000... time=0.0420332 sec
      iterations=1000000... time=0.419569 sec
      iterations=3000000... time=1.26174 sec
      result: 4.20578 nsec
    Read latency of L3 cache (for 4 PUs) (using 1*37748736 bytes):
      [skipped -- avoiding large-memory benchmarks]
    Read bandwidth of D1 cache (for 2 PUs) (using 1*36864 bytes):
      iterations=1... time=7.15e-07 sec
      iterations=10... time=5.033e-06 sec
      iterations=100... time=4.7021e-05 sec
      iterations=1000... time=0.000393515 sec
      iterations=10000... time=0.00391685 sec
      iterations=100000... time=0.0388845 sec
      iterations=1000000... time=0.388837 sec
      iterations=3000000... time=1.16714 sec
      result: 94.7546 GByte/sec
    Read bandwidth of L2 cache (for 2 PUs) (using 1*983040 bytes):
      iterations=1... time=2.133e-05 sec
      iterations=10... time=0.000186744 sec
      iterations=100... time=0.0015523 sec
      iterations=1000... time=0.0154472 sec
      iterations=10000... time=0.154284 sec
      iterations=70000... time=1.08064 sec
      result: 63.6776 GByte/sec
    Read bandwidth of L3 cache (for 4 PUs) (using 1*37748736 bytes):
      [skipped -- avoiding large-memory benchmarks]
    Write latency of D1 cache (for 2 PUs) (using 1*36864 bytes):
      iterations=1000... time=3.738e-06 sec
      iterations=10000... time=2.7317e-05 sec
      iterations=100000... time=0.000248716 sec
      iterations=1000000... time=0.00231271 sec
      iterations=10000000... time=0.0230675 sec
      iterations=100000000... time=0.230711 sec
      iterations=500000000... time=1.15414 sec
      result: 0.288536 nsec
    Write latency of L2 cache (for 2 PUs) (using 1*983040 bytes):
      iterations=1000... time=2.3163e-05 sec
      iterations=10000... time=0.000135855 sec
      iterations=100000... time=0.00127929 sec
      iterations=1000000... time=0.0129955 sec
      iterations=10000000... time=0.128173 sec
      iterations=90000000... time=1.15934 sec
      result: 1.6102 nsec
    Write latency of L3 cache (for 4 PUs) (using 1*37748736 bytes):
      [skipped -- avoiding large-memory benchmarks]
    Write bandwidth of D1 cache (for 2 PUs) (using 1*36864 bytes):
      iterations=1... time=6.42e-07 sec
      iterations=10... time=4.783e-06 sec
      iterations=100... time=3.865e-05 sec
      iterations=1000... time=0.000192155 sec
      iterations=10000... time=0.00176865 sec
      iterations=100000... time=0.0176881 sec
      iterations=1000000... time=0.176742 sec
      iterations=6000000... time=1.06056 sec
      result: 208.555 GByte/sec
    Write bandwidth of L2 cache (for 2 PUs) (using 1*983040 bytes):
      iterations=1... time=3.2004e-05 sec
      iterations=10... time=0.000178393 sec
      iterations=100... time=0.00148598 sec
      iterations=1000... time=0.014768 sec
      iterations=10000... time=0.146975 sec
      iterations=70000... time=1.02889 sec
      result: 66.8805 GByte/sec
    Write bandwidth of L3 cache (for 4 PUs) (using 1*37748736 bytes):
      [skipped -- avoiding large-memory benchmarks]
    Stencil code performance of D1 cache (for 2 PUs) (using 1*13^3 grid points, 1*35152 bytes):
      iterations=1... time=1.3227e-05 sec
      iterations=10... time=0.000133924 sec
      iterations=100... time=0.00128882 sec
      iterations=1000... time=0.0129137 sec
      iterations=10000... time=0.13071 sec
      iterations=80000... time=1.04582 sec
      result: 0.168059 Gupdates/sec
    Stencil code performance of L2 cache (for 2 PUs) (using 1*39^3 grid points, 1*949104 bytes):
      iterations=1... time=0.000114569 sec
      iterations=10... time=0.00130862 sec
      iterations=100... time=0.0130519 sec
      iterations=1000... time=0.131314 sec
      iterations=8000... time=1.05233 sec
      result: 0.450955 Gupdates/sec
    Stencil code performance of L3 cache (for 4 PUs) (using 1*133^3 grid points, 1*37642192 bytes):
      iterations=1... time=0.0442359 sec
      iterations=10... time=0.465493 sec
      iterations=20... time=0.941403 sec
      iterations=40... time=1.86001 sec
      result: 0.050594 Gupdates/sec
  Single-node measurements (using 2 MPI processes with 1 OpenMP threads each):
    CPU frequency:
      iterations=1000000... time=0.00135226 sec
      iterations=10000000... time=0.0134136 sec
      iterations=100000000... time=0.133973 sec
      iterations=800000000... time=1.07377 sec
      iterations=800000000... time=0.993936 sec
      result: 20.0418 GHz
    CPU floating point performance:
      iterations=1000000... time=0.00260621 sec
      iterations=10000000... time=0.0259006 sec
      iterations=100000000... time=0.258823 sec
      iterations=400000000... time=1.03526 sec
      result: 12.364 Gflop/sec
    CPU integer performance:
      iterations=1000000... time=0.00147335 sec
      iterations=10000000... time=0.0145542 sec
      iterations=100000000... time=0.146272 sec
      iterations=800000000... time=1.16483 sec
      result: 10.9887 Giop/sec
    Read latency of D1 cache (for 2 PUs) (using 2*36864 bytes):
      iterations=1000... time=0.000148828 sec
      iterations=10000... time=0.00144865 sec
      iterations=100000... time=0.0144451 sec
      iterations=1000000... time=0.144153 sec
      iterations=8000000... time=1.15544 sec
      result: 1.4443 nsec
    Read latency of L2 cache (for 2 PUs) (using 2*983040 bytes):
      iterations=1000... time=0.000428414 sec
      iterations=10000... time=0.00421669 sec
      iterations=100000... time=0.0420264 sec
      iterations=1000000... time=0.419864 sec
      iterations=3000000... time=1.25919 sec
      result: 4.1973 nsec
    Read latency of L3 cache (for 4 PUs) (using 1*37748736 bytes):
      [skipped -- too many MPI processes]
    Read bandwidth of D1 cache (for 2 PUs) (using 2*36864 bytes):
      iterations=1... time=6.205e-07 sec
      iterations=10... time=4.435e-06 sec
      iterations=100... time=4.33055e-05 sec
      iterations=1000... time=0.000393246 sec
      iterations=10000... time=0.00389514 sec
      iterations=100000... time=0.0391872 sec
      iterations=1000000... time=0.388467 sec
      iterations=3000000... time=1.16533 sec
      result: 94.9016 GByte/sec
    Read bandwidth of L2 cache (for 2 PUs) (using 2*983040 bytes):
      iterations=1... time=2.047e-05 sec
      iterations=10... time=0.000170475 sec
      iterations=100... time=0.00156706 sec
      iterations=1000... time=0.0157705 sec
      iterations=10000... time=0.156397 sec
      iterations=70000... time=1.08783 sec
      result: 63.2572 GByte/sec
    Read bandwidth of L3 cache (for 4 PUs) (using 1*37748736 bytes):
      [skipped -- too many MPI processes]
    Write latency of D1 cache (for 2 PUs) (using 2*36864 bytes):
      iterations=1000... time=3.725e-06 sec
      iterations=10000... time=2.74675e-05 sec
      iterations=100000... time=0.000259066 sec
      iterations=1000000... time=0.00232865 sec
      iterations=10000000... time=0.0231376 sec
      iterations=100000000... time=0.230977 sec
      iterations=500000000... time=1.15437 sec
      result: 0.288592 nsec
    Write latency of L2 cache (for 2 PUs) (using 2*983040 bytes):
      iterations=1000... time=1.91405e-05 sec
      iterations=10000... time=0.000137541 sec
      iterations=100000... time=0.00132754 sec
      iterations=1000000... time=0.0129202 sec
      iterations=10000000... time=0.12811 sec
      iterations=90000000... time=1.15633 sec
      result: 1.60601 nsec
    Write latency of L3 cache (for 4 PUs) (using 1*37748736 bytes):
      [skipped -- too many MPI processes]
    Write bandwidth of D1 cache (for 2 PUs) (using 2*36864 bytes):
      iterations=1... time=5.99e-07 sec
      iterations=10... time=5.2155e-06 sec
      iterations=100... time=3.65035e-05 sec
      iterations=1000... time=0.000186215 sec
      iterations=10000... time=0.00175899 sec
      iterations=100000... time=0.0174704 sec
      iterations=1000000... time=0.175295 sec
      iterations=6000000... time=1.04896 sec
      result: 210.861 GByte/sec
    Write bandwidth of L2 cache (for 2 PUs) (using 2*983040 bytes):
      iterations=1... time=3.125e-05 sec
      iterations=10... time=0.000177749 sec
      iterations=100... time=0.00149389 sec
      iterations=1000... time=0.014795 sec
      iterations=10000... time=0.147929 sec
      iterations=70000... time=1.03773 sec
      result: 66.3106 GByte/sec
    Write bandwidth of L3 cache (for 4 PUs) (using 1*37748736 bytes):
      [skipped -- too many MPI processes]
    Stencil code performance of D1 cache (for 2 PUs) (using 1*13^3 grid points, 1*35152 bytes):
      [skipped -- too many MPI processes]
    Stencil code performance of L2 cache (for 2 PUs) (using 1*39^3 grid points, 1*949104 bytes):
      [skipped -- too many MPI processes]
    Stencil code performance of L3 cache (for 4 PUs) (using 1*133^3 grid points, 1*37642192 bytes):
      [skipped -- too many MPI processes]
  Single-node measurements:
    MPI latency: 686.5 nsec
    MPI bandwidth: 8.08893 GByte/sec
INFO (Vectors): Testing vectorisation... [errors may result in segfaults]
INFO (Vectors): 375/375 tests passed 
INFO (CartGrid3D): Grid Spacings:
INFO (CartGrid3D): dx=>1.1111111e-01  dy=>1.1111111e-01  dz=>1.1111111e-01
INFO (CartGrid3D): Computational Coordinates:
INFO (CartGrid3D): x=>[-0.500, 0.500]  y=>[-0.500, 0.500]  z=>[-0.500, 0.500]
INFO (CartGrid3D): Indices of Physical Coordinates:
INFO (CartGrid3D): x=>[0,9]  y=>[0,9]  z=>[0,9]
INFO (PUGH): MPI Evolution on 2 processors
INFO (PUGH): 3-dimensional grid functions
INFO (PUGH):  10
INFO (PUGH):  1
INFO (PUGH): 10]
INFO (PUGH):   Maximum load skew: 0.000000
--------------------------------------------------------------------------------
Done.
+ echo Stopping:
Stopping:
+ date
Tue Nov 11 03:23:54 UTC 2025
+ echo Done.
Done.
  Elapsed time: 38.3 s
