/home/runner/simulations/TestJob01_temp_1/output-0000/TEST/sim/GRHayLHD
Preparing:
+ set -e
+ cd output-0000-active
+ echo Checking:
Checking:
+ pwd
/home/runner/simulations/TestJob01_temp_1/output-0000/TEST/sim/GRHayLHD/output-0000-active
+ hostname
fv-az713-588
+ date
Tue Nov  7 20:10:36 UTC 2023
+ echo Environment:
Environment:
+ export CACTUS_NUM_PROCS=1
+ CACTUS_NUM_PROCS=1
+ export CACTUS_NUM_THREADS=2
+ CACTUS_NUM_THREADS=2
+ export GMON_OUT_PREFIX=gmon.out
+ GMON_OUT_PREFIX=gmon.out
+ export OMP_NUM_THREADS=2
+ OMP_NUM_THREADS=2
+ env
+ sort
+ echo Starting:
Starting:
++ date +%s
+ export CACTUS_STARTTIME=1699387836
+ CACTUS_STARTTIME=1699387836
+ '[' 1 = 1 ']'
+ '[' 0 -eq 0 ']'
+ /home/runner/simulations/TestJob01_temp_1/SIMFACTORY/exe/cactus_sim -L 3 /home/runner/simulations/TestJob01_temp_1/output-0000/arrangements/GRHayLET/GRHayLHD/test/TOV.par
INFO (Cactus): Increased logging level from 0 to 3
--------------------------------------------------------------------------------

       10                                  
  1   0101       ************************  
  01  1010 10      The Cactus Code V4.14.0    
 1010 1101 011      www.cactuscode.org     
  1001 100101    ************************  
    00010101                               
     100011     (c) Copyright The Authors  
      0100      GNU Licensed. No Warranty  
      0101                                 
--------------------------------------------------------------------------------

Cactus version:    4.14.0
Compile date:      Nov 07 2023 (20:03:37)
Run date:          Nov 07 2023 (20:10:37+0000)
Run host:          fv-az713-588.jwsp5ih2b5ae5en3n55wq1an0b.jx.internal.cloudapp.net (pid=128864)
Working directory: /home/runner/simulations/TestJob01_temp_1/output-0000/TEST/sim/GRHayLHD
Executable:        /home/runner/simulations/TestJob01_temp_1/SIMFACTORY/exe/cactus_sim
Parameter file:    /home/runner/simulations/TestJob01_temp_1/output-0000/arrangements/GRHayLET/GRHayLHD/test/TOV.par
--------------------------------------------------------------------------------

Activating thorn Cactus...Success -> active implementation Cactus
Activation requested for 
--->SymBase CoordGauge Constants LocalReduce AEILocalInterp LoopControl StaticConformal ADMBase Baikal Boundary Carpet CarpetInterp CarpetLib CarpetReduce CarpetRegrid2 CartGrid3D CoordBase GenericFD GRHayLHD GRHayLib HydroBase InitBase MoL NaNChecker NewRad Time TmunuBase TOVSolver IOUtil CarpetIOASCII<---
Thorn Carpet requests automatic activation of MPI
Thorn Carpet requests automatic activation of Timers
Thorn CarpetLib requests automatic activation of Vectors
Thorn CarpetLib requests automatic activation of CycleClock
Thorn GRHayLHD requests automatic activation of HDF5
Thorn LoopControl requests automatic activation of hwloc
Thorn TOVSolver requests automatic activation of SpaceMask
Thorn HDF5 requests automatic activation of zlib
Activating thorn ADMBase...Success -> active implementation ADMBase
Activating thorn AEILocalInterp...Success -> active implementation AEILocalInterp
Activating thorn Baikal...Success -> active implementation Baikal
Activating thorn Boundary...Success -> active implementation boundary
Activating thorn Carpet...Success -> active implementation Driver
Activating thorn CarpetInterp...Success -> active implementation interp
Activating thorn CarpetIOASCII...Success -> active implementation IOASCII
Activating thorn CarpetLib...Success -> active implementation CarpetLib
Activating thorn CarpetReduce...Success -> active implementation reduce
Activating thorn CarpetRegrid2...Success -> active implementation CarpetRegrid2
Activating thorn CartGrid3D...Success -> active implementation grid
Activating thorn Constants...Success -> active implementation Constants
Activating thorn CoordBase...Success -> active implementation CoordBase
Activating thorn CoordGauge...Success -> active implementation CoordGauge
Activating thorn CycleClock...Success -> active implementation CycleClock
Activating thorn GenericFD...Success -> active implementation GenericFD
Activating thorn GRHayLHD...Success -> active implementation GRHayLHD
Activating thorn GRHayLib...Success -> active implementation GRHayLib
Activating thorn HDF5...Success -> active implementation HDF5
Activating thorn hwloc...Success -> active implementation hwloc
Activating thorn HydroBase...Success -> active implementation HydroBase
Activating thorn InitBase...Success -> active implementation InitBase
Activating thorn IOUtil...Success -> active implementation IO
Activating thorn LocalReduce...Success -> active implementation LocalReduce
Activating thorn LoopControl...Success -> active implementation LoopControl
Activating thorn MoL...Success -> active implementation MethodOfLines
Activating thorn MPI...Success -> active implementation MPI
Activating thorn NaNChecker...Success -> active implementation NaNChecker
Activating thorn NewRad...Success -> active implementation NewRad
Activating thorn SpaceMask...Success -> active implementation SpaceMask
Activating thorn StaticConformal...Success -> active implementation StaticConformal
Activating thorn SymBase...Success -> active implementation SymBase
Activating thorn Time...Success -> active implementation time
Activating thorn Timers...Success -> active implementation Timers
Activating thorn TmunuBase...Success -> active implementation TmunuBase
Activating thorn TOVSolver...Success -> active implementation TOVSolver
Activating thorn Vectors...Success -> active implementation Vectors
Activating thorn zlib...Success -> active implementation zlib
--------------------------------------------------------------------------------
  if (recover initial data)
    Recover parameters
  endif

  Startup routines
    [CCTK_STARTUP]
      Carpet::MultiModel_Startup: Multi-model Startup routine
      Baikal::Banner_Baikal: [meta] Output ASCII art banner
      Baikal::RegisterSlicing_Baikal: [meta] Register 3+1 slicing condition
      CycleClock::CycleClock_Setup: Set up CycleClock
      LoopControl::LC_setup: Set up LoopControl
      Timers::Timer_Startup: Prepare hierarchical timers
      CarpetInterp::CarpetInterpStartup: Startup routine
      CarpetReduce::CarpetReduceStartup: Startup routine
      CartGrid3D::SymmetryStartup: Register GH Extension for GridSymmetry
      CoordBase::CoordBase_Startup: Register a GH extension to store the coordinate system handles
      Carpet::Driver_Startup: Startup routine
      HydroBase::HydroBase_StartUp: Startup banner
      IOUtil::IOUtil_Startup: Startup routine
      LocalReduce::LocalReduce_Startup: Startup routine
      CarpetIOASCII::CarpetIOASCIIStartup: [global] Startup routine
      MoL::MoL_Startup: Startup banner
      SymBase::SymBase_Startup: Register GH Extension for SymBase
      AEILocalInterp::AEILocalInterp_U_Startup: register CCTK_InterpLocalUniform() interpolation operators
      Vectors::Vectors_Startup: Print startup message
      GROUP hwloc_startup: hwloc startup group
        hwloc::hwloc_version: Output hwloc version

  Startup routines which need an existing grid hierarchy
    [CCTK_WRAGH]
      ADMBase::Einstein_InitSymBound: [global] Set up GF symmetries
      Boundary::Boundary_RegisterBCs: [global] Register boundary conditions that this thorn provides
      CarpetRegrid2::CarpetRegrid2_Initialise: [global] Initialise locations of refined regions
      CartGrid3D::RegisterCartGrid3DCoords: [meta] Register coordinates for the Cartesian grid
      CoordGauge::Einstein_ActivateSlicing: Initialize slicing, setup priorities for mixed slicings
      CoordGauge::Einstein_SetNextSlicing: Identify the slicing for the next iteration
      GRHayLib::GRHayLib_initialize: [global] Set up the EOS struct and read the table for tabulated EOS.
      MoL::MoL_SetupIndexArrays: Set up the MoL bookkeeping index arrays
      MoL::MoL_SetScheduleStatus: [global] Set the flag so it is ok to register with MoL
      TmunuBase::TmunuBase_SetStressEnergyState: [global] Set the stress_energy_state variable
      GROUP MoL_Register: The group where physics thorns register variables with MoL
        Baikal::MoL_registration_Baikal: [meta] Register variables for MoL
        GRHayLHD::GRHayLHD_RegisterVars: [meta] Register evolved, rhs variables in GRHayLHD for MoL
      SpaceMask::MaskSym: [global] Set grid symmetries for mask
      SpaceMask::MaskSym_emask: [global] Set grid symmetries for emask (compatibility mode)
      GROUP SymBase_Wrapper: Wrapper group for SymBase
        GROUP SymmetryRegister: Register your symmetries here
          CartGrid3D::CartGrid3D_RegisterSymmetryBoundaries: [meta] Register symmetry boundaries
        SymBase::SymBase_Statistics: Print symmetry boundary face descriptions
      TOVSolver::TOV_C_AllocateMemory: [global] Allocate memory for TOVSolver_C
      MoL::MoL_ReportNumberVariables: [meta] Report how many of each type of variable there are
  Parameter checking routines
    [CCTK_PARAMCHECK]
      ADMBase::ADMBase_ParamCheck: [global] Check consistency of parameters
      Boundary::Boundary_Check: Check dimension of grid variables
      Carpet::CarpetParamCheck: Parameter checking routine
      CarpetLib::CarpetLib_test_prolongate_3d_rf2: [global] Test prolongation operators
      CarpetRegrid2::CarpetRegrid2_ParamCheck: Check parameters
      CartGrid3D::ParamCheck_CartGrid3D: Check coordinates for CartGrid3D
      MoL::MoL_ParamCheck: Basic parameter checking
      TOVSolver::TOV_C_ParamCheck: [global] Check parameters
      TmunuBase::TmunuBase_ParamCheck: [global] Check that no deprecated parameters are used.
      Vectors::Vectors_Test: Run correctness tests.

  Initialisation
    if (NOT (recover initial data AND recovery_mode is 'strict'))
      [CCTK_PREREGRIDINITIAL]
      Set up grid hierarchy
      [CCTK_POSTREGRIDINITIAL]
        CartGrid3D::SpatialCoordinates: Set Coordinates after regridding
        GROUP MaskBase_SetupMask: Set up the weight function
          GROUP MaskBase_SetupMaskAll: Set up the weight function
            CarpetReduce::MaskBase_AllocateMask: [global] Allocate the weight function
            CarpetReduce::MaskBase_InitMask: [global] [loop-local] Initialise the weight function
            GROUP SetupIMaskInternal: Set up the integer weight function (schedule other routines in here)
              CarpetReduce::CoordBase_SetupMask: [global] [loop-local] Set up the outer boundaries of the weight function
              CarpetReduce::CarpetMaskSetup: [global] [loop-singlemap] Set up the weight function for the restriction regions
            GROUP SetupIMask: Set up the integer weight function (schedule other routines in here)
            CarpetReduce::MaskBase_SetMask: [global] [loop-local] Set the weight function
            GROUP SetupMask: Set up the real weight function (schedule other routines in here)
            CarpetReduce::MaskBase_TestMask: [global] Test the weight function
        GROUP MoL_PseudoEvolutionBoundaries: Apply boundary conditions to pseudo-evolved quantities
        SpaceMask::MaskZero: Initialise mask to zero
        SpaceMask::MaskOne: Set mask to one
      [CCTK_BASEGRID]
        ADMBase::ADMBase_SetShiftStateOn: Set the shift_state variable to 1
        ADMBase::ADMBase_SetDtLapseStateOn: Set the dtlapse_state variable to 1
        ADMBase::ADMBase_SetDtShiftStateOn: Set the dtshift_state variable to 1
        Baikal::Symmetry_registration_oldCartGrid3D_Baikal: [global] Register symmetries, the CartGrid3D way.
        Baikal::zero_rhss_Baikal: Idea from Lean: set all rhs functions to zero to prevent spurious nans
        CartGrid3D::SpatialSpacings: Set up ranges for spatial 3D Cartesian coordinates (on all grids)
        CartGrid3D::SpatialCoordinates: Set up spatial 3D Cartesian coordinates on the GH
        GROUP MaskBase_SetupMask: Set up the weight function
          GROUP MaskBase_SetupMaskAll: Set up the weight function
            CarpetReduce::MaskBase_AllocateMask: [global] Allocate the weight function
            CarpetReduce::MaskBase_InitMask: [global] [loop-local] Initialise the weight function
            GROUP SetupIMaskInternal: Set up the integer weight function (schedule other routines in here)
              CarpetReduce::CoordBase_SetupMask: [global] [loop-local] Set up the outer boundaries of the weight function
              CarpetReduce::CarpetMaskSetup: [global] [loop-singlemap] Set up the weight function for the restriction regions
            GROUP SetupIMask: Set up the integer weight function (schedule other routines in here)
            CarpetReduce::MaskBase_SetMask: [global] [loop-local] Set the weight function
            GROUP SetupMask: Set up the real weight function (schedule other routines in here)
            CarpetReduce::MaskBase_TestMask: [global] Test the weight function
        GRHayLHD::GRHayLHD_InitSymBound: Schedule symmetries
        NaNChecker::NaNChecker_ResetCounter: [global] Reset the NaNChecker::NaNsFound counter
        SpaceMask::MaskZero: Initialise mask to zero
        SpaceMask::MaskOne: Set old style mask to one
        SymBase::SymBase_Check: Check whether the driver set up the grid consistently
        Time::Time_Initialise: [global] Initialise Time variables
        Time::TemporalSpacings: [singlemap] Set timestep based on Courant condition (courant_static)
      [CCTK_INITIAL]
        StaticConformal::StaticConformal_InitialiseState: Set the conformal_state variable to 0
        GROUP ADMBase_InitialData: Schedule group for calculating ADM initial data
        GROUP ADMBase_InitialGauge: Schedule group for the ADM initial gauge condition
          ADMBase::ADMBase_DtLapseZero: Set the dtlapse to 0 at all points
          ADMBase::ADMBase_DtShiftZero: Set the dtshift to 0 at all points
        GROUP HydroBase_Initial: HydroBase initial data group
          HydroBase::HydroBase_Y_e_one: Set electron fraction to 1
          GROUP TOV_Initial_Data: Group for the TOV initial data
            TOVSolver::TOV_C_Integrate_RHS: [global] Integrate the 1d equations for the TOV star
            TOVSolver::TOV_C_Exact: Set up the 3d quantities for the TOV star
        GROUP ADMBase_PostInitial: Schedule group for modifying the ADM initial data, such as e.g. adding noise
        CarpetIOASCII::CarpetIOASCIIInit: [global] Initialisation routine
        Baikal::ADM_to_BSSN_Baikal: [local] Convert initial data into BSSN variables
        GROUP HydroBase_Prim2ConInitial: Recover the conservative variables from the primitive variables
          GROUP GRHayLHD_Prim2Con2Prim: Translate ET-generated, HydroBase-compatible initial data and convert into variables used by GRHayLHD
            GRHayLHD::convert_HydroBase_to_GRHayLHD: Convert HydroBase initial data (ID) to GRHayLHD variables
            GRHayLHD::GRHayLHD_prims_to_conservs: Compute conservative variables from primitives
            GRHayLHD::GRHayLHD_conservs_to_prims: Compute primitive variables from conservatives
        MoL::MoL_StartLoop: [level] Initialise the step size control
        GROUP Baikal_ApplyBCs: Apply boundary conditions
          GROUP BoundaryConditions: Execute all boundary conditions
            Boundary::Boundary_ApplyPhysicalBCs: Apply all requested local physical boundary conditions
            CartGrid3D::CartGrid3D_ApplyBC: Apply symmetry boundary conditions
          Boundary::Boundary_ClearSelection: [level] Unselect all grid variables for boundary conditions
      [CCTK_POSTINITIAL]
        GROUP MoL_PostStepModify: The group for physics thorns to schedule enforcing constraints
        GROUP MoL_PostStep: Ensure that everything is correct after the initial data have been set up
          Baikal::specify_BoundaryConditions_evolved_gfs_Baikal: [level] Apply boundary conditions and perform AMR+interprocessor synchronization
          Baikal::floor_the_lapse_Baikal: Set lapse = max(lapse_floor, lapse)
          Baikal::enforce_detgammahat_constraint_Baikal: Enforce detgammabar = detgammahat (= 1 in Cartesian)
          GROUP Baikal_ApplyBCs: Group for applying boundary conditions
            GROUP BoundaryConditions: Execute all boundary conditions
              Boundary::Boundary_ApplyPhysicalBCs: Apply all requested local physical boundary conditions
              CartGrid3D::CartGrid3D_ApplyBC: Apply symmetry boundary conditions
            Boundary::Boundary_ClearSelection: [level] Unselect all grid variables for boundary conditions
          Baikal::BSSN_to_ADM_Baikal: [local] Perform BSSN-to-ADM conversion. Useful for diagnostics.
          GROUP ADMBase_SetADMVars: Set the ADM variables before this group, and use them afterwards
          GROUP HydroBase_PostStep: Post step tasks for hydro thorns
            GROUP HydroBase_Boundaries: HydroBase-internal Boundary conditions group
              GROUP HydroBase_Select_Boundaries: Group to schedule the boundary condition functions
              GROUP HydroBase_ApplyBCs: Apply the boundary conditions of HydroBase
                GROUP BoundaryConditions: Execute all boundary conditions
                  Boundary::Boundary_ApplyPhysicalBCs: Apply all requested local physical boundary conditions
                  CartGrid3D::CartGrid3D_ApplyBC: Apply symmetry boundary conditions
                Boundary::Boundary_ClearSelection: [level] Unselect all grid variables for boundary conditions
            GROUP HydroBase_Con2Prim: Convert from conservative to primitive variables
              GROUP GRHayLHD_Con2Prim: Compute primitive variables from conservatives
                GRHayLHD::GRHayLHD_sync_conservatives: Sync conservative variable ghost zones for c2p routine
                GRHayLHD::GRHayLHD_conservs_to_prims: Compute primitive variables from conservatives
                GRHayLHD::GRHayLHD_outer_boundaries_on_P_rho_vx_vy_vz: Apply outflow-only, flat BCs on {P,rho,vx,vy,vz}. Outflow only == velocities pointed inward from outer boundary are set to zero
          GROUP SetTmunu: Group for calculating the stress-energy tensor
            TmunuBase::TmunuBase_ZeroTmunu: Initialise the stress-energy tensor to zero
            GROUP AddToTmunu: Add to the stress-energy tensor here
              GRHayLHD::GRHayLHD_compute_Tmunu: Compute stress-energy tensor
        GROUP MoL_PseudoEvolution: Calculate pseudo-evolved quantities
          GROUP ADMBase_SetADMVars: Set the ADM variables before this group, and use them afterwards
          Baikal::T4DD_to_T4UU_Baikal: [local] MoL_PseudoEvolution: Compute T4UU from T4DD (provided in eT?? from TmunuBase), needed for BSSN constraints
          Baikal::Baikal_BSSN_constraints: [local] Compute BSSN (Hamiltonian and momentum) constraints, at finite-differencing order: 4
          Baikal::specify_BoundaryConditions_aux_gfs_Baikal: [level] Enforce symmetry BCs in constraint computation
          Baikal::BSSN_to_ADM_Baikal: [local] Perform BSSN-to-ADM conversion in MoL_PseudoEvolution. Needed for proper HydroBase integration.
          GROUP Baikal_auxgfs_ApplyBCs: Apply boundary conditions
            GROUP BoundaryConditions: Execute all boundary conditions
              Boundary::Boundary_ApplyPhysicalBCs: Apply all requested local physical boundary conditions
              CartGrid3D::CartGrid3D_ApplyBC: Apply symmetry boundary conditions
            Boundary::Boundary_ClearSelection: [level] Unselect all grid variables for boundary conditions
      Initialise finer grids recursively
      Restrict from finer grids
      [CCTK_POSTRESTRICTINITIAL]
        GROUP MoL_PostStep: Ensure that everything is correct after restriction
          Baikal::specify_BoundaryConditions_evolved_gfs_Baikal: [level] Apply boundary conditions and perform AMR+interprocessor synchronization
          Baikal::floor_the_lapse_Baikal: Set lapse = max(lapse_floor, lapse)
          Baikal::enforce_detgammahat_constraint_Baikal: Enforce detgammabar = detgammahat (= 1 in Cartesian)
          GROUP Baikal_ApplyBCs: Group for applying boundary conditions
            GROUP BoundaryConditions: Execute all boundary conditions
              Boundary::Boundary_ApplyPhysicalBCs: Apply all requested local physical boundary conditions
              CartGrid3D::CartGrid3D_ApplyBC: Apply symmetry boundary conditions
            Boundary::Boundary_ClearSelection: [level] Unselect all grid variables for boundary conditions
          Baikal::BSSN_to_ADM_Baikal: [local] Perform BSSN-to-ADM conversion. Useful for diagnostics.
          GROUP ADMBase_SetADMVars: Set the ADM variables before this group, and use them afterwards
          GROUP HydroBase_PostStep: Post step tasks for hydro thorns
            GROUP HydroBase_Boundaries: HydroBase-internal Boundary conditions group
              GROUP HydroBase_Select_Boundaries: Group to schedule the boundary condition functions
              GROUP HydroBase_ApplyBCs: Apply the boundary conditions of HydroBase
                GROUP BoundaryConditions: Execute all boundary conditions
                  Boundary::Boundary_ApplyPhysicalBCs: Apply all requested local physical boundary conditions
                  CartGrid3D::CartGrid3D_ApplyBC: Apply symmetry boundary conditions
                Boundary::Boundary_ClearSelection: [level] Unselect all grid variables for boundary conditions
            GROUP HydroBase_Con2Prim: Convert from conservative to primitive variables
              GROUP GRHayLHD_Con2Prim: Compute primitive variables from conservatives
                GRHayLHD::GRHayLHD_sync_conservatives: Sync conservative variable ghost zones for c2p routine
                GRHayLHD::GRHayLHD_conservs_to_prims: Compute primitive variables from conservatives
                GRHayLHD::GRHayLHD_outer_boundaries_on_P_rho_vx_vy_vz: Apply outflow-only, flat BCs on {P,rho,vx,vy,vz}. Outflow only == velocities pointed inward from outer boundary are set to zero
          GROUP SetTmunu: Group for calculating the stress-energy tensor
            TmunuBase::TmunuBase_ZeroTmunu: Initialise the stress-energy tensor to zero
            GROUP AddToTmunu: Add to the stress-energy tensor here
              GRHayLHD::GRHayLHD_compute_Tmunu: Compute stress-energy tensor
        GROUP MoL_PseudoEvolutionBoundaries: Apply boundary conditions to pseudo-evolved quantities
      [CCTK_POSTPOSTINITIAL]
        GROUP Con2Prim: Convert from conservative to primitive variables (might be redundant)
          GROUP GRHayLHD_Con2Prim: Compute primitive variables from conservatives
            GRHayLHD::GRHayLHD_sync_conservatives: Sync conservative variable ghost zones for c2p routine
            GRHayLHD::GRHayLHD_conservs_to_prims: Compute primitive variables from conservatives
            GRHayLHD::GRHayLHD_outer_boundaries_on_P_rho_vx_vy_vz: Apply outflow-only, flat BCs on {P,rho,vx,vy,vz}. Outflow only == velocities pointed inward from outer boundary are set to zero
        TOVSolver::TOV_C_FreeMemory: [global] Free memory from TOVSolver_C
      [CCTK_POSTSTEP]
        GROUP zzz_NaNChecker_NaNCheck: Check for NaNs and count them in NaNChecker::NaNsFound
          NaNChecker::NaNChecker_NaNCheck_Prepare: [level] Prepare data structures to check for NaNs
          NaNChecker::NaNChecker_NaNCheck_Check: [local] Check for NaNs
          NaNChecker::NaNChecker_NaNCheck_Finish: [level] Count NaNs in NaNChecker::NaNsFound
        NaNChecker::NaNChecker_TakeAction: [global] [loop-level] Output NaNChecker::NaNmask and take action according to NaNChecker::action_if_found
        SpaceMask::CheckMask: Ensure that all mask values are legal
    endif
    if (recover initial data)
      [CCTK_BASEGRID]
        ADMBase::ADMBase_SetShiftStateOn: Set the shift_state variable to 1
        ADMBase::ADMBase_SetDtLapseStateOn: Set the dtlapse_state variable to 1
        ADMBase::ADMBase_SetDtShiftStateOn: Set the dtshift_state variable to 1
        Baikal::Symmetry_registration_oldCartGrid3D_Baikal: [global] Register symmetries, the CartGrid3D way.
        Baikal::zero_rhss_Baikal: Idea from Lean: set all rhs functions to zero to prevent spurious nans
        CartGrid3D::SpatialSpacings: Set up ranges for spatial 3D Cartesian coordinates (on all grids)
        CartGrid3D::SpatialCoordinates: Set up spatial 3D Cartesian coordinates on the GH
        GROUP MaskBase_SetupMask: Set up the weight function
          GROUP MaskBase_SetupMaskAll: Set up the weight function
            CarpetReduce::MaskBase_AllocateMask: [global] Allocate the weight function
            CarpetReduce::MaskBase_InitMask: [global] [loop-local] Initialise the weight function
            GROUP SetupIMaskInternal: Set up the integer weight function (schedule other routines in here)
              CarpetReduce::CoordBase_SetupMask: [global] [loop-local] Set up the outer boundaries of the weight function
              CarpetReduce::CarpetMaskSetup: [global] [loop-singlemap] Set up the weight function for the restriction regions
            GROUP SetupIMask: Set up the integer weight function (schedule other routines in here)
            CarpetReduce::MaskBase_SetMask: [global] [loop-local] Set the weight function
            GROUP SetupMask: Set up the real weight function (schedule other routines in here)
            CarpetReduce::MaskBase_TestMask: [global] Test the weight function
        GRHayLHD::GRHayLHD_InitSymBound: Schedule symmetries
        NaNChecker::NaNChecker_ResetCounter: [global] Reset the NaNChecker::NaNsFound counter
        SpaceMask::MaskZero: Initialise mask to zero
        SpaceMask::MaskOne: Set old style mask to one
        SymBase::SymBase_Check: Check whether the driver set up the grid consistently
        Time::Time_Initialise: [global] Initialise Time variables
        Time::TemporalSpacings: [singlemap] Set timestep based on Courant condition (courant_static)
      [CCTK_RECOVER_VARIABLES]
      [CCTK_POST_RECOVER_VARIABLES]
        GROUP MaskBase_SetupMask: Set up the weight function
          GROUP MaskBase_SetupMaskAll: Set up the weight function
            CarpetReduce::MaskBase_AllocateMask: [global] Allocate the weight function
            CarpetReduce::MaskBase_InitMask: [global] [loop-local] Initialise the weight function
            GROUP SetupIMaskInternal: Set up the integer weight function (schedule other routines in here)
              CarpetReduce::CoordBase_SetupMask: [global] [loop-local] Set up the outer boundaries of the weight function
              CarpetReduce::CarpetMaskSetup: [global] [loop-singlemap] Set up the weight function for the restriction regions
            GROUP SetupIMask: Set up the integer weight function (schedule other routines in here)
            CarpetReduce::MaskBase_SetMask: [global] [loop-local] Set the weight function
            GROUP SetupMask: Set up the real weight function (schedule other routines in here)
            CarpetReduce::MaskBase_TestMask: [global] Test the weight function
        GROUP MoL_PostStep: Ensure that everything is correct after recovery
          Baikal::specify_BoundaryConditions_evolved_gfs_Baikal: [level] Apply boundary conditions and perform AMR+interprocessor synchronization
          Baikal::floor_the_lapse_Baikal: Set lapse = max(lapse_floor, lapse)
          Baikal::enforce_detgammahat_constraint_Baikal: Enforce detgammabar = detgammahat (= 1 in Cartesian)
          GROUP Baikal_ApplyBCs: Group for applying boundary conditions
            GROUP BoundaryConditions: Execute all boundary conditions
              Boundary::Boundary_ApplyPhysicalBCs: Apply all requested local physical boundary conditions
              CartGrid3D::CartGrid3D_ApplyBC: Apply symmetry boundary conditions
            Boundary::Boundary_ClearSelection: [level] Unselect all grid variables for boundary conditions
          Baikal::BSSN_to_ADM_Baikal: [local] Perform BSSN-to-ADM conversion. Useful for diagnostics.
          GROUP ADMBase_SetADMVars: Set the ADM variables before this group, and use them afterwards
          GROUP HydroBase_PostStep: Post step tasks for hydro thorns
            GROUP HydroBase_Boundaries: HydroBase-internal Boundary conditions group
              GROUP HydroBase_Select_Boundaries: Group to schedule the boundary condition functions
              GROUP HydroBase_ApplyBCs: Apply the boundary conditions of HydroBase
                GROUP BoundaryConditions: Execute all boundary conditions
                  Boundary::Boundary_ApplyPhysicalBCs: Apply all requested local physical boundary conditions
                  CartGrid3D::CartGrid3D_ApplyBC: Apply symmetry boundary conditions
                Boundary::Boundary_ClearSelection: [level] Unselect all grid variables for boundary conditions
            GROUP HydroBase_Con2Prim: Convert from conservative to primitive variables
              GROUP GRHayLHD_Con2Prim: Compute primitive variables from conservatives
                GRHayLHD::GRHayLHD_sync_conservatives: Sync conservative variable ghost zones for c2p routine
                GRHayLHD::GRHayLHD_conservs_to_prims: Compute primitive variables from conservatives
                GRHayLHD::GRHayLHD_outer_boundaries_on_P_rho_vx_vy_vz: Apply outflow-only, flat BCs on {P,rho,vx,vy,vz}. Outflow only == velocities pointed inward from outer boundary are set to zero
          GROUP SetTmunu: Group for calculating the stress-energy tensor
            TmunuBase::TmunuBase_ZeroTmunu: Initialise the stress-energy tensor to zero
            GROUP AddToTmunu: Add to the stress-energy tensor here
              GRHayLHD::GRHayLHD_compute_Tmunu: Compute stress-energy tensor
        GROUP zzz_NaNChecker_NaNCheck: Check for NaNs and count them in NaNChecker::NaNsFound
          NaNChecker::NaNChecker_NaNCheck_Prepare: [level] Prepare data structures to check for NaNs
          NaNChecker::NaNChecker_NaNCheck_Check: [local] Check for NaNs
          NaNChecker::NaNChecker_NaNCheck_Finish: [level] Count NaNs in NaNChecker::NaNsFound
        NaNChecker::NaNChecker_TakeAction: [global] [loop-level] Output NaNChecker::NaNmask and take action according to NaNChecker::action_if_found
    endif
    if (checkpoint initial data)
      [CCTK_CPINITIAL]
    endif
    if (analysis)
      [CCTK_ANALYSIS]
        CarpetLib::CarpetLib_printtimestats: [global] Print timing statistics if desired
        CarpetLib::CarpetLib_printmemstats: [global] Print memory statistics if desired
        LoopControl::LC_statistics_analysis: [meta] Output LoopControl statistics
  endif
  Output grid variables

  do loop over timesteps
    [CCTK_PREREGRID]
    Change grid hierarchy
    [CCTK_POSTREGRID]
      CartGrid3D::SpatialCoordinates: Set Coordinates after regridding
      GROUP MaskBase_SetupMask: Set up the weight function
        GROUP MaskBase_SetupMaskAll: Set up the weight function
          CarpetReduce::MaskBase_AllocateMask: [global] Allocate the weight function
          CarpetReduce::MaskBase_InitMask: [global] [loop-local] Initialise the weight function
          GROUP SetupIMaskInternal: Set up the integer weight function (schedule other routines in here)
            CarpetReduce::CoordBase_SetupMask: [global] [loop-local] Set up the outer boundaries of the weight function
            CarpetReduce::CarpetMaskSetup: [global] [loop-singlemap] Set up the weight function for the restriction regions
          GROUP SetupIMask: Set up the integer weight function (schedule other routines in here)
          CarpetReduce::MaskBase_SetMask: [global] [loop-local] Set the weight function
          GROUP SetupMask: Set up the real weight function (schedule other routines in here)
          CarpetReduce::MaskBase_TestMask: [global] Test the weight function
      GROUP MoL_PostStep: Ensure that everything is correct after regridding
        Baikal::specify_BoundaryConditions_evolved_gfs_Baikal: [level] Apply boundary conditions and perform AMR+interprocessor synchronization
        Baikal::floor_the_lapse_Baikal: Set lapse = max(lapse_floor, lapse)
        Baikal::enforce_detgammahat_constraint_Baikal: Enforce detgammabar = detgammahat (= 1 in Cartesian)
        GROUP Baikal_ApplyBCs: Group for applying boundary conditions
          GROUP BoundaryConditions: Execute all boundary conditions
            Boundary::Boundary_ApplyPhysicalBCs: Apply all requested local physical boundary conditions
            CartGrid3D::CartGrid3D_ApplyBC: Apply symmetry boundary conditions
          Boundary::Boundary_ClearSelection: [level] Unselect all grid variables for boundary conditions
        Baikal::BSSN_to_ADM_Baikal: [local] Perform BSSN-to-ADM conversion. Useful for diagnostics.
        GROUP ADMBase_SetADMVars: Set the ADM variables before this group, and use them afterwards
        GROUP HydroBase_PostStep: Post step tasks for hydro thorns
          GROUP HydroBase_Boundaries: HydroBase-internal Boundary conditions group
            GROUP HydroBase_Select_Boundaries: Group to schedule the boundary condition functions
            GROUP HydroBase_ApplyBCs: Apply the boundary conditions of HydroBase
              GROUP BoundaryConditions: Execute all boundary conditions
                Boundary::Boundary_ApplyPhysicalBCs: Apply all requested local physical boundary conditions
                CartGrid3D::CartGrid3D_ApplyBC: Apply symmetry boundary conditions
              Boundary::Boundary_ClearSelection: [level] Unselect all grid variables for boundary conditions
          GROUP HydroBase_Con2Prim: Convert from conservative to primitive variables
            GROUP GRHayLHD_Con2Prim: Compute primitive variables from conservatives
              GRHayLHD::GRHayLHD_sync_conservatives: Sync conservative variable ghost zones for c2p routine
              GRHayLHD::GRHayLHD_conservs_to_prims: Compute primitive variables from conservatives
              GRHayLHD::GRHayLHD_outer_boundaries_on_P_rho_vx_vy_vz: Apply outflow-only, flat BCs on {P,rho,vx,vy,vz}. Outflow only == velocities pointed inward from outer boundary are set to zero
        GROUP SetTmunu: Group for calculating the stress-energy tensor
          TmunuBase::TmunuBase_ZeroTmunu: Initialise the stress-energy tensor to zero
          GROUP AddToTmunu: Add to the stress-energy tensor here
            GRHayLHD::GRHayLHD_compute_Tmunu: Compute stress-energy tensor
      GROUP MoL_PseudoEvolutionBoundaries: Apply boundary conditions to pseudo-evolved quantities
      SpaceMask::MaskZero: Initialise mask to zero
      SpaceMask::MaskOne: Set mask to one
    Rotate timelevels
    iteration = iteration+1
    t = t+dt
    [CCTK_PRESTEP]
      CoordGauge::Einstein_SetNextSlicing: Identify the slicing for the next iteration
      LoopControl::LC_steer: [meta] Update LoopControl algorithm preferences
      NaNChecker::NaNChecker_ResetCounter: [global] Reset the NaNChecker::NaNsFound counter
    [CCTK_EVOL]
      MoL::MoL_StartLoop: [level] Initialise the step size control
      while (MoL::MoL_Stepsize_Bad)
        GROUP MoL_Evolution: A single Cactus evolution step using MoL
          GROUP MoL_StartStep: MoL internal setup for the evolution step
            MoL::MoL_SetCounter: [level] Set the counter for the ODE method to loop over
            MoL::MoL_SetTime: [level] Ensure the correct time and timestep are used
            MoL::MoL_AllocateScratchSpace: [level] Allocate storage for scratch levels
          GROUP MoL_PreStep: Physics thorns can schedule preloop setup routines in here
          MoL::MoL_AllocateScratch: Allocate sufficient space for array scratch variables
          MoL::MoL_InitialCopy: Ensure the data is in the correct timelevel
          while (MoL::MoL_Intermediate_Step)
            GROUP MoL_Step: The loop over the intermediate steps for the ODE integrator
              MoL::MoL_InitRHS: Initialise the RHS functions
              GROUP MoL_CalcRHS: Physics thorns schedule the calculation of the discrete spatial operator in here
                Baikal::Baikal_T4UU: MoL: Compute T4UU from T4DD (provided in eT?? from TmunuBase), needed for BSSN RHSs.
                Baikal::Baikal_Ricci: MoL: Compute Ricci tensor, needed for BSSN RHSs, at finite-differencing order: 4
                Baikal::Baikal_RHS: MoL: Evaluate BSSN RHSs, at finite-differencing order: 4
                Baikal::specify_NewRad_BoundaryConditions_parameters_Baikal: NewRad boundary conditions, scheduled right after RHS eval.
                GROUP GRHayLHD_RHS: Evaluate RHSs GRHD equations
                  GRHayLHD::GRHayLHD_evaluate_sources_rhs: Initialize RHS variables to zero and evalute extrinsic curvature source term of tau_rhs
                  GRHayLHD::GRHayLHD_evaluate_fluxes_rhs: Evaluate RHSs of GRHD equations
                GROUP HydroBase_RHS: Groups for scheduling tasks for calculating RHS of hydro variables
              GROUP MoL_PostRHS: Modify RHS functions
              GROUP MoL_RHSBoundaries: Any 'final' modifications to the RHS functions (boundaries etc.)
              MoL::MoL_Add: Updates calculated with the efficient Runge-Kutta 4 method
              MoL::MoL_DecrementCounter: [level] Alter the counter number
              MoL::MoL_ResetTime: [level] If necessary, change the time
              GROUP MoL_PostStepModify: The group for physics thorns to schedule enforcing constraints
              GROUP MoL_PostStep: The group for physics thorns to schedule boundary calls etc.
                Baikal::specify_BoundaryConditions_evolved_gfs_Baikal: [level] Apply boundary conditions and perform AMR+interprocessor synchronization
                Baikal::floor_the_lapse_Baikal: Set lapse = max(lapse_floor, lapse)
                Baikal::enforce_detgammahat_constraint_Baikal: Enforce detgammabar = detgammahat (= 1 in Cartesian)
                GROUP Baikal_ApplyBCs: Group for applying boundary conditions
                  GROUP BoundaryConditions: Execute all boundary conditions
                    Boundary::Boundary_ApplyPhysicalBCs: Apply all requested local physical boundary conditions
                    CartGrid3D::CartGrid3D_ApplyBC: Apply symmetry boundary conditions
                  Boundary::Boundary_ClearSelection: [level] Unselect all grid variables for boundary conditions
                Baikal::BSSN_to_ADM_Baikal: [local] Perform BSSN-to-ADM conversion. Useful for diagnostics.
                GROUP ADMBase_SetADMVars: Set the ADM variables before this group, and use them afterwards
                GROUP HydroBase_PostStep: Post step tasks for hydro thorns
                  GROUP HydroBase_Boundaries: HydroBase-internal Boundary conditions group
                    GROUP HydroBase_Select_Boundaries: Group to schedule the boundary condition functions
                    GROUP HydroBase_ApplyBCs: Apply the boundary conditions of HydroBase
                      GROUP BoundaryConditions: Execute all boundary conditions
                        Boundary::Boundary_ApplyPhysicalBCs: Apply all requested local physical boundary conditions
                        CartGrid3D::CartGrid3D_ApplyBC: Apply symmetry boundary conditions
                      Boundary::Boundary_ClearSelection: [level] Unselect all grid variables for boundary conditions
                  GROUP HydroBase_Con2Prim: Convert from conservative to primitive variables
                    GROUP GRHayLHD_Con2Prim: Compute primitive variables from conservatives
                      GRHayLHD::GRHayLHD_sync_conservatives: Sync conservative variable ghost zones for c2p routine
                      GRHayLHD::GRHayLHD_conservs_to_prims: Compute primitive variables from conservatives
                      GRHayLHD::GRHayLHD_outer_boundaries_on_P_rho_vx_vy_vz: Apply outflow-only, flat BCs on {P,rho,vx,vy,vz}. Outflow only == velocities pointed inward from outer boundary are set to zero
                GROUP SetTmunu: Group for calculating the stress-energy tensor
                  TmunuBase::TmunuBase_ZeroTmunu: Initialise the stress-energy tensor to zero
                  GROUP AddToTmunu: Add to the stress-energy tensor here
                    GRHayLHD::GRHayLHD_compute_Tmunu: Compute stress-energy tensor
              MoL::MoL_ResetDeltaTime: [level] If necessary, change the timestep
          end while
          MoL::MoL_FinishLoop: [level] Control the step size
          MoL::MoL_RestoreSandR: Restoring the Save and Restore variables to the original state
          MoL::MoL_FreeScratchSpace: [level] Free storage for scratch levels
      end while
      GROUP MoL_PseudoEvolution: Calculate pseudo-evolved quantities
        GROUP ADMBase_SetADMVars: Set the ADM variables before this group, and use them afterwards
        Baikal::T4DD_to_T4UU_Baikal: [local] MoL_PseudoEvolution: Compute T4UU from T4DD (provided in eT?? from TmunuBase), needed for BSSN constraints
        Baikal::Baikal_BSSN_constraints: [local] Compute BSSN (Hamiltonian and momentum) constraints, at finite-differencing order: 4
        Baikal::specify_BoundaryConditions_aux_gfs_Baikal: [level] Enforce symmetry BCs in constraint computation
        Baikal::BSSN_to_ADM_Baikal: [local] Perform BSSN-to-ADM conversion in MoL_PseudoEvolution. Needed for proper HydroBase integration.
        GROUP Baikal_auxgfs_ApplyBCs: Apply boundary conditions
          GROUP BoundaryConditions: Execute all boundary conditions
            Boundary::Boundary_ApplyPhysicalBCs: Apply all requested local physical boundary conditions
            CartGrid3D::CartGrid3D_ApplyBC: Apply symmetry boundary conditions
          Boundary::Boundary_ClearSelection: [level] Unselect all grid variables for boundary conditions
    Evolve finer grids recursively
    Restrict from finer grids
    [CCTK_POSTRESTRICT]
      GROUP MoL_PostStep: Ensure that everything is correct after restriction
        Baikal::specify_BoundaryConditions_evolved_gfs_Baikal: [level] Apply boundary conditions and perform AMR+interprocessor synchronization
        Baikal::floor_the_lapse_Baikal: Set lapse = max(lapse_floor, lapse)
        Baikal::enforce_detgammahat_constraint_Baikal: Enforce detgammabar = detgammahat (= 1 in Cartesian)
        GROUP Baikal_ApplyBCs: Group for applying boundary conditions
          GROUP BoundaryConditions: Execute all boundary conditions
            Boundary::Boundary_ApplyPhysicalBCs: Apply all requested local physical boundary conditions
            CartGrid3D::CartGrid3D_ApplyBC: Apply symmetry boundary conditions
          Boundary::Boundary_ClearSelection: [level] Unselect all grid variables for boundary conditions
        Baikal::BSSN_to_ADM_Baikal: [local] Perform BSSN-to-ADM conversion. Useful for diagnostics.
        GROUP ADMBase_SetADMVars: Set the ADM variables before this group, and use them afterwards
        GROUP HydroBase_PostStep: Post step tasks for hydro thorns
          GROUP HydroBase_Boundaries: HydroBase-internal Boundary conditions group
            GROUP HydroBase_Select_Boundaries: Group to schedule the boundary condition functions
            GROUP HydroBase_ApplyBCs: Apply the boundary conditions of HydroBase
              GROUP BoundaryConditions: Execute all boundary conditions
                Boundary::Boundary_ApplyPhysicalBCs: Apply all requested local physical boundary conditions
                CartGrid3D::CartGrid3D_ApplyBC: Apply symmetry boundary conditions
              Boundary::Boundary_ClearSelection: [level] Unselect all grid variables for boundary conditions
          GROUP HydroBase_Con2Prim: Convert from conservative to primitive variables
            GROUP GRHayLHD_Con2Prim: Compute primitive variables from conservatives
              GRHayLHD::GRHayLHD_sync_conservatives: Sync conservative variable ghost zones for c2p routine
              GRHayLHD::GRHayLHD_conservs_to_prims: Compute primitive variables from conservatives
              GRHayLHD::GRHayLHD_outer_boundaries_on_P_rho_vx_vy_vz: Apply outflow-only, flat BCs on {P,rho,vx,vy,vz}. Outflow only == velocities pointed inward from outer boundary are set to zero
        GROUP SetTmunu: Group for calculating the stress-energy tensor
          TmunuBase::TmunuBase_ZeroTmunu: Initialise the stress-energy tensor to zero
          GROUP AddToTmunu: Add to the stress-energy tensor here
            GRHayLHD::GRHayLHD_compute_Tmunu: Compute stress-energy tensor
      GROUP MoL_PseudoEvolutionBoundaries: Apply boundary conditions to pseudo-evolved quantities
    [CCTK_POSTSTEP]
      GROUP zzz_NaNChecker_NaNCheck: Check for NaNs and count them in NaNChecker::NaNsFound
        NaNChecker::NaNChecker_NaNCheck_Prepare: [level] Prepare data structures to check for NaNs
        NaNChecker::NaNChecker_NaNCheck_Check: [local] Check for NaNs
        NaNChecker::NaNChecker_NaNCheck_Finish: [level] Count NaNs in NaNChecker::NaNsFound
      NaNChecker::NaNChecker_TakeAction: [global] [loop-level] Output NaNChecker::NaNmask and take action according to NaNChecker::action_if_found
      SpaceMask::CheckMask: Ensure that all mask values are legal
    if (checkpoint)
      [CCTK_CHECKPOINT]
    endif
    if (analysis)
      [CCTK_ANALYSIS]
      CarpetLib::CarpetLib_printtimestats: [global] Print timing statistics if desired
      CarpetLib::CarpetLib_printmemstats: [global] Print memory statistics if desired
      LoopControl::LC_statistics_analysis: [meta] Output LoopControl statistics
    endif
    Output grid variables
    enddo

  Termination routines
    [CCTK_TERMINATE]
      GRHayLib::GRHayLib_terminate: [global] Free memory allocated for the EOS struct.
      LoopControl::LC_statistics_terminate: [meta] Output LoopControl statistics
      MoL::MoL_FreeIndexArrays: Free the MoL bookkeeping index arrays

  Shutdown routines
    [CCTK_SHUTDOWN]
      Timers::Timer_Shutdown: Prepare hierarchical timers

  Routines run after changing the grid hierarchy:
    [CCTK_POSTREGRID]
      CartGrid3D::SpatialCoordinates: Set Coordinates after regridding
      GROUP MaskBase_SetupMask: Set up the weight function
        GROUP MaskBase_SetupMaskAll: Set up the weight function
          CarpetReduce::MaskBase_AllocateMask: [global] Allocate the weight function
          CarpetReduce::MaskBase_InitMask: [global] [loop-local] Initialise the weight function
          GROUP SetupIMaskInternal: Set up the integer weight function (schedule other routines in here)
            CarpetReduce::CoordBase_SetupMask: [global] [loop-local] Set up the outer boundaries of the weight function
            CarpetReduce::CarpetMaskSetup: [global] [loop-singlemap] Set up the weight function for the restriction regions
          GROUP SetupIMask: Set up the integer weight function (schedule other routines in here)
          CarpetReduce::MaskBase_SetMask: [global] [loop-local] Set the weight function
          GROUP SetupMask: Set up the real weight function (schedule other routines in here)
          CarpetReduce::MaskBase_TestMask: [global] Test the weight function
      GROUP MoL_PostStep: Ensure that everything is correct after regridding
        Baikal::specify_BoundaryConditions_evolved_gfs_Baikal: [level] Apply boundary conditions and perform AMR+interprocessor synchronization
        Baikal::floor_the_lapse_Baikal: Set lapse = max(lapse_floor, lapse)
        Baikal::enforce_detgammahat_constraint_Baikal: Enforce detgammabar = detgammahat (= 1 in Cartesian)
        GROUP Baikal_ApplyBCs: Group for applying boundary conditions
          GROUP BoundaryConditions: Execute all boundary conditions
            Boundary::Boundary_ApplyPhysicalBCs: Apply all requested local physical boundary conditions
            CartGrid3D::CartGrid3D_ApplyBC: Apply symmetry boundary conditions
          Boundary::Boundary_ClearSelection: [level] Unselect all grid variables for boundary conditions
        Baikal::BSSN_to_ADM_Baikal: [local] Perform BSSN-to-ADM conversion. Useful for diagnostics.
        GROUP ADMBase_SetADMVars: Set the ADM variables before this group, and use them afterwards
        GROUP HydroBase_PostStep: Post step tasks for hydro thorns
          GROUP HydroBase_Boundaries: HydroBase-internal Boundary conditions group
            GROUP HydroBase_Select_Boundaries: Group to schedule the boundary condition functions
            GROUP HydroBase_ApplyBCs: Apply the boundary conditions of HydroBase
              GROUP BoundaryConditions: Execute all boundary conditions
                Boundary::Boundary_ApplyPhysicalBCs: Apply all requested local physical boundary conditions
                CartGrid3D::CartGrid3D_ApplyBC: Apply symmetry boundary conditions
              Boundary::Boundary_ClearSelection: [level] Unselect all grid variables for boundary conditions
          GROUP HydroBase_Con2Prim: Convert from conservative to primitive variables
            GROUP GRHayLHD_Con2Prim: Compute primitive variables from conservatives
              GRHayLHD::GRHayLHD_sync_conservatives: Sync conservative variable ghost zones for c2p routine
              GRHayLHD::GRHayLHD_conservs_to_prims: Compute primitive variables from conservatives
              GRHayLHD::GRHayLHD_outer_boundaries_on_P_rho_vx_vy_vz: Apply outflow-only, flat BCs on {P,rho,vx,vy,vz}. Outflow only == velocities pointed inward from outer boundary are set to zero
        GROUP SetTmunu: Group for calculating the stress-energy tensor
          TmunuBase::TmunuBase_ZeroTmunu: Initialise the stress-energy tensor to zero
          GROUP AddToTmunu: Add to the stress-energy tensor here
            GRHayLHD::GRHayLHD_compute_Tmunu: Compute stress-energy tensor
      GROUP MoL_PseudoEvolutionBoundaries: Apply boundary conditions to pseudo-evolved quantities
      SpaceMask::MaskZero: Initialise mask to zero
      SpaceMask::MaskOne: Set mask to one
--------------------------------------------------------------------------------
INFO (Carpet): Multi-Model listing:
   model 0: "world"
INFO (Carpet): Multi-Model process distribution:
   process 0: model 0 "world"
INFO (Carpet): Multi-Model: This is process 0, model 0 "world"
INFO (CarpetLib): Process startup time was 1.13 seconds
Current core file size limit: hard=[unlimited], soft=0 MB
Current addres space size limit: hard=[unlimited], soft=[unlimited]
Current data segment size limit: hard=[unlimited], soft=[unlimited]
Current resident set size limit: hard=[unlimited], soft=[unlimited]
Baikal: another Einstein Toolkit thorn generated by

ooooo      ooo ooooooooo.   ooooooooo.                 88
`888b.     `8' `888   `Y88. `888   `Y88.             888888
 8 `88b.    8   888   .d88'  888   .d88' oooo    ooo   88
 8   `88b.  8   888ooo88P'   888ooo88P'   `88.  .8'
 8     `88b.8   888`88b.     888           `88..8'
 8       `888   888  `88b.   888            `888'
o8o        `8  o888o  o888o o888o            .8'
                                         .o..P'
  NRPy+: Python-based Code Generation    `Y8P'
   for Numerical Relativity... and Beyond!
 - homepage: http://blackholesathome.net
 - download: https://github.com/zachetienne/nrpytutorial
INFO (CycleClock): Measuring CycleClock tick via OpenMP...
INFO (CycleClock): Calibrated CycleClock: 0.435778 ns per clock tick (2.29474 GHz)
INFO (Vectors): Using vector size 2 for architecture SSE2 (64-bit precision)
INFO (hwloc): library version 2.7.0, API version 0x20500
--------------------------------------------------------------------------------
AMR driver provided by Carpet
--------------------------------------------------------------------------------
HydroBase: Let it flow.
--------------------------------------------------------------------------------
AMR 0D ASCII I/O provided by CarpetIOASCII
--------------------------------------------------------------------------------
AMR 1D ASCII I/O provided by CarpetIOASCII
--------------------------------------------------------------------------------
AMR 2D ASCII I/O provided by CarpetIOASCII
--------------------------------------------------------------------------------
AMR 3D ASCII I/O provided by CarpetIOASCII
--------------------------------------------------------------------------------
MoL: Generalized time integration.
--------------------------------------------------------------------------------

INFO (Carpet): MPI is enabled
INFO (Carpet): Carpet is running on 1 processes
INFO (Carpet): This is process 0
INFO (Carpet): OpenMP is enabled
INFO (Carpet): This process contains 2 threads, this is thread 0
INFO (Carpet): There are 2 threads in total
INFO (Carpet): There are 2 threads per process
INFO (Carpet): This process runs on host fv-az713-588, pid=128864
INFO (Carpet): This process runs on 2 cores: 0-1
INFO (Carpet): Thread 0 runs on 2 cores: 0-1
INFO (Carpet): Thread 1 runs on 2 cores: 0-1
INFO (Carpet): This simulation is running in 3 dimensions
INFO (Carpet): Boundary specification for map 0:
   nboundaryzones: [[3,3,3],[3,3,3]]
   is_internal   : [[0,0,0],[0,0,0]]
   is_staggered  : [[0,0,0],[0,0,0]]
   shiftout      : [[0,0,0],[0,0,0]]
INFO (Carpet): CoordBase domain specification for map 0:
   physical extent: [-12,-12,-12] : [12,12,12]   ([24,24,24])
   interior extent: [-11,-11,-11] : [11,11,11]   ([22,22,22])
   exterior extent: [-14,-14,-14] : [14,14,14]   ([28,28,28])
   base_spacing   : [1,1,1]
INFO (Carpet): Adapted domain specification for map 0:
   convergence factor: 2
   convergence level : 0
   physical extent   : [-12,-12,-12] : [12,12,12]   ([24,24,24])
   interior extent   : [-11,-11,-11] : [11,11,11]   ([22,22,22])
   exterior extent   : [-14,-14,-14] : [14,14,14]   ([28,28,28])
   spacing           : [1,1,1]
INFO (Carpet): Base grid specification for map 0:
   number of grid points             : [29,29,29]
   number of coarse grid ghost points: [[3,3,3],[3,3,3]]
INFO (Carpet): Buffer zone counts (excluding ghosts):
   [0]: [[0,0,0],[0,0,0]]
   [1]: [[9,9,9],[9,9,9]]
   [2]: [[9,9,9],[9,9,9]]
   [3]: [[9,9,9],[9,9,9]]
INFO (Carpet): Overlap zone counts:
   [0]: [[0,0,0],[0,0,0]]
   [1]: [[0,0,0],[0,0,0]]
   [2]: [[0,0,0],[0,0,0]]
   [3]: [[0,0,0],[0,0,0]]
INFO (Carpet): Group and variable statistics:
INFO (Carpet):    There are 756 grid functions in 52 groups
INFO (Carpet):    There are 169 grid scalars in 27 groups
INFO (Carpet):    There are 81 1-dimensional grid arrays in 7 groups
INFO (Carpet):    There are 1 2-dimensional grid arrays in 1 groups
INFO (Carpet):    There are 0 3-dimensional grid arrays in 0 groups
INFO (Carpet):    (The number of variables counts all tim(GRHayL) Warning in file: /home/runner/work/tests/tests/master/configs/sim/build/GRHayLib/GRHayL_Core/initialize_eos.c, line: 140, function: ghl_initialize_hybrid_eos
(GRHayL) Warning message: Maximum density not provided. Disabling density ceiling (rho_max = 1e300)
e levels)
INFO (CarpetIOASCII): I/O Method 'IOASCII_0D' registered: 0D AMR output of grid variables to ASCII files
INFO (CarpetIOASCII): I/O Method 'IOASCII_1D' registered: 1D AMR output of grid variables to ASCII files
INFO (CarpetIOASCII): Periodic 1D AMR output requested for:
   HYDROBASE::rho
   HYDROBASE::press
INFO (CarpetIOASCII): I/O Method 'IOASCII_2D' registered: 2D AMR output of grid variables to ASCII files
INFO (CarpetIOASCII): I/O Method 'IOASCII_3D' registered: 3D AMR output of grid variables to ASCII files
INFO (MoL): Using Runge-Kutta 4 as the time integrator.
INFO (MoL): The maximum number of evolved variables is 449. 31 are registered.
INFO (MoL): The maximum number of slow evolved variables is 449. 0 are registered.
INFO (MoL): The maximum number of constrained variables is 449. 0 are registered.
INFO (MoL): The maximum number of SandR variables is 449. 16 are registered.
INFO (MoL): The maximum number of evolved array variables is 449. 0 are registered.
INFO (MoL): The maximum number of constrained array variables is 449. 0 are registered.
INFO (MoL): The maximum number of SandR array variables is 449. 0 are registered.
INFO (MoL): The maximum size of any array variables is 0.
INFO (Vectors): Testing vectorisation... [errors may result in segfaults]
INFO (Vectors): 375/375 tests passed 
INFO (CarpetRegrid2): Enforcing grid structure properties, iteration 0
INFO (CarpetRegrid2): Enforcing grid structure properties, iteration 0
INFO (CarpetRegrid2): Enforcing grid structure properties, iteration 0
INFO (CarpetRegrid2): Enforcing grid structure properties, iteration 1
INFO (Carpet): Grid structure (superregions, grid points):
   [0][0][0]   exterior: [0,0,0] : [28,28,28]   ([29,29,29] + PADDING) 24389
   [1][0][0]   exterior: [2,2,2] : [54,54,54]   ([53,53,53] + PADDING) 148877
   [2][0][0]   exterior: [29,29,29] : [83,83,83]   ([55,55,55] + PADDING) 166375
   [3][0][0]   exterior: [91,91,91] : [133,133,133]   ([43,43,43] + PADDING) 79507
INFO (Carpet): Grid structure (superregions, coordinates):
   [0][0][0]   exterior: [-14,-14,-14] : [14,14,14] : [1,1,1]
   [1][0][0]   exterior: [-13,-13,-13] : [13,13,13] : [0.5,0.5,0.5]
   [2][0][0]   exterior: [-6.75,-6.75,-6.75] : [6.75,6.75,6.75] : [0.25,0.25,0.25]
   [3][0][0]   exterior: [-2.625,-2.625,-2.625] : [2.625,2.625,2.625] : [0.125,0.125,0.125]
INFO (Carpet): Global grid structure statistics:
INFO (Carpet): GF: rhs: 36k active, 101k owned (+178%), 145k total (+43%), 15 steps/time
INFO (Carpet): GF: vars: 252, pts: 46M active, 91M owned (+99%), 131M total (+43%), 1.0 comp/proc
INFO (Carpet): GA: vars: 246, pts: 0M active, 0M total (+0%)
INFO (Carpet): Total required memory: 1.040 GByte (for GAs and currently active GFs)
INFO (Carpet): Load balance:  min     avg     max     sdv     max/avg-1
INFO (Carpet): Level  0:       3M      3M      3M      0M owned      0%
INFO (Carpet): Level  1:      26M     26M     26M      0M owned      0%
INFO (Carpet): Level  2:      42M     42M     42M      0M owned      0%
INFO (Carpet): Level  3:      20M     20M     20M      0M owned      0%
INFO (CartGrid3D): Grid Spacings:
INFO (CartGrid3D): dx=>1.0000000e+00  dy=>1.0000000e+00  dz=>1.0000000e+00
INFO (CartGrid3D): Computational Coordinates:
INFO (CartGrid3D): x=>[-14.000,14.000]  y=>[-14.000,14.000]  z=>[-14.000,14.000]
INFO (CartGrid3D): Indices of Physical Coordinates:
INFO (CartGrid3D): x=>[0,28]  y=>[0,28]  z=>[0,28]
INFO (GRHayLHD): Setting Symmetry = none... at iteration = 0
INFO (Time): Timestep set to 0.5 (courant_static)
INFO (TOVSolver): Integrated TOV equation
INFO (TOVSolver): Information about the TOVs used:
INFO (): TOV    radius    mass  bary_mass mass(g) cent.rho rho(cgi)        K   K(cgi)    Gamma
INFO ():   1  0.809903 0.140503 0.151197 2.79e+32 0.129285    8e+16        1 1.45e+03        2
INFO (TOVSolver): Not using old matter initial data
INFO (TOVSolver): Done interpolation.
INFO (GRHayLHD): C2P: Iter. # 0, Lev: 0 NumPts= 24389 | Backups: 0 0 0 | Fixes: VL= 0 rho*= 0 | Failures: 0 InHoriz= 0 / 0 | 1.00 iters/gridpt
   Error, Sum: rho 2.276e-15, 4.877e-02 | tau 7.358e-16, 3.772e-01 | Sx 0.000e+00, 0.000e+00 | Sy 0.000e+00, 0.000e+00 | Sz 0.000e+00, 0.000e+00

INFO (GRHayLHD): C2P: Iter. # 0, Lev: 0 NumPts= 24389 | Backups: 0 0 0 | Fixes: VL= 0 rho*= 0 | Failures: 0 InHoriz= 0 / 0 | 1.00 iters/gridpt
   Error, Sum: rho 5.022e-21, 4.877e-02 | tau 1.472e-16, 3.772e-01 | Sx 0.000e+00, 0.000e+00 | Sy 0.000e+00, 0.000e+00 | Sz 0.000e+00, 0.000e+00

INFO (GRHayLHD): Setting Symmetry = none... at iteration = 0
INFO (Time): Timestep set to 0.25 (courant_static)
INFO (TOVSolver): Not using old matter initial data
INFO (TOVSolver): Done interpolation.
INFO (GRHayLHD): C2P: Iter. # 0, Lev: 1 NumPts= 148877 | Backups: 0 0 0 | Fixes: VL= 0 rho*= 0 | Failures: 0 InHoriz= 0 / 0 | 1.00 iters/gridpt
   Error, Sum: rho 1.369e-15, 8.111e-02 | tau 2.555e-16, 1.249e+00 | Sx 0.000e+00, 0.000e+00 | Sy 0.000e+00, 0.000e+00 | Sz 0.000e+00, 0.000e+00

INFO (GRHayLHD): C2P: Iter. # 0, Lev: 1 NumPts= 148877 | Backups: 0 0 0 | Fixes: VL= 0 rho*= 0 | Failures: 0 InHoriz= 0 / 0 | 1.00 iters/gridpt
   Error, Sum: rho 2.053e-15, 8.111e-02 | tau 2.444e-16, 1.249e+00 | Sx 0.000e+00, 0.000e+00 | Sy 0.000e+00, 0.000e+00 | Sz 0.000e+00, 0.000e+00

INFO (GRHayLHD): Setting Symmetry = none... at iteration = 0
INFO (Time): Timestep set to 0.125 (courant_static)
INFO (TOVSolver): Not using old matter initial data
INFO (TOVSolver): Done interpolation.
INFO (GRHayLHD): C2P: Iter. # 0, Lev: 2 NumPts= 226981 | Backups: 0 0 0 | Fixes: VL= 0 rho*= 0 | Failures: 0 InHoriz= 0 / 0 | 1.00 iters/gridpt
   Error, Sum: rho 4.887e-16, 5.892e-01 | tau 1.797e-16, 9.651e+00 | Sx 0.000e+00, 0.000e+00 | Sy 0.000e+00, 0.000e+00 | Sz 0.000e+00, 0.000e+00

INFO (GRHayLHD): C2P: Iter. # 0, Lev: 2 NumPts= 226981 | Backups: 0 0 0 | Fixes: VL= 0 rho*= 0 | Failures: 0 InHoriz= 0 / 0 | 1.00 iters/gridpt
   Error, Sum: rho 9.029e-15, 5.892e-01 | tau 1.557e-16, 9.651e+00 | Sx 0.000e+00, 0.000e+00 | Sy 0.000e+00, 0.000e+00 | Sz 0.000e+00, 0.000e+00

INFO (GRHayLHD): Setting Symmetry = none... at iteration = 0
INFO (Time): Timestep set to 0.0625 (courant_static)
INFO (TOVSolver): Not using old matter initial data
INFO (TOVSolver): Done interpolation.
INFO (GRHayLHD): C2P: Iter. # 0, Lev: 3 NumPts= 117649 | Backups: 0 0 0 | Fixes: VL= 0 rho*= 0 | Failures: 0 InHoriz= 0 / 0 | 1.03 iters/gridpt
   Error, Sum: rho 1.309e-15, 4.714e+00 | tau 1.362e-16, 7.736e+01 | Sx 0.000e+00, 0.000e+00 | Sy 0.000e+00, 0.000e+00 | Sz 0.000e+00, 0.000e+00

INFO (GRHayLHD): C2P: Iter. # 0, Lev: 3 NumPts= 117649 | Backups: 0 0 0 | Fixes: VL= 0 rho*= 0 | Failures: 0 InHoriz= 0 / 0 | 1.03 iters/gridpt
   Error, Sum: rho 3.613e-14, 4.714e+00 | tau 1.758e-16, 7.736e+01 | Sx 0.000e+00, 0.000e+00 | Sy 0.000e+00, 0.000e+00 | Sz 0.000e+00, 0.000e+00

INFO (GRHayLHD): C2P: Iter. # 0, Lev: 0 NumPts= 24389 | Backups: 0 0 0 | Fixes: VL= 0 rho*= 0 | Failures: 0 InHoriz= 0 / 0 | 1.00 iters/gridpt
   Error, Sum: rho 1.138e-15, 4.877e-02 | tau 1.472e-16, 3.772e-01 | Sx 0.000e+00, 0.000e+00 | Sy 0.000e+00, 0.000e+00 | Sz 0.000e+00, 0.000e+00

INFO (GRHayLHD): C2P: Iter. # 0, Lev: 1 NumPts= 148877 | Backups: 0 0 0 | Fixes: VL= 0 rho*= 0 | Failures: 0 InHoriz= 0 / 0 | 1.00 iters/gridpt
   Error, Sum: rho 6.844e-16, 8.111e-02 | tau 2.111e-16, 1.249e+00 | Sx 0.000e+00, 0.000e+00 | Sy 0.000e+00, 0.000e+00 | Sz 0.000e+00, 0.000e+00

INFO (GRHayLHD): C2P: Iter. # 0, Lev: 2 NumPts= 226981 | Backups: 0 0 0 | Fixes: VL= 0 rho*= 0 | Failures: 0 InHoriz= 0 / 0 | 1.00 iters/gridpt
   Error, Sum: rho 8.275e-15, 5.892e-01 | tau 3.379e-17, 9.651e+00 | Sx 0.000e+00, 0.000e+00 | Sy 0.000e+00, 0.000e+00 | Sz 0.000e+00, 0.000e+00

INFO (GRHayLHD): C2P: Iter. # 0, Lev: 3 NumPts= 117649 | Backups: 0 0 0 | Fixes: VL= 0 rho*= 0 | Failures: 0 InHoriz= 0 / 0 | 1.03 iters/gridpt
   Error, Sum: rho 3.568e-14, 4.714e+00 | tau 1.215e-16, 7.736e+01 | Sx 0.000e+00, 0.000e+00 | Sy 0.000e+00, 0.000e+00 | Sz 0.000e+00, 0.000e+00

INFO (GRHayLHD): C2P: Iter. # 0, Lev: 0 NumPts= 24389 | Backups: 0 0 0 | Fixes: VL= 0 rho*= 0 | Failures: 0 InHoriz= 0 / 0 | 1.00 iters/gridpt
   Error, Sum: rho 1.138e-15, 4.877e-02 | tau 1.472e-16, 3.772e-01 | Sx 0.000e+00, 0.000e+00 | Sy 0.000e+00, 0.000e+00 | Sz 0.000e+00, 0.000e+00

INFO (GRHayLHD): C2P: Iter. # 0, Lev: 1 NumPts= 148877 | Backups: 0 0 0 | Fixes: VL= 0 rho*= 0 | Failures: 0 InHoriz= 0 / 0 | 1.00 iters/gridpt
   Error, Sum: rho 6.844e-16, 8.111e-02 | tau 1.777e-16, 1.249e+00 | Sx 0.000e+00, 0.000e+00 | Sy 0.000e+00, 0.000e+00 | Sz 0.000e+00, 0.000e+00

INFO (GRHayLHD): C2P: Iter. # 0, Lev: 2 NumPts= 226981 | Backups: 0 0 0 | Fixes: VL= 0 rho*= 0 | Failures: 0 InHoriz= 0 / 0 | 1.00 iters/gridpt
   Error, Sum: rho 8.169e-15, 5.892e-01 | tau 2.840e-17, 9.651e+00 | Sx 0.000e+00, 0.000e+00 | Sy 0.000e+00, 0.000e+00 | Sz 0.000e+00, 0.000e+00

INFO (GRHayLHD): C2P: Iter. # 0, Lev: 3 NumPts= 117649 | Backups: 0 0 0 | Fixes: VL= 0 rho*= 0 | Failures: 0 InHoriz= 0 / 0 | 1.03 iters/gridpt
   Error, Sum: rho 3.560e-14, 4.714e+00 | tau 9.503e-17, 7.736e+01 | Sx 0.000e+00, 0.000e+00 | Sy 0.000e+00, 0.000e+00 | Sz 0.000e+00, 0.000e+00

INFO (GRHayLHD): C2P: Iter. # 1, Lev: 0 NumPts= 24389 | Backups: 0 0 0 | Fixes: VL= 0 rho*= 0 | Failures: 0 InHoriz= 0 / 0 | 1.48 iters/gridpt
   Error, Sum: rho 9.149e-11, 4.877e-02 | tau 7.828e-16, 3.772e-01 | Sx 5.213e-08, 7.165e-03 | Sy 5.213e-08, 7.165e-03 | Sz 5.213e-08, 7.165e-03

INFO (GRHayLHD): C2P: Iter. # 1, Lev: 0 NumPts= 24389 | Backups: 0 0 0 | Fixes: VL= 0 rho*= 0 | Failures: 0 InHoriz= 0 / 0 | 1.50 iters/gridpt
   Error, Sum: rho 7.763e-11, 4.972e-02 | tau 1.703e-03, 3.772e-01 | Sx 1.470e-08, 1.887e-02 | Sy 1.470e-08, 1.887e-02 | Sz 1.470e-08, 1.887e-02

INFO (GRHayLHD): C2P: Iter. # 1, Lev: 0 NumPts= 24389 | Backups: 0 0 0 | Fixes: VL= 0 rho*= 0 | Failures: 0 InHoriz= 0 / 0 | 1.51 iters/gridpt
   Error, Sum: rho 2.639e-10, 4.642e-02 | tau 1.220e-01, 3.772e-01 | Sx 9.995e-03, 7.698e-02 | Sy 9.995e-03, 7.698e-02 | Sz 9.995e-03, 7.698e-02

INFO (GRHayLHD): C2P: Iter. # 1, Lev: 0 NumPts= 24389 | Backups: 0 0 0 | Fixes: VL= 0 rho*= 0 | Failures: 0 InHoriz= 0 / 0 | 1.52 iters/gridpt
   Error, Sum: rho 2.567e-10, 4.600e-02 | tau 5.235e-02, 3.772e-01 | Sx 6.035e-09, 5.264e-02 | Sy 6.035e-09, 5.264e-02 | Sz 6.035e-09, 5.264e-02

INFO (GRHayLHD): C2P: Iter. # 1, Lev: 1 NumPts= 148877 | Backups: 0 0 0 | Fixes: VL= 0 rho*= 0 | Failures: 0 InHoriz= 0 / 0 | 1.67 iters/gridpt
   Error, Sum: rho 3.022e-11, 8.111e-02 | tau 1.370e-03, 1.249e+00 | Sx 3.317e-07, 4.469e-03 | Sy 3.317e-07, 4.469e-03 | Sz 3.317e-07, 4.469e-03

INFO (GRHayLHD): C2P: Iter. # 1, Lev: 1 NumPts= 148877 | Backups: 0 0 0 | Fixes: VL= 0 rho*= 0 | Failures: 0 InHoriz= 0 / 0 | 1.70 iters/gridpt
   Error, Sum: rho 5.837e-11, 8.104e-02 | tau 9.002e-04, 1.249e+00 | Sx 1.952e-07, 5.109e-03 | Sy 1.952e-07, 5.109e-03 | Sz 1.952e-07, 5.109e-03

INFO (GRHayLHD): C2P: Iter. # 1, Lev: 1 NumPts= 148877 | Backups: 0 0 0 | Fixes: VL= 0 rho*= 0 | Failures: 0 InHoriz= 0 / 0 | 1.70 iters/gridpt
   Error, Sum: rho 3.655e-10, 8.089e-02 | tau 1.988e-03, 1.249e+00 | Sx 1.494e-07, 9.552e-03 | Sy 1.494e-07, 9.552e-03 | Sz 1.494e-07, 9.552e-03

INFO (GRHayLHD): C2P: Iter. # 1, Lev: 1 NumPts= 148877 | Backups: 0 0 0 | Fixes: VL= 0 rho*= 0 | Failures: 0 InHoriz= 0 / 0 | 1.70 iters/gridpt
   Error, Sum: rho 3.284e-10, 8.089e-02 | tau 1.945e-03, 1.249e+00 | Sx 1.652e-07, 9.768e-03 | Sy 1.652e-07, 9.768e-03 | Sz 1.652e-07, 9.768e-03

INFO (GRHayLHD): C2P: Iter. # 1, Lev: 2 NumPts= 226981 | Backups: 0 0 0 | Fixes: VL= 0 rho*= 0 | Failures: 0 InHoriz= 0 / 0 | 1.57 iters/gridpt
   Error, Sum: rho 9.593e-13, 5.892e-01 | tau 1.473e-05, 9.651e+00 | Sx 1.667e-05, 6.096e-03 | Sy 1.667e-05, 6.096e-03 | Sz 1.667e-05, 6.096e-03

INFO (GRHayLHD): C2P: Iter. # 1, Lev: 2 NumPts= 226981 | Backups: 0 0 0 | Fixes: VL= 0 rho*= 0 | Failures: 0 InHoriz= 0 / 0 | 1.74 iters/gridpt
   Error, Sum: rho 8.178e-12, 5.891e-01 | tau 9.413e-06, 9.651e+00 | Sx 2.613e-07, 9.542e-03 | Sy 2.613e-07, 9.542e-03 | Sz 2.613e-07, 9.542e-03

INFO (GRHayLHD): C2P: Iter. # 1, Lev: 2 NumPts= 226981 | Backups: 0 0 0 | Fixes: VL= 0 rho*= 0 | Failures: 0 InHoriz= 0 / 0 | 1.74 iters/gridpt
   Error, Sum: rho 7.982e-11, 5.891e-01 | tau 3.282e-05, 9.651e+00 | Sx 4.570e-05, 1.044e-02 | Sy 4.570e-05, 1.044e-02 | Sz 4.570e-05, 1.044e-02

INFO (GRHayLHD): C2P: Iter. # 1, Lev: 2 NumPts= 226981 | Backups: 0 0 0 | Fixes: VL= 0 rho*= 0 | Failures: 0 InHoriz= 0 / 0 | 2.00 iters/gridpt
   Error, Sum: rho 1.693e-15, 5.891e-01 | tau 1.981e-05, 9.651e+00 | Sx 1.995e-07, 1.215e-02 | Sy 1.995e-07, 1.215e-02 | Sz 1.995e-07, 1.215e-02

INFO (GRHayLHD): C2P: Iter. # 1, Lev: 3 NumPts= 117649 | Backups: 0 0 0 | Fixes: VL= 0 rho*= 0 | Failures: 0 InHoriz= 0 / 0 | 1.02 iters/gridpt
   Error, Sum: rho 1.562e-13, 4.714e+00 | tau 3.596e-06, 7.736e+01 | Sx 6.756e-06, 8.115e-03 | Sy 6.756e-06, 8.115e-03 | Sz 6.756e-06, 8.115e-03

INFO (GRHayLHD): C2P: Iter. # 1, Lev: 3 NumPts= 117649 | Backups: 0 0 0 | Fixes: VL= 0 rho*= 0 | Failures: 0 InHoriz= 0 / 0 | 1.68 iters/gridpt
   Error, Sum: rho 7.130e-13, 4.714e+00 | tau 3.742e-06, 7.736e+01 | Sx 7.394e-06, 7.222e-03 | Sy 7.394e-06, 7.222e-03 | Sz 7.394e-06, 7.222e-03

INFO (GRHayLHD): C2P: Iter. # 1, Lev: 3 NumPts= 117649 | Backups: 0 0 0 | Fixes: VL= 0 rho*= 0 | Failures: 0 InHoriz= 0 / 0 | 1.69 iters/gridpt
   Error, Sum: rho 1.162e-11, 4.714e+00 | tau 7.533e-06, 7.736e+01 | Sx 1.430e-05, 1.428e-02 | Sy 1.430e-05, 1.428e-02 | Sz 1.430e-05, 1.428e-02

INFO (GRHayLHD): C2P: Iter. # 1, Lev: 3 NumPts= 117649 | Backups: 0 0 0 | Fixes: VL= 0 rho*= 72 | Failures: 0 InHoriz= 0 / 0 | 2.02 iters/gridpt
   Error, Sum: rho 7.077e-09, 4.714e+00 | tau 7.514e-06, 7.736e+01 | Sx 1.509e-05, 1.415e-02 | Sy 1.509e-05, 1.415e-02 | Sz 1.509e-05, 1.415e-02

INFO (GRHayLHD): C2P: Iter. # 2, Lev: 3 NumPts= 117649 | Backups: 0 0 0 | Fixes: VL= 0 rho*= 0 | Failures: 0 InHoriz= 0 / 0 | 2.03 iters/gridpt
   Error, Sum: rho 3.063e-11, 4.714e+00 | tau 3.958e-06, 7.736e+01 | Sx 7.960e-06, 2.008e-02 | Sy 7.960e-06, 2.008e-02 | Sz 7.960e-06, 2.008e-02

INFO (GRHayLHD): C2P: Iter. # 2, Lev: 3 NumPts= 117649 | Backups: 0 0 0 | Fixes: VL= 0 rho*= 0 | Failures: 0 InHoriz= 0 / 0 | 2.03 iters/gridpt
   Error, Sum: rho 5.312e-11, 4.714e+00 | tau 4.103e-06, 7.736e+01 | Sx 8.761e-06, 1.902e-02 | Sy 8.761e-06, 1.902e-02 | Sz 8.761e-06, 1.902e-02

INFO (GRHayLHD): C2P: Iter. # 2, Lev: 3 NumPts= 117649 | Backups: 0 0 0 | Fixes: VL= 0 rho*= 0 | Failures: 0 InHoriz= 0 / 0 | 2.03 iters/gridpt
   Error, Sum: rho 1.188e-10, 4.714e+00 | tau 8.213e-06, 7.736e+01 | Sx 1.763e-05, 2.426e-02 | Sy 1.763e-05, 2.426e-02 | Sz 1.763e-05, 2.426e-02

INFO (GRHayLHD): C2P: Iter. # 2, Lev: 3 NumPts= 117649 | Backups: 0 0 0 | Fixes: VL= 0 rho*= 72 | Failures: 0 InHoriz= 0 / 0 | 2.03 iters/gridpt
   Error, Sum: rho 1.892e-08, 4.714e+00 | tau 8.224e-06, 7.736e+01 | Sx 1.932e-05, 2.405e-02 | Sy 1.932e-05, 2.405e-02 | Sz 1.932e-05, 2.405e-02

INFO (GRHayLHD): C2P: Iter. # 2, Lev: 2 NumPts= 226981 | Backups: 0 0 0 | Fixes: VL= 0 rho*= 0 | Failures: 0 InHoriz= 0 / 0 | 2.00 iters/gridpt
   Error, Sum: rho 2.211e-15, 5.858e-01 | tau 8.671e-15, 9.627e+00 | Sx 6.246e-15, 2.482e-03 | Sy 6.156e-15, 2.482e-03 | Sz 6.115e-15, 2.482e-03

INFO (GRHayLHD): C2P: Iter. # 2, Lev: 3 NumPts= 117649 | Backups: 0 0 0 | Fixes: VL= 0 rho*= 54 | Failures: 0 InHoriz= 0 / 0 | 2.02 iters/gridpt
   Error, Sum: rho 5.546e-09, 4.715e+00 | tau 2.284e-11, 7.736e+01 | Sx 5.402e-08, 2.405e-02 | Sy 5.402e-08, 2.405e-02 | Sz 5.402e-08, 2.405e-02

--------------------------------------------------------------------------------
Done.
+ echo Stopping:
Stopping:
+ date
Tue Nov  7 20:10:52 UTC 2023
+ echo Done.
Done.
  Elapsed time: 16.3 s
