/home/runner/simulations/TestJob01_temp_2/output-0000/TEST/sim/StaggeredWaveToyX
Preparing:
+ set -e
+ cd output-0000-active
+ echo Checking:
Checking:
+ pwd
/home/runner/simulations/TestJob01_temp_2/output-0000/TEST/sim/StaggeredWaveToyX/output-0000-active
+ hostname
fv-az1487-433
+ date
Thu Aug 29 23:19:13 UTC 2024
+ echo Environment:
Environment:
+ export CACTUS_NUM_PROCS=2
+ CACTUS_NUM_PROCS=2
+ export CACTUS_NUM_THREADS=1
+ CACTUS_NUM_THREADS=1
+ export GMON_OUT_PREFIX=gmon.out
+ GMON_OUT_PREFIX=gmon.out
+ export OMP_NUM_THREADS=1
+ OMP_NUM_THREADS=1
+ env
+ sort
+ echo Starting:
Starting:
++ date +%s
+ export CACTUS_STARTTIME=1724973553
+ CACTUS_STARTTIME=1724973553
+ '[' 2 = 1 ']'
+ mpirun -np 2 /home/runner/simulations/TestJob01_temp_2/SIMFACTORY/exe/cactus_sim -L 3 /home/runner/simulations/TestJob01_temp_2/output-0000/arrangements/CarpetX/StaggeredWaveToyX/test/standing.par
INFO (Cactus): Increased logging level from 0 to 3
--------------------------------------------------------------------------------

       10                                  
  1   0101       ************************  
  01  1010 10      The Cactus Code V4.16.0    
 1010 1101 011      www.cactuscode.org     
  1001 100101    ************************  
    00010101                               
     100011     (c) Copyright The Authors  
      0100      GNU Licensed. No Warranty  
      0101                                 
--------------------------------------------------------------------------------

Cactus version:    4.16.0
Compile date:      Aug 29 2024 (22:50:00)
Run date:          Aug 29 2024 (23:19:13+0000)
Run host:          fv-az1487-433.vpy2y30pan5uhaa0ktko4c43jh.ex.internal.cloudapp.net (pid=140926)
Working directory: /home/runner/simulations/TestJob01_temp_2/output-0000/TEST/sim/StaggeredWaveToyX
Executable:        /home/runner/simulations/TestJob01_temp_2/SIMFACTORY/exe/cactus_sim
Parameter file:    /home/runner/simulations/TestJob01_temp_2/output-0000/arrangements/CarpetX/StaggeredWaveToyX/test/standing.par
--------------------------------------------------------------------------------

Activating thorn Cactus...Success -> active implementation Cactus
Activation requested for 
--->CarpetX IOUtil ODESolvers StaggeredWaveToyX<---
Thorn CarpetX requests automatic activation of AMReX
Thorn CarpetX requests automatic activation of MPI
Thorn CarpetX requests automatic activation of yaml_cpp
Thorn CarpetX requests automatic activation of zlib
Thorn CarpetX requests automatic activation of Arith
Thorn CarpetX requests automatic activation of Loop
Thorn CarpetX requests automatic activation of ADIOS2
Thorn CarpetX requests automatic activation of openPMD
Thorn CarpetX requests automatic activation of Silo
Thorn Arith requests automatic activation of NSIMD
Thorn MPI requests automatic activation of hwloc
Thorn openPMD requests automatic activation of HDF5
Activating thorn ADIOS2...Success -> active implementation ADIOS2
Activating thorn AMReX...Success -> active implementation AMReX
Activating thorn Arith...Success -> active implementation Arith
Activating thorn CarpetX...Success -> active implementation CarpetX
Activating thorn HDF5...Success -> active implementation HDF5
Activating thorn hwloc...Success -> active implementation hwloc
Activating thorn IOUtil...Success -> active implementation IO
Activating thorn Loop...Success -> active implementation Loop
Activating thorn MPI...Success -> active implementation MPI
Activating thorn NSIMD...Success -> active implementation NSIMD
Activating thorn ODESolvers...Success -> active implementation ODESolvers
Activating thorn openPMD...Success -> active implementation openPMD
Activating thorn Silo...Success -> active implementation Silo
Activating thorn StaggeredWaveToyX...Success -> active implementation StaggeredWaveToyX
Activating thorn yaml_cpp...Success -> active implementation yaml_cpp
Activating thorn zlib...Success -> active implementation zlib
INFO (hwloc): library version 2.7.0, API version 0x20500
--------------------------------------------------------------------------------

  [34m  ▕▏  [34m  ▕▏  [34m  ▕▏  [34m  ▕▏  [34m  ▕▏  [34m  ▕▏  [34m  ▕▏  [34m  ▕▏  [34m  ▕▏  [39m  
  [34m──██──[34m──██──[34m──██──[34m──██──[34m──██──[34m──██──[34m──██──[34m──██──[34m──██──[39m  
  [34m  ▕▏  [34m  ▕▏  [34m  ▕▏  [34m  ▕▏  [34m  ▕▏  [34m  ▕▏  [34m  ▕▏  [34m  ▕▏  [34m  ▕▏  [39m  
  [34m  ▕▏  [32m██████[34m  ▕▏  [34m  ▕▏  [32m██████[34m  ▕▏  [34m  ▕▏  [32m██████[34m  ▕▏  [39m  
  [34m──██──[32m██████[34m──██──[34m──██──[32m██████[34m──██──[34m──██──[32m██████[34m──██──[39m  
  [34m  ▕▏  [32m██████[34m  ▕▏  [34m  ▕▏  [32m██████[34m  ▕▏  [34m  ▕▏  [32m██████[34m  ▕▏  [39m  
  [34m  ▕▏  [34m  ▕▏  [34m  ▕▏  [34m  ▕▏  [34m  ▕▏  [34m  ▕▏  [34m  ▕▏  [34m  ▕▏  [34m  ▕▏  [39m  
  [34m──██──[34m──██──[34m──██──[34m──██──[34m──██──[34m──██──[34m──██──[34m──██──[34m──██──[39m  
  [34m  ▕▏  [34m  ▕▏  [34m  ▕▏  [34m  ▕▏  [34m  ▕▏  [34m  ▕▏  [34m  ▕▏  [34m  ▕▏  [34m  ▕▏  [39m  
  [34m  ▕▏  [34m  ▕▏  [34m  ▕▏  [31m██████[31m██████[31m██████[34m  ▕▏  [34m  ▕▏  [34m  ▕▏  [39m  
  [34m──██──[34m──██──[34m──██──[31m██████[31m██████[31m██████[34m──██──[34m──██──[34m──██──[39m  
  [34m  ▕▏  [34m  ▕▏  [34m  ▕▏  [31m██████[31m██████[31m██████[34m  ▕▏  [34m  ▕▏  [34m  ▕▏  [39m  
  [34m  ▕▏  [32m██████[34m  ▕▏  [31m██████[31m██████[31m██████[34m  ▕▏  [32m██████[34m  ▕▏  [39m  
  [34m──██──[32m██████[34m──██──[31m██████[31m██████[31m██████[34m──██──[32m██████[34m──██──[39m  
  [34m  ▕▏  [32m██████[34m  ▕▏  [31m██████[31m██████[31m██████[34m  ▕▏  [32m██████[34m  ▕▏  [39m  
  [34m  ▕▏  [34m  ▕▏  [34m  ▕▏  [31m██████[31m██████[31m██████[34m  ▕▏  [34m  ▕▏  [34m  ▕▏  [39m  
  [34m──██──[34m──██──[34m──██──[31m██████[31m██████[31m██████[34m──██──[34m──██──[34m──██──[39m  
  [34m  ▕▏  [34m  ▕▏  [34m  ▕▏  [31m██████[31m██████[31m██████[34m  ▕▏  [34m  ▕▏  [34m  ▕▏  [39m  
  [34m  ▕▏  [34m  ▕▏  [34m  ▕▏  [34m  ▕▏  [34m  ▕▏  [34m  ▕▏  [34m  ▕▏  [34m  ▕▏  [34m  ▕▏  [39m  
  [34m──██──[34m──██──[34m──██──[34m──██──[34m──██──[34m──██──[34m──██──[34m──██──[34m──██──[39m  
  [34m  ▕▏  [34m  ▕▏  [34m  ▕▏  [34m  ▕▏  [34m  ▕▏  [34m  ▕▏  [34m  ▕▏  [34m  ▕▏  [34m  ▕▏  [39m  
  [34m  ▕▏  [32m██████[34m  ▕▏  [34m  ▕▏  [32m██████[34m  ▕▏  [34m  ▕▏  [32m██████[34m  ▕▏  [39m  
  [34m──██──[32m██████[34m──██──[34m──██──[32m██████[34m──██──[34m──██──[32m██████[34m──██──[39m  
  [34m  ▕▏  [32m██████[34m  ▕▏  [34m  ▕▏  [32m██████[34m  ▕▏  [34m  ▕▏  [32m██████[34m  ▕▏  [39m  
  [34m  ▕▏  [34m  ▕▏  [34m  ▕▏  [34m  ▕▏  [34m  ▕▏  [34m  ▕▏  [34m  ▕▏  [34m  ▕▏  [34m  ▕▏  [39m  
  [34m──██──[34m──██──[34m──██──[34m──██──[34m──██──[34m──██──[34m──██──[34m──██──[34m──██──[39m  
  [34m  ▕▏  [34m  ▕▏  [34m  ▕▏  [34m  ▕▏  [34m  ▕▏  [34m  ▕▏  [34m  ▕▏  [34m  ▕▏  [34m  ▕▏  [39m  

AMR driver provided by CarpetX,
using AMReX 24.05 (MPI, OpenMP, no accelerators, debug)
--------------------------------------------------------------------------------

Initializing AMReX (24.05)...
MPI initialized with 2 MPI processes
MPI initialized with thread support level 2
OMP initialized with 1 OMP threads
AMReX (24.05) initialized
INFO (CarpetX): 
Symmetries:
  lower x: periodic
  lower y: periodic
  lower z: periodic
  upper x: periodic
  upper y: periodic
  upper z: periodic
Default boundaries:
  lower x: symmetry_boundary
  lower y: symmetry_boundary
  lower z: symmetry_boundary
  upper x: symmetry_boundary
  upper y: symmetry_boundary
  upper z: symmetry_boundary
INFO (Arith): Test_smallvector
INFO (Arith): Test_spvect
INFO (CarpetX): Setting initial values for max_grid_size values for all levels
INFO (CarpetX): Setting up initial conditions...
INFO (CarpetX): Iteration: 0   time: 0   delta_time: 0.125
INFO (CarpetX): Patch 0:
INFO (CarpetX):   Grid extent:
INFO (CarpetX):     gsh=[11,11,11]
INFO (CarpetX):     blocking_factor=[8,8,8]
INFO (CarpetX):     max_grid_size=[32,32,32]
INFO (CarpetX):     max_tile_size=[1024000,16,32]
INFO (CarpetX):   Domain extent:
INFO (CarpetX):     xmin=[-1,-1,-1]
INFO (CarpetX):     xmax=[1,1,1]
INFO (CarpetX):     base dx=[0.25,0.25,0.25]
INFO (CarpetX): Initializing level 0...
INFO (CarpetX): Regridding...
INFO (CarpetX):   level 0: 1 boxes, 512 cells (100%)
INFO (CarpetX): Initialized 1 levels
INFO (CarpetX): OutputGH: iteration 0, time 0.000000, run time 0 s
INFO (CarpetX): OutputADIOS2...
INFO (CarpetX): OutputGH done.
INFO (CarpetX): Starting evolution...
INFO (ODESolvers): Integrator is RK3
INFO (CarpetX): OutputGH: iteration 1, time 0.125000, run time 1 s
INFO (CarpetX): OutputGH done.
INFO (CarpetX): Simulation time: 0.125   Iterations per second: 105.408   Simulation time per second: 13.176
INFO (CarpetX): Grid cells: 512   Grid cell updates per second: 53969.1
INFO (CarpetX): Performance:
INFO (CarpetX):   total evolution time:            0.00948691 sec
INFO (CarpetX):   total evolution compute time:    0.00946689 sec
INFO (CarpetX):   total evolution output time:     2.00272e-05 sec
INFO (CarpetX):   total iterations:                1
INFO (CarpetX):   total cells updated:             512
INFO (CarpetX):   average iterations per second: 105.408
INFO (CarpetX):   average cell updates per second: 53969.1
INFO (CarpetX): OutputGH: iteration 2, time 0.250000, run time 1 s
INFO (CarpetX): OutputGH done.
INFO (CarpetX): Simulation time: 0.25   Iterations per second: 106.883   Simulation time per second: 13.3604
INFO (CarpetX): Grid cells: 512   Grid cell updates per second: 54724.1
INFO (CarpetX): Performance:
INFO (CarpetX):   total evolution time:            0.0188429 sec
INFO (CarpetX):   total evolution compute time:    0.0187979 sec
INFO (CarpetX):   total evolution output time:     4.50611e-05 sec
INFO (CarpetX):   total iterations:                2
INFO (CarpetX):   total cells updated:             1024
INFO (CarpetX):   average iterations per second: 106.141
INFO (CarpetX):   average cell updates per second: 54344
INFO (CarpetX): OutputGH: iteration 3, time 0.375000, run time 1 s
INFO (CarpetX): OutputGH done.
INFO (CarpetX): Simulation time: 0.375   Iterations per second: 107.238   Simulation time per second: 13.4048
INFO (CarpetX): Grid cells: 512   Grid cell updates per second: 54906
INFO (CarpetX): Performance:
INFO (CarpetX):   total evolution time:            0.028168 sec
INFO (CarpetX):   total evolution compute time:    0.0281017 sec
INFO (CarpetX):   total evolution output time:     6.62804e-05 sec
INFO (CarpetX):   total iterations:                3
INFO (CarpetX):   total cells updated:             1536
INFO (CarpetX):   average iterations per second: 106.504
INFO (CarpetX):   average cell updates per second: 54530
INFO (CarpetX): OutputGH: iteration 4, time 0.500000, run time 1 s
INFO (CarpetX): OutputGH done.
INFO (CarpetX): Simulation time: 0.5   Iterations per second: 106.94   Simulation time per second: 13.3675
INFO (CarpetX): Grid cells: 512   Grid cell updates per second: 54753.4
INFO (CarpetX): Performance:
INFO (CarpetX):   total evolution time:            0.037519 sec
INFO (CarpetX):   total evolution compute time:    0.0374336 sec
INFO (CarpetX):   total evolution output time:     8.53539e-05 sec
INFO (CarpetX):   total iterations:                4
INFO (CarpetX):   total cells updated:             2048
INFO (CarpetX):   average iterations per second: 106.613
INFO (CarpetX):   average cell updates per second: 54585.7
INFO (CarpetX): OutputGH: iteration 5, time 0.625000, run time 1 s
INFO (CarpetX): OutputGH done.
INFO (CarpetX): Simulation time: 0.625   Iterations per second: 107.214   Simulation time per second: 13.4017
INFO (CarpetX): Grid cells: 512   Grid cell updates per second: 54893.4
INFO (CarpetX): Performance:
INFO (CarpetX):   total evolution time:            0.0468462 sec
INFO (CarpetX):   total evolution compute time:    0.0467417 sec
INFO (CarpetX):   total evolution output time:     0.000104427 sec
INFO (CarpetX):   total iterations:                5
INFO (CarpetX):   total cells updated:             2560
INFO (CarpetX):   average iterations per second: 106.732
INFO (CarpetX):   average cell updates per second: 54647
INFO (CarpetX): OutputGH: iteration 6, time 0.750000, run time 1 s
INFO (CarpetX): OutputGH done.
INFO (CarpetX): Simulation time: 0.75   Iterations per second: 107.643   Simulation time per second: 13.4554
INFO (CarpetX): Grid cells: 512   Grid cell updates per second: 55113.1
INFO (CarpetX): Performance:
INFO (CarpetX):   total evolution time:            0.0561361 sec
INFO (CarpetX):   total evolution compute time:    0.0560157 sec
INFO (CarpetX):   total evolution output time:     0.000120401 sec
INFO (CarpetX):   total iterations:                6
INFO (CarpetX):   total cells updated:             3072
INFO (CarpetX):   average iterations per second: 106.883
INFO (CarpetX):   average cell updates per second: 54724.1
INFO (CarpetX): OutputGH: iteration 7, time 0.875000, run time 1 s
INFO (CarpetX): OutputGH done.
INFO (CarpetX): Simulation time: 0.875   Iterations per second: 107.252   Simulation time per second: 13.4065
INFO (CarpetX): Grid cells: 512   Grid cell updates per second: 54913
INFO (CarpetX): Performance:
INFO (CarpetX):   total evolution time:            0.06546 sec
INFO (CarpetX):   total evolution compute time:    0.0653207 sec
INFO (CarpetX):   total evolution output time:     0.000139236 sec
INFO (CarpetX):   total iterations:                7
INFO (CarpetX):   total cells updated:             3584
INFO (CarpetX):   average iterations per second: 106.936
INFO (CarpetX):   average cell updates per second: 54751
INFO (CarpetX): OutputGH: iteration 8, time 1.000000, run time 1 s
INFO (CarpetX): OutputGH done.
INFO (CarpetX): Simulation time: 1   Iterations per second: 107.455   Simulation time per second: 13.4319
INFO (CarpetX): Grid cells: 512   Grid cell updates per second: 55017.1
INFO (CarpetX): Performance:
INFO (CarpetX):   total evolution time:            0.0747662 sec
INFO (CarpetX):   total evolution compute time:    0.0746088 sec
INFO (CarpetX):   total evolution output time:     0.000157356 sec
INFO (CarpetX):   total iterations:                8
INFO (CarpetX):   total cells updated:             4096
INFO (CarpetX):   average iterations per second: 107
INFO (CarpetX):   average cell updates per second: 54784.1
INFO (CarpetX): OutputGH: iteration 9, time 1.125000, run time 1 s
INFO (CarpetX): OutputGH done.
INFO (CarpetX): Simulation time: 1.125   Iterations per second: 107.502   Simulation time per second: 13.4378
INFO (CarpetX): Grid cells: 512   Grid cell updates per second: 55041.1
INFO (CarpetX): Performance:
INFO (CarpetX):   total evolution time:            0.0840683 sec
INFO (CarpetX):   total evolution compute time:    0.0838919 sec
INFO (CarpetX):   total evolution output time:     0.00017643 sec
INFO (CarpetX):   total iterations:                9
INFO (CarpetX):   total cells updated:             4608
INFO (CarpetX):   average iterations per second: 107.056
INFO (CarpetX):   average cell updates per second: 54812.6
INFO (CarpetX): OutputGH: iteration 10, time 1.250000, run time 1 s
INFO (CarpetX): OutputGH done.
INFO (CarpetX): Simulation time: 1.25   Iterations per second: 107.458   Simulation time per second: 13.4323
INFO (CarpetX): Grid cells: 512   Grid cell updates per second: 55018.5
INFO (CarpetX): Performance:
INFO (CarpetX):   total evolution time:            0.0933743 sec
INFO (CarpetX):   total evolution compute time:    0.0931799 sec
INFO (CarpetX):   total evolution output time:     0.000194311 sec
INFO (CarpetX):   total iterations:                10
INFO (CarpetX):   total cells updated:             5120
INFO (CarpetX):   average iterations per second: 107.096
INFO (CarpetX):   average cell updates per second: 54833.1
INFO (CarpetX): Shutting down...
AMReX (24.05) finalized
--------------------------------------------------------------------------------
Done.
+ echo Stopping:
Stopping:
+ date
Thu Aug 29 23:19:14 UTC 2024
+ echo Done.
Done.
  Elapsed time: 0.8 s
