/home/runner/simulations/TestJob01_temp_1/output-0000/TEST/sim/WaveToyX
Preparing:
+ set -e
+ cd output-0000-active
+ echo Checking:
Checking:
+ pwd
/home/runner/simulations/TestJob01_temp_1/output-0000/TEST/sim/WaveToyX/output-0000-active
+ hostname
runnervm35a4x
+ date
Fri Apr 10 22:46:30 UTC 2026
+ echo Environment:
Environment:
+ export CACTUS_NUM_PROCS=1
+ CACTUS_NUM_PROCS=1
+ export CACTUS_NUM_THREADS=2
+ CACTUS_NUM_THREADS=2
+ export GMON_OUT_PREFIX=gmon.out
+ GMON_OUT_PREFIX=gmon.out
+ export OMP_NUM_THREADS=2
+ OMP_NUM_THREADS=2
+ env
+ sort
+ echo Starting:
Starting:
++ date +%s
+ export CACTUS_STARTTIME=1775861190
+ CACTUS_STARTTIME=1775861190
+ '[' 1 = 1 ']'
+ '[' 0 -eq 0 ']'
+ /home/runner/simulations/TestJob01_temp_1/SIMFACTORY/exe/cactus_sim -L 3 /home/runner/simulations/TestJob01_temp_1/output-0000/arrangements/CarpetX/WaveToyX/test/standing.par
INFO (Cactus): Increased logging level from 0 to 3
--------------------------------------------------------------------------------

       10                                  
  1   0101       ************************  
  01  1010 10      The Cactus Code V4.18.0    
 1010 1101 011      www.cactuscode.org     
  1001 100101    ************************  
    00010101                               
     100011     (c) Copyright The Authors  
      0100      GNU Licensed. No Warranty  
      0101                                 
--------------------------------------------------------------------------------

Cactus version:    4.18.0
Compile date:      Apr 10 2026 (22:27:50)
Run date:          Apr 10 2026 (22:46:31+0000)
Run host:          runnervm35a4x.ne02jlwbml0ehokqdifvkp3bbf.yx.internal.cloudapp.net (pid=142982)
Working directory: /home/runner/simulations/TestJob01_temp_1/output-0000/TEST/sim/WaveToyX
Executable:        /home/runner/simulations/TestJob01_temp_1/SIMFACTORY/exe/cactus_sim
Parameter file:    /home/runner/simulations/TestJob01_temp_1/output-0000/arrangements/CarpetX/WaveToyX/test/standing.par
--------------------------------------------------------------------------------

Activating thorn Cactus...Success -> active implementation Cactus
Activation requested for 
--->CarpetX IOUtil ODESolvers WaveToyX<---
Thorn CarpetX requests automatic activation of AMReX
Thorn CarpetX requests automatic activation of MPI
Thorn CarpetX requests automatic activation of yaml_cpp
Thorn CarpetX requests automatic activation of zlib
Thorn CarpetX requests automatic activation of Arith
Thorn CarpetX requests automatic activation of CarpetXRegrid
Thorn CarpetX requests automatic activation of Loop
Thorn CarpetX requests automatic activation of ADIOS2
Thorn CarpetX requests automatic activation of openPMD
Thorn CarpetX requests automatic activation of Silo
Thorn ADIOS2 requests automatic activation of CMake
Thorn Arith requests automatic activation of NSIMD
Thorn MPI requests automatic activation of hwloc
Thorn openPMD requests automatic activation of HDF5
Activating thorn ADIOS2...Success -> active implementation ADIOS2
Activating thorn AMReX...Success -> active implementation AMReX
Activating thorn Arith...Success -> active implementation Arith
Activating thorn CarpetX...Success -> active implementation Driver
Activating thorn CarpetXRegrid...Success -> active implementation CarpetXRegrid
Activating thorn CMake...Success -> active implementation CMake
Activating thorn HDF5...Success -> active implementation HDF5
Activating thorn hwloc...Success -> active implementation hwloc
Activating thorn IOUtil...Success -> active implementation IO
Activating thorn Loop...Success -> active implementation Loop
Activating thorn MPI...Success -> active implementation MPI
Activating thorn NSIMD...Success -> active implementation NSIMD
Activating thorn ODESolvers...Success -> active implementation ODESolvers
Activating thorn openPMD...Success -> active implementation openPMD
Activating thorn Silo...Success -> active implementation Silo
Activating thorn WaveToyX...Success -> active implementation WaveToyX
Activating thorn yaml_cpp...Success -> active implementation yaml_cpp
Activating thorn zlib...Success -> active implementation zlib
INFO (hwloc): library version 2.10.0, API version 0x20800
--------------------------------------------------------------------------------

  [34m  тЦХтЦП  [34m  тЦХтЦП  [34m  тЦХтЦП  [34m  тЦХтЦП  [34m  тЦХтЦП  [34m  тЦХтЦП  [34m  тЦХтЦП  [34m  тЦХтЦП  [34m  тЦХтЦП  [39m  
  [34mтФАтФАтЦИтЦИтФАтФА[34mтФАтФАтЦИтЦИтФАтФА[34mтФАтФАтЦИтЦИтФАтФА[34mтФАтФАтЦИтЦИтФАтФА[34mтФАтФАтЦИтЦИтФАтФА[34mтФАтФАтЦИтЦИтФАтФА[34mтФАтФАтЦИтЦИтФАтФА[34mтФАтФАтЦИтЦИтФАтФА[34mтФАтФАтЦИтЦИтФАтФА[39m  
  [34m  тЦХтЦП  [34m  тЦХтЦП  [34m  тЦХтЦП  [34m  тЦХтЦП  [34m  тЦХтЦП  [34m  тЦХтЦП  [34m  тЦХтЦП  [34m  тЦХтЦП  [34m  тЦХтЦП  [39m  
  [34m  тЦХтЦП  [32mтЦИтЦИтЦИтЦИтЦИтЦИ[34m  тЦХтЦП  [34m  тЦХтЦП  [32mтЦИтЦИтЦИтЦИтЦИтЦИ[34m  тЦХтЦП  [34m  тЦХтЦП  [32mтЦИтЦИтЦИтЦИтЦИтЦИ[34m  тЦХтЦП  [39m  
  [34mтФАтФАтЦИтЦИтФАтФА[32mтЦИтЦИтЦИтЦИтЦИтЦИ[34mтФАтФАтЦИтЦИтФАтФА[34mтФАтФАтЦИтЦИтФАтФА[32mтЦИтЦИтЦИтЦИтЦИтЦИ[34mтФАтФАтЦИтЦИтФАтФА[34mтФАтФАтЦИтЦИтФАтФА[32mтЦИтЦИтЦИтЦИтЦИтЦИ[34mтФАтФАтЦИтЦИтФАтФА[39m  
  [34m  тЦХтЦП  [32mтЦИтЦИтЦИтЦИтЦИтЦИ[34m  тЦХтЦП  [34m  тЦХтЦП  [32mтЦИтЦИтЦИтЦИтЦИтЦИ[34m  тЦХтЦП  [34m  тЦХтЦП  [32mтЦИтЦИтЦИтЦИтЦИтЦИ[34m  тЦХтЦП  [39m  
  [34m  тЦХтЦП  [34m  тЦХтЦП  [34m  тЦХтЦП  [34m  тЦХтЦП  [34m  тЦХтЦП  [34m  тЦХтЦП  [34m  тЦХтЦП  [34m  тЦХтЦП  [34m  тЦХтЦП  [39m  
  [34mтФАтФАтЦИтЦИтФАтФА[34mтФАтФАтЦИтЦИтФАтФА[34mтФАтФАтЦИтЦИтФАтФА[34mтФАтФАтЦИтЦИтФАтФА[34mтФАтФАтЦИтЦИтФАтФА[34mтФАтФАтЦИтЦИтФАтФА[34mтФАтФАтЦИтЦИтФАтФА[34mтФАтФАтЦИтЦИтФАтФА[34mтФАтФАтЦИтЦИтФАтФА[39m  
  [34m  тЦХтЦП  [34m  тЦХтЦП  [34m  тЦХтЦП  [34m  тЦХтЦП  [34m  тЦХтЦП  [34m  тЦХтЦП  [34m  тЦХтЦП  [34m  тЦХтЦП  [34m  тЦХтЦП  [39m  
  [34m  тЦХтЦП  [34m  тЦХтЦП  [34m  тЦХтЦП  [31mтЦИтЦИтЦИтЦИтЦИтЦИ[31mтЦИтЦИтЦИтЦИтЦИтЦИ[31mтЦИтЦИтЦИтЦИтЦИтЦИ[34m  тЦХтЦП  [34m  тЦХтЦП  [34m  тЦХтЦП  [39m  
  [34mтФАтФАтЦИтЦИтФАтФА[34mтФАтФАтЦИтЦИтФАтФА[34mтФАтФАтЦИтЦИтФАтФА[31mтЦИтЦИтЦИтЦИтЦИтЦИ[31mтЦИтЦИтЦИтЦИтЦИтЦИ[31mтЦИтЦИтЦИтЦИтЦИтЦИ[34mтФАтФАтЦИтЦИтФАтФА[34mтФАтФАтЦИтЦИтФАтФА[34mтФАтФАтЦИтЦИтФАтФА[39m  
  [34m  тЦХтЦП  [34m  тЦХтЦП  [34m  тЦХтЦП  [31mтЦИтЦИтЦИтЦИтЦИтЦИ[31mтЦИтЦИтЦИтЦИтЦИтЦИ[31mтЦИтЦИтЦИтЦИтЦИтЦИ[34m  тЦХтЦП  [34m  тЦХтЦП  [34m  тЦХтЦП  [39m  
  [34m  тЦХтЦП  [32mтЦИтЦИтЦИтЦИтЦИтЦИ[34m  тЦХтЦП  [31mтЦИтЦИтЦИтЦИтЦИтЦИ[31mтЦИтЦИтЦИтЦИтЦИтЦИ[31mтЦИтЦИтЦИтЦИтЦИтЦИ[34m  тЦХтЦП  [32mтЦИтЦИтЦИтЦИтЦИтЦИ[34m  тЦХтЦП  [39m  
  [34mтФАтФАтЦИтЦИтФАтФА[32mтЦИтЦИтЦИтЦИтЦИтЦИ[34mтФАтФАтЦИтЦИтФАтФА[31mтЦИтЦИтЦИтЦИтЦИтЦИ[31mтЦИтЦИтЦИтЦИтЦИтЦИ[31mтЦИтЦИтЦИтЦИтЦИтЦИ[34mтФАтФАтЦИтЦИтФАтФА[32mтЦИтЦИтЦИтЦИтЦИтЦИ[34mтФАтФАтЦИтЦИтФАтФА[39m  
  [34m  тЦХтЦП  [32mтЦИтЦИтЦИтЦИтЦИтЦИ[34m  тЦХтЦП  [31mтЦИтЦИтЦИтЦИтЦИтЦИ[31mтЦИтЦИтЦИтЦИтЦИтЦИ[31mтЦИтЦИтЦИтЦИтЦИтЦИ[34m  тЦХтЦП  [32mтЦИтЦИтЦИтЦИтЦИтЦИ[34m  тЦХтЦП  [39m  
  [34m  тЦХтЦП  [34m  тЦХтЦП  [34m  тЦХтЦП  [31mтЦИтЦИтЦИтЦИтЦИтЦИ[31mтЦИтЦИтЦИтЦИтЦИтЦИ[31mтЦИтЦИтЦИтЦИтЦИтЦИ[34m  тЦХтЦП  [34m  тЦХтЦП  [34m  тЦХтЦП  [39m  
  [34mтФАтФАтЦИтЦИтФАтФА[34mтФАтФАтЦИтЦИтФАтФА[34mтФАтФАтЦИтЦИтФАтФА[31mтЦИтЦИтЦИтЦИтЦИтЦИ[31mтЦИтЦИтЦИтЦИтЦИтЦИ[31mтЦИтЦИтЦИтЦИтЦИтЦИ[34mтФАтФАтЦИтЦИтФАтФА[34mтФАтФАтЦИтЦИтФАтФА[34mтФАтФАтЦИтЦИтФАтФА[39m  
  [34m  тЦХтЦП  [34m  тЦХтЦП  [34m  тЦХтЦП  [31mтЦИтЦИтЦИтЦИтЦИтЦИ[31mтЦИтЦИтЦИтЦИтЦИтЦИ[31mтЦИтЦИтЦИтЦИтЦИтЦИ[34m  тЦХтЦП  [34m  тЦХтЦП  [34m  тЦХтЦП  [39m  
  [34m  тЦХтЦП  [34m  тЦХтЦП  [34m  тЦХтЦП  [34m  тЦХтЦП  [34m  тЦХтЦП  [34m  тЦХтЦП  [34m  тЦХтЦП  [34m  тЦХтЦП  [34m  тЦХтЦП  [39m  
  [34mтФАтФАтЦИтЦИтФАтФА[34mтФАтФАтЦИтЦИтФАтФА[34mтФАтФАтЦИтЦИтФАтФА[34mтФАтФАтЦИтЦИтФАтФА[34mтФАтФАтЦИтЦИтФАтФА[34mтФАтФАтЦИтЦИтФАтФА[34mтФАтФАтЦИтЦИтФАтФА[34mтФАтФАтЦИтЦИтФАтФА[34mтФАтФАтЦИтЦИтФАтФА[39m  
  [34m  тЦХтЦП  [34m  тЦХтЦП  [34m  тЦХтЦП  [34m  тЦХтЦП  [34m  тЦХтЦП  [34m  тЦХтЦП  [34m  тЦХтЦП  [34m  тЦХтЦП  [34m  тЦХтЦП  [39m  
  [34m  тЦХтЦП  [32mтЦИтЦИтЦИтЦИтЦИтЦИ[34m  тЦХтЦП  [34m  тЦХтЦП  [32mтЦИтЦИтЦИтЦИтЦИтЦИ[34m  тЦХтЦП  [34m  тЦХтЦП  [32mтЦИтЦИтЦИтЦИтЦИтЦИ[34m  тЦХтЦП  [39m  
  [34mтФАтФАтЦИтЦИтФАтФА[32mтЦИтЦИтЦИтЦИтЦИтЦИ[34mтФАтФАтЦИтЦИтФАтФА[34mтФАтФАтЦИтЦИтФАтФА[32mтЦИтЦИтЦИтЦИтЦИтЦИ[34mтФАтФАтЦИтЦИтФАтФА[34mтФАтФАтЦИтЦИтФАтФА[32mтЦИтЦИтЦИтЦИтЦИтЦИ[34mтФАтФАтЦИтЦИтФАтФА[39m  
  [34m  тЦХтЦП  [32mтЦИтЦИтЦИтЦИтЦИтЦИ[34m  тЦХтЦП  [34m  тЦХтЦП  [32mтЦИтЦИтЦИтЦИтЦИтЦИ[34m  тЦХтЦП  [34m  тЦХтЦП  [32mтЦИтЦИтЦИтЦИтЦИтЦИ[34m  тЦХтЦП  [39m  
  [34m  тЦХтЦП  [34m  тЦХтЦП  [34m  тЦХтЦП  [34m  тЦХтЦП  [34m  тЦХтЦП  [34m  тЦХтЦП  [34m  тЦХтЦП  [34m  тЦХтЦП  [34m  тЦХтЦП  [39m  
  [34mтФАтФАтЦИтЦИтФАтФА[34mтФАтФАтЦИтЦИтФАтФА[34mтФАтФАтЦИтЦИтФАтФА[34mтФАтФАтЦИтЦИтФАтФА[34mтФАтФАтЦИтЦИтФАтФА[34mтФАтФАтЦИтЦИтФАтФА[34mтФАтФАтЦИтЦИтФАтФА[34mтФАтФАтЦИтЦИтФАтФА[34mтФАтФАтЦИтЦИтФАтФА[39m  
  [34m  тЦХтЦП  [34m  тЦХтЦП  [34m  тЦХтЦП  [34m  тЦХтЦП  [34m  тЦХтЦП  [34m  тЦХтЦП  [34m  тЦХтЦП  [34m  тЦХтЦП  [34m  тЦХтЦП  [39m  

AMR driver provided by CarpetX,
using AMReX 25.11 (MPI, OpenMP, no accelerators, debug)
--------------------------------------------------------------------------------

Initializing AMReX (25.11)...
MPI initialized with 1 MPI processes
MPI initialized with thread support level 2
OMP initialized with 2 OMP threads
AMReX (25.11) initialized
INFO (CarpetX): 
Symmetries:
  lower x: periodic
  lower y: periodic
  lower z: periodic
  upper x: periodic
  upper y: periodic
  upper z: periodic
Default boundaries:
  lower x: symmetry_boundary
  lower y: symmetry_boundary
  lower z: symmetry_boundary
  upper x: symmetry_boundary
  upper y: symmetry_boundary
  upper z: symmetry_boundary
INFO (Arith): Test_smallvector
INFO (Arith): Test_spvect
INFO (CarpetX): Setting initial values for max_grid_size values for all levels
INFO (CarpetX): Setting up initial conditions...
INFO (CarpetX): Iteration: 0   time: 0   delta_time: 0.125
INFO (CarpetX): Patch 0:
INFO (CarpetX):   Grid extent:
INFO (CarpetX):     gsh=[11,11,11]
INFO (CarpetX):     blocking_factor=[8,8,8]
INFO (CarpetX):     max_grid_size=[32,32,32]
INFO (CarpetX):     max_tile_size=[1024000,16,32]
INFO (CarpetX):   Domain extent:
INFO (CarpetX):     xmin=[-1,-1,-1]
INFO (CarpetX):     xmax=[1,1,1]
INFO (CarpetX):     base dx=[0.25,0.25,0.25]
INFO (CarpetX): Initializing level 0...
INFO (CarpetX): Regridding...
INFO (CarpetX):   level 0: 1 boxes, 512 cells (100%)
INFO (CarpetX): Initialized 1 levels
INFO (CarpetX): OutputGH: iteration 0, time 0.000000, run time 1 s
INFO (CarpetX): OutputGH done.
INFO (CarpetX): Starting evolution...
INFO (ODESolvers): ODE integrator is RK3
INFO (CarpetX): OutputGH: iteration 1, time 0.125000, run time 1 s
INFO (CarpetX): OutputGH done.
INFO (CarpetX): Simulation time: 0.125   Iterations per second: 439.332   Simulation time per second: 54.9165
INFO (CarpetX): Grid cells: 512   Grid cell updates per second: 224938
INFO (CarpetX): Performance:
INFO (CarpetX):   total evolution time:            0.00227618 sec
INFO (CarpetX):   total evolution compute time:    0.00227118 sec
INFO (CarpetX):   total evolution output time:     5.00679e-06 sec
INFO (CarpetX):   total iterations:                1
INFO (CarpetX):   total cells updated:             512
INFO (CarpetX):   average iterations per second: 439.332
INFO (CarpetX):   average cell updates per second: 224938
INFO (CarpetX): OutputGH: iteration 2, time 0.250000, run time 1 s
INFO (CarpetX): OutputGH done.
INFO (CarpetX): Simulation time: 0.25   Iterations per second: 554.289   Simulation time per second: 69.2861
INFO (CarpetX): Grid cells: 512   Grid cell updates per second: 283796
INFO (CarpetX): Performance:
INFO (CarpetX):   total evolution time:            0.00360823 sec
INFO (CarpetX):   total evolution compute time:    0.00359917 sec
INFO (CarpetX):   total evolution output time:     9.05991e-06 sec
INFO (CarpetX):   total iterations:                2
INFO (CarpetX):   total cells updated:             1024
INFO (CarpetX):   average iterations per second: 554.289
INFO (CarpetX):   average cell updates per second: 283796
INFO (CarpetX): OutputGH: iteration 3, time 0.375000, run time 1 s
INFO (CarpetX): OutputGH done.
INFO (CarpetX): Simulation time: 0.375   Iterations per second: 610.347   Simulation time per second: 76.2934
INFO (CarpetX): Grid cells: 512   Grid cell updates per second: 312498
INFO (CarpetX): Performance:
INFO (CarpetX):   total evolution time:            0.00491524 sec
INFO (CarpetX):   total evolution compute time:    0.00490212 sec
INFO (CarpetX):   total evolution output time:     1.3113e-05 sec
INFO (CarpetX):   total iterations:                3
INFO (CarpetX):   total cells updated:             1536
INFO (CarpetX):   average iterations per second: 610.347
INFO (CarpetX):   average cell updates per second: 312498
INFO (CarpetX): OutputGH: iteration 4, time 0.500000, run time 1 s
INFO (CarpetX): OutputGH done.
INFO (CarpetX): Simulation time: 0.5   Iterations per second: 644.113   Simulation time per second: 80.5141
INFO (CarpetX): Grid cells: 512   Grid cell updates per second: 329786
INFO (CarpetX): Performance:
INFO (CarpetX):   total evolution time:            0.00621009 sec
INFO (CarpetX):   total evolution compute time:    0.00619411 sec
INFO (CarpetX):   total evolution output time:     1.5974e-05 sec
INFO (CarpetX):   total iterations:                4
INFO (CarpetX):   total cells updated:             2048
INFO (CarpetX):   average iterations per second: 644.113
INFO (CarpetX):   average cell updates per second: 329786
INFO (CarpetX): OutputGH: iteration 5, time 0.625000, run time 1 s
INFO (CarpetX): OutputGH done.
INFO (CarpetX): Simulation time: 0.625   Iterations per second: 662.607   Simulation time per second: 82.8259
INFO (CarpetX): Grid cells: 512   Grid cell updates per second: 339255
INFO (CarpetX): Performance:
INFO (CarpetX):   total evolution time:            0.00754595 sec
INFO (CarpetX):   total evolution compute time:    0.00752592 sec
INFO (CarpetX):   total evolution output time:     2.00272e-05 sec
INFO (CarpetX):   total iterations:                5
INFO (CarpetX):   total cells updated:             2560
INFO (CarpetX):   average iterations per second: 662.607
INFO (CarpetX):   average cell updates per second: 339255
INFO (CarpetX): OutputGH: iteration 6, time 0.750000, run time 1 s
INFO (CarpetX): OutputGH done.
INFO (CarpetX): Simulation time: 0.75   Iterations per second: 677.575   Simulation time per second: 84.6969
INFO (CarpetX): Grid cells: 512   Grid cell updates per second: 346919
INFO (CarpetX): Performance:
INFO (CarpetX):   total evolution time:            0.0088551 sec
INFO (CarpetX):   total evolution compute time:    0.00883198 sec
INFO (CarpetX):   total evolution output time:     2.31266e-05 sec
INFO (CarpetX):   total iterations:                6
INFO (CarpetX):   total cells updated:             3072
INFO (CarpetX):   average iterations per second: 677.575
INFO (CarpetX):   average cell updates per second: 346919
INFO (CarpetX): OutputGH: iteration 7, time 0.875000, run time 1 s
INFO (CarpetX): OutputGH done.
INFO (CarpetX): Simulation time: 0.875   Iterations per second: 689.448   Simulation time per second: 86.181
INFO (CarpetX): Grid cells: 512   Grid cell updates per second: 352997
INFO (CarpetX): Performance:
INFO (CarpetX):   total evolution time:            0.0101531 sec
INFO (CarpetX):   total evolution compute time:    0.0101268 sec
INFO (CarpetX):   total evolution output time:     2.6226e-05 sec
INFO (CarpetX):   total iterations:                7
INFO (CarpetX):   total cells updated:             3584
INFO (CarpetX):   average iterations per second: 689.448
INFO (CarpetX):   average cell updates per second: 352997
INFO (CarpetX): OutputGH: iteration 8, time 1.000000, run time 1 s
INFO (CarpetX): OutputGH done.
INFO (CarpetX): Simulation time: 1   Iterations per second: 697.525   Simulation time per second: 87.1906
INFO (CarpetX): Grid cells: 512   Grid cell updates per second: 357133
INFO (CarpetX): Performance:
INFO (CarpetX):   total evolution time:            0.0114691 sec
INFO (CarpetX):   total evolution compute time:    0.0114388 sec
INFO (CarpetX):   total evolution output time:     3.02792e-05 sec
INFO (CarpetX):   total iterations:                8
INFO (CarpetX):   total cells updated:             4096
INFO (CarpetX):   average iterations per second: 697.525
INFO (CarpetX):   average cell updates per second: 357133
INFO (CarpetX): OutputGH: iteration 9, time 1.125000, run time 1 s
INFO (CarpetX): OutputGH done.
INFO (CarpetX): Simulation time: 1.125   Iterations per second: 704.714   Simulation time per second: 88.0893
INFO (CarpetX): Grid cells: 512   Grid cell updates per second: 360814
INFO (CarpetX): Performance:
INFO (CarpetX):   total evolution time:            0.0127711 sec
INFO (CarpetX):   total evolution compute time:    0.0127368 sec
INFO (CarpetX):   total evolution output time:     3.43323e-05 sec
INFO (CarpetX):   total iterations:                9
INFO (CarpetX):   total cells updated:             4608
INFO (CarpetX):   average iterations per second: 704.714
INFO (CarpetX):   average cell updates per second: 360814
INFO (CarpetX): OutputGH: iteration 10, time 1.250000, run time 1 s
INFO (CarpetX): OutputGH done.
INFO (CarpetX): Simulation time: 1.25   Iterations per second: 664.665   Simulation time per second: 83.0832
INFO (CarpetX): Grid cells: 512   Grid cell updates per second: 340309
INFO (CarpetX): Performance:
INFO (CarpetX):   total evolution time:            0.0150452 sec
INFO (CarpetX):   total evolution compute time:    0.0140247 sec
INFO (CarpetX):   total evolution output time:     0.00102043 sec
INFO (CarpetX):   total iterations:                10
INFO (CarpetX):   total cells updated:             5120
INFO (CarpetX):   average iterations per second: 664.665
INFO (CarpetX):   average cell updates per second: 340309
INFO (CarpetX): Shutting down...
AMReX (25.11) finalized
--------------------------------------------------------------------------------
Done.
+ echo Stopping:
Stopping:
+ date
Fri Apr 10 22:46:31 UTC 2026
+ echo Done.
Done.
  Elapsed time: 0.8 s
