/home/runner/simulations/TestJob01_temp_1/output-0000/TEST/sim/MemSpeed
Preparing:
+ set -e
+ cd output-0000-active
+ echo Checking:
Checking:
+ pwd
/home/runner/simulations/TestJob01_temp_1/output-0000/TEST/sim/MemSpeed/output-0000-active
+ hostname
fv-az1245-80
+ date
Mon Feb 24 18:31:36 UTC 2025
+ echo Environment:
Environment:
+ export CACTUS_NUM_PROCS=1
+ CACTUS_NUM_PROCS=1
+ export CACTUS_NUM_THREADS=2
+ CACTUS_NUM_THREADS=2
+ export GMON_OUT_PREFIX=gmon.out
+ GMON_OUT_PREFIX=gmon.out
+ export OMP_NUM_THREADS=2
+ OMP_NUM_THREADS=2
+ env
+ sort
+ echo Starting:
Starting:
++ date +%s
+ export CACTUS_STARTTIME=1740421896
+ CACTUS_STARTTIME=1740421896
+ '[' 1 = 1 ']'
+ '[' 0 -eq 0 ']'
+ /home/runner/simulations/TestJob01_temp_1/SIMFACTORY/exe/cactus_sim -L 3 /home/runner/simulations/TestJob01_temp_1/output-0000/arrangements/CactusUtils/MemSpeed/test/memspeed.par
INFO (Cactus): Increased logging level from 0 to 3
--------------------------------------------------------------------------------

       10                                  
  1   0101       ************************  
  01  1010 10      The Cactus Code V4.17.0    
 1010 1101 011      www.cactuscode.org     
  1001 100101    ************************  
    00010101                               
     100011     (c) Copyright The Authors  
      0100      GNU Licensed. No Warranty  
      0101                                 
--------------------------------------------------------------------------------

Cactus version:    4.17.0
Compile date:      Feb 24 2025 (18:24:59)
Run date:          Feb 24 2025 (18:31:37+0000)
Run host:          fv-az1245-80.44uquw3knzoenloncamig1c14h.dx.internal.cloudapp.net (pid=130341)
Working directory: /home/runner/simulations/TestJob01_temp_1/output-0000/TEST/sim/MemSpeed
Executable:        /home/runner/simulations/TestJob01_temp_1/SIMFACTORY/exe/cactus_sim
Parameter file:    /home/runner/simulations/TestJob01_temp_1/output-0000/arrangements/CactusUtils/MemSpeed/test/memspeed.par
--------------------------------------------------------------------------------

Activating thorn Cactus...Success -> active implementation Cactus
Activation requested for 
--->hwloc MemSpeed SystemTopology CartGrid3D CoordBase IOASCII IOUtil PUGH PUGHSlab<---
Thorn hwloc requests automatic activation of zlib
Thorn MemSpeed requests automatic activation of Vectors
Thorn MemSpeed requests automatic activation of MPI
Activating thorn CartGrid3D...Success -> active implementation grid
Activating thorn CoordBase...Success -> active implementation CoordBase
Activating thorn hwloc...Success -> active implementation hwloc
Activating thorn IOASCII...Success -> active implementation IOASCII
Activating thorn IOUtil...Success -> active implementation IO
Activating thorn MemSpeed...Success -> active implementation MemSpeed
Activating thorn MPI...Success -> active implementation MPI
Activating thorn PUGH...Success -> active implementation Driver
Activating thorn PUGHSlab...Success -> active implementation Hyperslab
Activating thorn SystemTopology...Success -> active implementation SystemTopology
Activating thorn Vectors...Success -> active implementation Vectors
Activating thorn zlib...Success -> active implementation zlib
--------------------------------------------------------------------------------
  if (recover initial data)
    Recover parameters
  endif

  Startup routines
    [CCTK_STARTUP]
      CartGrid3D::SymmetryStartup: Register GH Extension for GridSymmetry
      CoordBase::CoordBase_Startup: Register a GH extension to store the coordinate system handles
      GROUP hwloc_startup: hwloc startup group
        hwloc::hwloc_version: Output hwloc version
      SystemTopology::ST_system_topology: Output and/or modify system topology and hardware locality
      PUGH::Driver_Startup: Startup routine
      PUGH::PUGH_RegisterPUGHP2LRoutines: Register Physical to Logical process mapping routines
      PUGH::PUGH_RegisterPUGHTopologyRoutines: Register topology generation routines routines
      IOUtil::IOUtil_Startup: Startup routine
      Vectors::Vectors_Startup: Print startup message
      IOASCII::IOASCII_Startup: Startup routine

  Startup routines which need an existing grid hierarchy
    [CCTK_WRAGH]
      CartGrid3D::RegisterCartGrid3DCoords: [meta] Register coordinates for the Cartesian grid
      MemSpeed::MemSpeed_MeasureSpeed: [meta] Measure CPU, memory, cache speeds
  Parameter checking routines
    [CCTK_PARAMCHECK]
      CartGrid3D::ParamCheck_CartGrid3D: Check coordinates for CartGrid3D
      Vectors::Vectors_Test: Run correctness tests.

  Initialisation
    if (NOT (recover initial data AND recovery_mode is 'strict'))
      [CCTK_PREREGRIDINITIAL]
      Set up grid hierarchy
      [CCTK_POSTREGRIDINITIAL]
        CartGrid3D::SpatialCoordinates: Set Coordinates after regridding
      [CCTK_BASEGRID]
        CartGrid3D::SpatialSpacings: Set up ranges for spatial 3D Cartesian coordinates (on all grids)
        CartGrid3D::SpatialCoordinates: Set up spatial 3D Cartesian coordinates on the GH
        IOASCII::IOASCII_Choose1D: Choose 1D output lines
        IOASCII::IOASCII_Choose2D: Choose 2D output planes
        PUGH::PUGH_Report: Report on PUGH set up
      [CCTK_INITIAL]
      [CCTK_POSTINITIAL]
      Initialise finer grids recursively
      Restrict from finer grids
      [CCTK_POSTRESTRICTINITIAL]
      [CCTK_POSTPOSTINITIAL]
      [CCTK_POSTSTEP]
    endif
    if (recover initial data)
      [CCTK_BASEGRID]
        CartGrid3D::SpatialSpacings: Set up ranges for spatial 3D Cartesian coordinates (on all grids)
        CartGrid3D::SpatialCoordinates: Set up spatial 3D Cartesian coordinates on the GH
        IOASCII::IOASCII_Choose1D: Choose 1D output lines
        IOASCII::IOASCII_Choose2D: Choose 2D output planes
        PUGH::PUGH_Report: Report on PUGH set up
      [CCTK_RECOVER_VARIABLES]
      [CCTK_POST_RECOVER_VARIABLES]
    endif
    if (checkpoint initial data)
      [CCTK_CPINITIAL]
    endif
    if (analysis)
      [CCTK_ANALYSIS]
  endif
  Output grid variables

  do loop over timesteps
    [CCTK_PREREGRID]
    Change grid hierarchy
    [CCTK_POSTREGRID]
      CartGrid3D::SpatialCoordinates: Set Coordinates after regridding
    Rotate timelevels
    iteration = iteration+1
    t = t+dt
    [CCTK_PRESTEP]
    [CCTK_EVOL]
    Evolve finer grids recursively
    Restrict from finer grids
    [CCTK_POSTRESTRICT]
    [CCTK_POSTSTEP]
    if (checkpoint)
      [CCTK_CHECKPOINT]
    endif
    if (analysis)
      [CCTK_ANALYSIS]
    endif
    Output grid variables
    enddo

  Termination routines
    [CCTK_TERMINATE]
      PUGH::Driver_Terminate: Termination routine

  Shutdown routines
    [CCTK_SHUTDOWN]

  Routines run after changing the grid hierarchy:
    [CCTK_POSTREGRID]
      CartGrid3D::SpatialCoordinates: Set Coordinates after regridding
--------------------------------------------------------------------------------
INFO (hwloc): library version 2.7.0, API version 0x20500
INFO (SystemTopology): MPI process-to-host mapping:
This is MPI process 0 of 1
MPI hosts:
  0: fv-az1245-80
This MPI process runs on host 0 of 1
On this host, this is MPI process 0 of 1
INFO (SystemTopology): Topology support:
Discovery support:
  discovery->pu                            : yes
CPU binding support:
  cpubind->set_thisproc_cpubind            : yes
  cpubind->get_thisproc_cpubind            : yes
  cpubind->set_proc_cpubind                : yes
  cpubind->get_proc_cpubind                : yes
  cpubind->set_thisthread_cpubind          : yes
  cpubind->get_thisthread_cpubind          : yes
  cpubind->set_thread_cpubind              : yes
  cpubind->get_thread_cpubind              : yes
  cpubind->get_thisproc_last_cpu_location  : yes
  cpubind->get_proc_last_cpu_location      : yes
  cpubind->get_thisthread_last_cpu_location: yes
Memory binding support:
  membind->set_thisproc_membind            : no
  membind->get_thisproc_membind            : no
  membind->set_proc_membind                : no
  membind->get_proc_membind                : no
  membind->set_thisthread_membind          : yes
  membind->get_thisthread_membind          : yes
  membind->set_area_membind                : yes
  membind->get_area_membind                : yes
  membind->alloc_membind                   : yes
  membind->firsttouch_membind              : yes
  membind->bind_membind                    : yes
  membind->interleave_membind              : yes
  membind->nexttouch_membind               : no
  membind->migrate_membind                 : yes
INFO (SystemTopology): Hardware objects in this node:
Machine L#0: (P#0, total=16364588KB, DMIProductName="Virtual Machine", DMIProductVersion=7.0, DMIProductUUID=ac7c87f5-2bde-cb4e-b966-6bcadb27762e, DMIBoardVendor="Microsoft Corporation", DMIBoardName="Virtual Machine", DMIBoardVersion=7.0, DMIChassisVendor="Microsoft Corporation", DMIChassisType=3, DMIChassisVersion=7.0, DMIChassisAssetTag=7783-7084-3265-9085-8269-3286-77, DMIBIOSVendor="American Megatrends Inc.", DMIBIOSVersion="090008 ", DMIBIOSDate=12/07/2018, DMISysVendor="Microsoft Corporation", Backend=Linux, LinuxCgroup=/system.slice/runner-provisioner.service, OSName=Linux, OSRelease=6.5.0-1025-azure, OSVersion="#26~22.04.1-Ubuntu SMP Thu Jul 11 22:33:04 UTC 2024", HostName=fv-az1245-80, Architecture=x86_64, hwlocVersion=2.7.0, ProcessName=cactus_sim)
  Package L#0: (P#0, total=16364588KB, CPUVendor=AuthenticAMD, CPUFamilyNumber=25, CPUModelNumber=1, CPUModel="AMD EPYC 7763 64-Core Processor                ", CPUStepping=1)
    L3Cache L#0: (P#0, size=32768KB, linesize=64, ways=16, Inclusive=0)
      L2Cache L#0: (P#0, size=512KB, linesize=64, ways=8, Inclusive=1)
        L1dCache L#0: (P#0, size=32KB, linesize=64, ways=8, Inclusive=0)
          Core L#0: (P#0)
            PU L#0: (P#0)
            PU L#1: (P#1)
      L2Cache L#1: (P#1, size=512KB, linesize=64, ways=8, Inclusive=1)
        L1dCache L#1: (P#1, size=32KB, linesize=64, ways=8, Inclusive=0)
          Core L#1: (P#1)
            PU L#2: (P#2)
            PU L#3: (P#3)
INFO (SystemTopology): Thread CPU bindings:
  MPI process 0 on host 0 (process 0 of 1 on this host)
    OpenMP thread 0: PU set L#{0-3} P#{0-3}
    OpenMP thread 1: PU set L#{0-3} P#{0-3}
INFO (SystemTopology): Setting thread CPU bindings:
INFO (SystemTopology): Thread CPU bindings:
  MPI process 0 on host 0 (process 0 of 1 on this host)
    OpenMP thread 0: PU set L#{0} P#{0}
    OpenMP thread 1: PU set L#{2} P#{2}
INFO (SystemTopology): Extracting CPU/cache/memory properties:
  There are 2 PUs per core (aka hardware SMT threads)
  There are 1 threads per core (aka SMT threads used)
  Cache (unknown name) has type "data" depth 1
    size 32768 linesize 64 associativity 8 stride 4096, for 2 PUs
  Cache (unknown name) has type "unified" depth 2
    size 524288 linesize 64 associativity 8 stride 65536, for 2 PUs
  Cache (unknown name) has type "unified" depth 3
    size 33554432 linesize 64 associativity 16 stride 2097152, for 4 PUs
INFO (PUGH): Using physical to logical mappings: direct
INFO (PUGH): Using topology generator: automatic
INFO (Vectors): Using vector size 2 for architecture SSE2 (64-bit precision)
--------------------------------------------------------------------------------
Driver provided by PUGH
--------------------------------------------------------------------------------

INFO (PUGH): Not setting up a topology for 1 dimensions
INFO (PUGH): Not setting up a topology for 2 dimensions
INFO (PUGH): Setting up a topology for 3 dimensions
INFO (IOASCII): I/O Method 'IOASCII_1D' registered: output of 1D lines of grid functions/arrays to ASCII files
INFO (IOASCII): Periodic 1D output every 1 iterations
INFO (IOASCII): Periodic 1D output requested for 'GRID::r'
INFO (IOASCII): I/O Method 'IOASCII_2D' registered: output of 2D planes of grid functions/arrays to ASCII files
INFO (IOASCII): Periodic 2D output turned off
INFO (IOASCII): I/O Method 'IOASCII_3D' registered: output of 3D grid functions/arrays to ASCII files
INFO (IOASCII): Periodic 3D output turned off
INFO (MemSpeed): Measuring CPU, cache, memory, and communication speeds:
  Single-core measurements (using 1 MPI processes with 1 OpenMP threads each):
    CPU frequency:
      iterations=1000000... time=0.00123618 sec
      iterations=10000000... time=0.0125047 sec
      iterations=100000000... time=0.123878 sec
      iterations=900000000... time=1.10666 sec
      iterations=900000000... time=0.828581 sec
      result: 6.47309 GHz
    CPU floating point performance:
      iterations=1000000... time=0.0020268 sec
      iterations=10000000... time=0.0199122 sec
      iterations=100000000... time=0.197082 sec
      iterations=600000000... time=1.15949 sec
      result: 16.559 Gflop/sec
    CPU integer performance:
      iterations=1000000... time=0.00187166 sec
      iterations=10000000... time=0.018424 sec
      iterations=100000000... time=0.180625 sec
      iterations=600000000... time=1.09113 sec
      result: 8.79823 Giop/sec
    Read latency of D1 cache (for 2 PUs) (using 1*24576 bytes):
      iterations=1000... time=0.000124832 sec
      iterations=10000... time=0.00123525 sec
      iterations=100000... time=0.0123619 sec
      iterations=1000000... time=0.123781 sec
      iterations=9000000... time=1.10868 sec
      result: 1.23187 nsec
    Read latency of L2 cache (for 2 PUs) (using 1*393216 bytes):
      iterations=1000... time=0.000551086 sec
      iterations=10000... time=0.00534411 sec
      iterations=100000... time=0.0537082 sec
      iterations=1000000... time=0.54771 sec
      iterations=2000000... time=1.09378 sec
      result: 5.46888 nsec
    Read latency of L3 cache (for 4 PUs) (using 1*25165824 bytes):
      [skipped -- avoiding large-memory benchmarks]
    Read bandwidth of D1 cache (for 2 PUs) (using 1*24576 bytes):
      iterations=1... time=5.21e-07 sec
      iterations=10... time=3.066e-06 sec
      iterations=100... time=3.0708e-05 sec
      iterations=1000... time=0.000248652 sec
      iterations=10000... time=0.00243079 sec
      iterations=100000... time=0.0242467 sec
      iterations=1000000... time=0.244294 sec
      iterations=5000000... time=1.20207 sec
      result: 102.224 GByte/sec
    Read bandwidth of L2 cache (for 2 PUs) (using 1*393216 bytes):
      iterations=1... time=7.874e-06 sec
      iterations=10... time=5.0404e-05 sec
      iterations=100... time=0.000470116 sec
      iterations=1000... time=0.0046766 sec
      iterations=10000... time=0.0465837 sec
      iterations=100000... time=0.457609 sec
      iterations=200000... time=0.92714 sec
      iterations=400000... time=1.83093 sec
      result: 85.9053 GByte/sec
    Read bandwidth of L3 cache (for 4 PUs) (using 1*25165824 bytes):
      [skipped -- avoiding large-memory benchmarks]
    Write latency of D1 cache (for 2 PUs) (using 1*24576 bytes):
      iterations=1000... time=3.126e-06 sec
      iterations=10000... time=3.0918e-05 sec
      iterations=100000... time=0.000252801 sec
      iterations=1000000... time=0.00248146 sec
      iterations=10000000... time=0.0247365 sec
      iterations=100000000... time=0.244192 sec
      iterations=500000000... time=1.21738 sec
      result: 0.304346 nsec
    Write latency of L2 cache (for 2 PUs) (using 1*393216 bytes):
      iterations=1000... time=1.0389e-05 sec
      iterations=10000... time=9.4566e-05 sec
      iterations=100000... time=0.000953997 sec
      iterations=1000000... time=0.00954183 sec
      iterations=10000000... time=0.0979499 sec
      iterations=100000000... time=0.970524 sec
      iterations=200000000... time=1.93562 sec
      result: 1.20976 nsec
    Write latency of L3 cache (for 4 PUs) (using 1*25165824 bytes):
      [skipped -- avoiding large-memory benchmarks]
    Write bandwidth of D1 cache (for 2 PUs) (using 1*24576 bytes):
      iterations=1... time=4.51e-07 sec
      iterations=10... time=3.817e-06 sec
      iterations=100... time=3.7159e-05 sec
      iterations=1000... time=0.00028429 sec
      iterations=10000... time=0.00277711 sec
      iterations=100000... time=0.0276654 sec
      iterations=1000000... time=0.269997 sec
      iterations=4000000... time=1.08134 sec
      result: 90.9098 GByte/sec
    Write bandwidth of L2 cache (for 2 PUs) (using 1*393216 bytes):
      iterations=1... time=7.724e-06 sec
      iterations=10... time=5.9801e-05 sec
      iterations=100... time=0.000449948 sec
      iterations=1000... time=0.00430817 sec
      iterations=10000... time=0.0428346 sec
      iterations=100000... time=0.432589 sec
      iterations=300000... time=1.26593 sec
      result: 93.1843 GByte/sec
    Write bandwidth of L3 cache (for 4 PUs) (using 1*25165824 bytes):
      [skipped -- avoiding large-memory benchmarks]
    Stencil code performance of D1 cache (for 2 PUs) (using 1*12^3 grid points, 1*27648 bytes):
      iterations=1... time=2.0538e-05 sec
      iterations=10... time=0.000313925 sec
      iterations=100... time=0.0030925 sec
      iterations=1000... time=0.0304489 sec
      iterations=10000... time=0.306269 sec
      iterations=40000... time=1.22696 sec
      result: 0.0563344 Gupdates/sec
    Stencil code performance of L2 cache (for 2 PUs) (using 1*29^3 grid points, 1*390224 bytes):
      iterations=1... time=0.000148626 sec
      iterations=10... time=0.00149052 sec
      iterations=100... time=0.0149826 sec
      iterations=1000... time=0.151125 sec
      iterations=7000... time=1.06222 sec
      result: 0.160722 Gupdates/sec
    Stencil code performance of L3 cache (for 4 PUs) (using 1*116^3 grid points, 1*24974336 bytes):
      iterations=1... time=0.00385338 sec
      iterations=10... time=0.0368586 sec
      iterations=100... time=0.373701 sec
      iterations=300... time=1.09545 sec
      result: 0.427466 Gupdates/sec
  Single-node measurements (using 1 MPI processes with 2 OpenMP threads each):
    CPU frequency:
      iterations=1000000... time=0.00131434 sec
      iterations=10000000... time=0.0123947 sec
      iterations=100000000... time=0.123722 sec
      iterations=900000000... time=1.10898 sec
      iterations=900000000... time=0.835201 sec
      result: 6.57458 GHz
    CPU floating point performance:
      iterations=1000000... time=0.00181639 sec
      iterations=10000000... time=0.0192407 sec
      iterations=100000000... time=0.191973 sec
      iterations=600000000... time=1.17259 sec
      result: 16.374 Gflop/sec
    CPU integer performance:
      iterations=1000000... time=0.00186608 sec
      iterations=10000000... time=0.0181384 sec
      iterations=100000000... time=0.18457 sec
      iterations=600000000... time=1.0851 sec
      result: 8.8471 Giop/sec
    Read latency of D1 cache (for 2 PUs) (using 2*24576 bytes):
      iterations=1000... time=0.000124337 sec
      iterations=10000... time=0.00124275 sec
      iterations=100000... time=0.0123772 sec
      iterations=1000000... time=0.122723 sec
      iterations=9000000... time=1.10601 sec
      result: 1.2289 nsec
    Read latency of L2 cache (for 2 PUs) (using 2*393216 bytes):
      iterations=1000... time=0.000421315 sec
      iterations=10000... time=0.00394075 sec
      iterations=100000... time=0.0394202 sec
      iterations=1000000... time=0.3832 sec
      iterations=3000000... time=1.17062 sec
      result: 3.90208 nsec
    Read latency of L3 cache (for 4 PUs) (using 1*25165824 bytes):
      [skipped -- avoiding large-memory benchmarks]
    Read bandwidth of D1 cache (for 2 PUs) (using 2*24576 bytes):
      iterations=1... time=4.015e-07 sec
      iterations=10... time=2.9505e-06 sec
      iterations=100... time=2.93545e-05 sec
      iterations=1000... time=0.000296522 sec
      iterations=10000... time=0.00248247 sec
      iterations=100000... time=0.0243953 sec
      iterations=1000000... time=0.238271 sec
      iterations=5000000... time=1.19709 sec
      result: 102.649 GByte/sec
    Read bandwidth of L2 cache (for 2 PUs) (using 2*393216 bytes):
      iterations=1... time=8.0705e-06 sec
      iterations=10... time=5.28535e-05 sec
      iterations=100... time=0.000485283 sec
      iterations=1000... time=0.00483522 sec
      iterations=10000... time=0.0481177 sec
      iterations=100000... time=0.474455 sec
      iterations=200000... time=0.938995 sec
      iterations=400000... time=1.90658 sec
      result: 82.4965 GByte/sec
    Read bandwidth of L3 cache (for 4 PUs) (using 1*25165824 bytes):
      [skipped -- avoiding large-memory benchmarks]
    Write latency of D1 cache (for 2 PUs) (using 2*24576 bytes):
      iterations=1000... time=3.251e-06 sec
      iterations=10000... time=3.1368e-05 sec
      iterations=100000... time=0.000280938 sec
      iterations=1000000... time=0.00250981 sec
      iterations=10000000... time=0.0246032 sec
      iterations=100000000... time=0.241118 sec
      iterations=500000000... time=1.21466 sec
      result: 0.303665 nsec
    Write latency of L2 cache (for 2 PUs) (using 2*393216 bytes):
      iterations=1000... time=1.02645e-05 sec
      iterations=10000... time=9.5903e-05 sec
      iterations=100000... time=0.000922648 sec
      iterations=1000000... time=0.00866647 sec
      iterations=10000000... time=0.0895873 sec
      iterations=100000000... time=0.904193 sec
      iterations=200000000... time=1.84502 sec
      result: 1.15314 nsec
    Write latency of L3 cache (for 4 PUs) (using 1*25165824 bytes):
      [skipped -- avoiding large-memory benchmarks]
    Write bandwidth of D1 cache (for 2 PUs) (using 2*24576 bytes):
      iterations=1... time=4.71e-07 sec
      iterations=10... time=3.6415e-06 sec
      iterations=100... time=3.41635e-05 sec
      iterations=1000... time=0.000306405 sec
      iterations=10000... time=0.00278721 sec
      iterations=100000... time=0.0269076 sec
      iterations=1000000... time=0.267306 sec
      iterations=4000000... time=1.06316 sec
      result: 92.4639 GByte/sec
    Write bandwidth of L2 cache (for 2 PUs) (using 2*393216 bytes):
      iterations=1... time=8.4305e-06 sec
      iterations=10... time=5.7572e-05 sec
      iterations=100... time=0.000494977 sec
      iterations=1000... time=0.00437552 sec
      iterations=10000... time=0.0438653 sec
      iterations=100000... time=0.43711 sec
      iterations=300000... time=1.30387 sec
      result: 90.4726 GByte/sec
    Write bandwidth of L3 cache (for 4 PUs) (using 1*25165824 bytes):
      [skipped -- avoiding large-memory benchmarks]
    Stencil code performance of D1 cache (for 2 PUs) (using 1*12^3 grid points, 1*27648 bytes):
      iterations=1... time=5.4755e-06 sec
      iterations=10... time=8.4903e-05 sec
      iterations=100... time=0.000855874 sec
      iterations=1000... time=0.00856206 sec
      iterations=10000... time=0.0848313 sec
      iterations=100000... time=0.849043 sec
      iterations=200000... time=1.69761 sec
      result: 0.20358 Gupdates/sec
    Stencil code performance of L2 cache (for 2 PUs) (using 1*29^3 grid points, 1*390224 bytes):
      iterations=1... time=3.8857e-05 sec
      iterations=10... time=0.000379657 sec
      iterations=100... time=0.00378901 sec
      iterations=1000... time=0.0374375 sec
      iterations=10000... time=0.374422 sec
      iterations=30000... time=1.1176 sec
      result: 0.654679 Gupdates/sec
    Stencil code performance of L3 cache (for 4 PUs) (using 1*116^3 grid points, 1*24974336 bytes):
      iterations=1... time=0.000854947 sec
      iterations=10... time=0.0108354 sec
      iterations=100... time=0.108682 sec
      iterations=1000... time=1.08885 sec
      result: 1.43353 Gupdates/sec
INFO (Vectors): Testing vectorisation... [errors may result in segfaults]
INFO (Vectors): 375/375 tests passed 
INFO (CartGrid3D): Grid Spacings:
INFO (CartGrid3D): dx=>1.1111111e-01  dy=>1.1111111e-01  dz=>1.1111111e-01
INFO (CartGrid3D): Computational Coordinates:
INFO (CartGrid3D): x=>[-0.500, 0.500]  y=>[-0.500, 0.500]  z=>[-0.500, 0.500]
INFO (CartGrid3D): Indices of Physical Coordinates:
INFO (CartGrid3D): x=>[0,9]  y=>[0,9]  z=>[0,9]
INFO (PUGH): MPI Evolution on 1 processors
INFO (PUGH): 3-dimensional grid functions
INFO (PUGH):   Size: 10 10 10
INFO (PUGH):   Processor topology: 1 x 1 x 1
INFO (PUGH):   Local load: 1000   [10 x 10 x 10]
INFO (PUGH):   Maximum load skew: 0.000000
--------------------------------------------------------------------------------
Done.
+ echo Stopping:
Stopping:
+ date
Mon Feb 24 18:32:33 UTC 2025
+ echo Done.
Done.
  Elapsed time: 56.5 s
