/home/runner/simulations/TestJob01_temp_2/output-0000/TEST/sim/MemSpeed
Preparing:
+ set -e
+ cd output-0000-active
+ echo Checking:
Checking:
+ pwd
/home/runner/simulations/TestJob01_temp_2/output-0000/TEST/sim/MemSpeed/output-0000-active
+ hostname
fv-az183-555
+ date
Mon Dec 12 10:34:47 UTC 2022
+ echo Environment:
Environment:
+ export CACTUS_NUM_PROCS=2
+ CACTUS_NUM_PROCS=2
+ export CACTUS_NUM_THREADS=1
+ CACTUS_NUM_THREADS=1
+ export GMON_OUT_PREFIX=gmon.out
+ GMON_OUT_PREFIX=gmon.out
+ export OMP_NUM_THREADS=1
+ OMP_NUM_THREADS=1
+ env
+ sort
+ echo Starting:
Starting:
++ date +%s
+ export CACTUS_STARTTIME=1670841287
+ CACTUS_STARTTIME=1670841287
+ '[' 2 = 1 ']'
+ mpirun -np 2 /home/runner/simulations/TestJob01_temp_2/SIMFACTORY/exe/cactus_sim -L 3 /home/runner/simulations/TestJob01_temp_2/output-0000/arrangements/CactusUtils/MemSpeed/test/memspeed.par
INFO (Cactus): Increased logging level from 0 to 3
--------------------------------------------------------------------------------

       10                                  
  1   0101       ************************  
  01  1010 10      The Cactus Code V4.13.0    
 1010 1101 011      www.cactuscode.org     
  1001 100101    ************************  
    00010101                               
     100011     (c) Copyright The Authors  
      0100      GNU Licensed. No Warranty  
      0101                                 
--------------------------------------------------------------------------------

Cactus version:    4.13.0
Compile date:      Dec 12 2022 (10:09:14)
Run date:          Dec 12 2022 (10:34:48+0000)
Run host:          fv-az183-555.aixeropmy22uphdfpsuanqabdh.cx.internal.cloudapp.net (pid=110692)
Working directory: /home/runner/simulations/TestJob01_temp_2/output-0000/TEST/sim/MemSpeed
Executable:        /home/runner/simulations/TestJob01_temp_2/SIMFACTORY/exe/cactus_sim
Parameter file:    /home/runner/simulations/TestJob01_temp_2/output-0000/arrangements/CactusUtils/MemSpeed/test/memspeed.par
--------------------------------------------------------------------------------

Activating thorn Cactus...Success -> active implementation Cactus
Activation requested for 
--->hwloc MemSpeed SystemTopology CartGrid3D CoordBase IOASCII IOUtil PUGH PUGHSlab<---
Thorn hwloc requests automatic activation of zlib
Thorn MemSpeed requests automatic activation of Vectors
Thorn MemSpeed requests automatic activation of MPI
Activating thorn CartGrid3D...Success -> active implementation grid
Activating thorn CoordBase...Success -> active implementation CoordBase
Activating thorn hwloc...Success -> active implementation hwloc
Activating thorn IOASCII...Success -> active implementation IOASCII
Activating thorn IOUtil...Success -> active implementation IO
Activating thorn MemSpeed...Success -> active implementation MemSpeed
Activating thorn MPI...Success -> active implementation MPI
Activating thorn PUGH...Success -> active implementation Driver
Activating thorn PUGHSlab...Success -> active implementation Hyperslab
Activating thorn SystemTopology...Success -> active implementation SystemTopology
Activating thorn Vectors...Success -> active implementation Vectors
Activating thorn zlib...Success -> active implementation zlib
--------------------------------------------------------------------------------
  if (recover initial data)
    Recover parameters
  endif

  Startup routines
    [CCTK_STARTUP]
      CartGrid3D::SymmetryStartup: Register GH Extension for GridSymmetry
      CoordBase::CoordBase_Startup: Register a GH extension to store the coordinate system handles
      GROUP hwloc_startup: hwloc startup group
        hwloc::hwloc_version: Output hwloc version
      SystemTopology::ST_system_topology: Output and/or modify system topology and hardware locality
      PUGH::Driver_Startup: Startup routine
      PUGH::PUGH_RegisterPUGHP2LRoutines: Register Physical to Logical process mapping routines
      PUGH::PUGH_RegisterPUGHTopologyRoutines: Register topology generation routines routines
      IOUtil::IOUtil_Startup: Startup routine
      Vectors::Vectors_Startup: Print startup message
      IOASCII::IOASCII_Startup: Startup routine

  Startup routines which need an existing grid hierarchy
    [CCTK_WRAGH]
      CartGrid3D::RegisterCartGrid3DCoords: [meta] Register coordinates for the Cartesian grid
      MemSpeed::MemSpeed_MeasureSpeed: [meta] Measure CPU, memory, cache speeds
  Parameter checking routines
    [CCTK_PARAMCHECK]
      CartGrid3D::ParamCheck_CartGrid3D: Check coordinates for CartGrid3D
      Vectors::Vectors_Test: Run correctness tests.

  Initialisation
    if (NOT (recover initial data AND recovery_mode is 'strict'))
      [CCTK_PREREGRIDINITIAL]
      Set up grid hierarchy
      [CCTK_POSTREGRIDINITIAL]
        CartGrid3D::SpatialCoordinates: Set Coordinates after regridding
      [CCTK_BASEGRID]
        CartGrid3D::SpatialSpacings: Set up ranges for spatial 3D Cartesian coordinates (on all grids)
        CartGrid3D::SpatialCoordinates: Set up spatial 3D Cartesian coordinates on the GH
        IOASCII::IOASCII_Choose1D: Choose 1D output lines
        IOASCII::IOASCII_Choose2D: Choose 2D output planes
        PUGH::PUGH_Report: Report on PUGH set up
      [CCTK_INITIAL]
      [CCTK_POSTINITIAL]
      Initialise finer grids recursively
      Restrict from finer grids
      [CCTK_POSTRESTRICTINITIAL]
      [CCTK_POSTPOSTINITIAL]
      [CCTK_POSTSTEP]
    endif
    if (recover initial data)
      [CCTK_BASEGRID]
        CartGrid3D::SpatialSpacings: Set up ranges for spatial 3D Cartesian coordinates (on all grids)
        CartGrid3D::SpatialCoordinates: Set up spatial 3D Cartesian coordinates on the GH
        IOASCII::IOASCII_Choose1D: Choose 1D output lines
        IOASCII::IOASCII_Choose2D: Choose 2D output planes
        PUGH::PUGH_Report: Report on PUGH set up
      [CCTK_RECOVER_VARIABLES]
      [CCTK_POST_RECOVER_VARIABLES]
    endif
    if (checkpoint initial data)
      [CCTK_CPINITIAL]
    endif
    if (analysis)
      [CCTK_ANALYSIS]
  endif
  Output grid variables

  do loop over timesteps
    [CCTK_PREREGRID]
    Change grid hierarchy
    [CCTK_POSTREGRID]
      CartGrid3D::SpatialCoordinates: Set Coordinates after regridding
    Rotate timelevels
    iteration = iteration+1
    t = t+dt
    [CCTK_PRESTEP]
    [CCTK_EVOL]
    Evolve finer grids recursively
    Restrict from finer grids
    [CCTK_POSTRESTRICT]
    [CCTK_POSTSTEP]
    if (checkpoint)
      [CCTK_CHECKPOINT]
    endif
    if (analysis)
      [CCTK_ANALYSIS]
    endif
    Output grid variables
    enddo

  Termination routines
    [CCTK_TERMINATE]
      PUGH::Driver_Terminate: Termination routine

  Shutdown routines
    [CCTK_SHUTDOWN]

  Routines run after changing the grid hierarchy:
    [CCTK_POSTREGRID]
      CartGrid3D::SpatialCoordinates: Set Coordinates after regridding
--------------------------------------------------------------------------------
INFO (hwloc): library version 2.1.0, API version 0x20100
INFO (SystemTopology): MPI process-to-host mapping:
This is MPI process 0 of 2
MPI hosts:
  0: fv-az183-555
This MPI process runs on host 0 of 1
On this host, this is MPI process 0 of 2
INFO (SystemTopology): Topology support:
Discovery support:
  discovery->pu                            : yes
CPU binding support:
  cpubind->set_thisproc_cpubind            : yes
  cpubind->get_thisproc_cpubind            : yes
  cpubind->set_proc_cpubind                : yes
  cpubind->get_proc_cpubind                : yes
  cpubind->set_thisthread_cpubind          : yes
  cpubind->get_thisthread_cpubind          : yes
  cpubind->set_thread_cpubind              : yes
  cpubind->get_thread_cpubind              : yes
  cpubind->get_thisproc_last_cpu_location  : yes
  cpubind->get_proc_last_cpu_location      : yes
  cpubind->get_thisthread_last_cpu_location: yes
Memory binding support:
  membind->set_thisproc_membind            : no
  membind->get_thisproc_membind            : no
  membind->set_proc_membind                : no
  membind->get_proc_membind                : no
  membind->set_thisthread_membind          : yes
  membind->get_thisthread_membind          : yes
  membind->set_area_membind                : yes
  membind->get_area_membind                : yes
  membind->alloc_membind                   : yes
  membind->firsttouch_membind              : yes
  membind->bind_membind                    : yes
  membind->interleave_membind              : yes
  membind->nexttouch_membind               : no
  membind->migrate_membind                 : yes
INFO (SystemTopology): Hardware objects in this node:
Machine L#0: (P#0, total=7110656KB, DMIProductName="Virtual Machine", DMIProductVersion=7.0, DMIProductUUID=9a5feea8-eea3-eb48-85f4-c6b4c21826fd, DMIBoardVendor="Microsoft Corporation", DMIBoardName="Virtual Machine", DMIBoardVersion=7.0, DMIChassisVendor="Microsoft Corporation", DMIChassisType=3, DMIChassisVersion=7.0, DMIChassisAssetTag=7783-7084-3265-9085-8269-3286-77, DMIBIOSVendor="American Megatrends Inc.", DMIBIOSVersion="090008 ", DMIBIOSDate=12/07/2018, DMISysVendor="Microsoft Corporation", Backend=Linux, LinuxCgroup=/, OSName=Linux, OSRelease=5.15.0-1023-azure, OSVersion="#29~20.04.1-Ubuntu SMP Wed Oct 26 19:18:25 UTC 2022", HostName=fv-az183-555, Architecture=x86_64, hwlocVersion=2.1.0, ProcessName=cactus_sim)
  Package L#0: (P#0, total=7110656KB, CPUVendor=GenuineIntel, CPUFamilyNumber=6, CPUModelNumber=106, CPUModel="Intel(R) Xeon(R) Platinum 8370C CPU @ 2.80GHz", CPUStepping=6)
    L3Cache L#0: (P#-1, size=49152KB, linesize=64, ways=12, Inclusive=0)
      L2Cache L#0: (P#-1, size=1280KB, linesize=64, ways=20, Inclusive=0)
        L1dCache L#0: (P#-1, size=48KB, linesize=64, ways=12, Inclusive=0)
          Core L#0: (P#0)
            PU L#0: (P#0)
      L2Cache L#1: (P#-1, size=1280KB, linesize=64, ways=20, Inclusive=0)
        L1dCache L#1: (P#-1, size=48KB, linesize=64, ways=12, Inclusive=0)
          Core L#1: (P#1)
            PU L#1: (P#1)
INFO (SystemTopology): Thread CPU bindings:
  MPI process 0 on host 0 (process 0 of 2 on this host)
    OpenMP thread 0: PU set L#{0} P#{0}
  MPI process 1 on host 0 (process 1 of 2 on this host)
    OpenMP thread 0: PU set L#{1} P#{1}
INFO (SystemTopology): Setting thread CPU bindings:
INFO (SystemTopology): Thread CPU bindings:
  MPI process 0 on host 0 (process 0 of 2 on this host)
    OpenMP thread 0: PU set L#{0} P#{0}
  MPI process 1 on host 0 (process 1 of 2 on this host)
    OpenMP thread 0: PU set L#{1} P#{1}
INFO (SystemTopology): Extracting CPU/cache/memory properties:
  There are 1 PUs per core (aka hardware SMT threads)
  There are 1 threads per core (aka SMT threads used)
  Cache (unknown name) has type "data" depth 1
    size 49152 linesize 64 associativity 12 stride 4096, for 1 PUs
  Cache (unknown name) has type "unified" depth 2
    size 1310720 linesize 64 associativity 20 stride 65536, for 1 PUs
  Cache (unknown name) has type "unified" depth 3
    size 50331648 linesize 64 associativity 12 stride 4194304, for 2 PUs
INFO (PUGH): Using physical to logical mappings: direct
INFO (PUGH): Using topology generator: automatic
INFO (Vectors): Using vector size 2 for architecture SSE2 (64-bit precision)
--------------------------------------------------------------------------------
Driver provided by PUGH
--------------------------------------------------------------------------------

INFO (PUGH): Not setting up a topology for 1 dimensions
INFO (PUGH): Not setting up a topology for 2 dimensions
INFO (PUGH): Setting up a topology for 3 dimensions
INFO (IOASCII): I/O Method 'IOASCII_1D' registered: output of 1D lines of grid functions/arrays to ASCII files
INFO (IOASCII): Periodic 1D output every 1 iterations
INFO (IOASCII): Periodic 1D output requested for 'GRID::r'
INFO (IOASCII): I/O Method 'IOASCII_2D' registered: output of 2D planes of grid functions/arrays to ASCII files
INFO (IOASCII): Periodic 2D output turned off
INFO (IOASCII): I/O Method 'IOASCII_3D' registered: output of 3D grid functions/arrays to ASCII files
INFO (IOASCII): Periodic 3D output turned off
INFO (MemSpeed): Measuring CPU, cache, memory, and communication speeds:
  Single-core measurements (using 1 MPI processes with 1 OpenMP threads each):
    CPU frequency:
      iterations=1000000... time=0.00172 sec
      iterations=10000000... time=0.0170168 sec
      iterations=100000000... time=0.169705 sec
      iterations=600000000... time=1.01796 sec
      iterations=600000000... time=1.03975 sec
      result: -55.0568 GHz
    CPU floating point performance:
      iterations=1000000... time=0.0036406 sec
      iterations=10000000... time=0.0360791 sec
      iterations=100000000... time=0.364908 sec
      iterations=300000000... time=1.08301 sec
      result: 8.86415 Gflop/sec
    CPU integer performance:
      iterations=1000000... time=0.0020065 sec
      iterations=10000000... time=0.0199113 sec
      iterations=100000000... time=0.200845 sec
      iterations=500000000... time=0.995483 sec
      iterations=1000000000... time=2.02679 sec
      result: 7.89427 Giop/sec
    Read latency of D1 cache (for 1 PUs) (using 1*36864 bytes):
      iterations=1000... time=0.0002022 sec
      iterations=10000... time=0.0020152 sec
      iterations=100000... time=0.020098 sec
      iterations=1000000... time=0.208955 sec
      iterations=5000000... time=1.06474 sec
      result: 2.12949 nsec
    Read latency of L2 cache (for 1 PUs) (using 1*983040 bytes):
      iterations=1000... time=0.000597599 sec
      iterations=10000... time=0.00579449 sec
      iterations=100000... time=0.057702 sec
      iterations=1000000... time=0.606844 sec
      iterations=2000000... time=1.18767 sec
      result: 5.93835 nsec
    Read latency of L3 cache (for 2 PUs) (using 1*37748736 bytes):
      [skipped -- avoiding large-memory benchmarks]
    Read bandwidth of D1 cache (for 1 PUs) (using 1*36864 bytes):
      iterations=1... time=1.1e-06 sec
      iterations=10... time=5.7e-06 sec
      iterations=100... time=5.43e-05 sec
      iterations=1000... time=0.000540699 sec
      iterations=10000... time=0.00542159 sec
      iterations=100000... time=0.0586818 sec
      iterations=1000000... time=0.569584 sec
      iterations=2000000... time=1.14162 sec
      result: 64.5817 GByte/sec
    Read bandwidth of L2 cache (for 1 PUs) (using 1*983040 bytes):
      iterations=1... time=2.6e-05 sec
      iterations=10... time=0.0002264 sec
      iterations=100... time=0.002219 sec
      iterations=1000... time=0.0220631 sec
      iterations=10000... time=0.231016 sec
      iterations=50000... time=1.15026 sec
      result: 42.7314 GByte/sec
    Read bandwidth of L3 cache (for 2 PUs) (using 1*37748736 bytes):
      [skipped -- avoiding large-memory benchmarks]
    Write latency of D1 cache (for 1 PUs) (using 1*36864 bytes):
      iterations=1000... time=4e-06 sec
      iterations=10000... time=3.28e-05 sec
      iterations=100000... time=0.0003214 sec
      iterations=1000000... time=0.0032178 sec
      iterations=10000000... time=0.0361773 sec
      iterations=100000000... time=0.338053 sec
      iterations=300000000... time=1.00057 sec
      result: 0.416903 nsec
    Write latency of L2 cache (for 1 PUs) (using 1*983040 bytes):
      iterations=1000... time=2.06e-05 sec
      iterations=10000... time=0.0001871 sec
      iterations=100000... time=0.0018256 sec
      iterations=1000000... time=0.0182992 sec
      iterations=10000000... time=0.183659 sec
      iterations=60000000... time=1.10351 sec
      result: 2.29898 nsec
    Write latency of L3 cache (for 2 PUs) (using 1*37748736 bytes):
      [skipped -- avoiding large-memory benchmarks]
    Write bandwidth of D1 cache (for 1 PUs) (using 1*36864 bytes):
      iterations=1... time=7e-07 sec
      iterations=10... time=2.8e-06 sec
      iterations=100... time=2.43e-05 sec
      iterations=1000... time=0.0002398 sec
      iterations=10000... time=0.002401 sec
      iterations=100000... time=0.024021 sec
      iterations=1000000... time=0.240682 sec
      iterations=5000000... time=1.20613 sec
      result: 152.819 GByte/sec
    Write bandwidth of L2 cache (for 1 PUs) (using 1*983040 bytes):
      iterations=1... time=3.05e-05 sec
      iterations=10... time=0.0002193 sec
      iterations=100... time=0.0021366 sec
      iterations=1000... time=0.0212235 sec
      iterations=10000... time=0.213745 sec
      iterations=50000... time=1.06199 sec
      result: 46.2827 GByte/sec
    Write bandwidth of L3 cache (for 2 PUs) (using 1*37748736 bytes):
      [skipped -- avoiding large-memory benchmarks]
    Stencil code performance of D1 cache (for 1 PUs) (using 1*13^3 grid points, 1*35152 bytes):
      iterations=1... time=1.34e-05 sec
      iterations=10... time=0.0001357 sec
      iterations=100... time=0.0013388 sec
      iterations=1000... time=0.0133454 sec
      iterations=10000... time=0.133287 sec
      iterations=80000... time=1.06424 sec
      result: 0.165151 Gupdates/sec
    Stencil code performance of L2 cache (for 1 PUs) (using 1*39^3 grid points, 1*949104 bytes):
      iterations=1... time=0.0001652 sec
      iterations=10... time=0.0025358 sec
      iterations=100... time=0.0249342 sec
      iterations=1000... time=0.249565 sec
      iterations=4000... time=0.998428 sec
      iterations=8000... time=1.99759 sec
      result: 0.237562 Gupdates/sec
    Stencil code performance of L3 cache (for 2 PUs) (using 1*133^3 grid points, 1*37642192 bytes):
      iterations=1... time=0.044017 sec
      iterations=10... time=0.391283 sec
      iterations=30... time=1.06452 sec
      result: 0.0663011 Gupdates/sec
  Single-node measurements (using 2 MPI processes with 1 OpenMP threads each):
    CPU frequency:
      iterations=1000000... time=0.0016944 sec
      iterations=10000000... time=0.0170649 sec
      iterations=100000000... time=0.169571 sec
      iterations=600000000... time=1.01852 sec
      iterations=600000000... time=1.04138 sec
      result: -52.5115 GHz
    CPU floating point performance:
      iterations=1000000... time=0.0036126 sec
      iterations=10000000... time=0.0360844 sec
      iterations=100000000... time=0.361827 sec
      iterations=300000000... time=1.08602 sec
      result: 8.83964 Gflop/sec
    CPU integer performance:
      iterations=1000000... time=0.00200035 sec
      iterations=10000000... time=0.0199218 sec
      iterations=100000000... time=0.199041 sec
      iterations=600000000... time=1.19558 sec
      result: 8.02956 Giop/sec
    Read latency of D1 cache (for 1 PUs) (using 2*36864 bytes):
      iterations=1000... time=0.000205149 sec
      iterations=10000... time=0.00203925 sec
      iterations=100000... time=0.0204569 sec
      iterations=1000000... time=0.20462 sec
      iterations=5000000... time=1.02895 sec
      result: 2.05791 nsec
    Read latency of L2 cache (for 1 PUs) (using 2*983040 bytes):
      iterations=1000... time=0.000588849 sec
      iterations=10000... time=0.00580939 sec
      iterations=100000... time=0.0580259 sec
      iterations=1000000... time=0.581731 sec
      iterations=2000000... time=1.16435 sec
      result: 5.82175 nsec
    Read latency of L3 cache (for 2 PUs) (using 2*37748736 bytes):
      [skipped -- too much memory requested]
    Read bandwidth of D1 cache (for 1 PUs) (using 2*36864 bytes):
      iterations=1... time=9e-07 sec
      iterations=10... time=5.75e-06 sec
      iterations=100... time=5.435e-05 sec
      iterations=1000... time=0.000540649 sec
      iterations=10000... time=0.00541694 sec
      iterations=100000... time=0.0555158 sec
      iterations=1000000... time=0.542411 sec
      iterations=2000000... time=1.0858 sec
      result: 67.9021 GByte/sec
    Read bandwidth of L2 cache (for 1 PUs) (using 2*983040 bytes):
      iterations=1... time=2.465e-05 sec
      iterations=10... time=0.0002216 sec
      iterations=100... time=0.0021834 sec
      iterations=1000... time=0.0218267 sec
      iterations=10000... time=0.218754 sec
      iterations=50000... time=1.09193 sec
      result: 45.0139 GByte/sec
    Read bandwidth of L3 cache (for 2 PUs) (using 2*37748736 bytes):
      [skipped -- too much memory requested]
    Write latency of D1 cache (for 1 PUs) (using 2*36864 bytes):
      iterations=1000... time=3.9e-06 sec
      iterations=10000... time=3.27e-05 sec
      iterations=100000... time=0.00032135 sec
      iterations=1000000... time=0.00321695 sec
      iterations=10000000... time=0.0321286 sec
      iterations=100000000... time=0.322307 sec
      iterations=300000000... time=0.965027 sec
      iterations=600000000... time=1.93742 sec
      result: 0.403629 nsec
    Write latency of L2 cache (for 1 PUs) (using 2*983040 bytes):
      iterations=1000... time=1.77e-05 sec
      iterations=10000... time=0.0001855 sec
      iterations=100000... time=0.00182435 sec
      iterations=1000000... time=0.0183167 sec
      iterations=10000000... time=0.1829 sec
      iterations=60000000... time=1.10061 sec
      result: 2.29295 nsec
    Write latency of L3 cache (for 2 PUs) (using 2*37748736 bytes):
      [skipped -- too much memory requested]
    Write bandwidth of D1 cache (for 1 PUs) (using 2*36864 bytes):
      iterations=1... time=5.5e-07 sec
      iterations=10... time=2.8e-06 sec
      iterations=100... time=2.475e-05 sec
      iterations=1000... time=0.000243999 sec
      iterations=10000... time=0.00244965 sec
      iterations=100000... time=0.0244631 sec
      iterations=1000000... time=0.245142 sec
      iterations=4000000... time=0.979612 sec
      iterations=8000000... time=1.95929 sec
      result: 150.52 GByte/sec
    Write bandwidth of L2 cache (for 1 PUs) (using 2*983040 bytes):
      iterations=1... time=2.775e-05 sec
      iterations=10... time=0.00021315 sec
      iterations=100... time=0.00209205 sec
      iterations=1000... time=0.0209217 sec
      iterations=10000... time=0.209974 sec
      iterations=50000... time=1.04912 sec
      result: 46.8508 GByte/sec
    Write bandwidth of L3 cache (for 2 PUs) (using 2*37748736 bytes):
      [skipped -- too much memory requested]
    Stencil code performance of D1 cache (for 1 PUs) (using 2*10^3 grid points, 2*16000 bytes):
      iterations=1... time=1.265e-05 sec
      iterations=10... time=0.00011775 sec
      iterations=100... time=0.0011839 sec
      iterations=1000... time=0.0117964 sec
      iterations=10000... time=0.118456 sec
      iterations=90000... time=1.06341 sec
      result: 0.084633 Gupdates/sec
    Stencil code performance of L2 cache (for 1 PUs) (using 2*31^3 grid points, 2*476656 bytes):
      iterations=1... time=0.000529949 sec
      iterations=10... time=0.0028524 sec
      iterations=100... time=0.0284817 sec
      iterations=1000... time=0.284708 sec
      iterations=4000... time=1.13929 sec
      result: 0.104595 Gupdates/sec
    Stencil code performance of L3 cache (for 2 PUs) (using 1*133^3 grid points, 1*37642192 bytes):
      [skipped -- too many MPI processes]
  Single-node measurements:
    MPI latency: 900 nsec
    MPI bandwidth: 7.85763 GByte/sec
INFO (Vectors): Testing vectorisation... [errors may result in segfaults]
INFO (Vectors): 375/375 tests passed 
INFO (CartGrid3D): Grid Spacings:
INFO (CartGrid3D): dx=>1.1111111e-01  dy=>1.1111111e-01  dz=>1.1111111e-01
INFO (CartGrid3D): Computational Coordinates:
INFO (CartGrid3D): x=>[-0.500, 0.500]  y=>[-0.500, 0.500]  z=>[-0.500, 0.500]
INFO (CartGrid3D): Indices of Physical Coordinates:
INFO (CartGrid3D): x=>[0,9]  y=>[0,9]  z=>[0,9]
INFO (PUGH): MPI Evolution on 2 processors
INFO (PUGH): 3-dimensional grid functions
INFO (PUGH):   Size: 10 10 10
INFO (PUGH):   Processor topology: 2 x 1 x 1
INFO (PUGH):   Local load: 600   [6 x 10 x 10]
INFO (PUGH):   Maximum load skew: 0.000000
--------------------------------------------------------------------------------
Done.
+ echo Stopping:
Stopping:
+ date
Mon Dec 12 10:35:36 UTC 2022
+ echo Done.
Done.
  Elapsed time: 48.8 s
