/home/runner/simulations/TestJob01_temp_1/output-0000/TEST/sim/MemSpeed
Preparing:
+ set -e
+ cd output-0000-active
+ echo Checking:
Checking:
+ pwd
/home/runner/simulations/TestJob01_temp_1/output-0000/TEST/sim/MemSpeed/output-0000-active
+ hostname
fv-az202-62
+ date
Thu May  6 22:07:11 UTC 2021
+ echo Environment:
Environment:
+ export CACTUS_NUM_PROCS=1
+ export CACTUS_NUM_THREADS=2
+ export GMON_OUT_PREFIX=gmon.out
+ export OMP_NUM_THREADS=2
+ env
+ sort
+ echo Starting:
Starting:
+ date +%s
+ export CACTUS_STARTTIME=1620338831
+ [ 1 = 1 ]
+ [ 0 -eq 0 ]
+ /home/runner/simulations/TestJob01_temp_1/SIMFACTORY/exe/cactus_sim -L 3 /home/runner/simulations/TestJob01_temp_1/output-0000/arrangements/CactusUtils/MemSpeed/test/memspeed.par
INFO (Cactus): Increased logging level from 0 to 3
--------------------------------------------------------------------------------

       10                                  
  1   0101       ************************  
  01  1010 10      The Cactus Code V4.9.0    
 1010 1101 011      www.cactuscode.org     
  1001 100101    ************************  
    00010101                               
     100011     (c) Copyright The Authors  
      0100      GNU Licensed. No Warranty  
      0101                                 
--------------------------------------------------------------------------------

Cactus version:    4.9.0
Compile date:      May 06 2021 (21:59:07)
Run date:          May 06 2021 (22:07:12+0000)
Run host:          fv-az202-62.x5bs3noffpyuppkqksaqwftqkh.gx.internal.cloudapp.net (pid=101051)
Working directory: /home/runner/simulations/TestJob01_temp_1/output-0000/TEST/sim/MemSpeed
Executable:        /home/runner/simulations/TestJob01_temp_1/SIMFACTORY/exe/cactus_sim
Parameter file:    /home/runner/simulations/TestJob01_temp_1/output-0000/arrangements/CactusUtils/MemSpeed/test/memspeed.par
--------------------------------------------------------------------------------

Activating thorn Cactus...Success -> active implementation Cactus
Activation requested for 
--->hwloc MemSpeed SystemTopology CartGrid3D CoordBase IOASCII IOUtil PUGH PUGHSlab<---
Thorn hwloc requests automatic activation of zlib
Thorn MemSpeed requests automatic activation of Vectors
Thorn MemSpeed requests automatic activation of MPI
Activating thorn CartGrid3D...Success -> active implementation grid
Activating thorn CoordBase...Success -> active implementation CoordBase
Activating thorn hwloc...Success -> active implementation hwloc
Activating thorn IOASCII...Success -> active implementation IOASCII
Activating thorn IOUtil...Success -> active implementation IO
Activating thorn MemSpeed...Success -> active implementation MemSpeed
Activating thorn MPI...Success -> active implementation MPI
Activating thorn PUGH...Success -> active implementation Driver
Activating thorn PUGHSlab...Success -> active implementation Hyperslab
Activating thorn SystemTopology...Success -> active implementation SystemTopology
Activating thorn Vectors...Success -> active implementation Vectors
Activating thorn zlib...Success -> active implementation zlib
--------------------------------------------------------------------------------
  if (recover initial data)
    Recover parameters
  endif

  Startup routines
    [CCTK_STARTUP]
      CartGrid3D::SymmetryStartup: Register GH Extension for GridSymmetry
      CoordBase::CoordBase_Startup: Register a GH extension to store the coordinate system handles
      GROUP hwloc_startup: hwloc startup group
        hwloc::hwloc_version: Output hwloc version
      SystemTopology::ST_system_topology: Output and/or modify system topology and hardware locality
      PUGH::Driver_Startup: Startup routine
      PUGH::PUGH_RegisterPUGHP2LRoutines: Register Physical to Logical process mapping routines
      PUGH::PUGH_RegisterPUGHTopologyRoutines: Register topology generation routines routines
      IOUtil::IOUtil_Startup: Startup routine
      Vectors::Vectors_Startup: Print startup message
      IOASCII::IOASCII_Startup: Startup routine

  Startup routines which need an existing grid hierarchy
    [CCTK_WRAGH]
      CartGrid3D::RegisterCartGrid3DCoords: [meta] Register coordinates for the Cartesian grid
      MemSpeed::MemSpeed_MeasureSpeed: [meta] Measure CPU, memory, cache speeds
  Parameter checking routines
    [CCTK_PARAMCHECK]
      CartGrid3D::ParamCheck_CartGrid3D: Check coordinates for CartGrid3D
      Vectors::Vectors_Test: Run correctness tests.

  Initialisation
    if (NOT (recover initial data AND recovery_mode is 'strict'))
      [CCTK_PREREGRIDINITIAL]
      Set up grid hierarchy
      [CCTK_POSTREGRIDINITIAL]
        CartGrid3D::SpatialCoordinates: Set Coordinates after regridding
      [CCTK_BASEGRID]
        CartGrid3D::SpatialSpacings: Set up ranges for spatial 3D Cartesian coordinates (on all grids)
        CartGrid3D::SpatialCoordinates: Set up spatial 3D Cartesian coordinates on the GH
        IOASCII::IOASCII_Choose1D: Choose 1D output lines
        IOASCII::IOASCII_Choose2D: Choose 2D output planes
        PUGH::PUGH_Report: Report on PUGH set up
      [CCTK_INITIAL]
      [CCTK_POSTINITIAL]
      Initialise finer grids recursively
      Restrict from finer grids
      [CCTK_POSTRESTRICTINITIAL]
      [CCTK_POSTPOSTINITIAL]
      [CCTK_POSTSTEP]
    endif
    if (recover initial data)
      [CCTK_BASEGRID]
        CartGrid3D::SpatialSpacings: Set up ranges for spatial 3D Cartesian coordinates (on all grids)
        CartGrid3D::SpatialCoordinates: Set up spatial 3D Cartesian coordinates on the GH
        IOASCII::IOASCII_Choose1D: Choose 1D output lines
        IOASCII::IOASCII_Choose2D: Choose 2D output planes
        PUGH::PUGH_Report: Report on PUGH set up
      [CCTK_RECOVER_VARIABLES]
      [CCTK_POST_RECOVER_VARIABLES]
    endif
    if (checkpoint initial data)
      [CCTK_CPINITIAL]
    endif
    if (analysis)
      [CCTK_ANALYSIS]
  endif
  Output grid variables

  do loop over timesteps
    [CCTK_PREREGRID]
    Change grid hierarchy
    [CCTK_POSTREGRID]
      CartGrid3D::SpatialCoordinates: Set Coordinates after regridding
    Rotate timelevels
    iteration = iteration+1
    t = t+dt
    [CCTK_PRESTEP]
    [CCTK_EVOL]
    Evolve finer grids recursively
    Restrict from finer grids
    [CCTK_POSTRESTRICT]
    [CCTK_POSTSTEP]
    if (checkpoint)
      [CCTK_CHECKPOINT]
    endif
    if (analysis)
      [CCTK_ANALYSIS]
    endif
    Output grid variables
    enddo

  Termination routines
    [CCTK_TERMINATE]
      PUGH::Driver_Terminate: Termination routine

  Shutdown routines
    [CCTK_SHUTDOWN]

  Routines run after changing the grid hierarchy:
    [CCTK_POSTREGRID]
      CartGrid3D::SpatialCoordinates: Set Coordinates after regridding
--------------------------------------------------------------------------------
INFO (hwloc): library version 2.1.0, API version 0x20100
INFO (SystemTopology): MPI process-to-host mapping:
This is MPI process 0 of 1
MPI hosts:
  0: fv-az202-62
This MPI process runs on host 0 of 1
On this host, this is MPI process 0 of 1
INFO (SystemTopology): Topology support:
Discovery support:
  discovery->pu                            : yes
CPU binding support:
  cpubind->set_thisproc_cpubind            : yes
  cpubind->get_thisproc_cpubind            : yes
  cpubind->set_proc_cpubind                : yes
  cpubind->get_proc_cpubind                : yes
  cpubind->set_thisthread_cpubind          : yes
  cpubind->get_thisthread_cpubind          : yes
  cpubind->set_thread_cpubind              : yes
  cpubind->get_thread_cpubind              : yes
  cpubind->get_thisproc_last_cpu_location  : yes
  cpubind->get_proc_last_cpu_location      : yes
  cpubind->get_thisthread_last_cpu_location: yes
Memory binding support:
  membind->set_thisproc_membind            : no
  membind->get_thisproc_membind            : no
  membind->set_proc_membind                : no
  membind->get_proc_membind                : no
  membind->set_thisthread_membind          : yes
  membind->get_thisthread_membind          : yes
  membind->set_area_membind                : yes
  membind->get_area_membind                : yes
  membind->alloc_membind                   : yes
  membind->firsttouch_membind              : yes
  membind->bind_membind                    : yes
  membind->interleave_membind              : yes
  membind->nexttouch_membind               : no
  membind->migrate_membind                 : yes
INFO (SystemTopology): Hardware objects in this node:
Machine L#0: (P#0, total=7121236KB, DMIProductName="Virtual Machine", DMIProductVersion=7.0, DMIProductUUID=ed486c44-85bc-5847-8810-e31ba85803ca, DMIBoardVendor="Microsoft Corporation", DMIBoardName="Virtual Machine", DMIBoardVersion=7.0, DMIChassisVendor="Microsoft Corporation", DMIChassisType=3, DMIChassisVersion=7.0, DMIChassisAssetTag=7783-7084-3265-9085-8269-3286-77, DMIBIOSVendor="American Megatrends Inc.", DMIBIOSVersion="090008 ", DMIBIOSDate=12/07/2018, DMISysVendor="Microsoft Corporation", Backend=Linux, LinuxCgroup=/, OSName=Linux, OSRelease=5.4.0-1046-azure, OSVersion="#48-Ubuntu SMP Tue Apr 13 07:18:42 UTC 2021", HostName=fv-az202-62, Architecture=x86_64, hwlocVersion=2.1.0, ProcessName=cactus_sim)
  Package L#0: (P#0, total=7121236KB, CPUVendor=GenuineIntel, CPUFamilyNumber=6, CPUModelNumber=79, CPUModel="Intel(R) Xeon(R) CPU E5-2673 v4 @ 2.30GHz", CPUStepping=1)
    L3Cache L#0: (P#-1, size=51200KB, linesize=64, ways=20, Inclusive=1)
      L2Cache L#0: (P#-1, size=256KB, linesize=64, ways=8, Inclusive=0)
        L1dCache L#0: (P#-1, size=32KB, linesize=64, ways=8, Inclusive=0)
          Core L#0: (P#0)
            PU L#0: (P#0)
      L2Cache L#1: (P#-1, size=256KB, linesize=64, ways=8, Inclusive=0)
        L1dCache L#1: (P#-1, size=32KB, linesize=64, ways=8, Inclusive=0)
          Core L#1: (P#1)
            PU L#1: (P#1)
INFO (SystemTopology): Thread CPU bindings:
  MPI process 0 on host 0 (process 0 of 1 on this host)
    OpenMP thread 0: PU set L#{0-1} P#{0-1}
    OpenMP thread 1: PU set L#{0-1} P#{0-1}
INFO (SystemTopology): Setting thread CPU bindings:
INFO (SystemTopology): Thread CPU bindings:
  MPI process 0 on host 0 (process 0 of 1 on this host)
    OpenMP thread 0: PU set L#{0} P#{0}
    OpenMP thread 1: PU set L#{1} P#{1}
INFO (SystemTopology): Extracting CPU/cache/memory properties:
  There are 1 PUs per core (aka hardware SMT threads)
  There are 1 threads per core (aka SMT threads used)
  Cache (unknown name) has type "data" depth 1
    size 32768 linesize 64 associativity 8 stride 4096, for 1 PUs
  Cache (unknown name) has type "unified" depth 2
    size 262144 linesize 64 associativity 8 stride 32768, for 1 PUs
  Cache (unknown name) has type "unified" depth 3
    size 52428800 linesize 64 associativity 20 stride 2621440, for 2 PUs
INFO (PUGH): Using physical to logical mappings: direct
INFO (PUGH): Using topology generator: automatic
INFO (Vectors): Using vector size 2 for architecture SSE2 (64-bit precision)
--------------------------------------------------------------------------------
Driver provided by PUGH
--------------------------------------------------------------------------------

INFO (PUGH): Not setting up a topology for 1 dimensions
INFO (PUGH): Not setting up a topology for 2 dimensions
INFO (PUGH): Setting up a topology for 3 dimensions
INFO (IOASCII): I/O Method 'IOASCII_1D' registered: output of 1D lines of grid functions/arrays to ASCII files
INFO (IOASCII): Periodic 1D output every 1 iterations
INFO (IOASCII): Periodic 1D output requested for 'GRID::r'
INFO (IOASCII): I/O Method 'IOASCII_2D' registered: output of 2D planes of grid functions/arrays to ASCII files
INFO (IOASCII): Periodic 2D output turned off
INFO (IOASCII): I/O Method 'IOASCII_3D' registered: output of 3D grid functions/arrays to ASCII files
INFO (IOASCII): Periodic 3D output turned off
INFO (MemSpeed): Measuring CPU, cache, memory, and communication speeds:
  Single-core measurements (using 1 MPI processes with 1 OpenMP threads each):
    CPU frequency:
      iterations=1000000... time=0.00341364 sec
      iterations=10000000... time=0.03426 sec
      iterations=100000000... time=0.324047 sec
      iterations=300000000... time=0.996521 sec
      iterations=600000000... time=2.00233 sec
      iterations=600000000... time=1.51847 sec
      result: 2.48007 GHz
    CPU floating point performance:
      iterations=1000000... time=0.00340083 sec
      iterations=10000000... time=0.0350729 sec
      iterations=100000000... time=0.351829 sec
      iterations=300000000... time=1.04386 sec
      result: 9.19666 Gflop/sec
    CPU integer performance:
      iterations=1000000... time=0.00224052 sec
      iterations=10000000... time=0.0223657 sec
      iterations=100000000... time=0.221055 sec
      iterations=500000000... time=1.11083 sec
      result: 7.20184 Giop/sec
    Read latency of D1 cache (for 1 PUs) (using 1*24576 bytes):
      iterations=1000... time=0.000155101 sec
      iterations=10000... time=0.00165642 sec
      iterations=100000... time=0.0158143 sec
      iterations=1000000... time=0.16752 sec
      iterations=7000000... time=1.15446 sec
      result: 1.64923 nsec
    Read latency of L2 cache (for 1 PUs) (using 1*196608 bytes):
      iterations=1000... time=0.000547606 sec
      iterations=10000... time=0.00529065 sec
      iterations=100000... time=0.0599675 sec
      iterations=1000000... time=0.558669 sec
      iterations=2000000... time=1.10697 sec
      result: 5.53485 nsec
    Read latency of L3 cache (for 2 PUs) (using 1*39321600 bytes):
      [skipped -- avoiding large-memory benchmarks]
    Read bandwidth of D1 cache (for 1 PUs) (using 1*24576 bytes):
      iterations=1... time=6e-07 sec
      iterations=10... time=3.3e-06 sec
      iterations=100... time=2.9901e-05 sec
      iterations=1000... time=0.000314203 sec
      iterations=10000... time=0.00323193 sec
      iterations=100000... time=0.0372067 sec
      iterations=1000000... time=0.32636 sec
      iterations=3000000... time=1.00609 sec
      result: 73.2817 GByte/sec
    Read bandwidth of L2 cache (for 1 PUs) (using 1*196608 bytes):
      iterations=1... time=6.6e-06 sec
      iterations=10... time=4.3201e-05 sec
      iterations=100... time=0.000852809 sec
      iterations=1000... time=0.00497545 sec
      iterations=10000... time=0.0484968 sec
      iterations=100000... time=0.483306 sec
      iterations=200000... time=0.932142 sec
      iterations=400000... time=1.93854 sec
      result: 40.5682 GByte/sec
    Read bandwidth of L3 cache (for 2 PUs) (using 1*39321600 bytes):
      [skipped -- avoiding large-memory benchmarks]
    Write latency of D1 cache (for 1 PUs) (using 1*24576 bytes):
      iterations=1000... time=3.9e-06 sec
      iterations=10000... time=3.1901e-05 sec
      iterations=100000... time=0.000322603 sec
      iterations=1000000... time=0.00310713 sec
      iterations=10000000... time=0.0322302 sec
      iterations=100000000... time=0.332472 sec
      iterations=300000000... time=0.993761 sec
      iterations=600000000... time=1.99938 sec
      result: 0.416538 nsec
    Write latency of L2 cache (for 1 PUs) (using 1*196608 bytes):
      iterations=1000... time=2.18e-05 sec
      iterations=10000... time=0.000192202 sec
      iterations=100000... time=0.00229802 sec
      iterations=1000000... time=0.0221479 sec
      iterations=10000000... time=0.204615 sec
      iterations=50000000... time=1.02957 sec
      result: 2.57393 nsec
    Write latency of L3 cache (for 2 PUs) (using 1*39321600 bytes):
      [skipped -- avoiding large-memory benchmarks]
    Write bandwidth of D1 cache (for 1 PUs) (using 1*24576 bytes):
      iterations=1... time=6e-07 sec
      iterations=10... time=3.6e-06 sec
      iterations=100... time=3.19e-05 sec
      iterations=1000... time=0.000315703 sec
      iterations=10000... time=0.00331903 sec
      iterations=100000... time=0.0350057 sec
      iterations=1000000... time=0.344096 sec
      iterations=3000000... time=1.01177 sec
      result: 72.8707 GByte/sec
    Write bandwidth of L2 cache (for 1 PUs) (using 1*196608 bytes):
      iterations=1... time=9.6e-06 sec
      iterations=10... time=9.4001e-05 sec
      iterations=100... time=0.00094201 sec
      iterations=1000... time=0.0099136 sec
      iterations=10000... time=0.101659 sec
      iterations=100000... time=0.969747 sec
      iterations=200000... time=1.97355 sec
      result: 19.9243 GByte/sec
    Write bandwidth of L3 cache (for 2 PUs) (using 1*39321600 bytes):
      [skipped -- avoiding large-memory benchmarks]
    Stencil code performance of D1 cache (for 1 PUs) (using 1*12^3 grid points, 1*27648 bytes):
      iterations=1... time=1.52e-05 sec
      iterations=10... time=0.000258203 sec
      iterations=100... time=0.00249983 sec
      iterations=1000... time=0.0249324 sec
      iterations=10000... time=0.248608 sec
      iterations=40000... time=0.980028 sec
      iterations=80000... time=1.9986 sec
      result: 0.0691684 Gupdates/sec
    Stencil code performance of L2 cache (for 1 PUs) (using 1*23^3 grid points, 1*194672 bytes):
      iterations=1... time=2.73e-05 sec
      iterations=10... time=0.00087741 sec
      iterations=100... time=0.00819949 sec
      iterations=1000... time=0.0857021 sec
      iterations=10000... time=0.906712 sec
      iterations=20000... time=1.80946 sec
      result: 0.134482 Gupdates/sec
    Stencil code performance of L3 cache (for 2 PUs) (using 1*135^3 grid points, 1*39366000 bytes):
      iterations=1... time=0.00677827 sec
      iterations=10... time=0.0669001 sec
      iterations=100... time=0.691354 sec
      iterations=200... time=1.35645 sec
      result: 0.362767 Gupdates/sec
  Single-node measurements (using 1 MPI processes with 2 OpenMP threads each):
    CPU frequency:
      iterations=1000000... time=0.00348629 sec
      iterations=10000000... time=0.0353833 sec
      iterations=100000000... time=0.337499 sec
      iterations=300000000... time=1.05815 sec
      iterations=300000000... time=0.793307 sec
      result: 2.26546 GHz
    CPU floating point performance:
      iterations=1000000... time=0.00355754 sec
      iterations=10000000... time=0.0361368 sec
      iterations=100000000... time=0.367791 sec
      iterations=300000000... time=1.059 sec
      result: 9.06517 Gflop/sec
    CPU integer performance:
      iterations=1000000... time=0.00229706 sec
      iterations=10000000... time=0.0222301 sec
      iterations=100000000... time=0.22904 sec
      iterations=500000000... time=1.1393 sec
      result: 7.02184 Giop/sec
    Read latency of D1 cache (for 1 PUs) (using 2*24576 bytes):
      iterations=1000... time=0.000168604 sec
      iterations=10000... time=0.00167329 sec
      iterations=100000... time=0.0163029 sec
      iterations=1000000... time=0.171796 sec
      iterations=6000000... time=1.0077 sec
      result: 1.6795 nsec
    Read latency of L2 cache (for 1 PUs) (using 2*196608 bytes):
      iterations=1000... time=0.000512413 sec
      iterations=10000... time=0.00534904 sec
      iterations=100000... time=0.0539322 sec
      iterations=1000000... time=0.535186 sec
      iterations=2000000... time=1.06401 sec
      result: 5.32006 nsec
    Read latency of L3 cache (for 2 PUs) (using 1*39321600 bytes):
      [skipped -- avoiding large-memory benchmarks]
    Read bandwidth of D1 cache (for 1 PUs) (using 2*24576 bytes):
      iterations=1... time=6e-07 sec
      iterations=10... time=3.1e-06 sec
      iterations=100... time=2.8651e-05 sec
      iterations=1000... time=0.000292307 sec
      iterations=10000... time=0.00297568 sec
      iterations=100000... time=0.0327707 sec
      iterations=1000000... time=0.341164 sec
      iterations=3000000... time=1.01726 sec
      result: 72.4769 GByte/sec
    Read bandwidth of L2 cache (for 1 PUs) (using 2*196608 bytes):
      iterations=1... time=6.05e-06 sec
      iterations=10... time=4.415e-05 sec
      iterations=100... time=0.000484905 sec
      iterations=1000... time=0.00521136 sec
      iterations=10000... time=0.0511601 sec
      iterations=100000... time=0.514364 sec
      iterations=200000... time=1.04572 sec
      result: 37.6026 GByte/sec
    Read bandwidth of L3 cache (for 2 PUs) (using 1*39321600 bytes):
      [skipped -- avoiding large-memory benchmarks]
    Write latency of D1 cache (for 1 PUs) (using 2*24576 bytes):
      iterations=1000... time=3.85e-06 sec
      iterations=10000... time=3.0101e-05 sec
      iterations=100000... time=0.000317703 sec
      iterations=1000000... time=0.00314554 sec
      iterations=10000000... time=0.0319122 sec
      iterations=100000000... time=0.333622 sec
      iterations=300000000... time=0.995357 sec
      iterations=600000000... time=2.00557 sec
      result: 0.417827 nsec
    Write latency of L2 cache (for 1 PUs) (using 2*196608 bytes):
      iterations=1000... time=2.6951e-05 sec
      iterations=10000... time=0.000193902 sec
      iterations=100000... time=0.00204297 sec
      iterations=1000000... time=0.0206365 sec
      iterations=10000000... time=0.207865 sec
      iterations=50000000... time=1.02317 sec
      result: 2.55792 nsec
    Write latency of L3 cache (for 2 PUs) (using 1*39321600 bytes):
      [skipped -- avoiding large-memory benchmarks]
    Write bandwidth of D1 cache (for 1 PUs) (using 2*24576 bytes):
      iterations=1... time=7.5e-07 sec
      iterations=10... time=3.25e-06 sec
      iterations=100... time=2.87e-05 sec
      iterations=1000... time=0.000468755 sec
      iterations=10000... time=0.00317874 sec
      iterations=100000... time=0.0332305 sec
      iterations=1000000... time=0.348807 sec
      iterations=3000000... time=1.02793 sec
      result: 71.725 GByte/sec
    Write bandwidth of L2 cache (for 1 PUs) (using 2*196608 bytes):
      iterations=1... time=8.7e-06 sec
      iterations=10... time=0.000101351 sec
      iterations=100... time=0.000987811 sec
      iterations=1000... time=0.00988066 sec
      iterations=10000... time=0.0948362 sec
      iterations=100000... time=0.993176 sec
      iterations=200000... time=1.97699 sec
      result: 19.8896 GByte/sec
    Write bandwidth of L3 cache (for 2 PUs) (using 1*39321600 bytes):
      [skipped -- avoiding large-memory benchmarks]
    Stencil code performance of D1 cache (for 1 PUs) (using 2*9^3 grid points, 2*11664 bytes):
      iterations=1... time=3.1e-06 sec
      iterations=10... time=2.67e-05 sec
      iterations=100... time=0.000344854 sec
      iterations=1000... time=0.00281908 sec
      iterations=10000... time=0.0281998 sec
      iterations=100000... time=0.299786 sec
      iterations=400000... time=1.23202 sec
      result: 0.236684 Gupdates/sec
    Stencil code performance of L2 cache (for 1 PUs) (using 2*18^3 grid points, 2*93312 bytes):
      iterations=1... time=1.24e-05 sec
      iterations=10... time=0.000137602 sec
      iterations=100... time=0.00147832 sec
      iterations=1000... time=0.016088 sec
      iterations=10000... time=0.145358 sec
      iterations=80000... time=1.1831 sec
      result: 0.394355 Gupdates/sec
    Stencil code performance of L3 cache (for 2 PUs) (using 1*135^3 grid points, 1*39366000 bytes):
      iterations=1... time=0.00247078 sec
      iterations=10... time=0.0265183 sec
      iterations=100... time=0.205923 sec
      iterations=500... time=1.04789 sec
      result: 1.17397 Gupdates/sec
INFO (Vectors): Testing vectorisation... [errors may result in segfaults]
INFO (Vectors): 375/375 tests passed 
INFO (CartGrid3D): Grid Spacings:
INFO (CartGrid3D): dx=>1.1111111e-01  dy=>1.1111111e-01  dz=>1.1111111e-01
INFO (CartGrid3D): Computational Coordinates:
INFO (CartGrid3D): x=>[-0.500, 0.500]  y=>[-0.500, 0.500]  z=>[-0.500, 0.500]
INFO (CartGrid3D): Indices of Physical Coordinates:
INFO (CartGrid3D): x=>[0,9]  y=>[0,9]  z=>[0,9]
INFO (PUGH): MPI Evolution on 1 processors
INFO (PUGH): 3-dimensional grid functions
INFO (PUGH):   Size: 10 10 10
INFO (PUGH):   Processor topology: 1 x 1 x 1
INFO (PUGH):   Local load: 1000   [10 x 10 x 10]
INFO (PUGH):   Maximum load skew: 0.000000
--------------------------------------------------------------------------------
Done.
+ echo Stopping:
Stopping:
+ date
Thu May  6 22:08:14 UTC 2021
+ echo Done.
Done.
  Elapsed time: 62.5 s
