/home/runner/simulations/TestJob01_temp_1/output-0000/TEST/sim/BoxInBox
Preparing:
+ set -e
+ cd output-0000-active
+ echo Checking:
Checking:
+ pwd
/home/runner/simulations/TestJob01_temp_1/output-0000/TEST/sim/BoxInBox/output-0000-active
+ hostname
fv-az566-998
+ date
Thu Dec 14 23:51:13 UTC 2023
+ echo Environment:
Environment:
+ export CACTUS_NUM_PROCS=1
+ CACTUS_NUM_PROCS=1
+ export CACTUS_NUM_THREADS=2
+ CACTUS_NUM_THREADS=2
+ export GMON_OUT_PREFIX=gmon.out
+ GMON_OUT_PREFIX=gmon.out
+ export OMP_NUM_THREADS=2
+ OMP_NUM_THREADS=2
+ env
+ sort
+ echo Starting:
Starting:
++ date +%s
+ export CACTUS_STARTTIME=1702597873
+ CACTUS_STARTTIME=1702597873
+ '[' 1 = 1 ']'
+ '[' 0 -eq 0 ']'
+ /home/runner/simulations/TestJob01_temp_1/SIMFACTORY/exe/cactus_sim -L 3 /home/runner/simulations/TestJob01_temp_1/output-0000/arrangements/CarpetX/BoxInBox/test/regions2.par
INFO (Cactus): Increased logging level from 0 to 3
--------------------------------------------------------------------------------

       10                                  
  1   0101       ************************  
  01  1010 10      The Cactus Code V4.15.0    
 1010 1101 011      www.cactuscode.org     
  1001 100101    ************************  
    00010101                               
     100011     (c) Copyright The Authors  
      0100      GNU Licensed. No Warranty  
      0101                                 
--------------------------------------------------------------------------------

Cactus version:    4.15.0
Compile date:      Dec 14 2023 (23:49:24)
Run date:          Dec 14 2023 (23:51:14+0000)
Run host:          fv-az566-998.ut545be5203uvep113pmbghppc.ex.internal.cloudapp.net (pid=127697)
Working directory: /home/runner/simulations/TestJob01_temp_1/output-0000/TEST/sim/BoxInBox
Executable:        /home/runner/simulations/TestJob01_temp_1/SIMFACTORY/exe/cactus_sim
Parameter file:    /home/runner/simulations/TestJob01_temp_1/output-0000/arrangements/CarpetX/BoxInBox/test/regions2.par
--------------------------------------------------------------------------------

Activating thorn Cactus...Success -> active implementation Cactus
Activation requested for 
--->BoxInBox CarpetX CoordinatesX IOUtil<---
Thorn BoxInBox requests automatic activation of Loop
Thorn CarpetX requests automatic activation of AMReX
Thorn CarpetX requests automatic activation of MPI
Thorn CarpetX requests automatic activation of yaml_cpp
Thorn CarpetX requests automatic activation of zlib
Thorn CarpetX requests automatic activation of Arith
Thorn CarpetX requests automatic activation of ADIOS2
Thorn CarpetX requests automatic activation of openPMD
Thorn CarpetX requests automatic activation of Silo
Thorn Arith requests automatic activation of NSIMD
Thorn MPI requests automatic activation of hwloc
Thorn openPMD requests automatic activation of HDF5
Activating thorn ADIOS2...Success -> active implementation ADIOS2
Activating thorn AMReX...Success -> active implementation AMReX
Activating thorn Arith...Success -> active implementation Arith
Activating thorn BoxInBox...Success -> active implementation BoxInBox
Activating thorn CarpetX...Success -> active implementation CarpetX
Activating thorn CoordinatesX...Success -> active implementation CoordinatesX
Activating thorn HDF5...Success -> active implementation HDF5
Activating thorn hwloc...Success -> active implementation hwloc
Activating thorn IOUtil...Success -> active implementation IO
Activating thorn Loop...Success -> active implementation Loop
Activating thorn MPI...Success -> active implementation MPI
Activating thorn NSIMD...Success -> active implementation NSIMD
Activating thorn openPMD...Success -> active implementation openPMD
Activating thorn Silo...Success -> active implementation Silo
Activating thorn yaml_cpp...Success -> active implementation yaml_cpp
Activating thorn zlib...Success -> active implementation zlib
INFO (hwloc): library version 2.7.0, API version 0x20500
--------------------------------------------------------------------------------

  [34m  ▕▏  [34m  ▕▏  [34m  ▕▏  [34m  ▕▏  [34m  ▕▏  [34m  ▕▏  [34m  ▕▏  [34m  ▕▏  [34m  ▕▏  [39m  
  [34m──██──[34m──██──[34m──██──[34m──██──[34m──██──[34m──██──[34m──██──[34m──██──[34m──██──[39m  
  [34m  ▕▏  [34m  ▕▏  [34m  ▕▏  [34m  ▕▏  [34m  ▕▏  [34m  ▕▏  [34m  ▕▏  [34m  ▕▏  [34m  ▕▏  [39m  
  [34m  ▕▏  [32m██████[34m  ▕▏  [34m  ▕▏  [32m██████[34m  ▕▏  [34m  ▕▏  [32m██████[34m  ▕▏  [39m  
  [34m──██──[32m██████[34m──██──[34m──██──[32m██████[34m──██──[34m──██──[32m██████[34m──██──[39m  
  [34m  ▕▏  [32m██████[34m  ▕▏  [34m  ▕▏  [32m██████[34m  ▕▏  [34m  ▕▏  [32m██████[34m  ▕▏  [39m  
  [34m  ▕▏  [34m  ▕▏  [34m  ▕▏  [34m  ▕▏  [34m  ▕▏  [34m  ▕▏  [34m  ▕▏  [34m  ▕▏  [34m  ▕▏  [39m  
  [34m──██──[34m──██──[34m──██──[34m──██──[34m──██──[34m──██──[34m──██──[34m──██──[34m──██──[39m  
  [34m  ▕▏  [34m  ▕▏  [34m  ▕▏  [34m  ▕▏  [34m  ▕▏  [34m  ▕▏  [34m  ▕▏  [34m  ▕▏  [34m  ▕▏  [39m  
  [34m  ▕▏  [34m  ▕▏  [34m  ▕▏  [31m██████[31m██████[31m██████[34m  ▕▏  [34m  ▕▏  [34m  ▕▏  [39m  
  [34m──██──[34m──██──[34m──██──[31m██████[31m██████[31m██████[34m──██──[34m──██──[34m──██──[39m  
  [34m  ▕▏  [34m  ▕▏  [34m  ▕▏  [31m██████[31m██████[31m██████[34m  ▕▏  [34m  ▕▏  [34m  ▕▏  [39m  
  [34m  ▕▏  [32m██████[34m  ▕▏  [31m██████[31m██████[31m██████[34m  ▕▏  [32m██████[34m  ▕▏  [39m  
  [34m──██──[32m██████[34m──██──[31m██████[31m██████[31m██████[34m──██──[32m██████[34m──██──[39m  
  [34m  ▕▏  [32m██████[34m  ▕▏  [31m██████[31m██████[31m██████[34m  ▕▏  [32m██████[34m  ▕▏  [39m  
  [34m  ▕▏  [34m  ▕▏  [34m  ▕▏  [31m██████[31m██████[31m██████[34m  ▕▏  [34m  ▕▏  [34m  ▕▏  [39m  
  [34m──██──[34m──██──[34m──██──[31m██████[31m██████[31m██████[34m──██──[34m──██──[34m──██──[39m  
  [34m  ▕▏  [34m  ▕▏  [34m  ▕▏  [31m██████[31m██████[31m██████[34m  ▕▏  [34m  ▕▏  [34m  ▕▏  [39m  
  [34m  ▕▏  [34m  ▕▏  [34m  ▕▏  [34m  ▕▏  [34m  ▕▏  [34m  ▕▏  [34m  ▕▏  [34m  ▕▏  [34m  ▕▏  [39m  
  [34m──██──[34m──██──[34m──██──[34m──██──[34m──██──[34m──██──[34m──██──[34m──██──[34m──██──[39m  
  [34m  ▕▏  [34m  ▕▏  [34m  ▕▏  [34m  ▕▏  [34m  ▕▏  [34m  ▕▏  [34m  ▕▏  [34m  ▕▏  [34m  ▕▏  [39m  
  [34m  ▕▏  [32m██████[34m  ▕▏  [34m  ▕▏  [32m██████[34m  ▕▏  [34m  ▕▏  [32m██████[34m  ▕▏  [39m  
  [34m──██──[32m██████[34m──██──[34m──██──[32m██████[34m──██──[34m──██──[32m██████[34m──██──[39m  
  [34m  ▕▏  [32m██████[34m  ▕▏  [34m  ▕▏  [32m██████[34m  ▕▏  [34m  ▕▏  [32m██████[34m  ▕▏  [39m  
  [34m  ▕▏  [34m  ▕▏  [34m  ▕▏  [34m  ▕▏  [34m  ▕▏  [34m  ▕▏  [34m  ▕▏  [34m  ▕▏  [34m  ▕▏  [39m  
  [34m──██──[34m──██──[34m──██──[34m──██──[34m──██──[34m──██──[34m──██──[34m──██──[34m──██──[39m  
  [34m  ▕▏  [34m  ▕▏  [34m  ▕▏  [34m  ▕▏  [34m  ▕▏  [34m  ▕▏  [34m  ▕▏  [34m  ▕▏  [34m  ▕▏  [39m  

AMR driver provided by CarpetX,
using AMReX 23.08 (MPI, OpenMP, no accelerators, debug)
--------------------------------------------------------------------------------

MPI initialized with 1 MPI processes
MPI initialized with thread support level 2
OMP initialized with 2 OMP threads
AMReX (23.08) initialized
INFO (CarpetX): 
Symmetries:
  lower x: none
  lower y: none
  lower z: none
  upper x: none
  upper y: none
  upper z: none
Default boundaries:
  lower x: dirichlet
  lower y: dirichlet
  lower z: dirichlet
  upper x: dirichlet
  upper y: dirichlet
  upper z: dirichlet
INFO (Arith): Test_smallvector
INFO (Arith): Test_spvect
INFO (CarpetX): Setting up initial conditions...
INFO (CarpetX): Iteration: 0   time: 0   delta_time: 0.015625
INFO (CarpetX): Patch 0:
INFO (CarpetX):   Grid extent:
INFO (CarpetX):     gsh=[67,67,67]
INFO (CarpetX):     blocking_factor=[8,8,8]
INFO (CarpetX):     max_grid_size=[32,32,32]
INFO (CarpetX):     max_tile_size=[1024000,16,32]
INFO (CarpetX):   Domain extent:
INFO (CarpetX):     xmin=[-1,-1,-1]
INFO (CarpetX):     xmax=[1,1,1]
INFO (CarpetX):     base dx=[0.03125,0.03125,0.03125]
INFO (CarpetX): Initializing level 0...
INFO (CarpetX): Regridding...
INFO (CarpetX):   level 0: 8 boxes, 262144 cells (100%)
INFO (CarpetX):   level 1: 8 boxes, 262144 cells (12.5%, 12%)
INFO (CarpetX): Iteration: 0   time: 0   delta_time: 0.0078125
INFO (CarpetX): Initializing level 1...
INFO (CarpetX): Regridding...
INFO (CarpetX):   level 0: 8 boxes, 262144 cells (100%)
INFO (CarpetX):   level 1: 8 boxes, 262144 cells (12.5%, 12%)
INFO (CarpetX): Initialized 2 levels
INFO (CarpetX): OutputGH: iteration 0, time 0.000000, run time 1 s
INFO (CarpetX): OutputADIOS2...
INFO (CarpetX): OutputGH done.
INFO (CarpetX): Starting evolution...
INFO (CarpetX): Regridding...
INFO (CarpetX):   old levels 2, new levels 2
INFO (CarpetX):   level 0: 8 boxes, 262144 cells (100%)
INFO (CarpetX):   level 1: 8 boxes, 262144 cells (12.5%, 12%)
INFO (CarpetX): OutputGH: iteration 1, time 0.007812, run time 1 s
INFO (CarpetX): OutputGH done.
INFO (CarpetX): Simulation time: 0.0078125   Iterations per second: 19.2671   Simulation time per second: 0.150525
INFO (CarpetX): Grid cells: 524288   Grid cell updates per second: 1.01015e+07
INFO (CarpetX): Performance:
INFO (CarpetX):   total evolution time:            0.0519018 sec
INFO (CarpetX):   total evolution compute time:    0.0518939 sec
INFO (CarpetX):   total evolution output time:     7.86781e-06 sec
INFO (CarpetX):   total iterations:                1
INFO (CarpetX):   total cells updated:             524288
INFO (CarpetX):   average iterations per second: 19.2671
INFO (CarpetX):   average cell updates per second: 1.01015e+07
INFO (CarpetX): Regridding...
INFO (CarpetX):   old levels 2, new levels 2
INFO (CarpetX):   level 0: 8 boxes, 262144 cells (100%)
INFO (CarpetX):   level 1: 8 boxes, 262144 cells (12.5%, 12%)
INFO (CarpetX): OutputGH: iteration 2, time 0.015625, run time 1 s
INFO (CarpetX): OutputGH done.
INFO (CarpetX): Simulation time: 0.015625   Iterations per second: 19.2886   Simulation time per second: 0.150692
INFO (CarpetX): Grid cells: 524288   Grid cell updates per second: 1.01128e+07
INFO (CarpetX): Performance:
INFO (CarpetX):   total evolution time:            0.103746 sec
INFO (CarpetX):   total evolution compute time:    0.103729 sec
INFO (CarpetX):   total evolution output time:     1.69277e-05 sec
INFO (CarpetX):   total iterations:                2
INFO (CarpetX):   total cells updated:             1.04858e+06
INFO (CarpetX):   average iterations per second: 19.2779
INFO (CarpetX):   average cell updates per second: 1.01072e+07
INFO (CarpetX): Regridding...
INFO (CarpetX):   old levels 2, new levels 2
INFO (CarpetX):   level 0: 8 boxes, 262144 cells (100%)
INFO (CarpetX):   level 1: 8 boxes, 262144 cells (12.5%, 12%)
INFO (CarpetX): OutputGH: iteration 3, time 0.023438, run time 1 s
INFO (CarpetX): OutputGH done.
INFO (CarpetX): Simulation time: 0.0234375   Iterations per second: 19.2259   Simulation time per second: 0.150202
INFO (CarpetX): Grid cells: 524288   Grid cell updates per second: 1.00799e+07
INFO (CarpetX): Performance:
INFO (CarpetX):   total evolution time:            0.155759 sec
INFO (CarpetX):   total evolution compute time:    0.155733 sec
INFO (CarpetX):   total evolution output time:     2.59876e-05 sec
INFO (CarpetX):   total iterations:                3
INFO (CarpetX):   total cells updated:             1.57286e+06
INFO (CarpetX):   average iterations per second: 19.2605
INFO (CarpetX):   average cell updates per second: 1.00981e+07
INFO (CarpetX): Regridding...
INFO (CarpetX):   old levels 2, new levels 2
INFO (CarpetX):   level 0: 8 boxes, 262144 cells (100%)
INFO (CarpetX):   level 1: 8 boxes, 262144 cells (12.5%, 12%)
INFO (CarpetX): OutputGH: iteration 4, time 0.031250, run time 1 s
INFO (CarpetX): OutputGH done.
INFO (CarpetX): Simulation time: 0.03125   Iterations per second: 19.2826   Simulation time per second: 0.150646
INFO (CarpetX): Grid cells: 524288   Grid cell updates per second: 1.01097e+07
INFO (CarpetX): Performance:
INFO (CarpetX):   total evolution time:            0.207619 sec
INFO (CarpetX):   total evolution compute time:    0.207584 sec
INFO (CarpetX):   total evolution output time:     3.50475e-05 sec
INFO (CarpetX):   total iterations:                4
INFO (CarpetX):   total cells updated:             2.09715e+06
INFO (CarpetX):   average iterations per second: 19.266
INFO (CarpetX):   average cell updates per second: 1.0101e+07
INFO (CarpetX): Regridding...
INFO (CarpetX):   old levels 2, new levels 2
INFO (CarpetX):   level 0: 8 boxes, 262144 cells (100%)
INFO (CarpetX):   level 1: 8 boxes, 262144 cells (12.5%, 12%)
INFO (CarpetX): OutputGH: iteration 5, time 0.039062, run time 1 s
INFO (CarpetX): OutputGH done.
INFO (CarpetX): Simulation time: 0.0390625   Iterations per second: 19.2741   Simulation time per second: 0.150579
INFO (CarpetX): Grid cells: 524288   Grid cell updates per second: 1.01052e+07
INFO (CarpetX): Performance:
INFO (CarpetX):   total evolution time:            0.259502 sec
INFO (CarpetX):   total evolution compute time:    0.259457 sec
INFO (CarpetX):   total evolution output time:     4.50611e-05 sec
INFO (CarpetX):   total iterations:                5
INFO (CarpetX):   total cells updated:             2.62144e+06
INFO (CarpetX):   average iterations per second: 19.2677
INFO (CarpetX):   average cell updates per second: 1.01018e+07
INFO (CarpetX): Regridding...
INFO (CarpetX):   old levels 2, new levels 2
INFO (CarpetX):   level 0: 8 boxes, 262144 cells (100%)
INFO (CarpetX):   level 1: 8 boxes, 262144 cells (12.5%, 12%)
INFO (CarpetX): OutputGH: iteration 6, time 0.046875, run time 1 s
INFO (CarpetX): OutputGH done.
INFO (CarpetX): Simulation time: 0.046875   Iterations per second: 19.305   Simulation time per second: 0.15082
INFO (CarpetX): Grid cells: 524288   Grid cell updates per second: 1.01214e+07
INFO (CarpetX): Performance:
INFO (CarpetX):   total evolution time:            0.311302 sec
INFO (CarpetX):   total evolution compute time:    0.311248 sec
INFO (CarpetX):   total evolution output time:     5.38826e-05 sec
INFO (CarpetX):   total iterations:                6
INFO (CarpetX):   total cells updated:             3.14573e+06
INFO (CarpetX):   average iterations per second: 19.2739
INFO (CarpetX):   average cell updates per second: 1.01051e+07
INFO (CarpetX): Regridding...
INFO (CarpetX):   old levels 2, new levels 2
INFO (CarpetX):   level 0: 8 boxes, 262144 cells (100%)
INFO (CarpetX):   level 1: 8 boxes, 262144 cells (12.5%, 12%)
INFO (CarpetX): OutputGH: iteration 7, time 0.054688, run time 1 s
INFO (CarpetX): OutputGH done.
INFO (CarpetX): Simulation time: 0.0546875   Iterations per second: 19.2775   Simulation time per second: 0.150606
INFO (CarpetX): Grid cells: 524288   Grid cell updates per second: 1.0107e+07
INFO (CarpetX): Performance:
INFO (CarpetX):   total evolution time:            0.363176 sec
INFO (CarpetX):   total evolution compute time:    0.363113 sec
INFO (CarpetX):   total evolution output time:     6.27041e-05 sec
INFO (CarpetX):   total iterations:                7
INFO (CarpetX):   total cells updated:             3.67002e+06
INFO (CarpetX):   average iterations per second: 19.2744
INFO (CarpetX):   average cell updates per second: 1.01053e+07
INFO (CarpetX): Regridding...
INFO (CarpetX):   old levels 2, new levels 2
INFO (CarpetX):   level 0: 8 boxes, 262144 cells (100%)
INFO (CarpetX):   level 1: 8 boxes, 262144 cells (12.5%, 12%)
INFO (CarpetX): OutputGH: iteration 8, time 0.062500, run time 2 s
INFO (CarpetX): OutputGH done.
INFO (CarpetX): Simulation time: 0.0625   Iterations per second: 19.3076   Simulation time per second: 0.150841
INFO (CarpetX): Grid cells: 524288   Grid cell updates per second: 1.01227e+07
INFO (CarpetX): Performance:
INFO (CarpetX):   total evolution time:            0.414969 sec
INFO (CarpetX):   total evolution compute time:    0.414897 sec
INFO (CarpetX):   total evolution output time:     7.1764e-05 sec
INFO (CarpetX):   total iterations:                8
INFO (CarpetX):   total cells updated:             4.1943e+06
INFO (CarpetX):   average iterations per second: 19.2785
INFO (CarpetX):   average cell updates per second: 1.01075e+07
INFO (CarpetX): Regridding...
INFO (CarpetX):   old levels 2, new levels 2
INFO (CarpetX):   level 0: 8 boxes, 262144 cells (100%)
INFO (CarpetX):   level 1: 8 boxes, 262144 cells (12.5%, 12%)
INFO (CarpetX): OutputGH: iteration 9, time 0.070312, run time 2 s
INFO (CarpetX): OutputGH done.
INFO (CarpetX): Simulation time: 0.0703125   Iterations per second: 19.3062   Simulation time per second: 0.150829
INFO (CarpetX): Grid cells: 524288   Grid cell updates per second: 1.0122e+07
INFO (CarpetX): Performance:
INFO (CarpetX):   total evolution time:            0.466766 sec
INFO (CarpetX):   total evolution compute time:    0.466685 sec
INFO (CarpetX):   total evolution output time:     8.08239e-05 sec
INFO (CarpetX):   total iterations:                9
INFO (CarpetX):   total cells updated:             4.71859e+06
INFO (CarpetX):   average iterations per second: 19.2816
INFO (CarpetX):   average cell updates per second: 1.01091e+07
INFO (CarpetX): Regridding...
INFO (CarpetX):   old levels 2, new levels 2
INFO (CarpetX):   level 0: 8 boxes, 262144 cells (100%)
INFO (CarpetX):   level 1: 8 boxes, 262144 cells (12.5%, 12%)
INFO (CarpetX): OutputGH: iteration 10, time 0.078125, run time 2 s
INFO (CarpetX): OutputADIOS2...
INFO (CarpetX): OutputGH done.
INFO (CarpetX): Simulation time: 0.078125   Iterations per second: 9.26081   Simulation time per second: 0.0723501
INFO (CarpetX): Grid cells: 524288   Grid cell updates per second: 4.85533e+06
INFO (CarpetX): Performance:
INFO (CarpetX):   total evolution time:            0.574748 sec
INFO (CarpetX):   total evolution compute time:    0.518482 sec
INFO (CarpetX):   total evolution output time:     0.0562658 sec
INFO (CarpetX):   total iterations:                10
INFO (CarpetX):   total cells updated:             5.24288e+06
INFO (CarpetX):   average iterations per second: 17.3989
INFO (CarpetX):   average cell updates per second: 9.12205e+06
INFO (CarpetX): Shutting down...
AMReX (23.08) finalized
--------------------------------------------------------------------------------
Done.
+ echo Stopping:
Stopping:
+ date
Thu Dec 14 23:51:15 UTC 2023
+ echo Done.
Done.
  Elapsed time: 1.5 s
