/home/runner/simulations/TestJob01_temp_1/output-0000/TEST/sim/MemSpeed
Preparing:
+ set -e
+ cd output-0000-active
+ echo Checking:
Checking:
+ pwd
/home/runner/simulations/TestJob01_temp_1/output-0000/TEST/sim/MemSpeed/output-0000-active
+ hostname
fv-az1040-765
+ date
Thu Nov  7 17:32:54 UTC 2024
+ echo Environment:
Environment:
+ export CACTUS_NUM_PROCS=1
+ CACTUS_NUM_PROCS=1
+ export CACTUS_NUM_THREADS=2
+ CACTUS_NUM_THREADS=2
+ export GMON_OUT_PREFIX=gmon.out
+ GMON_OUT_PREFIX=gmon.out
+ export OMP_NUM_THREADS=2
+ OMP_NUM_THREADS=2
+ env
+ sort
+ echo Starting:
Starting:
++ date +%s
+ export CACTUS_STARTTIME=1731000774
+ CACTUS_STARTTIME=1731000774
+ '[' 1 = 1 ']'
+ '[' 0 -eq 0 ']'
+ /home/runner/simulations/TestJob01_temp_1/SIMFACTORY/exe/cactus_sim -L 3 /home/runner/simulations/TestJob01_temp_1/output-0000/arrangements/CactusUtils/MemSpeed/test/memspeed.par
INFO (Cactus): Increased logging level from 0 to 3
--------------------------------------------------------------------------------

       10                                  
  1   0101       ************************  
  01  1010 10      The Cactus Code V4.16.0    
 1010 1101 011      www.cactuscode.org     
  1001 100101    ************************  
    00010101                               
     100011     (c) Copyright The Authors  
      0100      GNU Licensed. No Warranty  
      0101                                 
--------------------------------------------------------------------------------

Cactus version:    4.16.0
Compile date:      Nov 07 2024 (17:26:14)
Run date:          Nov 07 2024 (17:32:55+0000)
Run host:          fv-az1040-765.0dilqmdz4mhurinb4xzj4l1lvc.bx.internal.cloudapp.net (pid=131483)
Working directory: /home/runner/simulations/TestJob01_temp_1/output-0000/TEST/sim/MemSpeed
Executable:        /home/runner/simulations/TestJob01_temp_1/SIMFACTORY/exe/cactus_sim
Parameter file:    /home/runner/simulations/TestJob01_temp_1/output-0000/arrangements/CactusUtils/MemSpeed/test/memspeed.par
--------------------------------------------------------------------------------

Activating thorn Cactus...Success -> active implementation Cactus
Activation requested for 
--->hwloc MemSpeed SystemTopology CartGrid3D CoordBase IOASCII IOUtil PUGH PUGHSlab<---
Thorn hwloc requests automatic activation of zlib
Thorn MemSpeed requests automatic activation of Vectors
Thorn MemSpeed requests automatic activation of MPI
Activating thorn CartGrid3D...Success -> active implementation grid
Activating thorn CoordBase...Success -> active implementation CoordBase
Activating thorn hwloc...Success -> active implementation hwloc
Activating thorn IOASCII...Success -> active implementation IOASCII
Activating thorn IOUtil...Success -> active implementation IO
Activating thorn MemSpeed...Success -> active implementation MemSpeed
Activating thorn MPI...Success -> active implementation MPI
Activating thorn PUGH...Success -> active implementation Driver
Activating thorn PUGHSlab...Success -> active implementation Hyperslab
Activating thorn SystemTopology...Success -> active implementation SystemTopology
Activating thorn Vectors...Success -> active implementation Vectors
Activating thorn zlib...Success -> active implementation zlib
--------------------------------------------------------------------------------
  if (recover initial data)
    Recover parameters
  endif

  Startup routines
    [CCTK_STARTUP]
      CartGrid3D::SymmetryStartup: Register GH Extension for GridSymmetry
      CoordBase::CoordBase_Startup: Register a GH extension to store the coordinate system handles
      GROUP hwloc_startup: hwloc startup group
        hwloc::hwloc_version: Output hwloc version
      SystemTopology::ST_system_topology: Output and/or modify system topology and hardware locality
      PUGH::Driver_Startup: Startup routine
      PUGH::PUGH_RegisterPUGHP2LRoutines: Register Physical to Logical process mapping routines
      PUGH::PUGH_RegisterPUGHTopologyRoutines: Register topology generation routines routines
      IOUtil::IOUtil_Startup: Startup routine
      Vectors::Vectors_Startup: Print startup message
      IOASCII::IOASCII_Startup: Startup routine

  Startup routines which need an existing grid hierarchy
    [CCTK_WRAGH]
      CartGrid3D::RegisterCartGrid3DCoords: [meta] Register coordinates for the Cartesian grid
      MemSpeed::MemSpeed_MeasureSpeed: [meta] Measure CPU, memory, cache speeds
  Parameter checking routines
    [CCTK_PARAMCHECK]
      CartGrid3D::ParamCheck_CartGrid3D: Check coordinates for CartGrid3D
      Vectors::Vectors_Test: Run correctness tests.

  Initialisation
    if (NOT (recover initial data AND recovery_mode is 'strict'))
      [CCTK_PREREGRIDINITIAL]
      Set up grid hierarchy
      [CCTK_POSTREGRIDINITIAL]
        CartGrid3D::SpatialCoordinates: Set Coordinates after regridding
      [CCTK_BASEGRID]
        CartGrid3D::SpatialSpacings: Set up ranges for spatial 3D Cartesian coordinates (on all grids)
        CartGrid3D::SpatialCoordinates: Set up spatial 3D Cartesian coordinates on the GH
        IOASCII::IOASCII_Choose1D: Choose 1D output lines
        IOASCII::IOASCII_Choose2D: Choose 2D output planes
        PUGH::PUGH_Report: Report on PUGH set up
      [CCTK_INITIAL]
      [CCTK_POSTINITIAL]
      Initialise finer grids recursively
      Restrict from finer grids
      [CCTK_POSTRESTRICTINITIAL]
      [CCTK_POSTPOSTINITIAL]
      [CCTK_POSTSTEP]
    endif
    if (recover initial data)
      [CCTK_BASEGRID]
        CartGrid3D::SpatialSpacings: Set up ranges for spatial 3D Cartesian coordinates (on all grids)
        CartGrid3D::SpatialCoordinates: Set up spatial 3D Cartesian coordinates on the GH
        IOASCII::IOASCII_Choose1D: Choose 1D output lines
        IOASCII::IOASCII_Choose2D: Choose 2D output planes
        PUGH::PUGH_Report: Report on PUGH set up
      [CCTK_RECOVER_VARIABLES]
      [CCTK_POST_RECOVER_VARIABLES]
    endif
    if (checkpoint initial data)
      [CCTK_CPINITIAL]
    endif
    if (analysis)
      [CCTK_ANALYSIS]
  endif
  Output grid variables

  do loop over timesteps
    [CCTK_PREREGRID]
    Change grid hierarchy
    [CCTK_POSTREGRID]
      CartGrid3D::SpatialCoordinates: Set Coordinates after regridding
    Rotate timelevels
    iteration = iteration+1
    t = t+dt
    [CCTK_PRESTEP]
    [CCTK_EVOL]
    Evolve finer grids recursively
    Restrict from finer grids
    [CCTK_POSTRESTRICT]
    [CCTK_POSTSTEP]
    if (checkpoint)
      [CCTK_CHECKPOINT]
    endif
    if (analysis)
      [CCTK_ANALYSIS]
    endif
    Output grid variables
    enddo

  Termination routines
    [CCTK_TERMINATE]
      PUGH::Driver_Terminate: Termination routine

  Shutdown routines
    [CCTK_SHUTDOWN]

  Routines run after changing the grid hierarchy:
    [CCTK_POSTREGRID]
      CartGrid3D::SpatialCoordinates: Set Coordinates after regridding
--------------------------------------------------------------------------------
INFO (hwloc): library version 2.7.0, API version 0x20500
INFO (SystemTopology): MPI process-to-host mapping:
This is MPI process 0 of 1
MPI hosts:
  0: fv-az1040-765
This MPI process runs on host 0 of 1
On this host, this is MPI process 0 of 1
INFO (SystemTopology): Topology support:
Discovery support:
  discovery->pu                            : yes
CPU binding support:
  cpubind->set_thisproc_cpubind            : yes
  cpubind->get_thisproc_cpubind            : yes
  cpubind->set_proc_cpubind                : yes
  cpubind->get_proc_cpubind                : yes
  cpubind->set_thisthread_cpubind          : yes
  cpubind->get_thisthread_cpubind          : yes
  cpubind->set_thread_cpubind              : yes
  cpubind->get_thread_cpubind              : yes
  cpubind->get_thisproc_last_cpu_location  : yes
  cpubind->get_proc_last_cpu_location      : yes
  cpubind->get_thisthread_last_cpu_location: yes
Memory binding support:
  membind->set_thisproc_membind            : no
  membind->get_thisproc_membind            : no
  membind->set_proc_membind                : no
  membind->get_proc_membind                : no
  membind->set_thisthread_membind          : yes
  membind->get_thisthread_membind          : yes
  membind->set_area_membind                : yes
  membind->get_area_membind                : yes
  membind->alloc_membind                   : yes
  membind->firsttouch_membind              : yes
  membind->bind_membind                    : yes
  membind->interleave_membind              : yes
  membind->nexttouch_membind               : no
  membind->migrate_membind                 : yes
INFO (SystemTopology): Hardware objects in this node:
Machine L#0: (P#0, total=16364592KB, DMIProductName="Virtual Machine", DMIProductVersion=7.0, DMIProductUUID=6ae1b645-2738-dc42-9c45-01b7be08f272, DMIBoardVendor="Microsoft Corporation", DMIBoardName="Virtual Machine", DMIBoardVersion=7.0, DMIChassisVendor="Microsoft Corporation", DMIChassisType=3, DMIChassisVersion=7.0, DMIChassisAssetTag=7783-7084-3265-9085-8269-3286-77, DMIBIOSVendor="American Megatrends Inc.", DMIBIOSVersion="090008 ", DMIBIOSDate=12/07/2018, DMISysVendor="Microsoft Corporation", Backend=Linux, LinuxCgroup=/system.slice/runner-provisioner.service, OSName=Linux, OSRelease=6.5.0-1025-azure, OSVersion="#26~22.04.1-Ubuntu SMP Thu Jul 11 22:33:04 UTC 2024", HostName=fv-az1040-765, Architecture=x86_64, hwlocVersion=2.7.0, ProcessName=cactus_sim)
  Package L#0: (P#0, total=16364592KB, CPUVendor=AuthenticAMD, CPUFamilyNumber=25, CPUModelNumber=1, CPUModel="AMD EPYC 7763 64-Core Processor                ", CPUStepping=1)
    L3Cache L#0: (P#0, size=32768KB, linesize=64, ways=16, Inclusive=0)
      L2Cache L#0: (P#0, size=512KB, linesize=64, ways=8, Inclusive=1)
        L1dCache L#0: (P#0, size=32KB, linesize=64, ways=8, Inclusive=0)
          Core L#0: (P#0)
            PU L#0: (P#0)
            PU L#1: (P#1)
      L2Cache L#1: (P#1, size=512KB, linesize=64, ways=8, Inclusive=1)
        L1dCache L#1: (P#1, size=32KB, linesize=64, ways=8, Inclusive=0)
          Core L#1: (P#1)
            PU L#2: (P#2)
            PU L#3: (P#3)
INFO (SystemTopology): Thread CPU bindings:
  MPI process 0 on host 0 (process 0 of 1 on this host)
    OpenMP thread 0: PU set L#{0-3} P#{0-3}
    OpenMP thread 1: PU set L#{0-3} P#{0-3}
INFO (SystemTopology): Setting thread CPU bindings:
INFO (SystemTopology): Thread CPU bindings:
  MPI process 0 on host 0 (process 0 of 1 on this host)
    OpenMP thread 0: PU set L#{0} P#{0}
    OpenMP thread 1: PU set L#{2} P#{2}
INFO (SystemTopology): Extracting CPU/cache/memory properties:
  There are 2 PUs per core (aka hardware SMT threads)
  There are 1 threads per core (aka SMT threads used)
  Cache (unknown name) has type "data" depth 1
    size 32768 linesize 64 associativity 8 stride 4096, for 2 PUs
  Cache (unknown name) has type "unified" depth 2
    size 524288 linesize 64 associativity 8 stride 65536, for 2 PUs
  Cache (unknown name) has type "unified" depth 3
    size 33554432 linesize 64 associativity 16 stride 2097152, for 4 PUs
INFO (PUGH): Using physical to logical mappings: direct
INFO (PUGH): Using topology generator: automatic
INFO (Vectors): Using vector size 2 for architecture SSE2 (64-bit precision)
--------------------------------------------------------------------------------
Driver provided by PUGH
--------------------------------------------------------------------------------

INFO (PUGH): Not setting up a topology for 1 dimensions
INFO (PUGH): Not setting up a topology for 2 dimensions
INFO (PUGH): Setting up a topology for 3 dimensions
INFO (IOASCII): I/O Method 'IOASCII_1D' registered: output of 1D lines of grid functions/arrays to ASCII files
INFO (IOASCII): Periodic 1D output every 1 iterations
INFO (IOASCII): Periodic 1D output requested for 'GRID::r'
INFO (IOASCII): I/O Method 'IOASCII_2D' registered: output of 2D planes of grid functions/arrays to ASCII files
INFO (IOASCII): Periodic 2D output turned off
INFO (IOASCII): I/O Method 'IOASCII_3D' registered: output of 3D grid functions/arrays to ASCII files
INFO (IOASCII): Periodic 3D output turned off
INFO (MemSpeed): Measuring CPU, cache, memory, and communication speeds:
  Single-core measurements (using 1 MPI processes with 1 OpenMP threads each):
    CPU frequency:
      iterations=1000000... time=0.001255 sec
      iterations=10000000... time=0.0124903 sec
      iterations=100000000... time=0.123941 sec
      iterations=900000000... time=1.11513 sec
      iterations=900000000... time=0.835467 sec
      result: 6.43628 GHz
    CPU floating point performance:
      iterations=1000000... time=0.00196928 sec
      iterations=10000000... time=0.0197527 sec
      iterations=100000000... time=0.197357 sec
      iterations=600000000... time=1.18408 sec
      result: 16.2152 Gflop/sec
    CPU integer performance:
      iterations=1000000... time=0.00186595 sec
      iterations=10000000... time=0.018615 sec
      iterations=100000000... time=0.185655 sec
      iterations=600000000... time=1.11382 sec
      result: 8.61901 Giop/sec
    Read latency of D1 cache (for 2 PUs) (using 1*24576 bytes):
      iterations=1000... time=0.000124182 sec
      iterations=10000... time=0.00123764 sec
      iterations=100000... time=0.0123607 sec
      iterations=1000000... time=0.123639 sec
      iterations=9000000... time=1.11309 sec
      result: 1.23677 nsec
    Read latency of L2 cache (for 2 PUs) (using 1*393216 bytes):
      iterations=1000... time=0.000560604 sec
      iterations=10000... time=0.00494989 sec
      iterations=100000... time=0.0486542 sec
      iterations=1000000... time=0.468798 sec
      iterations=2000000... time=0.977099 sec
      iterations=4000000... time=1.94719 sec
      result: 4.86799 nsec
    Read latency of L3 cache (for 4 PUs) (using 1*25165824 bytes):
      [skipped -- avoiding large-memory benchmarks]
    Read bandwidth of D1 cache (for 2 PUs) (using 1*24576 bytes):
      iterations=1... time=5.91e-07 sec
      iterations=10... time=4.458e-06 sec
      iterations=100... time=4.1568e-05 sec
      iterations=1000... time=0.000414382 sec
      iterations=10000... time=0.00288549 sec
      iterations=100000... time=0.0252077 sec
      iterations=1000000... time=0.242239 sec
      iterations=5000000... time=1.21068 sec
      result: 101.497 GByte/sec
    Read bandwidth of L2 cache (for 2 PUs) (using 1*393216 bytes):
      iterations=1... time=7.424e-06 sec
      iterations=10... time=6.2537e-05 sec
      iterations=100... time=0.000575573 sec
      iterations=1000... time=0.00560639 sec
      iterations=10000... time=0.0561716 sec
      iterations=100000... time=0.516067 sec
      iterations=200000... time=1.02882 sec
      result: 76.44 GByte/sec
    Read bandwidth of L3 cache (for 4 PUs) (using 1*25165824 bytes):
      [skipped -- avoiding large-memory benchmarks]
    Write latency of D1 cache (for 2 PUs) (using 1*24576 bytes):
      iterations=1000... time=2.575e-06 sec
      iterations=10000... time=2.4807e-05 sec
      iterations=100000... time=0.00024671 sec
      iterations=1000000... time=0.0024663 sec
      iterations=10000000... time=0.0247837 sec
      iterations=100000000... time=0.247396 sec
      iterations=400000000... time=0.992313 sec
      iterations=800000000... time=1.9795 sec
      result: 0.309297 nsec
    Write latency of L2 cache (for 2 PUs) (using 1*393216 bytes):
      iterations=1000... time=1.3556e-05 sec
      iterations=10000... time=0.00012291 sec
      iterations=100000... time=0.00150197 sec
      iterations=1000000... time=0.0146016 sec
      iterations=10000000... time=0.148845 sec
      iterations=70000000... time=1.0549 sec
      result: 1.88376 nsec
    Write latency of L3 cache (for 4 PUs) (using 1*25165824 bytes):
      [skipped -- avoiding large-memory benchmarks]
    Write bandwidth of D1 cache (for 2 PUs) (using 1*24576 bytes):
      iterations=1... time=3.81e-07 sec
      iterations=10... time=3.577e-06 sec
      iterations=100... time=3.6207e-05 sec
      iterations=1000... time=0.000285715 sec
      iterations=10000... time=0.0027783 sec
      iterations=100000... time=0.0276883 sec
      iterations=1000000... time=0.276696 sec
      iterations=4000000... time=1.1079 sec
      result: 88.7299 GByte/sec
    Write bandwidth of L2 cache (for 2 PUs) (using 1*393216 bytes):
      iterations=1... time=8.947e-06 sec
      iterations=10... time=7.2705e-05 sec
      iterations=100... time=0.000668316 sec
      iterations=1000... time=0.00589011 sec
      iterations=10000... time=0.0518602 sec
      iterations=100000... time=0.489985 sec
      iterations=200000... time=0.979696 sec
      iterations=400000... time=1.95828 sec
      result: 80.3186 GByte/sec
    Write bandwidth of L3 cache (for 4 PUs) (using 1*25165824 bytes):
      [skipped -- avoiding large-memory benchmarks]
    Stencil code performance of D1 cache (for 2 PUs) (using 1*12^3 grid points, 1*27648 bytes):
      iterations=1... time=2.7902e-05 sec
      iterations=10... time=0.000410837 sec
      iterations=100... time=0.00405493 sec
      iterations=1000... time=0.0403488 sec
      iterations=10000... time=0.386335 sec
      iterations=30000... time=1.10075 sec
      result: 0.0470953 Gupdates/sec
    Stencil code performance of L2 cache (for 2 PUs) (using 1*29^3 grid points, 1*390224 bytes):
      iterations=1... time=0.000173083 sec
      iterations=10... time=0.00163132 sec
      iterations=100... time=0.0171925 sec
      iterations=1000... time=0.174866 sec
      iterations=6000... time=0.970411 sec
      iterations=12000... time=2.00514 sec
      result: 0.145959 Gupdates/sec
    Stencil code performance of L3 cache (for 4 PUs) (using 1*116^3 grid points, 1*24974336 bytes):
      iterations=1... time=0.076651 sec
      iterations=10... time=0.713527 sec
      iterations=20... time=1.39117 sec
      result: 0.0224401 Gupdates/sec
  Single-node measurements (using 1 MPI processes with 2 OpenMP threads each):
    CPU frequency:
      iterations=1000000... time=0.00135543 sec
      iterations=10000000... time=0.0124203 sec
      iterations=100000000... time=0.123979 sec
      iterations=900000000... time=1.11565 sec
      iterations=900000000... time=0.835549 sec
      result: 6.4263 GHz
    CPU floating point performance:
      iterations=1000000... time=0.00197822 sec
      iterations=10000000... time=0.0197393 sec
      iterations=100000000... time=0.197313 sec
      iterations=600000000... time=1.18388 sec
      result: 16.2178 Gflop/sec
    CPU integer performance:
      iterations=1000000... time=0.00187823 sec
      iterations=10000000... time=0.0185568 sec
      iterations=100000000... time=0.185752 sec
      iterations=600000000... time=1.11776 sec
      result: 8.58859 Giop/sec
    Read latency of D1 cache (for 2 PUs) (using 2*24576 bytes):
      iterations=1000... time=0.000124472 sec
      iterations=10000... time=0.00124579 sec
      iterations=100000... time=0.0123654 sec
      iterations=1000000... time=0.123705 sec
      iterations=9000000... time=1.11344 sec
      result: 1.23716 nsec
    Read latency of L2 cache (for 2 PUs) (using 2*393216 bytes):
      iterations=1000... time=0.000490244 sec
      iterations=10000... time=0.00485444 sec
      iterations=100000... time=0.0479882 sec
      iterations=1000000... time=0.476556 sec
      iterations=2000000... time=0.951837 sec
      iterations=4000000... time=1.90036 sec
      result: 4.75089 nsec
    Read latency of L3 cache (for 4 PUs) (using 1*25165824 bytes):
      [skipped -- avoiding large-memory benchmarks]
    Read bandwidth of D1 cache (for 2 PUs) (using 2*24576 bytes):
      iterations=1... time=4.66e-07 sec
      iterations=10... time=3.9525e-06 sec
      iterations=100... time=4.1352e-05 sec
      iterations=1000... time=0.000381463 sec
      iterations=10000... time=0.00269267 sec
      iterations=100000... time=0.0242155 sec
      iterations=1000000... time=0.243207 sec
      iterations=5000000... time=1.2122 sec
      result: 101.369 GByte/sec
    Read bandwidth of L2 cache (for 2 PUs) (using 2*393216 bytes):
      iterations=1... time=9.3575e-06 sec
      iterations=10... time=6.6224e-05 sec
      iterations=100... time=0.000600842 sec
      iterations=1000... time=0.00599908 sec
      iterations=10000... time=0.0556926 sec
      iterations=100000... time=0.506698 sec
      iterations=200000... time=1.00989 sec
      result: 77.8733 GByte/sec
    Read bandwidth of L3 cache (for 4 PUs) (using 1*25165824 bytes):
      [skipped -- avoiding large-memory benchmarks]
    Write latency of D1 cache (for 2 PUs) (using 2*24576 bytes):
      iterations=1000... time=3.4765e-06 sec
      iterations=10000... time=3.46845e-05 sec
      iterations=100000... time=0.000313465 sec
      iterations=1000000... time=0.002605 sec
      iterations=10000000... time=0.0248195 sec
      iterations=100000000... time=0.248535 sec
      iterations=400000000... time=0.99173 sec
      iterations=800000000... time=1.98348 sec
      result: 0.309919 nsec
    Write latency of L2 cache (for 2 PUs) (using 2*393216 bytes):
      iterations=1000... time=1.29845e-05 sec
      iterations=10000... time=0.000107666 sec
      iterations=100000... time=0.00115046 sec
      iterations=1000000... time=0.0119204 sec
      iterations=10000000... time=0.118249 sec
      iterations=90000000... time=1.0594 sec
      result: 1.47139 nsec
    Write latency of L3 cache (for 4 PUs) (using 1*25165824 bytes):
      [skipped -- avoiding large-memory benchmarks]
    Write bandwidth of D1 cache (for 2 PUs) (using 2*24576 bytes):
      iterations=1... time=4.655e-07 sec
      iterations=10... time=3.612e-06 sec
      iterations=100... time=3.44595e-05 sec
      iterations=1000... time=0.000306311 sec
      iterations=10000... time=0.002763 sec
      iterations=100000... time=0.0268474 sec
      iterations=1000000... time=0.268989 sec
      iterations=4000000... time=1.08092 sec
      result: 90.945 GByte/sec
    Write bandwidth of L2 cache (for 2 PUs) (using 2*393216 bytes):
      iterations=1... time=1.1591e-05 sec
      iterations=10... time=8.4162e-05 sec
      iterations=100... time=0.000796626 sec
      iterations=1000... time=0.0064053 sec
      iterations=10000... time=0.0533508 sec
      iterations=100000... time=0.474716 sec
      iterations=200000... time=0.948791 sec
      iterations=400000... time=1.89555 sec
      result: 82.9768 GByte/sec
    Write bandwidth of L3 cache (for 4 PUs) (using 1*25165824 bytes):
      [skipped -- avoiding large-memory benchmarks]
    Stencil code performance of D1 cache (for 2 PUs) (using 1*12^3 grid points, 1*27648 bytes):
      iterations=1... time=6.051e-06 sec
      iterations=10... time=0.000101364 sec
      iterations=100... time=0.00109758 sec
      iterations=1000... time=0.0106117 sec
      iterations=10000... time=0.106203 sec
      iterations=100000... time=1.03531 sec
      result: 0.166907 Gupdates/sec
    Stencil code performance of L2 cache (for 2 PUs) (using 1*29^3 grid points, 1*390224 bytes):
      iterations=1... time=4.7864e-05 sec
      iterations=10... time=0.000500674 sec
      iterations=100... time=0.00444133 sec
      iterations=1000... time=0.0445535 sec
      iterations=10000... time=0.443085 sec
      iterations=20000... time=0.893769 sec
      iterations=40000... time=1.85294 sec
      result: 0.526492 Gupdates/sec
    Stencil code performance of L3 cache (for 4 PUs) (using 1*116^3 grid points, 1*24974336 bytes):
      iterations=1... time=0.00120656 sec
      iterations=10... time=0.0147422 sec
      iterations=100... time=0.129804 sec
      iterations=800... time=0.97344 sec
      iterations=1600... time=1.87584 sec
      result: 1.33137 Gupdates/sec
INFO (Vectors): Testing vectorisation... [errors may result in segfaults]
INFO (Vectors): 375/375 tests passed 
INFO (CartGrid3D): Grid Spacings:
INFO (CartGrid3D): dx=>1.1111111e-01  dy=>1.1111111e-01  dz=>1.1111111e-01
INFO (CartGrid3D): Computational Coordinates:
INFO (CartGrid3D): x=>[-0.500, 0.500]  y=>[-0.500, 0.500]  z=>[-0.500, 0.500]
INFO (CartGrid3D): Indices of Physical Coordinates:
INFO (CartGrid3D): x=>[0,9]  y=>[0,9]  z=>[0,9]
INFO (PUGH): MPI Evolution on 1 processors
INFO (PUGH): 3-dimensional grid functions
INFO (PUGH):   Size: 10 10 10
INFO (PUGH):   Processor topology: 1 x 1 x 1
INFO (PUGH):   Local load: 1000   [10 x 10 x 10]
INFO (PUGH):   Maximum load skew: 0.000000
--------------------------------------------------------------------------------
Done.
+ echo Stopping:
Stopping:
+ date
Thu Nov  7 17:34:01 UTC 2024
+ echo Done.
Done.
  Elapsed time: 66.8 s
