/home/runner/simulations/TestJob01_temp_2/output-0000/TEST/sim/BoxInBox
Preparing:
+ set -e
+ cd output-0000-active
+ echo Checking:
Checking:
+ pwd
/home/runner/simulations/TestJob01_temp_2/output-0000/TEST/sim/BoxInBox/output-0000-active
+ hostname
fv-az736-57
+ date
Wed Nov 15 06:34:20 UTC 2023
+ echo Environment:
Environment:
+ export CACTUS_NUM_PROCS=2
+ CACTUS_NUM_PROCS=2
+ export CACTUS_NUM_THREADS=1
+ CACTUS_NUM_THREADS=1
+ export GMON_OUT_PREFIX=gmon.out
+ GMON_OUT_PREFIX=gmon.out
+ export OMP_NUM_THREADS=1
+ OMP_NUM_THREADS=1
+ env
+ sort
+ echo Starting:
Starting:
++ date +%s
+ export CACTUS_STARTTIME=1700030060
+ CACTUS_STARTTIME=1700030060
+ '[' 2 = 1 ']'
+ mpirun -np 2 /home/runner/simulations/TestJob01_temp_2/SIMFACTORY/exe/cactus_sim -L 3 /home/runner/simulations/TestJob01_temp_2/output-0000/arrangements/CarpetX/BoxInBox/test/levels2.par
INFO (Cactus): Increased logging level from 0 to 3
--------------------------------------------------------------------------------

       10                                  
  1   0101       ************************  
  01  1010 10      The Cactus Code V4.14.0    
 1010 1101 011      www.cactuscode.org     
  1001 100101    ************************  
    00010101                               
     100011     (c) Copyright The Authors  
      0100      GNU Licensed. No Warranty  
      0101                                 
--------------------------------------------------------------------------------

Cactus version:    4.14.0
Compile date:      Nov 15 2023 (06:18:44)
Run date:          Nov 15 2023 (06:34:20+0000)
Run host:          fv-az736-57.alpbqrzxv30uzkvtn2qktnuusd.cx.internal.cloudapp.net (pid=135317)
Working directory: /home/runner/simulations/TestJob01_temp_2/output-0000/TEST/sim/BoxInBox
Executable:        /home/runner/simulations/TestJob01_temp_2/SIMFACTORY/exe/cactus_sim
Parameter file:    /home/runner/simulations/TestJob01_temp_2/output-0000/arrangements/CarpetX/BoxInBox/test/levels2.par
--------------------------------------------------------------------------------

Activating thorn Cactus...Success -> active implementation Cactus
Activation requested for 
--->BoxInBox CarpetX CoordinatesX IOUtil<---
Thorn BoxInBox requests automatic activation of Loop
Thorn CarpetX requests automatic activation of AMReX
Thorn CarpetX requests automatic activation of MPI
Thorn CarpetX requests automatic activation of yaml_cpp
Thorn CarpetX requests automatic activation of zlib
Thorn CarpetX requests automatic activation of Arith
Thorn CarpetX requests automatic activation of ADIOS2
Thorn CarpetX requests automatic activation of openPMD
Thorn CarpetX requests automatic activation of Silo
Thorn Arith requests automatic activation of NSIMD
Thorn MPI requests automatic activation of hwloc
Thorn openPMD requests automatic activation of HDF5
Activating thorn ADIOS2...Success -> active implementation ADIOS2
Activating thorn AMReX...Success -> active implementation AMReX
Activating thorn Arith...Success -> active implementation Arith
Activating thorn BoxInBox...Success -> active implementation BoxInBox
Activating thorn CarpetX...Success -> active implementation CarpetX
Activating thorn CoordinatesX...Success -> active implementation CoordinatesX
Activating thorn HDF5...Success -> active implementation HDF5
Activating thorn hwloc...Success -> active implementation hwloc
Activating thorn IOUtil...Success -> active implementation IO
Activating thorn Loop...Success -> active implementation Loop
Activating thorn MPI...Success -> active implementation MPI
Activating thorn NSIMD...Success -> active implementation NSIMD
Activating thorn openPMD...Success -> active implementation openPMD
Activating thorn Silo...Success -> active implementation Silo
Activating thorn yaml_cpp...Success -> active implementation yaml_cpp
Activating thorn zlib...Success -> active implementation zlib
INFO (hwloc): library version 2.7.0, API version 0x20500
--------------------------------------------------------------------------------

  [34m  ▕▏  [34m  ▕▏  [34m  ▕▏  [34m  ▕▏  [34m  ▕▏  [34m  ▕▏  [34m  ▕▏  [34m  ▕▏  [34m  ▕▏  [39m  
  [34m──██──[34m──██──[34m──██──[34m──██──[34m──██──[34m──██──[34m──██──[34m──██──[34m──██──[39m  
  [34m  ▕▏  [34m  ▕▏  [34m  ▕▏  [34m  ▕▏  [34m  ▕▏  [34m  ▕▏  [34m  ▕▏  [34m  ▕▏  [34m  ▕▏  [39m  
  [34m  ▕▏  [32m██████[34m  ▕▏  [34m  ▕▏  [32m██████[34m  ▕▏  [34m  ▕▏  [32m██████[34m  ▕▏  [39m  
  [34m──██──[32m██████[34m──██──[34m──██──[32m██████[34m──██──[34m──██──[32m██████[34m──██──[39m  
  [34m  ▕▏  [32m██████[34m  ▕▏  [34m  ▕▏  [32m██████[34m  ▕▏  [34m  ▕▏  [32m██████[34m  ▕▏  [39m  
  [34m  ▕▏  [34m  ▕▏  [34m  ▕▏  [34m  ▕▏  [34m  ▕▏  [34m  ▕▏  [34m  ▕▏  [34m  ▕▏  [34m  ▕▏  [39m  
  [34m──██──[34m──██──[34m──██──[34m──██──[34m──██──[34m──██──[34m──██──[34m──██──[34m──██──[39m  
  [34m  ▕▏  [34m  ▕▏  [34m  ▕▏  [34m  ▕▏  [34m  ▕▏  [34m  ▕▏  [34m  ▕▏  [34m  ▕▏  [34m  ▕▏  [39m  
  [34m  ▕▏  [34m  ▕▏  [34m  ▕▏  [31m██████[31m██████[31m██████[34m  ▕▏  [34m  ▕▏  [34m  ▕▏  [39m  
  [34m──██──[34m──██──[34m──██──[31m██████[31m██████[31m██████[34m──██──[34m──██──[34m──██──[39m  
  [34m  ▕▏  [34m  ▕▏  [34m  ▕▏  [31m██████[31m██████[31m██████[34m  ▕▏  [34m  ▕▏  [34m  ▕▏  [39m  
  [34m  ▕▏  [32m██████[34m  ▕▏  [31m██████[31m██████[31m██████[34m  ▕▏  [32m██████[34m  ▕▏  [39m  
  [34m──██──[32m██████[34m──██──[31m██████[31m██████[31m██████[34m──██──[32m██████[34m──██──[39m  
  [34m  ▕▏  [32m██████[34m  ▕▏  [31m██████[31m██████[31m██████[34m  ▕▏  [32m██████[34m  ▕▏  [39m  
  [34m  ▕▏  [34m  ▕▏  [34m  ▕▏  [31m██████[31m██████[31m██████[34m  ▕▏  [34m  ▕▏  [34m  ▕▏  [39m  
  [34m──██──[34m──██──[34m──██──[31m██████[31m██████[31m██████[34m──██──[34m──██──[34m──██──[39m  
  [34m  ▕▏  [34m  ▕▏  [34m  ▕▏  [31m██████[31m██████[31m██████[34m  ▕▏  [34m  ▕▏  [34m  ▕▏  [39m  
  [34m  ▕▏  [34m  ▕▏  [34m  ▕▏  [34m  ▕▏  [34m  ▕▏  [34m  ▕▏  [34m  ▕▏  [34m  ▕▏  [34m  ▕▏  [39m  
  [34m──██──[34m──██──[34m──██──[34m──██──[34m──██──[34m──██──[34m──██──[34m──██──[34m──██──[39m  
  [34m  ▕▏  [34m  ▕▏  [34m  ▕▏  [34m  ▕▏  [34m  ▕▏  [34m  ▕▏  [34m  ▕▏  [34m  ▕▏  [34m  ▕▏  [39m  
  [34m  ▕▏  [32m██████[34m  ▕▏  [34m  ▕▏  [32m██████[34m  ▕▏  [34m  ▕▏  [32m██████[34m  ▕▏  [39m  
  [34m──██──[32m██████[34m──██──[34m──██──[32m██████[34m──██──[34m──██──[32m██████[34m──██──[39m  
  [34m  ▕▏  [32m██████[34m  ▕▏  [34m  ▕▏  [32m██████[34m  ▕▏  [34m  ▕▏  [32m██████[34m  ▕▏  [39m  
  [34m  ▕▏  [34m  ▕▏  [34m  ▕▏  [34m  ▕▏  [34m  ▕▏  [34m  ▕▏  [34m  ▕▏  [34m  ▕▏  [34m  ▕▏  [39m  
  [34m──██──[34m──██──[34m──██──[34m──██──[34m──██──[34m──██──[34m──██──[34m──██──[34m──██──[39m  
  [34m  ▕▏  [34m  ▕▏  [34m  ▕▏  [34m  ▕▏  [34m  ▕▏  [34m  ▕▏  [34m  ▕▏  [34m  ▕▏  [34m  ▕▏  [39m  

AMR driver provided by CarpetX,
using AMReX 23.08 (MPI, OpenMP, no accelerators, debug)
--------------------------------------------------------------------------------

MPI initialized with 2 MPI processes
MPI initialized with thread support level 2
OMP initialized with 1 OMP threads
AMReX (23.08) initialized
INFO (CarpetX): 
Symmetries:
  lower x: none
  lower y: none
  lower z: none
  upper x: none
  upper y: none
  upper z: none
Default boundaries:
  lower x: dirichlet
  lower y: dirichlet
  lower z: dirichlet
  upper x: dirichlet
  upper y: dirichlet
  upper z: dirichlet
INFO (Arith): Test_smallvector
INFO (Arith): Test_spvect
INFO (CarpetX): Setting up initial conditions...
INFO (CarpetX): Iteration: 0   time: 0   delta_time: 0.03125
INFO (CarpetX): Patch 0:
INFO (CarpetX):   Grid extent:
INFO (CarpetX):     gsh=[35,35,35]
INFO (CarpetX):     blocking_factor=[8,8,8]
INFO (CarpetX):     max_grid_size=[32,32,32]
INFO (CarpetX):     max_tile_size=[1024000,16,32]
INFO (CarpetX):   Domain extent:
INFO (CarpetX):     xmin=[-1,-1,-1]
INFO (CarpetX):     xmax=[1,1,1]
INFO (CarpetX):     base dx=[0.0625,0.0625,0.0625]
INFO (CarpetX): Initializing level 0...
INFO (CarpetX): Regridding...
INFO (CarpetX):   level 0: 2 boxes, 32768 cells (100%)
INFO (CarpetX):   level 1: 2 boxes, 32768 cells (12.5%, 12%)
INFO (CarpetX): Iteration: 0   time: 0   delta_time: 0.015625
INFO (CarpetX): Initializing level 1...
INFO (CarpetX): Regridding...
INFO (CarpetX):   level 0: 2 boxes, 32768 cells (100%)
INFO (CarpetX):   level 1: 2 boxes, 32768 cells (12.5%, 12%)
INFO (CarpetX): Initialized 2 levels
INFO (CarpetX): OutputGH: iteration 0, time 0.000000, run time 0 s
INFO (CarpetX): OutputADIOS2...
INFO (CarpetX): OutputGH done.
INFO (CarpetX): Starting evolution...
INFO (CarpetX): Regridding...
INFO (CarpetX):   old levels 2, new levels 2
INFO (CarpetX):   level 0: 2 boxes, 32768 cells (100%)
INFO (CarpetX):   level 1: 2 boxes, 32768 cells (12.5%, 12%)
INFO (CarpetX): OutputGH: iteration 1, time 0.015625, run time 0 s
INFO (CarpetX): OutputGH done.
INFO (CarpetX): Simulation time: 0.015625   Iterations per second: 145.54   Simulation time per second: 2.27406
INFO (CarpetX): Grid cells: 65536   Grid cell updates per second: 9.53808e+06
INFO (CarpetX): Performance:
INFO (CarpetX):   total evolution time:            0.00687099 sec
INFO (CarpetX):   total evolution compute time:    0.00685596 sec
INFO (CarpetX):   total evolution output time:     1.50204e-05 sec
INFO (CarpetX):   total iterations:                1
INFO (CarpetX):   total cells updated:             65536
INFO (CarpetX):   average iterations per second: 145.54
INFO (CarpetX):   average cell updates per second: 9.53808e+06
INFO (CarpetX): Regridding...
INFO (CarpetX):   old levels 2, new levels 2
INFO (CarpetX):   level 0: 2 boxes, 32768 cells (100%)
INFO (CarpetX):   level 1: 2 boxes, 32768 cells (12.5%, 12%)
INFO (CarpetX): OutputGH: iteration 2, time 0.031250, run time 0 s
INFO (CarpetX): OutputGH done.
INFO (CarpetX): Simulation time: 0.03125   Iterations per second: 146.695   Simulation time per second: 2.29211
INFO (CarpetX): Grid cells: 65536   Grid cell updates per second: 9.6138e+06
INFO (CarpetX): Performance:
INFO (CarpetX):   total evolution time:            0.0136878 sec
INFO (CarpetX):   total evolution compute time:    0.0136578 sec
INFO (CarpetX):   total evolution output time:     3.00407e-05 sec
INFO (CarpetX):   total iterations:                2
INFO (CarpetX):   total cells updated:             131072
INFO (CarpetX):   average iterations per second: 146.115
INFO (CarpetX):   average cell updates per second: 9.57579e+06
INFO (CarpetX): Regridding...
INFO (CarpetX):   old levels 2, new levels 2
INFO (CarpetX):   level 0: 2 boxes, 32768 cells (100%)
INFO (CarpetX):   level 1: 2 boxes, 32768 cells (12.5%, 12%)
INFO (CarpetX): OutputGH: iteration 3, time 0.046875, run time 0 s
INFO (CarpetX): OutputGH done.
INFO (CarpetX): Simulation time: 0.046875   Iterations per second: 147.557   Simulation time per second: 2.30558
INFO (CarpetX): Grid cells: 65536   Grid cell updates per second: 9.67029e+06
INFO (CarpetX): Performance:
INFO (CarpetX):   total evolution time:            0.0204649 sec
INFO (CarpetX):   total evolution compute time:    0.0204208 sec
INFO (CarpetX):   total evolution output time:     4.41074e-05 sec
INFO (CarpetX):   total iterations:                3
INFO (CarpetX):   total cells updated:             196608
INFO (CarpetX):   average iterations per second: 146.592
INFO (CarpetX):   average cell updates per second: 9.60708e+06
INFO (CarpetX): Regridding...
INFO (CarpetX):   old levels 2, new levels 2
INFO (CarpetX):   level 0: 2 boxes, 32768 cells (100%)
INFO (CarpetX):   level 1: 2 boxes, 32768 cells (12.5%, 12%)
INFO (CarpetX): OutputGH: iteration 4, time 0.062500, run time 0 s
INFO (CarpetX): OutputGH done.
INFO (CarpetX): Simulation time: 0.0625   Iterations per second: 147.251   Simulation time per second: 2.3008
INFO (CarpetX): Grid cells: 65536   Grid cell updates per second: 9.65026e+06
INFO (CarpetX): Performance:
INFO (CarpetX):   total evolution time:            0.027256 sec
INFO (CarpetX):   total evolution compute time:    0.0271978 sec
INFO (CarpetX):   total evolution output time:     5.81741e-05 sec
INFO (CarpetX):   total iterations:                4
INFO (CarpetX):   total cells updated:             262144
INFO (CarpetX):   average iterations per second: 146.757
INFO (CarpetX):   average cell updates per second: 9.61784e+06
INFO (CarpetX): Regridding...
INFO (CarpetX):   old levels 2, new levels 2
INFO (CarpetX):   level 0: 2 boxes, 32768 cells (100%)
INFO (CarpetX):   level 1: 2 boxes, 32768 cells (12.5%, 12%)
INFO (CarpetX): OutputGH: iteration 5, time 0.078125, run time 1 s
INFO (CarpetX): OutputGH done.
INFO (CarpetX): Simulation time: 0.078125   Iterations per second: 147.365   Simulation time per second: 2.30258
INFO (CarpetX): Grid cells: 65536   Grid cell updates per second: 9.65772e+06
INFO (CarpetX): Performance:
INFO (CarpetX):   total evolution time:            0.0340419 sec
INFO (CarpetX):   total evolution compute time:    0.0339699 sec
INFO (CarpetX):   total evolution output time:     7.20024e-05 sec
INFO (CarpetX):   total iterations:                5
INFO (CarpetX):   total cells updated:             327680
INFO (CarpetX):   average iterations per second: 146.878
INFO (CarpetX):   average cell updates per second: 9.62579e+06
INFO (CarpetX): Regridding...
INFO (CarpetX):   old levels 2, new levels 2
INFO (CarpetX):   level 0: 2 boxes, 32768 cells (100%)
INFO (CarpetX):   level 1: 2 boxes, 32768 cells (12.5%, 12%)
INFO (CarpetX): OutputGH: iteration 6, time 0.093750, run time 1 s
INFO (CarpetX): OutputGH done.
INFO (CarpetX): Simulation time: 0.09375   Iterations per second: 147.994   Simulation time per second: 2.31241
INFO (CarpetX): Grid cells: 65536   Grid cell updates per second: 9.69895e+06
INFO (CarpetX): Performance:
INFO (CarpetX):   total evolution time:            0.0407989 sec
INFO (CarpetX):   total evolution compute time:    0.0407128 sec
INFO (CarpetX):   total evolution output time:     8.60691e-05 sec
INFO (CarpetX):   total iterations:                6
INFO (CarpetX):   total cells updated:             393216
INFO (CarpetX):   average iterations per second: 147.063
INFO (CarpetX):   average cell updates per second: 9.63791e+06
INFO (CarpetX): Regridding...
INFO (CarpetX):   old levels 2, new levels 2
INFO (CarpetX):   level 0: 2 boxes, 32768 cells (100%)
INFO (CarpetX):   level 1: 2 boxes, 32768 cells (12.5%, 12%)
INFO (CarpetX): OutputGH: iteration 7, time 0.109375, run time 1 s
INFO (CarpetX): OutputGH done.
INFO (CarpetX): Simulation time: 0.109375   Iterations per second: 146.803   Simulation time per second: 2.29379
INFO (CarpetX): Grid cells: 65536   Grid cell updates per second: 9.62087e+06
INFO (CarpetX): Performance:
INFO (CarpetX):   total evolution time:            0.0476108 sec
INFO (CarpetX):   total evolution compute time:    0.0475097 sec
INFO (CarpetX):   total evolution output time:     0.000101089 sec
INFO (CarpetX):   total iterations:                7
INFO (CarpetX):   total cells updated:             458752
INFO (CarpetX):   average iterations per second: 147.026
INFO (CarpetX):   average cell updates per second: 9.63547e+06
INFO (CarpetX): Regridding...
INFO (CarpetX):   old levels 2, new levels 2
INFO (CarpetX):   level 0: 2 boxes, 32768 cells (100%)
INFO (CarpetX):   level 1: 2 boxes, 32768 cells (12.5%, 12%)
INFO (CarpetX): OutputGH: iteration 8, time 0.125000, run time 1 s
INFO (CarpetX): OutputGH done.
INFO (CarpetX): Simulation time: 0.125   Iterations per second: 147.515   Simulation time per second: 2.30493
INFO (CarpetX): Grid cells: 65536   Grid cell updates per second: 9.66757e+06
INFO (CarpetX): Performance:
INFO (CarpetX):   total evolution time:            0.0543897 sec
INFO (CarpetX):   total evolution compute time:    0.0542746 sec
INFO (CarpetX):   total evolution output time:     0.000115156 sec
INFO (CarpetX):   total iterations:                8
INFO (CarpetX):   total cells updated:             524288
INFO (CarpetX):   average iterations per second: 147.087
INFO (CarpetX):   average cell updates per second: 9.63947e+06
INFO (CarpetX): Regridding...
INFO (CarpetX):   old levels 2, new levels 2
INFO (CarpetX):   level 0: 2 boxes, 32768 cells (100%)
INFO (CarpetX):   level 1: 2 boxes, 32768 cells (12.5%, 12%)
INFO (CarpetX): OutputGH: iteration 9, time 0.140625, run time 1 s
INFO (CarpetX): OutputGH done.
INFO (CarpetX): Simulation time: 0.140625   Iterations per second: 147.448   Simulation time per second: 2.30387
INFO (CarpetX): Grid cells: 65536   Grid cell updates per second: 9.66315e+06
INFO (CarpetX): Performance:
INFO (CarpetX):   total evolution time:            0.0611718 sec
INFO (CarpetX):   total evolution compute time:    0.0610454 sec
INFO (CarpetX):   total evolution output time:     0.000126362 sec
INFO (CarpetX):   total iterations:                9
INFO (CarpetX):   total cells updated:             589824
INFO (CarpetX):   average iterations per second: 147.127
INFO (CarpetX):   average cell updates per second: 9.64209e+06
INFO (CarpetX): Regridding...
INFO (CarpetX):   old levels 2, new levels 2
INFO (CarpetX):   level 0: 2 boxes, 32768 cells (100%)
INFO (CarpetX):   level 1: 2 boxes, 32768 cells (12.5%, 12%)
INFO (CarpetX): OutputGH: iteration 10, time 0.156250, run time 1 s
INFO (CarpetX): OutputADIOS2...
INFO (CarpetX): OutputGH done.
INFO (CarpetX): Simulation time: 0.15625   Iterations per second: 65.1461   Simulation time per second: 1.01791
INFO (CarpetX): Grid cells: 65536   Grid cell updates per second: 4.26942e+06
INFO (CarpetX): Performance:
INFO (CarpetX):   total evolution time:            0.0765219 sec
INFO (CarpetX):   total evolution compute time:    0.0677886 sec
INFO (CarpetX):   total evolution output time:     0.00873327 sec
INFO (CarpetX):   total iterations:                10
INFO (CarpetX):   total cells updated:             655360
INFO (CarpetX):   average iterations per second: 130.682
INFO (CarpetX):   average cell updates per second: 8.56435e+06
INFO (CarpetX): Shutting down...
AMReX (23.08) finalized
--------------------------------------------------------------------------------
Done.
+ echo Stopping:
Stopping:
+ date
Wed Nov 15 06:34:21 UTC 2023
+ echo Done.
Done.
  Elapsed time: 0.8 s
