/home/runner/simulations/TestJob01_temp_1/output-0000/TEST/sim/BoxInBox
Preparing:
+ set -e
+ cd output-0000-active
+ echo Checking:
Checking:
+ pwd
/home/runner/simulations/TestJob01_temp_1/output-0000/TEST/sim/BoxInBox/output-0000-active
+ hostname
runnervm0kj6c
+ date
Thu Mar  5 20:52:39 UTC 2026
+ echo Environment:
Environment:
+ export CACTUS_NUM_PROCS=1
+ CACTUS_NUM_PROCS=1
+ export CACTUS_NUM_THREADS=2
+ CACTUS_NUM_THREADS=2
+ export GMON_OUT_PREFIX=gmon.out
+ GMON_OUT_PREFIX=gmon.out
+ export OMP_NUM_THREADS=2
+ OMP_NUM_THREADS=2
+ env
+ sort
+ echo Starting:
Starting:
++ date +%s
+ export CACTUS_STARTTIME=1772743959
+ CACTUS_STARTTIME=1772743959
+ '[' 1 = 1 ']'
+ '[' 0 -eq 0 ']'
+ /home/runner/simulations/TestJob01_temp_1/SIMFACTORY/exe/cactus_sim -L 3 /home/runner/simulations/TestJob01_temp_1/output-0000/arrangements/CarpetX/BoxInBox/test/levels20.par
INFO (Cactus): Increased logging level from 0 to 3
--------------------------------------------------------------------------------

       10                                  
  1   0101       ************************  
  01  1010 10      The Cactus Code V4.18.0    
 1010 1101 011      www.cactuscode.org     
  1001 100101    ************************  
    00010101                               
     100011     (c) Copyright The Authors  
      0100      GNU Licensed. No Warranty  
      0101                                 
--------------------------------------------------------------------------------

Cactus version:    4.18.0
Compile date:      Mar 05 2026 (20:50:36)
Run date:          Mar 05 2026 (20:52:39+0000)
Run host:          runnervm0kj6c.wnr43dckueienomqbzzk213svg.gx.internal.cloudapp.net (pid=129868)
Working directory: /home/runner/simulations/TestJob01_temp_1/output-0000/TEST/sim/BoxInBox
Executable:        /home/runner/simulations/TestJob01_temp_1/SIMFACTORY/exe/cactus_sim
Parameter file:    /home/runner/simulations/TestJob01_temp_1/output-0000/arrangements/CarpetX/BoxInBox/test/levels20.par
--------------------------------------------------------------------------------

Activating thorn Cactus...Success -> active implementation Cactus
Activation requested for 
--->BoxInBox CarpetX CarpetXRegrid CoordinatesX IOUtil<---
Thorn BoxInBox requests automatic activation of Loop
Thorn CarpetX requests automatic activation of AMReX
Thorn CarpetX requests automatic activation of MPI
Thorn CarpetX requests automatic activation of yaml_cpp
Thorn CarpetX requests automatic activation of zlib
Thorn CarpetX requests automatic activation of Arith
Thorn CarpetX requests automatic activation of ADIOS2
Thorn CarpetX requests automatic activation of openPMD
Thorn CarpetX requests automatic activation of Silo
Thorn ADIOS2 requests automatic activation of CMake
Thorn Arith requests automatic activation of NSIMD
Thorn MPI requests automatic activation of hwloc
Thorn openPMD requests automatic activation of HDF5
Activating thorn ADIOS2...Success -> active implementation ADIOS2
Activating thorn AMReX...Success -> active implementation AMReX
Activating thorn Arith...Success -> active implementation Arith
Activating thorn BoxInBox...Success -> active implementation BoxInBox
Activating thorn CarpetX...Success -> active implementation Driver
Activating thorn CarpetXRegrid...Success -> active implementation CarpetXRegrid
Activating thorn CMake...Success -> active implementation CMake
Activating thorn CoordinatesX...Success -> active implementation CoordinatesX
Activating thorn HDF5...Success -> active implementation HDF5
Activating thorn hwloc...Success -> active implementation hwloc
Activating thorn IOUtil...Success -> active implementation IO
Activating thorn Loop...Success -> active implementation Loop
Activating thorn MPI...Success -> active implementation MPI
Activating thorn NSIMD...Success -> active implementation NSIMD
Activating thorn openPMD...Success -> active implementation openPMD
Activating thorn Silo...Success -> active implementation Silo
Activating thorn yaml_cpp...Success -> active implementation yaml_cpp
Activating thorn zlib...Success -> active implementation zlib
INFO (hwloc): library version 2.10.0, API version 0x20800
--------------------------------------------------------------------------------

  [34m  ▕▏  [34m  ▕▏  [34m  ▕▏  [34m  ▕▏  [34m  ▕▏  [34m  ▕▏  [34m  ▕▏  [34m  ▕▏  [34m  ▕▏  [39m  
  [34m──██──[34m──██──[34m──██──[34m──██──[34m──██──[34m──██──[34m──██──[34m──██──[34m──██──[39m  
  [34m  ▕▏  [34m  ▕▏  [34m  ▕▏  [34m  ▕▏  [34m  ▕▏  [34m  ▕▏  [34m  ▕▏  [34m  ▕▏  [34m  ▕▏  [39m  
  [34m  ▕▏  [32m██████[34m  ▕▏  [34m  ▕▏  [32m██████[34m  ▕▏  [34m  ▕▏  [32m██████[34m  ▕▏  [39m  
  [34m──██──[32m██████[34m──██──[34m──██──[32m██████[34m──██──[34m──██──[32m██████[34m──██──[39m  
  [34m  ▕▏  [32m██████[34m  ▕▏  [34m  ▕▏  [32m██████[34m  ▕▏  [34m  ▕▏  [32m██████[34m  ▕▏  [39m  
  [34m  ▕▏  [34m  ▕▏  [34m  ▕▏  [34m  ▕▏  [34m  ▕▏  [34m  ▕▏  [34m  ▕▏  [34m  ▕▏  [34m  ▕▏  [39m  
  [34m──██──[34m──██──[34m──██──[34m──██──[34m──██──[34m──██──[34m──██──[34m──██──[34m──██──[39m  
  [34m  ▕▏  [34m  ▕▏  [34m  ▕▏  [34m  ▕▏  [34m  ▕▏  [34m  ▕▏  [34m  ▕▏  [34m  ▕▏  [34m  ▕▏  [39m  
  [34m  ▕▏  [34m  ▕▏  [34m  ▕▏  [31m██████[31m██████[31m██████[34m  ▕▏  [34m  ▕▏  [34m  ▕▏  [39m  
  [34m──██──[34m──██──[34m──██──[31m██████[31m██████[31m██████[34m──██──[34m──██──[34m──██──[39m  
  [34m  ▕▏  [34m  ▕▏  [34m  ▕▏  [31m██████[31m██████[31m██████[34m  ▕▏  [34m  ▕▏  [34m  ▕▏  [39m  
  [34m  ▕▏  [32m██████[34m  ▕▏  [31m██████[31m██████[31m██████[34m  ▕▏  [32m██████[34m  ▕▏  [39m  
  [34m──██──[32m██████[34m──██──[31m██████[31m██████[31m██████[34m──██──[32m██████[34m──██──[39m  
  [34m  ▕▏  [32m██████[34m  ▕▏  [31m██████[31m██████[31m██████[34m  ▕▏  [32m██████[34m  ▕▏  [39m  
  [34m  ▕▏  [34m  ▕▏  [34m  ▕▏  [31m██████[31m██████[31m██████[34m  ▕▏  [34m  ▕▏  [34m  ▕▏  [39m  
  [34m──██──[34m──██──[34m──██──[31m██████[31m██████[31m██████[34m──██──[34m──██──[34m──██──[39m  
  [34m  ▕▏  [34m  ▕▏  [34m  ▕▏  [31m██████[31m██████[31m██████[34m  ▕▏  [34m  ▕▏  [34m  ▕▏  [39m  
  [34m  ▕▏  [34m  ▕▏  [34m  ▕▏  [34m  ▕▏  [34m  ▕▏  [34m  ▕▏  [34m  ▕▏  [34m  ▕▏  [34m  ▕▏  [39m  
  [34m──██──[34m──██──[34m──██──[34m──██──[34m──██──[34m──██──[34m──██──[34m──██──[34m──██──[39m  
  [34m  ▕▏  [34m  ▕▏  [34m  ▕▏  [34m  ▕▏  [34m  ▕▏  [34m  ▕▏  [34m  ▕▏  [34m  ▕▏  [34m  ▕▏  [39m  
  [34m  ▕▏  [32m██████[34m  ▕▏  [34m  ▕▏  [32m██████[34m  ▕▏  [34m  ▕▏  [32m██████[34m  ▕▏  [39m  
  [34m──██──[32m██████[34m──██──[34m──██──[32m██████[34m──██──[34m──██──[32m██████[34m──██──[39m  
  [34m  ▕▏  [32m██████[34m  ▕▏  [34m  ▕▏  [32m██████[34m  ▕▏  [34m  ▕▏  [32m██████[34m  ▕▏  [39m  
  [34m  ▕▏  [34m  ▕▏  [34m  ▕▏  [34m  ▕▏  [34m  ▕▏  [34m  ▕▏  [34m  ▕▏  [34m  ▕▏  [34m  ▕▏  [39m  
  [34m──██──[34m──██──[34m──██──[34m──██──[34m──██──[34m──██──[34m──██──[34m──██──[34m──██──[39m  
  [34m  ▕▏  [34m  ▕▏  [34m  ▕▏  [34m  ▕▏  [34m  ▕▏  [34m  ▕▏  [34m  ▕▏  [34m  ▕▏  [34m  ▕▏  [39m  

AMR driver provided by CarpetX,
using AMReX 24.10 (MPI, OpenMP, no accelerators, debug)
--------------------------------------------------------------------------------

Initializing AMReX (24.10)...
MPI initialized with 1 MPI processes
MPI initialized with thread support level 2
OMP initialized with 2 OMP threads
AMReX (24.10) initialized
INFO (CarpetX): 
Symmetries:
  lower x: none
  lower y: none
  lower z: none
  upper x: none
  upper y: none
  upper z: none
Default boundaries:
  lower x: dirichlet
  lower y: dirichlet
  lower z: dirichlet
  upper x: dirichlet
  upper y: dirichlet
  upper z: dirichlet
INFO (Arith): Test_smallvector
INFO (Arith): Test_spvect
INFO (CarpetX): Setting initial values for max_grid_size values for all levels
INFO (CarpetX): Setting up initial conditions...
INFO (CarpetX): Iteration: 0   time: 0   delta_time: 0.03125
INFO (CarpetX): Patch 0:
INFO (CarpetX):   Grid extent:
INFO (CarpetX):     gsh=[35,35,35]
INFO (CarpetX):     blocking_factor=[8,8,8]
INFO (CarpetX):     max_grid_size=[32,32,32]
INFO (CarpetX):     max_tile_size=[1024000,16,32]
INFO (CarpetX):   Domain extent:
INFO (CarpetX):     xmin=[-1,-1,-1]
INFO (CarpetX):     xmax=[1,1,1]
INFO (CarpetX):     base dx=[0.0625,0.0625,0.0625]
INFO (CarpetX): Initializing level 0...
INFO (CarpetX): Regridding...
INFO (CarpetX):   level 0: 1 boxes, 32768 cells (100%)
INFO (CarpetX):   level 1: 1 boxes, 32768 cells (12.5%, 12%)
INFO (CarpetX): Iteration: 0   time: 0   delta_time: 0.015625
INFO (CarpetX): Initializing level 1...
INFO (CarpetX): Regridding...
INFO (CarpetX):   level 0: 1 boxes, 32768 cells (100%)
INFO (CarpetX):   level 1: 1 boxes, 32768 cells (12.5%, 12%)
INFO (CarpetX):   level 2: 1 boxes, 32768 cells (1.562%, 12%)
INFO (CarpetX): Iteration: 0   time: 0   delta_time: 0.0078125
INFO (CarpetX): Initializing level 2...
INFO (CarpetX): Regridding...
INFO (CarpetX):   level 0: 1 boxes, 32768 cells (100%)
INFO (CarpetX):   level 1: 1 boxes, 32768 cells (12.5%, 12%)
INFO (CarpetX):   level 2: 1 boxes, 32768 cells (1.562%, 12%)
INFO (CarpetX):   level 3: 1 boxes, 32768 cells (0.1953%, 12%)
INFO (CarpetX): Iteration: 0   time: 0   delta_time: 0.00390625
INFO (CarpetX): Initializing level 3...
INFO (CarpetX): Regridding...
INFO (CarpetX):   level 0: 1 boxes, 32768 cells (100%)
INFO (CarpetX):   level 1: 1 boxes, 32768 cells (12.5%, 12%)
INFO (CarpetX):   level 2: 1 boxes, 32768 cells (1.562%, 12%)
INFO (CarpetX):   level 3: 1 boxes, 32768 cells (0.1953%, 12%)
INFO (CarpetX):   level 4: 1 boxes, 32768 cells (0.02441%, 12%)
INFO (CarpetX): Iteration: 0   time: 0   delta_time: 0.00195312
INFO (CarpetX): Initializing level 4...
INFO (CarpetX): Regridding...
INFO (CarpetX):   level 0: 1 boxes, 32768 cells (100%)
INFO (CarpetX):   level 1: 1 boxes, 32768 cells (12.5%, 12%)
INFO (CarpetX):   level 2: 1 boxes, 32768 cells (1.562%, 12%)
INFO (CarpetX):   level 3: 1 boxes, 32768 cells (0.1953%, 12%)
INFO (CarpetX):   level 4: 1 boxes, 32768 cells (0.02441%, 12%)
INFO (CarpetX):   level 5: 1 boxes, 32768 cells (0.003052%, 12%)
INFO (CarpetX): Iteration: 0   time: 0   delta_time: 0.000976562
INFO (CarpetX): Initializing level 5...
INFO (CarpetX): Regridding...
INFO (CarpetX):   level 0: 1 boxes, 32768 cells (100%)
INFO (CarpetX):   level 1: 1 boxes, 32768 cells (12.5%, 12%)
INFO (CarpetX):   level 2: 1 boxes, 32768 cells (1.562%, 12%)
INFO (CarpetX):   level 3: 1 boxes, 32768 cells (0.1953%, 12%)
INFO (CarpetX):   level 4: 1 boxes, 32768 cells (0.02441%, 12%)
INFO (CarpetX):   level 5: 1 boxes, 32768 cells (0.003052%, 12%)
INFO (CarpetX):   level 6: 1 boxes, 32768 cells (0.0003815%, 12%)
INFO (CarpetX): Iteration: 0   time: 0   delta_time: 0.000488281
INFO (CarpetX): Initializing level 6...
INFO (CarpetX): Regridding...
INFO (CarpetX):   level 0: 1 boxes, 32768 cells (100%)
INFO (CarpetX):   level 1: 1 boxes, 32768 cells (12.5%, 12%)
INFO (CarpetX):   level 2: 1 boxes, 32768 cells (1.562%, 12%)
INFO (CarpetX):   level 3: 1 boxes, 32768 cells (0.1953%, 12%)
INFO (CarpetX):   level 4: 1 boxes, 32768 cells (0.02441%, 12%)
INFO (CarpetX):   level 5: 1 boxes, 32768 cells (0.003052%, 12%)
INFO (CarpetX):   level 6: 1 boxes, 32768 cells (0.0003815%, 12%)
INFO (CarpetX):   level 7: 1 boxes, 32768 cells (4.768e-05%, 12%)
INFO (CarpetX): Iteration: 0   time: 0   delta_time: 0.000244141
INFO (CarpetX): Initializing level 7...
INFO (CarpetX): Regridding...
INFO (CarpetX):   level 0: 1 boxes, 32768 cells (100%)
INFO (CarpetX):   level 1: 1 boxes, 32768 cells (12.5%, 12%)
INFO (CarpetX):   level 2: 1 boxes, 32768 cells (1.562%, 12%)
INFO (CarpetX):   level 3: 1 boxes, 32768 cells (0.1953%, 12%)
INFO (CarpetX):   level 4: 1 boxes, 32768 cells (0.02441%, 12%)
INFO (CarpetX):   level 5: 1 boxes, 32768 cells (0.003052%, 12%)
INFO (CarpetX):   level 6: 1 boxes, 32768 cells (0.0003815%, 12%)
INFO (CarpetX):   level 7: 1 boxes, 32768 cells (4.768e-05%, 12%)
INFO (CarpetX):   level 8: 1 boxes, 32768 cells (5.96e-06%, 12%)
INFO (CarpetX): Iteration: 0   time: 0   delta_time: 0.00012207
INFO (CarpetX): Initializing level 8...
INFO (CarpetX): Regridding...
INFO (CarpetX):   level 0: 1 boxes, 32768 cells (100%)
INFO (CarpetX):   level 1: 1 boxes, 32768 cells (12.5%, 12%)
INFO (CarpetX):   level 2: 1 boxes, 32768 cells (1.562%, 12%)
INFO (CarpetX):   level 3: 1 boxes, 32768 cells (0.1953%, 12%)
INFO (CarpetX):   level 4: 1 boxes, 32768 cells (0.02441%, 12%)
INFO (CarpetX):   level 5: 1 boxes, 32768 cells (0.003052%, 12%)
INFO (CarpetX):   level 6: 1 boxes, 32768 cells (0.0003815%, 12%)
INFO (CarpetX):   level 7: 1 boxes, 32768 cells (4.768e-05%, 12%)
INFO (CarpetX):   level 8: 1 boxes, 32768 cells (5.96e-06%, 12%)
INFO (CarpetX):   level 9: 1 boxes, 32768 cells (7.451e-07%, 12%)
INFO (CarpetX): Iteration: 0   time: 0   delta_time: 6.10352e-05
INFO (CarpetX): Initializing level 9...
INFO (CarpetX): Regridding...
INFO (CarpetX):   level 0: 1 boxes, 32768 cells (100%)
INFO (CarpetX):   level 1: 1 boxes, 32768 cells (12.5%, 12%)
INFO (CarpetX):   level 2: 1 boxes, 32768 cells (1.562%, 12%)
INFO (CarpetX):   level 3: 1 boxes, 32768 cells (0.1953%, 12%)
INFO (CarpetX):   level 4: 1 boxes, 32768 cells (0.02441%, 12%)
INFO (CarpetX):   level 5: 1 boxes, 32768 cells (0.003052%, 12%)
INFO (CarpetX):   level 6: 1 boxes, 32768 cells (0.0003815%, 12%)
INFO (CarpetX):   level 7: 1 boxes, 32768 cells (4.768e-05%, 12%)
INFO (CarpetX):   level 8: 1 boxes, 32768 cells (5.96e-06%, 12%)
INFO (CarpetX):   level 9: 1 boxes, 32768 cells (7.451e-07%, 12%)
INFO (CarpetX):   level 10: 1 boxes, 32768 cells (9.313e-08%, 12%)
INFO (CarpetX): Iteration: 0   time: 0   delta_time: 3.05176e-05
INFO (CarpetX): Initializing level 10...
INFO (CarpetX): Regridding...
INFO (CarpetX):   level 0: 1 boxes, 32768 cells (100%)
INFO (CarpetX):   level 1: 1 boxes, 32768 cells (12.5%, 12%)
INFO (CarpetX):   level 2: 1 boxes, 32768 cells (1.562%, 12%)
INFO (CarpetX):   level 3: 1 boxes, 32768 cells (0.1953%, 12%)
INFO (CarpetX):   level 4: 1 boxes, 32768 cells (0.02441%, 12%)
INFO (CarpetX):   level 5: 1 boxes, 32768 cells (0.003052%, 12%)
INFO (CarpetX):   level 6: 1 boxes, 32768 cells (0.0003815%, 12%)
INFO (CarpetX):   level 7: 1 boxes, 32768 cells (4.768e-05%, 12%)
INFO (CarpetX):   level 8: 1 boxes, 32768 cells (5.96e-06%, 12%)
INFO (CarpetX):   level 9: 1 boxes, 32768 cells (7.451e-07%, 12%)
INFO (CarpetX):   level 10: 1 boxes, 32768 cells (9.313e-08%, 12%)
INFO (CarpetX):   level 11: 1 boxes, 32768 cells (1.164e-08%, 12%)
INFO (CarpetX): Iteration: 0   time: 0   delta_time: 1.52588e-05
INFO (CarpetX): Initializing level 11...
INFO (CarpetX): Regridding...
INFO (CarpetX):   level 0: 1 boxes, 32768 cells (100%)
INFO (CarpetX):   level 1: 1 boxes, 32768 cells (12.5%, 12%)
INFO (CarpetX):   level 2: 1 boxes, 32768 cells (1.562%, 12%)
INFO (CarpetX):   level 3: 1 boxes, 32768 cells (0.1953%, 12%)
INFO (CarpetX):   level 4: 1 boxes, 32768 cells (0.02441%, 12%)
INFO (CarpetX):   level 5: 1 boxes, 32768 cells (0.003052%, 12%)
INFO (CarpetX):   level 6: 1 boxes, 32768 cells (0.0003815%, 12%)
INFO (CarpetX):   level 7: 1 boxes, 32768 cells (4.768e-05%, 12%)
INFO (CarpetX):   level 8: 1 boxes, 32768 cells (5.96e-06%, 12%)
INFO (CarpetX):   level 9: 1 boxes, 32768 cells (7.451e-07%, 12%)
INFO (CarpetX):   level 10: 1 boxes, 32768 cells (9.313e-08%, 12%)
INFO (CarpetX):   level 11: 1 boxes, 32768 cells (1.164e-08%, 12%)
INFO (CarpetX):   level 12: 1 boxes, 32768 cells (1.455e-09%, 12%)
INFO (CarpetX): Iteration: 0   time: 0   delta_time: 7.62939e-06
INFO (CarpetX): Initializing level 12...
INFO (CarpetX): Regridding...
INFO (CarpetX):   level 0: 1 boxes, 32768 cells (100%)
INFO (CarpetX):   level 1: 1 boxes, 32768 cells (12.5%, 12%)
INFO (CarpetX):   level 2: 1 boxes, 32768 cells (1.562%, 12%)
INFO (CarpetX):   level 3: 1 boxes, 32768 cells (0.1953%, 12%)
INFO (CarpetX):   level 4: 1 boxes, 32768 cells (0.02441%, 12%)
INFO (CarpetX):   level 5: 1 boxes, 32768 cells (0.003052%, 12%)
INFO (CarpetX):   level 6: 1 boxes, 32768 cells (0.0003815%, 12%)
INFO (CarpetX):   level 7: 1 boxes, 32768 cells (4.768e-05%, 12%)
INFO (CarpetX):   level 8: 1 boxes, 32768 cells (5.96e-06%, 12%)
INFO (CarpetX):   level 9: 1 boxes, 32768 cells (7.451e-07%, 12%)
INFO (CarpetX):   level 10: 1 boxes, 32768 cells (9.313e-08%, 12%)
INFO (CarpetX):   level 11: 1 boxes, 32768 cells (1.164e-08%, 12%)
INFO (CarpetX):   level 12: 1 boxes, 32768 cells (1.455e-09%, 12%)
INFO (CarpetX):   level 13: 1 boxes, 32768 cells (1.819e-10%, 12%)
INFO (CarpetX): Iteration: 0   time: 0   delta_time: 3.8147e-06
INFO (CarpetX): Initializing level 13...
INFO (CarpetX): Regridding...
INFO (CarpetX):   level 0: 1 boxes, 32768 cells (100%)
INFO (CarpetX):   level 1: 1 boxes, 32768 cells (12.5%, 12%)
INFO (CarpetX):   level 2: 1 boxes, 32768 cells (1.562%, 12%)
INFO (CarpetX):   level 3: 1 boxes, 32768 cells (0.1953%, 12%)
INFO (CarpetX):   level 4: 1 boxes, 32768 cells (0.02441%, 12%)
INFO (CarpetX):   level 5: 1 boxes, 32768 cells (0.003052%, 12%)
INFO (CarpetX):   level 6: 1 boxes, 32768 cells (0.0003815%, 12%)
INFO (CarpetX):   level 7: 1 boxes, 32768 cells (4.768e-05%, 12%)
INFO (CarpetX):   level 8: 1 boxes, 32768 cells (5.96e-06%, 12%)
INFO (CarpetX):   level 9: 1 boxes, 32768 cells (7.451e-07%, 12%)
INFO (CarpetX):   level 10: 1 boxes, 32768 cells (9.313e-08%, 12%)
INFO (CarpetX):   level 11: 1 boxes, 32768 cells (1.164e-08%, 12%)
INFO (CarpetX):   level 12: 1 boxes, 32768 cells (1.455e-09%, 12%)
INFO (CarpetX):   level 13: 1 boxes, 32768 cells (1.819e-10%, 12%)
INFO (CarpetX):   level 14: 1 boxes, 32768 cells (2.274e-11%, 12%)
INFO (CarpetX): Iteration: 0   time: 0   delta_time: 1.90735e-06
INFO (CarpetX): Initializing level 14...
INFO (CarpetX): Regridding...
INFO (CarpetX):   level 0: 1 boxes, 32768 cells (100%)
INFO (CarpetX):   level 1: 1 boxes, 32768 cells (12.5%, 12%)
INFO (CarpetX):   level 2: 1 boxes, 32768 cells (1.562%, 12%)
INFO (CarpetX):   level 3: 1 boxes, 32768 cells (0.1953%, 12%)
INFO (CarpetX):   level 4: 1 boxes, 32768 cells (0.02441%, 12%)
INFO (CarpetX):   level 5: 1 boxes, 32768 cells (0.003052%, 12%)
INFO (CarpetX):   level 6: 1 boxes, 32768 cells (0.0003815%, 12%)
INFO (CarpetX):   level 7: 1 boxes, 32768 cells (4.768e-05%, 12%)
INFO (CarpetX):   level 8: 1 boxes, 32768 cells (5.96e-06%, 12%)
INFO (CarpetX):   level 9: 1 boxes, 32768 cells (7.451e-07%, 12%)
INFO (CarpetX):   level 10: 1 boxes, 32768 cells (9.313e-08%, 12%)
INFO (CarpetX):   level 11: 1 boxes, 32768 cells (1.164e-08%, 12%)
INFO (CarpetX):   level 12: 1 boxes, 32768 cells (1.455e-09%, 12%)
INFO (CarpetX):   level 13: 1 boxes, 32768 cells (1.819e-10%, 12%)
INFO (CarpetX):   level 14: 1 boxes, 32768 cells (2.274e-11%, 12%)
INFO (CarpetX):   level 15: 1 boxes, 32768 cells (2.842e-12%, 12%)
INFO (CarpetX): Iteration: 0   time: 0   delta_time: 9.53674e-07
INFO (CarpetX): Initializing level 15...
INFO (CarpetX): Regridding...
INFO (CarpetX):   level 0: 1 boxes, 32768 cells (100%)
INFO (CarpetX):   level 1: 1 boxes, 32768 cells (12.5%, 12%)
INFO (CarpetX):   level 2: 1 boxes, 32768 cells (1.562%, 12%)
INFO (CarpetX):   level 3: 1 boxes, 32768 cells (0.1953%, 12%)
INFO (CarpetX):   level 4: 1 boxes, 32768 cells (0.02441%, 12%)
INFO (CarpetX):   level 5: 1 boxes, 32768 cells (0.003052%, 12%)
INFO (CarpetX):   level 6: 1 boxes, 32768 cells (0.0003815%, 12%)
INFO (CarpetX):   level 7: 1 boxes, 32768 cells (4.768e-05%, 12%)
INFO (CarpetX):   level 8: 1 boxes, 32768 cells (5.96e-06%, 12%)
INFO (CarpetX):   level 9: 1 boxes, 32768 cells (7.451e-07%, 12%)
INFO (CarpetX):   level 10: 1 boxes, 32768 cells (9.313e-08%, 12%)
INFO (CarpetX):   level 11: 1 boxes, 32768 cells (1.164e-08%, 12%)
INFO (CarpetX):   level 12: 1 boxes, 32768 cells (1.455e-09%, 12%)
INFO (CarpetX):   level 13: 1 boxes, 32768 cells (1.819e-10%, 12%)
INFO (CarpetX):   level 14: 1 boxes, 32768 cells (2.274e-11%, 12%)
INFO (CarpetX):   level 15: 1 boxes, 32768 cells (2.842e-12%, 12%)
INFO (CarpetX):   level 16: 1 boxes, 32768 cells (3.553e-13%, 12%)
INFO (CarpetX): Iteration: 0   time: 0   delta_time: 4.76837e-07
INFO (CarpetX): Initializing level 16...
INFO (CarpetX): Regridding...
INFO (CarpetX):   level 0: 1 boxes, 32768 cells (100%)
INFO (CarpetX):   level 1: 1 boxes, 32768 cells (12.5%, 12%)
INFO (CarpetX):   level 2: 1 boxes, 32768 cells (1.562%, 12%)
INFO (CarpetX):   level 3: 1 boxes, 32768 cells (0.1953%, 12%)
INFO (CarpetX):   level 4: 1 boxes, 32768 cells (0.02441%, 12%)
INFO (CarpetX):   level 5: 1 boxes, 32768 cells (0.003052%, 12%)
INFO (CarpetX):   level 6: 1 boxes, 32768 cells (0.0003815%, 12%)
INFO (CarpetX):   level 7: 1 boxes, 32768 cells (4.768e-05%, 12%)
INFO (CarpetX):   level 8: 1 boxes, 32768 cells (5.96e-06%, 12%)
INFO (CarpetX):   level 9: 1 boxes, 32768 cells (7.451e-07%, 12%)
INFO (CarpetX):   level 10: 1 boxes, 32768 cells (9.313e-08%, 12%)
INFO (CarpetX):   level 11: 1 boxes, 32768 cells (1.164e-08%, 12%)
INFO (CarpetX):   level 12: 1 boxes, 32768 cells (1.455e-09%, 12%)
INFO (CarpetX):   level 13: 1 boxes, 32768 cells (1.819e-10%, 12%)
INFO (CarpetX):   level 14: 1 boxes, 32768 cells (2.274e-11%, 12%)
INFO (CarpetX):   level 15: 1 boxes, 32768 cells (2.842e-12%, 12%)
INFO (CarpetX):   level 16: 1 boxes, 32768 cells (3.553e-13%, 12%)
INFO (CarpetX):   level 17: 1 boxes, 32768 cells (4.441e-14%, 12%)
INFO (CarpetX): Iteration: 0   time: 0   delta_time: 2.38419e-07
INFO (CarpetX): Initializing level 17...
INFO (CarpetX): Regridding...
INFO (CarpetX):   level 0: 1 boxes, 32768 cells (100%)
INFO (CarpetX):   level 1: 1 boxes, 32768 cells (12.5%, 12%)
INFO (CarpetX):   level 2: 1 boxes, 32768 cells (1.562%, 12%)
INFO (CarpetX):   level 3: 1 boxes, 32768 cells (0.1953%, 12%)
INFO (CarpetX):   level 4: 1 boxes, 32768 cells (0.02441%, 12%)
INFO (CarpetX):   level 5: 1 boxes, 32768 cells (0.003052%, 12%)
INFO (CarpetX):   level 6: 1 boxes, 32768 cells (0.0003815%, 12%)
INFO (CarpetX):   level 7: 1 boxes, 32768 cells (4.768e-05%, 12%)
INFO (CarpetX):   level 8: 1 boxes, 32768 cells (5.96e-06%, 12%)
INFO (CarpetX):   level 9: 1 boxes, 32768 cells (7.451e-07%, 12%)
INFO (CarpetX):   level 10: 1 boxes, 32768 cells (9.313e-08%, 12%)
INFO (CarpetX):   level 11: 1 boxes, 32768 cells (1.164e-08%, 12%)
INFO (CarpetX):   level 12: 1 boxes, 32768 cells (1.455e-09%, 12%)
INFO (CarpetX):   level 13: 1 boxes, 32768 cells (1.819e-10%, 12%)
INFO (CarpetX):   level 14: 1 boxes, 32768 cells (2.274e-11%, 12%)
INFO (CarpetX):   level 15: 1 boxes, 32768 cells (2.842e-12%, 12%)
INFO (CarpetX):   level 16: 1 boxes, 32768 cells (3.553e-13%, 12%)
INFO (CarpetX):   level 17: 1 boxes, 32768 cells (4.441e-14%, 12%)
INFO (CarpetX):   level 18: 1 boxes, 32768 cells (5.551e-15%, 12%)
INFO (CarpetX): Iteration: 0   time: 0   delta_time: 1.19209e-07
INFO (CarpetX): Initializing level 18...
INFO (CarpetX): Regridding...
INFO (CarpetX):   level 0: 1 boxes, 32768 cells (100%)
INFO (CarpetX):   level 1: 1 boxes, 32768 cells (12.5%, 12%)
INFO (CarpetX):   level 2: 1 boxes, 32768 cells (1.562%, 12%)
INFO (CarpetX):   level 3: 1 boxes, 32768 cells (0.1953%, 12%)
INFO (CarpetX):   level 4: 1 boxes, 32768 cells (0.02441%, 12%)
INFO (CarpetX):   level 5: 1 boxes, 32768 cells (0.003052%, 12%)
INFO (CarpetX):   level 6: 1 boxes, 32768 cells (0.0003815%, 12%)
INFO (CarpetX):   level 7: 1 boxes, 32768 cells (4.768e-05%, 12%)
INFO (CarpetX):   level 8: 1 boxes, 32768 cells (5.96e-06%, 12%)
INFO (CarpetX):   level 9: 1 boxes, 32768 cells (7.451e-07%, 12%)
INFO (CarpetX):   level 10: 1 boxes, 32768 cells (9.313e-08%, 12%)
INFO (CarpetX):   level 11: 1 boxes, 32768 cells (1.164e-08%, 12%)
INFO (CarpetX):   level 12: 1 boxes, 32768 cells (1.455e-09%, 12%)
INFO (CarpetX):   level 13: 1 boxes, 32768 cells (1.819e-10%, 12%)
INFO (CarpetX):   level 14: 1 boxes, 32768 cells (2.274e-11%, 12%)
INFO (CarpetX):   level 15: 1 boxes, 32768 cells (2.842e-12%, 12%)
INFO (CarpetX):   level 16: 1 boxes, 32768 cells (3.553e-13%, 12%)
INFO (CarpetX):   level 17: 1 boxes, 32768 cells (4.441e-14%, 12%)
INFO (CarpetX):   level 18: 1 boxes, 32768 cells (5.551e-15%, 12%)
INFO (CarpetX):   level 19: 1 boxes, 32768 cells (6.939e-16%, 12%)
INFO (CarpetX): Iteration: 0   time: 0   delta_time: 5.96046e-08
INFO (CarpetX): Initializing level 19...
INFO (CarpetX): Regridding...
INFO (CarpetX):   level 0: 1 boxes, 32768 cells (100%)
INFO (CarpetX):   level 1: 1 boxes, 32768 cells (12.5%, 12%)
INFO (CarpetX):   level 2: 1 boxes, 32768 cells (1.562%, 12%)
INFO (CarpetX):   level 3: 1 boxes, 32768 cells (0.1953%, 12%)
INFO (CarpetX):   level 4: 1 boxes, 32768 cells (0.02441%, 12%)
INFO (CarpetX):   level 5: 1 boxes, 32768 cells (0.003052%, 12%)
INFO (CarpetX):   level 6: 1 boxes, 32768 cells (0.0003815%, 12%)
INFO (CarpetX):   level 7: 1 boxes, 32768 cells (4.768e-05%, 12%)
INFO (CarpetX):   level 8: 1 boxes, 32768 cells (5.96e-06%, 12%)
INFO (CarpetX):   level 9: 1 boxes, 32768 cells (7.451e-07%, 12%)
INFO (CarpetX):   level 10: 1 boxes, 32768 cells (9.313e-08%, 12%)
INFO (CarpetX):   level 11: 1 boxes, 32768 cells (1.164e-08%, 12%)
INFO (CarpetX):   level 12: 1 boxes, 32768 cells (1.455e-09%, 12%)
INFO (CarpetX):   level 13: 1 boxes, 32768 cells (1.819e-10%, 12%)
INFO (CarpetX):   level 14: 1 boxes, 32768 cells (2.274e-11%, 12%)
INFO (CarpetX):   level 15: 1 boxes, 32768 cells (2.842e-12%, 12%)
INFO (CarpetX):   level 16: 1 boxes, 32768 cells (3.553e-13%, 12%)
INFO (CarpetX):   level 17: 1 boxes, 32768 cells (4.441e-14%, 12%)
INFO (CarpetX):   level 18: 1 boxes, 32768 cells (5.551e-15%, 12%)
INFO (CarpetX):   level 19: 1 boxes, 32768 cells (6.939e-16%, 12%)
INFO (CarpetX): Initialized 20 levels
INFO (CarpetX): OutputGH: iteration 0, time 0.000000, run time 1 s
INFO (CarpetX): OutputGH done.
INFO (CarpetX): Starting evolution...
INFO (CarpetX): Regridding...
INFO (CarpetX): Setting max_grid_size values for all levels before regridding
INFO (CarpetX):   old levels 20, new levels 20
INFO (CarpetX):   level 0: 1 boxes, 32768 cells (100%)
INFO (CarpetX):   level 1: 1 boxes, 32768 cells (12.5%, 12%)
INFO (CarpetX):   level 2: 1 boxes, 32768 cells (1.562%, 12%)
INFO (CarpetX):   level 3: 1 boxes, 32768 cells (0.1953%, 12%)
INFO (CarpetX):   level 4: 1 boxes, 32768 cells (0.02441%, 12%)
INFO (CarpetX):   level 5: 1 boxes, 32768 cells (0.003052%, 12%)
INFO (CarpetX):   level 6: 1 boxes, 32768 cells (0.0003815%, 12%)
INFO (CarpetX):   level 7: 1 boxes, 32768 cells (4.768e-05%, 12%)
INFO (CarpetX):   level 8: 1 boxes, 32768 cells (5.96e-06%, 12%)
INFO (CarpetX):   level 9: 1 boxes, 32768 cells (7.451e-07%, 12%)
INFO (CarpetX):   level 10: 1 boxes, 32768 cells (9.313e-08%, 12%)
INFO (CarpetX):   level 11: 1 boxes, 32768 cells (1.164e-08%, 12%)
INFO (CarpetX):   level 12: 1 boxes, 32768 cells (1.455e-09%, 12%)
INFO (CarpetX):   level 13: 1 boxes, 32768 cells (1.819e-10%, 12%)
INFO (CarpetX):   level 14: 1 boxes, 32768 cells (2.274e-11%, 12%)
INFO (CarpetX):   level 15: 1 boxes, 32768 cells (2.842e-12%, 12%)
INFO (CarpetX):   level 16: 1 boxes, 32768 cells (3.553e-13%, 12%)
INFO (CarpetX):   level 17: 1 boxes, 32768 cells (4.441e-14%, 12%)
INFO (CarpetX):   level 18: 1 boxes, 32768 cells (5.551e-15%, 12%)
INFO (CarpetX):   level 19: 1 boxes, 32768 cells (6.939e-16%, 12%)
INFO (CarpetX): OutputGH: iteration 1, time 0.000000, run time 1 s
INFO (CarpetX): OutputGH done.
INFO (CarpetX): Simulation time: 5.96046e-08   Iterations per second: 26.7608   Simulation time per second: 1.59507e-06
INFO (CarpetX): Grid cells: 655360   Grid cell updates per second: 1.7538e+07
INFO (CarpetX): Performance:
INFO (CarpetX):   total evolution time:            0.0373681 sec
INFO (CarpetX):   total evolution compute time:    0.037358 sec
INFO (CarpetX):   total evolution output time:     1.00136e-05 sec
INFO (CarpetX):   total iterations:                1
INFO (CarpetX):   total cells updated:             655360
INFO (CarpetX):   average iterations per second: 26.7608
INFO (CarpetX):   average cell updates per second: 1.7538e+07
INFO (CarpetX): Regridding...
INFO (CarpetX): Setting max_grid_size values for all levels before regridding
INFO (CarpetX):   old levels 20, new levels 20
INFO (CarpetX):   level 0: 1 boxes, 32768 cells (100%)
INFO (CarpetX):   level 1: 1 boxes, 32768 cells (12.5%, 12%)
INFO (CarpetX):   level 2: 1 boxes, 32768 cells (1.562%, 12%)
INFO (CarpetX):   level 3: 1 boxes, 32768 cells (0.1953%, 12%)
INFO (CarpetX):   level 4: 1 boxes, 32768 cells (0.02441%, 12%)
INFO (CarpetX):   level 5: 1 boxes, 32768 cells (0.003052%, 12%)
INFO (CarpetX):   level 6: 1 boxes, 32768 cells (0.0003815%, 12%)
INFO (CarpetX):   level 7: 1 boxes, 32768 cells (4.768e-05%, 12%)
INFO (CarpetX):   level 8: 1 boxes, 32768 cells (5.96e-06%, 12%)
INFO (CarpetX):   level 9: 1 boxes, 32768 cells (7.451e-07%, 12%)
INFO (CarpetX):   level 10: 1 boxes, 32768 cells (9.313e-08%, 12%)
INFO (CarpetX):   level 11: 1 boxes, 32768 cells (1.164e-08%, 12%)
INFO (CarpetX):   level 12: 1 boxes, 32768 cells (1.455e-09%, 12%)
INFO (CarpetX):   level 13: 1 boxes, 32768 cells (1.819e-10%, 12%)
INFO (CarpetX):   level 14: 1 boxes, 32768 cells (2.274e-11%, 12%)
INFO (CarpetX):   level 15: 1 boxes, 32768 cells (2.842e-12%, 12%)
INFO (CarpetX):   level 16: 1 boxes, 32768 cells (3.553e-13%, 12%)
INFO (CarpetX):   level 17: 1 boxes, 32768 cells (4.441e-14%, 12%)
INFO (CarpetX):   level 18: 1 boxes, 32768 cells (5.551e-15%, 12%)
INFO (CarpetX):   level 19: 1 boxes, 32768 cells (6.939e-16%, 12%)
INFO (CarpetX): OutputGH: iteration 2, time 0.000000, run time 1 s
INFO (CarpetX): OutputGH done.
INFO (CarpetX): Simulation time: 1.19209e-07   Iterations per second: 26.8265   Simulation time per second: 1.59899e-06
INFO (CarpetX): Grid cells: 655360   Grid cell updates per second: 1.7581e+07
INFO (CarpetX): Performance:
INFO (CarpetX):   total evolution time:            0.074553 sec
INFO (CarpetX):   total evolution compute time:    0.0745358 sec
INFO (CarpetX):   total evolution output time:     1.71661e-05 sec
INFO (CarpetX):   total iterations:                2
INFO (CarpetX):   total cells updated:             1.31072e+06
INFO (CarpetX):   average iterations per second: 26.8265
INFO (CarpetX):   average cell updates per second: 1.7581e+07
INFO (CarpetX): Regridding...
INFO (CarpetX): Setting max_grid_size values for all levels before regridding
INFO (CarpetX):   old levels 20, new levels 20
INFO (CarpetX):   level 0: 1 boxes, 32768 cells (100%)
INFO (CarpetX):   level 1: 1 boxes, 32768 cells (12.5%, 12%)
INFO (CarpetX):   level 2: 1 boxes, 32768 cells (1.562%, 12%)
INFO (CarpetX):   level 3: 1 boxes, 32768 cells (0.1953%, 12%)
INFO (CarpetX):   level 4: 1 boxes, 32768 cells (0.02441%, 12%)
INFO (CarpetX):   level 5: 1 boxes, 32768 cells (0.003052%, 12%)
INFO (CarpetX):   level 6: 1 boxes, 32768 cells (0.0003815%, 12%)
INFO (CarpetX):   level 7: 1 boxes, 32768 cells (4.768e-05%, 12%)
INFO (CarpetX):   level 8: 1 boxes, 32768 cells (5.96e-06%, 12%)
INFO (CarpetX):   level 9: 1 boxes, 32768 cells (7.451e-07%, 12%)
INFO (CarpetX):   level 10: 1 boxes, 32768 cells (9.313e-08%, 12%)
INFO (CarpetX):   level 11: 1 boxes, 32768 cells (1.164e-08%, 12%)
INFO (CarpetX):   level 12: 1 boxes, 32768 cells (1.455e-09%, 12%)
INFO (CarpetX):   level 13: 1 boxes, 32768 cells (1.819e-10%, 12%)
INFO (CarpetX):   level 14: 1 boxes, 32768 cells (2.274e-11%, 12%)
INFO (CarpetX):   level 15: 1 boxes, 32768 cells (2.842e-12%, 12%)
INFO (CarpetX):   level 16: 1 boxes, 32768 cells (3.553e-13%, 12%)
INFO (CarpetX):   level 17: 1 boxes, 32768 cells (4.441e-14%, 12%)
INFO (CarpetX):   level 18: 1 boxes, 32768 cells (5.551e-15%, 12%)
INFO (CarpetX):   level 19: 1 boxes, 32768 cells (6.939e-16%, 12%)
INFO (CarpetX): OutputGH: iteration 3, time 0.000000, run time 1 s
INFO (CarpetX): OutputGH done.
INFO (CarpetX): Simulation time: 1.78814e-07   Iterations per second: 26.881   Simulation time per second: 1.60223e-06
INFO (CarpetX): Grid cells: 655360   Grid cell updates per second: 1.76167e+07
INFO (CarpetX): Performance:
INFO (CarpetX):   total evolution time:            0.111603 sec
INFO (CarpetX):   total evolution compute time:    0.111579 sec
INFO (CarpetX):   total evolution output time:     2.40803e-05 sec
INFO (CarpetX):   total iterations:                3
INFO (CarpetX):   total cells updated:             1.96608e+06
INFO (CarpetX):   average iterations per second: 26.881
INFO (CarpetX):   average cell updates per second: 1.76167e+07
INFO (CarpetX): Regridding...
INFO (CarpetX): Setting max_grid_size values for all levels before regridding
INFO (CarpetX):   old levels 20, new levels 20
INFO (CarpetX):   level 0: 1 boxes, 32768 cells (100%)
INFO (CarpetX):   level 1: 1 boxes, 32768 cells (12.5%, 12%)
INFO (CarpetX):   level 2: 1 boxes, 32768 cells (1.562%, 12%)
INFO (CarpetX):   level 3: 1 boxes, 32768 cells (0.1953%, 12%)
INFO (CarpetX):   level 4: 1 boxes, 32768 cells (0.02441%, 12%)
INFO (CarpetX):   level 5: 1 boxes, 32768 cells (0.003052%, 12%)
INFO (CarpetX):   level 6: 1 boxes, 32768 cells (0.0003815%, 12%)
INFO (CarpetX):   level 7: 1 boxes, 32768 cells (4.768e-05%, 12%)
INFO (CarpetX):   level 8: 1 boxes, 32768 cells (5.96e-06%, 12%)
INFO (CarpetX):   level 9: 1 boxes, 32768 cells (7.451e-07%, 12%)
INFO (CarpetX):   level 10: 1 boxes, 32768 cells (9.313e-08%, 12%)
INFO (CarpetX):   level 11: 1 boxes, 32768 cells (1.164e-08%, 12%)
INFO (CarpetX):   level 12: 1 boxes, 32768 cells (1.455e-09%, 12%)
INFO (CarpetX):   level 13: 1 boxes, 32768 cells (1.819e-10%, 12%)
INFO (CarpetX):   level 14: 1 boxes, 32768 cells (2.274e-11%, 12%)
INFO (CarpetX):   level 15: 1 boxes, 32768 cells (2.842e-12%, 12%)
INFO (CarpetX):   level 16: 1 boxes, 32768 cells (3.553e-13%, 12%)
INFO (CarpetX):   level 17: 1 boxes, 32768 cells (4.441e-14%, 12%)
INFO (CarpetX):   level 18: 1 boxes, 32768 cells (5.551e-15%, 12%)
INFO (CarpetX):   level 19: 1 boxes, 32768 cells (6.939e-16%, 12%)
INFO (CarpetX): OutputGH: iteration 4, time 0.000000, run time 1 s
INFO (CarpetX): OutputGH done.
INFO (CarpetX): Simulation time: 2.38419e-07   Iterations per second: 26.8976   Simulation time per second: 1.60322e-06
INFO (CarpetX): Grid cells: 655360   Grid cell updates per second: 1.76276e+07
INFO (CarpetX): Performance:
INFO (CarpetX):   total evolution time:            0.148712 sec
INFO (CarpetX):   total evolution compute time:    0.14868 sec
INFO (CarpetX):   total evolution output time:     3.21865e-05 sec
INFO (CarpetX):   total iterations:                4
INFO (CarpetX):   total cells updated:             2.62144e+06
INFO (CarpetX):   average iterations per second: 26.8976
INFO (CarpetX):   average cell updates per second: 1.76276e+07
INFO (CarpetX): Regridding...
INFO (CarpetX): Setting max_grid_size values for all levels before regridding
INFO (CarpetX):   old levels 20, new levels 20
INFO (CarpetX):   level 0: 1 boxes, 32768 cells (100%)
INFO (CarpetX):   level 1: 1 boxes, 32768 cells (12.5%, 12%)
INFO (CarpetX):   level 2: 1 boxes, 32768 cells (1.562%, 12%)
INFO (CarpetX):   level 3: 1 boxes, 32768 cells (0.1953%, 12%)
INFO (CarpetX):   level 4: 1 boxes, 32768 cells (0.02441%, 12%)
INFO (CarpetX):   level 5: 1 boxes, 32768 cells (0.003052%, 12%)
INFO (CarpetX):   level 6: 1 boxes, 32768 cells (0.0003815%, 12%)
INFO (CarpetX):   level 7: 1 boxes, 32768 cells (4.768e-05%, 12%)
INFO (CarpetX):   level 8: 1 boxes, 32768 cells (5.96e-06%, 12%)
INFO (CarpetX):   level 9: 1 boxes, 32768 cells (7.451e-07%, 12%)
INFO (CarpetX):   level 10: 1 boxes, 32768 cells (9.313e-08%, 12%)
INFO (CarpetX):   level 11: 1 boxes, 32768 cells (1.164e-08%, 12%)
INFO (CarpetX):   level 12: 1 boxes, 32768 cells (1.455e-09%, 12%)
INFO (CarpetX):   level 13: 1 boxes, 32768 cells (1.819e-10%, 12%)
INFO (CarpetX):   level 14: 1 boxes, 32768 cells (2.274e-11%, 12%)
INFO (CarpetX):   level 15: 1 boxes, 32768 cells (2.842e-12%, 12%)
INFO (CarpetX):   level 16: 1 boxes, 32768 cells (3.553e-13%, 12%)
INFO (CarpetX):   level 17: 1 boxes, 32768 cells (4.441e-14%, 12%)
INFO (CarpetX):   level 18: 1 boxes, 32768 cells (5.551e-15%, 12%)
INFO (CarpetX):   level 19: 1 boxes, 32768 cells (6.939e-16%, 12%)
INFO (CarpetX): OutputGH: iteration 5, time 0.000000, run time 1 s
INFO (CarpetX): OutputGH done.
INFO (CarpetX): Simulation time: 2.98023e-07   Iterations per second: 26.9011   Simulation time per second: 1.60343e-06
INFO (CarpetX): Grid cells: 655360   Grid cell updates per second: 1.76299e+07
INFO (CarpetX): Performance:
INFO (CarpetX):   total evolution time:            0.185866 sec
INFO (CarpetX):   total evolution compute time:    0.185826 sec
INFO (CarpetX):   total evolution output time:     4.02927e-05 sec
INFO (CarpetX):   total iterations:                5
INFO (CarpetX):   total cells updated:             3.2768e+06
INFO (CarpetX):   average iterations per second: 26.9011
INFO (CarpetX):   average cell updates per second: 1.76299e+07
INFO (CarpetX): Regridding...
INFO (CarpetX): Setting max_grid_size values for all levels before regridding
INFO (CarpetX):   old levels 20, new levels 20
INFO (CarpetX):   level 0: 1 boxes, 32768 cells (100%)
INFO (CarpetX):   level 1: 1 boxes, 32768 cells (12.5%, 12%)
INFO (CarpetX):   level 2: 1 boxes, 32768 cells (1.562%, 12%)
INFO (CarpetX):   level 3: 1 boxes, 32768 cells (0.1953%, 12%)
INFO (CarpetX):   level 4: 1 boxes, 32768 cells (0.02441%, 12%)
INFO (CarpetX):   level 5: 1 boxes, 32768 cells (0.003052%, 12%)
INFO (CarpetX):   level 6: 1 boxes, 32768 cells (0.0003815%, 12%)
INFO (CarpetX):   level 7: 1 boxes, 32768 cells (4.768e-05%, 12%)
INFO (CarpetX):   level 8: 1 boxes, 32768 cells (5.96e-06%, 12%)
INFO (CarpetX):   level 9: 1 boxes, 32768 cells (7.451e-07%, 12%)
INFO (CarpetX):   level 10: 1 boxes, 32768 cells (9.313e-08%, 12%)
INFO (CarpetX):   level 11: 1 boxes, 32768 cells (1.164e-08%, 12%)
INFO (CarpetX):   level 12: 1 boxes, 32768 cells (1.455e-09%, 12%)
INFO (CarpetX):   level 13: 1 boxes, 32768 cells (1.819e-10%, 12%)
INFO (CarpetX):   level 14: 1 boxes, 32768 cells (2.274e-11%, 12%)
INFO (CarpetX):   level 15: 1 boxes, 32768 cells (2.842e-12%, 12%)
INFO (CarpetX):   level 16: 1 boxes, 32768 cells (3.553e-13%, 12%)
INFO (CarpetX):   level 17: 1 boxes, 32768 cells (4.441e-14%, 12%)
INFO (CarpetX):   level 18: 1 boxes, 32768 cells (5.551e-15%, 12%)
INFO (CarpetX):   level 19: 1 boxes, 32768 cells (6.939e-16%, 12%)
INFO (CarpetX): OutputGH: iteration 6, time 0.000000, run time 1 s
INFO (CarpetX): OutputGH done.
INFO (CarpetX): Simulation time: 3.57628e-07   Iterations per second: 26.8912   Simulation time per second: 1.60284e-06
INFO (CarpetX): Grid cells: 655360   Grid cell updates per second: 1.76234e+07
INFO (CarpetX): Performance:
INFO (CarpetX):   total evolution time:            0.223121 sec
INFO (CarpetX):   total evolution compute time:    0.223073 sec
INFO (CarpetX):   total evolution output time:     4.74453e-05 sec
INFO (CarpetX):   total iterations:                6
INFO (CarpetX):   total cells updated:             3.93216e+06
INFO (CarpetX):   average iterations per second: 26.8912
INFO (CarpetX):   average cell updates per second: 1.76234e+07
INFO (CarpetX): Regridding...
INFO (CarpetX): Setting max_grid_size values for all levels before regridding
INFO (CarpetX):   old levels 20, new levels 20
INFO (CarpetX):   level 0: 1 boxes, 32768 cells (100%)
INFO (CarpetX):   level 1: 1 boxes, 32768 cells (12.5%, 12%)
INFO (CarpetX):   level 2: 1 boxes, 32768 cells (1.562%, 12%)
INFO (CarpetX):   level 3: 1 boxes, 32768 cells (0.1953%, 12%)
INFO (CarpetX):   level 4: 1 boxes, 32768 cells (0.02441%, 12%)
INFO (CarpetX):   level 5: 1 boxes, 32768 cells (0.003052%, 12%)
INFO (CarpetX):   level 6: 1 boxes, 32768 cells (0.0003815%, 12%)
INFO (CarpetX):   level 7: 1 boxes, 32768 cells (4.768e-05%, 12%)
INFO (CarpetX):   level 8: 1 boxes, 32768 cells (5.96e-06%, 12%)
INFO (CarpetX):   level 9: 1 boxes, 32768 cells (7.451e-07%, 12%)
INFO (CarpetX):   level 10: 1 boxes, 32768 cells (9.313e-08%, 12%)
INFO (CarpetX):   level 11: 1 boxes, 32768 cells (1.164e-08%, 12%)
INFO (CarpetX):   level 12: 1 boxes, 32768 cells (1.455e-09%, 12%)
INFO (CarpetX):   level 13: 1 boxes, 32768 cells (1.819e-10%, 12%)
INFO (CarpetX):   level 14: 1 boxes, 32768 cells (2.274e-11%, 12%)
INFO (CarpetX):   level 15: 1 boxes, 32768 cells (2.842e-12%, 12%)
INFO (CarpetX):   level 16: 1 boxes, 32768 cells (3.553e-13%, 12%)
INFO (CarpetX):   level 17: 1 boxes, 32768 cells (4.441e-14%, 12%)
INFO (CarpetX):   level 18: 1 boxes, 32768 cells (5.551e-15%, 12%)
INFO (CarpetX):   level 19: 1 boxes, 32768 cells (6.939e-16%, 12%)
INFO (CarpetX): OutputGH: iteration 7, time 0.000000, run time 1 s
INFO (CarpetX): OutputGH done.
INFO (CarpetX): Simulation time: 4.17233e-07   Iterations per second: 26.8929   Simulation time per second: 1.60294e-06
INFO (CarpetX): Grid cells: 655360   Grid cell updates per second: 1.76245e+07
INFO (CarpetX): Performance:
INFO (CarpetX):   total evolution time:            0.260292 sec
INFO (CarpetX):   total evolution compute time:    0.260237 sec
INFO (CarpetX):   total evolution output time:     5.53131e-05 sec
INFO (CarpetX):   total iterations:                7
INFO (CarpetX):   total cells updated:             4.58752e+06
INFO (CarpetX):   average iterations per second: 26.8929
INFO (CarpetX):   average cell updates per second: 1.76245e+07
INFO (CarpetX): Regridding...
INFO (CarpetX): Setting max_grid_size values for all levels before regridding
INFO (CarpetX):   old levels 20, new levels 20
INFO (CarpetX):   level 0: 1 boxes, 32768 cells (100%)
INFO (CarpetX):   level 1: 1 boxes, 32768 cells (12.5%, 12%)
INFO (CarpetX):   level 2: 1 boxes, 32768 cells (1.562%, 12%)
INFO (CarpetX):   level 3: 1 boxes, 32768 cells (0.1953%, 12%)
INFO (CarpetX):   level 4: 1 boxes, 32768 cells (0.02441%, 12%)
INFO (CarpetX):   level 5: 1 boxes, 32768 cells (0.003052%, 12%)
INFO (CarpetX):   level 6: 1 boxes, 32768 cells (0.0003815%, 12%)
INFO (CarpetX):   level 7: 1 boxes, 32768 cells (4.768e-05%, 12%)
INFO (CarpetX):   level 8: 1 boxes, 32768 cells (5.96e-06%, 12%)
INFO (CarpetX):   level 9: 1 boxes, 32768 cells (7.451e-07%, 12%)
INFO (CarpetX):   level 10: 1 boxes, 32768 cells (9.313e-08%, 12%)
INFO (CarpetX):   level 11: 1 boxes, 32768 cells (1.164e-08%, 12%)
INFO (CarpetX):   level 12: 1 boxes, 32768 cells (1.455e-09%, 12%)
INFO (CarpetX):   level 13: 1 boxes, 32768 cells (1.819e-10%, 12%)
INFO (CarpetX):   level 14: 1 boxes, 32768 cells (2.274e-11%, 12%)
INFO (CarpetX):   level 15: 1 boxes, 32768 cells (2.842e-12%, 12%)
INFO (CarpetX):   level 16: 1 boxes, 32768 cells (3.553e-13%, 12%)
INFO (CarpetX):   level 17: 1 boxes, 32768 cells (4.441e-14%, 12%)
INFO (CarpetX):   level 18: 1 boxes, 32768 cells (5.551e-15%, 12%)
INFO (CarpetX):   level 19: 1 boxes, 32768 cells (6.939e-16%, 12%)
INFO (CarpetX): OutputGH: iteration 8, time 0.000000, run time 1 s
INFO (CarpetX): OutputGH done.
INFO (CarpetX): Simulation time: 4.76837e-07   Iterations per second: 26.8933   Simulation time per second: 1.60297e-06
INFO (CarpetX): Grid cells: 655360   Grid cell updates per second: 1.76248e+07
INFO (CarpetX): Performance:
INFO (CarpetX):   total evolution time:            0.297472 sec
INFO (CarpetX):   total evolution compute time:    0.29741 sec
INFO (CarpetX):   total evolution output time:     6.12736e-05 sec
INFO (CarpetX):   total iterations:                8
INFO (CarpetX):   total cells updated:             5.24288e+06
INFO (CarpetX):   average iterations per second: 26.8933
INFO (CarpetX):   average cell updates per second: 1.76248e+07
INFO (CarpetX): Regridding...
INFO (CarpetX): Setting max_grid_size values for all levels before regridding
INFO (CarpetX):   old levels 20, new levels 20
INFO (CarpetX):   level 0: 1 boxes, 32768 cells (100%)
INFO (CarpetX):   level 1: 1 boxes, 32768 cells (12.5%, 12%)
INFO (CarpetX):   level 2: 1 boxes, 32768 cells (1.562%, 12%)
INFO (CarpetX):   level 3: 1 boxes, 32768 cells (0.1953%, 12%)
INFO (CarpetX):   level 4: 1 boxes, 32768 cells (0.02441%, 12%)
INFO (CarpetX):   level 5: 1 boxes, 32768 cells (0.003052%, 12%)
INFO (CarpetX):   level 6: 1 boxes, 32768 cells (0.0003815%, 12%)
INFO (CarpetX):   level 7: 1 boxes, 32768 cells (4.768e-05%, 12%)
INFO (CarpetX):   level 8: 1 boxes, 32768 cells (5.96e-06%, 12%)
INFO (CarpetX):   level 9: 1 boxes, 32768 cells (7.451e-07%, 12%)
INFO (CarpetX):   level 10: 1 boxes, 32768 cells (9.313e-08%, 12%)
INFO (CarpetX):   level 11: 1 boxes, 32768 cells (1.164e-08%, 12%)
INFO (CarpetX):   level 12: 1 boxes, 32768 cells (1.455e-09%, 12%)
INFO (CarpetX):   level 13: 1 boxes, 32768 cells (1.819e-10%, 12%)
INFO (CarpetX):   level 14: 1 boxes, 32768 cells (2.274e-11%, 12%)
INFO (CarpetX):   level 15: 1 boxes, 32768 cells (2.842e-12%, 12%)
INFO (CarpetX):   level 16: 1 boxes, 32768 cells (3.553e-13%, 12%)
INFO (CarpetX):   level 17: 1 boxes, 32768 cells (4.441e-14%, 12%)
INFO (CarpetX):   level 18: 1 boxes, 32768 cells (5.551e-15%, 12%)
INFO (CarpetX):   level 19: 1 boxes, 32768 cells (6.939e-16%, 12%)
INFO (CarpetX): OutputGH: iteration 9, time 0.000001, run time 1 s
INFO (CarpetX): OutputGH done.
INFO (CarpetX): Simulation time: 5.36442e-07   Iterations per second: 26.9015   Simulation time per second: 1.60345e-06
INFO (CarpetX): Grid cells: 655360   Grid cell updates per second: 1.76302e+07
INFO (CarpetX): Performance:
INFO (CarpetX):   total evolution time:            0.334554 sec
INFO (CarpetX):   total evolution compute time:    0.334485 sec
INFO (CarpetX):   total evolution output time:     6.84261e-05 sec
INFO (CarpetX):   total iterations:                9
INFO (CarpetX):   total cells updated:             5.89824e+06
INFO (CarpetX):   average iterations per second: 26.9015
INFO (CarpetX):   average cell updates per second: 1.76302e+07
INFO (CarpetX): Regridding...
INFO (CarpetX): Setting max_grid_size values for all levels before regridding
INFO (CarpetX):   old levels 20, new levels 20
INFO (CarpetX):   level 0: 1 boxes, 32768 cells (100%)
INFO (CarpetX):   level 1: 1 boxes, 32768 cells (12.5%, 12%)
INFO (CarpetX):   level 2: 1 boxes, 32768 cells (1.562%, 12%)
INFO (CarpetX):   level 3: 1 boxes, 32768 cells (0.1953%, 12%)
INFO (CarpetX):   level 4: 1 boxes, 32768 cells (0.02441%, 12%)
INFO (CarpetX):   level 5: 1 boxes, 32768 cells (0.003052%, 12%)
INFO (CarpetX):   level 6: 1 boxes, 32768 cells (0.0003815%, 12%)
INFO (CarpetX):   level 7: 1 boxes, 32768 cells (4.768e-05%, 12%)
INFO (CarpetX):   level 8: 1 boxes, 32768 cells (5.96e-06%, 12%)
INFO (CarpetX):   level 9: 1 boxes, 32768 cells (7.451e-07%, 12%)
INFO (CarpetX):   level 10: 1 boxes, 32768 cells (9.313e-08%, 12%)
INFO (CarpetX):   level 11: 1 boxes, 32768 cells (1.164e-08%, 12%)
INFO (CarpetX):   level 12: 1 boxes, 32768 cells (1.455e-09%, 12%)
INFO (CarpetX):   level 13: 1 boxes, 32768 cells (1.819e-10%, 12%)
INFO (CarpetX):   level 14: 1 boxes, 32768 cells (2.274e-11%, 12%)
INFO (CarpetX):   level 15: 1 boxes, 32768 cells (2.842e-12%, 12%)
INFO (CarpetX):   level 16: 1 boxes, 32768 cells (3.553e-13%, 12%)
INFO (CarpetX):   level 17: 1 boxes, 32768 cells (4.441e-14%, 12%)
INFO (CarpetX):   level 18: 1 boxes, 32768 cells (5.551e-15%, 12%)
INFO (CarpetX):   level 19: 1 boxes, 32768 cells (6.939e-16%, 12%)
INFO (CarpetX): OutputGH: iteration 10, time 0.000001, run time 1 s
INFO (CarpetX): OutputGH done.
INFO (CarpetX): Simulation time: 5.96046e-07   Iterations per second: 22.9737   Simulation time per second: 1.36934e-06
INFO (CarpetX): Grid cells: 655360   Grid cell updates per second: 1.5056e+07
INFO (CarpetX): Performance:
INFO (CarpetX):   total evolution time:            0.435281 sec
INFO (CarpetX):   total evolution compute time:    0.371439 sec
INFO (CarpetX):   total evolution output time:     0.0638413 sec
INFO (CarpetX):   total iterations:                10
INFO (CarpetX):   total cells updated:             6.5536e+06
INFO (CarpetX):   average iterations per second: 22.9737
INFO (CarpetX):   average cell updates per second: 1.5056e+07
INFO (CarpetX): Shutting down...
AMReX (24.10) finalized
--------------------------------------------------------------------------------
Done.
+ echo Stopping:
Stopping:
+ date
Thu Mar  5 20:52:40 UTC 2026
+ echo Done.
Done.
  Elapsed time: 1.7 s
