/home/runner/simulations/TestJob01_temp_1/output-0000/TEST/sim/MemSpeed
Preparing:
+ set -e
+ cd output-0000-active
+ echo Checking:
Checking:
+ pwd
/home/runner/simulations/TestJob01_temp_1/output-0000/TEST/sim/MemSpeed/output-0000-active
+ hostname
fv-az1442-803
+ date
Sat Dec  7 02:59:52 UTC 2024
+ echo Environment:
Environment:
+ export CACTUS_NUM_PROCS=1
+ CACTUS_NUM_PROCS=1
+ export CACTUS_NUM_THREADS=2
+ CACTUS_NUM_THREADS=2
+ export GMON_OUT_PREFIX=gmon.out
+ GMON_OUT_PREFIX=gmon.out
+ export OMP_NUM_THREADS=2
+ OMP_NUM_THREADS=2
+ env
+ sort
+ echo Starting:
Starting:
++ date +%s
+ export CACTUS_STARTTIME=1733540392
+ CACTUS_STARTTIME=1733540392
+ '[' 1 = 1 ']'
+ '[' 0 -eq 0 ']'
+ /home/runner/simulations/TestJob01_temp_1/SIMFACTORY/exe/cactus_sim -L 3 /home/runner/simulations/TestJob01_temp_1/output-0000/arrangements/CactusUtils/MemSpeed/test/memspeed.par
INFO (Cactus): Increased logging level from 0 to 3
--------------------------------------------------------------------------------

       10                                  
  1   0101       ************************  
  01  1010 10      The Cactus Code V4.17.0    
 1010 1101 011      www.cactuscode.org     
  1001 100101    ************************  
    00010101                               
     100011     (c) Copyright The Authors  
      0100      GNU Licensed. No Warranty  
      0101                                 
--------------------------------------------------------------------------------

Cactus version:    4.17.0
Compile date:      Dec 07 2024 (02:53:25)
Run date:          Dec 07 2024 (02:59:53+0000)
Run host:          fv-az1442-803.gtdgxysclnuenlnkab13ghtgjb.cx.internal.cloudapp.net (pid=131281)
Working directory: /home/runner/simulations/TestJob01_temp_1/output-0000/TEST/sim/MemSpeed
Executable:        /home/runner/simulations/TestJob01_temp_1/SIMFACTORY/exe/cactus_sim
Parameter file:    /home/runner/simulations/TestJob01_temp_1/output-0000/arrangements/CactusUtils/MemSpeed/test/memspeed.par
--------------------------------------------------------------------------------

Activating thorn Cactus...Success -> active implementation Cactus
Activation requested for 
--->hwloc MemSpeed SystemTopology CartGrid3D CoordBase IOASCII IOUtil PUGH PUGHSlab<---
Thorn hwloc requests automatic activation of zlib
Thorn MemSpeed requests automatic activation of Vectors
Thorn MemSpeed requests automatic activation of MPI
Activating thorn CartGrid3D...Success -> active implementation grid
Activating thorn CoordBase...Success -> active implementation CoordBase
Activating thorn hwloc...Success -> active implementation hwloc
Activating thorn IOASCII...Success -> active implementation IOASCII
Activating thorn IOUtil...Success -> active implementation IO
Activating thorn MemSpeed...Success -> active implementation MemSpeed
Activating thorn MPI...Success -> active implementation MPI
Activating thorn PUGH...Success -> active implementation Driver
Activating thorn PUGHSlab...Success -> active implementation Hyperslab
Activating thorn SystemTopology...Success -> active implementation SystemTopology
Activating thorn Vectors...Success -> active implementation Vectors
Activating thorn zlib...Success -> active implementation zlib
--------------------------------------------------------------------------------
  if (recover initial data)
    Recover parameters
  endif

  Startup routines
    [CCTK_STARTUP]
      CartGrid3D::SymmetryStartup: Register GH Extension for GridSymmetry
      CoordBase::CoordBase_Startup: Register a GH extension to store the coordinate system handles
      GROUP hwloc_startup: hwloc startup group
        hwloc::hwloc_version: Output hwloc version
      SystemTopology::ST_system_topology: Output and/or modify system topology and hardware locality
      PUGH::Driver_Startup: Startup routine
      PUGH::PUGH_RegisterPUGHP2LRoutines: Register Physical to Logical process mapping routines
      PUGH::PUGH_RegisterPUGHTopologyRoutines: Register topology generation routines routines
      IOUtil::IOUtil_Startup: Startup routine
      Vectors::Vectors_Startup: Print startup message
      IOASCII::IOASCII_Startup: Startup routine

  Startup routines which need an existing grid hierarchy
    [CCTK_WRAGH]
      CartGrid3D::RegisterCartGrid3DCoords: [meta] Register coordinates for the Cartesian grid
      MemSpeed::MemSpeed_MeasureSpeed: [meta] Measure CPU, memory, cache speeds
  Parameter checking routines
    [CCTK_PARAMCHECK]
      CartGrid3D::ParamCheck_CartGrid3D: Check coordinates for CartGrid3D
      Vectors::Vectors_Test: Run correctness tests.

  Initialisation
    if (NOT (recover initial data AND recovery_mode is 'strict'))
      [CCTK_PREREGRIDINITIAL]
      Set up grid hierarchy
      [CCTK_POSTREGRIDINITIAL]
        CartGrid3D::SpatialCoordinates: Set Coordinates after regridding
      [CCTK_BASEGRID]
        CartGrid3D::SpatialSpacings: Set up ranges for spatial 3D Cartesian coordinates (on all grids)
        CartGrid3D::SpatialCoordinates: Set up spatial 3D Cartesian coordinates on the GH
        IOASCII::IOASCII_Choose1D: Choose 1D output lines
        IOASCII::IOASCII_Choose2D: Choose 2D output planes
        PUGH::PUGH_Report: Report on PUGH set up
      [CCTK_INITIAL]
      [CCTK_POSTINITIAL]
      Initialise finer grids recursively
      Restrict from finer grids
      [CCTK_POSTRESTRICTINITIAL]
      [CCTK_POSTPOSTINITIAL]
      [CCTK_POSTSTEP]
    endif
    if (recover initial data)
      [CCTK_BASEGRID]
        CartGrid3D::SpatialSpacings: Set up ranges for spatial 3D Cartesian coordinates (on all grids)
        CartGrid3D::SpatialCoordinates: Set up spatial 3D Cartesian coordinates on the GH
        IOASCII::IOASCII_Choose1D: Choose 1D output lines
        IOASCII::IOASCII_Choose2D: Choose 2D output planes
        PUGH::PUGH_Report: Report on PUGH set up
      [CCTK_RECOVER_VARIABLES]
      [CCTK_POST_RECOVER_VARIABLES]
    endif
    if (checkpoint initial data)
      [CCTK_CPINITIAL]
    endif
    if (analysis)
      [CCTK_ANALYSIS]
  endif
  Output grid variables

  do loop over timesteps
    [CCTK_PREREGRID]
    Change grid hierarchy
    [CCTK_POSTREGRID]
      CartGrid3D::SpatialCoordinates: Set Coordinates after regridding
    Rotate timelevels
    iteration = iteration+1
    t = t+dt
    [CCTK_PRESTEP]
    [CCTK_EVOL]
    Evolve finer grids recursively
    Restrict from finer grids
    [CCTK_POSTRESTRICT]
    [CCTK_POSTSTEP]
    if (checkpoint)
      [CCTK_CHECKPOINT]
    endif
    if (analysis)
      [CCTK_ANALYSIS]
    endif
    Output grid variables
    enddo

  Termination routines
    [CCTK_TERMINATE]
      PUGH::Driver_Terminate: Termination routine

  Shutdown routines
    [CCTK_SHUTDOWN]

  Routines run after changing the grid hierarchy:
    [CCTK_POSTREGRID]
      CartGrid3D::SpatialCoordinates: Set Coordinates after regridding
--------------------------------------------------------------------------------
INFO (hwloc): library version 2.7.0, API version 0x20500
INFO (SystemTopology): MPI process-to-host mapping:
This is MPI process 0 of 1
MPI hosts:
  0: fv-az1442-803
This MPI process runs on host 0 of 1
On this host, this is MPI process 0 of 1
INFO (SystemTopology): Topology support:
Discovery support:
  discovery->pu                            : yes
CPU binding support:
  cpubind->set_thisproc_cpubind            : yes
  cpubind->get_thisproc_cpubind            : yes
  cpubind->set_proc_cpubind                : yes
  cpubind->get_proc_cpubind                : yes
  cpubind->set_thisthread_cpubind          : yes
  cpubind->get_thisthread_cpubind          : yes
  cpubind->set_thread_cpubind              : yes
  cpubind->get_thread_cpubind              : yes
  cpubind->get_thisproc_last_cpu_location  : yes
  cpubind->get_proc_last_cpu_location      : yes
  cpubind->get_thisthread_last_cpu_location: yes
Memory binding support:
  membind->set_thisproc_membind            : no
  membind->get_thisproc_membind            : no
  membind->set_proc_membind                : no
  membind->get_proc_membind                : no
  membind->set_thisthread_membind          : yes
  membind->get_thisthread_membind          : yes
  membind->set_area_membind                : yes
  membind->get_area_membind                : yes
  membind->alloc_membind                   : yes
  membind->firsttouch_membind              : yes
  membind->bind_membind                    : yes
  membind->interleave_membind              : yes
  membind->nexttouch_membind               : no
  membind->migrate_membind                 : yes
INFO (SystemTopology): Hardware objects in this node:
Machine L#0: (P#0, total=16364588KB, DMIProductName="Virtual Machine", DMIProductVersion=7.0, DMIProductUUID=b0926d5d-0efb-804e-982b-e7cc280e5afa, DMIBoardVendor="Microsoft Corporation", DMIBoardName="Virtual Machine", DMIBoardVersion=7.0, DMIChassisVendor="Microsoft Corporation", DMIChassisType=3, DMIChassisVersion=7.0, DMIChassisAssetTag=7783-7084-3265-9085-8269-3286-77, DMIBIOSVendor="American Megatrends Inc.", DMIBIOSVersion="090008 ", DMIBIOSDate=12/07/2018, DMISysVendor="Microsoft Corporation", Backend=Linux, LinuxCgroup=/system.slice/runner-provisioner.service, OSName=Linux, OSRelease=6.5.0-1025-azure, OSVersion="#26~22.04.1-Ubuntu SMP Thu Jul 11 22:33:04 UTC 2024", HostName=fv-az1442-803, Architecture=x86_64, hwlocVersion=2.7.0, ProcessName=cactus_sim)
  Package L#0: (P#0, total=16364588KB, CPUVendor=AuthenticAMD, CPUFamilyNumber=25, CPUModelNumber=1, CPUModel="AMD EPYC 7763 64-Core Processor                ", CPUStepping=1)
    L3Cache L#0: (P#0, size=32768KB, linesize=64, ways=16, Inclusive=0)
      L2Cache L#0: (P#0, size=512KB, linesize=64, ways=8, Inclusive=1)
        L1dCache L#0: (P#0, size=32KB, linesize=64, ways=8, Inclusive=0)
          Core L#0: (P#0)
            PU L#0: (P#0)
            PU L#1: (P#1)
      L2Cache L#1: (P#1, size=512KB, linesize=64, ways=8, Inclusive=1)
        L1dCache L#1: (P#1, size=32KB, linesize=64, ways=8, Inclusive=0)
          Core L#1: (P#1)
            PU L#2: (P#2)
            PU L#3: (P#3)
INFO (SystemTopology): Thread CPU bindings:
  MPI process 0 on host 0 (process 0 of 1 on this host)
    OpenMP thread 0: PU set L#{0-3} P#{0-3}
    OpenMP thread 1: PU set L#{0-3} P#{0-3}
INFO (SystemTopology): Setting thread CPU bindings:
INFO (SystemTopology): Thread CPU bindings:
  MPI process 0 on host 0 (process 0 of 1 on this host)
    OpenMP thread 0: PU set L#{0} P#{0}
    OpenMP thread 1: PU set L#{2} P#{2}
INFO (SystemTopology): Extracting CPU/cache/memory properties:
  There are 2 PUs per core (aka hardware SMT threads)
  There are 1 threads per core (aka SMT threads used)
  Cache (unknown name) has type "data" depth 1
    size 32768 linesize 64 associativity 8 stride 4096, for 2 PUs
  Cache (unknown name) has type "unified" depth 2
    size 524288 linesize 64 associativity 8 stride 65536, for 2 PUs
  Cache (unknown name) has type "unified" depth 3
    size 33554432 linesize 64 associativity 16 stride 2097152, for 4 PUs
INFO (PUGH): Using physical to logical mappings: direct
INFO (PUGH): Using topology generator: automatic
INFO (Vectors): Using vector size 2 for architecture SSE2 (64-bit precision)
--------------------------------------------------------------------------------
Driver provided by PUGH
--------------------------------------------------------------------------------

INFO (PUGH): Not setting up a topology for 1 dimensions
INFO (PUGH): Not setting up a topology for 2 dimensions
INFO (PUGH): Setting up a topology for 3 dimensions
INFO (IOASCII): I/O Method 'IOASCII_1D' registered: output of 1D lines of grid functions/arrays to ASCII files
INFO (IOASCII): Periodic 1D output every 1 iterations
INFO (IOASCII): Periodic 1D output requested for 'GRID::r'
INFO (IOASCII): I/O Method 'IOASCII_2D' registered: output of 2D planes of grid functions/arrays to ASCII files
INFO (IOASCII): Periodic 2D output turned off
INFO (IOASCII): I/O Method 'IOASCII_3D' registered: output of 3D grid functions/arrays to ASCII files
INFO (IOASCII): Periodic 3D output turned off
INFO (MemSpeed): Measuring CPU, cache, memory, and communication speeds:
  Single-core measurements (using 1 MPI processes with 1 OpenMP threads each):
    CPU frequency:
      iterations=1000000... time=0.00137879 sec
      iterations=10000000... time=0.0124433 sec
      iterations=100000000... time=0.124006 sec
      iterations=900000000... time=1.11438 sec
      iterations=900000000... time=0.835563 sec
      result: 6.4559 GHz
    CPU floating point performance:
      iterations=1000000... time=0.00196962 sec
      iterations=10000000... time=0.019738 sec
      iterations=100000000... time=0.197326 sec
      iterations=600000000... time=1.18417 sec
      result: 16.2138 Gflop/sec
    CPU integer performance:
      iterations=1000000... time=0.00186591 sec
      iterations=10000000... time=0.0185374 sec
      iterations=100000000... time=0.185585 sec
      iterations=600000000... time=1.11771 sec
      result: 8.589 Giop/sec
    Read latency of D1 cache (for 2 PUs) (using 1*24576 bytes):
      iterations=1000... time=0.000124201 sec
      iterations=10000... time=0.00124389 sec
      iterations=100000... time=0.0123611 sec
      iterations=1000000... time=0.123672 sec
      iterations=9000000... time=1.11306 sec
      result: 1.23673 nsec
    Read latency of L2 cache (for 2 PUs) (using 1*393216 bytes):
      iterations=1000... time=0.000580158 sec
      iterations=10000... time=0.00542963 sec
      iterations=100000... time=0.0567463 sec
      iterations=1000000... time=0.544913 sec
      iterations=2000000... time=1.08839 sec
      result: 5.44193 nsec
    Read latency of L3 cache (for 4 PUs) (using 1*25165824 bytes):
      [skipped -- avoiding large-memory benchmarks]
    Read bandwidth of D1 cache (for 2 PUs) (using 1*24576 bytes):
      iterations=1... time=5.21e-07 sec
      iterations=10... time=4.157e-06 sec
      iterations=100... time=3.0327e-05 sec
      iterations=1000... time=0.000248873 sec
      iterations=10000... time=0.00244917 sec
      iterations=100000... time=0.0243781 sec
      iterations=1000000... time=0.244808 sec
      iterations=4000000... time=0.974786 sec
      iterations=8000000... time=1.95072 sec
      result: 100.787 GByte/sec
    Read bandwidth of L2 cache (for 2 PUs) (using 1*393216 bytes):
      iterations=1... time=7.544e-06 sec
      iterations=10... time=5.3519e-05 sec
      iterations=100... time=0.000491024 sec
      iterations=1000... time=0.00482167 sec
      iterations=10000... time=0.0486876 sec
      iterations=100000... time=0.488491 sec
      iterations=200000... time=0.977391 sec
      iterations=400000... time=1.95455 sec
      result: 80.4719 GByte/sec
    Read bandwidth of L3 cache (for 4 PUs) (using 1*25165824 bytes):
      [skipped -- avoiding large-memory benchmarks]
    Write latency of D1 cache (for 2 PUs) (using 1*24576 bytes):
      iterations=1000... time=3.257e-06 sec
      iterations=10000... time=3.0186e-05 sec
      iterations=100000... time=0.000253061 sec
      iterations=1000000... time=0.00248326 sec
      iterations=10000000... time=0.0247334 sec
      iterations=100000000... time=0.247421 sec
      iterations=400000000... time=0.989767 sec
      iterations=800000000... time=1.97917 sec
      result: 0.309246 nsec
    Write latency of L2 cache (for 2 PUs) (using 1*393216 bytes):
      iterations=1000... time=1.1542e-05 sec
      iterations=10000... time=0.0001022 sec
      iterations=100000... time=0.00101267 sec
      iterations=1000000... time=0.00978977 sec
      iterations=10000000... time=0.0974121 sec
      iterations=100000000... time=0.97125 sec
      iterations=200000000... time=1.9447 sec
      result: 1.21544 nsec
    Write latency of L3 cache (for 4 PUs) (using 1*25165824 bytes):
      [skipped -- avoiding large-memory benchmarks]
    Write bandwidth of D1 cache (for 2 PUs) (using 1*24576 bytes):
      iterations=1... time=6.81e-07 sec
      iterations=10... time=3.987e-06 sec
      iterations=100... time=3.5076e-05 sec
      iterations=1000... time=0.00028522 sec
      iterations=10000... time=0.00277964 sec
      iterations=100000... time=0.0277174 sec
      iterations=1000000... time=0.276772 sec
      iterations=4000000... time=1.10868 sec
      result: 88.6674 GByte/sec
    Write bandwidth of L2 cache (for 2 PUs) (using 1*393216 bytes):
      iterations=1... time=7.343e-06 sec
      iterations=10... time=6.0542e-05 sec
      iterations=100... time=0.000466819 sec
      iterations=1000... time=0.00445813 sec
      iterations=10000... time=0.0446006 sec
      iterations=100000... time=0.445687 sec
      iterations=200000... time=0.892925 sec
      iterations=400000... time=1.7885 sec
      result: 87.9432 GByte/sec
    Write bandwidth of L3 cache (for 4 PUs) (using 1*25165824 bytes):
      [skipped -- avoiding large-memory benchmarks]
    Stencil code performance of D1 cache (for 2 PUs) (using 1*12^3 grid points, 1*27648 bytes):
      iterations=1... time=2.2842e-05 sec
      iterations=10... time=0.00030129 sec
      iterations=100... time=0.00287303 sec
      iterations=1000... time=0.0288557 sec
      iterations=10000... time=0.290636 sec
      iterations=40000... time=1.16429 sec
      result: 0.0593668 Gupdates/sec
    Stencil code performance of L2 cache (for 2 PUs) (using 1*29^3 grid points, 1*390224 bytes):
      iterations=1... time=0.000151362 sec
      iterations=10... time=0.00149395 sec
      iterations=100... time=0.0152042 sec
      iterations=1000... time=0.150221 sec
      iterations=7000... time=1.04519 sec
      result: 0.163341 Gupdates/sec
    Stencil code performance of L3 cache (for 4 PUs) (using 1*116^3 grid points, 1*24974336 bytes):
      iterations=1... time=0.00416077 sec
      iterations=10... time=0.0400787 sec
      iterations=100... time=0.39 sec
      iterations=300... time=1.16979 sec
      result: 0.400302 Gupdates/sec
  Single-node measurements (using 1 MPI processes with 2 OpenMP threads each):
    CPU frequency:
      iterations=1000000... time=0.00135447 sec
      iterations=10000000... time=0.0124098 sec
      iterations=100000000... time=0.123923 sec
      iterations=900000000... time=1.11689 sec
      iterations=900000000... time=0.835921 sec
      result: 6.4065 GHz
    CPU floating point performance:
      iterations=1000000... time=0.00197036 sec
      iterations=10000000... time=0.0197387 sec
      iterations=100000000... time=0.197431 sec
      iterations=600000000... time=1.18432 sec
      result: 16.2118 Gflop/sec
    CPU integer performance:
      iterations=1000000... time=0.00186146 sec
      iterations=10000000... time=0.0186135 sec
      iterations=100000000... time=0.185659 sec
      iterations=600000000... time=1.1284 sec
      result: 8.50763 Giop/sec
    Read latency of D1 cache (for 2 PUs) (using 2*24576 bytes):
      iterations=1000... time=0.000124241 sec
      iterations=10000... time=0.00123627 sec
      iterations=100000... time=0.0123667 sec
      iterations=1000000... time=0.123691 sec
      iterations=9000000... time=1.11303 sec
      result: 1.2367 nsec
    Read latency of L2 cache (for 2 PUs) (using 2*393216 bytes):
      iterations=1000... time=0.000475173 sec
      iterations=10000... time=0.00441915 sec
      iterations=100000... time=0.0441767 sec
      iterations=1000000... time=0.440846 sec
      iterations=2000000... time=0.880437 sec
      iterations=4000000... time=1.76499 sec
      result: 4.41248 nsec
    Read latency of L3 cache (for 4 PUs) (using 1*25165824 bytes):
      [skipped -- avoiding large-memory benchmarks]
    Read bandwidth of D1 cache (for 2 PUs) (using 2*24576 bytes):
      iterations=1... time=4.315e-07 sec
      iterations=10... time=3.146e-06 sec
      iterations=100... time=3.0612e-05 sec
      iterations=1000... time=0.000278137 sec
      iterations=10000... time=0.00246819 sec
      iterations=100000... time=0.0248401 sec
      iterations=1000000... time=0.243664 sec
      iterations=5000000... time=1.21904 sec
      result: 100.801 GByte/sec
    Read bandwidth of L2 cache (for 2 PUs) (using 2*393216 bytes):
      iterations=1... time=8.972e-06 sec
      iterations=10... time=5.87945e-05 sec
      iterations=100... time=0.000533477 sec
      iterations=1000... time=0.005258 sec
      iterations=10000... time=0.0515769 sec
      iterations=100000... time=0.507196 sec
      iterations=200000... time=1.01331 sec
      result: 77.6105 GByte/sec
    Read bandwidth of L3 cache (for 4 PUs) (using 1*25165824 bytes):
      [skipped -- avoiding large-memory benchmarks]
    Write latency of D1 cache (for 2 PUs) (using 2*24576 bytes):
      iterations=1000... time=3.3955e-06 sec
      iterations=10000... time=3.1639e-05 sec
      iterations=100000... time=0.000295234 sec
      iterations=1000000... time=0.00247525 sec
      iterations=10000000... time=0.02479 sec
      iterations=100000000... time=0.247478 sec
      iterations=400000000... time=0.991325 sec
      iterations=800000000... time=1.98382 sec
      result: 0.309971 nsec
    Write latency of L2 cache (for 2 PUs) (using 2*393216 bytes):
      iterations=1000... time=1.12055e-05 sec
      iterations=10000... time=9.25575e-05 sec
      iterations=100000... time=0.000929494 sec
      iterations=1000000... time=0.00932309 sec
      iterations=10000000... time=0.0923454 sec
      iterations=100000000... time=0.911024 sec
      iterations=200000000... time=1.82105 sec
      result: 1.13816 nsec
    Write latency of L3 cache (for 4 PUs) (using 1*25165824 bytes):
      [skipped -- avoiding large-memory benchmarks]
    Write bandwidth of D1 cache (for 2 PUs) (using 2*24576 bytes):
      iterations=1... time=4.96e-07 sec
      iterations=10... time=3.501e-06 sec
      iterations=100... time=3.47795e-05 sec
      iterations=1000... time=0.000306625 sec
      iterations=10000... time=0.00269848 sec
      iterations=100000... time=0.0268935 sec
      iterations=1000000... time=0.269004 sec
      iterations=4000000... time=1.07712 sec
      result: 91.266 GByte/sec
    Write bandwidth of L2 cache (for 2 PUs) (using 2*393216 bytes):
      iterations=1... time=9.7235e-06 sec
      iterations=10... time=7.15735e-05 sec
      iterations=100... time=0.000587177 sec
      iterations=1000... time=0.00520645 sec
      iterations=10000... time=0.0491431 sec
      iterations=100000... time=0.479548 sec
      iterations=200000... time=0.957523 sec
      iterations=400000... time=1.91284 sec
      result: 82.2268 GByte/sec
    Write bandwidth of L3 cache (for 4 PUs) (using 1*25165824 bytes):
      [skipped -- avoiding large-memory benchmarks]
    Stencil code performance of D1 cache (for 2 PUs) (using 1*12^3 grid points, 1*27648 bytes):
      iterations=1... time=5.3645e-06 sec
      iterations=10... time=7.9072e-05 sec
      iterations=100... time=0.000794061 sec
      iterations=1000... time=0.00807489 sec
      iterations=10000... time=0.079209 sec
      iterations=100000... time=0.793775 sec
      iterations=200000... time=1.59472 sec
      result: 0.216715 Gupdates/sec
    Stencil code performance of L2 cache (for 2 PUs) (using 1*29^3 grid points, 1*390224 bytes):
      iterations=1... time=4.50235e-05 sec
      iterations=10... time=0.000399858 sec
      iterations=100... time=0.00384118 sec
      iterations=1000... time=0.0382288 sec
      iterations=10000... time=0.377912 sec
      iterations=30000... time=1.14955 sec
      result: 0.636481 Gupdates/sec
    Stencil code performance of L3 cache (for 4 PUs) (using 1*116^3 grid points, 1*24974336 bytes):
      iterations=1... time=0.000921549 sec
      iterations=10... time=0.0104943 sec
      iterations=100... time=0.105052 sec
      iterations=1000... time=1.05626 sec
      result: 1.47775 Gupdates/sec
INFO (Vectors): Testing vectorisation... [errors may result in segfaults]
INFO (Vectors): 375/375 tests passed 
INFO (CartGrid3D): Grid Spacings:
INFO (CartGrid3D): dx=>1.1111111e-01  dy=>1.1111111e-01  dz=>1.1111111e-01
INFO (CartGrid3D): Computational Coordinates:
INFO (CartGrid3D): x=>[-0.500, 0.500]  y=>[-0.500, 0.500]  z=>[-0.500, 0.500]
INFO (CartGrid3D): Indices of Physical Coordinates:
INFO (CartGrid3D): x=>[0,9]  y=>[0,9]  z=>[0,9]
INFO (PUGH): MPI Evolution on 1 processors
INFO (PUGH): 3-dimensional grid functions
INFO (PUGH):   Size: 10 10 10
INFO (PUGH):   Processor topology: 1 x 1 x 1
INFO (PUGH):   Local load: 1000   [10 x 10 x 10]
INFO (PUGH):   Maximum load skew: 0.000000
--------------------------------------------------------------------------------
Done.
+ echo Stopping:
Stopping:
+ date
Sat Dec  7 03:00:57 UTC 2024
+ echo Done.
Done.
  Elapsed time: 64.6 s
