/home/runner/simulations/TestJob01_temp_2/output-0000/TEST/sim/MemSpeed
Preparing:
+ set -e
+ cd output-0000-active
+ echo Checking:
Checking:
+ pwd
/home/runner/simulations/TestJob01_temp_2/output-0000/TEST/sim/MemSpeed/output-0000-active
+ hostname
fv-az183-475
+ date
Wed Nov  8 02:03:16 UTC 2023
+ echo Environment:
Environment:
+ export CACTUS_NUM_PROCS=2
+ CACTUS_NUM_PROCS=2
+ export CACTUS_NUM_THREADS=1
+ CACTUS_NUM_THREADS=1
+ export GMON_OUT_PREFIX=gmon.out
+ GMON_OUT_PREFIX=gmon.out
+ export OMP_NUM_THREADS=1
+ OMP_NUM_THREADS=1
+ env
+ sort
+ echo Starting:
Starting:
++ date +%s
+ export CACTUS_STARTTIME=1699408996
+ CACTUS_STARTTIME=1699408996
+ '[' 2 = 1 ']'
+ mpirun -np 2 /home/runner/simulations/TestJob01_temp_2/SIMFACTORY/exe/cactus_sim -L 3 /home/runner/simulations/TestJob01_temp_2/output-0000/arrangements/CactusUtils/MemSpeed/test/memspeed.par
INFO (Cactus): Increased logging level from 0 to 3
--------------------------------------------------------------------------------

       10                                  
  1   0101       ************************  
  01  1010 10      The Cactus Code V4.14.0    
 1010 1101 011      www.cactuscode.org     
  1001 100101    ************************  
    00010101                               
     100011     (c) Copyright The Authors  
      0100      GNU Licensed. No Warranty  
      0101                                 
--------------------------------------------------------------------------------

Cactus version:    4.14.0
Compile date:      Nov 08 2023 (01:31:07)
Run date:          Nov 08 2023 (02:03:17+0000)
Run host:          fv-az183-475.bo25gj2xpxjubeahy1pjynl3ea.cx.internal.cloudapp.net (pid=139497)
Working directory: /home/runner/simulations/TestJob01_temp_2/output-0000/TEST/sim/MemSpeed
Executable:        /home/runner/simulations/TestJob01_temp_2/SIMFACTORY/exe/cactus_sim
Parameter file:    /home/runner/simulations/TestJob01_temp_2/output-0000/arrangements/CactusUtils/MemSpeed/test/memspeed.par
--------------------------------------------------------------------------------

Activating thorn Cactus...Success -> active implementation Cactus
Activation requested for 
--->hwloc MemSpeed SystemTopology CartGrid3D CoordBase IOASCII IOUtil PUGH PUGHSlab<---
Thorn hwloc requests automatic activation of zlib
Thorn MemSpeed requests automatic activation of Vectors
Thorn MemSpeed requests automatic activation of MPI
Activating thorn CartGrid3D...Success -> active implementation grid
Activating thorn CoordBase...Success -> active implementation CoordBase
Activating thorn hwloc...Success -> active implementation hwloc
Activating thorn IOASCII...Success -> active implementation IOASCII
Activating thorn IOUtil...Success -> active implementation IO
Activating thorn MemSpeed...Success -> active implementation MemSpeed
Activating thorn MPI...Success -> active implementation MPI
Activating thorn PUGH...Success -> active implementation Driver
Activating thorn PUGHSlab...Success -> active implementation Hyperslab
Activating thorn SystemTopology...Success -> active implementation SystemTopology
Activating thorn Vectors...Success -> active implementation Vectors
Activating thorn zlib...Success -> active implementation zlib
--------------------------------------------------------------------------------
  if (recover initial data)
    Recover parameters
  endif

  Startup routines
    [CCTK_STARTUP]
      CartGrid3D::SymmetryStartup: Register GH Extension for GridSymmetry
      CoordBase::CoordBase_Startup: Register a GH extension to store the coordinate system handles
      GROUP hwloc_startup: hwloc startup group
        hwloc::hwloc_version: Output hwloc version
      SystemTopology::ST_system_topology: Output and/or modify system topology and hardware locality
      PUGH::Driver_Startup: Startup routine
      PUGH::PUGH_RegisterPUGHP2LRoutines: Register Physical to Logical process mapping routines
      PUGH::PUGH_RegisterPUGHTopologyRoutines: Register topology generation routines routines
      IOUtil::IOUtil_Startup: Startup routine
      Vectors::Vectors_Startup: Print startup message
      IOASCII::IOASCII_Startup: Startup routine

  Startup routines which need an existing grid hierarchy
    [CCTK_WRAGH]
      CartGrid3D::RegisterCartGrid3DCoords: [meta] Register coordinates for the Cartesian grid
      MemSpeed::MemSpeed_MeasureSpeed: [meta] Measure CPU, memory, cache speeds
  Parameter checking routines
    [CCTK_PARAMCHECK]
      CartGrid3D::ParamCheck_CartGrid3D: Check coordinates for CartGrid3D
      Vectors::Vectors_Test: Run correctness tests.

  Initialisation
    if (NOT (recover initial data AND recovery_mode is 'strict'))
      [CCTK_PREREGRIDINITIAL]
      Set up grid hierarchy
      [CCTK_POSTREGRIDINITIAL]
        CartGrid3D::SpatialCoordinates: Set Coordinates after regridding
      [CCTK_BASEGRID]
        CartGrid3D::SpatialSpacings: Set up ranges for spatial 3D Cartesian coordinates (on all grids)
        CartGrid3D::SpatialCoordinates: Set up spatial 3D Cartesian coordinates on the GH
        IOASCII::IOASCII_Choose1D: Choose 1D output lines
        IOASCII::IOASCII_Choose2D: Choose 2D output planes
        PUGH::PUGH_Report: Report on PUGH set up
      [CCTK_INITIAL]
      [CCTK_POSTINITIAL]
      Initialise finer grids recursively
      Restrict from finer grids
      [CCTK_POSTRESTRICTINITIAL]
      [CCTK_POSTPOSTINITIAL]
      [CCTK_POSTSTEP]
    endif
    if (recover initial data)
      [CCTK_BASEGRID]
        CartGrid3D::SpatialSpacings: Set up ranges for spatial 3D Cartesian coordinates (on all grids)
        CartGrid3D::SpatialCoordinates: Set up spatial 3D Cartesian coordinates on the GH
        IOASCII::IOASCII_Choose1D: Choose 1D output lines
        IOASCII::IOASCII_Choose2D: Choose 2D output planes
        PUGH::PUGH_Report: Report on PUGH set up
      [CCTK_RECOVER_VARIABLES]
      [CCTK_POST_RECOVER_VARIABLES]
    endif
    if (checkpoint initial data)
      [CCTK_CPINITIAL]
    endif
    if (analysis)
      [CCTK_ANALYSIS]
  endif
  Output grid variables

  do loop over timesteps
    [CCTK_PREREGRID]
    Change grid hierarchy
    [CCTK_POSTREGRID]
      CartGrid3D::SpatialCoordinates: Set Coordinates after regridding
    Rotate timelevels
    iteration = iteration+1
    t = t+dt
    [CCTK_PRESTEP]
    [CCTK_EVOL]
    Evolve finer grids recursively
    Restrict from finer grids
    [CCTK_POSTRESTRICT]
    [CCTK_POSTSTEP]
    if (checkpoint)
      [CCTK_CHECKPOINT]
    endif
    if (analysis)
      [CCTK_ANALYSIS]
    endif
    Output grid variables
    enddo

  Termination routines
    [CCTK_TERMINATE]
      PUGH::Driver_Terminate: Termination routine

  Shutdown routines
    [CCTK_SHUTDOWN]

  Routines run after changing the grid hierarchy:
    [CCTK_POSTREGRID]
      CartGrid3D::SpatialCoordinates: Set Coordinates after regridding
--------------------------------------------------------------------------------
INFO (hwloc): library version 2.7.0, API version 0x20500
INFO (SystemTopology): MPI process-to-host mapping:
This is MPI process 0 of 2
MPI hosts:
  0: fv-az183-475
This MPI process runs on host 0 of 1
On this host, this is MPI process 0 of 2
INFO (SystemTopology): Topology support:
Discovery support:
  discovery->pu                            : yes
CPU binding support:
  cpubind->set_thisproc_cpubind            : yes
  cpubind->get_thisproc_cpubind            : yes
  cpubind->set_proc_cpubind                : yes
  cpubind->get_proc_cpubind                : yes
  cpubind->set_thisthread_cpubind          : yes
  cpubind->get_thisthread_cpubind          : yes
  cpubind->set_thread_cpubind              : yes
  cpubind->get_thread_cpubind              : yes
  cpubind->get_thisproc_last_cpu_location  : yes
  cpubind->get_proc_last_cpu_location      : yes
  cpubind->get_thisthread_last_cpu_location: yes
Memory binding support:
  membind->set_thisproc_membind            : no
  membind->get_thisproc_membind            : no
  membind->set_proc_membind                : no
  membind->get_proc_membind                : no
  membind->set_thisthread_membind          : yes
  membind->get_thisthread_membind          : yes
  membind->set_area_membind                : yes
  membind->get_area_membind                : yes
  membind->alloc_membind                   : yes
  membind->firsttouch_membind              : yes
  membind->bind_membind                    : yes
  membind->interleave_membind              : yes
  membind->nexttouch_membind               : no
  membind->migrate_membind                 : yes
INFO (SystemTopology): Hardware objects in this node:
Machine L#0: (P#0, total=7088112KB, DMIProductName="Virtual Machine", DMIProductVersion=7.0, DMIProductUUID=77c39040-303c-964c-9106-99f6a36c7794, DMIBoardVendor="Microsoft Corporation", DMIBoardName="Virtual Machine", DMIBoardVersion=7.0, DMIChassisVendor="Microsoft Corporation", DMIChassisType=3, DMIChassisVersion=7.0, DMIChassisAssetTag=7783-7084-3265-9085-8269-3286-77, DMIBIOSVendor="American Megatrends Inc.", DMIBIOSVersion="090008 ", DMIBIOSDate=12/07/2018, DMISysVendor="Microsoft Corporation", Backend=Linux, LinuxCgroup=/system.slice/runner-provisioner.service, OSName=Linux, OSRelease=6.2.0-1015-azure, OSVersion="#15~22.04.1-Ubuntu SMP Fri Oct  6 13:20:44 UTC 2023", HostName=fv-az183-475, Architecture=x86_64, hwlocVersion=2.7.0, ProcessName=cactus_sim)
  Package L#0: (P#0, total=7088112KB, CPUVendor=GenuineIntel, CPUFamilyNumber=6, CPUModelNumber=85, CPUModel="Intel(R) Xeon(R) Platinum 8272CL CPU @ 2.60GHz", CPUStepping=7)
    L3Cache L#0: (P#0, size=36608KB, linesize=64, ways=11, Inclusive=0)
      L2Cache L#0: (P#0, size=1024KB, linesize=64, ways=16, Inclusive=0)
        L1dCache L#0: (P#0, size=32KB, linesize=64, ways=8, Inclusive=0)
          Core L#0: (P#0)
            PU L#0: (P#0)
      L2Cache L#1: (P#1, size=1024KB, linesize=64, ways=16, Inclusive=0)
        L1dCache L#1: (P#1, size=32KB, linesize=64, ways=8, Inclusive=0)
          Core L#1: (P#1)
            PU L#1: (P#1)
INFO (SystemTopology): Thread CPU bindings:
  MPI process 0 on host 0 (process 0 of 2 on this host)
    OpenMP thread 0: PU set L#{0} P#{0}
  MPI process 1 on host 0 (process 1 of 2 on this host)
    OpenMP thread 0: PU set L#{1} P#{1}
INFO (SystemTopology): Setting thread CPU bindings:
INFO (SystemTopology): Thread CPU bindings:
  MPI process 0 on host 0 (process 0 of 2 on this host)
    OpenMP thread 0: PU set L#{0} P#{0}
  MPI process 1 on host 0 (process 1 of 2 on this host)
    OpenMP thread 0: PU set L#{1} P#{1}
INFO (SystemTopology): Extracting CPU/cache/memory properties:
  There are 1 PUs per core (aka hardware SMT threads)
  There are 1 threads per core (aka SMT threads used)
  Cache (unknown name) has type "data" depth 1
    size 32768 linesize 64 associativity 8 stride 4096, for 1 PUs
  Cache (unknown name) has type "unified" depth 2
    size 1048576 linesize 64 associativity 16 stride 65536, for 1 PUs
  Cache (unknown name) has type "unified" depth 3
    size 37486592 linesize 64 associativity 11 stride 3407872, for 2 PUs
INFO (PUGH): Using physical to logical mappings: direct
INFO (PUGH): Using topology generator: automatic
INFO (Vectors): Using vector size 2 for architecture SSE2 (64-bit precision)
--------------------------------------------------------------------------------
Driver provided by PUGH
--------------------------------------------------------------------------------

INFO (PUGH): Not setting up a topology for 1 dimensions
INFO (PUGH): Not setting up a topology for 2 dimensions
INFO (PUGH): Setting up a topology for 3 dimensions
INFO (IOASCII): I/O Method 'IOASCII_1D' registered: output of 1D lines of grid functions/arrays to ASCII files
INFO (IOASCII): Periodic 1D output every 1 iterations
INFO (IOASCII): Periodic 1D output requested for 'GRID::r'
INFO (IOASCII): I/O Method 'IOASCII_2D' registered: output of 2D planes of grid functions/arrays to ASCII files
INFO (IOASCII): Periodic 2D output turned off
INFO (IOASCII): I/O Method 'IOASCII_3D' registered: output of 3D grid functions/arrays to ASCII files
INFO (IOASCII): Periodic 3D output turned off
INFO (MemSpeed): Measuring CPU, cache, memory, and communication speeds:
  Single-core measurements (using 1 MPI processes with 1 OpenMP threads each):
    CPU frequency:
      iterations=1000000... time=0.00137431 sec
      iterations=10000000... time=0.0134712 sec
      iterations=100000000... time=0.134032 sec
      iterations=800000000... time=1.07171 sec
      iterations=800000000... time=1.11394 sec
      result: -37.8851 GHz
    CPU floating point performance:
      iterations=1000000... time=0.00298942 sec
      iterations=10000000... time=0.0298219 sec
      iterations=100000000... time=0.299449 sec
      iterations=400000000... time=1.19683 sec
      result: 10.6949 Gflop/sec
    CPU integer performance:
      iterations=1000000... time=0.00184061 sec
      iterations=10000000... time=0.0184509 sec
      iterations=100000000... time=0.184483 sec
      iterations=600000000... time=1.10769 sec
      result: 8.66666 Giop/sec
    Read latency of D1 cache (for 1 PUs) (using 1*24576 bytes):
      iterations=1000... time=0.000134901 sec
      iterations=10000... time=0.00133731 sec
      iterations=100000... time=0.0134374 sec
      iterations=1000000... time=0.134043 sec
      iterations=8000000... time=1.07361 sec
      result: 1.34201 nsec
    Read latency of L2 cache (for 1 PUs) (using 1*786432 bytes):
      iterations=1000... time=0.000652105 sec
      iterations=10000... time=0.00609265 sec
      iterations=100000... time=0.0596164 sec
      iterations=1000000... time=0.599203 sec
      iterations=2000000... time=1.19958 sec
      result: 5.99789 nsec
    Read latency of L3 cache (for 2 PUs) (using 1*28114944 bytes):
      [skipped -- avoiding large-memory benchmarks]
    Read bandwidth of D1 cache (for 1 PUs) (using 1*24576 bytes):
      iterations=1... time=8.00001e-07 sec
      iterations=10... time=3.2e-06 sec
      iterations=100... time=3.0601e-05 sec
      iterations=1000... time=0.000303502 sec
      iterations=10000... time=0.00303262 sec
      iterations=100000... time=0.0303972 sec
      iterations=1000000... time=0.303859 sec
      iterations=4000000... time=1.22042 sec
      result: 80.5491 GByte/sec
    Read bandwidth of L2 cache (for 1 PUs) (using 1*786432 bytes):
      iterations=1... time=3.82e-05 sec
      iterations=10... time=0.000190602 sec
      iterations=100... time=0.00165131 sec
      iterations=1000... time=0.0164163 sec
      iterations=10000... time=0.164636 sec
      iterations=70000... time=1.15952 sec
      result: 47.4768 GByte/sec
    Read bandwidth of L3 cache (for 2 PUs) (using 1*28114944 bytes):
      [skipped -- avoiding large-memory benchmarks]
    Write latency of D1 cache (for 1 PUs) (using 1*24576 bytes):
      iterations=1000... time=3.6e-06 sec
      iterations=10000... time=2.71e-05 sec
      iterations=100000... time=0.000267702 sec
      iterations=1000000... time=0.00268422 sec
      iterations=10000000... time=0.0267738 sec
      iterations=100000000... time=0.268324 sec
      iterations=400000000... time=1.07401 sec
      result: 0.335629 nsec
    Write latency of L2 cache (for 1 PUs) (using 1*786432 bytes):
      iterations=1000... time=3.3901e-05 sec
      iterations=10000... time=0.000151101 sec
      iterations=100000... time=0.00143071 sec
      iterations=1000000... time=0.0142663 sec
      iterations=10000000... time=0.146036 sec
      iterations=80000000... time=1.14368 sec
      result: 1.78699 nsec
    Write latency of L3 cache (for 2 PUs) (using 1*28114944 bytes):
      [skipped -- avoiding large-memory benchmarks]
    Write bandwidth of D1 cache (for 1 PUs) (using 1*24576 bytes):
      iterations=1... time=6e-07 sec
      iterations=10... time=1.9e-06 sec
      iterations=100... time=1.54e-05 sec
      iterations=1000... time=0.000149601 sec
      iterations=10000... time=0.00149311 sec
      iterations=100000... time=0.0149816 sec
      iterations=1000000... time=0.149926 sec
      iterations=7000000... time=1.05391 sec
      result: 163.232 GByte/sec
    Write bandwidth of L2 cache (for 1 PUs) (using 1*786432 bytes):
      iterations=1... time=3.2701e-05 sec
      iterations=10... time=0.000308902 sec
      iterations=100... time=0.00307732 sec
      iterations=1000... time=0.0302118 sec
      iterations=10000... time=0.25515 sec
      iterations=40000... time=0.855882 sec
      iterations=80000... time=1.73059 sec
      result: 36.3544 GByte/sec
    Write bandwidth of L3 cache (for 2 PUs) (using 1*28114944 bytes):
      [skipped -- avoiding large-memory benchmarks]
    Stencil code performance of D1 cache (for 1 PUs) (using 1*12^3 grid points, 1*27648 bytes):
      iterations=1... time=3.2e-05 sec
      iterations=10... time=0.000312902 sec
      iterations=100... time=0.00314712 sec
      iterations=1000... time=0.0313628 sec
      iterations=10000... time=0.314321 sec
      iterations=30000... time=0.94401 sec
      iterations=60000... time=1.8893 sec
      result: 0.0548774 Gupdates/sec
    Stencil code performance of L2 cache (for 1 PUs) (using 1*37^3 grid points, 1*810448 bytes):
      iterations=1... time=0.000208802 sec
      iterations=10... time=0.00196592 sec
      iterations=100... time=0.0192875 sec
      iterations=1000... time=0.204361 sec
      iterations=5000... time=0.969614 sec
      iterations=10000... time=1.93918 sec
      result: 0.261208 Gupdates/sec
    Stencil code performance of L3 cache (for 2 PUs) (using 1*121^3 grid points, 1*28344976 bytes):
      iterations=1... time=0.00488783 sec
      iterations=10... time=0.0458851 sec
      iterations=100... time=0.455412 sec
      iterations=200... time=0.916717 sec
      iterations=400... time=1.82744 sec
      result: 0.387769 Gupdates/sec
  Single-node measurements (using 2 MPI processes with 1 OpenMP threads each):
    CPU frequency:
      iterations=1000000... time=0.00145806 sec
      iterations=10000000... time=0.0134067 sec
      iterations=100000000... time=0.134091 sec
      iterations=800000000... time=1.07733 sec
      iterations=800000000... time=1.0792 sec
      result: -852.976 GHz
    CPU floating point performance:
      iterations=1000000... time=0.00298707 sec
      iterations=10000000... time=0.0299651 sec
      iterations=100000000... time=0.299384 sec
      iterations=400000000... time=1.20488 sec
      result: 10.6235 Gflop/sec
    CPU integer performance:
      iterations=1000000... time=0.00184361 sec
      iterations=10000000... time=0.0184238 sec
      iterations=100000000... time=0.184463 sec
      iterations=600000000... time=1.12216 sec
      result: 8.55497 Giop/sec
    Read latency of D1 cache (for 1 PUs) (using 2*24576 bytes):
      iterations=1000... time=0.000135051 sec
      iterations=10000... time=0.00135071 sec
      iterations=100000... time=0.0135008 sec
      iterations=1000000... time=0.136122 sec
      iterations=8000000... time=1.07499 sec
      result: 1.34373 nsec
    Read latency of L2 cache (for 1 PUs) (using 2*786432 bytes):
      iterations=1000... time=0.000611955 sec
      iterations=10000... time=0.00559729 sec
      iterations=100000... time=0.0555068 sec
      iterations=1000000... time=0.553776 sec
      iterations=2000000... time=1.11857 sec
      result: 5.59286 nsec
    Read latency of L3 cache (for 2 PUs) (using 2*28114944 bytes):
      [skipped -- too much memory requested]
    Read bandwidth of D1 cache (for 1 PUs) (using 2*24576 bytes):
      iterations=1... time=1e-06 sec
      iterations=10... time=3.35e-06 sec
      iterations=100... time=3.065e-05 sec
      iterations=1000... time=0.000304202 sec
      iterations=10000... time=0.00305352 sec
      iterations=100000... time=0.0303708 sec
      iterations=1000000... time=0.304213 sec
      iterations=4000000... time=1.22521 sec
      result: 80.2343 GByte/sec
    Read bandwidth of L2 cache (for 1 PUs) (using 2*786432 bytes):
      iterations=1... time=2.825e-05 sec
      iterations=10... time=0.000167852 sec
      iterations=100... time=0.00160996 sec
      iterations=1000... time=0.0160849 sec
      iterations=10000... time=0.16093 sec
      iterations=70000... time=1.13444 sec
      result: 48.5264 GByte/sec
    Read bandwidth of L3 cache (for 2 PUs) (using 2*28114944 bytes):
      [skipped -- too much memory requested]
    Write latency of D1 cache (for 1 PUs) (using 2*24576 bytes):
      iterations=1000... time=3.3e-06 sec
      iterations=10000... time=2.99505e-05 sec
      iterations=100000... time=0.000267652 sec
      iterations=1000000... time=0.00267347 sec
      iterations=10000000... time=0.0267787 sec
      iterations=100000000... time=0.270995 sec
      iterations=400000000... time=1.07659 sec
      result: 0.336433 nsec
    Write latency of L2 cache (for 1 PUs) (using 2*786432 bytes):
      iterations=1000... time=3.32e-05 sec
      iterations=10000... time=0.000151001 sec
      iterations=100000... time=0.00144336 sec
      iterations=1000000... time=0.0143212 sec
      iterations=10000000... time=0.143713 sec
      iterations=80000000... time=1.14821 sec
      result: 1.79408 nsec
    Write latency of L3 cache (for 2 PUs) (using 2*28114944 bytes):
      [skipped -- too much memory requested]
    Write bandwidth of D1 cache (for 1 PUs) (using 2*24576 bytes):
      iterations=1... time=5e-07 sec
      iterations=10... time=1.9e-06 sec
      iterations=100... time=1.55e-05 sec
      iterations=1000... time=0.000152401 sec
      iterations=10000... time=0.00152306 sec
      iterations=100000... time=0.0152714 sec
      iterations=1000000... time=0.152854 sec
      iterations=7000000... time=1.07283 sec
      result: 160.354 GByte/sec
    Write bandwidth of L2 cache (for 1 PUs) (using 2*786432 bytes):
      iterations=1... time=3.1401e-05 sec
      iterations=10... time=0.000306452 sec
      iterations=100... time=0.00306502 sec
      iterations=1000... time=0.0300334 sec
      iterations=10000... time=0.274787 sec
      iterations=40000... time=0.930145 sec
      iterations=80000... time=1.62843 sec
      result: 38.6351 GByte/sec
    Write bandwidth of L3 cache (for 2 PUs) (using 2*28114944 bytes):
      [skipped -- too much memory requested]
    Stencil code performance of D1 cache (for 1 PUs) (using 2*9^3 grid points, 2*11664 bytes):
      iterations=1... time=1.055e-05 sec
      iterations=10... time=0.000103401 sec
      iterations=100... time=0.000938107 sec
      iterations=1000... time=0.00943766 sec
      iterations=10000... time=0.094785 sec
      iterations=100000... time=0.957305 sec
      iterations=200000... time=1.9135 sec
      result: 0.0761955 Gupdates/sec
    Stencil code performance of L2 cache (for 1 PUs) (using 2*29^3 grid points, 2*390224 bytes):
      iterations=1... time=0.0001208 sec
      iterations=10... time=0.00116236 sec
      iterations=100... time=0.0113714 sec
      iterations=1000... time=0.114323 sec
      iterations=10000... time=1.15965 sec
      result: 0.210313 Gupdates/sec
    Stencil code performance of L3 cache (for 2 PUs) (using 1*121^3 grid points, 1*28344976 bytes):
      [skipped -- too many MPI processes]
  Single-node measurements:
    MPI latency: 850 nsec
    MPI bandwidth: 4.69712 GByte/sec
INFO (Vectors): Testing vectorisation... [errors may result in segfaults]
INFO (Vectors): 375/375 tests passed 
INFO (CartGrid3D): Grid Spacings:
INFO (CartGrid3D): dx=>1.1111111e-01  dy=>1.1111111e-01  dz=>1.1111111e-01
INFO (CartGrid3D): Computational Coordinates:
INFO (CartGrid3D): x=>[-0.500, 0.500]  y=>[-0.500, 0.500]  z=>[-0.500, 0.500]
INFO (CartGrid3D): Indices of Physical Coordinates:
INFO (CartGrid3D): x=>[0,9]  y=>[0,9]  z=>[0,9]
INFO (PUGH): MPI Evolution on 2 processors
INFO (PUGH): 3-dimensional grid functions
INFO (PUGH):   Size: 10 10 10
INFO (PUGH):   Processor topology: 2 x 1 x 1
INFO (PUGH):   Local load: 600   [6 x 10 x 10]
INFO (PUGH):   Maximum load skew: 0.000000
--------------------------------------------------------------------------------
Done.
+ echo Stopping:
Stopping:
+ date
Wed Nov  8 02:04:07 UTC 2023
+ echo Done.
Done.
  Elapsed time: 50.8 s
