/home/runner/simulations/TestJob01_temp_2/output-0000/TEST/sim/MemSpeed
Preparing:
+ set -e
+ cd output-0000-active
+ echo Checking:
Checking:
+ pwd
/home/runner/simulations/TestJob01_temp_2/output-0000/TEST/sim/MemSpeed/output-0000-active
+ hostname
fv-az523-365
+ date
Mon Apr 15 23:53:18 UTC 2024
+ echo Environment:
Environment:
+ export CACTUS_NUM_PROCS=2
+ CACTUS_NUM_PROCS=2
+ export CACTUS_NUM_THREADS=1
+ CACTUS_NUM_THREADS=1
+ export GMON_OUT_PREFIX=gmon.out
+ GMON_OUT_PREFIX=gmon.out
+ export OMP_NUM_THREADS=1
+ OMP_NUM_THREADS=1
+ env
+ sort
+ echo Starting:
Starting:
++ date +%s
+ export CACTUS_STARTTIME=1713225198
+ CACTUS_STARTTIME=1713225198
+ '[' 2 = 1 ']'
+ mpirun -np 2 /home/runner/simulations/TestJob01_temp_2/SIMFACTORY/exe/cactus_sim -L 3 /home/runner/simulations/TestJob01_temp_2/output-0000/arrangements/CactusUtils/MemSpeed/test/memspeed.par
INFO (Cactus): Increased logging level from 0 to 3
--------------------------------------------------------------------------------

       10                                  
  1   0101       ************************  
  01  1010 10      The Cactus Code V4.15.0    
 1010 1101 011      www.cactuscode.org     
  1001 100101    ************************  
    00010101                               
     100011     (c) Copyright The Authors  
      0100      GNU Licensed. No Warranty  
      0101                                 
--------------------------------------------------------------------------------

Cactus version:    4.15.0
Compile date:      Apr 15 2024 (23:25:16)
Run date:          Apr 15 2024 (23:53:19+0000)
Run host:          fv-az523-365.sep422n2mygejbgjkrbwxz25qb.ex.internal.cloudapp.net (pid=140054)
Working directory: /home/runner/simulations/TestJob01_temp_2/output-0000/TEST/sim/MemSpeed
Executable:        /home/runner/simulations/TestJob01_temp_2/SIMFACTORY/exe/cactus_sim
Parameter file:    /home/runner/simulations/TestJob01_temp_2/output-0000/arrangements/CactusUtils/MemSpeed/test/memspeed.par
--------------------------------------------------------------------------------

Activating thorn Cactus...Success -> active implementation Cactus
Activation requested for 
--->hwloc MemSpeed SystemTopology CartGrid3D CoordBase IOASCII IOUtil PUGH PUGHSlab<---
Thorn hwloc requests automatic activation of zlib
Thorn MemSpeed requests automatic activation of Vectors
Thorn MemSpeed requests automatic activation of MPI
Activating thorn CartGrid3D...Success -> active implementation grid
Activating thorn CoordBase...Success -> active implementation CoordBase
Activating thorn hwloc...Success -> active implementation hwloc
Activating thorn IOASCII...Success -> active implementation IOASCII
Activating thorn IOUtil...Success -> active implementation IO
Activating thorn MemSpeed...Success -> active implementation MemSpeed
Activating thorn MPI...Success -> active implementation MPI
Activating thorn PUGH...Success -> active implementation Driver
Activating thorn PUGHSlab...Success -> active implementation Hyperslab
Activating thorn SystemTopology...Success -> active implementation SystemTopology
Activating thorn Vectors...Success -> active implementation Vectors
Activating thorn zlib...Success -> active implementation zlib
--------------------------------------------------------------------------------
  if (recover initial data)
    Recover parameters
  endif

  Startup routines
    [CCTK_STARTUP]
      CartGrid3D::SymmetryStartup: Register GH Extension for GridSymmetry
      CoordBase::CoordBase_Startup: Register a GH extension to store the coordinate system handles
      GROUP hwloc_startup: hwloc startup group
        hwloc::hwloc_version: Output hwloc version
      SystemTopology::ST_system_topology: Output and/or modify system topology and hardware locality
      PUGH::Driver_Startup: Startup routine
      PUGH::PUGH_RegisterPUGHP2LRoutines: Register Physical to Logical process mapping routines
      PUGH::PUGH_RegisterPUGHTopologyRoutines: Register topology generation routines routines
      IOUtil::IOUtil_Startup: Startup routine
      Vectors::Vectors_Startup: Print startup message
      IOASCII::IOASCII_Startup: Startup routine

  Startup routines which need an existing grid hierarchy
    [CCTK_WRAGH]
      CartGrid3D::RegisterCartGrid3DCoords: [meta] Register coordinates for the Cartesian grid
      MemSpeed::MemSpeed_MeasureSpeed: [meta] Measure CPU, memory, cache speeds
  Parameter checking routines
    [CCTK_PARAMCHECK]
      CartGrid3D::ParamCheck_CartGrid3D: Check coordinates for CartGrid3D
      Vectors::Vectors_Test: Run correctness tests.

  Initialisation
    if (NOT (recover initial data AND recovery_mode is 'strict'))
      [CCTK_PREREGRIDINITIAL]
      Set up grid hierarchy
      [CCTK_POSTREGRIDINITIAL]
        CartGrid3D::SpatialCoordinates: Set Coordinates after regridding
      [CCTK_BASEGRID]
        CartGrid3D::SpatialSpacings: Set up ranges for spatial 3D Cartesian coordinates (on all grids)
        CartGrid3D::SpatialCoordinates: Set up spatial 3D Cartesian coordinates on the GH
        IOASCII::IOASCII_Choose1D: Choose 1D output lines
        IOASCII::IOASCII_Choose2D: Choose 2D output planes
        PUGH::PUGH_Report: Report on PUGH set up
      [CCTK_INITIAL]
      [CCTK_POSTINITIAL]
      Initialise finer grids recursively
      Restrict from finer grids
      [CCTK_POSTRESTRICTINITIAL]
      [CCTK_POSTPOSTINITIAL]
      [CCTK_POSTSTEP]
    endif
    if (recover initial data)
      [CCTK_BASEGRID]
        CartGrid3D::SpatialSpacings: Set up ranges for spatial 3D Cartesian coordinates (on all grids)
        CartGrid3D::SpatialCoordinates: Set up spatial 3D Cartesian coordinates on the GH
        IOASCII::IOASCII_Choose1D: Choose 1D output lines
        IOASCII::IOASCII_Choose2D: Choose 2D output planes
        PUGH::PUGH_Report: Report on PUGH set up
      [CCTK_RECOVER_VARIABLES]
      [CCTK_POST_RECOVER_VARIABLES]
    endif
    if (checkpoint initial data)
      [CCTK_CPINITIAL]
    endif
    if (analysis)
      [CCTK_ANALYSIS]
  endif
  Output grid variables

  do loop over timesteps
    [CCTK_PREREGRID]
    Change grid hierarchy
    [CCTK_POSTREGRID]
      CartGrid3D::SpatialCoordinates: Set Coordinates after regridding
    Rotate timelevels
    iteration = iteration+1
    t = t+dt
    [CCTK_PRESTEP]
    [CCTK_EVOL]
    Evolve finer grids recursively
    Restrict from finer grids
    [CCTK_POSTRESTRICT]
    [CCTK_POSTSTEP]
    if (checkpoint)
      [CCTK_CHECKPOINT]
    endif
    if (analysis)
      [CCTK_ANALYSIS]
    endif
    Output grid variables
    enddo

  Termination routines
    [CCTK_TERMINATE]
      PUGH::Driver_Terminate: Termination routine

  Shutdown routines
    [CCTK_SHUTDOWN]

  Routines run after changing the grid hierarchy:
    [CCTK_POSTREGRID]
      CartGrid3D::SpatialCoordinates: Set Coordinates after regridding
--------------------------------------------------------------------------------
INFO (hwloc): library version 2.7.0, API version 0x20500
INFO (SystemTopology): MPI process-to-host mapping:
This is MPI process 0 of 2
MPI hosts:
  0: fv-az523-365
This MPI process runs on host 0 of 1
On this host, this is MPI process 0 of 2
INFO (SystemTopology): Topology support:
Discovery support:
  discovery->pu                            : yes
CPU binding support:
  cpubind->set_thisproc_cpubind            : yes
  cpubind->get_thisproc_cpubind            : yes
  cpubind->set_proc_cpubind                : yes
  cpubind->get_proc_cpubind                : yes
  cpubind->set_thisthread_cpubind          : yes
  cpubind->get_thisthread_cpubind          : yes
  cpubind->set_thread_cpubind              : yes
  cpubind->get_thread_cpubind              : yes
  cpubind->get_thisproc_last_cpu_location  : yes
  cpubind->get_proc_last_cpu_location      : yes
  cpubind->get_thisthread_last_cpu_location: yes
Memory binding support:
  membind->set_thisproc_membind            : no
  membind->get_thisproc_membind            : no
  membind->set_proc_membind                : no
  membind->get_proc_membind                : no
  membind->set_thisthread_membind          : yes
  membind->get_thisthread_membind          : yes
  membind->set_area_membind                : yes
  membind->get_area_membind                : yes
  membind->alloc_membind                   : yes
  membind->firsttouch_membind              : yes
  membind->bind_membind                    : yes
  membind->interleave_membind              : yes
  membind->nexttouch_membind               : no
  membind->migrate_membind                 : yes
INFO (SystemTopology): Hardware objects in this node:
Machine L#0: (P#0, total=16364596KB, DMIProductName="Virtual Machine", DMIProductVersion=7.0, DMIProductUUID=9fa3d7e6-dc02-e94a-8360-dfa2851f7de3, DMIBoardVendor="Microsoft Corporation", DMIBoardName="Virtual Machine", DMIBoardVersion=7.0, DMIChassisVendor="Microsoft Corporation", DMIChassisType=3, DMIChassisVersion=7.0, DMIChassisAssetTag=7783-7084-3265-9085-8269-3286-77, DMIBIOSVendor="American Megatrends Inc.", DMIBIOSVersion="090008 ", DMIBIOSDate=12/07/2018, DMISysVendor="Microsoft Corporation", Backend=Linux, LinuxCgroup=/system.slice/runner-provisioner.service, OSName=Linux, OSRelease=6.5.0-1017-azure, OSVersion="#17~22.04.1-Ubuntu SMP Sat Mar  9 04:50:38 UTC 2024", HostName=fv-az523-365, Architecture=x86_64, hwlocVersion=2.7.0, ProcessName=cactus_sim)
  Package L#0: (P#0, total=16364596KB, CPUVendor=AuthenticAMD, CPUFamilyNumber=25, CPUModelNumber=1, CPUModel="AMD EPYC 7763 64-Core Processor                ", CPUStepping=1)
    L3Cache L#0: (P#0, size=32768KB, linesize=64, ways=16, Inclusive=0)
      L2Cache L#0: (P#0, size=512KB, linesize=64, ways=8, Inclusive=1)
        L1dCache L#0: (P#0, size=32KB, linesize=64, ways=8, Inclusive=0)
          Core L#0: (P#0)
            PU L#0: (P#0)
            PU L#1: (P#1)
      L2Cache L#1: (P#1, size=512KB, linesize=64, ways=8, Inclusive=1)
        L1dCache L#1: (P#1, size=32KB, linesize=64, ways=8, Inclusive=0)
          Core L#1: (P#1)
            PU L#2: (P#2)
            PU L#3: (P#3)
INFO (SystemTopology): Thread CPU bindings:
  MPI process 0 on host 0 (process 0 of 2 on this host)
    OpenMP thread 0: PU set L#{0-1} P#{0-1}
  MPI process 1 on host 0 (process 1 of 2 on this host)
    OpenMP thread 0: PU set L#{2-3} P#{2-3}
INFO (SystemTopology): Setting thread CPU bindings:
INFO (SystemTopology): Thread CPU bindings:
  MPI process 0 on host 0 (process 0 of 2 on this host)
    OpenMP thread 0: PU set L#{0} P#{0}
  MPI process 1 on host 0 (process 1 of 2 on this host)
    OpenMP thread 0: PU set L#{2} P#{2}
INFO (SystemTopology): Extracting CPU/cache/memory properties:
  There are 2 PUs per core (aka hardware SMT threads)
  There are 1 threads per core (aka SMT threads used)
  Cache (unknown name) has type "data" depth 1
    size 32768 linesize 64 associativity 8 stride 4096, for 2 PUs
  Cache (unknown name) has type "unified" depth 2
    size 524288 linesize 64 associativity 8 stride 65536, for 2 PUs
  Cache (unknown name) has type "unified" depth 3
    size 33554432 linesize 64 associativity 16 stride 2097152, for 4 PUs
INFO (PUGH): Using physical to logical mappings: direct
INFO (PUGH): Using topology generator: automatic
INFO (Vectors): Using vector size 2 for architecture SSE2 (64-bit precision)
--------------------------------------------------------------------------------
Driver provided by PUGH
--------------------------------------------------------------------------------

INFO (PUGH): Not setting up a topology for 1 dimensions
INFO (PUGH): Not setting up a topology for 2 dimensions
INFO (PUGH): Setting up a topology for 3 dimensions
INFO (IOASCII): I/O Method 'IOASCII_1D' registered: output of 1D lines of grid functions/arrays to ASCII files
INFO (IOASCII): Periodic 1D output every 1 iterations
INFO (IOASCII): Periodic 1D output requested for 'GRID::r'
INFO (IOASCII): I/O Method 'IOASCII_2D' registered: output of 2D planes of grid functions/arrays to ASCII files
INFO (IOASCII): Periodic 2D output turned off
INFO (IOASCII): I/O Method 'IOASCII_3D' registered: output of 3D grid functions/arrays to ASCII files
INFO (IOASCII): Periodic 3D output turned off
INFO (MemSpeed): Measuring CPU, cache, memory, and communication speeds:
  Single-core measurements (using 1 MPI processes with 1 OpenMP threads each):
    CPU frequency:
      iterations=1000000... time=0.00136209 sec
      iterations=10000000... time=0.0124861 sec
      iterations=100000000... time=0.123942 sec
      iterations=900000000... time=1.11466 sec
      iterations=900000000... time=0.839166 sec
      result: 6.53383 GHz
    CPU floating point performance:
      iterations=1000000... time=0.00198026 sec
      iterations=10000000... time=0.0197418 sec
      iterations=100000000... time=0.197323 sec
      iterations=600000000... time=1.1844 sec
      result: 16.2107 Gflop/sec
    CPU integer performance:
      iterations=1000000... time=0.00187003 sec
      iterations=10000000... time=0.0185842 sec
      iterations=100000000... time=0.188051 sec
      iterations=600000000... time=1.11457 sec
      result: 8.61322 Giop/sec
    Read latency of D1 cache (for 2 PUs) (using 1*24576 bytes):
      iterations=1000... time=0.000128351 sec
      iterations=10000... time=0.00123819 sec
      iterations=100000... time=0.012389 sec
      iterations=1000000... time=0.123687 sec
      iterations=9000000... time=1.1434 sec
      result: 1.27044 nsec
    Read latency of L2 cache (for 2 PUs) (using 1*393216 bytes):
      iterations=1000... time=0.000468369 sec
      iterations=10000... time=0.00441328 sec
      iterations=100000... time=0.0430908 sec
      iterations=1000000... time=0.432445 sec
      iterations=3000000... time=1.29802 sec
      result: 4.32672 nsec
    Read latency of L3 cache (for 4 PUs) (using 1*25165824 bytes):
      [skipped -- avoiding large-memory benchmarks]
    Read bandwidth of D1 cache (for 2 PUs) (using 1*24576 bytes):
      iterations=1... time=6.12e-07 sec
      iterations=10... time=4.519e-06 sec
      iterations=100... time=4.0987e-05 sec
      iterations=1000... time=0.000273845 sec
      iterations=10000... time=0.0025194 sec
      iterations=100000... time=0.0244689 sec
      iterations=1000000... time=0.243791 sec
      iterations=5000000... time=1.22014 sec
      result: 100.709 GByte/sec
    Read bandwidth of L2 cache (for 2 PUs) (using 1*393216 bytes):
      iterations=1... time=5.67e-06 sec
      iterations=10... time=5.7868e-05 sec
      iterations=100... time=0.000496494 sec
      iterations=1000... time=0.00485104 sec
      iterations=10000... time=0.0486377 sec
      iterations=100000... time=0.488907 sec
      iterations=200000... time=0.973042 sec
      iterations=400000... time=1.94765 sec
      result: 80.7569 GByte/sec
    Read bandwidth of L3 cache (for 4 PUs) (using 1*25165824 bytes):
      [skipped -- avoiding large-memory benchmarks]
    Write latency of D1 cache (for 2 PUs) (using 1*24576 bytes):
      iterations=1000... time=3.657e-06 sec
      iterations=10000... time=3.173e-05 sec
      iterations=100000... time=0.000256241 sec
      iterations=1000000... time=0.00248052 sec
      iterations=10000000... time=0.0247605 sec
      iterations=100000000... time=0.247555 sec
      iterations=400000000... time=0.99053 sec
      iterations=800000000... time=1.98517 sec
      result: 0.310182 nsec
    Write latency of L2 cache (for 2 PUs) (using 1*393216 bytes):
      iterations=1000... time=3.0507e-05 sec
      iterations=10000... time=9.8655e-05 sec
      iterations=100000... time=0.000891524 sec
      iterations=1000000... time=0.00901981 sec
      iterations=10000000... time=0.0895349 sec
      iterations=100000000... time=0.903534 sec
      iterations=200000000... time=1.81149 sec
      result: 1.13218 nsec
    Write latency of L3 cache (for 4 PUs) (using 1*25165824 bytes):
      [skipped -- avoiding large-memory benchmarks]
    Write bandwidth of D1 cache (for 2 PUs) (using 1*24576 bytes):
      iterations=1... time=4.41e-07 sec
      iterations=10... time=4.279e-06 sec
      iterations=100... time=4.0276e-05 sec
      iterations=1000... time=0.000279675 sec
      iterations=10000... time=0.00262882 sec
      iterations=100000... time=0.026102 sec
      iterations=1000000... time=0.261009 sec
      iterations=4000000... time=1.04745 sec
      result: 93.8507 GByte/sec
    Write bandwidth of L2 cache (for 2 PUs) (using 1*393216 bytes):
      iterations=1... time=8.105e-06 sec
      iterations=10... time=6.4311e-05 sec
      iterations=100... time=0.000470134 sec
      iterations=1000... time=0.0046354 sec
      iterations=10000... time=0.0468863 sec
      iterations=100000... time=0.465156 sec
      iterations=200000... time=0.929787 sec
      iterations=400000... time=1.85701 sec
      result: 84.6988 GByte/sec
    Write bandwidth of L3 cache (for 4 PUs) (using 1*25165824 bytes):
      [skipped -- avoiding large-memory benchmarks]
    Stencil code performance of D1 cache (for 2 PUs) (using 1*12^3 grid points, 1*27648 bytes):
      iterations=1... time=3.6719e-05 sec
      iterations=10... time=0.00040407 sec
      iterations=100... time=0.00388293 sec
      iterations=1000... time=0.041329 sec
      iterations=10000... time=0.397392 sec
      iterations=30000... time=1.19679 sec
      result: 0.0433158 Gupdates/sec
    Stencil code performance of L2 cache (for 2 PUs) (using 1*29^3 grid points, 1*390224 bytes):
      iterations=1... time=0.000133522 sec
      iterations=10... time=0.00139971 sec
      iterations=100... time=0.0145553 sec
      iterations=1000... time=0.143709 sec
      iterations=8000... time=1.128 sec
      result: 0.172971 Gupdates/sec
    Stencil code performance of L3 cache (for 4 PUs) (using 1*116^3 grid points, 1*24974336 bytes):
      iterations=1... time=0.00359556 sec
      iterations=10... time=0.03506 sec
      iterations=100... time=0.351859 sec
      iterations=300... time=1.07045 sec
      result: 0.437451 Gupdates/sec
  Single-node measurements (using 2 MPI processes with 1 OpenMP threads each):
    CPU frequency:
      iterations=1000000... time=0.00123983 sec
      iterations=10000000... time=0.0123855 sec
      iterations=100000000... time=0.123794 sec
      iterations=900000000... time=1.11401 sec
      iterations=900000000... time=0.837402 sec
      result: 6.50743 GHz
    CPU floating point performance:
      iterations=1000000... time=0.0019832 sec
      iterations=10000000... time=0.019738 sec
      iterations=100000000... time=0.197308 sec
      iterations=600000000... time=1.18381 sec
      result: 16.2188 Gflop/sec
    CPU integer performance:
      iterations=1000000... time=0.00187481 sec
      iterations=10000000... time=0.0185775 sec
      iterations=100000000... time=0.185686 sec
      iterations=600000000... time=1.11718 sec
      result: 8.59305 Giop/sec
    Read latency of D1 cache (for 2 PUs) (using 2*24576 bytes):
      iterations=1000... time=0.000127282 sec
      iterations=10000... time=0.00123981 sec
      iterations=100000... time=0.0123753 sec
      iterations=1000000... time=0.123706 sec
      iterations=9000000... time=1.11341 sec
      result: 1.23713 nsec
    Read latency of L2 cache (for 2 PUs) (using 2*393216 bytes):
      iterations=1000... time=0.000519236 sec
      iterations=10000... time=0.00490875 sec
      iterations=100000... time=0.048199 sec
      iterations=1000000... time=0.485816 sec
      iterations=2000000... time=0.971613 sec
      iterations=4000000... time=1.94853 sec
      result: 4.87134 nsec
    Read latency of L3 cache (for 4 PUs) (using 1*25165824 bytes):
      [skipped -- too many MPI processes]
    Read bandwidth of D1 cache (for 2 PUs) (using 2*24576 bytes):
      iterations=1... time=4.505e-07 sec
      iterations=10... time=2.8755e-06 sec
      iterations=100... time=3.37535e-05 sec
      iterations=1000... time=0.00025563 sec
      iterations=10000... time=0.00244262 sec
      iterations=100000... time=0.0243853 sec
      iterations=1000000... time=0.244534 sec
      iterations=4000000... time=0.975617 sec
      iterations=8000000... time=1.95272 sec
      result: 100.684 GByte/sec
    Read bandwidth of L2 cache (for 2 PUs) (using 2*393216 bytes):
      iterations=1... time=1.42125e-05 sec
      iterations=10... time=9.4264e-05 sec
      iterations=100... time=0.000570839 sec
      iterations=1000... time=0.00493698 sec
      iterations=10000... time=0.0478904 sec
      iterations=100000... time=0.47563 sec
      iterations=200000... time=0.951441 sec
      iterations=400000... time=1.89957 sec
      result: 82.801 GByte/sec
    Read bandwidth of L3 cache (for 4 PUs) (using 1*25165824 bytes):
      [skipped -- too many MPI processes]
    Write latency of D1 cache (for 2 PUs) (using 2*24576 bytes):
      iterations=1000... time=3.747e-06 sec
      iterations=10000... time=3.32225e-05 sec
      iterations=100000... time=0.000258861 sec
      iterations=1000000... time=0.00248024 sec
      iterations=10000000... time=0.0247702 sec
      iterations=100000000... time=0.247405 sec
      iterations=400000000... time=0.991792 sec
      iterations=800000000... time=1.98249 sec
      result: 0.309763 nsec
    Write latency of L2 cache (for 2 PUs) (using 2*393216 bytes):
      iterations=1000... time=3.73855e-05 sec
      iterations=10000... time=0.000185384 sec
      iterations=100000... time=0.00135161 sec
      iterations=1000000... time=0.0101135 sec
      iterations=10000000... time=0.0978145 sec
      iterations=100000000... time=0.966853 sec
      iterations=200000000... time=1.92109 sec
      result: 1.20068 nsec
    Write latency of L3 cache (for 4 PUs) (using 1*25165824 bytes):
      [skipped -- too many MPI processes]
    Write bandwidth of D1 cache (for 2 PUs) (using 2*24576 bytes):
      iterations=1... time=5.41e-07 sec
      iterations=10... time=4.4935e-06 sec
      iterations=100... time=3.8678e-05 sec
      iterations=1000... time=0.000284857 sec
      iterations=10000... time=0.0027056 sec
      iterations=100000... time=0.0268917 sec
      iterations=1000000... time=0.270475 sec
      iterations=4000000... time=1.07899 sec
      result: 91.1072 GByte/sec
    Write bandwidth of L2 cache (for 2 PUs) (using 2*393216 bytes):
      iterations=1... time=1.9447e-05 sec
      iterations=10... time=0.000114361 sec
      iterations=100... time=0.000590004 sec
      iterations=1000... time=0.00464057 sec
      iterations=10000... time=0.0458767 sec
      iterations=100000... time=0.452888 sec
      iterations=200000... time=0.89722 sec
      iterations=400000... time=1.7923 sec
      result: 87.757 GByte/sec
    Write bandwidth of L3 cache (for 4 PUs) (using 1*25165824 bytes):
      [skipped -- too many MPI processes]
    Stencil code performance of D1 cache (for 2 PUs) (using 1*12^3 grid points, 1*27648 bytes):
      [skipped -- too many MPI processes]
    Stencil code performance of L2 cache (for 2 PUs) (using 1*29^3 grid points, 1*390224 bytes):
      [skipped -- too many MPI processes]
    Stencil code performance of L3 cache (for 4 PUs) (using 1*116^3 grid points, 1*24974336 bytes):
      [skipped -- too many MPI processes]
  Single-node measurements:
    MPI latency: 796.5 nsec
    MPI bandwidth: 7.95869 GByte/sec
INFO (Vectors): Testing vectorisation... [errors may result in segfaults]
INFO (Vectors): 375/375 tests passed 
INFO (CartGrid3D): Grid Spacings:
INFO (CartGrid3D): dx=>1.1111111e-01  dy=>1.1111111e-01  dz=>1.1111111e-01
INFO (CartGrid3D): Computational Coordinates:
INFO (CartGrid3D): x=>[-0.500, 0.500]  y=>[-0.500, 0.500]  z=>[-0.500, 0.500]
INFO (CartGrid3D): Indices of Physical Coordinates:
INFO (CartGrid3D): x=>[0,9]  y=>[0,9]  z=>[0,9]
INFO (PUGH): MPI Evolution on 2 processors
INFO (PUGH): 3-dimensional grid functions
INFO (PUGH):   Size: 10 10 10
INFO (PUGH):   Processor topology: 2 x 1 x 1
INFO (PUGH):   Local load: 600   [6 x 10 x 10]
INFO (PUGH):   Maximum load skew: 0.000000
--------------------------------------------------------------------------------
Done.
+ echo Stopping:
Stopping:
+ date
Mon Apr 15 23:54:15 UTC 2024
+ echo Done.
Done.
  Elapsed time: 56.2 s
