/home/runner/simulations/TestJob01_temp_2/output-0000/TEST/sim/MemSpeed
Preparing:
+ set -e
+ cd output-0000-active
+ echo Checking:
Checking:
+ pwd
/home/runner/simulations/TestJob01_temp_2/output-0000/TEST/sim/MemSpeed/output-0000-active
+ hostname
fv-az202-267
+ date
Fri Dec 31 17:10:25 UTC 2021
+ echo Environment:
Environment:
+ export CACTUS_NUM_PROCS=2
+ export CACTUS_NUM_THREADS=1
+ export GMON_OUT_PREFIX=gmon.out
+ export OMP_NUM_THREADS=1
+ env
+ sort
+ echo Starting:
Starting:
+ date +%s
+ export CACTUS_STARTTIME=1640970625
+ [ 2 = 1 ]
+ mpirun -np 2 /home/runner/simulations/TestJob01_temp_2/SIMFACTORY/exe/cactus_sim -L 3 /home/runner/simulations/TestJob01_temp_2/output-0000/arrangements/CactusUtils/MemSpeed/test/memspeed.par
INFO (Cactus): Increased logging level from 0 to 3
--------------------------------------------------------------------------------

       10                                  
  1   0101       ************************  
  01  1010 10      The Cactus Code V4.11.0    
 1010 1101 011      www.cactuscode.org     
  1001 100101    ************************  
    00010101                               
     100011     (c) Copyright The Authors  
      0100      GNU Licensed. No Warranty  
      0101                                 
--------------------------------------------------------------------------------

Cactus version:    4.11.0
Compile date:      Dec 31 2021 (16:44:12)
Run date:          Dec 31 2021 (17:10:26+0000)
Run host:          fv-az202-267.ngw3kpfb2bguzbtcwuqjmbcvef.gx.internal.cloudapp.net (pid=106688)
Working directory: /home/runner/simulations/TestJob01_temp_2/output-0000/TEST/sim/MemSpeed
Executable:        /home/runner/simulations/TestJob01_temp_2/SIMFACTORY/exe/cactus_sim
Parameter file:    /home/runner/simulations/TestJob01_temp_2/output-0000/arrangements/CactusUtils/MemSpeed/test/memspeed.par
--------------------------------------------------------------------------------

Activating thorn Cactus...Success -> active implementation Cactus
Activation requested for 
--->hwloc MemSpeed SystemTopology CartGrid3D CoordBase IOASCII IOUtil PUGH PUGHSlab<---
Thorn hwloc requests automatic activation of zlib
Thorn MemSpeed requests automatic activation of Vectors
Thorn MemSpeed requests automatic activation of MPI
Activating thorn CartGrid3D...Success -> active implementation grid
Activating thorn CoordBase...Success -> active implementation CoordBase
Activating thorn hwloc...Success -> active implementation hwloc
Activating thorn IOASCII...Success -> active implementation IOASCII
Activating thorn IOUtil...Success -> active implementation IO
Activating thorn MemSpeed...Success -> active implementation MemSpeed
Activating thorn MPI...Success -> active implementation MPI
Activating thorn PUGH...Success -> active implementation Driver
Activating thorn PUGHSlab...Success -> active implementation Hyperslab
Activating thorn SystemTopology...Success -> active implementation SystemTopology
Activating thorn Vectors...Success -> active implementation Vectors
Activating thorn zlib...Success -> active implementation zlib
--------------------------------------------------------------------------------
  if (recover initial data)
    Recover parameters
  endif

  Startup routines
    [CCTK_STARTUP]
      CartGrid3D::SymmetryStartup: Register GH Extension for GridSymmetry
      CoordBase::CoordBase_Startup: Register a GH extension to store the coordinate system handles
      GROUP hwloc_startup: hwloc startup group
        hwloc::hwloc_version: Output hwloc version
      SystemTopology::ST_system_topology: Output and/or modify system topology and hardware locality
      PUGH::Driver_Startup: Startup routine
      PUGH::PUGH_RegisterPUGHP2LRoutines: Register Physical to Logical process mapping routines
      PUGH::PUGH_RegisterPUGHTopologyRoutines: Register topology generation routines routines
      IOUtil::IOUtil_Startup: Startup routine
      Vectors::Vectors_Startup: Print startup message
      IOASCII::IOASCII_Startup: Startup routine

  Startup routines which need an existing grid hierarchy
    [CCTK_WRAGH]
      CartGrid3D::RegisterCartGrid3DCoords: [meta] Register coordinates for the Cartesian grid
      MemSpeed::MemSpeed_MeasureSpeed: [meta] Measure CPU, memory, cache speeds
  Parameter checking routines
    [CCTK_PARAMCHECK]
      CartGrid3D::ParamCheck_CartGrid3D: Check coordinates for CartGrid3D
      Vectors::Vectors_Test: Run correctness tests.

  Initialisation
    if (NOT (recover initial data AND recovery_mode is 'strict'))
      [CCTK_PREREGRIDINITIAL]
      Set up grid hierarchy
      [CCTK_POSTREGRIDINITIAL]
        CartGrid3D::SpatialCoordinates: Set Coordinates after regridding
      [CCTK_BASEGRID]
        CartGrid3D::SpatialSpacings: Set up ranges for spatial 3D Cartesian coordinates (on all grids)
        CartGrid3D::SpatialCoordinates: Set up spatial 3D Cartesian coordinates on the GH
        IOASCII::IOASCII_Choose1D: Choose 1D output lines
        IOASCII::IOASCII_Choose2D: Choose 2D output planes
        PUGH::PUGH_Report: Report on PUGH set up
      [CCTK_INITIAL]
      [CCTK_POSTINITIAL]
      Initialise finer grids recursively
      Restrict from finer grids
      [CCTK_POSTRESTRICTINITIAL]
      [CCTK_POSTPOSTINITIAL]
      [CCTK_POSTSTEP]
    endif
    if (recover initial data)
      [CCTK_BASEGRID]
        CartGrid3D::SpatialSpacings: Set up ranges for spatial 3D Cartesian coordinates (on all grids)
        CartGrid3D::SpatialCoordinates: Set up spatial 3D Cartesian coordinates on the GH
        IOASCII::IOASCII_Choose1D: Choose 1D output lines
        IOASCII::IOASCII_Choose2D: Choose 2D output planes
        PUGH::PUGH_Report: Report on PUGH set up
      [CCTK_RECOVER_VARIABLES]
      [CCTK_POST_RECOVER_VARIABLES]
    endif
    if (checkpoint initial data)
      [CCTK_CPINITIAL]
    endif
    if (analysis)
      [CCTK_ANALYSIS]
  endif
  Output grid variables

  do loop over timesteps
    [CCTK_PREREGRID]
    Change grid hierarchy
    [CCTK_POSTREGRID]
      CartGrid3D::SpatialCoordinates: Set Coordinates after regridding
    Rotate timelevels
    iteration = iteration+1
    t = t+dt
    [CCTK_PRESTEP]
    [CCTK_EVOL]
    Evolve finer grids recursively
    Restrict from finer grids
    [CCTK_POSTRESTRICT]
    [CCTK_POSTSTEP]
    if (checkpoint)
      [CCTK_CHECKPOINT]
    endif
    if (analysis)
      [CCTK_ANALYSIS]
    endif
    Output grid variables
    enddo

  Termination routines
    [CCTK_TERMINATE]
      PUGH::Driver_Terminate: Termination routine

  Shutdown routines
    [CCTK_SHUTDOWN]

  Routines run after changing the grid hierarchy:
    [CCTK_POSTREGRID]
      CartGrid3D::SpatialCoordinates: Set Coordinates after regridding
--------------------------------------------------------------------------------
INFO (hwloc): library version 2.1.0, API version 0x20100
INFO (SystemTopology): MPI process-to-host mapping:
This is MPI process 0 of 2
MPI hosts:
  0: fv-az202-267
This MPI process runs on host 0 of 1
On this host, this is MPI process 0 of 2
INFO (SystemTopology): Topology support:
Discovery support:
  discovery->pu                            : yes
CPU binding support:
  cpubind->set_thisproc_cpubind            : yes
  cpubind->get_thisproc_cpubind            : yes
  cpubind->set_proc_cpubind                : yes
  cpubind->get_proc_cpubind                : yes
  cpubind->set_thisthread_cpubind          : yes
  cpubind->get_thisthread_cpubind          : yes
  cpubind->set_thread_cpubind              : yes
  cpubind->get_thread_cpubind              : yes
  cpubind->get_thisproc_last_cpu_location  : yes
  cpubind->get_proc_last_cpu_location      : yes
  cpubind->get_thisthread_last_cpu_location: yes
Memory binding support:
  membind->set_thisproc_membind            : no
  membind->get_thisproc_membind            : no
  membind->set_proc_membind                : no
  membind->get_proc_membind                : no
  membind->set_thisthread_membind          : yes
  membind->get_thisthread_membind          : yes
  membind->set_area_membind                : yes
  membind->get_area_membind                : yes
  membind->alloc_membind                   : yes
  membind->firsttouch_membind              : yes
  membind->bind_membind                    : yes
  membind->interleave_membind              : yes
  membind->nexttouch_membind               : no
  membind->migrate_membind                 : yes
INFO (SystemTopology): Hardware objects in this node:
Machine L#0: (P#0, total=7118760KB, DMIProductName="Virtual Machine", DMIProductVersion=7.0, DMIProductUUID=7f3d2106-f5d2-fa48-a1a4-1209d02f892d, DMIBoardVendor="Microsoft Corporation", DMIBoardName="Virtual Machine", DMIBoardVersion=7.0, DMIChassisVendor="Microsoft Corporation", DMIChassisType=3, DMIChassisVersion=7.0, DMIChassisAssetTag=7783-7084-3265-9085-8269-3286-77, DMIBIOSVendor="American Megatrends Inc.", DMIBIOSVersion="090008 ", DMIBIOSDate=12/07/2018, DMISysVendor="Microsoft Corporation", Backend=Linux, LinuxCgroup=/, OSName=Linux, OSRelease=5.11.0-1022-azure, OSVersion="#23~20.04.1-Ubuntu SMP Fri Nov 19 10:20:52 UTC 2021", HostName=fv-az202-267, Architecture=x86_64, hwlocVersion=2.1.0, ProcessName=cactus_sim)
  Package L#0: (P#0, total=7118760KB, CPUVendor=GenuineIntel, CPUFamilyNumber=6, CPUModelNumber=106, CPUModel="Intel(R) Xeon(R) Platinum 8370C CPU @ 2.80GHz", CPUStepping=6)
    L3Cache L#0: (P#-1, size=49152KB, linesize=64, ways=12, Inclusive=0)
      L2Cache L#0: (P#-1, size=1280KB, linesize=64, ways=20, Inclusive=0)
        L1dCache L#0: (P#-1, size=48KB, linesize=64, ways=12, Inclusive=0)
          Core L#0: (P#0)
            PU L#0: (P#0)
      L2Cache L#1: (P#-1, size=1280KB, linesize=64, ways=20, Inclusive=0)
        L1dCache L#1: (P#-1, size=48KB, linesize=64, ways=12, Inclusive=0)
          Core L#1: (P#1)
            PU L#1: (P#1)
INFO (SystemTopology): Thread CPU bindings:
  MPI process 0 on host 0 (process 0 of 2 on this host)
    OpenMP thread 0: PU set L#{0} P#{0}
  MPI process 1 on host 0 (process 1 of 2 on this host)
    OpenMP thread 0: PU set L#{1} P#{1}
INFO (SystemTopology): Setting thread CPU bindings:
INFO (SystemTopology): Thread CPU bindings:
  MPI process 0 on host 0 (process 0 of 2 on this host)
    OpenMP thread 0: PU set L#{0} P#{0}
  MPI process 1 on host 0 (process 1 of 2 on this host)
    OpenMP thread 0: PU set L#{1} P#{1}
INFO (SystemTopology): Extracting CPU/cache/memory properties:
  There are 1 PUs per core (aka hardware SMT threads)
  There are 1 threads per core (aka SMT threads used)
  Cache (unknown name) has type "data" depth 1
    size 49152 linesize 64 associativity 12 stride 4096, for 1 PUs
  Cache (unknown name) has type "unified" depth 2
    size 1310720 linesize 64 associativity 20 stride 65536, for 1 PUs
  Cache (unknown name) has type "unified" depth 3
    size 50331648 linesize 64 associativity 12 stride 4194304, for 2 PUs
INFO (PUGH): Using physical to logical mappings: direct
INFO (PUGH): Using topology generator: automatic
INFO (Vectors): Using vector size 2 for architecture SSE2 (64-bit precision)
--------------------------------------------------------------------------------
Driver provided by PUGH
--------------------------------------------------------------------------------

INFO (PUGH): Not setting up a topology for 1 dimensions
INFO (PUGH): Not setting up a topology for 2 dimensions
INFO (PUGH): Setting up a topology for 3 dimensions
INFO (IOASCII): I/O Method 'IOASCII_1D' registered: output of 1D lines of grid functions/arrays to ASCII files
INFO (IOASCII): Periodic 1D output every 1 iterations
INFO (IOASCII): Periodic 1D output requested for 'GRID::r'
INFO (IOASCII): I/O Method 'IOASCII_2D' registered: output of 2D planes of grid functions/arrays to ASCII files
INFO (IOASCII): Periodic 2D output turned off
INFO (IOASCII): I/O Method 'IOASCII_3D' registered: output of 3D grid functions/arrays to ASCII files
INFO (IOASCII): Periodic 3D output turned off
INFO (MemSpeed): Measuring CPU, cache, memory, and communication speeds:
  Single-core measurements (using 1 MPI processes with 1 OpenMP threads each):
    CPU frequency:
      iterations=1000000... time=0.0017129 sec
      iterations=10000000... time=0.0170281 sec
      iterations=100000000... time=0.16994 sec
      iterations=600000000... time=1.01899 sec
      iterations=600000000... time=1.0395 sec
      result: -58.4856 GHz
    CPU floating point performance:
      iterations=1000000... time=0.00360819 sec
      iterations=10000000... time=0.0360855 sec
      iterations=100000000... time=0.361259 sec
      iterations=300000000... time=1.08321 sec
      result: 8.86252 Gflop/sec
    CPU integer performance:
      iterations=1000000... time=0.0020047 sec
      iterations=10000000... time=0.0199172 sec
      iterations=100000000... time=0.199139 sec
      iterations=600000000... time=1.19668 sec
      result: 8.02221 Giop/sec
    Read latency of D1 cache (for 1 PUs) (using 1*36864 bytes):
      iterations=1000... time=0.000202699 sec
      iterations=10000... time=0.0020096 sec
      iterations=100000... time=0.0200831 sec
      iterations=1000000... time=0.20157 sec
      iterations=5000000... time=1.00809 sec
      result: 2.01619 nsec
    Read latency of L2 cache (for 1 PUs) (using 1*983040 bytes):
      iterations=1000... time=0.000583999 sec
      iterations=10000... time=0.00573769 sec
      iterations=100000... time=0.0571814 sec
      iterations=1000000... time=0.572483 sec
      iterations=2000000... time=1.14322 sec
      result: 5.7161 nsec
    Read latency of L3 cache (for 2 PUs) (using 1*37748736 bytes):
      [skipped -- avoiding large-memory benchmarks]
    Read bandwidth of D1 cache (for 1 PUs) (using 1*36864 bytes):
      iterations=1... time=1e-06 sec
      iterations=10... time=5.8e-06 sec
      iterations=100... time=5.44e-05 sec
      iterations=1000... time=0.000540699 sec
      iterations=10000... time=0.00543059 sec
      iterations=100000... time=0.0541639 sec
      iterations=1000000... time=0.541564 sec
      iterations=2000000... time=1.42192 sec
      result: 51.851 GByte/sec
    Read bandwidth of L2 cache (for 1 PUs) (using 1*983040 bytes):
      iterations=1... time=2.53e-05 sec
      iterations=10... time=0.000215399 sec
      iterations=100... time=0.00211809 sec
      iterations=1000... time=0.0372651 sec
      iterations=10000... time=0.276148 sec
      iterations=40000... time=1.09868 sec
      result: 35.7899 GByte/sec
    Read bandwidth of L3 cache (for 2 PUs) (using 1*37748736 bytes):
      [skipped -- avoiding large-memory benchmarks]
    Write latency of D1 cache (for 1 PUs) (using 1*36864 bytes):
      iterations=1000... time=3.9e-06 sec
      iterations=10000... time=3.27e-05 sec
      iterations=100000... time=0.000321699 sec
      iterations=1000000... time=0.00320879 sec
      iterations=10000000... time=0.0606478 sec
      iterations=100000000... time=0.460856 sec
      iterations=200000000... time=0.889544 sec
      iterations=400000000... time=1.6563 sec
      result: 0.517595 nsec
    Write latency of L2 cache (for 1 PUs) (using 1*983040 bytes):
      iterations=1000... time=1.9e-05 sec
      iterations=10000... time=0.000179099 sec
      iterations=100000... time=0.001842 sec
      iterations=1000000... time=0.0341253 sec
      iterations=10000000... time=0.196961 sec
      iterations=60000000... time=1.46457 sec
      result: 3.05118 nsec
    Write latency of L3 cache (for 2 PUs) (using 1*37748736 bytes):
      [skipped -- avoiding large-memory benchmarks]
    Write bandwidth of D1 cache (for 1 PUs) (using 1*36864 bytes):
      iterations=1... time=6e-07 sec
      iterations=10... time=2.9e-06 sec
      iterations=100... time=2.46e-05 sec
      iterations=1000... time=0.0002421 sec
      iterations=10000... time=0.00243519 sec
      iterations=100000... time=0.0443104 sec
      iterations=1000000... time=0.334941 sec
      iterations=3000000... time=0.981133 sec
      iterations=6000000... time=1.95328 sec
      result: 113.237 GByte/sec
    Write bandwidth of L2 cache (for 1 PUs) (using 1*983040 bytes):
      iterations=1... time=2.86e-05 sec
      iterations=10... time=0.000205399 sec
      iterations=100... time=0.0020273 sec
      iterations=1000... time=0.0201928 sec
      iterations=10000... time=0.271833 sec
      iterations=40000... time=1.07587 sec
      result: 36.5485 GByte/sec
    Write bandwidth of L3 cache (for 2 PUs) (using 1*37748736 bytes):
      [skipped -- avoiding large-memory benchmarks]
    Stencil code performance of D1 cache (for 1 PUs) (using 1*13^3 grid points, 1*35152 bytes):
      iterations=1... time=1.37e-05 sec
      iterations=10... time=0.000131 sec
      iterations=100... time=0.0012838 sec
      iterations=1000... time=0.0128663 sec
      iterations=10000... time=0.160341 sec
      iterations=70000... time=1.27823 sec
      result: 0.120315 Gupdates/sec
    Stencil code performance of L2 cache (for 1 PUs) (using 1*39^3 grid points, 1*949104 bytes):
      iterations=1... time=0.0001739 sec
      iterations=10... time=0.00258289 sec
      iterations=100... time=0.0504085 sec
      iterations=1000... time=0.337205 sec
      iterations=3000... time=1.09181 sec
      result: 0.162992 Gupdates/sec
    Stencil code performance of L3 cache (for 2 PUs) (using 1*133^3 grid points, 1*37642192 bytes):
      iterations=1... time=0.0723745 sec
      iterations=10... time=0.661245 sec
      iterations=20... time=1.22341 sec
      result: 0.0384603 Gupdates/sec
  Single-node measurements (using 2 MPI processes with 1 OpenMP threads each):
    CPU frequency:
      iterations=1000000... time=0.0017052 sec
      iterations=10000000... time=0.0249762 sec
      iterations=100000000... time=0.244711 sec
      iterations=400000000... time=0.909918 sec
      iterations=800000000... time=1.82411 sec
      iterations=800000000... time=1.84175 sec
      result: -90.68 GHz
    CPU floating point performance:
      iterations=1000000... time=0.00360424 sec
      iterations=10000000... time=0.0510354 sec
      iterations=100000000... time=0.482655 sec
      iterations=200000000... time=0.961542 sec
      iterations=400000000... time=1.92148 sec
      result: 6.66155 Gflop/sec
    CPU integer performance:
      iterations=1000000... time=0.0019946 sec
      iterations=10000000... time=0.0280323 sec
      iterations=100000000... time=0.269577 sec
      iterations=400000000... time=1.0615 sec
      result: 6.02922 Giop/sec
    Read latency of D1 cache (for 1 PUs) (using 2*36864 bytes):
      iterations=1000... time=0.000207849 sec
      iterations=10000... time=0.00207049 sec
      iterations=100000... time=0.028573 sec
      iterations=1000000... time=0.276589 sec
      iterations=4000000... time=1.08034 sec
      result: 2.70085 nsec
    Read latency of L2 cache (for 1 PUs) (using 2*983040 bytes):
      iterations=1000... time=0.000608398 sec
      iterations=10000... time=0.00574854 sec
      iterations=100000... time=0.0744197 sec
      iterations=1000000... time=0.761515 sec
      iterations=2000000... time=1.26118 sec
      result: 6.30589 nsec
    Read latency of L3 cache (for 2 PUs) (using 2*37748736 bytes):
      [skipped -- too much memory requested]
    Read bandwidth of D1 cache (for 1 PUs) (using 2*36864 bytes):
      iterations=1... time=9.5e-07 sec
      iterations=10... time=5.8e-06 sec
      iterations=100... time=5.425e-05 sec
      iterations=1000... time=0.000548799 sec
      iterations=10000... time=0.00541079 sec
      iterations=100000... time=0.0541205 sec
      iterations=1000000... time=0.541481 sec
      iterations=2000000... time=1.08325 sec
      result: 68.0619 GByte/sec
    Read bandwidth of L2 cache (for 1 PUs) (using 2*983040 bytes):
      iterations=1... time=2.47e-05 sec
      iterations=10... time=0.000217699 sec
      iterations=100... time=0.00215815 sec
      iterations=1000... time=0.0214984 sec
      iterations=10000... time=0.215303 sec
      iterations=50000... time=1.07903 sec
      result: 45.5521 GByte/sec
    Read bandwidth of L3 cache (for 2 PUs) (using 2*37748736 bytes):
      [skipped -- too much memory requested]
    Write latency of D1 cache (for 1 PUs) (using 2*36864 bytes):
      iterations=1000... time=3.8e-06 sec
      iterations=10000... time=3.275e-05 sec
      iterations=100000... time=0.0003215 sec
      iterations=1000000... time=0.00322099 sec
      iterations=10000000... time=0.0322374 sec
      iterations=100000000... time=0.338224 sec
      iterations=300000000... time=0.965174 sec
      iterations=600000000... time=1.93428 sec
      result: 0.402975 nsec
    Write latency of L2 cache (for 1 PUs) (using 2*983040 bytes):
      iterations=1000... time=1.695e-05 sec
      iterations=10000... time=0.00018255 sec
      iterations=100000... time=0.00181595 sec
      iterations=1000000... time=0.0181912 sec
      iterations=10000000... time=0.182698 sec
      iterations=60000000... time=1.09836 sec
      result: 2.28825 nsec
    Write latency of L3 cache (for 2 PUs) (using 2*37748736 bytes):
      [skipped -- too much memory requested]
    Write bandwidth of D1 cache (for 1 PUs) (using 2*36864 bytes):
      iterations=1... time=5e-07 sec
      iterations=10... time=2.85e-06 sec
      iterations=100... time=2.46e-05 sec
      iterations=1000... time=0.000242599 sec
      iterations=10000... time=0.00243495 sec
      iterations=100000... time=0.0242996 sec
      iterations=1000000... time=0.243255 sec
      iterations=5000000... time=1.21763 sec
      result: 151.377 GByte/sec
    Write bandwidth of L2 cache (for 1 PUs) (using 2*983040 bytes):
      iterations=1... time=2.855e-05 sec
      iterations=10... time=0.0002075 sec
      iterations=100... time=0.00204894 sec
      iterations=1000... time=0.0204899 sec
      iterations=10000... time=0.204939 sec
      iterations=50000... time=1.02522 sec
      result: 47.9431 GByte/sec
    Write bandwidth of L3 cache (for 2 PUs) (using 2*37748736 bytes):
      [skipped -- too much memory requested]
    Stencil code performance of D1 cache (for 1 PUs) (using 2*10^3 grid points, 2*16000 bytes):
      iterations=1... time=1.17e-05 sec
      iterations=10... time=0.00011755 sec
      iterations=100... time=0.0011562 sec
      iterations=1000... time=0.0116667 sec
      iterations=10000... time=0.117587 sec
      iterations=90000... time=1.05636 sec
      result: 0.0851985 Gupdates/sec
    Stencil code performance of L2 cache (for 1 PUs) (using 2*31^3 grid points, 2*476656 bytes):
      iterations=1... time=0.000515299 sec
      iterations=10... time=0.00285859 sec
      iterations=100... time=0.0283794 sec
      iterations=1000... time=0.284474 sec
      iterations=4000... time=1.14909 sec
      result: 0.103703 Gupdates/sec
    Stencil code performance of L3 cache (for 2 PUs) (using 1*133^3 grid points, 1*37642192 bytes):
      [skipped -- too many MPI processes]
  Single-node measurements:
    MPI latency: 900 nsec
    MPI bandwidth: 7.12531 GByte/sec
INFO (Vectors): Testing vectorisation... [errors may result in segfaults]
INFO (Vectors): 375/375 tests passed 
INFO (CartGrid3D): Grid Spacings:
INFO (CartGrid3D): dx=>1.1111111e-01  dy=>1.1111111e-01  dz=>1.1111111e-01
INFO (CartGrid3D): Computational Coordinates:
INFO (CartGrid3D): x=>[-0.500, 0.500]  y=>[-0.500, 0.500]  z=>[-0.500, 0.500]
INFO (CartGrid3D): Indices of Physical Coordinates:
INFO (CartGrid3D): x=>[0,9]  y=>[0,9]  z=>[0,9]
INFO (PUGH): MPI Evolution on 2 processors
INFO (PUGH): 3-dimensional grid functions
INFO (PUGH):   Size: 10 10 10
INFO (PUGH):   Processor topology: 2 x 1 x 1
INFO (PUGH):   Local load: 600   [6 x 10 x 10]
INFO (PUGH):   Maximum load skew: 0.000000
--------------------------------------------------------------------------------
Done.
+ echo Stopping:
Stopping:
+ date
Fri Dec 31 17:11:19 UTC 2021
+ echo Done.
Done.
  Elapsed time: 53.6 s
