/home/runner/simulations/TestJob01_temp_2/output-0000/TEST/sim/BoxInBox
Preparing:
+ set -e
+ cd output-0000-active
+ echo Checking:
Checking:
+ pwd
/home/runner/simulations/TestJob01_temp_2/output-0000/TEST/sim/BoxInBox/output-0000-active
+ hostname
fv-az987-943
+ date
Wed Nov  1 01:50:22 UTC 2023
+ echo Environment:
Environment:
+ export CACTUS_NUM_PROCS=2
+ CACTUS_NUM_PROCS=2
+ export CACTUS_NUM_THREADS=1
+ CACTUS_NUM_THREADS=1
+ export GMON_OUT_PREFIX=gmon.out
+ GMON_OUT_PREFIX=gmon.out
+ export OMP_NUM_THREADS=1
+ OMP_NUM_THREADS=1
+ env
+ sort
+ echo Starting:
Starting:
++ date +%s
+ export CACTUS_STARTTIME=1698803422
+ CACTUS_STARTTIME=1698803422
+ '[' 2 = 1 ']'
+ mpirun -np 2 /home/runner/simulations/TestJob01_temp_2/SIMFACTORY/exe/cactus_sim -L 3 /home/runner/simulations/TestJob01_temp_2/output-0000/arrangements/CarpetX/BoxInBox/test/levels3.par
INFO (Cactus): Increased logging level from 0 to 3
--------------------------------------------------------------------------------

       10                                  
  1   0101       ************************  
  01  1010 10      The Cactus Code V4.14.0    
 1010 1101 011      www.cactuscode.org     
  1001 100101    ************************  
    00010101                               
     100011     (c) Copyright The Authors  
      0100      GNU Licensed. No Warranty  
      0101                                 
--------------------------------------------------------------------------------

Cactus version:    4.14.0
Compile date:      Nov 01 2023 (01:31:16)
Run date:          Nov 01 2023 (01:50:23+0000)
Run host:          fv-az987-943.q0dpigkz030etpsg4nxqatd0nh.phxx.internal.cloudapp.net (pid=139201)
Working directory: /home/runner/simulations/TestJob01_temp_2/output-0000/TEST/sim/BoxInBox
Executable:        /home/runner/simulations/TestJob01_temp_2/SIMFACTORY/exe/cactus_sim
Parameter file:    /home/runner/simulations/TestJob01_temp_2/output-0000/arrangements/CarpetX/BoxInBox/test/levels3.par
--------------------------------------------------------------------------------

Activating thorn Cactus...Success -> active implementation Cactus
Activation requested for 
--->BoxInBox CarpetX CoordinatesX IOUtil<---
Thorn BoxInBox requests automatic activation of Loop
Thorn CarpetX requests automatic activation of AMReX
Thorn CarpetX requests automatic activation of MPI
Thorn CarpetX requests automatic activation of yaml_cpp
Thorn CarpetX requests automatic activation of zlib
Thorn CarpetX requests automatic activation of Arith
Thorn CarpetX requests automatic activation of ADIOS2
Thorn CarpetX requests automatic activation of openPMD
Thorn CarpetX requests automatic activation of Silo
Thorn Arith requests automatic activation of NSIMD
Thorn MPI requests automatic activation of hwloc
Thorn openPMD requests automatic activation of HDF5
Activating thorn ADIOS2...Success -> active implementation ADIOS2
Activating thorn AMReX...Success -> active implementation AMReX
Activating thorn Arith...Success -> active implementation Arith
Activating thorn BoxInBox...Success -> active implementation BoxInBox
Activating thorn CarpetX...Success -> active implementation CarpetX
Activating thorn CoordinatesX...Success -> active implementation CoordinatesX
Activating thorn HDF5...Success -> active implementation HDF5
Activating thorn hwloc...Success -> active implementation hwloc
Activating thorn IOUtil...Success -> active implementation IO
Activating thorn Loop...Success -> active implementation Loop
Activating thorn MPI...Success -> active implementation MPI
Activating thorn NSIMD...Success -> active implementation NSIMD
Activating thorn openPMD...Success -> active implementation openPMD
Activating thorn Silo...Success -> active implementation Silo
Activating thorn yaml_cpp...Success -> active implementation yaml_cpp
Activating thorn zlib...Success -> active implementation zlib
INFO (hwloc): library version 2.7.0, API version 0x20500
--------------------------------------------------------------------------------

  [34m  ▕▏  [34m  ▕▏  [34m  ▕▏  [34m  ▕▏  [34m  ▕▏  [34m  ▕▏  [34m  ▕▏  [34m  ▕▏  [34m  ▕▏  [39m  
  [34m──██──[34m──██──[34m──██──[34m──██──[34m──██──[34m──██──[34m──██──[34m──██──[34m──██──[39m  
  [34m  ▕▏  [34m  ▕▏  [34m  ▕▏  [34m  ▕▏  [34m  ▕▏  [34m  ▕▏  [34m  ▕▏  [34m  ▕▏  [34m  ▕▏  [39m  
  [34m  ▕▏  [32m██████[34m  ▕▏  [34m  ▕▏  [32m██████[34m  ▕▏  [34m  ▕▏  [32m██████[34m  ▕▏  [39m  
  [34m──██──[32m██████[34m──██──[34m──██──[32m██████[34m──██──[34m──██──[32m██████[34m──██──[39m  
  [34m  ▕▏  [32m██████[34m  ▕▏  [34m  ▕▏  [32m██████[34m  ▕▏  [34m  ▕▏  [32m██████[34m  ▕▏  [39m  
  [34m  ▕▏  [34m  ▕▏  [34m  ▕▏  [34m  ▕▏  [34m  ▕▏  [34m  ▕▏  [34m  ▕▏  [34m  ▕▏  [34m  ▕▏  [39m  
  [34m──██──[34m──██──[34m──██──[34m──██──[34m──██──[34m──██──[34m──██──[34m──██──[34m──██──[39m  
  [34m  ▕▏  [34m  ▕▏  [34m  ▕▏  [34m  ▕▏  [34m  ▕▏  [34m  ▕▏  [34m  ▕▏  [34m  ▕▏  [34m  ▕▏  [39m  
  [34m  ▕▏  [34m  ▕▏  [34m  ▕▏  [31m██████[31m██████[31m██████[34m  ▕▏  [34m  ▕▏  [34m  ▕▏  [39m  
  [34m──██──[34m──██──[34m──██──[31m██████[31m██████[31m██████[34m──██──[34m──██──[34m──██──[39m  
  [34m  ▕▏  [34m  ▕▏  [34m  ▕▏  [31m██████[31m██████[31m██████[34m  ▕▏  [34m  ▕▏  [34m  ▕▏  [39m  
  [34m  ▕▏  [32m██████[34m  ▕▏  [31m██████[31m██████[31m██████[34m  ▕▏  [32m██████[34m  ▕▏  [39m  
  [34m──██──[32m██████[34m──██──[31m██████[31m██████[31m██████[34m──██──[32m██████[34m──██──[39m  
  [34m  ▕▏  [32m██████[34m  ▕▏  [31m██████[31m██████[31m██████[34m  ▕▏  [32m██████[34m  ▕▏  [39m  
  [34m  ▕▏  [34m  ▕▏  [34m  ▕▏  [31m██████[31m██████[31m██████[34m  ▕▏  [34m  ▕▏  [34m  ▕▏  [39m  
  [34m──██──[34m──██──[34m──██──[31m██████[31m██████[31m██████[34m──██──[34m──██──[34m──██──[39m  
  [34m  ▕▏  [34m  ▕▏  [34m  ▕▏  [31m██████[31m██████[31m██████[34m  ▕▏  [34m  ▕▏  [34m  ▕▏  [39m  
  [34m  ▕▏  [34m  ▕▏  [34m  ▕▏  [34m  ▕▏  [34m  ▕▏  [34m  ▕▏  [34m  ▕▏  [34m  ▕▏  [34m  ▕▏  [39m  
  [34m──██──[34m──██──[34m──██──[34m──██──[34m──██──[34m──██──[34m──██──[34m──██──[34m──██──[39m  
  [34m  ▕▏  [34m  ▕▏  [34m  ▕▏  [34m  ▕▏  [34m  ▕▏  [34m  ▕▏  [34m  ▕▏  [34m  ▕▏  [34m  ▕▏  [39m  
  [34m  ▕▏  [32m██████[34m  ▕▏  [34m  ▕▏  [32m██████[34m  ▕▏  [34m  ▕▏  [32m██████[34m  ▕▏  [39m  
  [34m──██──[32m██████[34m──██──[34m──██──[32m██████[34m──██──[34m──██──[32m██████[34m──██──[39m  
  [34m  ▕▏  [32m██████[34m  ▕▏  [34m  ▕▏  [32m██████[34m  ▕▏  [34m  ▕▏  [32m██████[34m  ▕▏  [39m  
  [34m  ▕▏  [34m  ▕▏  [34m  ▕▏  [34m  ▕▏  [34m  ▕▏  [34m  ▕▏  [34m  ▕▏  [34m  ▕▏  [34m  ▕▏  [39m  
  [34m──██──[34m──██──[34m──██──[34m──██──[34m──██──[34m──██──[34m──██──[34m──██──[34m──██──[39m  
  [34m  ▕▏  [34m  ▕▏  [34m  ▕▏  [34m  ▕▏  [34m  ▕▏  [34m  ▕▏  [34m  ▕▏  [34m  ▕▏  [34m  ▕▏  [39m  

AMR driver provided by CarpetX,
using AMReX 23.08 (MPI, OpenMP, no accelerators, debug)
--------------------------------------------------------------------------------

MPI initialized with 2 MPI processes
MPI initialized with thread support level 2
OMP initialized with 1 OMP threads
AMReX (23.08) initialized
INFO (CarpetX): 
Symmetries:
  lower x: none
  lower y: none
  lower z: none
  upper x: none
  upper y: none
  upper z: none
Default boundaries:
  lower x: dirichlet
  lower y: dirichlet
  lower z: dirichlet
  upper x: dirichlet
  upper y: dirichlet
  upper z: dirichlet
INFO (Arith): Test_smallvector
INFO (Arith): Test_spvect
INFO (CarpetX): Setting up initial conditions...
INFO (CarpetX): Iteration: 0   time: 0   delta_time: 0.03125
INFO (CarpetX): Patch 0:
INFO (CarpetX):   Grid extent:
INFO (CarpetX):     gsh=[35,35,35]
INFO (CarpetX):     blocking_factor=[8,8,8]
INFO (CarpetX):     max_grid_size=[32,32,32]
INFO (CarpetX):     max_tile_size=[1024000,16,32]
INFO (CarpetX):   Domain extent:
INFO (CarpetX):     xmin=[-1,-1,-1]
INFO (CarpetX):     xmax=[1,1,1]
INFO (CarpetX):     base dx=[0.0625,0.0625,0.0625]
INFO (CarpetX): Initializing level 0...
INFO (CarpetX): Regridding...
INFO (CarpetX):   level 0: 2 boxes, 32768 cells (100%)
INFO (CarpetX):   level 1: 2 boxes, 32768 cells (12.5%, 12%)
INFO (CarpetX): Iteration: 0   time: 0   delta_time: 0.015625
INFO (CarpetX): Initializing level 1...
INFO (CarpetX): Regridding...
INFO (CarpetX):   level 0: 2 boxes, 32768 cells (100%)
INFO (CarpetX):   level 1: 2 boxes, 32768 cells (12.5%, 12%)
INFO (CarpetX):   level 2: 2 boxes, 32768 cells (1.562%, 12%)
INFO (CarpetX): Iteration: 0   time: 0   delta_time: 0.0078125
INFO (CarpetX): Initializing level 2...
INFO (CarpetX): Regridding...
INFO (CarpetX):   level 0: 2 boxes, 32768 cells (100%)
INFO (CarpetX):   level 1: 2 boxes, 32768 cells (12.5%, 12%)
INFO (CarpetX):   level 2: 2 boxes, 32768 cells (1.562%, 12%)
INFO (CarpetX): Initialized 3 levels
INFO (CarpetX): OutputGH: iteration 0, time 0.000000, run time 1 s
INFO (CarpetX): OutputADIOS2...
INFO (CarpetX): OutputGH done.
INFO (CarpetX): Starting evolution...
INFO (CarpetX): Regridding...
INFO (CarpetX):   old levels 3, new levels 3
INFO (CarpetX):   level 0: 2 boxes, 32768 cells (100%)
INFO (CarpetX):   level 1: 2 boxes, 32768 cells (12.5%, 12%)
INFO (CarpetX):   level 2: 2 boxes, 32768 cells (1.562%, 12%)
INFO (CarpetX): OutputGH: iteration 1, time 0.007812, run time 1 s
INFO (CarpetX): OutputGH done.
INFO (CarpetX): Simulation time: 0.0078125   Iterations per second: 81.2472   Simulation time per second: 0.634744
INFO (CarpetX): Grid cells: 98304   Grid cell updates per second: 7.98692e+06
INFO (CarpetX): Performance:
INFO (CarpetX):   total evolution time:            0.0123081 sec
INFO (CarpetX):   total evolution compute time:    0.0122921 sec
INFO (CarpetX):   total evolution output time:     1.5974e-05 sec
INFO (CarpetX):   total iterations:                1
INFO (CarpetX):   total cells updated:             98304
INFO (CarpetX):   average iterations per second: 81.2472
INFO (CarpetX):   average cell updates per second: 7.98692e+06
INFO (CarpetX): Regridding...
INFO (CarpetX):   old levels 3, new levels 3
INFO (CarpetX):   level 0: 2 boxes, 32768 cells (100%)
INFO (CarpetX):   level 1: 2 boxes, 32768 cells (12.5%, 12%)
INFO (CarpetX):   level 2: 2 boxes, 32768 cells (1.562%, 12%)
INFO (CarpetX): OutputGH: iteration 2, time 0.015625, run time 1 s
INFO (CarpetX): OutputGH done.
INFO (CarpetX): Simulation time: 0.015625   Iterations per second: 79.732   Simulation time per second: 0.622907
INFO (CarpetX): Grid cells: 98304   Grid cell updates per second: 7.83798e+06
INFO (CarpetX): Performance:
INFO (CarpetX):   total evolution time:            0.0248501 sec
INFO (CarpetX):   total evolution compute time:    0.0248172 sec
INFO (CarpetX):   total evolution output time:     3.29018e-05 sec
INFO (CarpetX):   total iterations:                2
INFO (CarpetX):   total cells updated:             196608
INFO (CarpetX):   average iterations per second: 80.4825
INFO (CarpetX):   average cell updates per second: 7.91175e+06
INFO (CarpetX): Regridding...
INFO (CarpetX):   old levels 3, new levels 3
INFO (CarpetX):   level 0: 2 boxes, 32768 cells (100%)
INFO (CarpetX):   level 1: 2 boxes, 32768 cells (12.5%, 12%)
INFO (CarpetX):   level 2: 2 boxes, 32768 cells (1.562%, 12%)
INFO (CarpetX): OutputGH: iteration 3, time 0.023438, run time 1 s
INFO (CarpetX): OutputGH done.
INFO (CarpetX): Simulation time: 0.0234375   Iterations per second: 81.5061   Simulation time per second: 0.636766
INFO (CarpetX): Grid cells: 98304   Grid cell updates per second: 8.01238e+06
INFO (CarpetX): Performance:
INFO (CarpetX):   total evolution time:            0.0371192 sec
INFO (CarpetX):   total evolution compute time:    0.0370712 sec
INFO (CarpetX):   total evolution output time:     4.79221e-05 sec
INFO (CarpetX):   total iterations:                3
INFO (CarpetX):   total cells updated:             294912
INFO (CarpetX):   average iterations per second: 80.8208
INFO (CarpetX):   average cell updates per second: 7.94501e+06
INFO (CarpetX): Regridding...
INFO (CarpetX):   old levels 3, new levels 3
INFO (CarpetX):   level 0: 2 boxes, 32768 cells (100%)
INFO (CarpetX):   level 1: 2 boxes, 32768 cells (12.5%, 12%)
INFO (CarpetX):   level 2: 2 boxes, 32768 cells (1.562%, 12%)
INFO (CarpetX): OutputGH: iteration 4, time 0.031250, run time 1 s
INFO (CarpetX): OutputGH done.
INFO (CarpetX): Simulation time: 0.03125   Iterations per second: 81.4254   Simulation time per second: 0.636136
INFO (CarpetX): Grid cells: 98304   Grid cell updates per second: 8.00444e+06
INFO (CarpetX): Performance:
INFO (CarpetX):   total evolution time:            0.0494003 sec
INFO (CarpetX):   total evolution compute time:    0.0493383 sec
INFO (CarpetX):   total evolution output time:     6.19888e-05 sec
INFO (CarpetX):   total iterations:                4
INFO (CarpetX):   total cells updated:             393216
INFO (CarpetX):   average iterations per second: 80.9711
INFO (CarpetX):   average cell updates per second: 7.95978e+06
INFO (CarpetX): Regridding...
INFO (CarpetX):   old levels 3, new levels 3
INFO (CarpetX):   level 0: 2 boxes, 32768 cells (100%)
INFO (CarpetX):   level 1: 2 boxes, 32768 cells (12.5%, 12%)
INFO (CarpetX):   level 2: 2 boxes, 32768 cells (1.562%, 12%)
INFO (CarpetX): OutputGH: iteration 5, time 0.039062, run time 1 s
INFO (CarpetX): OutputGH done.
INFO (CarpetX): Simulation time: 0.0390625   Iterations per second: 81.5521   Simulation time per second: 0.637125
INFO (CarpetX): Grid cells: 98304   Grid cell updates per second: 8.01689e+06
INFO (CarpetX): Performance:
INFO (CarpetX):   total evolution time:            0.0616624 sec
INFO (CarpetX):   total evolution compute time:    0.0615864 sec
INFO (CarpetX):   total evolution output time:     7.60555e-05 sec
INFO (CarpetX):   total iterations:                5
INFO (CarpetX):   total cells updated:             491520
INFO (CarpetX):   average iterations per second: 81.0866
INFO (CarpetX):   average cell updates per second: 7.97114e+06
INFO (CarpetX): Regridding...
INFO (CarpetX):   old levels 3, new levels 3
INFO (CarpetX):   level 0: 2 boxes, 32768 cells (100%)
INFO (CarpetX):   level 1: 2 boxes, 32768 cells (12.5%, 12%)
INFO (CarpetX):   level 2: 2 boxes, 32768 cells (1.562%, 12%)
INFO (CarpetX): OutputGH: iteration 6, time 0.046875, run time 1 s
INFO (CarpetX): OutputGH done.
INFO (CarpetX): Simulation time: 0.046875   Iterations per second: 81.7731   Simulation time per second: 0.638852
INFO (CarpetX): Grid cells: 98304   Grid cell updates per second: 8.03862e+06
INFO (CarpetX): Performance:
INFO (CarpetX):   total evolution time:            0.0738914 sec
INFO (CarpetX):   total evolution compute time:    0.0738013 sec
INFO (CarpetX):   total evolution output time:     9.01222e-05 sec
INFO (CarpetX):   total iterations:                6
INFO (CarpetX):   total cells updated:             589824
INFO (CarpetX):   average iterations per second: 81.2002
INFO (CarpetX):   average cell updates per second: 7.98231e+06
INFO (CarpetX): Regridding...
INFO (CarpetX):   old levels 3, new levels 3
INFO (CarpetX):   level 0: 2 boxes, 32768 cells (100%)
INFO (CarpetX):   level 1: 2 boxes, 32768 cells (12.5%, 12%)
INFO (CarpetX):   level 2: 2 boxes, 32768 cells (1.562%, 12%)
INFO (CarpetX): OutputGH: iteration 7, time 0.054688, run time 1 s
INFO (CarpetX): OutputGH done.
INFO (CarpetX): Simulation time: 0.0546875   Iterations per second: 81.5394   Simulation time per second: 0.637026
INFO (CarpetX): Grid cells: 98304   Grid cell updates per second: 8.01565e+06
INFO (CarpetX): Performance:
INFO (CarpetX):   total evolution time:            0.0861554 sec
INFO (CarpetX):   total evolution compute time:    0.0860503 sec
INFO (CarpetX):   total evolution output time:     0.000105143 sec
INFO (CarpetX):   total iterations:                7
INFO (CarpetX):   total cells updated:             688128
INFO (CarpetX):   average iterations per second: 81.2485
INFO (CarpetX):   average cell updates per second: 7.98705e+06
INFO (CarpetX): Regridding...
INFO (CarpetX):   old levels 3, new levels 3
INFO (CarpetX):   level 0: 2 boxes, 32768 cells (100%)
INFO (CarpetX):   level 1: 2 boxes, 32768 cells (12.5%, 12%)
INFO (CarpetX):   level 2: 2 boxes, 32768 cells (1.562%, 12%)
INFO (CarpetX): OutputGH: iteration 8, time 0.062500, run time 1 s
INFO (CarpetX): OutputGH done.
INFO (CarpetX): Simulation time: 0.0625   Iterations per second: 77.6709   Simulation time per second: 0.606804
INFO (CarpetX): Grid cells: 98304   Grid cell updates per second: 7.63536e+06
INFO (CarpetX): Performance:
INFO (CarpetX):   total evolution time:            0.0990303 sec
INFO (CarpetX):   total evolution compute time:    0.0989091 sec
INFO (CarpetX):   total evolution output time:     0.000121117 sec
INFO (CarpetX):   total iterations:                8
INFO (CarpetX):   total cells updated:             786432
INFO (CarpetX):   average iterations per second: 80.7834
INFO (CarpetX):   average cell updates per second: 7.94133e+06
INFO (CarpetX): Regridding...
INFO (CarpetX):   old levels 3, new levels 3
INFO (CarpetX):   level 0: 2 boxes, 32768 cells (100%)
INFO (CarpetX):   level 1: 2 boxes, 32768 cells (12.5%, 12%)
INFO (CarpetX):   level 2: 2 boxes, 32768 cells (1.562%, 12%)
INFO (CarpetX): OutputGH: iteration 9, time 0.070312, run time 1 s
INFO (CarpetX): OutputGH done.
INFO (CarpetX): Simulation time: 0.0703125   Iterations per second: 78.9888   Simulation time per second: 0.6171
INFO (CarpetX): Grid cells: 98304   Grid cell updates per second: 7.76491e+06
INFO (CarpetX): Performance:
INFO (CarpetX):   total evolution time:            0.11169 sec
INFO (CarpetX):   total evolution compute time:    0.111554 sec
INFO (CarpetX):   total evolution output time:     0.000136137 sec
INFO (CarpetX):   total iterations:                9
INFO (CarpetX):   total cells updated:             884736
INFO (CarpetX):   average iterations per second: 80.58
INFO (CarpetX):   average cell updates per second: 7.92133e+06
INFO (CarpetX): Regridding...
INFO (CarpetX):   old levels 3, new levels 3
INFO (CarpetX):   level 0: 2 boxes, 32768 cells (100%)
INFO (CarpetX):   level 1: 2 boxes, 32768 cells (12.5%, 12%)
INFO (CarpetX):   level 2: 2 boxes, 32768 cells (1.562%, 12%)
INFO (CarpetX): OutputGH: iteration 10, time 0.078125, run time 1 s
INFO (CarpetX): OutputADIOS2...
INFO (CarpetX): OutputGH done.
INFO (CarpetX): Simulation time: 0.078125   Iterations per second: 37.1802   Simulation time per second: 0.290471
INFO (CarpetX): Grid cells: 98304   Grid cell updates per second: 3.65497e+06
INFO (CarpetX): Performance:
INFO (CarpetX):   total evolution time:            0.138586 sec
INFO (CarpetX):   total evolution compute time:    0.12376 sec
INFO (CarpetX):   total evolution output time:     0.0148261 sec
INFO (CarpetX):   total iterations:                10
INFO (CarpetX):   total cells updated:             983040
INFO (CarpetX):   average iterations per second: 72.1572
INFO (CarpetX):   average cell updates per second: 7.09334e+06
INFO (CarpetX): Shutting down...
AMReX (23.08) finalized
--------------------------------------------------------------------------------
Done.
+ echo Stopping:
Stopping:
+ date
Wed Nov  1 01:50:23 UTC 2023
+ echo Done.
Done.
  Elapsed time: 1.0 s
