/home/runner/simulations/TestJob01_temp_2/output-0000/TEST/sim/MemSpeed
Preparing:
+ set -e
+ cd output-0000-active
+ echo Checking:
Checking:
+ pwd
/home/runner/simulations/TestJob01_temp_2/output-0000/TEST/sim/MemSpeed/output-0000-active
+ hostname
fv-az1536-751
+ date
Tue Jun  4 00:20:42 UTC 2024
+ echo Environment:
Environment:
+ export CACTUS_NUM_PROCS=2
+ CACTUS_NUM_PROCS=2
+ export CACTUS_NUM_THREADS=1
+ CACTUS_NUM_THREADS=1
+ export GMON_OUT_PREFIX=gmon.out
+ GMON_OUT_PREFIX=gmon.out
+ export OMP_NUM_THREADS=1
+ OMP_NUM_THREADS=1
+ env
+ sort
+ echo Starting:
Starting:
++ date +%s
+ export CACTUS_STARTTIME=1717460442
+ CACTUS_STARTTIME=1717460442
+ '[' 2 = 1 ']'
+ mpirun -np 2 /home/runner/simulations/TestJob01_temp_2/SIMFACTORY/exe/cactus_sim -L 3 /home/runner/simulations/TestJob01_temp_2/output-0000/arrangements/CactusUtils/MemSpeed/test/memspeed.par
INFO (Cactus): Increased logging level from 0 to 3
--------------------------------------------------------------------------------

       10                                  
  1   0101       ************************  
  01  1010 10      The Cactus Code V4.15.0    
 1010 1101 011      www.cactuscode.org     
  1001 100101    ************************  
    00010101                               
     100011     (c) Copyright The Authors  
      0100      GNU Licensed. No Warranty  
      0101                                 
--------------------------------------------------------------------------------

Cactus version:    4.15.0
Compile date:      Jun 03 2024 (23:52:42)
Run date:          Jun 04 2024 (00:20:43+0000)
Run host:          fv-az1536-751 (pid=140193)
Working directory: /home/runner/simulations/TestJob01_temp_2/output-0000/TEST/sim/MemSpeed
Executable:        /home/runner/simulations/TestJob01_temp_2/SIMFACTORY/exe/cactus_sim
Parameter file:    /home/runner/simulations/TestJob01_temp_2/output-0000/arrangements/CactusUtils/MemSpeed/test/memspeed.par
--------------------------------------------------------------------------------

Activating thorn Cactus...Success -> active implementation Cactus
Activation requested for 
--->hwloc MemSpeed SystemTopology CartGrid3D CoordBase IOASCII IOUtil PUGH PUGHSlab<---
Thorn hwloc requests automatic activation of zlib
Thorn MemSpeed requests automatic activation of Vectors
Thorn MemSpeed requests automatic activation of MPI
Activating thorn CartGrid3D...Success -> active implementation grid
Activating thorn CoordBase...Success -> active implementation CoordBase
Activating thorn hwloc...Success -> active implementation hwloc
Activating thorn IOASCII...Success -> active implementation IOASCII
Activating thorn IOUtil...Success -> active implementation IO
Activating thorn MemSpeed...Success -> active implementation MemSpeed
Activating thorn MPI...Success -> active implementation MPI
Activating thorn PUGH...Success -> active implementation Driver
Activating thorn PUGHSlab...Success -> active implementation Hyperslab
Activating thorn SystemTopology...Success -> active implementation SystemTopology
Activating thorn Vectors...Success -> active implementation Vectors
Activating thorn zlib...Success -> active implementation zlib
--------------------------------------------------------------------------------
  if (recover initial data)
    Recover parameters
  endif

  Startup routines
    [CCTK_STARTUP]
      CartGrid3D::SymmetryStartup: Register GH Extension for GridSymmetry
      CoordBase::CoordBase_Startup: Register a GH extension to store the coordinate system handles
      GROUP hwloc_startup: hwloc startup group
        hwloc::hwloc_version: Output hwloc version
      SystemTopology::ST_system_topology: Output and/or modify system topology and hardware locality
      PUGH::Driver_Startup: Startup routine
      PUGH::PUGH_RegisterPUGHP2LRoutines: Register Physical to Logical process mapping routines
      PUGH::PUGH_RegisterPUGHTopologyRoutines: Register topology generation routines routines
      IOUtil::IOUtil_Startup: Startup routine
      Vectors::Vectors_Startup: Print startup message
      IOASCII::IOASCII_Startup: Startup routine

  Startup routines which need an existing grid hierarchy
    [CCTK_WRAGH]
      CartGrid3D::RegisterCartGrid3DCoords: [meta] Register coordinates for the Cartesian grid
      MemSpeed::MemSpeed_MeasureSpeed: [meta] Measure CPU, memory, cache speeds
  Parameter checking routines
    [CCTK_PARAMCHECK]
      CartGrid3D::ParamCheck_CartGrid3D: Check coordinates for CartGrid3D
      Vectors::Vectors_Test: Run correctness tests.

  Initialisation
    if (NOT (recover initial data AND recovery_mode is 'strict'))
      [CCTK_PREREGRIDINITIAL]
      Set up grid hierarchy
      [CCTK_POSTREGRIDINITIAL]
        CartGrid3D::SpatialCoordinates: Set Coordinates after regridding
      [CCTK_BASEGRID]
        CartGrid3D::SpatialSpacings: Set up ranges for spatial 3D Cartesian coordinates (on all grids)
        CartGrid3D::SpatialCoordinates: Set up spatial 3D Cartesian coordinates on the GH
        IOASCII::IOASCII_Choose1D: Choose 1D output lines
        IOASCII::IOASCII_Choose2D: Choose 2D output planes
        PUGH::PUGH_Report: Report on PUGH set up
      [CCTK_INITIAL]
      [CCTK_POSTINITIAL]
      Initialise finer grids recursively
      Restrict from finer grids
      [CCTK_POSTRESTRICTINITIAL]
      [CCTK_POSTPOSTINITIAL]
      [CCTK_POSTSTEP]
    endif
    if (recover initial data)
      [CCTK_BASEGRID]
        CartGrid3D::SpatialSpacings: Set up ranges for spatial 3D Cartesian coordinates (on all grids)
        CartGrid3D::SpatialCoordinates: Set up spatial 3D Cartesian coordinates on the GH
        IOASCII::IOASCII_Choose1D: Choose 1D output lines
        IOASCII::IOASCII_Choose2D: Choose 2D output planes
        PUGH::PUGH_Report: Report on PUGH set up
      [CCTK_RECOVER_VARIABLES]
      [CCTK_POST_RECOVER_VARIABLES]
    endif
    if (checkpoint initial data)
      [CCTK_CPINITIAL]
    endif
    if (analysis)
      [CCTK_ANALYSIS]
  endif
  Output grid variables

  do loop over timesteps
    [CCTK_PREREGRID]
    Change grid hierarchy
    [CCTK_POSTREGRID]
      CartGrid3D::SpatialCoordinates: Set Coordinates after regridding
    Rotate timelevels
    iteration = iteration+1
    t = t+dt
    [CCTK_PRESTEP]
    [CCTK_EVOL]
    Evolve finer grids recursively
    Restrict from finer grids
    [CCTK_POSTRESTRICT]
    [CCTK_POSTSTEP]
    if (checkpoint)
      [CCTK_CHECKPOINT]
    endif
    if (analysis)
      [CCTK_ANALYSIS]
    endif
    Output grid variables
    enddo

  Termination routines
    [CCTK_TERMINATE]
      PUGH::Driver_Terminate: Termination routine

  Shutdown routines
    [CCTK_SHUTDOWN]

  Routines run after changing the grid hierarchy:
    [CCTK_POSTREGRID]
      CartGrid3D::SpatialCoordinates: Set Coordinates after regridding
--------------------------------------------------------------------------------
INFO (hwloc): library version 2.7.0, API version 0x20500
INFO (SystemTopology): MPI process-to-host mapping:
This is MPI process 0 of 2
MPI hosts:
  0: fv-az1536-751
This MPI process runs on host 0 of 1
On this host, this is MPI process 0 of 2
INFO (SystemTopology): Topology support:
Discovery support:
  discovery->pu                            : yes
CPU binding support:
  cpubind->set_thisproc_cpubind            : yes
  cpubind->get_thisproc_cpubind            : yes
  cpubind->set_proc_cpubind                : yes
  cpubind->get_proc_cpubind                : yes
  cpubind->set_thisthread_cpubind          : yes
  cpubind->get_thisthread_cpubind          : yes
  cpubind->set_thread_cpubind              : yes
  cpubind->get_thread_cpubind              : yes
  cpubind->get_thisproc_last_cpu_location  : yes
  cpubind->get_proc_last_cpu_location      : yes
  cpubind->get_thisthread_last_cpu_location: yes
Memory binding support:
  membind->set_thisproc_membind            : no
  membind->get_thisproc_membind            : no
  membind->set_proc_membind                : no
  membind->get_proc_membind                : no
  membind->set_thisthread_membind          : yes
  membind->get_thisthread_membind          : yes
  membind->set_area_membind                : yes
  membind->get_area_membind                : yes
  membind->alloc_membind                   : yes
  membind->firsttouch_membind              : yes
  membind->bind_membind                    : yes
  membind->interleave_membind              : yes
  membind->nexttouch_membind               : no
  membind->migrate_membind                 : yes
INFO (SystemTopology): Hardware objects in this node:
Machine L#0: (P#0, total=16364604KB, DMIProductName="Virtual Machine", DMIProductVersion=7.0, DMIProductUUID=970c3dd0-27d4-d340-9aa4-e23455126a09, DMIBoardVendor="Microsoft Corporation", DMIBoardName="Virtual Machine", DMIBoardVersion=7.0, DMIChassisVendor="Microsoft Corporation", DMIChassisType=3, DMIChassisVersion=7.0, DMIChassisAssetTag=7783-7084-3265-9085-8269-3286-77, DMIBIOSVendor="American Megatrends Inc.", DMIBIOSVersion="090008 ", DMIBIOSDate=12/07/2018, DMISysVendor="Microsoft Corporation", Backend=Linux, LinuxCgroup=/system.slice/runner-provisioner.service, OSName=Linux, OSRelease=6.5.0-1021-azure, OSVersion="#22~22.04.1-Ubuntu SMP Tue Apr 30 16:08:18 UTC 2024", HostName=fv-az1536-751, Architecture=x86_64, hwlocVersion=2.7.0, ProcessName=cactus_sim)
  Package L#0: (P#0, total=16364604KB, CPUVendor=AuthenticAMD, CPUFamilyNumber=25, CPUModelNumber=1, CPUModel="AMD EPYC 7763 64-Core Processor                ", CPUStepping=1)
    L3Cache L#0: (P#0, size=32768KB, linesize=64, ways=16, Inclusive=0)
      L2Cache L#0: (P#0, size=512KB, linesize=64, ways=8, Inclusive=1)
        L1dCache L#0: (P#0, size=32KB, linesize=64, ways=8, Inclusive=0)
          Core L#0: (P#0)
            PU L#0: (P#0)
            PU L#1: (P#1)
      L2Cache L#1: (P#1, size=512KB, linesize=64, ways=8, Inclusive=1)
        L1dCache L#1: (P#1, size=32KB, linesize=64, ways=8, Inclusive=0)
          Core L#1: (P#1)
            PU L#2: (P#2)
            PU L#3: (P#3)
INFO (SystemTopology): Thread CPU bindings:
  MPI process 0 on host 0 (process 0 of 2 on this host)
    OpenMP thread 0: PU set L#{0-1} P#{0-1}
  MPI process 1 on host 0 (process 1 of 2 on this host)
    OpenMP thread 0: PU set L#{2-3} P#{2-3}
INFO (SystemTopology): Setting thread CPU bindings:
INFO (SystemTopology): Thread CPU bindings:
  MPI process 0 on host 0 (process 0 of 2 on this host)
    OpenMP thread 0: PU set L#{0} P#{0}
  MPI process 1 on host 0 (process 1 of 2 on this host)
    OpenMP thread 0: PU set L#{2} P#{2}
INFO (SystemTopology): Extracting CPU/cache/memory properties:
  There are 2 PUs per core (aka hardware SMT threads)
  There are 1 threads per core (aka SMT threads used)
  Cache (unknown name) has type "data" depth 1
    size 32768 linesize 64 associativity 8 stride 4096, for 2 PUs
  Cache (unknown name) has type "unified" depth 2
    size 524288 linesize 64 associativity 8 stride 65536, for 2 PUs
  Cache (unknown name) has type "unified" depth 3
    size 33554432 linesize 64 associativity 16 stride 2097152, for 4 PUs
INFO (PUGH): Using physical to logical mappings: direct
INFO (PUGH): Using topology generator: automatic
INFO (Vectors): Using vector size 2 for architecture SSE2 (64-bit precision)
--------------------------------------------------------------------------------
Driver provided by PUGH
--------------------------------------------------------------------------------

INFO (PUGH): Not setting up a topology for 1 dimensions
INFO (PUGH): Not setting up a topology for 2 dimensions
INFO (PUGH): Setting up a topology for 3 dimensions
INFO (IOASCII): I/O Method 'IOASCII_1D' registered: output of 1D lines of grid functions/arrays to ASCII files
INFO (IOASCII): Periodic 1D output every 1 iterations
INFO (IOASCII): Periodic 1D output requested for 'GRID::r'
INFO (IOASCII): I/O Method 'IOASCII_2D' registered: output of 2D planes of grid functions/arrays to ASCII files
INFO (IOASCII): Periodic 2D output turned off
INFO (IOASCII): I/O Method 'IOASCII_3D' registered: output of 3D grid functions/arrays to ASCII files
INFO (IOASCII): Periodic 3D output turned off
INFO (MemSpeed): Measuring CPU, cache, memory, and communication speeds:
  Single-core measurements (using 1 MPI processes with 1 OpenMP threads each):
    CPU frequency:
      iterations=1000000... time=0.0012511 sec
      iterations=10000000... time=0.0124947 sec
      iterations=100000000... time=0.124044 sec
      iterations=900000000... time=1.11459 sec
      iterations=900000000... time=0.83795 sec
      result: 6.50662 GHz
    CPU floating point performance:
      iterations=1000000... time=0.00198091 sec
      iterations=10000000... time=0.0197443 sec
      iterations=100000000... time=0.197359 sec
      iterations=600000000... time=1.18454 sec
      result: 16.2088 Gflop/sec
    CPU integer performance:
      iterations=1000000... time=0.0018973 sec
      iterations=10000000... time=0.0186398 sec
      iterations=100000000... time=0.186741 sec
      iterations=600000000... time=1.11479 sec
      result: 8.61151 Giop/sec
    Read latency of D1 cache (for 2 PUs) (using 1*24576 bytes):
      iterations=1000... time=0.000125153 sec
      iterations=10000... time=0.00124128 sec
      iterations=100000... time=0.0123793 sec
      iterations=1000000... time=0.123681 sec
      iterations=9000000... time=1.11362 sec
      result: 1.23735 nsec
    Read latency of L2 cache (for 2 PUs) (using 1*393216 bytes):
      iterations=1000... time=0.000520029 sec
      iterations=10000... time=0.00466772 sec
      iterations=100000... time=0.0464202 sec
      iterations=1000000... time=0.463393 sec
      iterations=2000000... time=0.927543 sec
      iterations=4000000... time=1.85842 sec
      result: 4.64605 nsec
    Read latency of L3 cache (for 4 PUs) (using 1*25165824 bytes):
      [skipped -- avoiding large-memory benchmarks]
    Read bandwidth of D1 cache (for 2 PUs) (using 1*24576 bytes):
      iterations=1... time=8.11e-07 sec
      iterations=10... time=4.258e-06 sec
      iterations=100... time=3.9674e-05 sec
      iterations=1000... time=0.000258943 sec
      iterations=10000... time=0.00246296 sec
      iterations=100000... time=0.0243627 sec
      iterations=1000000... time=0.243955 sec
      iterations=5000000... time=1.22132 sec
      result: 100.612 GByte/sec
    Read bandwidth of L2 cache (for 2 PUs) (using 1*393216 bytes):
      iterations=1... time=6.792e-06 sec
      iterations=10... time=6.1585e-05 sec
      iterations=100... time=0.000475066 sec
      iterations=1000... time=0.0046292 sec
      iterations=10000... time=0.0464269 sec
      iterations=100000... time=0.463093 sec
      iterations=200000... time=0.910086 sec
      iterations=400000... time=1.83086 sec
      result: 85.9083 GByte/sec
    Read bandwidth of L3 cache (for 4 PUs) (using 1*25165824 bytes):
      [skipped -- avoiding large-memory benchmarks]
    Write latency of D1 cache (for 2 PUs) (using 1*24576 bytes):
      iterations=1000... time=3.536e-06 sec
      iterations=10000... time=3.5777e-05 sec
      iterations=100000... time=0.000260085 sec
      iterations=1000000... time=0.00249232 sec
      iterations=10000000... time=0.0247598 sec
      iterations=100000000... time=0.247605 sec
      iterations=400000000... time=0.992734 sec
      iterations=800000000... time=1.98175 sec
      result: 0.309648 nsec
    Write latency of L2 cache (for 2 PUs) (using 1*393216 bytes):
      iterations=1000... time=1.3566e-05 sec
      iterations=10000... time=0.000109975 sec
      iterations=100000... time=0.00106254 sec
      iterations=1000000... time=0.0108233 sec
      iterations=10000000... time=0.108305 sec
      iterations=100000000... time=1.09899 sec
      result: 1.37374 nsec
    Write latency of L3 cache (for 4 PUs) (using 1*25165824 bytes):
      [skipped -- avoiding large-memory benchmarks]
    Write bandwidth of D1 cache (for 2 PUs) (using 1*24576 bytes):
      iterations=1... time=4.61e-07 sec
      iterations=10... time=3.877e-06 sec
      iterations=100... time=4.258e-05 sec
      iterations=1000... time=0.000315548 sec
      iterations=10000... time=0.0027779 sec
      iterations=100000... time=0.0277048 sec
      iterations=1000000... time=0.278369 sec
      iterations=4000000... time=1.11527 sec
      result: 88.1437 GByte/sec
    Write bandwidth of L2 cache (for 2 PUs) (using 1*393216 bytes):
      iterations=1... time=1.0159e-05 sec
      iterations=10... time=6.7185e-05 sec
      iterations=100... time=0.00046121 sec
      iterations=1000... time=0.00433105 sec
      iterations=10000... time=0.0436841 sec
      iterations=100000... time=0.431506 sec
      iterations=300000... time=1.29933 sec
      result: 90.7891 GByte/sec
    Write bandwidth of L3 cache (for 4 PUs) (using 1*25165824 bytes):
      [skipped -- avoiding large-memory benchmarks]
    Stencil code performance of D1 cache (for 2 PUs) (using 1*12^3 grid points, 1*27648 bytes):
      iterations=1... time=2.4616e-05 sec
      iterations=10... time=0.000306903 sec
      iterations=100... time=0.0029953 sec
      iterations=1000... time=0.0309912 sec
      iterations=10000... time=0.306642 sec
      iterations=40000... time=1.28511 sec
      result: 0.0537852 Gupdates/sec
    Stencil code performance of L2 cache (for 2 PUs) (using 1*29^3 grid points, 1*390224 bytes):
      iterations=1... time=0.000149579 sec
      iterations=10... time=0.00156676 sec
      iterations=100... time=0.015572 sec
      iterations=1000... time=0.154678 sec
      iterations=7000... time=1.09074 sec
      result: 0.15652 Gupdates/sec
    Stencil code performance of L3 cache (for 4 PUs) (using 1*116^3 grid points, 1*24974336 bytes):
      iterations=1... time=0.00396656 sec
      iterations=10... time=0.0388288 sec
      iterations=100... time=0.395037 sec
      iterations=300... time=1.172 sec
      result: 0.399548 Gupdates/sec
  Single-node measurements (using 2 MPI processes with 1 OpenMP threads each):
    CPU frequency:
      iterations=1000000... time=0.00123869 sec
      iterations=10000000... time=0.0123937 sec
      iterations=100000000... time=0.123836 sec
      iterations=900000000... time=1.11461 sec
      iterations=900000000... time=0.838862 sec
      result: 6.52762 GHz
    CPU floating point performance:
      iterations=1000000... time=0.00197217 sec
      iterations=10000000... time=0.0197309 sec
      iterations=100000000... time=0.197316 sec
      iterations=600000000... time=1.18419 sec
      result: 16.2137 Gflop/sec
    CPU integer performance:
      iterations=1000000... time=0.00192666 sec
      iterations=10000000... time=0.0186477 sec
      iterations=100000000... time=0.187055 sec
      iterations=600000000... time=1.11543 sec
      result: 8.60653 Giop/sec
    Read latency of D1 cache (for 2 PUs) (using 2*24576 bytes):
      iterations=1000... time=0.000126596 sec
      iterations=10000... time=0.00124036 sec
      iterations=100000... time=0.0123763 sec
      iterations=1000000... time=0.123661 sec
      iterations=9000000... time=1.11329 sec
      result: 1.23699 nsec
    Read latency of L2 cache (for 2 PUs) (using 2*393216 bytes):
      iterations=1000... time=0.000512992 sec
      iterations=10000... time=0.00490447 sec
      iterations=100000... time=0.0491902 sec
      iterations=1000000... time=0.495803 sec
      iterations=2000000... time=0.993128 sec
      iterations=4000000... time=1.984 sec
      result: 4.96 nsec
    Read latency of L3 cache (for 4 PUs) (using 1*25165824 bytes):
      [skipped -- too many MPI processes]
    Read bandwidth of D1 cache (for 2 PUs) (using 2*24576 bytes):
      iterations=1... time=4.605e-07 sec
      iterations=10... time=3.8625e-06 sec
      iterations=100... time=3.29565e-05 sec
      iterations=1000... time=0.000253598 sec
      iterations=10000... time=0.00243933 sec
      iterations=100000... time=0.0243707 sec
      iterations=1000000... time=0.245066 sec
      iterations=4000000... time=0.976068 sec
      iterations=8000000... time=1.95316 sec
      result: 100.661 GByte/sec
    Read bandwidth of L2 cache (for 2 PUs) (using 2*393216 bytes):
      iterations=1... time=1.1647e-05 sec
      iterations=10... time=7.9929e-05 sec
      iterations=100... time=0.000509465 sec
      iterations=1000... time=0.0047047 sec
      iterations=10000... time=0.0476595 sec
      iterations=100000... time=0.480602 sec
      iterations=200000... time=0.960818 sec
      iterations=400000... time=1.93743 sec
      result: 81.1829 GByte/sec
    Read bandwidth of L3 cache (for 4 PUs) (using 1*25165824 bytes):
      [skipped -- too many MPI processes]
    Write latency of D1 cache (for 2 PUs) (using 2*24576 bytes):
      iterations=1000... time=3.602e-06 sec
      iterations=10000... time=3.1744e-05 sec
      iterations=100000... time=0.000260862 sec
      iterations=1000000... time=0.00249708 sec
      iterations=10000000... time=0.0247516 sec
      iterations=100000000... time=0.24759 sec
      iterations=400000000... time=0.991487 sec
      iterations=800000000... time=1.98527 sec
      result: 0.310198 nsec
    Write latency of L2 cache (for 2 PUs) (using 2*393216 bytes):
      iterations=1000... time=2.3749e-05 sec
      iterations=10000... time=0.000138904 sec
      iterations=100000... time=0.00102077 sec
      iterations=1000000... time=0.00996488 sec
      iterations=10000000... time=0.0997646 sec
      iterations=100000000... time=0.991478 sec
      iterations=200000000... time=2.02465 sec
      result: 1.26541 nsec
    Write latency of L3 cache (for 4 PUs) (using 1*25165824 bytes):
      [skipped -- too many MPI processes]
    Write bandwidth of D1 cache (for 2 PUs) (using 2*24576 bytes):
      iterations=1... time=5.255e-07 sec
      iterations=10... time=4.5285e-06 sec
      iterations=100... time=4.0806e-05 sec
      iterations=1000... time=0.000291995 sec
      iterations=10000... time=0.00279238 sec
      iterations=100000... time=0.0277326 sec
      iterations=1000000... time=0.278403 sec
      iterations=4000000... time=1.11016 sec
      result: 88.5493 GByte/sec
    Write bandwidth of L2 cache (for 2 PUs) (using 2*393216 bytes):
      iterations=1... time=1.53835e-05 sec
      iterations=10... time=8.97475e-05 sec
      iterations=100... time=0.000511058 sec
      iterations=1000... time=0.00450366 sec
      iterations=10000... time=0.0441214 sec
      iterations=100000... time=0.442116 sec
      iterations=200000... time=0.888431 sec
      iterations=400000... time=1.77854 sec
      result: 88.4356 GByte/sec
    Write bandwidth of L3 cache (for 4 PUs) (using 1*25165824 bytes):
      [skipped -- too many MPI processes]
    Stencil code performance of D1 cache (for 2 PUs) (using 1*12^3 grid points, 1*27648 bytes):
      [skipped -- too many MPI processes]
    Stencil code performance of L2 cache (for 2 PUs) (using 1*29^3 grid points, 1*390224 bytes):
      [skipped -- too many MPI processes]
    Stencil code performance of L3 cache (for 4 PUs) (using 1*116^3 grid points, 1*24974336 bytes):
      [skipped -- too many MPI processes]
  Single-node measurements:
    MPI latency: 631.5 nsec
    MPI bandwidth: 9.84743 GByte/sec
INFO (Vectors): Testing vectorisation... [errors may result in segfaults]
INFO (Vectors): 375/375 tests passed 
INFO (CartGrid3D): Grid Spacings:
INFO (CartGrid3D): dx=>1.1111111e-01  dy=>1.1111111e-01  dz=>1.1111111e-01
INFO (CartGrid3D): Computational Coordinates:
INFO (CartGrid3D): x=>[-0.500, 0.500]  y=>[-0.500, 0.500]  z=>[-0.500, 0.500]
INFO (CartGrid3D): Indices of Physical Coordinates:
INFO (CartGrid3D): x=>[0,9]  y=>[0,9]  z=>[0,9]
INFO (PUGH): MPI Evolution on 2 processors
INFO (PUGH): 3-dimensional grid functions
INFO (PUGH):   Size: 10 10 10
INFO (PUGH):   Processor topology: 2 x 1 x 1
INFO (PUGH):   Local load: 600   [6 x 10 x 10]
INFO (PUGH):   Maximum load skew: 0.000000
--------------------------------------------------------------------------------
Done.
+ echo Stopping:
Stopping:
+ date
Tue Jun  4 00:21:37 UTC 2024
+ echo Done.
Done.
  Elapsed time: 55.2 s
