/home/runner/simulations/TestJob01_temp_1/output-0000/TEST/sim/MemSpeed
Preparing:
+ set -e
+ cd output-0000-active
+ echo Checking:
Checking:
+ pwd
/home/runner/simulations/TestJob01_temp_1/output-0000/TEST/sim/MemSpeed/output-0000-active
+ hostname
fv-az451-807
+ date
Fri Jul 28 17:58:49 UTC 2023
+ echo Environment:
Environment:
+ export CACTUS_NUM_PROCS=1
+ CACTUS_NUM_PROCS=1
+ export CACTUS_NUM_THREADS=2
+ CACTUS_NUM_THREADS=2
+ export GMON_OUT_PREFIX=gmon.out
+ GMON_OUT_PREFIX=gmon.out
+ export OMP_NUM_THREADS=2
+ OMP_NUM_THREADS=2
+ env
+ sort
+ echo Starting:
Starting:
++ date +%s
+ export CACTUS_STARTTIME=1690567129
+ CACTUS_STARTTIME=1690567129
+ '[' 1 = 1 ']'
+ '[' 0 -eq 0 ']'
+ /home/runner/simulations/TestJob01_temp_1/SIMFACTORY/exe/cactus_sim -L 3 /home/runner/simulations/TestJob01_temp_1/output-0000/arrangements/CactusUtils/MemSpeed/test/memspeed.par
INFO (Cactus): Increased logging level from 0 to 3
--------------------------------------------------------------------------------

       10                                  
  1   0101       ************************  
  01  1010 10      The Cactus Code V4.14.0    
 1010 1101 011      www.cactuscode.org     
  1001 100101    ************************  
    00010101                               
     100011     (c) Copyright The Authors  
      0100      GNU Licensed. No Warranty  
      0101                                 
--------------------------------------------------------------------------------

Cactus version:    4.14.0
Compile date:      Jul 28 2023 (17:51:01)
Run date:          Jul 28 2023 (17:58:50+0000)
Run host:          fv-az451-807.zkhrb0euhfxurc1edhqu2t3cih.jx.internal.cloudapp.net (pid=101025)
Working directory: /home/runner/simulations/TestJob01_temp_1/output-0000/TEST/sim/MemSpeed
Executable:        /home/runner/simulations/TestJob01_temp_1/SIMFACTORY/exe/cactus_sim
Parameter file:    /home/runner/simulations/TestJob01_temp_1/output-0000/arrangements/CactusUtils/MemSpeed/test/memspeed.par
--------------------------------------------------------------------------------

Activating thorn Cactus...Success -> active implementation Cactus
Activation requested for 
--->hwloc MemSpeed SystemTopology CartGrid3D CoordBase IOASCII IOUtil PUGH PUGHSlab<---
Thorn hwloc requests automatic activation of zlib
Thorn MemSpeed requests automatic activation of Vectors
Thorn MemSpeed requests automatic activation of MPI
Activating thorn CartGrid3D...Success -> active implementation grid
Activating thorn CoordBase...Success -> active implementation CoordBase
Activating thorn hwloc...Success -> active implementation hwloc
Activating thorn IOASCII...Success -> active implementation IOASCII
Activating thorn IOUtil...Success -> active implementation IO
Activating thorn MemSpeed...Success -> active implementation MemSpeed
Activating thorn MPI...Success -> active implementation MPI
Activating thorn PUGH...Success -> active implementation Driver
Activating thorn PUGHSlab...Success -> active implementation Hyperslab
Activating thorn SystemTopology...Success -> active implementation SystemTopology
Activating thorn Vectors...Success -> active implementation Vectors
Activating thorn zlib...Success -> active implementation zlib
--------------------------------------------------------------------------------
  if (recover initial data)
    Recover parameters
  endif

  Startup routines
    [CCTK_STARTUP]
      CartGrid3D::SymmetryStartup: Register GH Extension for GridSymmetry
      CoordBase::CoordBase_Startup: Register a GH extension to store the coordinate system handles
      GROUP hwloc_startup: hwloc startup group
        hwloc::hwloc_version: Output hwloc version
      SystemTopology::ST_system_topology: Output and/or modify system topology and hardware locality
      PUGH::Driver_Startup: Startup routine
      PUGH::PUGH_RegisterPUGHP2LRoutines: Register Physical to Logical process mapping routines
      PUGH::PUGH_RegisterPUGHTopologyRoutines: Register topology generation routines routines
      IOUtil::IOUtil_Startup: Startup routine
      Vectors::Vectors_Startup: Print startup message
      IOASCII::IOASCII_Startup: Startup routine

  Startup routines which need an existing grid hierarchy
    [CCTK_WRAGH]
      CartGrid3D::RegisterCartGrid3DCoords: [meta] Register coordinates for the Cartesian grid
      MemSpeed::MemSpeed_MeasureSpeed: [meta] Measure CPU, memory, cache speeds
  Parameter checking routines
    [CCTK_PARAMCHECK]
      CartGrid3D::ParamCheck_CartGrid3D: Check coordinates for CartGrid3D
      Vectors::Vectors_Test: Run correctness tests.

  Initialisation
    if (NOT (recover initial data AND recovery_mode is 'strict'))
      [CCTK_PREREGRIDINITIAL]
      Set up grid hierarchy
      [CCTK_POSTREGRIDINITIAL]
        CartGrid3D::SpatialCoordinates: Set Coordinates after regridding
      [CCTK_BASEGRID]
        CartGrid3D::SpatialSpacings: Set up ranges for spatial 3D Cartesian coordinates (on all grids)
        CartGrid3D::SpatialCoordinates: Set up spatial 3D Cartesian coordinates on the GH
        IOASCII::IOASCII_Choose1D: Choose 1D output lines
        IOASCII::IOASCII_Choose2D: Choose 2D output planes
        PUGH::PUGH_Report: Report on PUGH set up
      [CCTK_INITIAL]
      [CCTK_POSTINITIAL]
      Initialise finer grids recursively
      Restrict from finer grids
      [CCTK_POSTRESTRICTINITIAL]
      [CCTK_POSTPOSTINITIAL]
      [CCTK_POSTSTEP]
    endif
    if (recover initial data)
      [CCTK_BASEGRID]
        CartGrid3D::SpatialSpacings: Set up ranges for spatial 3D Cartesian coordinates (on all grids)
        CartGrid3D::SpatialCoordinates: Set up spatial 3D Cartesian coordinates on the GH
        IOASCII::IOASCII_Choose1D: Choose 1D output lines
        IOASCII::IOASCII_Choose2D: Choose 2D output planes
        PUGH::PUGH_Report: Report on PUGH set up
      [CCTK_RECOVER_VARIABLES]
      [CCTK_POST_RECOVER_VARIABLES]
    endif
    if (checkpoint initial data)
      [CCTK_CPINITIAL]
    endif
    if (analysis)
      [CCTK_ANALYSIS]
  endif
  Output grid variables

  do loop over timesteps
    [CCTK_PREREGRID]
    Change grid hierarchy
    [CCTK_POSTREGRID]
      CartGrid3D::SpatialCoordinates: Set Coordinates after regridding
    Rotate timelevels
    iteration = iteration+1
    t = t+dt
    [CCTK_PRESTEP]
    [CCTK_EVOL]
    Evolve finer grids recursively
    Restrict from finer grids
    [CCTK_POSTRESTRICT]
    [CCTK_POSTSTEP]
    if (checkpoint)
      [CCTK_CHECKPOINT]
    endif
    if (analysis)
      [CCTK_ANALYSIS]
    endif
    Output grid variables
    enddo

  Termination routines
    [CCTK_TERMINATE]
      PUGH::Driver_Terminate: Termination routine

  Shutdown routines
    [CCTK_SHUTDOWN]

  Routines run after changing the grid hierarchy:
    [CCTK_POSTREGRID]
      CartGrid3D::SpatialCoordinates: Set Coordinates after regridding
--------------------------------------------------------------------------------
INFO (hwloc): library version 2.7.0, API version 0x20500
INFO (SystemTopology): MPI process-to-host mapping:
This is MPI process 0 of 1
MPI hosts:
  0: fv-az451-807
This MPI process runs on host 0 of 1
On this host, this is MPI process 0 of 1
INFO (SystemTopology): Topology support:
Discovery support:
  discovery->pu                            : yes
CPU binding support:
  cpubind->set_thisproc_cpubind            : yes
  cpubind->get_thisproc_cpubind            : yes
  cpubind->set_proc_cpubind                : yes
  cpubind->get_proc_cpubind                : yes
  cpubind->set_thisthread_cpubind          : yes
  cpubind->get_thisthread_cpubind          : yes
  cpubind->set_thread_cpubind              : yes
  cpubind->get_thread_cpubind              : yes
  cpubind->get_thisproc_last_cpu_location  : yes
  cpubind->get_proc_last_cpu_location      : yes
  cpubind->get_thisthread_last_cpu_location: yes
Memory binding support:
  membind->set_thisproc_membind            : no
  membind->get_thisproc_membind            : no
  membind->set_proc_membind                : no
  membind->get_proc_membind                : no
  membind->set_thisthread_membind          : yes
  membind->get_thisthread_membind          : yes
  membind->set_area_membind                : yes
  membind->get_area_membind                : yes
  membind->alloc_membind                   : yes
  membind->firsttouch_membind              : yes
  membind->bind_membind                    : yes
  membind->interleave_membind              : yes
  membind->nexttouch_membind               : no
  membind->migrate_membind                 : yes
INFO (SystemTopology): Hardware objects in this node:
Machine L#0: (P#0, total=7098320KB, DMIProductName="Virtual Machine", DMIProductVersion=7.0, DMIProductUUID=e1acf1b2-5960-fd47-8b86-48d82e9efa39, DMIBoardVendor="Microsoft Corporation", DMIBoardName="Virtual Machine", DMIBoardVersion=7.0, DMIChassisVendor="Microsoft Corporation", DMIChassisType=3, DMIChassisVersion=7.0, DMIChassisAssetTag=7783-7084-3265-9085-8269-3286-77, DMIBIOSVendor="American Megatrends Inc.", DMIBIOSVersion="090008 ", DMIBIOSDate=12/07/2018, DMISysVendor="Microsoft Corporation", Backend=Linux, LinuxCgroup=/system.slice/runner-provisioner.service, OSName=Linux, OSRelease=5.15.0-1041-azure, OSVersion="#48-Ubuntu SMP Tue Jun 20 20:34:08 UTC 2023", HostName=fv-az451-807, Architecture=x86_64, hwlocVersion=2.7.0, ProcessName=cactus_sim)
  Package L#0: (P#0, total=7098320KB, CPUVendor=GenuineIntel, CPUFamilyNumber=6, CPUModelNumber=85, CPUModel="Intel(R) Xeon(R) Platinum 8171M CPU @ 2.60GHz", CPUStepping=4)
    L3Cache L#0: (P#0, size=36608KB, linesize=64, ways=11, Inclusive=0)
      L2Cache L#0: (P#0, size=1024KB, linesize=64, ways=16, Inclusive=0)
        L1dCache L#0: (P#0, size=32KB, linesize=64, ways=8, Inclusive=0)
          Core L#0: (P#0)
            PU L#0: (P#0)
      L2Cache L#1: (P#1, size=1024KB, linesize=64, ways=16, Inclusive=0)
        L1dCache L#1: (P#1, size=32KB, linesize=64, ways=8, Inclusive=0)
          Core L#1: (P#1)
            PU L#1: (P#1)
INFO (SystemTopology): Thread CPU bindings:
  MPI process 0 on host 0 (process 0 of 1 on this host)
    OpenMP thread 0: PU set L#{0-1} P#{0-1}
    OpenMP thread 1: PU set L#{0-1} P#{0-1}
INFO (SystemTopology): Setting thread CPU bindings:
INFO (SystemTopology): Thread CPU bindings:
  MPI process 0 on host 0 (process 0 of 1 on this host)
    OpenMP thread 0: PU set L#{0} P#{0}
    OpenMP thread 1: PU set L#{1} P#{1}
INFO (SystemTopology): Extracting CPU/cache/memory properties:
  There are 1 PUs per core (aka hardware SMT threads)
  There are 1 threads per core (aka SMT threads used)
  Cache (unknown name) has type "data" depth 1
    size 32768 linesize 64 associativity 8 stride 4096, for 1 PUs
  Cache (unknown name) has type "unified" depth 2
    size 1048576 linesize 64 associativity 16 stride 65536, for 1 PUs
  Cache (unknown name) has type "unified" depth 3
    size 37486592 linesize 64 associativity 11 stride 3407872, for 2 PUs
INFO (PUGH): Using physical to logical mappings: direct
INFO (PUGH): Using topology generator: automatic
INFO (Vectors): Using vector size 2 for architecture SSE2 (64-bit precision)
--------------------------------------------------------------------------------
Driver provided by PUGH
--------------------------------------------------------------------------------

INFO (PUGH): Not setting up a topology for 1 dimensions
INFO (PUGH): Not setting up a topology for 2 dimensions
INFO (PUGH): Setting up a topology for 3 dimensions
INFO (IOASCII): I/O Method 'IOASCII_1D' registered: output of 1D lines of grid functions/arrays to ASCII files
INFO (IOASCII): Periodic 1D output every 1 iterations
INFO (IOASCII): Periodic 1D output requested for 'GRID::r'
INFO (IOASCII): I/O Method 'IOASCII_2D' registered: output of 2D planes of grid functions/arrays to ASCII files
INFO (IOASCII): Periodic 2D output turned off
INFO (IOASCII): I/O Method 'IOASCII_3D' registered: output of 3D grid functions/arrays to ASCII files
INFO (IOASCII): Periodic 3D output turned off
INFO (MemSpeed): Measuring CPU, cache, memory, and communication speeds:
  Single-core measurements (using 1 MPI processes with 1 OpenMP threads each):
    CPU frequency:
      iterations=1000000... time=0.00168468 sec
      iterations=10000000... time=0.0174265 sec
      iterations=100000000... time=0.162739 sec
      iterations=700000000... time=1.16943 sec
      iterations=700000000... time=1.16182 sec
      result: 184.082 GHz
    CPU floating point performance:
      iterations=1000000... time=0.00360808 sec
      iterations=10000000... time=0.0363588 sec
      iterations=100000000... time=0.365659 sec
      iterations=300000000... time=1.11533 sec
      result: 8.60729 Gflop/sec
    CPU integer performance:
      iterations=1000000... time=0.00225454 sec
      iterations=10000000... time=0.0230059 sec
      iterations=100000000... time=0.222369 sec
      iterations=500000000... time=1.13237 sec
      result: 7.0648 Giop/sec
    Read latency of D1 cache (for 1 PUs) (using 1*24576 bytes):
      iterations=1000... time=0.000161317 sec
      iterations=10000... time=0.00161297 sec
      iterations=100000... time=0.0162382 sec
      iterations=1000000... time=0.163772 sec
      iterations=7000000... time=1.12545 sec
      result: 1.60779 nsec
    Read latency of L2 cache (for 1 PUs) (using 1*786432 bytes):
      iterations=1000... time=0.00075788 sec
      iterations=10000... time=0.00744219 sec
      iterations=100000... time=0.0739727 sec
      iterations=1000000... time=0.73916 sec
      iterations=2000000... time=1.47842 sec
      result: 7.39211 nsec
    Read latency of L3 cache (for 2 PUs) (using 1*28114944 bytes):
      [skipped -- avoiding large-memory benchmarks]
    Read bandwidth of D1 cache (for 1 PUs) (using 1*24576 bytes):
      iterations=1... time=1.5e-06 sec
      iterations=10... time=4e-06 sec
      iterations=100... time=3.7303e-05 sec
      iterations=1000... time=0.000371739 sec
      iterations=10000... time=0.00373489 sec
      iterations=100000... time=0.0372541 sec
      iterations=1000000... time=0.372549 sec
      iterations=3000000... time=1.11825 sec
      result: 65.9318 GByte/sec
    Read bandwidth of L2 cache (for 1 PUs) (using 1*786432 bytes):
      iterations=1... time=2.4302e-05 sec
      iterations=10... time=0.000204022 sec
      iterations=100... time=0.00195001 sec
      iterations=1000... time=0.0192885 sec
      iterations=10000... time=0.192866 sec
      iterations=60000... time=1.15485 sec
      result: 40.859 GByte/sec
    Read bandwidth of L3 cache (for 2 PUs) (using 1*28114944 bytes):
      [skipped -- avoiding large-memory benchmarks]
    Write latency of D1 cache (for 1 PUs) (using 1*24576 bytes):
      iterations=1000... time=3.5e-06 sec
      iterations=10000... time=3.2603e-05 sec
      iterations=100000... time=0.000321333 sec
      iterations=1000000... time=0.00321154 sec
      iterations=10000000... time=0.0321607 sec
      iterations=100000000... time=0.321673 sec
      iterations=300000000... time=0.965452 sec
      iterations=600000000... time=1.93038 sec
      result: 0.402162 nsec
    Write latency of L2 cache (for 1 PUs) (using 1*786432 bytes):
      iterations=1000... time=3.3603e-05 sec
      iterations=10000... time=0.000174519 sec
      iterations=100000... time=0.00169058 sec
      iterations=1000000... time=0.0169855 sec
      iterations=10000000... time=0.169668 sec
      iterations=60000000... time=1.01781 sec
      result: 2.12044 nsec
    Write latency of L3 cache (for 2 PUs) (using 1*28114944 bytes):
      [skipped -- avoiding large-memory benchmarks]
    Write bandwidth of D1 cache (for 1 PUs) (using 1*24576 bytes):
      iterations=1... time=8e-07 sec
      iterations=10... time=7.301e-06 sec
      iterations=100... time=3.3604e-05 sec
      iterations=1000... time=0.000179719 sec
      iterations=10000... time=0.00180269 sec
      iterations=100000... time=0.0180231 sec
      iterations=1000000... time=0.180221 sec
      iterations=6000000... time=1.08198 sec
      result: 136.284 GByte/sec
    Write bandwidth of L2 cache (for 1 PUs) (using 1*786432 bytes):
      iterations=1... time=2.7103e-05 sec
      iterations=10... time=0.000275329 sec
      iterations=100... time=0.00276259 sec
      iterations=1000... time=0.0273163 sec
      iterations=10000... time=0.251248 sec
      iterations=40000... time=0.802771 sec
      iterations=80000... time=1.46989 sec
      result: 42.8023 GByte/sec
    Write bandwidth of L3 cache (for 2 PUs) (using 1*28114944 bytes):
      [skipped -- avoiding large-memory benchmarks]
    Stencil code performance of D1 cache (for 1 PUs) (using 1*12^3 grid points, 1*27648 bytes):
      iterations=1... time=1.7802e-05 sec
      iterations=10... time=0.000246626 sec
      iterations=100... time=0.00250056 sec
      iterations=1000... time=0.0251831 sec
      iterations=10000... time=0.248834 sec
      iterations=40000... time=0.995286 sec
      iterations=80000... time=1.98616 sec
      result: 0.0696015 Gupdates/sec
    Stencil code performance of L2 cache (for 1 PUs) (using 1*37^3 grid points, 1*810448 bytes):
      iterations=1... time=0.000208122 sec
      iterations=10... time=0.00201741 sec
      iterations=100... time=0.0197996 sec
      iterations=1000... time=0.198043 sec
      iterations=6000... time=1.19158 sec
      result: 0.255054 Gupdates/sec
    Stencil code performance of L3 cache (for 2 PUs) (using 1*121^3 grid points, 1*28344976 bytes):
      iterations=1... time=0.00533316 sec
      iterations=10... time=0.0543155 sec
      iterations=100... time=0.540146 sec
      iterations=200... time=1.07429 sec
      result: 0.329811 Gupdates/sec
  Single-node measurements (using 1 MPI processes with 2 OpenMP threads each):
    CPU frequency:
      iterations=1000000... time=0.00161097 sec
      iterations=10000000... time=0.016254 sec
      iterations=100000000... time=0.161796 sec
      iterations=700000000... time=1.14723 sec
      iterations=700000000... time=1.1574 sec
      result: -137.691 GHz
    CPU floating point performance:
      iterations=1000000... time=0.0038647 sec
      iterations=10000000... time=0.0367651 sec
      iterations=100000000... time=0.368413 sec
      iterations=300000000... time=1.10492 sec
      result: 8.68843 Gflop/sec
    CPU integer performance:
      iterations=1000000... time=0.00228704 sec
      iterations=10000000... time=0.0223926 sec
      iterations=100000000... time=0.223101 sec
      iterations=500000000... time=1.11463 sec
      result: 7.17726 Giop/sec
    Read latency of D1 cache (for 1 PUs) (using 2*24576 bytes):
      iterations=1000... time=0.000162567 sec
      iterations=10000... time=0.00161317 sec
      iterations=100000... time=0.01622 sec
      iterations=1000000... time=0.16821 sec
      iterations=7000000... time=1.13739 sec
      result: 1.62484 nsec
    Read latency of L2 cache (for 1 PUs) (using 2*786432 bytes):
      iterations=1000... time=0.000680472 sec
      iterations=10000... time=0.00678711 sec
      iterations=100000... time=0.0675021 sec
      iterations=1000000... time=0.670713 sec
      iterations=2000000... time=1.34577 sec
      result: 6.72887 nsec
    Read latency of L3 cache (for 2 PUs) (using 1*28114944 bytes):
      [skipped -- avoiding large-memory benchmarks]
    Read bandwidth of D1 cache (for 1 PUs) (using 2*24576 bytes):
      iterations=1... time=1.05e-06 sec
      iterations=10... time=4.25e-06 sec
      iterations=100... time=4.0854e-05 sec
      iterations=1000... time=0.000412943 sec
      iterations=10000... time=0.00414839 sec
      iterations=100000... time=0.0381891 sec
      iterations=1000000... time=0.380839 sec
      iterations=3000000... time=1.14703 sec
      result: 64.2771 GByte/sec
    Read bandwidth of L2 cache (for 1 PUs) (using 2*786432 bytes):
      iterations=1... time=2.07525e-05 sec
      iterations=10... time=0.00019327 sec
      iterations=100... time=0.00190465 sec
      iterations=1000... time=0.0194121 sec
      iterations=10000... time=0.193001 sec
      iterations=60000... time=1.18518 sec
      result: 39.8132 GByte/sec
    Read bandwidth of L3 cache (for 2 PUs) (using 1*28114944 bytes):
      [skipped -- avoiding large-memory benchmarks]
    Write latency of D1 cache (for 1 PUs) (using 2*24576 bytes):
      iterations=1000... time=3.7505e-06 sec
      iterations=10000... time=3.2553e-05 sec
      iterations=100000... time=0.000436896 sec
      iterations=1000000... time=0.00325719 sec
      iterations=10000000... time=0.0335821 sec
      iterations=100000000... time=0.331174 sec
      iterations=300000000... time=0.978979 sec
      iterations=600000000... time=1.97787 sec
      result: 0.412056 nsec
    Write latency of L2 cache (for 1 PUs) (using 2*786432 bytes):
      iterations=1000... time=3.74035e-05 sec
      iterations=10000... time=0.000176469 sec
      iterations=100000... time=0.00180519 sec
      iterations=1000000... time=0.0183124 sec
      iterations=10000000... time=0.174486 sec
      iterations=60000000... time=1.05465 sec
      result: 2.19719 nsec
    Write latency of L3 cache (for 2 PUs) (using 1*28114944 bytes):
      [skipped -- avoiding large-memory benchmarks]
    Write bandwidth of D1 cache (for 1 PUs) (using 2*24576 bytes):
      iterations=1... time=7e-07 sec
      iterations=10... time=4.9505e-06 sec
      iterations=100... time=1.8752e-05 sec
      iterations=1000... time=0.000221474 sec
      iterations=10000... time=0.0019002 sec
      iterations=100000... time=0.0186661 sec
      iterations=1000000... time=0.189797 sec
      iterations=6000000... time=1.12173 sec
      result: 131.454 GByte/sec
    Write bandwidth of L2 cache (for 1 PUs) (using 2*786432 bytes):
      iterations=1... time=3.2804e-05 sec
      iterations=10... time=0.000336636 sec
      iterations=100... time=0.0032863 sec
      iterations=1000... time=0.0306862 sec
      iterations=10000... time=0.216315 sec
      iterations=50000... time=0.910237 sec
      iterations=100000... time=2.30394 sec
      result: 34.1342 GByte/sec
    Write bandwidth of L3 cache (for 2 PUs) (using 1*28114944 bytes):
      [skipped -- avoiding large-memory benchmarks]
    Stencil code performance of D1 cache (for 1 PUs) (using 2*9^3 grid points, 2*11664 bytes):
      iterations=1... time=3.2e-06 sec
      iterations=10... time=3.67035e-05 sec
      iterations=100... time=0.000417943 sec
      iterations=1000... time=0.00392671 sec
      iterations=10000... time=0.0306653 sec
      iterations=100000... time=0.311219 sec
      iterations=400000... time=1.2437 sec
      result: 0.234462 Gupdates/sec
    Stencil code performance of L2 cache (for 1 PUs) (using 2*29^3 grid points, 2*390224 bytes):
      iterations=1... time=3.23035e-05 sec
      iterations=10... time=0.000305532 sec
      iterations=100... time=0.00310032 sec
      iterations=1000... time=0.0306068 sec
      iterations=10000... time=0.307734 sec
      iterations=40000... time=1.24139 sec
      result: 0.785859 Gupdates/sec
    Stencil code performance of L3 cache (for 2 PUs) (using 1*121^3 grid points, 1*28344976 bytes):
      iterations=1... time=0.00128223 sec
      iterations=10... time=0.0128905 sec
      iterations=100... time=0.128256 sec
      iterations=900... time=1.1468 sec
      result: 1.39031 Gupdates/sec
INFO (Vectors): Testing vectorisation... [errors may result in segfaults]
INFO (Vectors): 375/375 tests passed 
INFO (CartGrid3D): Grid Spacings:
INFO (CartGrid3D): dx=>1.1111111e-01  dy=>1.1111111e-01  dz=>1.1111111e-01
INFO (CartGrid3D): Computational Coordinates:
INFO (CartGrid3D): x=>[-0.500, 0.500]  y=>[-0.500, 0.500]  z=>[-0.500, 0.500]
INFO (CartGrid3D): Indices of Physical Coordinates:
INFO (CartGrid3D): x=>[0,9]  y=>[0,9]  z=>[0,9]
INFO (PUGH): MPI Evolution on 1 processors
INFO (PUGH): 3-dimensional grid functions
INFO (PUGH):   Size: 10 10 10
INFO (PUGH):   Processor topology: 1 x 1 x 1
INFO (PUGH):   Local load: 1000   [10 x 10 x 10]
INFO (PUGH):   Maximum load skew: 0.000000
--------------------------------------------------------------------------------
Done.
+ echo Stopping:
Stopping:
+ date
Fri Jul 28 17:59:47 UTC 2023
+ echo Done.
Done.
  Elapsed time: 58.4 s
