/home/runner/simulations/TestJob01_temp_2/output-0000/TEST/sim/BoxInBox
Preparing:
+ set -e
+ cd output-0000-active
+ echo Checking:
Checking:
+ pwd
/home/runner/simulations/TestJob01_temp_2/output-0000/TEST/sim/BoxInBox/output-0000-active
+ hostname
fv-az711-219
+ date
Thu May  2 16:31:54 UTC 2024
+ echo Environment:
Environment:
+ export CACTUS_NUM_PROCS=2
+ CACTUS_NUM_PROCS=2
+ export CACTUS_NUM_THREADS=1
+ CACTUS_NUM_THREADS=1
+ export GMON_OUT_PREFIX=gmon.out
+ GMON_OUT_PREFIX=gmon.out
+ export OMP_NUM_THREADS=1
+ OMP_NUM_THREADS=1
+ env
+ sort
+ echo Starting:
Starting:
++ date +%s
+ export CACTUS_STARTTIME=1714667514
+ CACTUS_STARTTIME=1714667514
+ '[' 2 = 1 ']'
+ mpirun -np 2 /home/runner/simulations/TestJob01_temp_2/SIMFACTORY/exe/cactus_sim -L 3 /home/runner/simulations/TestJob01_temp_2/output-0000/arrangements/CarpetX/BoxInBox/test/levels2.par
INFO (Cactus): Increased logging level from 0 to 3
--------------------------------------------------------------------------------

       10                                  
  1   0101       ************************  
  01  1010 10      The Cactus Code V4.15.0    
 1010 1101 011      www.cactuscode.org     
  1001 100101    ************************  
    00010101                               
     100011     (c) Copyright The Authors  
      0100      GNU Licensed. No Warranty  
      0101                                 
--------------------------------------------------------------------------------

Cactus version:    4.15.0
Compile date:      May 02 2024 (16:15:13)
Run date:          May 02 2024 (16:31:55+0000)
Run host:          fv-az711-219.kxtiaivj4gxuxgxjt4etq45iac.phxx.internal.cloudapp.net (pid=135926)
Working directory: /home/runner/simulations/TestJob01_temp_2/output-0000/TEST/sim/BoxInBox
Executable:        /home/runner/simulations/TestJob01_temp_2/SIMFACTORY/exe/cactus_sim
Parameter file:    /home/runner/simulations/TestJob01_temp_2/output-0000/arrangements/CarpetX/BoxInBox/test/levels2.par
--------------------------------------------------------------------------------

Activating thorn Cactus...Success -> active implementation Cactus
Activation requested for 
--->BoxInBox CarpetX CoordinatesX IOUtil<---
Thorn BoxInBox requests automatic activation of Loop
Thorn CarpetX requests automatic activation of AMReX
Thorn CarpetX requests automatic activation of MPI
Thorn CarpetX requests automatic activation of yaml_cpp
Thorn CarpetX requests automatic activation of zlib
Thorn CarpetX requests automatic activation of Arith
Thorn CarpetX requests automatic activation of ADIOS2
Thorn CarpetX requests automatic activation of openPMD
Thorn CarpetX requests automatic activation of Silo
Thorn Arith requests automatic activation of NSIMD
Thorn MPI requests automatic activation of hwloc
Thorn openPMD requests automatic activation of HDF5
Activating thorn ADIOS2...Success -> active implementation ADIOS2
Activating thorn AMReX...Success -> active implementation AMReX
Activating thorn Arith...Success -> active implementation Arith
Activating thorn BoxInBox...Success -> active implementation BoxInBox
Activating thorn CarpetX...Success -> active implementation CarpetX
Activating thorn CoordinatesX...Success -> active implementation CoordinatesX
Activating thorn HDF5...Success -> active implementation HDF5
Activating thorn hwloc...Success -> active implementation hwloc
Activating thorn IOUtil...Success -> active implementation IO
Activating thorn Loop...Success -> active implementation Loop
Activating thorn MPI...Success -> active implementation MPI
Activating thorn NSIMD...Success -> active implementation NSIMD
Activating thorn openPMD...Success -> active implementation openPMD
Activating thorn Silo...Success -> active implementation Silo
Activating thorn yaml_cpp...Success -> active implementation yaml_cpp
Activating thorn zlib...Success -> active implementation zlib
INFO (hwloc): library version 2.7.0, API version 0x20500
--------------------------------------------------------------------------------

  [34m  ▕▏  [34m  ▕▏  [34m  ▕▏  [34m  ▕▏  [34m  ▕▏  [34m  ▕▏  [34m  ▕▏  [34m  ▕▏  [34m  ▕▏  [39m  
  [34m──██──[34m──██──[34m──██──[34m──██──[34m──██──[34m──██──[34m──██──[34m──██──[34m──██──[39m  
  [34m  ▕▏  [34m  ▕▏  [34m  ▕▏  [34m  ▕▏  [34m  ▕▏  [34m  ▕▏  [34m  ▕▏  [34m  ▕▏  [34m  ▕▏  [39m  
  [34m  ▕▏  [32m██████[34m  ▕▏  [34m  ▕▏  [32m██████[34m  ▕▏  [34m  ▕▏  [32m██████[34m  ▕▏  [39m  
  [34m──██──[32m██████[34m──██──[34m──██──[32m██████[34m──██──[34m──██──[32m██████[34m──██──[39m  
  [34m  ▕▏  [32m██████[34m  ▕▏  [34m  ▕▏  [32m██████[34m  ▕▏  [34m  ▕▏  [32m██████[34m  ▕▏  [39m  
  [34m  ▕▏  [34m  ▕▏  [34m  ▕▏  [34m  ▕▏  [34m  ▕▏  [34m  ▕▏  [34m  ▕▏  [34m  ▕▏  [34m  ▕▏  [39m  
  [34m──██──[34m──██──[34m──██──[34m──██──[34m──██──[34m──██──[34m──██──[34m──██──[34m──██──[39m  
  [34m  ▕▏  [34m  ▕▏  [34m  ▕▏  [34m  ▕▏  [34m  ▕▏  [34m  ▕▏  [34m  ▕▏  [34m  ▕▏  [34m  ▕▏  [39m  
  [34m  ▕▏  [34m  ▕▏  [34m  ▕▏  [31m██████[31m██████[31m██████[34m  ▕▏  [34m  ▕▏  [34m  ▕▏  [39m  
  [34m──██──[34m──██──[34m──██──[31m██████[31m██████[31m██████[34m──██──[34m──██──[34m──██──[39m  
  [34m  ▕▏  [34m  ▕▏  [34m  ▕▏  [31m██████[31m██████[31m██████[34m  ▕▏  [34m  ▕▏  [34m  ▕▏  [39m  
  [34m  ▕▏  [32m██████[34m  ▕▏  [31m██████[31m██████[31m██████[34m  ▕▏  [32m██████[34m  ▕▏  [39m  
  [34m──██──[32m██████[34m──██──[31m██████[31m██████[31m██████[34m──██──[32m██████[34m──██──[39m  
  [34m  ▕▏  [32m██████[34m  ▕▏  [31m██████[31m██████[31m██████[34m  ▕▏  [32m██████[34m  ▕▏  [39m  
  [34m  ▕▏  [34m  ▕▏  [34m  ▕▏  [31m██████[31m██████[31m██████[34m  ▕▏  [34m  ▕▏  [34m  ▕▏  [39m  
  [34m──██──[34m──██──[34m──██──[31m██████[31m██████[31m██████[34m──██──[34m──██──[34m──██──[39m  
  [34m  ▕▏  [34m  ▕▏  [34m  ▕▏  [31m██████[31m██████[31m██████[34m  ▕▏  [34m  ▕▏  [34m  ▕▏  [39m  
  [34m  ▕▏  [34m  ▕▏  [34m  ▕▏  [34m  ▕▏  [34m  ▕▏  [34m  ▕▏  [34m  ▕▏  [34m  ▕▏  [34m  ▕▏  [39m  
  [34m──██──[34m──██──[34m──██──[34m──██──[34m──██──[34m──██──[34m──██──[34m──██──[34m──██──[39m  
  [34m  ▕▏  [34m  ▕▏  [34m  ▕▏  [34m  ▕▏  [34m  ▕▏  [34m  ▕▏  [34m  ▕▏  [34m  ▕▏  [34m  ▕▏  [39m  
  [34m  ▕▏  [32m██████[34m  ▕▏  [34m  ▕▏  [32m██████[34m  ▕▏  [34m  ▕▏  [32m██████[34m  ▕▏  [39m  
  [34m──██──[32m██████[34m──██──[34m──██──[32m██████[34m──██──[34m──██──[32m██████[34m──██──[39m  
  [34m  ▕▏  [32m██████[34m  ▕▏  [34m  ▕▏  [32m██████[34m  ▕▏  [34m  ▕▏  [32m██████[34m  ▕▏  [39m  
  [34m  ▕▏  [34m  ▕▏  [34m  ▕▏  [34m  ▕▏  [34m  ▕▏  [34m  ▕▏  [34m  ▕▏  [34m  ▕▏  [34m  ▕▏  [39m  
  [34m──██──[34m──██──[34m──██──[34m──██──[34m──██──[34m──██──[34m──██──[34m──██──[34m──██──[39m  
  [34m  ▕▏  [34m  ▕▏  [34m  ▕▏  [34m  ▕▏  [34m  ▕▏  [34m  ▕▏  [34m  ▕▏  [34m  ▕▏  [34m  ▕▏  [39m  

AMR driver provided by CarpetX,
using AMReX 23.08 (MPI, OpenMP, no accelerators, debug)
--------------------------------------------------------------------------------

MPI initialized with 2 MPI processes
MPI initialized with thread support level 2
OMP initialized with 1 OMP threads
AMReX (23.08) initialized
INFO (CarpetX): 
Symmetries:
  lower x: none
  lower y: none
  lower z: none
  upper x: none
  upper y: none
  upper z: none
Default boundaries:
  lower x: dirichlet
  lower y: dirichlet
  lower z: dirichlet
  upper x: dirichlet
  upper y: dirichlet
  upper z: dirichlet
INFO (Arith): Test_smallvector
INFO (Arith): Test_spvect
INFO (CarpetX): Setting up initial conditions...
INFO (CarpetX): Iteration: 0   time: 0   delta_time: 0.03125
INFO (CarpetX): Patch 0:
INFO (CarpetX):   Grid extent:
INFO (CarpetX):     gsh=[35,35,35]
INFO (CarpetX):     blocking_factor=[8,8,8]
INFO (CarpetX):     max_grid_size=[32,32,32]
INFO (CarpetX):     max_tile_size=[1024000,16,32]
INFO (CarpetX):   Domain extent:
INFO (CarpetX):     xmin=[-1,-1,-1]
INFO (CarpetX):     xmax=[1,1,1]
INFO (CarpetX):     base dx=[0.0625,0.0625,0.0625]
INFO (CarpetX): Initializing level 0...
INFO (CarpetX): Regridding...
INFO (CarpetX):   level 0: 2 boxes, 32768 cells (100%)
INFO (CarpetX):   level 1: 2 boxes, 32768 cells (12.5%, 12%)
INFO (CarpetX): Iteration: 0   time: 0   delta_time: 0.015625
INFO (CarpetX): Initializing level 1...
INFO (CarpetX): Regridding...
INFO (CarpetX):   level 0: 2 boxes, 32768 cells (100%)
INFO (CarpetX):   level 1: 2 boxes, 32768 cells (12.5%, 12%)
INFO (CarpetX): Initialized 2 levels
INFO (CarpetX): OutputGH: iteration 0, time 0.000000, run time 0 s
INFO (CarpetX): OutputADIOS2...
INFO (CarpetX): OutputGH done.
INFO (CarpetX): Starting evolution...
INFO (CarpetX): Regridding...
INFO (CarpetX):   old levels 2, new levels 2
INFO (CarpetX):   level 0: 2 boxes, 32768 cells (100%)
INFO (CarpetX):   level 1: 2 boxes, 32768 cells (12.5%, 12%)
INFO (CarpetX): OutputGH: iteration 1, time 0.015625, run time 0 s
INFO (CarpetX): OutputGH done.
INFO (CarpetX): Simulation time: 0.015625   Iterations per second: 146.245   Simulation time per second: 2.28508
INFO (CarpetX): Grid cells: 65536   Grid cell updates per second: 9.58431e+06
INFO (CarpetX): Performance:
INFO (CarpetX):   total evolution time:            0.00683784 sec
INFO (CarpetX):   total evolution compute time:    0.00682306 sec
INFO (CarpetX):   total evolution output time:     1.4782e-05 sec
INFO (CarpetX):   total iterations:                1
INFO (CarpetX):   total cells updated:             65536
INFO (CarpetX):   average iterations per second: 146.245
INFO (CarpetX):   average cell updates per second: 9.58431e+06
INFO (CarpetX): Regridding...
INFO (CarpetX):   old levels 2, new levels 2
INFO (CarpetX):   level 0: 2 boxes, 32768 cells (100%)
INFO (CarpetX):   level 1: 2 boxes, 32768 cells (12.5%, 12%)
INFO (CarpetX): OutputGH: iteration 2, time 0.031250, run time 0 s
INFO (CarpetX): OutputGH done.
INFO (CarpetX): Simulation time: 0.03125   Iterations per second: 147.101   Simulation time per second: 2.29846
INFO (CarpetX): Grid cells: 65536   Grid cell updates per second: 9.64044e+06
INFO (CarpetX): Performance:
INFO (CarpetX):   total evolution time:            0.0136359 sec
INFO (CarpetX):   total evolution compute time:    0.0136073 sec
INFO (CarpetX):   total evolution output time:     2.86102e-05 sec
INFO (CarpetX):   total iterations:                2
INFO (CarpetX):   total cells updated:             131072
INFO (CarpetX):   average iterations per second: 146.672
INFO (CarpetX):   average cell updates per second: 9.61229e+06
INFO (CarpetX): Regridding...
INFO (CarpetX):   old levels 2, new levels 2
INFO (CarpetX):   level 0: 2 boxes, 32768 cells (100%)
INFO (CarpetX):   level 1: 2 boxes, 32768 cells (12.5%, 12%)
INFO (CarpetX): OutputGH: iteration 3, time 0.046875, run time 0 s
INFO (CarpetX): OutputGH done.
INFO (CarpetX): Simulation time: 0.046875   Iterations per second: 147.256   Simulation time per second: 2.30088
INFO (CarpetX): Grid cells: 65536   Grid cell updates per second: 9.6506e+06
INFO (CarpetX): Performance:
INFO (CarpetX):   total evolution time:            0.0204268 sec
INFO (CarpetX):   total evolution compute time:    0.0203791 sec
INFO (CarpetX):   total evolution output time:     4.76837e-05 sec
INFO (CarpetX):   total iterations:                3
INFO (CarpetX):   total cells updated:             196608
INFO (CarpetX):   average iterations per second: 146.866
INFO (CarpetX):   average cell updates per second: 9.62503e+06
INFO (CarpetX): Regridding...
INFO (CarpetX):   old levels 2, new levels 2
INFO (CarpetX):   level 0: 2 boxes, 32768 cells (100%)
INFO (CarpetX):   level 1: 2 boxes, 32768 cells (12.5%, 12%)
INFO (CarpetX): OutputGH: iteration 4, time 0.062500, run time 0 s
INFO (CarpetX): OutputGH done.
INFO (CarpetX): Simulation time: 0.0625   Iterations per second: 147.081   Simulation time per second: 2.29814
INFO (CarpetX): Grid cells: 65536   Grid cell updates per second: 9.63909e+06
INFO (CarpetX): Performance:
INFO (CarpetX):   total evolution time:            0.0272257 sec
INFO (CarpetX):   total evolution compute time:    0.0271621 sec
INFO (CarpetX):   total evolution output time:     6.36578e-05 sec
INFO (CarpetX):   total iterations:                4
INFO (CarpetX):   total cells updated:             262144
INFO (CarpetX):   average iterations per second: 146.92
INFO (CarpetX):   average cell updates per second: 9.62854e+06
INFO (CarpetX): Regridding...
INFO (CarpetX):   old levels 2, new levels 2
INFO (CarpetX):   level 0: 2 boxes, 32768 cells (100%)
INFO (CarpetX):   level 1: 2 boxes, 32768 cells (12.5%, 12%)
INFO (CarpetX): OutputGH: iteration 5, time 0.078125, run time 0 s
INFO (CarpetX): OutputGH done.
INFO (CarpetX): Simulation time: 0.078125   Iterations per second: 146.823   Simulation time per second: 2.29412
INFO (CarpetX): Grid cells: 65536   Grid cell updates per second: 9.62222e+06
INFO (CarpetX): Performance:
INFO (CarpetX):   total evolution time:            0.0340366 sec
INFO (CarpetX):   total evolution compute time:    0.0339589 sec
INFO (CarpetX):   total evolution output time:     7.77245e-05 sec
INFO (CarpetX):   total iterations:                5
INFO (CarpetX):   total cells updated:             327680
INFO (CarpetX):   average iterations per second: 146.901
INFO (CarpetX):   average cell updates per second: 9.62727e+06
INFO (CarpetX): Regridding...
INFO (CarpetX):   old levels 2, new levels 2
INFO (CarpetX):   level 0: 2 boxes, 32768 cells (100%)
INFO (CarpetX):   level 1: 2 boxes, 32768 cells (12.5%, 12%)
INFO (CarpetX): OutputGH: iteration 6, time 0.093750, run time 0 s
INFO (CarpetX): OutputGH done.
INFO (CarpetX): Simulation time: 0.09375   Iterations per second: 146.736   Simulation time per second: 2.29275
INFO (CarpetX): Grid cells: 65536   Grid cell updates per second: 9.6165e+06
INFO (CarpetX): Performance:
INFO (CarpetX):   total evolution time:            0.0408516 sec
INFO (CarpetX):   total evolution compute time:    0.0407598 sec
INFO (CarpetX):   total evolution output time:     9.17912e-05 sec
INFO (CarpetX):   total iterations:                6
INFO (CarpetX):   total cells updated:             393216
INFO (CarpetX):   average iterations per second: 146.873
INFO (CarpetX):   average cell updates per second: 9.62548e+06
INFO (CarpetX): Regridding...
INFO (CarpetX):   old levels 2, new levels 2
INFO (CarpetX):   level 0: 2 boxes, 32768 cells (100%)
INFO (CarpetX):   level 1: 2 boxes, 32768 cells (12.5%, 12%)
INFO (CarpetX): OutputGH: iteration 7, time 0.109375, run time 0 s
INFO (CarpetX): OutputGH done.
INFO (CarpetX): Simulation time: 0.109375   Iterations per second: 147.536   Simulation time per second: 2.30525
INFO (CarpetX): Grid cells: 65536   Grid cell updates per second: 9.66893e+06
INFO (CarpetX): Performance:
INFO (CarpetX):   total evolution time:            0.0476296 sec
INFO (CarpetX):   total evolution compute time:    0.0475249 sec
INFO (CarpetX):   total evolution output time:     0.000104666 sec
INFO (CarpetX):   total iterations:                7
INFO (CarpetX):   total cells updated:             458752
INFO (CarpetX):   average iterations per second: 146.967
INFO (CarpetX):   average cell updates per second: 9.63166e+06
INFO (CarpetX): Regridding...
INFO (CarpetX):   old levels 2, new levels 2
INFO (CarpetX):   level 0: 2 boxes, 32768 cells (100%)
INFO (CarpetX):   level 1: 2 boxes, 32768 cells (12.5%, 12%)
INFO (CarpetX): OutputGH: iteration 8, time 0.125000, run time 0 s
INFO (CarpetX): OutputGH done.
INFO (CarpetX): Simulation time: 0.125   Iterations per second: 147.251   Simulation time per second: 2.3008
INFO (CarpetX): Grid cells: 65536   Grid cell updates per second: 9.65026e+06
INFO (CarpetX): Performance:
INFO (CarpetX):   total evolution time:            0.0544207 sec
INFO (CarpetX):   total evolution compute time:    0.054301 sec
INFO (CarpetX):   total evolution output time:     0.000119686 sec
INFO (CarpetX):   total iterations:                8
INFO (CarpetX):   total cells updated:             524288
INFO (CarpetX):   average iterations per second: 147.003
INFO (CarpetX):   average cell updates per second: 9.63398e+06
INFO (CarpetX): Regridding...
INFO (CarpetX):   old levels 2, new levels 2
INFO (CarpetX):   level 0: 2 boxes, 32768 cells (100%)
INFO (CarpetX):   level 1: 2 boxes, 32768 cells (12.5%, 12%)
INFO (CarpetX): OutputGH: iteration 9, time 0.140625, run time 0 s
INFO (CarpetX): OutputGH done.
INFO (CarpetX): Simulation time: 0.140625   Iterations per second: 147.236   Simulation time per second: 2.30056
INFO (CarpetX): Grid cells: 65536   Grid cell updates per second: 9.64924e+06
INFO (CarpetX): Performance:
INFO (CarpetX):   total evolution time:            0.0612125 sec
INFO (CarpetX):   total evolution compute time:    0.0610809 sec
INFO (CarpetX):   total evolution output time:     0.000131607 sec
INFO (CarpetX):   total iterations:                9
INFO (CarpetX):   total cells updated:             589824
INFO (CarpetX):   average iterations per second: 147.029
INFO (CarpetX):   average cell updates per second: 9.63567e+06
INFO (CarpetX): Regridding...
INFO (CarpetX):   old levels 2, new levels 2
INFO (CarpetX):   level 0: 2 boxes, 32768 cells (100%)
INFO (CarpetX):   level 1: 2 boxes, 32768 cells (12.5%, 12%)
INFO (CarpetX): OutputGH: iteration 10, time 0.156250, run time 0 s
INFO (CarpetX): OutputADIOS2...
INFO (CarpetX): OutputGH done.
INFO (CarpetX): Simulation time: 0.15625   Iterations per second: 66.6228   Simulation time per second: 1.04098
INFO (CarpetX): Grid cells: 65536   Grid cell updates per second: 4.36619e+06
INFO (CarpetX): Performance:
INFO (CarpetX):   total evolution time:            0.0762224 sec
INFO (CarpetX):   total evolution compute time:    0.0678809 sec
INFO (CarpetX):   total evolution output time:     0.00834155 sec
INFO (CarpetX):   total iterations:                10
INFO (CarpetX):   total cells updated:             655360
INFO (CarpetX):   average iterations per second: 131.195
INFO (CarpetX):   average cell updates per second: 8.598e+06
INFO (CarpetX): Shutting down...
AMReX (23.08) finalized
--------------------------------------------------------------------------------
Done.
+ echo Stopping:
Stopping:
+ date
Thu May  2 16:31:55 UTC 2024
+ echo Done.
Done.
  Elapsed time: 0.8 s
