/home/runner/simulations/TestJob01_temp_1/output-0000/TEST/sim/MemSpeed
Preparing:
+ set -e
+ cd output-0000-active
+ echo Checking:
Checking:
+ pwd
/home/runner/simulations/TestJob01_temp_1/output-0000/TEST/sim/MemSpeed/output-0000-active
+ hostname
runnervmeorf1
+ date
Thu May  7 16:49:46 UTC 2026
+ echo Environment:
Environment:
+ export CACTUS_NUM_PROCS=1
+ CACTUS_NUM_PROCS=1
+ export CACTUS_NUM_THREADS=2
+ CACTUS_NUM_THREADS=2
+ export GMON_OUT_PREFIX=gmon.out
+ GMON_OUT_PREFIX=gmon.out
+ export OMP_NUM_THREADS=2
+ OMP_NUM_THREADS=2
+ env
+ sort
+ echo Starting:
Starting:
++ date +%s
+ export CACTUS_STARTTIME=1778172586
+ CACTUS_STARTTIME=1778172586
+ '[' 1 = 1 ']'
+ '[' 0 -eq 0 ']'
+ /home/runner/simulations/TestJob01_temp_1/SIMFACTORY/exe/cactus_sim -L 3 /home/runner/simulations/TestJob01_temp_1/output-0000/arrangements/CactusUtils/MemSpeed/test/memspeed.par
INFO (Cactus): Increased logging level from 0 to 3
--------------------------------------------------------------------------------

       10                                  
  1   0101       ************************  
  01  1010 10      The Cactus Code V4.18.0    
 1010 1101 011      www.cactuscode.org     
  1001 100101    ************************  
    00010101                               
     100011     (c) Copyright The Authors  
      0100      GNU Licensed. No Warranty  
      0101                                 
--------------------------------------------------------------------------------

Cactus version:    4.18.0
Compile date:      May 07 2026 (16:39:41)
Run date:          May 07 2026 (16:49:47+0000)
Run host:          runnervmeorf1.rze12ljwu0nehbzdfv15pjp0bh.bx.internal.cloudapp.net (pid=170790)
Working directory: /home/runner/simulations/TestJob01_temp_1/output-0000/TEST/sim/MemSpeed
Executable:        /home/runner/simulations/TestJob01_temp_1/SIMFACTORY/exe/cactus_sim
Parameter file:    /home/runner/simulations/TestJob01_temp_1/output-0000/arrangements/CactusUtils/MemSpeed/test/memspeed.par
--------------------------------------------------------------------------------

Activating thorn Cactus...Success -> active implementation Cactus
Activation requested for 
--->hwloc MemSpeed SystemTopology CartGrid3D CoordBase IOASCII IOUtil PUGH PUGHSlab<---
Thorn hwloc requests automatic activation of zlib
Thorn MemSpeed requests automatic activation of Vectors
Thorn MemSpeed requests automatic activation of MPI
Activating thorn CartGrid3D...Success -> active implementation grid
Activating thorn CoordBase...Success -> active implementation CoordBase
Activating thorn hwloc...Success -> active implementation hwloc
Activating thorn IOASCII...Success -> active implementation IOASCII
Activating thorn IOUtil...Success -> active implementation IO
Activating thorn MemSpeed...Success -> active implementation MemSpeed
Activating thorn MPI...Success -> active implementation MPI
Activating thorn PUGH...Success -> active implementation Driver
Activating thorn PUGHSlab...Success -> active implementation Hyperslab
Activating thorn SystemTopology...Success -> active implementation SystemTopology
Activating thorn Vectors...Success -> active implementation Vectors
Activating thorn zlib...Success -> active implementation zlib
--------------------------------------------------------------------------------
  if (recover initial data)
    Recover parameters
  endif

  Startup routines
    [CCTK_STARTUP]
      CartGrid3D::SymmetryStartup: Register GH Extension for GridSymmetry
      CoordBase::CoordBase_Startup: Register a GH extension to store the coordinate system handles
      GROUP hwloc_startup: hwloc startup group
        hwloc::hwloc_version: Output hwloc version
      SystemTopology::ST_system_topology: Output and/or modify system topology and hardware locality
      PUGH::Driver_Startup: Startup routine
      PUGH::PUGH_RegisterPUGHP2LRoutines: Register Physical to Logical process mapping routines
      PUGH::PUGH_RegisterPUGHTopologyRoutines: Register topology generation routines routines
      IOUtil::IOUtil_Startup: Startup routine
      Vectors::Vectors_Startup: Print startup message
      IOASCII::IOASCII_Startup: Startup routine

  Startup routines which need an existing grid hierarchy
    [CCTK_WRAGH]
      CartGrid3D::RegisterCartGrid3DCoords: [meta] Register coordinates for the Cartesian grid
      MemSpeed::MemSpeed_MeasureSpeed: [meta] Measure CPU, memory, cache speeds
  Parameter checking routines
    [CCTK_PARAMCHECK]
      CartGrid3D::ParamCheck_CartGrid3D: Check coordinates for CartGrid3D
      Vectors::Vectors_Test: Run correctness tests.

  Initialisation
    if (NOT (recover initial data AND recovery_mode is 'strict'))
      [CCTK_PREREGRIDINITIAL]
      Set up grid hierarchy
      [CCTK_POSTREGRIDINITIAL]
        CartGrid3D::SpatialCoordinates: Set Coordinates after regridding
      [CCTK_BASEGRID]
        CartGrid3D::SpatialSpacings: Set up ranges for spatial 3D Cartesian coordinates (on all grids)
        CartGrid3D::SpatialCoordinates: Set up spatial 3D Cartesian coordinates on the GH
        IOASCII::IOASCII_Choose1D: Choose 1D output lines
        IOASCII::IOASCII_Choose2D: Choose 2D output planes
        PUGH::PUGH_Report: Report on PUGH set up
      [CCTK_INITIAL]
      [CCTK_POSTINITIAL]
      Initialise finer grids recursively
      Restrict from finer grids
      [CCTK_POSTRESTRICTINITIAL]
      [CCTK_POSTPOSTINITIAL]
      [CCTK_POSTSTEP]
    endif
    if (recover initial data)
      [CCTK_BASEGRID]
        CartGrid3D::SpatialSpacings: Set up ranges for spatial 3D Cartesian coordinates (on all grids)
        CartGrid3D::SpatialCoordinates: Set up spatial 3D Cartesian coordinates on the GH
        IOASCII::IOASCII_Choose1D: Choose 1D output lines
        IOASCII::IOASCII_Choose2D: Choose 2D output planes
        PUGH::PUGH_Report: Report on PUGH set up
      [CCTK_RECOVER_VARIABLES]
      [CCTK_POST_RECOVER_VARIABLES]
    endif
    if (checkpoint initial data)
      [CCTK_CPINITIAL]
    endif
    if (analysis)
      [CCTK_ANALYSIS]
  endif
  Output grid variables

  do loop over timesteps
    [CCTK_PREREGRID]
    Change grid hierarchy
    [CCTK_POSTREGRID]
      CartGrid3D::SpatialCoordinates: Set Coordinates after regridding
    Rotate timelevels
    iteration = iteration+1
    t = t+dt
    [CCTK_PRESTEP]
    [CCTK_EVOL]
    Evolve finer grids recursively
    Restrict from finer grids
    [CCTK_POSTRESTRICT]
    [CCTK_POSTSTEP]
    if (checkpoint)
      [CCTK_CHECKPOINT]
    endif
    if (analysis)
      [CCTK_ANALYSIS]
    endif
    Output grid variables
    enddo

  Termination routines
    [CCTK_TERMINATE]
      PUGH::Driver_Terminate: Termination routine

  Shutdown routines
    [CCTK_SHUTDOWN]

  Routines run after changing the grid hierarchy:
    [CCTK_POSTREGRID]
      CartGrid3D::SpatialCoordinates: Set Coordinates after regridding
--------------------------------------------------------------------------------
INFO (hwloc): library version 2.10.0, API version 0x20800
INFO (SystemTopology): MPI process-to-host mapping:
This is MPI process 0 of 1
MPI hosts:
  0: runnervmeorf1
This MPI process runs on host 0 of 1
On this host, this is MPI process 0 of 1
INFO (SystemTopology): Topology support:
Discovery support:
  discovery->pu                            : yes
CPU binding support:
  cpubind->set_thisproc_cpubind            : yes
  cpubind->get_thisproc_cpubind            : yes
  cpubind->set_proc_cpubind                : yes
  cpubind->get_proc_cpubind                : yes
  cpubind->set_thisthread_cpubind          : yes
  cpubind->get_thisthread_cpubind          : yes
  cpubind->set_thread_cpubind              : yes
  cpubind->get_thread_cpubind              : yes
  cpubind->get_thisproc_last_cpu_location  : yes
  cpubind->get_proc_last_cpu_location      : yes
  cpubind->get_thisthread_last_cpu_location: yes
Memory binding support:
  membind->set_thisproc_membind            : no
  membind->get_thisproc_membind            : no
  membind->set_proc_membind                : no
  membind->get_proc_membind                : no
  membind->set_thisthread_membind          : yes
  membind->get_thisthread_membind          : yes
  membind->set_area_membind                : yes
  membind->get_area_membind                : yes
  membind->alloc_membind                   : yes
  membind->firsttouch_membind              : yes
  membind->bind_membind                    : yes
  membind->interleave_membind              : yes
  membind->nexttouch_membind               : no
  membind->migrate_membind                 : yes
INFO (SystemTopology): Hardware objects in this node:
Machine L#0: (P#0, total=16373468KB, DMIProductName="Virtual Machine", DMIProductVersion="Hyper-V UEFI Release v4.1", DMIProductUUID=26114315-be5d-4960-9286-a158a9f2b11c, DMIBoardVendor="Microsoft Corporation", DMIBoardName="Virtual Machine", DMIBoardVersion="Hyper-V UEFI Release v4.1", DMIBoardAssetTag=None, DMIChassisVendor="Microsoft Corporation", DMIChassisType=3, DMIChassisVersion="Hyper-V UEFI Release v4.1", DMIChassisAssetTag=7783-7084-3265-9085-8269-3286-77, DMIBIOSVendor="Microsoft Corporation", DMIBIOSVersion="Hyper-V UEFI Release v4.1", DMIBIOSDate=01/08/2026, DMISysVendor="Microsoft Corporation", Backend=Linux, LinuxCgroup=/system.slice/hosted-compute-agent.service, OSName=Linux, OSRelease=6.17.0-1010-azure, OSVersion="#10~24.04.1-Ubuntu SMP Fri Mar  6 22:00:57 UTC 2026", HostName=runnervmeorf1, Architecture=x86_64, hwlocVersion=2.10.0, ProcessName=cactus_sim)
  Package L#0: (P#0, total=16373468KB, CPUVendor=AuthenticAMD, CPUFamilyNumber=25, CPUModelNumber=1, CPUModel="AMD EPYC 7763 64-Core Processor                ", CPUStepping=1)
    L3Cache L#0: (P#0, size=32768KB, linesize=64, ways=16, Inclusive=0)
      L2Cache L#0: (P#0, size=512KB, linesize=64, ways=8, Inclusive=1)
        L1dCache L#0: (P#0, size=32KB, linesize=64, ways=8, Inclusive=0)
          Core L#0: (P#0)
            PU L#0: (P#0)
            PU L#1: (P#1)
      L2Cache L#1: (P#1, size=512KB, linesize=64, ways=8, Inclusive=1)
        L1dCache L#1: (P#1, size=32KB, linesize=64, ways=8, Inclusive=0)
          Core L#1: (P#1)
            PU L#2: (P#2)
            PU L#3: (P#3)
INFO (SystemTopology): Thread CPU bindings:
  MPI process 0 on host 0 (process 0 of 1 on this host)
    OpenMP thread 0: PU set L#{0-3} P#{0-3}
    OpenMP thread 1: PU set L#{0-3} P#{0-3}
INFO (SystemTopology): Setting thread CPU bindings:
INFO (SystemTopology): Thread CPU bindings:
  MPI process 0 on host 0 (process 0 of 1 on this host)
    OpenMP thread 0: PU set L#{0} P#{0}
    OpenMP thread 1: PU set L#{2} P#{2}
INFO (SystemTopology): Extracting CPU/cache/memory properties:
  There are 2 PUs per core (aka hardware SMT threads)
  There are 1 threads per core (aka SMT threads used)
  Cache (unknown name) has type "data" depth 1
    size 32768 linesize 64 associativity 8 stride 4096, for 2 PUs
  Cache (unknown name) has type "unified" depth 2
    size 524288 linesize 64 associativity 8 stride 65536, for 2 PUs
  Cache (unknown name) has type "unified" depth 3
    size 33554432 linesize 64 associativity 16 stride 2097152, for 4 PUs
INFO (PUGH): Using physical to logical mappings: direct
INFO (PUGH): Using topology generator: automatic
INFO (Vectors): Using vector size 2 for architecture SSE2 (64-bit precision)
--------------------------------------------------------------------------------
Driver provided by PUGH
--------------------------------------------------------------------------------

INFO (PUGH): Not setting up a topology for 1 dimensions
INFO (PUGH): Not setting up a topology for 2 dimensions
INFO (PUGH): Setting up a topology for 3 dimensions
INFO (IOASCII): I/O Method 'IOASCII_1D' registered: output of 1D lines of grid functions/arrays to ASCII files
INFO (IOASCII): Periodic 1D output every 1 iterations
INFO (IOASCII): Periodic 1D output requested for 'GRID::r'
INFO (IOASCII): I/O Method 'IOASCII_2D' registered: output of 2D planes of grid functions/arrays to ASCII files
INFO (IOASCII): Periodic 2D output turned off
INFO (IOASCII): I/O Method 'IOASCII_3D' registered: output of 3D grid functions/arrays to ASCII files
INFO (IOASCII): Periodic 3D output turned off
INFO (MemSpeed): Measuring CPU, cache, memory, and communication speeds:
  Single-core measurements (using 1 MPI processes with 1 OpenMP threads each):
    CPU frequency:
      iterations=1000000... time=0.00125209 sec
      iterations=10000000... time=0.0125808 sec
      iterations=100000000... time=0.124702 sec
      iterations=900000000... time=1.12177 sec
      iterations=900000000... time=0.840756 sec
      result: 6.40547 GHz
    CPU floating point performance:
      iterations=1000000... time=0.00198691 sec
      iterations=10000000... time=0.0198579 sec
      iterations=100000000... time=0.198567 sec
      iterations=600000000... time=1.19145 sec
      result: 16.1148 Gflop/sec
    CPU integer performance:
      iterations=1000000... time=0.00157633 sec
      iterations=10000000... time=0.0155566 sec
      iterations=100000000... time=0.155564 sec
      iterations=700000000... time=1.09511 sec
      result: 10.2273 Giop/sec
    Read latency of D1 cache (for 2 PUs) (using 1*24576 bytes):
      iterations=1000... time=0.00012345 sec
      iterations=10000... time=0.00124938 sec
      iterations=100000... time=0.0124528 sec
      iterations=1000000... time=0.124504 sec
      iterations=9000000... time=1.12125 sec
      result: 1.24583 nsec
    Read latency of L2 cache (for 2 PUs) (using 1*393216 bytes):
      iterations=1000... time=0.000578035 sec
      iterations=10000... time=0.00527864 sec
      iterations=100000... time=0.0523769 sec
      iterations=1000000... time=0.516573 sec
      iterations=2000000... time=1.03061 sec
      result: 5.15306 nsec
    Read latency of L3 cache (for 4 PUs) (using 1*25165824 bytes):
      [skipped -- avoiding large-memory benchmarks]
    Read bandwidth of D1 cache (for 2 PUs) (using 1*24576 bytes):
      iterations=1... time=3.7e-07 sec
      iterations=10... time=2.765e-06 sec
      iterations=100... time=2.6068e-05 sec
      iterations=1000... time=0.000256977 sec
      iterations=10000... time=0.00248673 sec
      iterations=100000... time=0.0243669 sec
      iterations=1000000... time=0.243935 sec
      iterations=5000000... time=1.21846 sec
      result: 100.849 GByte/sec
    Read bandwidth of L2 cache (for 2 PUs) (using 1*393216 bytes):
      iterations=1... time=6.572e-06 sec
      iterations=10... time=4.8531e-05 sec
      iterations=100... time=0.00049477 sec
      iterations=1000... time=0.00492132 sec
      iterations=10000... time=0.0488512 sec
      iterations=100000... time=0.489066 sec
      iterations=200000... time=0.978976 sec
      iterations=400000... time=1.95725 sec
      result: 80.3609 GByte/sec
    Read bandwidth of L3 cache (for 4 PUs) (using 1*25165824 bytes):
      [skipped -- avoiding large-memory benchmarks]
    Write latency of D1 cache (for 2 PUs) (using 1*24576 bytes):
      iterations=1000... time=2.535e-06 sec
      iterations=10000... time=2.4786e-05 sec
      iterations=100000... time=0.000246779 sec
      iterations=1000000... time=0.00248532 sec
      iterations=10000000... time=0.0249235 sec
      iterations=100000000... time=0.249157 sec
      iterations=400000000... time=0.998312 sec
      iterations=800000000... time=1.99685 sec
      result: 0.312008 nsec
    Write latency of L2 cache (for 2 PUs) (using 1*393216 bytes):
      iterations=1000... time=9.829e-06 sec
      iterations=10000... time=9.8694e-05 sec
      iterations=100000... time=0.00114263 sec
      iterations=1000000... time=0.011193 sec
      iterations=10000000... time=0.112391 sec
      iterations=100000000... time=1.10928 sec
      result: 1.38661 nsec
    Write latency of L3 cache (for 4 PUs) (using 1*25165824 bytes):
      [skipped -- avoiding large-memory benchmarks]
    Write bandwidth of D1 cache (for 2 PUs) (using 1*24576 bytes):
      iterations=1... time=3.19999e-07 sec
      iterations=10... time=2.815e-06 sec
      iterations=100... time=2.7611e-05 sec
      iterations=1000... time=0.000275913 sec
      iterations=10000... time=0.00278789 sec
      iterations=100000... time=0.0281101 sec
      iterations=1000000... time=0.278585 sec
      iterations=4000000... time=1.11447 sec
      result: 88.207 GByte/sec
    Write bandwidth of L2 cache (for 2 PUs) (using 1*393216 bytes):
      iterations=1... time=7.314e-06 sec
      iterations=10... time=4.6196e-05 sec
      iterations=100... time=0.000473921 sec
      iterations=1000... time=0.00444477 sec
      iterations=10000... time=0.0443627 sec
      iterations=100000... time=0.443153 sec
      iterations=200000... time=0.8864 sec
      iterations=400000... time=1.77393 sec
      result: 88.6656 GByte/sec
    Write bandwidth of L3 cache (for 4 PUs) (using 1*25165824 bytes):
      [skipped -- avoiding large-memory benchmarks]
    Stencil code performance of D1 cache (for 2 PUs) (using 1*12^3 grid points, 1*27648 bytes):
      iterations=1... time=1.8965e-05 sec
      iterations=10... time=0.000343709 sec
      iterations=100... time=0.00331495 sec
      iterations=1000... time=0.0328435 sec
      iterations=10000... time=0.329877 sec
      iterations=30000... time=0.979564 sec
      iterations=60000... time=1.92758 sec
      result: 0.0537876 Gupdates/sec
    Stencil code performance of L2 cache (for 2 PUs) (using 1*29^3 grid points, 1*390224 bytes):
      iterations=1... time=0.000148276 sec
      iterations=10... time=0.00163402 sec
      iterations=100... time=0.0155604 sec
      iterations=1000... time=0.163648 sec
      iterations=7000... time=1.15404 sec
      result: 0.147936 Gupdates/sec
    Stencil code performance of L3 cache (for 4 PUs) (using 1*116^3 grid points, 1*24974336 bytes):
      iterations=1... time=0.00435264 sec
      iterations=10... time=0.0431313 sec
      iterations=100... time=0.417274 sec
      iterations=300... time=1.2326 sec
      result: 0.379902 Gupdates/sec
  Single-node measurements (using 1 MPI processes with 2 OpenMP threads each):
    CPU frequency:
      iterations=1000000... time=0.00131831 sec
      iterations=10000000... time=0.0124806 sec
      iterations=100000000... time=0.124711 sec
      iterations=900000000... time=1.12253 sec
      iterations=900000000... time=0.841571 sec
      result: 6.40669 GHz
    CPU floating point performance:
      iterations=1000000... time=0.00198981 sec
      iterations=10000000... time=0.0198621 sec
      iterations=100000000... time=0.198603 sec
      iterations=600000000... time=1.19218 sec
      result: 16.1049 Gflop/sec
    CPU integer performance:
      iterations=1000000... time=0.00156691 sec
      iterations=10000000... time=0.0155967 sec
      iterations=100000000... time=0.15595 sec
      iterations=700000000... time=1.0931 sec
      result: 10.2461 Giop/sec
    Read latency of D1 cache (for 2 PUs) (using 2*24576 bytes):
      iterations=1000... time=0.000124832 sec
      iterations=10000... time=0.00124628 sec
      iterations=100000... time=0.0124585 sec
      iterations=1000000... time=0.12454 sec
      iterations=9000000... time=1.12512 sec
      result: 1.25014 nsec
    Read latency of L2 cache (for 2 PUs) (using 2*393216 bytes):
      iterations=1000... time=0.00067209 sec
      iterations=10000... time=0.00604296 sec
      iterations=100000... time=0.0588542 sec
      iterations=1000000... time=0.461237 sec
      iterations=2000000... time=0.919821 sec
      iterations=4000000... time=1.84004 sec
      result: 4.6001 nsec
    Read latency of L3 cache (for 4 PUs) (using 1*25165824 bytes):
      [skipped -- avoiding large-memory benchmarks]
    Read bandwidth of D1 cache (for 2 PUs) (using 2*24576 bytes):
      iterations=1... time=5.615e-07 sec
      iterations=10... time=3.6865e-06 sec
      iterations=100... time=3.7359e-05 sec
      iterations=1000... time=0.000343819 sec
      iterations=10000... time=0.00260867 sec
      iterations=100000... time=0.0243803 sec
      iterations=1000000... time=0.244013 sec
      iterations=5000000... time=1.2208 sec
      result: 100.655 GByte/sec
    Read bandwidth of L2 cache (for 2 PUs) (using 2*393216 bytes):
      iterations=1... time=9.408e-06 sec
      iterations=10... time=5.99265e-05 sec
      iterations=100... time=0.000552452 sec
      iterations=1000... time=0.00527783 sec
      iterations=10000... time=0.0529573 sec
      iterations=100000... time=0.502956 sec
      iterations=200000... time=1.00495 sec
      result: 78.2556 GByte/sec
    Read bandwidth of L3 cache (for 4 PUs) (using 1*25165824 bytes):
      [skipped -- avoiding large-memory benchmarks]
    Write latency of D1 cache (for 2 PUs) (using 2*24576 bytes):
      iterations=1000... time=3.4415e-06 sec
      iterations=10000... time=3.26505e-05 sec
      iterations=100000... time=0.000283056 sec
      iterations=1000000... time=0.00258115 sec
      iterations=10000000... time=0.02491 sec
      iterations=100000000... time=0.250123 sec
      iterations=400000000... time=0.997691 sec
      iterations=800000000... time=1.99563 sec
      result: 0.311818 nsec
    Write latency of L2 cache (for 2 PUs) (using 2*393216 bytes):
      iterations=1000... time=1.5834e-05 sec
      iterations=10000... time=9.72105e-05 sec
      iterations=100000... time=0.000988543 sec
      iterations=1000000... time=0.00971732 sec
      iterations=10000000... time=0.0978672 sec
      iterations=100000000... time=0.974281 sec
      iterations=200000000... time=1.96728 sec
      result: 1.22955 nsec
    Write latency of L3 cache (for 4 PUs) (using 1*25165824 bytes):
      [skipped -- avoiding large-memory benchmarks]
    Write bandwidth of D1 cache (for 2 PUs) (using 2*24576 bytes):
      iterations=1... time=4.21e-07 sec
      iterations=10... time=3.812e-06 sec
      iterations=100... time=3.6398e-05 sec
      iterations=1000... time=0.000330885 sec
      iterations=10000... time=0.00279131 sec
      iterations=100000... time=0.0270816 sec
      iterations=1000000... time=0.270662 sec
      iterations=4000000... time=1.08348 sec
      result: 90.7302 GByte/sec
    Write bandwidth of L2 cache (for 2 PUs) (using 2*393216 bytes):
      iterations=1... time=9.7985e-06 sec
      iterations=10... time=7.3136e-05 sec
      iterations=100... time=0.000614809 sec
      iterations=1000... time=0.00471045 sec
      iterations=10000... time=0.0463505 sec
      iterations=100000... time=0.454094 sec
      iterations=200000... time=0.906913 sec
      iterations=400000... time=1.81642 sec
      result: 86.5915 GByte/sec
    Write bandwidth of L3 cache (for 4 PUs) (using 1*25165824 bytes):
      [skipped -- avoiding large-memory benchmarks]
    Stencil code performance of D1 cache (for 2 PUs) (using 1*12^3 grid points, 1*27648 bytes):
      iterations=1... time=6.046e-06 sec
      iterations=10... time=0.00010227 sec
      iterations=100... time=0.000842852 sec
      iterations=1000... time=0.00827207 sec
      iterations=10000... time=0.0867405 sec
      iterations=100000... time=0.857294 sec
      iterations=200000... time=1.74034 sec
      result: 0.198582 Gupdates/sec
    Stencil code performance of L2 cache (for 2 PUs) (using 1*29^3 grid points, 1*390224 bytes):
      iterations=1... time=3.7535e-05 sec
      iterations=10... time=0.000378483 sec
      iterations=100... time=0.00380296 sec
      iterations=1000... time=0.0388293 sec
      iterations=10000... time=0.387767 sec
      iterations=30000... time=1.14339 sec
      result: 0.639915 Gupdates/sec
    Stencil code performance of L3 cache (for 4 PUs) (using 1*116^3 grid points, 1*24974336 bytes):
      iterations=1... time=0.000868013 sec
      iterations=10... time=0.0111786 sec
      iterations=100... time=0.111946 sec
      iterations=1000... time=1.11797 sec
      result: 1.39619 Gupdates/sec
INFO (Vectors): Testing vectorisation... [errors may result in segfaults]
INFO (Vectors): 375/375 tests passed 
INFO (CartGrid3D): Grid Spacings:
INFO (CartGrid3D): dx=>1.1111111e-01  dy=>1.1111111e-01  dz=>1.1111111e-01
INFO (CartGrid3D): Computational Coordinates:
INFO (CartGrid3D): x=>[-0.500, 0.500]  y=>[-0.500, 0.500]  z=>[-0.500, 0.500]
INFO (CartGrid3D): Indices of Physical Coordinates:
INFO (CartGrid3D): x=>[0,9]  y=>[0,9]  z=>[0,9]
INFO (PUGH): MPI Evolution on 1 processors
INFO (PUGH): 3-dimensional grid functions
INFO (PUGH):  10
INFO (PUGH):  1
INFO (PUGH): 10]
INFO (PUGH):   Maximum load skew: 0.000000
--------------------------------------------------------------------------------
Done.
+ echo Stopping:
Stopping:
+ date
Thu May  7 16:50:50 UTC 2026
+ echo Done.
Done.
  Elapsed time: 63.6 s
