/home/runner/simulations/TestJob01_temp_1/output-0000/TEST/sim/MemSpeed
Preparing:
+ set -e
+ cd output-0000-active
+ echo Checking:
Checking:
+ pwd
/home/runner/simulations/TestJob01_temp_1/output-0000/TEST/sim/MemSpeed/output-0000-active
+ hostname
fv-az844-539
+ date
Sun Dec 11 18:01:36 UTC 2022
+ echo Environment:
Environment:
+ export CACTUS_NUM_PROCS=1
+ CACTUS_NUM_PROCS=1
+ export CACTUS_NUM_THREADS=2
+ CACTUS_NUM_THREADS=2
+ export GMON_OUT_PREFIX=gmon.out
+ GMON_OUT_PREFIX=gmon.out
+ export OMP_NUM_THREADS=2
+ OMP_NUM_THREADS=2
+ env
+ sort
+ echo Starting:
Starting:
++ date +%s
+ export CACTUS_STARTTIME=1670781696
+ CACTUS_STARTTIME=1670781696
+ '[' 1 = 1 ']'
+ '[' 0 -eq 0 ']'
+ /home/runner/simulations/TestJob01_temp_1/SIMFACTORY/exe/cactus_sim -L 3 /home/runner/simulations/TestJob01_temp_1/output-0000/arrangements/CactusUtils/MemSpeed/test/memspeed.par
INFO (Cactus): Increased logging level from 0 to 3
--------------------------------------------------------------------------------

       10                                  
  1   0101       ************************  
  01  1010 10      The Cactus Code V4.13.0    
 1010 1101 011      www.cactuscode.org     
  1001 100101    ************************  
    00010101                               
     100011     (c) Copyright The Authors  
      0100      GNU Licensed. No Warranty  
      0101                                 
--------------------------------------------------------------------------------

Cactus version:    4.13.0
Compile date:      Dec 11 2022 (17:55:04)
Run date:          Dec 11 2022 (18:01:36+0000)
Run host:          fv-az844-539.kvdfyhrxhd0epk3sa4trub4njc.xx.internal.cloudapp.net (pid=103397)
Working directory: /home/runner/simulations/TestJob01_temp_1/output-0000/TEST/sim/MemSpeed
Executable:        /home/runner/simulations/TestJob01_temp_1/SIMFACTORY/exe/cactus_sim
Parameter file:    /home/runner/simulations/TestJob01_temp_1/output-0000/arrangements/CactusUtils/MemSpeed/test/memspeed.par
--------------------------------------------------------------------------------

Activating thorn Cactus...Success -> active implementation Cactus
Activation requested for 
--->hwloc MemSpeed SystemTopology CartGrid3D CoordBase IOASCII IOUtil PUGH PUGHSlab<---
Thorn hwloc requests automatic activation of zlib
Thorn MemSpeed requests automatic activation of Vectors
Thorn MemSpeed requests automatic activation of MPI
Activating thorn CartGrid3D...Success -> active implementation grid
Activating thorn CoordBase...Success -> active implementation CoordBase
Activating thorn hwloc...Success -> active implementation hwloc
Activating thorn IOASCII...Success -> active implementation IOASCII
Activating thorn IOUtil...Success -> active implementation IO
Activating thorn MemSpeed...Success -> active implementation MemSpeed
Activating thorn MPI...Success -> active implementation MPI
Activating thorn PUGH...Success -> active implementation Driver
Activating thorn PUGHSlab...Success -> active implementation Hyperslab
Activating thorn SystemTopology...Success -> active implementation SystemTopology
Activating thorn Vectors...Success -> active implementation Vectors
Activating thorn zlib...Success -> active implementation zlib
--------------------------------------------------------------------------------
  if (recover initial data)
    Recover parameters
  endif

  Startup routines
    [CCTK_STARTUP]
      CartGrid3D::SymmetryStartup: Register GH Extension for GridSymmetry
      CoordBase::CoordBase_Startup: Register a GH extension to store the coordinate system handles
      GROUP hwloc_startup: hwloc startup group
        hwloc::hwloc_version: Output hwloc version
      SystemTopology::ST_system_topology: Output and/or modify system topology and hardware locality
      PUGH::Driver_Startup: Startup routine
      PUGH::PUGH_RegisterPUGHP2LRoutines: Register Physical to Logical process mapping routines
      PUGH::PUGH_RegisterPUGHTopologyRoutines: Register topology generation routines routines
      IOUtil::IOUtil_Startup: Startup routine
      Vectors::Vectors_Startup: Print startup message
      IOASCII::IOASCII_Startup: Startup routine

  Startup routines which need an existing grid hierarchy
    [CCTK_WRAGH]
      CartGrid3D::RegisterCartGrid3DCoords: [meta] Register coordinates for the Cartesian grid
      MemSpeed::MemSpeed_MeasureSpeed: [meta] Measure CPU, memory, cache speeds
  Parameter checking routines
    [CCTK_PARAMCHECK]
      CartGrid3D::ParamCheck_CartGrid3D: Check coordinates for CartGrid3D
      Vectors::Vectors_Test: Run correctness tests.

  Initialisation
    if (NOT (recover initial data AND recovery_mode is 'strict'))
      [CCTK_PREREGRIDINITIAL]
      Set up grid hierarchy
      [CCTK_POSTREGRIDINITIAL]
        CartGrid3D::SpatialCoordinates: Set Coordinates after regridding
      [CCTK_BASEGRID]
        CartGrid3D::SpatialSpacings: Set up ranges for spatial 3D Cartesian coordinates (on all grids)
        CartGrid3D::SpatialCoordinates: Set up spatial 3D Cartesian coordinates on the GH
        IOASCII::IOASCII_Choose1D: Choose 1D output lines
        IOASCII::IOASCII_Choose2D: Choose 2D output planes
        PUGH::PUGH_Report: Report on PUGH set up
      [CCTK_INITIAL]
      [CCTK_POSTINITIAL]
      Initialise finer grids recursively
      Restrict from finer grids
      [CCTK_POSTRESTRICTINITIAL]
      [CCTK_POSTPOSTINITIAL]
      [CCTK_POSTSTEP]
    endif
    if (recover initial data)
      [CCTK_BASEGRID]
        CartGrid3D::SpatialSpacings: Set up ranges for spatial 3D Cartesian coordinates (on all grids)
        CartGrid3D::SpatialCoordinates: Set up spatial 3D Cartesian coordinates on the GH
        IOASCII::IOASCII_Choose1D: Choose 1D output lines
        IOASCII::IOASCII_Choose2D: Choose 2D output planes
        PUGH::PUGH_Report: Report on PUGH set up
      [CCTK_RECOVER_VARIABLES]
      [CCTK_POST_RECOVER_VARIABLES]
    endif
    if (checkpoint initial data)
      [CCTK_CPINITIAL]
    endif
    if (analysis)
      [CCTK_ANALYSIS]
  endif
  Output grid variables

  do loop over timesteps
    [CCTK_PREREGRID]
    Change grid hierarchy
    [CCTK_POSTREGRID]
      CartGrid3D::SpatialCoordinates: Set Coordinates after regridding
    Rotate timelevels
    iteration = iteration+1
    t = t+dt
    [CCTK_PRESTEP]
    [CCTK_EVOL]
    Evolve finer grids recursively
    Restrict from finer grids
    [CCTK_POSTRESTRICT]
    [CCTK_POSTSTEP]
    if (checkpoint)
      [CCTK_CHECKPOINT]
    endif
    if (analysis)
      [CCTK_ANALYSIS]
    endif
    Output grid variables
    enddo

  Termination routines
    [CCTK_TERMINATE]
      PUGH::Driver_Terminate: Termination routine

  Shutdown routines
    [CCTK_SHUTDOWN]

  Routines run after changing the grid hierarchy:
    [CCTK_POSTREGRID]
      CartGrid3D::SpatialCoordinates: Set Coordinates after regridding
--------------------------------------------------------------------------------
INFO (hwloc): library version 2.1.0, API version 0x20100
INFO (SystemTopology): MPI process-to-host mapping:
This is MPI process 0 of 1
MPI hosts:
  0: fv-az844-539
This MPI process runs on host 0 of 1
On this host, this is MPI process 0 of 1
INFO (SystemTopology): Topology support:
Discovery support:
  discovery->pu                            : yes
CPU binding support:
  cpubind->set_thisproc_cpubind            : yes
  cpubind->get_thisproc_cpubind            : yes
  cpubind->set_proc_cpubind                : yes
  cpubind->get_proc_cpubind                : yes
  cpubind->set_thisthread_cpubind          : yes
  cpubind->get_thisthread_cpubind          : yes
  cpubind->set_thread_cpubind              : yes
  cpubind->get_thread_cpubind              : yes
  cpubind->get_thisproc_last_cpu_location  : yes
  cpubind->get_proc_last_cpu_location      : yes
  cpubind->get_thisthread_last_cpu_location: yes
Memory binding support:
  membind->set_thisproc_membind            : no
  membind->get_thisproc_membind            : no
  membind->set_proc_membind                : no
  membind->get_proc_membind                : no
  membind->set_thisthread_membind          : yes
  membind->get_thisthread_membind          : yes
  membind->set_area_membind                : yes
  membind->get_area_membind                : yes
  membind->alloc_membind                   : yes
  membind->firsttouch_membind              : yes
  membind->bind_membind                    : yes
  membind->interleave_membind              : yes
  membind->nexttouch_membind               : no
  membind->migrate_membind                 : yes
INFO (SystemTopology): Hardware objects in this node:
Machine L#0: (P#0, total=7110656KB, DMIProductName="Virtual Machine", DMIProductVersion=7.0, DMIProductUUID=a3c63661-b96d-0a44-81b6-12c673de5d05, DMIBoardVendor="Microsoft Corporation", DMIBoardName="Virtual Machine", DMIBoardVersion=7.0, DMIChassisVendor="Microsoft Corporation", DMIChassisType=3, DMIChassisVersion=7.0, DMIChassisAssetTag=7783-7084-3265-9085-8269-3286-77, DMIBIOSVendor="American Megatrends Inc.", DMIBIOSVersion="090008 ", DMIBIOSDate=12/07/2018, DMISysVendor="Microsoft Corporation", Backend=Linux, LinuxCgroup=/, OSName=Linux, OSRelease=5.15.0-1023-azure, OSVersion="#29~20.04.1-Ubuntu SMP Wed Oct 26 19:18:25 UTC 2022", HostName=fv-az844-539, Architecture=x86_64, hwlocVersion=2.1.0, ProcessName=cactus_sim)
  Package L#0: (P#0, total=7110656KB, CPUVendor=GenuineIntel, CPUFamilyNumber=6, CPUModelNumber=106, CPUModel="Intel(R) Xeon(R) Platinum 8370C CPU @ 2.80GHz", CPUStepping=6)
    L3Cache L#0: (P#-1, size=49152KB, linesize=64, ways=12, Inclusive=0)
      L2Cache L#0: (P#-1, size=1280KB, linesize=64, ways=20, Inclusive=0)
        L1dCache L#0: (P#-1, size=48KB, linesize=64, ways=12, Inclusive=0)
          Core L#0: (P#0)
            PU L#0: (P#0)
      L2Cache L#1: (P#-1, size=1280KB, linesize=64, ways=20, Inclusive=0)
        L1dCache L#1: (P#-1, size=48KB, linesize=64, ways=12, Inclusive=0)
          Core L#1: (P#1)
            PU L#1: (P#1)
INFO (SystemTopology): Thread CPU bindings:
  MPI process 0 on host 0 (process 0 of 1 on this host)
    OpenMP thread 0: PU set L#{0-1} P#{0-1}
    OpenMP thread 1: PU set L#{0-1} P#{0-1}
INFO (SystemTopology): Setting thread CPU bindings:
INFO (SystemTopology): Thread CPU bindings:
  MPI process 0 on host 0 (process 0 of 1 on this host)
    OpenMP thread 0: PU set L#{0} P#{0}
    OpenMP thread 1: PU set L#{1} P#{1}
INFO (SystemTopology): Extracting CPU/cache/memory properties:
  There are 1 PUs per core (aka hardware SMT threads)
  There are 1 threads per core (aka SMT threads used)
  Cache (unknown name) has type "data" depth 1
    size 49152 linesize 64 associativity 12 stride 4096, for 1 PUs
  Cache (unknown name) has type "unified" depth 2
    size 1310720 linesize 64 associativity 20 stride 65536, for 1 PUs
  Cache (unknown name) has type "unified" depth 3
    size 50331648 linesize 64 associativity 12 stride 4194304, for 2 PUs
INFO (PUGH): Using physical to logical mappings: direct
INFO (PUGH): Using topology generator: automatic
INFO (Vectors): Using vector size 2 for architecture SSE2 (64-bit precision)
--------------------------------------------------------------------------------
Driver provided by PUGH
--------------------------------------------------------------------------------

INFO (PUGH): Not setting up a topology for 1 dimensions
INFO (PUGH): Not setting up a topology for 2 dimensions
INFO (PUGH): Setting up a topology for 3 dimensions
INFO (IOASCII): I/O Method 'IOASCII_1D' registered: output of 1D lines of grid functions/arrays to ASCII files
INFO (IOASCII): Periodic 1D output every 1 iterations
INFO (IOASCII): Periodic 1D output requested for 'GRID::r'
INFO (IOASCII): I/O Method 'IOASCII_2D' registered: output of 2D planes of grid functions/arrays to ASCII files
INFO (IOASCII): Periodic 2D output turned off
INFO (IOASCII): I/O Method 'IOASCII_3D' registered: output of 3D grid functions/arrays to ASCII files
INFO (IOASCII): Periodic 3D output turned off
INFO (MemSpeed): Measuring CPU, cache, memory, and communication speeds:
  Single-core measurements (using 1 MPI processes with 1 OpenMP threads each):
    CPU frequency:
      iterations=1000000... time=0.0017233 sec
      iterations=10000000... time=0.0167832 sec
      iterations=100000000... time=0.169646 sec
      iterations=600000000... time=1.01786 sec
      iterations=600000000... time=1.03847 sec
      result: -58.2109 GHz
    CPU floating point performance:
      iterations=1000000... time=0.0036158 sec
      iterations=10000000... time=0.0360832 sec
      iterations=100000000... time=0.360844 sec
      iterations=300000000... time=1.08246 sec
      result: 8.86868 Gflop/sec
    CPU integer performance:
      iterations=1000000... time=0.0020098 sec
      iterations=10000000... time=0.0199016 sec
      iterations=100000000... time=0.199026 sec
      iterations=600000000... time=1.19425 sec
      result: 8.03853 Giop/sec
    Read latency of D1 cache (for 1 PUs) (using 1*36864 bytes):
      iterations=1000... time=0.0002079 sec
      iterations=10000... time=0.0020701 sec
      iterations=100000... time=0.0207001 sec
      iterations=1000000... time=0.206787 sec
      iterations=5000000... time=1.03457 sec
      result: 2.06915 nsec
    Read latency of L2 cache (for 1 PUs) (using 1*983040 bytes):
      iterations=1000... time=0.0005748 sec
      iterations=10000... time=0.005714 sec
      iterations=100000... time=0.0571474 sec
      iterations=1000000... time=0.571302 sec
      iterations=2000000... time=1.14289 sec
      result: 5.71447 nsec
    Read latency of L3 cache (for 2 PUs) (using 1*37748736 bytes):
      [skipped -- avoiding large-memory benchmarks]
    Read bandwidth of D1 cache (for 1 PUs) (using 1*36864 bytes):
      iterations=1... time=8e-07 sec
      iterations=10... time=5.6e-06 sec
      iterations=100... time=5.42e-05 sec
      iterations=1000... time=0.0005406 sec
      iterations=10000... time=0.0054181 sec
      iterations=100000... time=0.0541071 sec
      iterations=1000000... time=0.541271 sec
      iterations=2000000... time=1.08232 sec
      result: 68.1201 GByte/sec
    Read bandwidth of L2 cache (for 1 PUs) (using 1*983040 bytes):
      iterations=1... time=2.27e-05 sec
      iterations=10... time=0.0002155 sec
      iterations=100... time=0.0021475 sec
      iterations=1000... time=0.0214569 sec
      iterations=10000... time=0.21418 sec
      iterations=50000... time=1.07105 sec
      result: 45.8915 GByte/sec
    Read bandwidth of L3 cache (for 2 PUs) (using 1*37748736 bytes):
      [skipped -- avoiding large-memory benchmarks]
    Write latency of D1 cache (for 1 PUs) (using 1*36864 bytes):
      iterations=1000... time=3.8e-06 sec
      iterations=10000... time=3.26e-05 sec
      iterations=100000... time=0.0003214 sec
      iterations=1000000... time=0.0032084 sec
      iterations=10000000... time=0.0321326 sec
      iterations=100000000... time=0.321489 sec
      iterations=300000000... time=0.964201 sec
      iterations=600000000... time=1.928 sec
      result: 0.401666 nsec
    Write latency of L2 cache (for 1 PUs) (using 1*983040 bytes):
      iterations=1000... time=1.53e-05 sec
      iterations=10000... time=0.0001562 sec
      iterations=100000... time=0.001809 sec
      iterations=1000000... time=0.018142 sec
      iterations=10000000... time=0.182673 sec
      iterations=60000000... time=1.09643 sec
      result: 2.28423 nsec
    Write latency of L3 cache (for 2 PUs) (using 1*37748736 bytes):
      [skipped -- avoiding large-memory benchmarks]
    Write bandwidth of D1 cache (for 1 PUs) (using 1*36864 bytes):
      iterations=1... time=6e-07 sec
      iterations=10... time=5.9e-06 sec
      iterations=100... time=3.41e-05 sec
      iterations=1000... time=0.0002446 sec
      iterations=10000... time=0.0024431 sec
      iterations=100000... time=0.024472 sec
      iterations=1000000... time=0.244827 sec
      iterations=4000000... time=0.979988 sec
      iterations=8000000... time=1.95939 sec
      result: 150.512 GByte/sec
    Write bandwidth of L2 cache (for 1 PUs) (using 1*983040 bytes):
      iterations=1... time=2.24e-05 sec
      iterations=10... time=0.0002048 sec
      iterations=100... time=0.0020398 sec
      iterations=1000... time=0.0204111 sec
      iterations=10000... time=0.204256 sec
      iterations=50000... time=1.02146 sec
      result: 48.1195 GByte/sec
    Write bandwidth of L3 cache (for 2 PUs) (using 1*37748736 bytes):
      [skipped -- avoiding large-memory benchmarks]
    Stencil code performance of D1 cache (for 1 PUs) (using 1*13^3 grid points, 1*35152 bytes):
      iterations=1... time=1.27e-05 sec
      iterations=10... time=0.0001334 sec
      iterations=100... time=0.0013218 sec
      iterations=1000... time=0.0135592 sec
      iterations=10000... time=0.131954 sec
      iterations=80000... time=1.05711 sec
      result: 0.166264 Gupdates/sec
    Stencil code performance of L2 cache (for 1 PUs) (using 1*39^3 grid points, 1*949104 bytes):
      iterations=1... time=9.83e-05 sec
      iterations=10... time=0.0010177 sec
      iterations=100... time=0.0101423 sec
      iterations=1000... time=0.101133 sec
      iterations=10000... time=1.01086 sec
      result: 0.586818 Gupdates/sec
    Stencil code performance of L3 cache (for 2 PUs) (using 1*133^3 grid points, 1*37642192 bytes):
      iterations=1... time=0.0450625 sec
      iterations=10... time=0.428451 sec
      iterations=30... time=1.27833 sec
      result: 0.0552121 Gupdates/sec
  Single-node measurements (using 1 MPI processes with 2 OpenMP threads each):
    CPU frequency:
      iterations=1000000... time=0.0016939 sec
      iterations=10000000... time=0.0169842 sec
      iterations=100000000... time=0.16988 sec
      iterations=600000000... time=1.02166 sec
      iterations=600000000... time=1.04021 sec
      result: -64.6979 GHz
    CPU floating point performance:
      iterations=1000000... time=0.00379615 sec
      iterations=10000000... time=0.036125 sec
      iterations=100000000... time=0.366396 sec
      iterations=300000000... time=1.08431 sec
      result: 8.85353 Gflop/sec
    CPU integer performance:
      iterations=1000000... time=0.00200275 sec
      iterations=10000000... time=0.0202422 sec
      iterations=100000000... time=0.199786 sec
      iterations=600000000... time=1.19782 sec
      result: 8.01453 Giop/sec
    Read latency of D1 cache (for 1 PUs) (using 2*36864 bytes):
      iterations=1000... time=0.00020445 sec
      iterations=10000... time=0.0020424 sec
      iterations=100000... time=0.0203729 sec
      iterations=1000000... time=0.204046 sec
      iterations=5000000... time=1.0201 sec
      result: 2.04021 nsec
    Read latency of L2 cache (for 1 PUs) (using 2*983040 bytes):
      iterations=1000... time=0.0005837 sec
      iterations=10000... time=0.0058343 sec
      iterations=100000... time=0.0581958 sec
      iterations=1000000... time=0.584794 sec
      iterations=2000000... time=1.16621 sec
      result: 5.83105 nsec
    Read latency of L3 cache (for 2 PUs) (using 1*37748736 bytes):
      [skipped -- avoiding large-memory benchmarks]
    Read bandwidth of D1 cache (for 1 PUs) (using 2*36864 bytes):
      iterations=1... time=7.5e-07 sec
      iterations=10... time=5.55e-06 sec
      iterations=100... time=5.42e-05 sec
      iterations=1000... time=0.00054055 sec
      iterations=10000... time=0.00541225 sec
      iterations=100000... time=0.0541669 sec
      iterations=1000000... time=0.541356 sec
      iterations=2000000... time=1.08347 sec
      result: 68.0483 GByte/sec
    Read bandwidth of L2 cache (for 1 PUs) (using 2*983040 bytes):
      iterations=1... time=2.315e-05 sec
      iterations=10... time=0.00022165 sec
      iterations=100... time=0.0022088 sec
      iterations=1000... time=0.0218982 sec
      iterations=10000... time=0.219205 sec
      iterations=50000... time=1.09673 sec
      result: 44.8169 GByte/sec
    Read bandwidth of L3 cache (for 2 PUs) (using 1*37748736 bytes):
      [skipped -- avoiding large-memory benchmarks]
    Write latency of D1 cache (for 1 PUs) (using 2*36864 bytes):
      iterations=1000... time=3.6e-06 sec
      iterations=10000... time=3.245e-05 sec
      iterations=100000... time=0.0003211 sec
      iterations=1000000... time=0.0032202 sec
      iterations=10000000... time=0.0321242 sec
      iterations=100000000... time=0.321461 sec
      iterations=300000000... time=0.964769 sec
      iterations=600000000... time=1.93673 sec
      result: 0.403485 nsec
    Write latency of L2 cache (for 1 PUs) (using 2*983040 bytes):
      iterations=1000... time=1.62e-05 sec
      iterations=10000... time=0.0001669 sec
      iterations=100000... time=0.00181395 sec
      iterations=1000000... time=0.0183541 sec
      iterations=10000000... time=0.183473 sec
      iterations=60000000... time=1.09823 sec
      result: 2.28798 nsec
    Write latency of L3 cache (for 2 PUs) (using 1*37748736 bytes):
      [skipped -- avoiding large-memory benchmarks]
    Write bandwidth of D1 cache (for 1 PUs) (using 2*36864 bytes):
      iterations=1... time=5.5e-07 sec
      iterations=10... time=4.15e-06 sec
      iterations=100... time=3.29e-05 sec
      iterations=1000... time=0.0002416 sec
      iterations=10000... time=0.00241645 sec
      iterations=100000... time=0.0241207 sec
      iterations=1000000... time=0.241802 sec
      iterations=5000000... time=1.21004 sec
      result: 152.325 GByte/sec
    Write bandwidth of L2 cache (for 1 PUs) (using 2*983040 bytes):
      iterations=1... time=2.565e-05 sec
      iterations=10... time=0.00021325 sec
      iterations=100... time=0.00210695 sec
      iterations=1000... time=0.0211043 sec
      iterations=10000... time=0.211051 sec
      iterations=50000... time=1.05635 sec
      result: 46.5302 GByte/sec
    Write bandwidth of L3 cache (for 2 PUs) (using 1*37748736 bytes):
      [skipped -- avoiding large-memory benchmarks]
    Stencil code performance of D1 cache (for 1 PUs) (using 2*10^3 grid points, 2*16000 bytes):
      iterations=1... time=3.3e-06 sec
      iterations=10... time=3.675e-05 sec
      iterations=100... time=0.00036795 sec
      iterations=1000... time=0.00368245 sec
      iterations=10000... time=0.0368498 sec
      iterations=100000... time=0.370658 sec
      iterations=300000... time=1.10543 sec
      result: 0.271388 Gupdates/sec
    Stencil code performance of L2 cache (for 1 PUs) (using 2*31^3 grid points, 2*476656 bytes):
      iterations=1... time=0.0001167 sec
      iterations=10... time=0.0005402 sec
      iterations=100... time=0.0054169 sec
      iterations=1000... time=0.0541501 sec
      iterations=10000... time=0.541701 sec
      iterations=20000... time=1.08841 sec
      result: 0.547425 Gupdates/sec
    Stencil code performance of L3 cache (for 2 PUs) (using 1*133^3 grid points, 1*37642192 bytes):
      iterations=1... time=0.0013178 sec
      iterations=10... time=0.0125952 sec
      iterations=100... time=0.124805 sec
      iterations=900... time=1.13165 sec
      result: 1.87104 Gupdates/sec
INFO (Vectors): Testing vectorisation... [errors may result in segfaults]
INFO (Vectors): 375/375 tests passed 
INFO (CartGrid3D): Grid Spacings:
INFO (CartGrid3D): dx=>1.1111111e-01  dy=>1.1111111e-01  dz=>1.1111111e-01
INFO (CartGrid3D): Computational Coordinates:
INFO (CartGrid3D): x=>[-0.500, 0.500]  y=>[-0.500, 0.500]  z=>[-0.500, 0.500]
INFO (CartGrid3D): Indices of Physical Coordinates:
INFO (CartGrid3D): x=>[0,9]  y=>[0,9]  z=>[0,9]
INFO (PUGH): MPI Evolution on 1 processors
INFO (PUGH): 3-dimensional grid functions
INFO (PUGH):   Size: 10 10 10
INFO (PUGH):   Processor topology: 1 x 1 x 1
INFO (PUGH):   Local load: 1000   [10 x 10 x 10]
INFO (PUGH):   Maximum load skew: 0.000000
--------------------------------------------------------------------------------
Done.
+ echo Stopping:
Stopping:
+ date
Sun Dec 11 18:02:28 UTC 2022
+ echo Done.
Done.
  Elapsed time: 52.7 s
