/home/runner/simulations/TestJob01_temp_2/output-0000/TEST/sim/MemSpeed
Preparing:
+ set -e
+ cd output-0000-active
+ echo Checking:
Checking:
+ pwd
/home/runner/simulations/TestJob01_temp_2/output-0000/TEST/sim/MemSpeed/output-0000-active
+ hostname
fv-az613-778
+ date
Wed Apr 19 20:59:43 UTC 2023
+ echo Environment:
Environment:
+ export CACTUS_NUM_PROCS=2
+ CACTUS_NUM_PROCS=2
+ export CACTUS_NUM_THREADS=1
+ CACTUS_NUM_THREADS=1
+ export GMON_OUT_PREFIX=gmon.out
+ GMON_OUT_PREFIX=gmon.out
+ export OMP_NUM_THREADS=1
+ OMP_NUM_THREADS=1
+ env
+ sort
+ echo Starting:
Starting:
++ date +%s
+ export CACTUS_STARTTIME=1681937983
+ CACTUS_STARTTIME=1681937983
+ '[' 2 = 1 ']'
+ mpirun -np 2 /home/runner/simulations/TestJob01_temp_2/SIMFACTORY/exe/cactus_sim -L 3 /home/runner/simulations/TestJob01_temp_2/output-0000/arrangements/CactusUtils/MemSpeed/test/memspeed.par
INFO (Cactus): Increased logging level from 0 to 3
--------------------------------------------------------------------------------

       10                                  
  1   0101       ************************  
  01  1010 10      The Cactus Code V4.13.0    
 1010 1101 011      www.cactuscode.org     
  1001 100101    ************************  
    00010101                               
     100011     (c) Copyright The Authors  
      0100      GNU Licensed. No Warranty  
      0101                                 
--------------------------------------------------------------------------------

Cactus version:    4.13.0
Compile date:      Apr 19 2023 (20:33:16)
Run date:          Apr 19 2023 (20:59:43+0000)
Run host:          fv-az613-778.xaapicw3gjmereppnaj1kw40ib.bx.internal.cloudapp.net (pid=108953)
Working directory: /home/runner/simulations/TestJob01_temp_2/output-0000/TEST/sim/MemSpeed
Executable:        /home/runner/simulations/TestJob01_temp_2/SIMFACTORY/exe/cactus_sim
Parameter file:    /home/runner/simulations/TestJob01_temp_2/output-0000/arrangements/CactusUtils/MemSpeed/test/memspeed.par
--------------------------------------------------------------------------------

Activating thorn Cactus...Success -> active implementation Cactus
Activation requested for 
--->hwloc MemSpeed SystemTopology CartGrid3D CoordBase IOASCII IOUtil PUGH PUGHSlab<---
Thorn hwloc requests automatic activation of zlib
Thorn MemSpeed requests automatic activation of Vectors
Thorn MemSpeed requests automatic activation of MPI
Activating thorn CartGrid3D...Success -> active implementation grid
Activating thorn CoordBase...Success -> active implementation CoordBase
Activating thorn hwloc...Success -> active implementation hwloc
Activating thorn IOASCII...Success -> active implementation IOASCII
Activating thorn IOUtil...Success -> active implementation IO
Activating thorn MemSpeed...Success -> active implementation MemSpeed
Activating thorn MPI...Success -> active implementation MPI
Activating thorn PUGH...Success -> active implementation Driver
Activating thorn PUGHSlab...Success -> active implementation Hyperslab
Activating thorn SystemTopology...Success -> active implementation SystemTopology
Activating thorn Vectors...Success -> active implementation Vectors
Activating thorn zlib...Success -> active implementation zlib
--------------------------------------------------------------------------------
  if (recover initial data)
    Recover parameters
  endif

  Startup routines
    [CCTK_STARTUP]
      CartGrid3D::SymmetryStartup: Register GH Extension for GridSymmetry
      CoordBase::CoordBase_Startup: Register a GH extension to store the coordinate system handles
      GROUP hwloc_startup: hwloc startup group
        hwloc::hwloc_version: Output hwloc version
      SystemTopology::ST_system_topology: Output and/or modify system topology and hardware locality
      PUGH::Driver_Startup: Startup routine
      PUGH::PUGH_RegisterPUGHP2LRoutines: Register Physical to Logical process mapping routines
      PUGH::PUGH_RegisterPUGHTopologyRoutines: Register topology generation routines routines
      IOUtil::IOUtil_Startup: Startup routine
      Vectors::Vectors_Startup: Print startup message
      IOASCII::IOASCII_Startup: Startup routine

  Startup routines which need an existing grid hierarchy
    [CCTK_WRAGH]
      CartGrid3D::RegisterCartGrid3DCoords: [meta] Register coordinates for the Cartesian grid
      MemSpeed::MemSpeed_MeasureSpeed: [meta] Measure CPU, memory, cache speeds
  Parameter checking routines
    [CCTK_PARAMCHECK]
      CartGrid3D::ParamCheck_CartGrid3D: Check coordinates for CartGrid3D
      Vectors::Vectors_Test: Run correctness tests.

  Initialisation
    if (NOT (recover initial data AND recovery_mode is 'strict'))
      [CCTK_PREREGRIDINITIAL]
      Set up grid hierarchy
      [CCTK_POSTREGRIDINITIAL]
        CartGrid3D::SpatialCoordinates: Set Coordinates after regridding
      [CCTK_BASEGRID]
        CartGrid3D::SpatialSpacings: Set up ranges for spatial 3D Cartesian coordinates (on all grids)
        CartGrid3D::SpatialCoordinates: Set up spatial 3D Cartesian coordinates on the GH
        IOASCII::IOASCII_Choose1D: Choose 1D output lines
        IOASCII::IOASCII_Choose2D: Choose 2D output planes
        PUGH::PUGH_Report: Report on PUGH set up
      [CCTK_INITIAL]
      [CCTK_POSTINITIAL]
      Initialise finer grids recursively
      Restrict from finer grids
      [CCTK_POSTRESTRICTINITIAL]
      [CCTK_POSTPOSTINITIAL]
      [CCTK_POSTSTEP]
    endif
    if (recover initial data)
      [CCTK_BASEGRID]
        CartGrid3D::SpatialSpacings: Set up ranges for spatial 3D Cartesian coordinates (on all grids)
        CartGrid3D::SpatialCoordinates: Set up spatial 3D Cartesian coordinates on the GH
        IOASCII::IOASCII_Choose1D: Choose 1D output lines
        IOASCII::IOASCII_Choose2D: Choose 2D output planes
        PUGH::PUGH_Report: Report on PUGH set up
      [CCTK_RECOVER_VARIABLES]
      [CCTK_POST_RECOVER_VARIABLES]
    endif
    if (checkpoint initial data)
      [CCTK_CPINITIAL]
    endif
    if (analysis)
      [CCTK_ANALYSIS]
  endif
  Output grid variables

  do loop over timesteps
    [CCTK_PREREGRID]
    Change grid hierarchy
    [CCTK_POSTREGRID]
      CartGrid3D::SpatialCoordinates: Set Coordinates after regridding
    Rotate timelevels
    iteration = iteration+1
    t = t+dt
    [CCTK_PRESTEP]
    [CCTK_EVOL]
    Evolve finer grids recursively
    Restrict from finer grids
    [CCTK_POSTRESTRICT]
    [CCTK_POSTSTEP]
    if (checkpoint)
      [CCTK_CHECKPOINT]
    endif
    if (analysis)
      [CCTK_ANALYSIS]
    endif
    Output grid variables
    enddo

  Termination routines
    [CCTK_TERMINATE]
      PUGH::Driver_Terminate: Termination routine

  Shutdown routines
    [CCTK_SHUTDOWN]

  Routines run after changing the grid hierarchy:
    [CCTK_POSTREGRID]
      CartGrid3D::SpatialCoordinates: Set Coordinates after regridding
--------------------------------------------------------------------------------
INFO (hwloc): library version 2.7.0, API version 0x20500
INFO (SystemTopology): MPI process-to-host mapping:
This is MPI process 0 of 2
MPI hosts:
  0: fv-az613-778
This MPI process runs on host 0 of 1
On this host, this is MPI process 0 of 2
INFO (SystemTopology): Topology support:
Discovery support:
  discovery->pu                            : yes
CPU binding support:
  cpubind->set_thisproc_cpubind            : yes
  cpubind->get_thisproc_cpubind            : yes
  cpubind->set_proc_cpubind                : yes
  cpubind->get_proc_cpubind                : yes
  cpubind->set_thisthread_cpubind          : yes
  cpubind->get_thisthread_cpubind          : yes
  cpubind->set_thread_cpubind              : yes
  cpubind->get_thread_cpubind              : yes
  cpubind->get_thisproc_last_cpu_location  : yes
  cpubind->get_proc_last_cpu_location      : yes
  cpubind->get_thisthread_last_cpu_location: yes
Memory binding support:
  membind->set_thisproc_membind            : no
  membind->get_thisproc_membind            : no
  membind->set_proc_membind                : no
  membind->get_proc_membind                : no
  membind->set_thisthread_membind          : yes
  membind->get_thisthread_membind          : yes
  membind->set_area_membind                : yes
  membind->get_area_membind                : yes
  membind->alloc_membind                   : yes
  membind->firsttouch_membind              : yes
  membind->bind_membind                    : yes
  membind->interleave_membind              : yes
  membind->nexttouch_membind               : no
  membind->migrate_membind                 : yes
INFO (SystemTopology): Hardware objects in this node:
Machine L#0: (P#0, total=7110616KB, DMIProductName="Virtual Machine", DMIProductVersion=7.0, DMIProductUUID=eae909b7-a47a-974b-94c1-b17721a427b6, DMIBoardVendor="Microsoft Corporation", DMIBoardName="Virtual Machine", DMIBoardVersion=7.0, DMIChassisVendor="Microsoft Corporation", DMIChassisType=3, DMIChassisVersion=7.0, DMIChassisAssetTag=7783-7084-3265-9085-8269-3286-77, DMIBIOSVendor="American Megatrends Inc.", DMIBIOSVersion="090008 ", DMIBIOSDate=12/07/2018, DMISysVendor="Microsoft Corporation", Backend=Linux, LinuxCgroup=/system.slice/runner-provisioner.service, OSName=Linux, OSRelease=5.15.0-1035-azure, OSVersion="#42-Ubuntu SMP Tue Feb 28 19:41:23 UTC 2023", HostName=fv-az613-778, Architecture=x86_64, hwlocVersion=2.7.0, ProcessName=cactus_sim)
  Package L#0: (P#0, total=7110616KB, CPUVendor=GenuineIntel, CPUFamilyNumber=6, CPUModelNumber=85, CPUModel="Intel(R) Xeon(R) Platinum 8272CL CPU @ 2.60GHz", CPUStepping=7)
    L3Cache L#0: (P#0, size=36608KB, linesize=64, ways=11, Inclusive=0)
      L2Cache L#0: (P#0, size=1024KB, linesize=64, ways=16, Inclusive=0)
        L1dCache L#0: (P#0, size=32KB, linesize=64, ways=8, Inclusive=0)
          Core L#0: (P#0)
            PU L#0: (P#0)
      L2Cache L#1: (P#1, size=1024KB, linesize=64, ways=16, Inclusive=0)
        L1dCache L#1: (P#1, size=32KB, linesize=64, ways=8, Inclusive=0)
          Core L#1: (P#1)
            PU L#1: (P#1)
INFO (SystemTopology): Thread CPU bindings:
  MPI process 0 on host 0 (process 0 of 2 on this host)
    OpenMP thread 0: PU set L#{0} P#{0}
  MPI process 1 on host 0 (process 1 of 2 on this host)
    OpenMP thread 0: PU set L#{1} P#{1}
INFO (SystemTopology): Setting thread CPU bindings:
INFO (SystemTopology): Thread CPU bindings:
  MPI process 0 on host 0 (process 0 of 2 on this host)
    OpenMP thread 0: PU set L#{0} P#{0}
  MPI process 1 on host 0 (process 1 of 2 on this host)
    OpenMP thread 0: PU set L#{1} P#{1}
INFO (SystemTopology): Extracting CPU/cache/memory properties:
  There are 1 PUs per core (aka hardware SMT threads)
  There are 1 threads per core (aka SMT threads used)
  Cache (unknown name) has type "data" depth 1
    size 32768 linesize 64 associativity 8 stride 4096, for 1 PUs
  Cache (unknown name) has type "unified" depth 2
    size 1048576 linesize 64 associativity 16 stride 65536, for 1 PUs
  Cache (unknown name) has type "unified" depth 3
    size 37486592 linesize 64 associativity 11 stride 3407872, for 2 PUs
INFO (PUGH): Using physical to logical mappings: direct
INFO (PUGH): Using topology generator: automatic
INFO (Vectors): Using vector size 2 for architecture SSE2 (64-bit precision)
--------------------------------------------------------------------------------
Driver provided by PUGH
--------------------------------------------------------------------------------

INFO (PUGH): Not setting up a topology for 1 dimensions
INFO (PUGH): Not setting up a topology for 2 dimensions
INFO (PUGH): Setting up a topology for 3 dimensions
INFO (IOASCII): I/O Method 'IOASCII_1D' registered: output of 1D lines of grid functions/arrays to ASCII files
INFO (IOASCII): Periodic 1D output every 1 iterations
INFO (IOASCII): Periodic 1D output requested for 'GRID::r'
INFO (IOASCII): I/O Method 'IOASCII_2D' registered: output of 2D planes of grid functions/arrays to ASCII files
INFO (IOASCII): Periodic 2D output turned off
INFO (IOASCII): I/O Method 'IOASCII_3D' registered: output of 3D grid functions/arrays to ASCII files
INFO (IOASCII): Periodic 3D output turned off
INFO (MemSpeed): Measuring CPU, cache, memory, and communication speeds:
  Single-core measurements (using 1 MPI processes with 1 OpenMP threads each):
    CPU frequency:
      iterations=1000000... time=0.0014298 sec
      iterations=10000000... time=0.0134755 sec
      iterations=100000000... time=0.134205 sec
      iterations=800000000... time=1.07456 sec
      iterations=800000000... time=1.07453 sec
      result: 51118.2 GHz
    CPU floating point performance:
      iterations=1000000... time=0.00299093 sec
      iterations=10000000... time=0.0298604 sec
      iterations=100000000... time=0.299112 sec
      iterations=400000000... time=1.19942 sec
      result: 10.6719 Gflop/sec
    CPU integer performance:
      iterations=1000000... time=0.00184052 sec
      iterations=10000000... time=0.0186993 sec
      iterations=100000000... time=0.184666 sec
      iterations=600000000... time=1.11092 sec
      result: 8.64152 Giop/sec
    Read latency of D1 cache (for 1 PUs) (using 1*24576 bytes):
      iterations=1000... time=0.000135001 sec
      iterations=10000... time=0.00133881 sec
      iterations=100000... time=0.013422 sec
      iterations=1000000... time=0.135403 sec
      iterations=8000000... time=1.07752 sec
      result: 1.3469 nsec
    Read latency of L2 cache (for 1 PUs) (using 1*786432 bytes):
      iterations=1000... time=0.000663106 sec
      iterations=10000... time=0.00595355 sec
      iterations=100000... time=0.0580769 sec
      iterations=1000000... time=0.582108 sec
      iterations=2000000... time=1.16697 sec
      result: 5.83484 nsec
    Read latency of L3 cache (for 2 PUs) (using 1*28114944 bytes):
      [skipped -- avoiding large-memory benchmarks]
    Read bandwidth of D1 cache (for 1 PUs) (using 1*24576 bytes):
      iterations=1... time=1e-06 sec
      iterations=10... time=3.5e-06 sec
      iterations=100... time=3.08e-05 sec
      iterations=1000... time=0.000303702 sec
      iterations=10000... time=0.00305073 sec
      iterations=100000... time=0.0309762 sec
      iterations=1000000... time=0.304635 sec
      iterations=4000000... time=1.22028 sec
      result: 80.5588 GByte/sec
    Read bandwidth of L2 cache (for 1 PUs) (using 1*786432 bytes):
      iterations=1... time=3.07e-05 sec
      iterations=10... time=0.000172102 sec
      iterations=100... time=0.00161701 sec
      iterations=1000... time=0.017126 sec
      iterations=10000... time=0.162086 sec
      iterations=70000... time=1.13734 sec
      result: 48.4028 GByte/sec
    Read bandwidth of L3 cache (for 2 PUs) (using 1*28114944 bytes):
      [skipped -- avoiding large-memory benchmarks]
    Write latency of D1 cache (for 1 PUs) (using 1*24576 bytes):
      iterations=1000... time=3.7e-06 sec
      iterations=10000... time=2.7101e-05 sec
      iterations=100000... time=0.000267803 sec
      iterations=1000000... time=0.00267453 sec
      iterations=10000000... time=0.0268939 sec
      iterations=100000000... time=0.274755 sec
      iterations=400000000... time=1.07729 sec
      result: 0.336652 nsec
    Write latency of L2 cache (for 1 PUs) (using 1*786432 bytes):
      iterations=1000... time=3.24e-05 sec
      iterations=10000... time=0.000154701 sec
      iterations=100000... time=0.00144361 sec
      iterations=1000000... time=0.0142388 sec
      iterations=10000000... time=0.142805 sec
      iterations=80000000... time=1.14348 sec
      result: 1.78669 nsec
    Write latency of L3 cache (for 2 PUs) (using 1*28114944 bytes):
      [skipped -- avoiding large-memory benchmarks]
    Write bandwidth of D1 cache (for 1 PUs) (using 1*24576 bytes):
      iterations=1... time=1.1e-06 sec
      iterations=10... time=2.5e-06 sec
      iterations=100... time=1.61e-05 sec
      iterations=1000... time=0.000153901 sec
      iterations=10000... time=0.00153302 sec
      iterations=100000... time=0.0154486 sec
      iterations=1000000... time=0.153643 sec
      iterations=7000000... time=1.07653 sec
      result: 159.803 GByte/sec
    Write bandwidth of L2 cache (for 1 PUs) (using 1*786432 bytes):
      iterations=1... time=3.27e-05 sec
      iterations=10... time=0.000311504 sec
      iterations=100... time=0.00306093 sec
      iterations=1000... time=0.0274111 sec
      iterations=10000... time=0.190535 sec
      iterations=60000... time=0.961639 sec
      iterations=120000... time=1.86397 sec
      result: 50.6295 GByte/sec
    Write bandwidth of L3 cache (for 2 PUs) (using 1*28114944 bytes):
      [skipped -- avoiding large-memory benchmarks]
    Stencil code performance of D1 cache (for 1 PUs) (using 1*12^3 grid points, 1*27648 bytes):
      iterations=1... time=1.6201e-05 sec
      iterations=10... time=0.000235303 sec
      iterations=100... time=0.00244453 sec
      iterations=1000... time=0.023396 sec
      iterations=10000... time=0.235303 sec
      iterations=50000... time=1.16433 sec
      result: 0.0742058 Gupdates/sec
    Stencil code performance of L2 cache (for 1 PUs) (using 1*37^3 grid points, 1*810448 bytes):
      iterations=1... time=0.000193802 sec
      iterations=10... time=0.00180892 sec
      iterations=100... time=0.0180509 sec
      iterations=1000... time=0.180887 sec
      iterations=6000... time=1.39223 sec
      result: 0.218296 Gupdates/sec
    Stencil code performance of L3 cache (for 2 PUs) (using 1*121^3 grid points, 1*28344976 bytes):
      iterations=1... time=0.0408711 sec
      iterations=10... time=0.489192 sec
      iterations=20... time=1.02624 sec
      result: 0.0345253 Gupdates/sec
  Single-node measurements (using 2 MPI processes with 1 OpenMP threads each):
    CPU frequency:
      iterations=1000000... time=0.00134307 sec
      iterations=10000000... time=0.0770705 sec
      iterations=100000000... time=0.763944 sec
      iterations=200000000... time=0.561219 sec
      iterations=400000000... time=1.51777 sec
      iterations=400000000... time=1.09885 sec
      result: 1.90971 GHz
    CPU floating point performance:
      iterations=1000000... time=0.00297843 sec
      iterations=10000000... time=0.119432 sec
      iterations=90000000... time=0.745735 sec
      iterations=180000000... time=1.11805 sec
      result: 5.15183 Gflop/sec
    CPU integer performance:
      iterations=1000000... time=0.00185742 sec
      iterations=10000000... time=0.0184887 sec
      iterations=100000000... time=0.184532 sec
      iterations=600000000... time=1.10875 sec
      result: 8.6584 Giop/sec
    Read latency of D1 cache (for 1 PUs) (using 2*24576 bytes):
      iterations=1000... time=0.000143151 sec
      iterations=10000... time=0.00134391 sec
      iterations=100000... time=0.013405 sec
      iterations=1000000... time=0.134203 sec
      iterations=8000000... time=1.07444 sec
      result: 1.34305 nsec
    Read latency of L2 cache (for 1 PUs) (using 2*786432 bytes):
      iterations=1000... time=0.000655207 sec
      iterations=10000... time=0.00606062 sec
      iterations=100000... time=0.060185 sec
      iterations=1000000... time=0.610414 sec
      iterations=2000000... time=1.20409 sec
      result: 6.02044 nsec
    Read latency of L3 cache (for 2 PUs) (using 2*28114944 bytes):
      [skipped -- too much memory requested]
    Read bandwidth of D1 cache (for 1 PUs) (using 2*24576 bytes):
      iterations=1... time=1.05e-06 sec
      iterations=10... time=3.35e-06 sec
      iterations=100... time=3.0601e-05 sec
      iterations=1000... time=0.000349404 sec
      iterations=10000... time=0.00303428 sec
      iterations=100000... time=0.0304204 sec
      iterations=1000000... time=0.304908 sec
      iterations=4000000... time=1.23458 sec
      result: 79.6251 GByte/sec
    Read bandwidth of L2 cache (for 1 PUs) (using 2*786432 bytes):
      iterations=1... time=2.67005e-05 sec
      iterations=10... time=0.000168855 sec
      iterations=100... time=0.00164209 sec
      iterations=1000... time=0.0162709 sec
      iterations=10000... time=0.1646 sec
      iterations=70000... time=1.13503 sec
      result: 48.501 GByte/sec
    Read bandwidth of L3 cache (for 2 PUs) (using 2*28114944 bytes):
      [skipped -- too much memory requested]
    Write latency of D1 cache (for 1 PUs) (using 2*24576 bytes):
      iterations=1000... time=3.3e-06 sec
      iterations=10000... time=2.7151e-05 sec
      iterations=100000... time=0.000267958 sec
      iterations=1000000... time=0.00269587 sec
      iterations=10000000... time=0.0269033 sec
      iterations=100000000... time=0.268428 sec
      iterations=400000000... time=1.07536 sec
      result: 0.33605 nsec
    Write latency of L2 cache (for 1 PUs) (using 2*786432 bytes):
      iterations=1000... time=3.27e-05 sec
      iterations=10000... time=0.000149902 sec
      iterations=100000... time=0.00143247 sec
      iterations=1000000... time=0.0142797 sec
      iterations=10000000... time=0.145038 sec
      iterations=80000000... time=1.14234 sec
      result: 1.7849 nsec
    Write latency of L3 cache (for 2 PUs) (using 2*28114944 bytes):
      [skipped -- too much memory requested]
    Write bandwidth of D1 cache (for 1 PUs) (using 2*24576 bytes):
      iterations=1... time=7.5e-07 sec
      iterations=10... time=2.15e-06 sec
      iterations=100... time=1.595e-05 sec
      iterations=1000... time=0.000154451 sec
      iterations=10000... time=0.00154962 sec
      iterations=100000... time=0.0158524 sec
      iterations=1000000... time=0.155112 sec
      iterations=7000000... time=1.08351 sec
      result: 158.773 GByte/sec
    Write bandwidth of L2 cache (for 1 PUs) (using 2*786432 bytes):
      iterations=1... time=3.2701e-05 sec
      iterations=10... time=0.000317953 sec
      iterations=100... time=0.00300889 sec
      iterations=1000... time=0.0276364 sec
      iterations=10000... time=0.188297 sec
      iterations=60000... time=0.920062 sec
      iterations=120000... time=1.80406 sec
      result: 52.3107 GByte/sec
    Write bandwidth of L3 cache (for 2 PUs) (using 2*28114944 bytes):
      [skipped -- too much memory requested]
    Stencil code performance of D1 cache (for 1 PUs) (using 2*9^3 grid points, 2*11664 bytes):
      iterations=1... time=9.25e-06 sec
      iterations=10... time=8.7101e-05 sec
      iterations=100... time=0.00088176 sec
      iterations=1000... time=0.0087762 sec
      iterations=10000... time=0.087316 sec
      iterations=100000... time=0.878493 sec
      iterations=200000... time=1.74988 sec
      result: 0.0833199 Gupdates/sec
    Stencil code performance of L2 cache (for 1 PUs) (using 2*29^3 grid points, 2*390224 bytes):
      iterations=1... time=0.000114851 sec
      iterations=10... time=0.00107831 sec
      iterations=100... time=0.0106337 sec
      iterations=1000... time=0.106428 sec
      iterations=10000... time=1.06532 sec
      result: 0.228935 Gupdates/sec
    Stencil code performance of L3 cache (for 2 PUs) (using 1*121^3 grid points, 1*28344976 bytes):
      [skipped -- too many MPI processes]
  Single-node measurements:
    MPI latency: 900 nsec
    MPI bandwidth: 5.21547 GByte/sec
INFO (Vectors): Testing vectorisation... [errors may result in segfaults]
INFO (Vectors): 375/375 tests passed 
INFO (CartGrid3D): Grid Spacings:
INFO (CartGrid3D): dx=>1.1111111e-01  dy=>1.1111111e-01  dz=>1.1111111e-01
INFO (CartGrid3D): Computational Coordinates:
INFO (CartGrid3D): x=>[-0.500, 0.500]  y=>[-0.500, 0.500]  z=>[-0.500, 0.500]
INFO (CartGrid3D): Indices of Physical Coordinates:
INFO (CartGrid3D): x=>[0,9]  y=>[0,9]  z=>[0,9]
INFO (PUGH): MPI Evolution on 2 processors
INFO (PUGH): 3-dimensional grid functions
INFO (PUGH):   Size: 10 10 10
INFO (PUGH):   Processor topology: 2 x 1 x 1
INFO (PUGH):   Local load: 600   [6 x 10 x 10]
INFO (PUGH):   Maximum load skew: 0.000000
--------------------------------------------------------------------------------
Done.
+ echo Stopping:
Stopping:
+ date
Wed Apr 19 21:00:34 UTC 2023
+ echo Done.
Done.
  Elapsed time: 51.0 s
