/home/runner/simulations/TestJob01_temp_1/output-0000/TEST/sim/MemSpeed
Preparing:
+ set -e
+ cd output-0000-active
+ echo Checking:
Checking:
+ pwd
/home/runner/simulations/TestJob01_temp_1/output-0000/TEST/sim/MemSpeed/output-0000-active
+ hostname
fv-az571-440
+ date
Thu May  4 02:29:54 UTC 2023
+ echo Environment:
Environment:
+ export CACTUS_NUM_PROCS=1
+ CACTUS_NUM_PROCS=1
+ export CACTUS_NUM_THREADS=2
+ CACTUS_NUM_THREADS=2
+ export GMON_OUT_PREFIX=gmon.out
+ GMON_OUT_PREFIX=gmon.out
+ export OMP_NUM_THREADS=2
+ OMP_NUM_THREADS=2
+ env
+ sort
+ echo Starting:
Starting:
++ date +%s
+ export CACTUS_STARTTIME=1683167394
+ CACTUS_STARTTIME=1683167394
+ '[' 1 = 1 ']'
+ '[' 0 -eq 0 ']'
+ /home/runner/simulations/TestJob01_temp_1/SIMFACTORY/exe/cactus_sim -L 3 /home/runner/simulations/TestJob01_temp_1/output-0000/arrangements/CactusUtils/MemSpeed/test/memspeed.par
INFO (Cactus): Increased logging level from 0 to 3
--------------------------------------------------------------------------------

       10                                  
  1   0101       ************************  
  01  1010 10      The Cactus Code V4.13.0    
 1010 1101 011      www.cactuscode.org     
  1001 100101    ************************  
    00010101                               
     100011     (c) Copyright The Authors  
      0100      GNU Licensed. No Warranty  
      0101                                 
--------------------------------------------------------------------------------

Cactus version:    4.13.0
Compile date:      May 04 2023 (02:22:03)
Run date:          May 04 2023 (02:29:55+0000)
Run host:          fv-az571-440 (pid=100680)
Working directory: /home/runner/simulations/TestJob01_temp_1/output-0000/TEST/sim/MemSpeed
Executable:        /home/runner/simulations/TestJob01_temp_1/SIMFACTORY/exe/cactus_sim
Parameter file:    /home/runner/simulations/TestJob01_temp_1/output-0000/arrangements/CactusUtils/MemSpeed/test/memspeed.par
--------------------------------------------------------------------------------

Activating thorn Cactus...Success -> active implementation Cactus
Activation requested for 
--->hwloc MemSpeed SystemTopology CartGrid3D CoordBase IOASCII IOUtil PUGH PUGHSlab<---
Thorn hwloc requests automatic activation of zlib
Thorn MemSpeed requests automatic activation of Vectors
Thorn MemSpeed requests automatic activation of MPI
Activating thorn CartGrid3D...Success -> active implementation grid
Activating thorn CoordBase...Success -> active implementation CoordBase
Activating thorn hwloc...Success -> active implementation hwloc
Activating thorn IOASCII...Success -> active implementation IOASCII
Activating thorn IOUtil...Success -> active implementation IO
Activating thorn MemSpeed...Success -> active implementation MemSpeed
Activating thorn MPI...Success -> active implementation MPI
Activating thorn PUGH...Success -> active implementation Driver
Activating thorn PUGHSlab...Success -> active implementation Hyperslab
Activating thorn SystemTopology...Success -> active implementation SystemTopology
Activating thorn Vectors...Success -> active implementation Vectors
Activating thorn zlib...Success -> active implementation zlib
--------------------------------------------------------------------------------
  if (recover initial data)
    Recover parameters
  endif

  Startup routines
    [CCTK_STARTUP]
      CartGrid3D::SymmetryStartup: Register GH Extension for GridSymmetry
      CoordBase::CoordBase_Startup: Register a GH extension to store the coordinate system handles
      GROUP hwloc_startup: hwloc startup group
        hwloc::hwloc_version: Output hwloc version
      SystemTopology::ST_system_topology: Output and/or modify system topology and hardware locality
      PUGH::Driver_Startup: Startup routine
      PUGH::PUGH_RegisterPUGHP2LRoutines: Register Physical to Logical process mapping routines
      PUGH::PUGH_RegisterPUGHTopologyRoutines: Register topology generation routines routines
      IOUtil::IOUtil_Startup: Startup routine
      Vectors::Vectors_Startup: Print startup message
      IOASCII::IOASCII_Startup: Startup routine

  Startup routines which need an existing grid hierarchy
    [CCTK_WRAGH]
      CartGrid3D::RegisterCartGrid3DCoords: [meta] Register coordinates for the Cartesian grid
      MemSpeed::MemSpeed_MeasureSpeed: [meta] Measure CPU, memory, cache speeds
  Parameter checking routines
    [CCTK_PARAMCHECK]
      CartGrid3D::ParamCheck_CartGrid3D: Check coordinates for CartGrid3D
      Vectors::Vectors_Test: Run correctness tests.

  Initialisation
    if (NOT (recover initial data AND recovery_mode is 'strict'))
      [CCTK_PREREGRIDINITIAL]
      Set up grid hierarchy
      [CCTK_POSTREGRIDINITIAL]
        CartGrid3D::SpatialCoordinates: Set Coordinates after regridding
      [CCTK_BASEGRID]
        CartGrid3D::SpatialSpacings: Set up ranges for spatial 3D Cartesian coordinates (on all grids)
        CartGrid3D::SpatialCoordinates: Set up spatial 3D Cartesian coordinates on the GH
        IOASCII::IOASCII_Choose1D: Choose 1D output lines
        IOASCII::IOASCII_Choose2D: Choose 2D output planes
        PUGH::PUGH_Report: Report on PUGH set up
      [CCTK_INITIAL]
      [CCTK_POSTINITIAL]
      Initialise finer grids recursively
      Restrict from finer grids
      [CCTK_POSTRESTRICTINITIAL]
      [CCTK_POSTPOSTINITIAL]
      [CCTK_POSTSTEP]
    endif
    if (recover initial data)
      [CCTK_BASEGRID]
        CartGrid3D::SpatialSpacings: Set up ranges for spatial 3D Cartesian coordinates (on all grids)
        CartGrid3D::SpatialCoordinates: Set up spatial 3D Cartesian coordinates on the GH
        IOASCII::IOASCII_Choose1D: Choose 1D output lines
        IOASCII::IOASCII_Choose2D: Choose 2D output planes
        PUGH::PUGH_Report: Report on PUGH set up
      [CCTK_RECOVER_VARIABLES]
      [CCTK_POST_RECOVER_VARIABLES]
    endif
    if (checkpoint initial data)
      [CCTK_CPINITIAL]
    endif
    if (analysis)
      [CCTK_ANALYSIS]
  endif
  Output grid variables

  do loop over timesteps
    [CCTK_PREREGRID]
    Change grid hierarchy
    [CCTK_POSTREGRID]
      CartGrid3D::SpatialCoordinates: Set Coordinates after regridding
    Rotate timelevels
    iteration = iteration+1
    t = t+dt
    [CCTK_PRESTEP]
    [CCTK_EVOL]
    Evolve finer grids recursively
    Restrict from finer grids
    [CCTK_POSTRESTRICT]
    [CCTK_POSTSTEP]
    if (checkpoint)
      [CCTK_CHECKPOINT]
    endif
    if (analysis)
      [CCTK_ANALYSIS]
    endif
    Output grid variables
    enddo

  Termination routines
    [CCTK_TERMINATE]
      PUGH::Driver_Terminate: Termination routine

  Shutdown routines
    [CCTK_SHUTDOWN]

  Routines run after changing the grid hierarchy:
    [CCTK_POSTREGRID]
      CartGrid3D::SpatialCoordinates: Set Coordinates after regridding
--------------------------------------------------------------------------------
INFO (hwloc): library version 2.7.0, API version 0x20500
INFO (SystemTopology): MPI process-to-host mapping:
This is MPI process 0 of 1
MPI hosts:
  0: fv-az571-440
This MPI process runs on host 0 of 1
On this host, this is MPI process 0 of 1
INFO (SystemTopology): Topology support:
Discovery support:
  discovery->pu                            : yes
CPU binding support:
  cpubind->set_thisproc_cpubind            : yes
  cpubind->get_thisproc_cpubind            : yes
  cpubind->set_proc_cpubind                : yes
  cpubind->get_proc_cpubind                : yes
  cpubind->set_thisthread_cpubind          : yes
  cpubind->get_thisthread_cpubind          : yes
  cpubind->set_thread_cpubind              : yes
  cpubind->get_thread_cpubind              : yes
  cpubind->get_thisproc_last_cpu_location  : yes
  cpubind->get_proc_last_cpu_location      : yes
  cpubind->get_thisthread_last_cpu_location: yes
Memory binding support:
  membind->set_thisproc_membind            : no
  membind->get_thisproc_membind            : no
  membind->set_proc_membind                : no
  membind->get_proc_membind                : no
  membind->set_thisthread_membind          : yes
  membind->get_thisthread_membind          : yes
  membind->set_area_membind                : yes
  membind->get_area_membind                : yes
  membind->alloc_membind                   : yes
  membind->firsttouch_membind              : yes
  membind->bind_membind                    : yes
  membind->interleave_membind              : yes
  membind->nexttouch_membind               : no
  membind->migrate_membind                 : yes
INFO (SystemTopology): Hardware objects in this node:
Machine L#0: (P#0, total=7110612KB, DMIProductName="Virtual Machine", DMIProductVersion=7.0, DMIProductUUID=fe985374-a680-c849-b050-58fbe49af3dc, DMIBoardVendor="Microsoft Corporation", DMIBoardName="Virtual Machine", DMIBoardVersion=7.0, DMIChassisVendor="Microsoft Corporation", DMIChassisType=3, DMIChassisVersion=7.0, DMIChassisAssetTag=7783-7084-3265-9085-8269-3286-77, DMIBIOSVendor="American Megatrends Inc.", DMIBIOSVersion="090008 ", DMIBIOSDate=12/07/2018, DMISysVendor="Microsoft Corporation", Backend=Linux, LinuxCgroup=/system.slice/runner-provisioner.service, OSName=Linux, OSRelease=5.15.0-1036-azure, OSVersion="#43-Ubuntu SMP Wed Mar 29 16:11:05 UTC 2023", HostName=fv-az571-440, Architecture=x86_64, hwlocVersion=2.7.0, ProcessName=cactus_sim)
  Package L#0: (P#0, total=7110612KB, CPUVendor=GenuineIntel, CPUFamilyNumber=6, CPUModelNumber=63, CPUModel="Intel(R) Xeon(R) CPU E5-2673 v3 @ 2.40GHz", CPUStepping=2)
    L3Cache L#0: (P#0, size=30720KB, linesize=64, ways=20, Inclusive=1)
      L2Cache L#0: (P#0, size=256KB, linesize=64, ways=8, Inclusive=0)
        L1dCache L#0: (P#0, size=32KB, linesize=64, ways=8, Inclusive=0)
          Core L#0: (P#0)
            PU L#0: (P#0)
      L2Cache L#1: (P#1, size=256KB, linesize=64, ways=8, Inclusive=0)
        L1dCache L#1: (P#1, size=32KB, linesize=64, ways=8, Inclusive=0)
          Core L#1: (P#1)
            PU L#1: (P#1)
INFO (SystemTopology): Thread CPU bindings:
  MPI process 0 on host 0 (process 0 of 1 on this host)
    OpenMP thread 0: PU set L#{0-1} P#{0-1}
    OpenMP thread 1: PU set L#{0-1} P#{0-1}
INFO (SystemTopology): Setting thread CPU bindings:
INFO (SystemTopology): Thread CPU bindings:
  MPI process 0 on host 0 (process 0 of 1 on this host)
    OpenMP thread 0: PU set L#{0} P#{0}
    OpenMP thread 1: PU set L#{1} P#{1}
INFO (SystemTopology): Extracting CPU/cache/memory properties:
  There are 1 PUs per core (aka hardware SMT threads)
  There are 1 threads per core (aka SMT threads used)
  Cache (unknown name) has type "data" depth 1
    size 32768 linesize 64 associativity 8 stride 4096, for 1 PUs
  Cache (unknown name) has type "unified" depth 2
    size 262144 linesize 64 associativity 8 stride 32768, for 1 PUs
  Cache (unknown name) has type "unified" depth 3
    size 31457280 linesize 64 associativity 20 stride 1572864, for 2 PUs
INFO (PUGH): Using physical to logical mappings: direct
INFO (PUGH): Using topology generator: automatic
INFO (Vectors): Using vector size 2 for architecture SSE2 (64-bit precision)
--------------------------------------------------------------------------------
Driver provided by PUGH
--------------------------------------------------------------------------------

INFO (PUGH): Not setting up a topology for 1 dimensions
INFO (PUGH): Not setting up a topology for 2 dimensions
INFO (PUGH): Setting up a topology for 3 dimensions
INFO (IOASCII): I/O Method 'IOASCII_1D' registered: output of 1D lines of grid functions/arrays to ASCII files
INFO (IOASCII): Periodic 1D output every 1 iterations
INFO (IOASCII): Periodic 1D output requested for 'GRID::r'
INFO (IOASCII): I/O Method 'IOASCII_2D' registered: output of 2D planes of grid functions/arrays to ASCII files
INFO (IOASCII): Periodic 2D output turned off
INFO (IOASCII): I/O Method 'IOASCII_3D' registered: output of 3D grid functions/arrays to ASCII files
INFO (IOASCII): Periodic 3D output turned off
INFO (MemSpeed): Measuring CPU, cache, memory, and communication speeds:
  Single-core measurements (using 1 MPI processes with 1 OpenMP threads each):
    CPU frequency:
      iterations=1000000... time=0.00299803 sec
      iterations=10000000... time=0.0290661 sec
      iterations=100000000... time=0.296017 sec
      iterations=400000000... time=1.1835 sec
      iterations=400000000... time=0.886299 sec
      result: 2.69174 GHz
    CPU floating point performance:
      iterations=1000000... time=0.0032405 sec
      iterations=10000000... time=0.0324146 sec
      iterations=100000000... time=0.34935 sec
      iterations=300000000... time=0.999731 sec
      iterations=600000000... time=1.99527 sec
      result: 9.62277 Gflop/sec
    CPU integer performance:
      iterations=1000000... time=0.00202322 sec
      iterations=10000000... time=0.0197753 sec
      iterations=100000000... time=0.191145 sec
      iterations=600000000... time=1.18313 sec
      result: 8.11406 Giop/sec
    Read latency of D1 cache (for 1 PUs) (using 1*24576 bytes):
      iterations=1000... time=0.000144209 sec
      iterations=10000... time=0.00141338 sec
      iterations=100000... time=0.014856 sec
      iterations=1000000... time=0.150264 sec
      iterations=7000000... time=1.0565 sec
      result: 1.50928 nsec
    Read latency of L2 cache (for 1 PUs) (using 1*196608 bytes):
      iterations=1000... time=0.00050603 sec
      iterations=10000... time=0.0050364 sec
      iterations=100000... time=0.048487 sec
      iterations=1000000... time=0.472692 sec
      iterations=2000000... time=0.953608 sec
      iterations=4000000... time=1.89942 sec
      result: 4.74854 nsec
    Read latency of L3 cache (for 2 PUs) (using 1*23592960 bytes):
      [skipped -- avoiding large-memory benchmarks]
    Read bandwidth of D1 cache (for 1 PUs) (using 1*24576 bytes):
      iterations=1... time=1e-06 sec
      iterations=10... time=3.301e-06 sec
      iterations=100... time=2.9701e-05 sec
      iterations=1000... time=0.000319319 sec
      iterations=10000... time=0.00297668 sec
      iterations=100000... time=0.0320158 sec
      iterations=1000000... time=0.291423 sec
      iterations=4000000... time=1.17303 sec
      result: 83.8032 GByte/sec
    Read bandwidth of L2 cache (for 1 PUs) (using 1*196608 bytes):
      iterations=1... time=7.301e-06 sec
      iterations=10... time=4.9603e-05 sec
      iterations=100... time=0.000498429 sec
      iterations=1000... time=0.00492319 sec
      iterations=10000... time=0.0494814 sec
      iterations=100000... time=0.496153 sec
      iterations=200000... time=0.972152 sec
      iterations=400000... time=1.9192 sec
      result: 40.9771 GByte/sec
    Read bandwidth of L3 cache (for 2 PUs) (using 1*23592960 bytes):
      [skipped -- avoiding large-memory benchmarks]
    Write latency of D1 cache (for 1 PUs) (using 1*24576 bytes):
      iterations=1000... time=3.8e-06 sec
      iterations=10000... time=2.9202e-05 sec
      iterations=100000... time=0.000285816 sec
      iterations=1000000... time=0.00275865 sec
      iterations=10000000... time=0.0293087 sec
      iterations=100000000... time=0.292866 sec
      iterations=400000000... time=1.19587 sec
      result: 0.37371 nsec
    Write latency of L2 cache (for 1 PUs) (using 1*196608 bytes):
      iterations=1000... time=1.9101e-05 sec
      iterations=10000... time=0.000168109 sec
      iterations=100000... time=0.001826 sec
      iterations=1000000... time=0.0189859 sec
      iterations=10000000... time=0.178825 sec
      iterations=60000000... time=1.08068 sec
      result: 2.25142 nsec
    Write latency of L3 cache (for 2 PUs) (using 1*23592960 bytes):
      [skipped -- avoiding large-memory benchmarks]
    Write bandwidth of D1 cache (for 1 PUs) (using 1*24576 bytes):
      iterations=1... time=7e-07 sec
      iterations=10... time=6.001e-06 sec
      iterations=100... time=5.8403e-05 sec
      iterations=1000... time=0.000590133 sec
      iterations=10000... time=0.00586482 sec
      iterations=100000... time=0.0608062 sec
      iterations=1000000... time=0.582351 sec
      iterations=2000000... time=1.19104 sec
      result: 41.2681 GByte/sec
    Write bandwidth of L2 cache (for 1 PUs) (using 1*196608 bytes):
      iterations=1... time=8.301e-06 sec
      iterations=10... time=9.6306e-05 sec
      iterations=100... time=0.00083665 sec
      iterations=1000... time=0.00810758 sec
      iterations=10000... time=0.0821017 sec
      iterations=100000... time=0.844936 sec
      iterations=200000... time=1.66555 sec
      result: 23.6087 GByte/sec
    Write bandwidth of L3 cache (for 2 PUs) (using 1*23592960 bytes):
      [skipped -- avoiding large-memory benchmarks]
    Stencil code performance of D1 cache (for 1 PUs) (using 1*12^3 grid points, 1*27648 bytes):
      iterations=1... time=1.5601e-05 sec
      iterations=10... time=0.00021121 sec
      iterations=100... time=0.00227341 sec
      iterations=1000... time=0.022191 sec
      iterations=10000... time=0.22528 sec
      iterations=50000... time=1.11705 sec
      result: 0.0773468 Gupdates/sec
    Stencil code performance of L2 cache (for 1 PUs) (using 1*23^3 grid points, 1*194672 bytes):
      iterations=1... time=2.7902e-05 sec
      iterations=10... time=0.000348816 sec
      iterations=100... time=0.00345876 sec
      iterations=1000... time=0.037853 sec
      iterations=10000... time=0.379064 sec
      iterations=30000... time=1.10875 sec
      result: 0.32921 Gupdates/sec
    Stencil code performance of L3 cache (for 2 PUs) (using 1*114^3 grid points, 1*23704704 bytes):
      iterations=1... time=0.00427235 sec
      iterations=10... time=0.0436864 sec
      iterations=100... time=0.42134 sec
      iterations=300... time=1.26971 sec
      result: 0.35005 Gupdates/sec
  Single-node measurements (using 1 MPI processes with 2 OpenMP threads each):
    CPU frequency:
      iterations=1000000... time=0.00304423 sec
      iterations=10000000... time=0.0306549 sec
      iterations=100000000... time=0.305042 sec
      iterations=400000000... time=1.22895 sec
      iterations=400000000... time=0.913428 sec
      result: 2.53548 GHz
    CPU floating point performance:
      iterations=1000000... time=0.00318633 sec
      iterations=10000000... time=0.0341459 sec
      iterations=100000000... time=0.336592 sec
      iterations=300000000... time=1.02212 sec
      result: 9.39228 Gflop/sec
    CPU integer performance:
      iterations=1000000... time=0.00207077 sec
      iterations=10000000... time=0.0205543 sec
      iterations=100000000... time=0.203308 sec
      iterations=500000000... time=1.01697 sec
      result: 7.86649 Giop/sec
    Read latency of D1 cache (for 1 PUs) (using 2*24576 bytes):
      iterations=1000... time=0.000145758 sec
      iterations=10000... time=0.00147328 sec
      iterations=100000... time=0.0157603 sec
      iterations=1000000... time=0.155544 sec
      iterations=7000000... time=1.06128 sec
      result: 1.51611 nsec
    Read latency of L2 cache (for 1 PUs) (using 2*196608 bytes):
      iterations=1000... time=0.000504428 sec
      iterations=10000... time=0.00496383 sec
      iterations=100000... time=0.0509073 sec
      iterations=1000000... time=0.515845 sec
      iterations=2000000... time=1.01851 sec
      result: 5.09253 nsec
    Read latency of L3 cache (for 2 PUs) (using 1*23592960 bytes):
      [skipped -- avoiding large-memory benchmarks]
    Read bandwidth of D1 cache (for 1 PUs) (using 2*24576 bytes):
      iterations=1... time=7e-07 sec
      iterations=10... time=3.2e-06 sec
      iterations=100... time=2.9652e-05 sec
      iterations=1000... time=0.000294517 sec
      iterations=10000... time=0.00316863 sec
      iterations=100000... time=0.0286382 sec
      iterations=1000000... time=0.312124 sec
      iterations=4000000... time=1.20346 sec
      result: 81.6843 GByte/sec
    Read bandwidth of L2 cache (for 1 PUs) (using 2*196608 bytes):
      iterations=1... time=6.4e-06 sec
      iterations=10... time=5.22525e-05 sec
      iterations=100... time=0.000519619 sec
      iterations=1000... time=0.00544551 sec
      iterations=10000... time=0.0524545 sec
      iterations=100000... time=0.533683 sec
      iterations=200000... time=1.06258 sec
      result: 37.0059 GByte/sec
    Read bandwidth of L3 cache (for 2 PUs) (using 1*23592960 bytes):
      [skipped -- avoiding large-memory benchmarks]
    Write latency of D1 cache (for 1 PUs) (using 2*24576 bytes):
      iterations=1000... time=3.55e-06 sec
      iterations=10000... time=5.2502e-05 sec
      iterations=100000... time=0.000299862 sec
      iterations=1000000... time=0.00303112 sec
      iterations=10000000... time=0.0307052 sec
      iterations=100000000... time=0.303391 sec
      iterations=400000000... time=1.23517 sec
      result: 0.385991 nsec
    Write latency of L2 cache (for 1 PUs) (using 2*196608 bytes):
      iterations=1000... time=2.1052e-05 sec
      iterations=10000... time=0.00018441 sec
      iterations=100000... time=0.00181915 sec
      iterations=1000000... time=0.0181553 sec
      iterations=10000000... time=0.183969 sec
      iterations=60000000... time=1.10396 sec
      result: 2.29991 nsec
    Write latency of L3 cache (for 2 PUs) (using 1*23592960 bytes):
      [skipped -- avoiding large-memory benchmarks]
    Write bandwidth of D1 cache (for 1 PUs) (using 2*24576 bytes):
      iterations=1... time=7.5e-07 sec
      iterations=10... time=4.5e-06 sec
      iterations=100... time=4.2952e-05 sec
      iterations=1000... time=0.000427575 sec
      iterations=10000... time=0.0043741 sec
      iterations=100000... time=0.0452612 sec
      iterations=1000000... time=0.460677 sec
      iterations=2000000... time=0.920204 sec
      iterations=4000000... time=1.84233 sec
      result: 53.3584 GByte/sec
    Write bandwidth of L2 cache (for 1 PUs) (using 2*196608 bytes):
      iterations=1... time=8.051e-06 sec
      iterations=10... time=8.01045e-05 sec
      iterations=100... time=0.000848146 sec
      iterations=1000... time=0.00813595 sec
      iterations=10000... time=0.0866571 sec
      iterations=100000... time=0.863066 sec
      iterations=200000... time=1.69535 sec
      result: 23.1937 GByte/sec
    Write bandwidth of L3 cache (for 2 PUs) (using 1*23592960 bytes):
      [skipped -- avoiding large-memory benchmarks]
    Stencil code performance of D1 cache (for 1 PUs) (using 2*9^3 grid points, 2*11664 bytes):
      iterations=1... time=2.3e-06 sec
      iterations=10... time=2.41015e-05 sec
      iterations=100... time=0.000251264 sec
      iterations=1000... time=0.00256869 sec
      iterations=10000... time=0.0263729 sec
      iterations=100000... time=0.26001 sec
      iterations=400000... time=1.06248 sec
      result: 0.274451 Gupdates/sec
    Stencil code performance of L2 cache (for 1 PUs) (using 2*18^3 grid points, 2*93312 bytes):
      iterations=1... time=1.17005e-05 sec
      iterations=10... time=0.000118556 sec
      iterations=100... time=0.00133012 sec
      iterations=1000... time=0.0130979 sec
      iterations=10000... time=0.127442 sec
      iterations=90000... time=1.14191 sec
      result: 0.459652 Gupdates/sec
    Stencil code performance of L3 cache (for 2 PUs) (using 1*114^3 grid points, 1*23704704 bytes):
      iterations=1... time=0.00112485 sec
      iterations=10... time=0.0108182 sec
      iterations=100... time=0.111466 sec
      iterations=1000... time=1.12392 sec
      result: 1.31819 Gupdates/sec
INFO (Vectors): Testing vectorisation... [errors may result in segfaults]
INFO (Vectors): 375/375 tests passed 
INFO (CartGrid3D): Grid Spacings:
INFO (CartGrid3D): dx=>1.1111111e-01  dy=>1.1111111e-01  dz=>1.1111111e-01
INFO (CartGrid3D): Computational Coordinates:
INFO (CartGrid3D): x=>[-0.500, 0.500]  y=>[-0.500, 0.500]  z=>[-0.500, 0.500]
INFO (CartGrid3D): Indices of Physical Coordinates:
INFO (CartGrid3D): x=>[0,9]  y=>[0,9]  z=>[0,9]
INFO (PUGH): MPI Evolution on 1 processors
INFO (PUGH): 3-dimensional grid functions
INFO (PUGH):   Size: 10 10 10
INFO (PUGH):   Processor topology: 1 x 1 x 1
INFO (PUGH):   Local load: 1000   [10 x 10 x 10]
INFO (PUGH):   Maximum load skew: 0.000000
--------------------------------------------------------------------------------
Done.
+ echo Stopping:
Stopping:
+ date
Thu May  4 02:30:53 UTC 2023
+ echo Done.
Done.
  Elapsed time: 58.5 s
