/home/runner/simulations/TestJob01_temp_1/output-0000/TEST/sim/MemSpeed
Preparing:
+ set -e
+ cd output-0000-active
+ echo Checking:
Checking:
+ pwd
/home/runner/simulations/TestJob01_temp_1/output-0000/TEST/sim/MemSpeed/output-0000-active
+ hostname
fv-az891-551
+ date
Mon Oct  7 19:38:51 UTC 2024
+ echo Environment:
Environment:
+ export CACTUS_NUM_PROCS=1
+ CACTUS_NUM_PROCS=1
+ export CACTUS_NUM_THREADS=2
+ CACTUS_NUM_THREADS=2
+ export GMON_OUT_PREFIX=gmon.out
+ GMON_OUT_PREFIX=gmon.out
+ export OMP_NUM_THREADS=2
+ OMP_NUM_THREADS=2
+ env
+ sort
+ echo Starting:
Starting:
++ date +%s
+ export CACTUS_STARTTIME=1728329931
+ CACTUS_STARTTIME=1728329931
+ '[' 1 = 1 ']'
+ '[' 0 -eq 0 ']'
+ /home/runner/simulations/TestJob01_temp_1/SIMFACTORY/exe/cactus_sim -L 3 /home/runner/simulations/TestJob01_temp_1/output-0000/arrangements/CactusUtils/MemSpeed/test/memspeed.par
INFO (Cactus): Increased logging level from 0 to 3
--------------------------------------------------------------------------------

       10                                  
  1   0101       ************************  
  01  1010 10      The Cactus Code V4.16.0    
 1010 1101 011      www.cactuscode.org     
  1001 100101    ************************  
    00010101                               
     100011     (c) Copyright The Authors  
      0100      GNU Licensed. No Warranty  
      0101                                 
--------------------------------------------------------------------------------

Cactus version:    4.16.0
Compile date:      Oct 07 2024 (19:32:24)
Run date:          Oct 07 2024 (19:38:52+0000)
Run host:          fv-az891-551.3qows1xflhlezoxdqozyuy3a1h.bx.internal.cloudapp.net (pid=131124)
Working directory: /home/runner/simulations/TestJob01_temp_1/output-0000/TEST/sim/MemSpeed
Executable:        /home/runner/simulations/TestJob01_temp_1/SIMFACTORY/exe/cactus_sim
Parameter file:    /home/runner/simulations/TestJob01_temp_1/output-0000/arrangements/CactusUtils/MemSpeed/test/memspeed.par
--------------------------------------------------------------------------------

Activating thorn Cactus...Success -> active implementation Cactus
Activation requested for 
--->hwloc MemSpeed SystemTopology CartGrid3D CoordBase IOASCII IOUtil PUGH PUGHSlab<---
Thorn hwloc requests automatic activation of zlib
Thorn MemSpeed requests automatic activation of Vectors
Thorn MemSpeed requests automatic activation of MPI
Activating thorn CartGrid3D...Success -> active implementation grid
Activating thorn CoordBase...Success -> active implementation CoordBase
Activating thorn hwloc...Success -> active implementation hwloc
Activating thorn IOASCII...Success -> active implementation IOASCII
Activating thorn IOUtil...Success -> active implementation IO
Activating thorn MemSpeed...Success -> active implementation MemSpeed
Activating thorn MPI...Success -> active implementation MPI
Activating thorn PUGH...Success -> active implementation Driver
Activating thorn PUGHSlab...Success -> active implementation Hyperslab
Activating thorn SystemTopology...Success -> active implementation SystemTopology
Activating thorn Vectors...Success -> active implementation Vectors
Activating thorn zlib...Success -> active implementation zlib
--------------------------------------------------------------------------------
  if (recover initial data)
    Recover parameters
  endif

  Startup routines
    [CCTK_STARTUP]
      CartGrid3D::SymmetryStartup: Register GH Extension for GridSymmetry
      CoordBase::CoordBase_Startup: Register a GH extension to store the coordinate system handles
      GROUP hwloc_startup: hwloc startup group
        hwloc::hwloc_version: Output hwloc version
      SystemTopology::ST_system_topology: Output and/or modify system topology and hardware locality
      PUGH::Driver_Startup: Startup routine
      PUGH::PUGH_RegisterPUGHP2LRoutines: Register Physical to Logical process mapping routines
      PUGH::PUGH_RegisterPUGHTopologyRoutines: Register topology generation routines routines
      IOUtil::IOUtil_Startup: Startup routine
      Vectors::Vectors_Startup: Print startup message
      IOASCII::IOASCII_Startup: Startup routine

  Startup routines which need an existing grid hierarchy
    [CCTK_WRAGH]
      CartGrid3D::RegisterCartGrid3DCoords: [meta] Register coordinates for the Cartesian grid
      MemSpeed::MemSpeed_MeasureSpeed: [meta] Measure CPU, memory, cache speeds
  Parameter checking routines
    [CCTK_PARAMCHECK]
      CartGrid3D::ParamCheck_CartGrid3D: Check coordinates for CartGrid3D
      Vectors::Vectors_Test: Run correctness tests.

  Initialisation
    if (NOT (recover initial data AND recovery_mode is 'strict'))
      [CCTK_PREREGRIDINITIAL]
      Set up grid hierarchy
      [CCTK_POSTREGRIDINITIAL]
        CartGrid3D::SpatialCoordinates: Set Coordinates after regridding
      [CCTK_BASEGRID]
        CartGrid3D::SpatialSpacings: Set up ranges for spatial 3D Cartesian coordinates (on all grids)
        CartGrid3D::SpatialCoordinates: Set up spatial 3D Cartesian coordinates on the GH
        IOASCII::IOASCII_Choose1D: Choose 1D output lines
        IOASCII::IOASCII_Choose2D: Choose 2D output planes
        PUGH::PUGH_Report: Report on PUGH set up
      [CCTK_INITIAL]
      [CCTK_POSTINITIAL]
      Initialise finer grids recursively
      Restrict from finer grids
      [CCTK_POSTRESTRICTINITIAL]
      [CCTK_POSTPOSTINITIAL]
      [CCTK_POSTSTEP]
    endif
    if (recover initial data)
      [CCTK_BASEGRID]
        CartGrid3D::SpatialSpacings: Set up ranges for spatial 3D Cartesian coordinates (on all grids)
        CartGrid3D::SpatialCoordinates: Set up spatial 3D Cartesian coordinates on the GH
        IOASCII::IOASCII_Choose1D: Choose 1D output lines
        IOASCII::IOASCII_Choose2D: Choose 2D output planes
        PUGH::PUGH_Report: Report on PUGH set up
      [CCTK_RECOVER_VARIABLES]
      [CCTK_POST_RECOVER_VARIABLES]
    endif
    if (checkpoint initial data)
      [CCTK_CPINITIAL]
    endif
    if (analysis)
      [CCTK_ANALYSIS]
  endif
  Output grid variables

  do loop over timesteps
    [CCTK_PREREGRID]
    Change grid hierarchy
    [CCTK_POSTREGRID]
      CartGrid3D::SpatialCoordinates: Set Coordinates after regridding
    Rotate timelevels
    iteration = iteration+1
    t = t+dt
    [CCTK_PRESTEP]
    [CCTK_EVOL]
    Evolve finer grids recursively
    Restrict from finer grids
    [CCTK_POSTRESTRICT]
    [CCTK_POSTSTEP]
    if (checkpoint)
      [CCTK_CHECKPOINT]
    endif
    if (analysis)
      [CCTK_ANALYSIS]
    endif
    Output grid variables
    enddo

  Termination routines
    [CCTK_TERMINATE]
      PUGH::Driver_Terminate: Termination routine

  Shutdown routines
    [CCTK_SHUTDOWN]

  Routines run after changing the grid hierarchy:
    [CCTK_POSTREGRID]
      CartGrid3D::SpatialCoordinates: Set Coordinates after regridding
--------------------------------------------------------------------------------
INFO (hwloc): library version 2.7.0, API version 0x20500
INFO (SystemTopology): MPI process-to-host mapping:
This is MPI process 0 of 1
MPI hosts:
  0: fv-az891-551
This MPI process runs on host 0 of 1
On this host, this is MPI process 0 of 1
INFO (SystemTopology): Topology support:
Discovery support:
  discovery->pu                            : yes
CPU binding support:
  cpubind->set_thisproc_cpubind            : yes
  cpubind->get_thisproc_cpubind            : yes
  cpubind->set_proc_cpubind                : yes
  cpubind->get_proc_cpubind                : yes
  cpubind->set_thisthread_cpubind          : yes
  cpubind->get_thisthread_cpubind          : yes
  cpubind->set_thread_cpubind              : yes
  cpubind->get_thread_cpubind              : yes
  cpubind->get_thisproc_last_cpu_location  : yes
  cpubind->get_proc_last_cpu_location      : yes
  cpubind->get_thisthread_last_cpu_location: yes
Memory binding support:
  membind->set_thisproc_membind            : no
  membind->get_thisproc_membind            : no
  membind->set_proc_membind                : no
  membind->get_proc_membind                : no
  membind->set_thisthread_membind          : yes
  membind->get_thisthread_membind          : yes
  membind->set_area_membind                : yes
  membind->get_area_membind                : yes
  membind->alloc_membind                   : yes
  membind->firsttouch_membind              : yes
  membind->bind_membind                    : yes
  membind->interleave_membind              : yes
  membind->nexttouch_membind               : no
  membind->migrate_membind                 : yes
INFO (SystemTopology): Hardware objects in this node:
Machine L#0: (P#0, total=16364592KB, DMIProductName="Virtual Machine", DMIProductVersion=7.0, DMIProductUUID=511e9c81-3bdc-6a47-a032-464afcd99a8e, DMIBoardVendor="Microsoft Corporation", DMIBoardName="Virtual Machine", DMIBoardVersion=7.0, DMIChassisVendor="Microsoft Corporation", DMIChassisType=3, DMIChassisVersion=7.0, DMIChassisAssetTag=7783-7084-3265-9085-8269-3286-77, DMIBIOSVendor="American Megatrends Inc.", DMIBIOSVersion="090008 ", DMIBIOSDate=12/07/2018, DMISysVendor="Microsoft Corporation", Backend=Linux, LinuxCgroup=/system.slice/runner-provisioner.service, OSName=Linux, OSRelease=6.5.0-1025-azure, OSVersion="#26~22.04.1-Ubuntu SMP Thu Jul 11 22:33:04 UTC 2024", HostName=fv-az891-551, Architecture=x86_64, hwlocVersion=2.7.0, ProcessName=cactus_sim)
  Package L#0: (P#0, total=16364592KB, CPUVendor=AuthenticAMD, CPUFamilyNumber=25, CPUModelNumber=1, CPUModel="AMD EPYC 7763 64-Core Processor                ", CPUStepping=1)
    L3Cache L#0: (P#0, size=32768KB, linesize=64, ways=16, Inclusive=0)
      L2Cache L#0: (P#0, size=512KB, linesize=64, ways=8, Inclusive=1)
        L1dCache L#0: (P#0, size=32KB, linesize=64, ways=8, Inclusive=0)
          Core L#0: (P#0)
            PU L#0: (P#0)
            PU L#1: (P#1)
      L2Cache L#1: (P#1, size=512KB, linesize=64, ways=8, Inclusive=1)
        L1dCache L#1: (P#1, size=32KB, linesize=64, ways=8, Inclusive=0)
          Core L#1: (P#1)
            PU L#2: (P#2)
            PU L#3: (P#3)
INFO (SystemTopology): Thread CPU bindings:
  MPI process 0 on host 0 (process 0 of 1 on this host)
    OpenMP thread 0: PU set L#{0-3} P#{0-3}
    OpenMP thread 1: PU set L#{0-3} P#{0-3}
INFO (SystemTopology): Setting thread CPU bindings:
INFO (SystemTopology): Thread CPU bindings:
  MPI process 0 on host 0 (process 0 of 1 on this host)
    OpenMP thread 0: PU set L#{0} P#{0}
    OpenMP thread 1: PU set L#{2} P#{2}
INFO (SystemTopology): Extracting CPU/cache/memory properties:
  There are 2 PUs per core (aka hardware SMT threads)
  There are 1 threads per core (aka SMT threads used)
  Cache (unknown name) has type "data" depth 1
    size 32768 linesize 64 associativity 8 stride 4096, for 2 PUs
  Cache (unknown name) has type "unified" depth 2
    size 524288 linesize 64 associativity 8 stride 65536, for 2 PUs
  Cache (unknown name) has type "unified" depth 3
    size 33554432 linesize 64 associativity 16 stride 2097152, for 4 PUs
INFO (PUGH): Using physical to logical mappings: direct
INFO (PUGH): Using topology generator: automatic
INFO (Vectors): Using vector size 2 for architecture SSE2 (64-bit precision)
--------------------------------------------------------------------------------
Driver provided by PUGH
--------------------------------------------------------------------------------

INFO (PUGH): Not setting up a topology for 1 dimensions
INFO (PUGH): Not setting up a topology for 2 dimensions
INFO (PUGH): Setting up a topology for 3 dimensions
INFO (IOASCII): I/O Method 'IOASCII_1D' registered: output of 1D lines of grid functions/arrays to ASCII files
INFO (IOASCII): Periodic 1D output every 1 iterations
INFO (IOASCII): Periodic 1D output requested for 'GRID::r'
INFO (IOASCII): I/O Method 'IOASCII_2D' registered: output of 2D planes of grid functions/arrays to ASCII files
INFO (IOASCII): Periodic 2D output turned off
INFO (IOASCII): I/O Method 'IOASCII_3D' registered: output of 3D grid functions/arrays to ASCII files
INFO (IOASCII): Periodic 3D output turned off
INFO (MemSpeed): Measuring CPU, cache, memory, and communication speeds:
  Single-core measurements (using 1 MPI processes with 1 OpenMP threads each):
    CPU frequency:
      iterations=1000000... time=0.00136489 sec
      iterations=10000000... time=0.0124557 sec
      iterations=100000000... time=0.123872 sec
      iterations=900000000... time=1.11748 sec
      iterations=900000000... time=0.835444 sec
      result: 6.38221 GHz
    CPU floating point performance:
      iterations=1000000... time=0.00197474 sec
      iterations=10000000... time=0.0197363 sec
      iterations=100000000... time=0.197147 sec
      iterations=600000000... time=1.1868 sec
      result: 16.178 Gflop/sec
    CPU integer performance:
      iterations=1000000... time=0.00186839 sec
      iterations=10000000... time=0.0185483 sec
      iterations=100000000... time=0.185638 sec
      iterations=600000000... time=1.11325 sec
      result: 8.62343 Giop/sec
    Read latency of D1 cache (for 2 PUs) (using 1*24576 bytes):
      iterations=1000... time=0.000125225 sec
      iterations=10000... time=0.00123624 sec
      iterations=100000... time=0.0123706 sec
      iterations=1000000... time=0.123604 sec
      iterations=9000000... time=1.11269 sec
      result: 1.23632 nsec
    Read latency of L2 cache (for 2 PUs) (using 1*393216 bytes):
      iterations=1000... time=0.000538238 sec
      iterations=10000... time=0.00492678 sec
      iterations=100000... time=0.048125 sec
      iterations=1000000... time=0.478034 sec
      iterations=2000000... time=0.960487 sec
      iterations=4000000... time=1.92774 sec
      result: 4.81934 nsec
    Read latency of L3 cache (for 4 PUs) (using 1*25165824 bytes):
      [skipped -- avoiding large-memory benchmarks]
    Read bandwidth of D1 cache (for 2 PUs) (using 1*24576 bytes):
      iterations=1... time=7.81e-07 sec
      iterations=10... time=6.252e-06 sec
      iterations=100... time=4.2259e-05 sec
      iterations=1000... time=0.000335248 sec
      iterations=10000... time=0.00257553 sec
      iterations=100000... time=0.0244256 sec
      iterations=1000000... time=0.243653 sec
      iterations=5000000... time=1.21778 sec
      result: 100.905 GByte/sec
    Read bandwidth of L2 cache (for 2 PUs) (using 1*393216 bytes):
      iterations=1... time=8.465e-06 sec
      iterations=10... time=5.3309e-05 sec
      iterations=100... time=0.000455283 sec
      iterations=1000... time=0.00479281 sec
      iterations=10000... time=0.0482935 sec
      iterations=100000... time=0.482565 sec
      iterations=200000... time=0.96307 sec
      iterations=400000... time=1.92654 sec
      result: 81.6417 GByte/sec
    Read bandwidth of L3 cache (for 4 PUs) (using 1*25165824 bytes):
      [skipped -- avoiding large-memory benchmarks]
    Write latency of D1 cache (for 2 PUs) (using 1*24576 bytes):
      iterations=1000... time=3.056e-06 sec
      iterations=10000... time=2.9615e-05 sec
      iterations=100000... time=0.000251131 sec
      iterations=1000000... time=0.00248677 sec
      iterations=10000000... time=0.0247301 sec
      iterations=100000000... time=0.248517 sec
      iterations=400000000... time=0.989504 sec
      iterations=800000000... time=1.98007 sec
      result: 0.309386 nsec
    Write latency of L2 cache (for 2 PUs) (using 1*393216 bytes):
      iterations=1000... time=1.0649e-05 sec
      iterations=10000... time=0.000108103 sec
      iterations=100000... time=0.00105729 sec
      iterations=1000000... time=0.0104399 sec
      iterations=10000000... time=0.107288 sec
      iterations=100000000... time=1.08276 sec
      result: 1.35346 nsec
    Write latency of L3 cache (for 4 PUs) (using 1*25165824 bytes):
      [skipped -- avoiding large-memory benchmarks]
    Write bandwidth of D1 cache (for 2 PUs) (using 1*24576 bytes):
      iterations=1... time=3.71e-07 sec
      iterations=10... time=3.407e-06 sec
      iterations=100... time=3.5887e-05 sec
      iterations=1000... time=0.000267882 sec
      iterations=10000... time=0.00261252 sec
      iterations=100000... time=0.0260201 sec
      iterations=1000000... time=0.260282 sec
      iterations=4000000... time=1.0418 sec
      result: 94.3599 GByte/sec
    Write bandwidth of L2 cache (for 2 PUs) (using 1*393216 bytes):
      iterations=1... time=9.137e-06 sec
      iterations=10... time=6.4901e-05 sec
      iterations=100... time=0.000559318 sec
      iterations=1000... time=0.00453768 sec
      iterations=10000... time=0.0443644 sec
      iterations=100000... time=0.447621 sec
      iterations=200000... time=0.889524 sec
      iterations=400000... time=1.78272 sec
      result: 88.2283 GByte/sec
    Write bandwidth of L3 cache (for 4 PUs) (using 1*25165824 bytes):
      [skipped -- avoiding large-memory benchmarks]
    Stencil code performance of D1 cache (for 2 PUs) (using 1*12^3 grid points, 1*27648 bytes):
      iterations=1... time=4.1146e-05 sec
      iterations=10... time=0.000415349 sec
      iterations=100... time=0.00410131 sec
      iterations=1000... time=0.0424795 sec
      iterations=10000... time=0.451948 sec
      iterations=20000... time=0.846671 sec
      iterations=40000... time=1.68049 sec
      result: 0.0411309 Gupdates/sec
    Stencil code performance of L2 cache (for 2 PUs) (using 1*29^3 grid points, 1*390224 bytes):
      iterations=1... time=0.000150432 sec
      iterations=10... time=0.00147877 sec
      iterations=100... time=0.0152465 sec
      iterations=1000... time=0.152668 sec
      iterations=7000... time=1.05429 sec
      result: 0.161931 Gupdates/sec
    Stencil code performance of L3 cache (for 4 PUs) (using 1*116^3 grid points, 1*24974336 bytes):
      iterations=1... time=0.003874 sec
      iterations=10... time=0.0380829 sec
      iterations=100... time=0.383889 sec
      iterations=300... time=1.17602 sec
      result: 0.398183 Gupdates/sec
  Single-node measurements (using 1 MPI processes with 2 OpenMP threads each):
    CPU frequency:
      iterations=1000000... time=0.00129303 sec
      iterations=10000000... time=0.0124036 sec
      iterations=100000000... time=0.123858 sec
      iterations=900000000... time=1.11558 sec
      iterations=900000000... time=0.835347 sec
      result: 6.42323 GHz
    CPU floating point performance:
      iterations=1000000... time=0.00197004 sec
      iterations=10000000... time=0.0197218 sec
      iterations=100000000... time=0.197313 sec
      iterations=600000000... time=1.18374 sec
      result: 16.2198 Gflop/sec
    CPU integer performance:
      iterations=1000000... time=0.00185954 sec
      iterations=10000000... time=0.0186608 sec
      iterations=100000000... time=0.185627 sec
      iterations=600000000... time=1.11509 sec
      result: 8.60919 Giop/sec
    Read latency of D1 cache (for 2 PUs) (using 2*24576 bytes):
      iterations=1000... time=0.000123822 sec
      iterations=10000... time=0.00123439 sec
      iterations=100000... time=0.0123645 sec
      iterations=1000000... time=0.123879 sec
      iterations=9000000... time=1.11306 sec
      result: 1.23674 nsec
    Read latency of L2 cache (for 2 PUs) (using 2*393216 bytes):
      iterations=1000... time=0.000425713 sec
      iterations=10000... time=0.00411559 sec
      iterations=100000... time=0.0410772 sec
      iterations=1000000... time=0.412992 sec
      iterations=3000000... time=1.2364 sec
      result: 4.12133 nsec
    Read latency of L3 cache (for 4 PUs) (using 1*25165824 bytes):
      [skipped -- avoiding large-memory benchmarks]
    Read bandwidth of D1 cache (for 2 PUs) (using 2*24576 bytes):
      iterations=1... time=4.055e-07 sec
      iterations=10... time=4.238e-06 sec
      iterations=100... time=3.201e-05 sec
      iterations=1000... time=0.000313943 sec
      iterations=10000... time=0.00256881 sec
      iterations=100000... time=0.0243275 sec
      iterations=1000000... time=0.243755 sec
      iterations=5000000... time=1.21977 sec
      result: 100.74 GByte/sec
    Read bandwidth of L2 cache (for 2 PUs) (using 2*393216 bytes):
      iterations=1... time=7.95e-06 sec
      iterations=10... time=5.43865e-05 sec
      iterations=100... time=0.000519383 sec
      iterations=1000... time=0.00500674 sec
      iterations=10000... time=0.0482927 sec
      iterations=100000... time=0.480379 sec
      iterations=200000... time=0.955059 sec
      iterations=400000... time=1.91184 sec
      result: 82.2696 GByte/sec
    Read bandwidth of L3 cache (for 4 PUs) (using 1*25165824 bytes):
      [skipped -- avoiding large-memory benchmarks]
    Write latency of D1 cache (for 2 PUs) (using 2*24576 bytes):
      iterations=1000... time=2.9955e-06 sec
      iterations=10000... time=2.8022e-05 sec
      iterations=100000... time=0.000249763 sec
      iterations=1000000... time=0.00246961 sec
      iterations=10000000... time=0.0247623 sec
      iterations=100000000... time=0.247495 sec
      iterations=400000000... time=0.99149 sec
      iterations=800000000... time=1.98207 sec
      result: 0.309698 nsec
    Write latency of L2 cache (for 2 PUs) (using 2*393216 bytes):
      iterations=1000... time=9.7435e-06 sec
      iterations=10000... time=9.0745e-05 sec
      iterations=100000... time=0.000975602 sec
      iterations=1000000... time=0.00947659 sec
      iterations=10000000... time=0.095526 sec
      iterations=100000000... time=0.967327 sec
      iterations=200000000... time=1.93228 sec
      result: 1.20768 nsec
    Write latency of L3 cache (for 4 PUs) (using 1*25165824 bytes):
      [skipped -- avoiding large-memory benchmarks]
    Write bandwidth of D1 cache (for 2 PUs) (using 2*24576 bytes):
      iterations=1... time=4.305e-07 sec
      iterations=10... time=3.6065e-06 sec
      iterations=100... time=3.3808e-05 sec
      iterations=1000... time=0.00030668 sec
      iterations=10000... time=0.00277816 sec
      iterations=100000... time=0.0269159 sec
      iterations=1000000... time=0.2687 sec
      iterations=4000000... time=1.07609 sec
      result: 91.353 GByte/sec
    Write bandwidth of L2 cache (for 2 PUs) (using 2*393216 bytes):
      iterations=1... time=8.3855e-06 sec
      iterations=10... time=6.4776e-05 sec
      iterations=100... time=0.000581008 sec
      iterations=1000... time=0.00480961 sec
      iterations=10000... time=0.046467 sec
      iterations=100000... time=0.452315 sec
      iterations=200000... time=0.902565 sec
      iterations=400000... time=1.8084 sec
      result: 86.9752 GByte/sec
    Write bandwidth of L3 cache (for 4 PUs) (using 1*25165824 bytes):
      [skipped -- avoiding large-memory benchmarks]
    Stencil code performance of D1 cache (for 2 PUs) (using 1*12^3 grid points, 1*27648 bytes):
      iterations=1... time=1.16215e-05 sec
      iterations=10... time=0.000117726 sec
      iterations=100... time=0.00139113 sec
      iterations=1000... time=0.0118275 sec
      iterations=10000... time=0.119481 sec
      iterations=90000... time=1.04396 sec
      result: 0.148972 Gupdates/sec
    Stencil code performance of L2 cache (for 2 PUs) (using 1*29^3 grid points, 1*390224 bytes):
      iterations=1... time=3.8943e-05 sec
      iterations=10... time=0.000396117 sec
      iterations=100... time=0.00389055 sec
      iterations=1000... time=0.0396353 sec
      iterations=10000... time=0.396545 sec
      iterations=30000... time=1.16726 sec
      result: 0.626829 Gupdates/sec
    Stencil code performance of L3 cache (for 4 PUs) (using 1*116^3 grid points, 1*24974336 bytes):
      iterations=1... time=0.000951598 sec
      iterations=10... time=0.0122979 sec
      iterations=100... time=0.123672 sec
      iterations=900... time=1.1052 sec
      result: 1.27109 Gupdates/sec
INFO (Vectors): Testing vectorisation... [errors may result in segfaults]
INFO (Vectors): 375/375 tests passed 
INFO (CartGrid3D): Grid Spacings:
INFO (CartGrid3D): dx=>1.1111111e-01  dy=>1.1111111e-01  dz=>1.1111111e-01
INFO (CartGrid3D): Computational Coordinates:
INFO (CartGrid3D): x=>[-0.500, 0.500]  y=>[-0.500, 0.500]  z=>[-0.500, 0.500]
INFO (CartGrid3D): Indices of Physical Coordinates:
INFO (CartGrid3D): x=>[0,9]  y=>[0,9]  z=>[0,9]
INFO (PUGH): MPI Evolution on 1 processors
INFO (PUGH): 3-dimensional grid functions
INFO (PUGH):   Size: 10 10 10
INFO (PUGH):   Processor topology: 1 x 1 x 1
INFO (PUGH):   Local load: 1000   [10 x 10 x 10]
INFO (PUGH):   Maximum load skew: 0.000000
--------------------------------------------------------------------------------
Done.
+ echo Stopping:
Stopping:
+ date
Mon Oct  7 19:39:53 UTC 2024
+ echo Done.
Done.
  Elapsed time: 62.0 s
