/home/runner/simulations/TestJob01_temp_2/output-0000/TEST/sim/MemSpeed
Preparing:
+ set -e
+ cd output-0000-active
+ echo Checking:
Checking:
+ pwd
/home/runner/simulations/TestJob01_temp_2/output-0000/TEST/sim/MemSpeed/output-0000-active
+ hostname
fv-az568-773
+ date
Fri Aug  9 01:04:52 UTC 2024
+ echo Environment:
Environment:
+ export CACTUS_NUM_PROCS=2
+ CACTUS_NUM_PROCS=2
+ export CACTUS_NUM_THREADS=1
+ CACTUS_NUM_THREADS=1
+ export GMON_OUT_PREFIX=gmon.out
+ GMON_OUT_PREFIX=gmon.out
+ export OMP_NUM_THREADS=1
+ OMP_NUM_THREADS=1
+ env
+ sort
+ echo Starting:
Starting:
++ date +%s
+ export CACTUS_STARTTIME=1723165492
+ CACTUS_STARTTIME=1723165492
+ '[' 2 = 1 ']'
+ mpirun -np 2 /home/runner/simulations/TestJob01_temp_2/SIMFACTORY/exe/cactus_sim -L 3 /home/runner/simulations/TestJob01_temp_2/output-0000/arrangements/CactusUtils/MemSpeed/test/memspeed.par
INFO (Cactus): Increased logging level from 0 to 3
--------------------------------------------------------------------------------

       10                                  
  1   0101       ************************  
  01  1010 10      The Cactus Code V4.16.0    
 1010 1101 011      www.cactuscode.org     
  1001 100101    ************************  
    00010101                               
     100011     (c) Copyright The Authors  
      0100      GNU Licensed. No Warranty  
      0101                                 
--------------------------------------------------------------------------------

Cactus version:    4.16.0
Compile date:      Aug 09 2024 (00:39:04)
Run date:          Aug 09 2024 (01:04:53+0000)
Run host:          fv-az568-773.kq21xgauaq5efpa1vyplvqtvth.dx.internal.cloudapp.net (pid=139739)
Working directory: /home/runner/simulations/TestJob01_temp_2/output-0000/TEST/sim/MemSpeed
Executable:        /home/runner/simulations/TestJob01_temp_2/SIMFACTORY/exe/cactus_sim
Parameter file:    /home/runner/simulations/TestJob01_temp_2/output-0000/arrangements/CactusUtils/MemSpeed/test/memspeed.par
--------------------------------------------------------------------------------

Activating thorn Cactus...Success -> active implementation Cactus
Activation requested for 
--->hwloc MemSpeed SystemTopology CartGrid3D CoordBase IOASCII IOUtil PUGH PUGHSlab<---
Thorn hwloc requests automatic activation of zlib
Thorn MemSpeed requests automatic activation of Vectors
Thorn MemSpeed requests automatic activation of MPI
Activating thorn CartGrid3D...Success -> active implementation grid
Activating thorn CoordBase...Success -> active implementation CoordBase
Activating thorn hwloc...Success -> active implementation hwloc
Activating thorn IOASCII...Success -> active implementation IOASCII
Activating thorn IOUtil...Success -> active implementation IO
Activating thorn MemSpeed...Success -> active implementation MemSpeed
Activating thorn MPI...Success -> active implementation MPI
Activating thorn PUGH...Success -> active implementation Driver
Activating thorn PUGHSlab...Success -> active implementation Hyperslab
Activating thorn SystemTopology...Success -> active implementation SystemTopology
Activating thorn Vectors...Success -> active implementation Vectors
Activating thorn zlib...Success -> active implementation zlib
--------------------------------------------------------------------------------
  if (recover initial data)
    Recover parameters
  endif

  Startup routines
    [CCTK_STARTUP]
      CartGrid3D::SymmetryStartup: Register GH Extension for GridSymmetry
      CoordBase::CoordBase_Startup: Register a GH extension to store the coordinate system handles
      GROUP hwloc_startup: hwloc startup group
        hwloc::hwloc_version: Output hwloc version
      SystemTopology::ST_system_topology: Output and/or modify system topology and hardware locality
      PUGH::Driver_Startup: Startup routine
      PUGH::PUGH_RegisterPUGHP2LRoutines: Register Physical to Logical process mapping routines
      PUGH::PUGH_RegisterPUGHTopologyRoutines: Register topology generation routines routines
      IOUtil::IOUtil_Startup: Startup routine
      Vectors::Vectors_Startup: Print startup message
      IOASCII::IOASCII_Startup: Startup routine

  Startup routines which need an existing grid hierarchy
    [CCTK_WRAGH]
      CartGrid3D::RegisterCartGrid3DCoords: [meta] Register coordinates for the Cartesian grid
      MemSpeed::MemSpeed_MeasureSpeed: [meta] Measure CPU, memory, cache speeds
  Parameter checking routines
    [CCTK_PARAMCHECK]
      CartGrid3D::ParamCheck_CartGrid3D: Check coordinates for CartGrid3D
      Vectors::Vectors_Test: Run correctness tests.

  Initialisation
    if (NOT (recover initial data AND recovery_mode is 'strict'))
      [CCTK_PREREGRIDINITIAL]
      Set up grid hierarchy
      [CCTK_POSTREGRIDINITIAL]
        CartGrid3D::SpatialCoordinates: Set Coordinates after regridding
      [CCTK_BASEGRID]
        CartGrid3D::SpatialSpacings: Set up ranges for spatial 3D Cartesian coordinates (on all grids)
        CartGrid3D::SpatialCoordinates: Set up spatial 3D Cartesian coordinates on the GH
        IOASCII::IOASCII_Choose1D: Choose 1D output lines
        IOASCII::IOASCII_Choose2D: Choose 2D output planes
        PUGH::PUGH_Report: Report on PUGH set up
      [CCTK_INITIAL]
      [CCTK_POSTINITIAL]
      Initialise finer grids recursively
      Restrict from finer grids
      [CCTK_POSTRESTRICTINITIAL]
      [CCTK_POSTPOSTINITIAL]
      [CCTK_POSTSTEP]
    endif
    if (recover initial data)
      [CCTK_BASEGRID]
        CartGrid3D::SpatialSpacings: Set up ranges for spatial 3D Cartesian coordinates (on all grids)
        CartGrid3D::SpatialCoordinates: Set up spatial 3D Cartesian coordinates on the GH
        IOASCII::IOASCII_Choose1D: Choose 1D output lines
        IOASCII::IOASCII_Choose2D: Choose 2D output planes
        PUGH::PUGH_Report: Report on PUGH set up
      [CCTK_RECOVER_VARIABLES]
      [CCTK_POST_RECOVER_VARIABLES]
    endif
    if (checkpoint initial data)
      [CCTK_CPINITIAL]
    endif
    if (analysis)
      [CCTK_ANALYSIS]
  endif
  Output grid variables

  do loop over timesteps
    [CCTK_PREREGRID]
    Change grid hierarchy
    [CCTK_POSTREGRID]
      CartGrid3D::SpatialCoordinates: Set Coordinates after regridding
    Rotate timelevels
    iteration = iteration+1
    t = t+dt
    [CCTK_PRESTEP]
    [CCTK_EVOL]
    Evolve finer grids recursively
    Restrict from finer grids
    [CCTK_POSTRESTRICT]
    [CCTK_POSTSTEP]
    if (checkpoint)
      [CCTK_CHECKPOINT]
    endif
    if (analysis)
      [CCTK_ANALYSIS]
    endif
    Output grid variables
    enddo

  Termination routines
    [CCTK_TERMINATE]
      PUGH::Driver_Terminate: Termination routine

  Shutdown routines
    [CCTK_SHUTDOWN]

  Routines run after changing the grid hierarchy:
    [CCTK_POSTREGRID]
      CartGrid3D::SpatialCoordinates: Set Coordinates after regridding
--------------------------------------------------------------------------------
INFO (hwloc): library version 2.7.0, API version 0x20500
INFO (SystemTopology): MPI process-to-host mapping:
This is MPI process 0 of 2
MPI hosts:
  0: fv-az568-773
This MPI process runs on host 0 of 1
On this host, this is MPI process 0 of 2
INFO (SystemTopology): Topology support:
Discovery support:
  discovery->pu                            : yes
CPU binding support:
  cpubind->set_thisproc_cpubind            : yes
  cpubind->get_thisproc_cpubind            : yes
  cpubind->set_proc_cpubind                : yes
  cpubind->get_proc_cpubind                : yes
  cpubind->set_thisthread_cpubind          : yes
  cpubind->get_thisthread_cpubind          : yes
  cpubind->set_thread_cpubind              : yes
  cpubind->get_thread_cpubind              : yes
  cpubind->get_thisproc_last_cpu_location  : yes
  cpubind->get_proc_last_cpu_location      : yes
  cpubind->get_thisthread_last_cpu_location: yes
Memory binding support:
  membind->set_thisproc_membind            : no
  membind->get_thisproc_membind            : no
  membind->set_proc_membind                : no
  membind->get_proc_membind                : no
  membind->set_thisthread_membind          : yes
  membind->get_thisthread_membind          : yes
  membind->set_area_membind                : yes
  membind->get_area_membind                : yes
  membind->alloc_membind                   : yes
  membind->firsttouch_membind              : yes
  membind->bind_membind                    : yes
  membind->interleave_membind              : yes
  membind->nexttouch_membind               : no
  membind->migrate_membind                 : yes
INFO (SystemTopology): Hardware objects in this node:
Machine L#0: (P#0, total=16364592KB, DMIProductName="Virtual Machine", DMIProductVersion=7.0, DMIProductUUID=3df6d03d-b9d8-3a45-ab4a-5b432cad0e66, DMIBoardVendor="Microsoft Corporation", DMIBoardName="Virtual Machine", DMIBoardVersion=7.0, DMIChassisVendor="Microsoft Corporation", DMIChassisType=3, DMIChassisVersion=7.0, DMIChassisAssetTag=7783-7084-3265-9085-8269-3286-77, DMIBIOSVendor="American Megatrends Inc.", DMIBIOSVersion="090008 ", DMIBIOSDate=12/07/2018, DMISysVendor="Microsoft Corporation", Backend=Linux, LinuxCgroup=/system.slice/runner-provisioner.service, OSName=Linux, OSRelease=6.5.0-1025-azure, OSVersion="#26~22.04.1-Ubuntu SMP Thu Jul 11 22:33:04 UTC 2024", HostName=fv-az568-773, Architecture=x86_64, hwlocVersion=2.7.0, ProcessName=cactus_sim)
  Package L#0: (P#0, total=16364592KB, CPUVendor=AuthenticAMD, CPUFamilyNumber=25, CPUModelNumber=1, CPUModel="AMD EPYC 7763 64-Core Processor                ", CPUStepping=1)
    L3Cache L#0: (P#0, size=32768KB, linesize=64, ways=16, Inclusive=0)
      L2Cache L#0: (P#0, size=512KB, linesize=64, ways=8, Inclusive=1)
        L1dCache L#0: (P#0, size=32KB, linesize=64, ways=8, Inclusive=0)
          Core L#0: (P#0)
            PU L#0: (P#0)
            PU L#1: (P#1)
      L2Cache L#1: (P#1, size=512KB, linesize=64, ways=8, Inclusive=1)
        L1dCache L#1: (P#1, size=32KB, linesize=64, ways=8, Inclusive=0)
          Core L#1: (P#1)
            PU L#2: (P#2)
            PU L#3: (P#3)
INFO (SystemTopology): Thread CPU bindings:
  MPI process 0 on host 0 (process 0 of 2 on this host)
    OpenMP thread 0: PU set L#{0-1} P#{0-1}
  MPI process 1 on host 0 (process 1 of 2 on this host)
    OpenMP thread 0: PU set L#{2-3} P#{2-3}
INFO (SystemTopology): Setting thread CPU bindings:
INFO (SystemTopology): Thread CPU bindings:
  MPI process 0 on host 0 (process 0 of 2 on this host)
    OpenMP thread 0: PU set L#{0} P#{0}
  MPI process 1 on host 0 (process 1 of 2 on this host)
    OpenMP thread 0: PU set L#{2} P#{2}
INFO (SystemTopology): Extracting CPU/cache/memory properties:
  There are 2 PUs per core (aka hardware SMT threads)
  There are 1 threads per core (aka SMT threads used)
  Cache (unknown name) has type "data" depth 1
    size 32768 linesize 64 associativity 8 stride 4096, for 2 PUs
  Cache (unknown name) has type "unified" depth 2
    size 524288 linesize 64 associativity 8 stride 65536, for 2 PUs
  Cache (unknown name) has type "unified" depth 3
    size 33554432 linesize 64 associativity 16 stride 2097152, for 4 PUs
INFO (PUGH): Using physical to logical mappings: direct
INFO (PUGH): Using topology generator: automatic
INFO (Vectors): Using vector size 2 for architecture SSE2 (64-bit precision)
--------------------------------------------------------------------------------
Driver provided by PUGH
--------------------------------------------------------------------------------

INFO (PUGH): Not setting up a topology for 1 dimensions
INFO (PUGH): Not setting up a topology for 2 dimensions
INFO (PUGH): Setting up a topology for 3 dimensions
INFO (IOASCII): I/O Method 'IOASCII_1D' registered: output of 1D lines of grid functions/arrays to ASCII files
INFO (IOASCII): Periodic 1D output every 1 iterations
INFO (IOASCII): Periodic 1D output requested for 'GRID::r'
INFO (IOASCII): I/O Method 'IOASCII_2D' registered: output of 2D planes of grid functions/arrays to ASCII files
INFO (IOASCII): Periodic 2D output turned off
INFO (IOASCII): I/O Method 'IOASCII_3D' registered: output of 3D grid functions/arrays to ASCII files
INFO (IOASCII): Periodic 3D output turned off
INFO (MemSpeed): Measuring CPU, cache, memory, and communication speeds:
  Single-core measurements (using 1 MPI processes with 1 OpenMP threads each):
    CPU frequency:
      iterations=1000000... time=0.00123627 sec
      iterations=10000000... time=0.0173425 sec
      iterations=100000000... time=0.12699 sec
      iterations=900000000... time=1.11494 sec
      iterations=900000000... time=0.837754 sec
      result: 6.4939 GHz
    CPU floating point performance:
      iterations=1000000... time=0.00197612 sec
      iterations=10000000... time=0.0197376 sec
      iterations=100000000... time=0.197333 sec
      iterations=600000000... time=1.18393 sec
      result: 16.2171 Gflop/sec
    CPU integer performance:
      iterations=1000000... time=0.00187958 sec
      iterations=10000000... time=0.0186198 sec
      iterations=100000000... time=0.185945 sec
      iterations=600000000... time=1.11674 sec
      result: 8.59644 Giop/sec
    Read latency of D1 cache (for 2 PUs) (using 1*24576 bytes):
      iterations=1000... time=0.000125796 sec
      iterations=10000... time=0.00123787 sec
      iterations=100000... time=0.0123741 sec
      iterations=1000000... time=0.123699 sec
      iterations=9000000... time=1.11401 sec
      result: 1.23779 nsec
    Read latency of L2 cache (for 2 PUs) (using 1*393216 bytes):
      iterations=1000... time=0.000592762 sec
      iterations=10000... time=0.00538567 sec
      iterations=100000... time=0.0540119 sec
      iterations=1000000... time=0.539614 sec
      iterations=2000000... time=1.07999 sec
      result: 5.39997 nsec
    Read latency of L3 cache (for 4 PUs) (using 1*25165824 bytes):
      [skipped -- avoiding large-memory benchmarks]
    Read bandwidth of D1 cache (for 2 PUs) (using 1*24576 bytes):
      iterations=1... time=5.7e-07 sec
      iterations=10... time=3.647e-06 sec
      iterations=100... time=4.237e-05 sec
      iterations=1000... time=0.000260328 sec
      iterations=10000... time=0.00245498 sec
      iterations=100000... time=0.0244274 sec
      iterations=1000000... time=0.24778 sec
      iterations=4000000... time=0.976242 sec
      iterations=8000000... time=1.9532 sec
      result: 100.659 GByte/sec
    Read bandwidth of L2 cache (for 2 PUs) (using 1*393216 bytes):
      iterations=1... time=9.148e-06 sec
      iterations=10... time=6.4381e-05 sec
      iterations=100... time=0.000499607 sec
      iterations=1000... time=0.0048538 sec
      iterations=10000... time=0.048295 sec
      iterations=100000... time=0.485671 sec
      iterations=200000... time=0.97423 sec
      iterations=400000... time=1.96207 sec
      result: 80.1636 GByte/sec
    Read bandwidth of L3 cache (for 4 PUs) (using 1*25165824 bytes):
      [skipped -- avoiding large-memory benchmarks]
    Write latency of D1 cache (for 2 PUs) (using 1*24576 bytes):
      iterations=1000... time=4.218e-06 sec
      iterations=10000... time=3.3493e-05 sec
      iterations=100000... time=0.000259607 sec
      iterations=1000000... time=0.00249821 sec
      iterations=10000000... time=0.0247522 sec
      iterations=100000000... time=0.24762 sec
      iterations=400000000... time=0.994253 sec
      iterations=800000000... time=1.98623 sec
      result: 0.310349 nsec
    Write latency of L2 cache (for 2 PUs) (using 1*393216 bytes):
      iterations=1000... time=1.3566e-05 sec
      iterations=10000... time=0.000106209 sec
      iterations=100000... time=0.000946336 sec
      iterations=1000000... time=0.00946001 sec
      iterations=10000000... time=0.0941991 sec
      iterations=100000000... time=0.943289 sec
      iterations=200000000... time=1.89006 sec
      result: 1.18129 nsec
    Write latency of L3 cache (for 4 PUs) (using 1*25165824 bytes):
      [skipped -- avoiding large-memory benchmarks]
    Write bandwidth of D1 cache (for 2 PUs) (using 1*24576 bytes):
      iterations=1... time=5.41e-07 sec
      iterations=10... time=3.737e-06 sec
      iterations=100... time=4.1007e-05 sec
      iterations=1000... time=0.000302726 sec
      iterations=10000... time=0.00277497 sec
      iterations=100000... time=0.0276958 sec
      iterations=1000000... time=0.27979 sec
      iterations=4000000... time=1.1092 sec
      result: 88.6263 GByte/sec
    Write bandwidth of L2 cache (for 2 PUs) (using 1*393216 bytes):
      iterations=1... time=1.0821e-05 sec
      iterations=10... time=6.8037e-05 sec
      iterations=100... time=0.000473526 sec
      iterations=1000... time=0.00440453 sec
      iterations=10000... time=0.0435294 sec
      iterations=100000... time=0.436335 sec
      iterations=300000... time=1.31345 sec
      result: 89.8126 GByte/sec
    Write bandwidth of L3 cache (for 4 PUs) (using 1*25165824 bytes):
      [skipped -- avoiding large-memory benchmarks]
    Stencil code performance of D1 cache (for 2 PUs) (using 1*12^3 grid points, 1*27648 bytes):
      iterations=1... time=1.9957e-05 sec
      iterations=10... time=0.000312165 sec
      iterations=100... time=0.00308604 sec
      iterations=1000... time=0.0312912 sec
      iterations=10000... time=0.309565 sec
      iterations=40000... time=1.26017 sec
      result: 0.0548498 Gupdates/sec
    Stencil code performance of L2 cache (for 2 PUs) (using 1*29^3 grid points, 1*390224 bytes):
      iterations=1... time=0.000148509 sec
      iterations=10... time=0.00158496 sec
      iterations=100... time=0.0158177 sec
      iterations=1000... time=0.159572 sec
      iterations=7000... time=1.11556 sec
      result: 0.153038 Gupdates/sec
    Stencil code performance of L3 cache (for 4 PUs) (using 1*116^3 grid points, 1*24974336 bytes):
      iterations=1... time=0.00400097 sec
      iterations=10... time=0.0404451 sec
      iterations=100... time=0.398978 sec
      iterations=300... time=1.19626 sec
      result: 0.391444 Gupdates/sec
  Single-node measurements (using 2 MPI processes with 1 OpenMP threads each):
    CPU frequency:
      iterations=1000000... time=0.00123702 sec
      iterations=10000000... time=0.0123909 sec
      iterations=100000000... time=0.123814 sec
      iterations=900000000... time=1.11419 sec
      iterations=900000000... time=0.848911 sec
      result: 6.78536 GHz
    CPU floating point performance:
      iterations=1000000... time=0.00197974 sec
      iterations=10000000... time=0.0197236 sec
      iterations=100000000... time=0.197406 sec
      iterations=600000000... time=1.18421 sec
      result: 16.2134 Gflop/sec
    CPU integer performance:
      iterations=1000000... time=0.00188709 sec
      iterations=10000000... time=0.0186381 sec
      iterations=100000000... time=0.1857 sec
      iterations=600000000... time=1.11553 sec
      result: 8.60575 Giop/sec
    Read latency of D1 cache (for 2 PUs) (using 2*24576 bytes):
      iterations=1000... time=0.000127299 sec
      iterations=10000... time=0.00124029 sec
      iterations=100000... time=0.0123713 sec
      iterations=1000000... time=0.123686 sec
      iterations=9000000... time=1.12513 sec
      result: 1.25014 nsec
    Read latency of L2 cache (for 2 PUs) (using 2*393216 bytes):
      iterations=1000... time=0.000380233 sec
      iterations=10000... time=0.00363538 sec
      iterations=100000... time=0.0361052 sec
      iterations=1000000... time=0.360385 sec
      iterations=3000000... time=1.08515 sec
      result: 3.61716 nsec
    Read latency of L3 cache (for 4 PUs) (using 1*25165824 bytes):
      [skipped -- too many MPI processes]
    Read bandwidth of D1 cache (for 2 PUs) (using 2*24576 bytes):
      iterations=1... time=7.01e-07 sec
      iterations=10... time=3.4215e-06 sec
      iterations=100... time=3.2371e-05 sec
      iterations=1000... time=0.000274906 sec
      iterations=10000... time=0.00244111 sec
      iterations=100000... time=0.0243659 sec
      iterations=1000000... time=0.243857 sec
      iterations=5000000... time=1.22227 sec
      result: 100.534 GByte/sec
    Read bandwidth of L2 cache (for 2 PUs) (using 2*393216 bytes):
      iterations=1... time=1.1357e-05 sec
      iterations=10... time=7.3127e-05 sec
      iterations=100... time=0.000515001 sec
      iterations=1000... time=0.00507266 sec
      iterations=10000... time=0.050621 sec
      iterations=100000... time=0.501547 sec
      iterations=200000... time=1.00263 sec
      result: 78.4366 GByte/sec
    Read bandwidth of L3 cache (for 4 PUs) (using 1*25165824 bytes):
      [skipped -- too many MPI processes]
    Write latency of D1 cache (for 2 PUs) (using 2*24576 bytes):
      iterations=1000... time=3.466e-06 sec
      iterations=10000... time=3.453e-05 sec
      iterations=100000... time=0.000259642 sec
      iterations=1000000... time=0.00249613 sec
      iterations=10000000... time=0.0247902 sec
      iterations=100000000... time=0.247457 sec
      iterations=400000000... time=0.99102 sec
      iterations=800000000... time=1.98209 sec
      result: 0.309702 nsec
    Write latency of L2 cache (for 2 PUs) (using 2*393216 bytes):
      iterations=1000... time=2.69755e-05 sec
      iterations=10000... time=0.000153834 sec
      iterations=100000... time=0.000967215 sec
      iterations=1000000... time=0.00946455 sec
      iterations=10000000... time=0.0950466 sec
      iterations=100000000... time=0.964376 sec
      iterations=200000000... time=1.9328 sec
      result: 1.208 nsec
    Write latency of L3 cache (for 4 PUs) (using 1*25165824 bytes):
      [skipped -- too many MPI processes]
    Write bandwidth of D1 cache (for 2 PUs) (using 2*24576 bytes):
      iterations=1... time=5.46e-07 sec
      iterations=10... time=4.5435e-06 sec
      iterations=100... time=4.2319e-05 sec
      iterations=1000... time=0.000292514 sec
      iterations=10000... time=0.00279387 sec
      iterations=100000... time=0.0277156 sec
      iterations=1000000... time=0.278665 sec
      iterations=4000000... time=1.12112 sec
      result: 87.6838 GByte/sec
    Write bandwidth of L2 cache (for 2 PUs) (using 2*393216 bytes):
      iterations=1... time=1.5784e-05 sec
      iterations=10... time=7.70545e-05 sec
      iterations=100... time=0.00050083 sec
      iterations=1000... time=0.00471045 sec
      iterations=10000... time=0.0465732 sec
      iterations=100000... time=0.46231 sec
      iterations=200000... time=0.926498 sec
      iterations=400000... time=1.85225 sec
      result: 84.9164 GByte/sec
    Write bandwidth of L3 cache (for 4 PUs) (using 1*25165824 bytes):
      [skipped -- too many MPI processes]
    Stencil code performance of D1 cache (for 2 PUs) (using 1*12^3 grid points, 1*27648 bytes):
      [skipped -- too many MPI processes]
    Stencil code performance of L2 cache (for 2 PUs) (using 1*29^3 grid points, 1*390224 bytes):
      [skipped -- too many MPI processes]
    Stencil code performance of L3 cache (for 4 PUs) (using 1*116^3 grid points, 1*24974336 bytes):
      [skipped -- too many MPI processes]
  Single-node measurements:
    MPI latency: 686 nsec
    MPI bandwidth: 9.42568 GByte/sec
INFO (Vectors): Testing vectorisation... [errors may result in segfaults]
INFO (Vectors): 375/375 tests passed 
INFO (CartGrid3D): Grid Spacings:
INFO (CartGrid3D): dx=>1.1111111e-01  dy=>1.1111111e-01  dz=>1.1111111e-01
INFO (CartGrid3D): Computational Coordinates:
INFO (CartGrid3D): x=>[-0.500, 0.500]  y=>[-0.500, 0.500]  z=>[-0.500, 0.500]
INFO (CartGrid3D): Indices of Physical Coordinates:
INFO (CartGrid3D): x=>[0,9]  y=>[0,9]  z=>[0,9]
INFO (PUGH): MPI Evolution on 2 processors
INFO (PUGH): 3-dimensional grid functions
INFO (PUGH):   Size: 10 10 10
INFO (PUGH):   Processor topology: 2 x 1 x 1
INFO (PUGH):   Local load: 600   [6 x 10 x 10]
INFO (PUGH):   Maximum load skew: 0.000000
--------------------------------------------------------------------------------
Done.
+ echo Stopping:
Stopping:
+ date
Fri Aug  9 01:05:44 UTC 2024
+ echo Done.
Done.
  Elapsed time: 51.4 s
