/home/runner/simulations/TestJob01_temp_1/output-0000/TEST/sim/MemSpeed
Preparing:
+ set -e
+ cd output-0000-active
+ echo Checking:
Checking:
+ pwd
/home/runner/simulations/TestJob01_temp_1/output-0000/TEST/sim/MemSpeed/output-0000-active
+ hostname
fv-az152-485
+ date
Fri Oct  8 01:55:10 UTC 2021
+ echo Environment:
Environment:
+ export CACTUS_NUM_PROCS=1
+ export CACTUS_NUM_THREADS=2
+ export GMON_OUT_PREFIX=gmon.out
+ export OMP_NUM_THREADS=2
+ env
+ sort
+ echo Starting:
Starting:
+ date +%s
+ export CACTUS_STARTTIME=1633658110
+ [ 1 = 1 ]
+ [ 0 -eq 0 ]
+ /home/runner/simulations/TestJob01_temp_1/SIMFACTORY/exe/cactus_sim -L 3 /home/runner/simulations/TestJob01_temp_1/output-0000/arrangements/CactusUtils/MemSpeed/test/memspeed.par
INFO (Cactus): Increased logging level from 0 to 3
--------------------------------------------------------------------------------

       10                                  
  1   0101       ************************  
  01  1010 10      The Cactus Code V4.9.0    
 1010 1101 011      www.cactuscode.org     
  1001 100101    ************************  
    00010101                               
     100011     (c) Copyright The Authors  
      0100      GNU Licensed. No Warranty  
      0101                                 
--------------------------------------------------------------------------------

Cactus version:    4.9.0
Compile date:      Oct 08 2021 (01:47:54)
Run date:          Oct 08 2021 (01:55:10+0000)
Run host:          fv-az152-485.qln5d00okglujjccfnhxhxodph.cx.internal.cloudapp.net (pid=100845)
Working directory: /home/runner/simulations/TestJob01_temp_1/output-0000/TEST/sim/MemSpeed
Executable:        /home/runner/simulations/TestJob01_temp_1/SIMFACTORY/exe/cactus_sim
Parameter file:    /home/runner/simulations/TestJob01_temp_1/output-0000/arrangements/CactusUtils/MemSpeed/test/memspeed.par
--------------------------------------------------------------------------------

Activating thorn Cactus...Success -> active implementation Cactus
Activation requested for 
--->hwloc MemSpeed SystemTopology CartGrid3D CoordBase IOASCII IOUtil PUGH PUGHSlab<---
Thorn hwloc requests automatic activation of zlib
Thorn MemSpeed requests automatic activation of Vectors
Thorn MemSpeed requests automatic activation of MPI
Activating thorn CartGrid3D...Success -> active implementation grid
Activating thorn CoordBase...Success -> active implementation CoordBase
Activating thorn hwloc...Success -> active implementation hwloc
Activating thorn IOASCII...Success -> active implementation IOASCII
Activating thorn IOUtil...Success -> active implementation IO
Activating thorn MemSpeed...Success -> active implementation MemSpeed
Activating thorn MPI...Success -> active implementation MPI
Activating thorn PUGH...Success -> active implementation Driver
Activating thorn PUGHSlab...Success -> active implementation Hyperslab
Activating thorn SystemTopology...Success -> active implementation SystemTopology
Activating thorn Vectors...Success -> active implementation Vectors
Activating thorn zlib...Success -> active implementation zlib
--------------------------------------------------------------------------------
  if (recover initial data)
    Recover parameters
  endif

  Startup routines
    [CCTK_STARTUP]
      CartGrid3D::SymmetryStartup: Register GH Extension for GridSymmetry
      CoordBase::CoordBase_Startup: Register a GH extension to store the coordinate system handles
      GROUP hwloc_startup: hwloc startup group
        hwloc::hwloc_version: Output hwloc version
      SystemTopology::ST_system_topology: Output and/or modify system topology and hardware locality
      PUGH::Driver_Startup: Startup routine
      PUGH::PUGH_RegisterPUGHP2LRoutines: Register Physical to Logical process mapping routines
      PUGH::PUGH_RegisterPUGHTopologyRoutines: Register topology generation routines routines
      IOUtil::IOUtil_Startup: Startup routine
      Vectors::Vectors_Startup: Print startup message
      IOASCII::IOASCII_Startup: Startup routine

  Startup routines which need an existing grid hierarchy
    [CCTK_WRAGH]
      CartGrid3D::RegisterCartGrid3DCoords: [meta] Register coordinates for the Cartesian grid
      MemSpeed::MemSpeed_MeasureSpeed: [meta] Measure CPU, memory, cache speeds
  Parameter checking routines
    [CCTK_PARAMCHECK]
      CartGrid3D::ParamCheck_CartGrid3D: Check coordinates for CartGrid3D
      Vectors::Vectors_Test: Run correctness tests.

  Initialisation
    if (NOT (recover initial data AND recovery_mode is 'strict'))
      [CCTK_PREREGRIDINITIAL]
      Set up grid hierarchy
      [CCTK_POSTREGRIDINITIAL]
        CartGrid3D::SpatialCoordinates: Set Coordinates after regridding
      [CCTK_BASEGRID]
        CartGrid3D::SpatialSpacings: Set up ranges for spatial 3D Cartesian coordinates (on all grids)
        CartGrid3D::SpatialCoordinates: Set up spatial 3D Cartesian coordinates on the GH
        IOASCII::IOASCII_Choose1D: Choose 1D output lines
        IOASCII::IOASCII_Choose2D: Choose 2D output planes
        PUGH::PUGH_Report: Report on PUGH set up
      [CCTK_INITIAL]
      [CCTK_POSTINITIAL]
      Initialise finer grids recursively
      Restrict from finer grids
      [CCTK_POSTRESTRICTINITIAL]
      [CCTK_POSTPOSTINITIAL]
      [CCTK_POSTSTEP]
    endif
    if (recover initial data)
      [CCTK_BASEGRID]
        CartGrid3D::SpatialSpacings: Set up ranges for spatial 3D Cartesian coordinates (on all grids)
        CartGrid3D::SpatialCoordinates: Set up spatial 3D Cartesian coordinates on the GH
        IOASCII::IOASCII_Choose1D: Choose 1D output lines
        IOASCII::IOASCII_Choose2D: Choose 2D output planes
        PUGH::PUGH_Report: Report on PUGH set up
      [CCTK_RECOVER_VARIABLES]
      [CCTK_POST_RECOVER_VARIABLES]
    endif
    if (checkpoint initial data)
      [CCTK_CPINITIAL]
    endif
    if (analysis)
      [CCTK_ANALYSIS]
  endif
  Output grid variables

  do loop over timesteps
    [CCTK_PREREGRID]
    Change grid hierarchy
    [CCTK_POSTREGRID]
      CartGrid3D::SpatialCoordinates: Set Coordinates after regridding
    Rotate timelevels
    iteration = iteration+1
    t = t+dt
    [CCTK_PRESTEP]
    [CCTK_EVOL]
    Evolve finer grids recursively
    Restrict from finer grids
    [CCTK_POSTRESTRICT]
    [CCTK_POSTSTEP]
    if (checkpoint)
      [CCTK_CHECKPOINT]
    endif
    if (analysis)
      [CCTK_ANALYSIS]
    endif
    Output grid variables
    enddo

  Termination routines
    [CCTK_TERMINATE]
      PUGH::Driver_Terminate: Termination routine

  Shutdown routines
    [CCTK_SHUTDOWN]

  Routines run after changing the grid hierarchy:
    [CCTK_POSTREGRID]
      CartGrid3D::SpatialCoordinates: Set Coordinates after regridding
--------------------------------------------------------------------------------
INFO (hwloc): library version 2.1.0, API version 0x20100
INFO (SystemTopology): MPI process-to-host mapping:
This is MPI process 0 of 1
MPI hosts:
  0: fv-az152-485
This MPI process runs on host 0 of 1
On this host, this is MPI process 0 of 1
INFO (SystemTopology): Topology support:
Discovery support:
  discovery->pu                            : yes
CPU binding support:
  cpubind->set_thisproc_cpubind            : yes
  cpubind->get_thisproc_cpubind            : yes
  cpubind->set_proc_cpubind                : yes
  cpubind->get_proc_cpubind                : yes
  cpubind->set_thisthread_cpubind          : yes
  cpubind->get_thisthread_cpubind          : yes
  cpubind->set_thread_cpubind              : yes
  cpubind->get_thread_cpubind              : yes
  cpubind->get_thisproc_last_cpu_location  : yes
  cpubind->get_proc_last_cpu_location      : yes
  cpubind->get_thisthread_last_cpu_location: yes
Memory binding support:
  membind->set_thisproc_membind            : no
  membind->get_thisproc_membind            : no
  membind->set_proc_membind                : no
  membind->get_proc_membind                : no
  membind->set_thisthread_membind          : yes
  membind->get_thisthread_membind          : yes
  membind->set_area_membind                : yes
  membind->get_area_membind                : yes
  membind->alloc_membind                   : yes
  membind->firsttouch_membind              : yes
  membind->bind_membind                    : yes
  membind->interleave_membind              : yes
  membind->nexttouch_membind               : no
  membind->migrate_membind                 : yes
INFO (SystemTopology): Hardware objects in this node:
Machine L#0: (P#0, total=7120800KB, DMIProductName="Virtual Machine", DMIProductVersion=7.0, DMIProductUUID=83862c07-83ae-2c4d-90c9-fb77eda52f51, DMIBoardVendor="Microsoft Corporation", DMIBoardName="Virtual Machine", DMIBoardVersion=7.0, DMIChassisVendor="Microsoft Corporation", DMIChassisType=3, DMIChassisVersion=7.0, DMIChassisAssetTag=7783-7084-3265-9085-8269-3286-77, DMIBIOSVendor="American Megatrends Inc.", DMIBIOSVersion="090008 ", DMIBIOSDate=12/07/2018, DMISysVendor="Microsoft Corporation", Backend=Linux, LinuxCgroup=/, OSName=Linux, OSRelease=5.8.0-1042-azure, OSVersion="#45~20.04.1-Ubuntu SMP Wed Sep 15 14:24:15 UTC 2021", HostName=fv-az152-485, Architecture=x86_64, hwlocVersion=2.1.0, ProcessName=cactus_sim)
  Package L#0: (P#0, total=7120800KB, CPUVendor=GenuineIntel, CPUFamilyNumber=6, CPUModelNumber=79, CPUModel="Intel(R) Xeon(R) CPU E5-2673 v4 @ 2.30GHz", CPUStepping=1)
    L3Cache L#0: (P#-1, size=51200KB, linesize=64, ways=20, Inclusive=1)
      L2Cache L#0: (P#-1, size=256KB, linesize=64, ways=8, Inclusive=0)
        L1dCache L#0: (P#-1, size=32KB, linesize=64, ways=8, Inclusive=0)
          Core L#0: (P#0)
            PU L#0: (P#0)
      L2Cache L#1: (P#-1, size=256KB, linesize=64, ways=8, Inclusive=0)
        L1dCache L#1: (P#-1, size=32KB, linesize=64, ways=8, Inclusive=0)
          Core L#1: (P#1)
            PU L#1: (P#1)
INFO (SystemTopology): Thread CPU bindings:
  MPI process 0 on host 0 (process 0 of 1 on this host)
    OpenMP thread 0: PU set L#{0-1} P#{0-1}
    OpenMP thread 1: PU set L#{0-1} P#{0-1}
INFO (SystemTopology): Setting thread CPU bindings:
INFO (SystemTopology): Thread CPU bindings:
  MPI process 0 on host 0 (process 0 of 1 on this host)
    OpenMP thread 0: PU set L#{0} P#{0}
    OpenMP thread 1: PU set L#{1} P#{1}
INFO (SystemTopology): Extracting CPU/cache/memory properties:
  There are 1 PUs per core (aka hardware SMT threads)
  There are 1 threads per core (aka SMT threads used)
  Cache (unknown name) has type "data" depth 1
    size 32768 linesize 64 associativity 8 stride 4096, for 1 PUs
  Cache (unknown name) has type "unified" depth 2
    size 262144 linesize 64 associativity 8 stride 32768, for 1 PUs
  Cache (unknown name) has type "unified" depth 3
    size 52428800 linesize 64 associativity 20 stride 2621440, for 2 PUs
INFO (PUGH): Using physical to logical mappings: direct
INFO (PUGH): Using topology generator: automatic
INFO (Vectors): Using vector size 2 for architecture SSE2 (64-bit precision)
--------------------------------------------------------------------------------
Driver provided by PUGH
--------------------------------------------------------------------------------

INFO (PUGH): Not setting up a topology for 1 dimensions
INFO (PUGH): Not setting up a topology for 2 dimensions
INFO (PUGH): Setting up a topology for 3 dimensions
INFO (IOASCII): I/O Method 'IOASCII_1D' registered: output of 1D lines of grid functions/arrays to ASCII files
INFO (IOASCII): Periodic 1D output every 1 iterations
INFO (IOASCII): Periodic 1D output requested for 'GRID::r'
INFO (IOASCII): I/O Method 'IOASCII_2D' registered: output of 2D planes of grid functions/arrays to ASCII files
INFO (IOASCII): Periodic 2D output turned off
INFO (IOASCII): I/O Method 'IOASCII_3D' registered: output of 3D grid functions/arrays to ASCII files
INFO (IOASCII): Periodic 3D output turned off
INFO (MemSpeed): Measuring CPU, cache, memory, and communication speeds:
  Single-core measurements (using 1 MPI processes with 1 OpenMP threads each):
    CPU frequency:
      iterations=1000000... time=0.00248602 sec
      iterations=10000000... time=0.0280201 sec
      iterations=100000000... time=0.26569 sec
      iterations=400000000... time=1.10995 sec
      iterations=400000000... time=0.826356 sec
      result: 2.82096 GHz
    CPU floating point performance:
      iterations=1000000... time=0.00255883 sec
      iterations=10000000... time=0.0273516 sec
      iterations=100000000... time=0.282809 sec
      iterations=400000000... time=1.14032 sec
      result: 11.2249 Gflop/sec
    CPU integer performance:
      iterations=1000000... time=0.00166792 sec
      iterations=10000000... time=0.0193948 sec
      iterations=100000000... time=0.183047 sec
      iterations=600000000... time=1.12778 sec
      result: 8.51232 Giop/sec
    Read latency of D1 cache (for 1 PUs) (using 1*24576 bytes):
      iterations=1000... time=0.000154902 sec
      iterations=10000... time=0.00146882 sec
      iterations=100000... time=0.0140461 sec
      iterations=1000000... time=0.138954 sec
      iterations=8000000... time=1.08914 sec
      result: 1.36143 nsec
    Read latency of L2 cache (for 1 PUs) (using 1*196608 bytes):
      iterations=1000... time=0.000540205 sec
      iterations=10000... time=0.00384024 sec
      iterations=100000... time=0.0409357 sec
      iterations=1000000... time=0.398928 sec
      iterations=3000000... time=1.23678 sec
      result: 4.12259 nsec
    Read latency of L3 cache (for 2 PUs) (using 1*39321600 bytes):
      [skipped -- avoiding large-memory benchmarks]
    Read bandwidth of D1 cache (for 1 PUs) (using 1*24576 bytes):
      iterations=1... time=6e-07 sec
      iterations=10... time=2.5e-06 sec
      iterations=100... time=2.24e-05 sec
      iterations=1000... time=0.000221302 sec
      iterations=10000... time=0.00233292 sec
      iterations=100000... time=0.025569 sec
      iterations=1000000... time=0.279276 sec
      iterations=4000000... time=1.06072 sec
      result: 92.677 GByte/sec
    Read bandwidth of L2 cache (for 1 PUs) (using 1*196608 bytes):
      iterations=1... time=7.2e-06 sec
      iterations=10... time=7.07e-05 sec
      iterations=100... time=0.000399503 sec
      iterations=1000... time=0.00396163 sec
      iterations=10000... time=0.0426017 sec
      iterations=100000... time=0.458904 sec
      iterations=200000... time=0.903184 sec
      iterations=400000... time=1.81433 sec
      result: 43.3455 GByte/sec
    Read bandwidth of L3 cache (for 2 PUs) (using 1*39321600 bytes):
      [skipped -- avoiding large-memory benchmarks]
    Write latency of D1 cache (for 1 PUs) (using 1*24576 bytes):
      iterations=1000... time=3.4e-06 sec
      iterations=10000... time=2.3201e-05 sec
      iterations=100000... time=0.000223104 sec
      iterations=1000000... time=0.00222814 sec
      iterations=10000000... time=0.0249527 sec
      iterations=100000000... time=0.273131 sec
      iterations=400000000... time=1.12082 sec
      result: 0.350257 nsec
    Write latency of L2 cache (for 1 PUs) (using 1*196608 bytes):
      iterations=1000... time=1.79e-05 sec
      iterations=10000... time=0.000162401 sec
      iterations=100000... time=0.00168201 sec
      iterations=1000000... time=0.0174222 sec
      iterations=10000000... time=0.171731 sec
      iterations=60000000... time=0.981262 sec
      iterations=120000000... time=1.99576 sec
      result: 2.07891 nsec
    Write latency of L3 cache (for 2 PUs) (using 1*39321600 bytes):
      [skipped -- avoiding large-memory benchmarks]
    Write bandwidth of D1 cache (for 1 PUs) (using 1*24576 bytes):
      iterations=1... time=6e-07 sec
      iterations=10... time=5.301e-06 sec
      iterations=100... time=5.15e-05 sec
      iterations=1000... time=0.000533704 sec
      iterations=10000... time=0.00650415 sec
      iterations=100000... time=0.0574421 sec
      iterations=1000000... time=0.531218 sec
      iterations=2000000... time=1.10776 sec
      result: 44.3706 GByte/sec
    Write bandwidth of L2 cache (for 1 PUs) (using 1*196608 bytes):
      iterations=1... time=8.9e-06 sec
      iterations=10... time=8.5302e-05 sec
      iterations=100... time=0.000861915 sec
      iterations=1000... time=0.0101913 sec
      iterations=10000... time=0.091728 sec
      iterations=100000... time=0.942434 sec
      iterations=200000... time=1.83316 sec
      result: 21.4502 GByte/sec
    Write bandwidth of L3 cache (for 2 PUs) (using 1*39321600 bytes):
      [skipped -- avoiding large-memory benchmarks]
    Stencil code performance of D1 cache (for 1 PUs) (using 1*12^3 grid points, 1*27648 bytes):
      iterations=1... time=3.01e-05 sec
      iterations=10... time=0.000252903 sec
      iterations=100... time=0.00245222 sec
      iterations=1000... time=0.0233164 sec
      iterations=10000... time=0.239258 sec
      iterations=50000... time=1.15531 sec
      result: 0.0747852 Gupdates/sec
    Stencil code performance of L2 cache (for 1 PUs) (using 1*23^3 grid points, 1*194672 bytes):
      iterations=1... time=4.1801e-05 sec
      iterations=10... time=0.000484004 sec
      iterations=100... time=0.00406094 sec
      iterations=1000... time=0.0431513 sec
      iterations=10000... time=0.402117 sec
      iterations=30000... time=1.22556 sec
      result: 0.297832 Gupdates/sec
    Stencil code performance of L3 cache (for 2 PUs) (using 1*135^3 grid points, 1*39366000 bytes):
      iterations=1... time=0.00482035 sec
      iterations=10... time=0.0578302 sec
      iterations=100... time=0.583784 sec
      iterations=200... time=1.15896 sec
      result: 0.424585 Gupdates/sec
  Single-node measurements (using 1 MPI processes with 2 OpenMP threads each):
    CPU frequency:
      iterations=1000000... time=0.00250563 sec
      iterations=10000000... time=0.0276333 sec
      iterations=100000000... time=0.272381 sec
      iterations=400000000... time=1.09845 sec
      iterations=400000000... time=0.847183 sec
      result: 3.18384 GHz
    CPU floating point performance:
      iterations=1000000... time=0.00338449 sec
      iterations=10000000... time=0.0316273 sec
      iterations=100000000... time=0.298651 sec
      iterations=400000000... time=1.16066 sec
      result: 11.0283 Gflop/sec
    CPU integer performance:
      iterations=1000000... time=0.00189752 sec
      iterations=10000000... time=0.0186264 sec
      iterations=100000000... time=0.187172 sec
      iterations=600000000... time=1.12407 sec
      result: 8.5404 Giop/sec
    Read latency of D1 cache (for 1 PUs) (using 2*24576 bytes):
      iterations=1000... time=0.000118701 sec
      iterations=10000... time=0.00125157 sec
      iterations=100000... time=0.0143228 sec
      iterations=1000000... time=0.142731 sec
      iterations=8000000... time=1.1076 sec
      result: 1.3845 nsec
    Read latency of L2 cache (for 1 PUs) (using 2*196608 bytes):
      iterations=1000... time=0.000513756 sec
      iterations=10000... time=0.0047504 sec
      iterations=100000... time=0.0488008 sec
      iterations=1000000... time=0.445279 sec
      iterations=2000000... time=0.882637 sec
      iterations=4000000... time=1.73918 sec
      result: 4.34796 nsec
    Read latency of L3 cache (for 2 PUs) (using 1*39321600 bytes):
      [skipped -- avoiding large-memory benchmarks]
    Read bandwidth of D1 cache (for 1 PUs) (using 2*24576 bytes):
      iterations=1... time=6.5e-07 sec
      iterations=10... time=2.65e-06 sec
      iterations=100... time=2.385e-05 sec
      iterations=1000... time=0.000235553 sec
      iterations=10000... time=0.00238127 sec
      iterations=100000... time=0.0270312 sec
      iterations=1000000... time=0.27133 sec
      iterations=4000000... time=1.09829 sec
      result: 89.506 GByte/sec
    Read bandwidth of L2 cache (for 1 PUs) (using 2*196608 bytes):
      iterations=1... time=6.1e-06 sec
      iterations=10... time=3.745e-05 sec
      iterations=100... time=0.000357003 sec
      iterations=1000... time=0.0045253 sec
      iterations=10000... time=0.0410956 sec
      iterations=100000... time=0.442239 sec
      iterations=200000... time=0.863509 sec
      iterations=400000... time=1.74668 sec
      result: 45.0245 GByte/sec
    Read bandwidth of L3 cache (for 2 PUs) (using 1*39321600 bytes):
      [skipped -- avoiding large-memory benchmarks]
    Write latency of D1 cache (for 1 PUs) (using 2*24576 bytes):
      iterations=1000... time=3.55e-06 sec
      iterations=10000... time=2.405e-05 sec
      iterations=100000... time=0.000236253 sec
      iterations=1000000... time=0.00305043 sec
      iterations=10000000... time=0.0277575 sec
      iterations=100000000... time=0.291944 sec
      iterations=400000000... time=1.09776 sec
      result: 0.343051 nsec
    Write latency of L2 cache (for 1 PUs) (using 2*196608 bytes):
      iterations=1000... time=2.215e-05 sec
      iterations=10000... time=0.000188302 sec
      iterations=100000... time=0.00173352 sec
      iterations=1000000... time=0.0164225 sec
      iterations=10000000... time=0.165811 sec
      iterations=70000000... time=1.17647 sec
      result: 2.10084 nsec
    Write latency of L3 cache (for 2 PUs) (using 1*39321600 bytes):
      [skipped -- avoiding large-memory benchmarks]
    Write bandwidth of D1 cache (for 1 PUs) (using 2*24576 bytes):
      iterations=1... time=8.5e-07 sec
      iterations=10... time=4.05e-06 sec
      iterations=100... time=5.16005e-05 sec
      iterations=1000... time=0.000347103 sec
      iterations=10000... time=0.00414394 sec
      iterations=100000... time=0.0400609 sec
      iterations=1000000... time=0.414094 sec
      iterations=3000000... time=1.24128 sec
      result: 59.3967 GByte/sec
    Write bandwidth of L2 cache (for 1 PUs) (using 2*196608 bytes):
      iterations=1... time=8.75e-06 sec
      iterations=10... time=8.4651e-05 sec
      iterations=100... time=0.000915908 sec
      iterations=1000... time=0.00876013 sec
      iterations=10000... time=0.0917172 sec
      iterations=100000... time=0.92368 sec
      iterations=200000... time=1.8519 sec
      result: 21.2331 GByte/sec
    Write bandwidth of L3 cache (for 2 PUs) (using 1*39321600 bytes):
      [skipped -- avoiding large-memory benchmarks]
    Stencil code performance of D1 cache (for 1 PUs) (using 2*9^3 grid points, 2*11664 bytes):
      iterations=1... time=2.41005e-05 sec
      iterations=10... time=3.86005e-05 sec
      iterations=100... time=0.000320603 sec
      iterations=1000... time=0.00241227 sec
      iterations=10000... time=0.0276268 sec
      iterations=100000... time=0.278614 sec
      iterations=400000... time=1.1179 sec
      result: 0.260846 Gupdates/sec
    Stencil code performance of L2 cache (for 1 PUs) (using 2*18^3 grid points, 2*93312 bytes):
      iterations=1... time=1.595e-05 sec
      iterations=10... time=0.000138152 sec
      iterations=100... time=0.00126227 sec
      iterations=1000... time=0.0128925 sec
      iterations=10000... time=0.128398 sec
      iterations=90000... time=1.20367 sec
      result: 0.436065 Gupdates/sec
    Stencil code performance of L3 cache (for 2 PUs) (using 1*135^3 grid points, 1*39366000 bytes):
      iterations=1... time=0.00136772 sec
      iterations=10... time=0.0140883 sec
      iterations=100... time=0.155209 sec
      iterations=700... time=1.08575 sec
      result: 1.58625 Gupdates/sec
INFO (Vectors): Testing vectorisation... [errors may result in segfaults]
INFO (Vectors): 375/375 tests passed 
INFO (CartGrid3D): Grid Spacings:
INFO (CartGrid3D): dx=>1.1111111e-01  dy=>1.1111111e-01  dz=>1.1111111e-01
INFO (CartGrid3D): Computational Coordinates:
INFO (CartGrid3D): x=>[-0.500, 0.500]  y=>[-0.500, 0.500]  z=>[-0.500, 0.500]
INFO (CartGrid3D): Indices of Physical Coordinates:
INFO (CartGrid3D): x=>[0,9]  y=>[0,9]  z=>[0,9]
INFO (PUGH): MPI Evolution on 1 processors
INFO (PUGH): 3-dimensional grid functions
INFO (PUGH):   Size: 10 10 10
INFO (PUGH):   Processor topology: 1 x 1 x 1
INFO (PUGH):   Local load: 1000   [10 x 10 x 10]
INFO (PUGH):   Maximum load skew: 0.000000
--------------------------------------------------------------------------------
Done.
+ echo Stopping:
Stopping:
+ date
Fri Oct  8 01:56:07 UTC 2021
+ echo Done.
Done.
  Elapsed time: 57.7 s
