/home/runner/simulations/TestJob01_temp_1/output-0000/TEST/sim/MemSpeed
Preparing:
+ set -e
+ cd output-0000-active
+ echo Checking:
Checking:
+ pwd
/home/runner/simulations/TestJob01_temp_1/output-0000/TEST/sim/MemSpeed/output-0000-active
+ hostname
fv-az621-992
+ date
Fri May  5 19:48:10 UTC 2023
+ echo Environment:
Environment:
+ export CACTUS_NUM_PROCS=1
+ CACTUS_NUM_PROCS=1
+ export CACTUS_NUM_THREADS=2
+ CACTUS_NUM_THREADS=2
+ export GMON_OUT_PREFIX=gmon.out
+ GMON_OUT_PREFIX=gmon.out
+ export OMP_NUM_THREADS=2
+ OMP_NUM_THREADS=2
+ sort
+ env
+ echo Starting:
Starting:
++ date +%s
+ export CACTUS_STARTTIME=1683316090
+ CACTUS_STARTTIME=1683316090
+ '[' 1 = 1 ']'
+ '[' 0 -eq 0 ']'
+ /home/runner/simulations/TestJob01_temp_1/SIMFACTORY/exe/cactus_sim -L 3 /home/runner/simulations/TestJob01_temp_1/output-0000/arrangements/CactusUtils/MemSpeed/test/memspeed.par
INFO (Cactus): Increased logging level from 0 to 3
--------------------------------------------------------------------------------

       10                                  
  1   0101       ************************  
  01  1010 10      The Cactus Code V4.13.0    
 1010 1101 011      www.cactuscode.org     
  1001 100101    ************************  
    00010101                               
     100011     (c) Copyright The Authors  
      0100      GNU Licensed. No Warranty  
      0101                                 
--------------------------------------------------------------------------------

Cactus version:    4.13.0
Compile date:      May 05 2023 (19:40:32)
Run date:          May 05 2023 (19:48:11+0000)
Run host:          fv-az621-992 (pid=100684)
Working directory: /home/runner/simulations/TestJob01_temp_1/output-0000/TEST/sim/MemSpeed
Executable:        /home/runner/simulations/TestJob01_temp_1/SIMFACTORY/exe/cactus_sim
Parameter file:    /home/runner/simulations/TestJob01_temp_1/output-0000/arrangements/CactusUtils/MemSpeed/test/memspeed.par
--------------------------------------------------------------------------------

Activating thorn Cactus...Success -> active implementation Cactus
Activation requested for 
--->hwloc MemSpeed SystemTopology CartGrid3D CoordBase IOASCII IOUtil PUGH PUGHSlab<---
Thorn hwloc requests automatic activation of zlib
Thorn MemSpeed requests automatic activation of Vectors
Thorn MemSpeed requests automatic activation of MPI
Activating thorn CartGrid3D...Success -> active implementation grid
Activating thorn CoordBase...Success -> active implementation CoordBase
Activating thorn hwloc...Success -> active implementation hwloc
Activating thorn IOASCII...Success -> active implementation IOASCII
Activating thorn IOUtil...Success -> active implementation IO
Activating thorn MemSpeed...Success -> active implementation MemSpeed
Activating thorn MPI...Success -> active implementation MPI
Activating thorn PUGH...Success -> active implementation Driver
Activating thorn PUGHSlab...Success -> active implementation Hyperslab
Activating thorn SystemTopology...Success -> active implementation SystemTopology
Activating thorn Vectors...Success -> active implementation Vectors
Activating thorn zlib...Success -> active implementation zlib
--------------------------------------------------------------------------------
  if (recover initial data)
    Recover parameters
  endif

  Startup routines
    [CCTK_STARTUP]
      CartGrid3D::SymmetryStartup: Register GH Extension for GridSymmetry
      CoordBase::CoordBase_Startup: Register a GH extension to store the coordinate system handles
      GROUP hwloc_startup: hwloc startup group
        hwloc::hwloc_version: Output hwloc version
      SystemTopology::ST_system_topology: Output and/or modify system topology and hardware locality
      PUGH::Driver_Startup: Startup routine
      PUGH::PUGH_RegisterPUGHP2LRoutines: Register Physical to Logical process mapping routines
      PUGH::PUGH_RegisterPUGHTopologyRoutines: Register topology generation routines routines
      IOUtil::IOUtil_Startup: Startup routine
      Vectors::Vectors_Startup: Print startup message
      IOASCII::IOASCII_Startup: Startup routine

  Startup routines which need an existing grid hierarchy
    [CCTK_WRAGH]
      CartGrid3D::RegisterCartGrid3DCoords: [meta] Register coordinates for the Cartesian grid
      MemSpeed::MemSpeed_MeasureSpeed: [meta] Measure CPU, memory, cache speeds
  Parameter checking routines
    [CCTK_PARAMCHECK]
      CartGrid3D::ParamCheck_CartGrid3D: Check coordinates for CartGrid3D
      Vectors::Vectors_Test: Run correctness tests.

  Initialisation
    if (NOT (recover initial data AND recovery_mode is 'strict'))
      [CCTK_PREREGRIDINITIAL]
      Set up grid hierarchy
      [CCTK_POSTREGRIDINITIAL]
        CartGrid3D::SpatialCoordinates: Set Coordinates after regridding
      [CCTK_BASEGRID]
        CartGrid3D::SpatialSpacings: Set up ranges for spatial 3D Cartesian coordinates (on all grids)
        CartGrid3D::SpatialCoordinates: Set up spatial 3D Cartesian coordinates on the GH
        IOASCII::IOASCII_Choose1D: Choose 1D output lines
        IOASCII::IOASCII_Choose2D: Choose 2D output planes
        PUGH::PUGH_Report: Report on PUGH set up
      [CCTK_INITIAL]
      [CCTK_POSTINITIAL]
      Initialise finer grids recursively
      Restrict from finer grids
      [CCTK_POSTRESTRICTINITIAL]
      [CCTK_POSTPOSTINITIAL]
      [CCTK_POSTSTEP]
    endif
    if (recover initial data)
      [CCTK_BASEGRID]
        CartGrid3D::SpatialSpacings: Set up ranges for spatial 3D Cartesian coordinates (on all grids)
        CartGrid3D::SpatialCoordinates: Set up spatial 3D Cartesian coordinates on the GH
        IOASCII::IOASCII_Choose1D: Choose 1D output lines
        IOASCII::IOASCII_Choose2D: Choose 2D output planes
        PUGH::PUGH_Report: Report on PUGH set up
      [CCTK_RECOVER_VARIABLES]
      [CCTK_POST_RECOVER_VARIABLES]
    endif
    if (checkpoint initial data)
      [CCTK_CPINITIAL]
    endif
    if (analysis)
      [CCTK_ANALYSIS]
  endif
  Output grid variables

  do loop over timesteps
    [CCTK_PREREGRID]
    Change grid hierarchy
    [CCTK_POSTREGRID]
      CartGrid3D::SpatialCoordinates: Set Coordinates after regridding
    Rotate timelevels
    iteration = iteration+1
    t = t+dt
    [CCTK_PRESTEP]
    [CCTK_EVOL]
    Evolve finer grids recursively
    Restrict from finer grids
    [CCTK_POSTRESTRICT]
    [CCTK_POSTSTEP]
    if (checkpoint)
      [CCTK_CHECKPOINT]
    endif
    if (analysis)
      [CCTK_ANALYSIS]
    endif
    Output grid variables
    enddo

  Termination routines
    [CCTK_TERMINATE]
      PUGH::Driver_Terminate: Termination routine

  Shutdown routines
    [CCTK_SHUTDOWN]

  Routines run after changing the grid hierarchy:
    [CCTK_POSTREGRID]
      CartGrid3D::SpatialCoordinates: Set Coordinates after regridding
--------------------------------------------------------------------------------
INFO (hwloc): library version 2.7.0, API version 0x20500
INFO (SystemTopology): MPI process-to-host mapping:
This is MPI process 0 of 1
MPI hosts:
  0: fv-az621-992
This MPI process runs on host 0 of 1
On this host, this is MPI process 0 of 1
INFO (SystemTopology): Topology support:
Discovery support:
  discovery->pu                            : yes
CPU binding support:
  cpubind->set_thisproc_cpubind            : yes
  cpubind->get_thisproc_cpubind            : yes
  cpubind->set_proc_cpubind                : yes
  cpubind->get_proc_cpubind                : yes
  cpubind->set_thisthread_cpubind          : yes
  cpubind->get_thisthread_cpubind          : yes
  cpubind->set_thread_cpubind              : yes
  cpubind->get_thread_cpubind              : yes
  cpubind->get_thisproc_last_cpu_location  : yes
  cpubind->get_proc_last_cpu_location      : yes
  cpubind->get_thisthread_last_cpu_location: yes
Memory binding support:
  membind->set_thisproc_membind            : no
  membind->get_thisproc_membind            : no
  membind->set_proc_membind                : no
  membind->get_proc_membind                : no
  membind->set_thisthread_membind          : yes
  membind->get_thisthread_membind          : yes
  membind->set_area_membind                : yes
  membind->get_area_membind                : yes
  membind->alloc_membind                   : yes
  membind->firsttouch_membind              : yes
  membind->bind_membind                    : yes
  membind->interleave_membind              : yes
  membind->nexttouch_membind               : no
  membind->migrate_membind                 : yes
INFO (SystemTopology): Hardware objects in this node:
Machine L#0: (P#0, total=7110612KB, DMIProductName="Virtual Machine", DMIProductVersion=7.0, DMIProductUUID=128a32ea-203a-564d-8e99-99b366b5daad, DMIBoardVendor="Microsoft Corporation", DMIBoardName="Virtual Machine", DMIBoardVersion=7.0, DMIChassisVendor="Microsoft Corporation", DMIChassisType=3, DMIChassisVersion=7.0, DMIChassisAssetTag=7783-7084-3265-9085-8269-3286-77, DMIBIOSVendor="American Megatrends Inc.", DMIBIOSVersion="090008 ", DMIBIOSDate=12/07/2018, DMISysVendor="Microsoft Corporation", Backend=Linux, LinuxCgroup=/system.slice/runner-provisioner.service, OSName=Linux, OSRelease=5.15.0-1036-azure, OSVersion="#43-Ubuntu SMP Wed Mar 29 16:11:05 UTC 2023", HostName=fv-az621-992, Architecture=x86_64, hwlocVersion=2.7.0, ProcessName=cactus_sim)
  Package L#0: (P#0, total=7110612KB, CPUVendor=GenuineIntel, CPUFamilyNumber=6, CPUModelNumber=85, CPUModel="Intel(R) Xeon(R) Platinum 8171M CPU @ 2.60GHz", CPUStepping=4)
    L3Cache L#0: (P#0, size=36608KB, linesize=64, ways=11, Inclusive=0)
      L2Cache L#0: (P#0, size=1024KB, linesize=64, ways=16, Inclusive=0)
        L1dCache L#0: (P#0, size=32KB, linesize=64, ways=8, Inclusive=0)
          Core L#0: (P#0)
            PU L#0: (P#0)
      L2Cache L#1: (P#1, size=1024KB, linesize=64, ways=16, Inclusive=0)
        L1dCache L#1: (P#1, size=32KB, linesize=64, ways=8, Inclusive=0)
          Core L#1: (P#1)
            PU L#1: (P#1)
INFO (SystemTopology): Thread CPU bindings:
  MPI process 0 on host 0 (process 0 of 1 on this host)
    OpenMP thread 0: PU set L#{0-1} P#{0-1}
    OpenMP thread 1: PU set L#{0-1} P#{0-1}
INFO (SystemTopology): Setting thread CPU bindings:
INFO (SystemTopology): Thread CPU bindings:
  MPI process 0 on host 0 (process 0 of 1 on this host)
    OpenMP thread 0: PU set L#{0} P#{0}
    OpenMP thread 1: PU set L#{1} P#{1}
INFO (SystemTopology): Extracting CPU/cache/memory properties:
  There are 1 PUs per core (aka hardware SMT threads)
  There are 1 threads per core (aka SMT threads used)
  Cache (unknown name) has type "data" depth 1
    size 32768 linesize 64 associativity 8 stride 4096, for 1 PUs
  Cache (unknown name) has type "unified" depth 2
    size 1048576 linesize 64 associativity 16 stride 65536, for 1 PUs
  Cache (unknown name) has type "unified" depth 3
    size 37486592 linesize 64 associativity 11 stride 3407872, for 2 PUs
INFO (PUGH): Using physical to logical mappings: direct
INFO (PUGH): Using topology generator: automatic
INFO (Vectors): Using vector size 2 for architecture SSE2 (64-bit precision)
--------------------------------------------------------------------------------
Driver provided by PUGH
--------------------------------------------------------------------------------

INFO (PUGH): Not setting up a topology for 1 dimensions
INFO (PUGH): Not setting up a topology for 2 dimensions
INFO (PUGH): Setting up a topology for 3 dimensions
INFO (IOASCII): I/O Method 'IOASCII_1D' registered: output of 1D lines of grid functions/arrays to ASCII files
INFO (IOASCII): Periodic 1D output every 1 iterations
INFO (IOASCII): Periodic 1D output requested for 'GRID::r'
INFO (IOASCII): I/O Method 'IOASCII_2D' registered: output of 2D planes of grid functions/arrays to ASCII files
INFO (IOASCII): Periodic 2D output turned off
INFO (IOASCII): I/O Method 'IOASCII_3D' registered: output of 3D grid functions/arrays to ASCII files
INFO (IOASCII): Periodic 3D output turned off
INFO (MemSpeed): Measuring CPU, cache, memory, and communication speeds:
  Single-core measurements (using 1 MPI processes with 1 OpenMP threads each):
    CPU frequency:
      iterations=1000000... time=0.00166721 sec
      iterations=10000000... time=0.0160911 sec
      iterations=100000000... time=0.160962 sec
      iterations=700000000... time=1.12579 sec
      iterations=700000000... time=1.12532 sec
      result: 2950.78 GHz
    CPU floating point performance:
      iterations=1000000... time=0.00357922 sec
      iterations=10000000... time=0.0359123 sec
      iterations=100000000... time=0.35905 sec
      iterations=300000000... time=1.07594 sec
      result: 8.92241 Gflop/sec
    CPU integer performance:
      iterations=1000000... time=0.00228011 sec
      iterations=10000000... time=0.0220957 sec
      iterations=100000000... time=0.221086 sec
      iterations=500000000... time=1.1055 sec
      result: 7.23654 Giop/sec
    Read latency of D1 cache (for 1 PUs) (using 1*24576 bytes):
      iterations=1000... time=0.000162101 sec
      iterations=10000... time=0.00161141 sec
      iterations=100000... time=0.0160696 sec
      iterations=1000000... time=0.160816 sec
      iterations=7000000... time=1.1255 sec
      result: 1.60785 nsec
    Read latency of L2 cache (for 1 PUs) (using 1*786432 bytes):
      iterations=1000... time=0.000724404 sec
      iterations=10000... time=0.00713425 sec
      iterations=100000... time=0.0710864 sec
      iterations=1000000... time=0.711123 sec
      iterations=2000000... time=1.42069 sec
      result: 7.10344 nsec
    Read latency of L3 cache (for 2 PUs) (using 1*28114944 bytes):
      [skipped -- avoiding large-memory benchmarks]
    Read bandwidth of D1 cache (for 1 PUs) (using 1*24576 bytes):
      iterations=1... time=1.4e-06 sec
      iterations=10... time=4e-06 sec
      iterations=100... time=3.7301e-05 sec
      iterations=1000... time=0.000374302 sec
      iterations=10000... time=0.00373072 sec
      iterations=100000... time=0.0372143 sec
      iterations=1000000... time=0.372239 sec
      iterations=3000000... time=1.11693 sec
      result: 66.0093 GByte/sec
    Read bandwidth of L2 cache (for 1 PUs) (using 1*786432 bytes):
      iterations=1... time=2.3e-05 sec
      iterations=10... time=0.000199901 sec
      iterations=100... time=0.00197831 sec
      iterations=1000... time=0.0197644 sec
      iterations=10000... time=0.196865 sec
      iterations=60000... time=1.18235 sec
      result: 39.9087 GByte/sec
    Read bandwidth of L3 cache (for 2 PUs) (using 1*28114944 bytes):
      [skipped -- avoiding large-memory benchmarks]
    Write latency of D1 cache (for 1 PUs) (using 1*24576 bytes):
      iterations=1000... time=3.5e-06 sec
      iterations=10000... time=3.24e-05 sec
      iterations=100000... time=0.000321202 sec
      iterations=1000000... time=0.00321662 sec
      iterations=10000000... time=0.0321412 sec
      iterations=100000000... time=0.321605 sec
      iterations=300000000... time=0.964633 sec
      iterations=600000000... time=1.92889 sec
      result: 0.401851 nsec
    Write latency of L2 cache (for 1 PUs) (using 1*786432 bytes):
      iterations=1000... time=3.54e-05 sec
      iterations=10000... time=0.000187001 sec
      iterations=100000... time=0.00177601 sec
      iterations=1000000... time=0.0178177 sec
      iterations=10000000... time=0.177061 sec
      iterations=60000000... time=1.0604 sec
      result: 2.20916 nsec
    Write latency of L3 cache (for 2 PUs) (using 1*28114944 bytes):
      [skipped -- avoiding large-memory benchmarks]
    Write bandwidth of D1 cache (for 1 PUs) (using 1*24576 bytes):
      iterations=1... time=4e-07 sec
      iterations=10... time=2e-06 sec
      iterations=100... time=1.82e-05 sec
      iterations=1000... time=0.000179401 sec
      iterations=10000... time=0.00180141 sec
      iterations=100000... time=0.0180156 sec
      iterations=1000000... time=0.179889 sec
      iterations=6000000... time=1.07878 sec
      result: 136.688 GByte/sec
    Write bandwidth of L2 cache (for 1 PUs) (using 1*786432 bytes):
      iterations=1... time=2.39e-05 sec
      iterations=10... time=0.000243802 sec
      iterations=100... time=0.00245061 sec
      iterations=1000... time=0.0243774 sec
      iterations=10000... time=0.231963 sec
      iterations=50000... time=0.979136 sec
      iterations=100000... time=1.77894 sec
      result: 44.2079 GByte/sec
    Write bandwidth of L3 cache (for 2 PUs) (using 1*28114944 bytes):
      [skipped -- avoiding large-memory benchmarks]
    Stencil code performance of D1 cache (for 1 PUs) (using 1*12^3 grid points, 1*27648 bytes):
      iterations=1... time=1.6801e-05 sec
      iterations=10... time=0.000240601 sec
      iterations=100... time=0.00240862 sec
      iterations=1000... time=0.0241876 sec
      iterations=10000... time=0.242135 sec
      iterations=50000... time=1.21349 sec
      result: 0.0711995 Gupdates/sec
    Stencil code performance of L2 cache (for 1 PUs) (using 1*37^3 grid points, 1*810448 bytes):
      iterations=1... time=0.000211901 sec
      iterations=10... time=0.00198621 sec
      iterations=100... time=0.0197425 sec
      iterations=1000... time=0.196593 sec
      iterations=6000... time=1.18032 sec
      result: 0.257488 Gupdates/sec
    Stencil code performance of L3 cache (for 2 PUs) (using 1*121^3 grid points, 1*28344976 bytes):
      iterations=1... time=0.00488873 sec
      iterations=10... time=0.0488383 sec
      iterations=100... time=0.49763 sec
      iterations=200... time=0.984594 sec
      iterations=400... time=1.98031 sec
      result: 0.357835 Gupdates/sec
  Single-node measurements (using 1 MPI processes with 2 OpenMP threads each):
    CPU frequency:
      iterations=1000000... time=0.00160771 sec
      iterations=10000000... time=0.0161294 sec
      iterations=100000000... time=0.161068 sec
      iterations=700000000... time=1.1306 sec
      iterations=700000000... time=1.12788 sec
      result: 514.442 GHz
    CPU floating point performance:
      iterations=1000000... time=0.00364392 sec
      iterations=10000000... time=0.0359193 sec
      iterations=100000000... time=0.359325 sec
      iterations=300000000... time=1.11494 sec
      result: 8.61034 Gflop/sec
    CPU integer performance:
      iterations=1000000... time=0.00229916 sec
      iterations=10000000... time=0.0221812 sec
      iterations=100000000... time=0.221595 sec
      iterations=500000000... time=1.10707 sec
      result: 7.22626 Giop/sec
    Read latency of D1 cache (for 1 PUs) (using 2*24576 bytes):
      iterations=1000... time=0.000161951 sec
      iterations=10000... time=0.00164026 sec
      iterations=100000... time=0.0161916 sec
      iterations=1000000... time=0.162863 sec
      iterations=7000000... time=1.13237 sec
      result: 1.61767 nsec
    Read latency of L2 cache (for 1 PUs) (using 2*786432 bytes):
      iterations=1000... time=0.000731555 sec
      iterations=10000... time=0.00663544 sec
      iterations=100000... time=0.0666276 sec
      iterations=1000000... time=0.666465 sec
      iterations=2000000... time=1.32683 sec
      result: 6.63415 nsec
    Read latency of L3 cache (for 2 PUs) (using 1*28114944 bytes):
      [skipped -- avoiding large-memory benchmarks]
    Read bandwidth of D1 cache (for 1 PUs) (using 2*24576 bytes):
      iterations=1... time=1.45e-06 sec
      iterations=10... time=4.15e-06 sec
      iterations=100... time=3.975e-05 sec
      iterations=1000... time=0.000401503 sec
      iterations=10000... time=0.00401407 sec
      iterations=100000... time=0.0379479 sec
      iterations=1000000... time=0.37314 sec
      iterations=3000000... time=1.11999 sec
      result: 65.8294 GByte/sec
    Read bandwidth of L2 cache (for 1 PUs) (using 2*786432 bytes):
      iterations=1... time=2.095e-05 sec
      iterations=10... time=0.000189651 sec
      iterations=100... time=0.00189616 sec
      iterations=1000... time=0.0190318 sec
      iterations=10000... time=0.190386 sec
      iterations=60000... time=1.14129 sec
      result: 41.3444 GByte/sec
    Read bandwidth of L3 cache (for 2 PUs) (using 1*28114944 bytes):
      [skipped -- avoiding large-memory benchmarks]
    Write latency of D1 cache (for 1 PUs) (using 2*24576 bytes):
      iterations=1000... time=4.55e-06 sec
      iterations=10000... time=4.545e-05 sec
      iterations=100000... time=0.000351802 sec
      iterations=1000000... time=0.00355537 sec
      iterations=10000000... time=0.0323769 sec
      iterations=100000000... time=0.32254 sec
      iterations=300000000... time=0.969617 sec
      iterations=600000000... time=1.93675 sec
      result: 0.403489 nsec
    Write latency of L2 cache (for 1 PUs) (using 2*786432 bytes):
      iterations=1000... time=3.705e-05 sec
      iterations=10000... time=0.000199301 sec
      iterations=100000... time=0.00175351 sec
      iterations=1000000... time=0.0179097 sec
      iterations=10000000... time=0.170577 sec
      iterations=60000000... time=1.02105 sec
      result: 2.12718 nsec
    Write latency of L3 cache (for 2 PUs) (using 1*28114944 bytes):
      [skipped -- avoiding large-memory benchmarks]
    Write bandwidth of D1 cache (for 1 PUs) (using 2*24576 bytes):
      iterations=1... time=7e-07 sec
      iterations=10... time=4.9e-06 sec
      iterations=100... time=1.85e-05 sec
      iterations=1000... time=0.000181351 sec
      iterations=10000... time=0.00183761 sec
      iterations=100000... time=0.018192 sec
      iterations=1000000... time=0.182268 sec
      iterations=6000000... time=1.09325 sec
      result: 134.878 GByte/sec
    Write bandwidth of L2 cache (for 1 PUs) (using 2*786432 bytes):
      iterations=1... time=3.4651e-05 sec
      iterations=10... time=0.000340302 sec
      iterations=100... time=0.00339797 sec
      iterations=1000... time=0.0317932 sec
      iterations=10000... time=0.256114 sec
      iterations=40000... time=0.879256 sec
      iterations=80000... time=1.66634 sec
      result: 37.756 GByte/sec
    Write bandwidth of L3 cache (for 2 PUs) (using 1*28114944 bytes):
      [skipped -- avoiding large-memory benchmarks]
    Stencil code performance of D1 cache (for 1 PUs) (using 2*9^3 grid points, 2*11664 bytes):
      iterations=1... time=3.2e-06 sec
      iterations=10... time=3.275e-05 sec
      iterations=100... time=0.000336051 sec
      iterations=1000... time=0.00328207 sec
      iterations=10000... time=0.0310926 sec
      iterations=100000... time=0.310832 sec
      iterations=400000... time=1.24745 sec
      result: 0.233757 Gupdates/sec
    Stencil code performance of L2 cache (for 1 PUs) (using 2*29^3 grid points, 2*390224 bytes):
      iterations=1... time=3.185e-05 sec
      iterations=10... time=0.000305702 sec
      iterations=100... time=0.00307482 sec
      iterations=1000... time=0.0308913 sec
      iterations=10000... time=0.307513 sec
      iterations=40000... time=1.2322 sec
      result: 0.791723 Gupdates/sec
    Stencil code performance of L3 cache (for 2 PUs) (using 1*121^3 grid points, 1*28344976 bytes):
      iterations=1... time=0.00124851 sec
      iterations=10... time=0.012441 sec
      iterations=100... time=0.118636 sec
      iterations=900... time=1.06927 sec
      result: 1.49112 Gupdates/sec
INFO (Vectors): Testing vectorisation... [errors may result in segfaults]
INFO (Vectors): 375/375 tests passed 
INFO (CartGrid3D): Grid Spacings:
INFO (CartGrid3D): dx=>1.1111111e-01  dy=>1.1111111e-01  dz=>1.1111111e-01
INFO (CartGrid3D): Computational Coordinates:
INFO (CartGrid3D): x=>[-0.500, 0.500]  y=>[-0.500, 0.500]  z=>[-0.500, 0.500]
INFO (CartGrid3D): Indices of Physical Coordinates:
INFO (CartGrid3D): x=>[0,9]  y=>[0,9]  z=>[0,9]
INFO (PUGH): MPI Evolution on 1 processors
INFO (PUGH): 3-dimensional grid functions
INFO (PUGH):   Size: 10 10 10
INFO (PUGH):   Processor topology: 1 x 1 x 1
INFO (PUGH):   Local load: 1000   [10 x 10 x 10]
INFO (PUGH):   Maximum load skew: 0.000000
--------------------------------------------------------------------------------
Done.
+ echo Stopping:
Stopping:
+ date
Fri May  5 19:49:07 UTC 2023
+ echo Done.
Done.
  Elapsed time: 57.2 s
