/home/runner/simulations/TestJob01_temp_2/output-0000/TEST/sim/BoxInBox
Preparing:
+ set -e
+ cd output-0000-active
+ echo Checking:
Checking:
+ pwd
/home/runner/simulations/TestJob01_temp_2/output-0000/TEST/sim/BoxInBox/output-0000-active
+ hostname
pkrvmqc4gcfdwos
+ date
Thu Aug 21 18:39:25 UTC 2025
+ echo Environment:
Environment:
+ export CACTUS_NUM_PROCS=2
+ CACTUS_NUM_PROCS=2
+ export CACTUS_NUM_THREADS=1
+ CACTUS_NUM_THREADS=1
+ export GMON_OUT_PREFIX=gmon.out
+ GMON_OUT_PREFIX=gmon.out
+ export OMP_NUM_THREADS=1
+ OMP_NUM_THREADS=1
+ env
+ sort
+ echo Starting:
Starting:
++ date +%s
+ export CACTUS_STARTTIME=1755801565
+ CACTUS_STARTTIME=1755801565
+ '[' 2 = 1 ']'
+ mpirun -np 2 /home/runner/simulations/TestJob01_temp_2/SIMFACTORY/exe/cactus_sim -L 3 /home/runner/simulations/TestJob01_temp_2/output-0000/arrangements/CarpetX/BoxInBox/test/regions3.par
INFO (Cactus): Increased logging level from 0 to 3
--------------------------------------------------------------------------------

       10                                  
  1   0101       ************************  
  01  1010 10      The Cactus Code V4.18.0    
 1010 1101 011      www.cactuscode.org     
  1001 100101    ************************  
    00010101                               
     100011     (c) Copyright The Authors  
      0100      GNU Licensed. No Warranty  
      0101                                 
--------------------------------------------------------------------------------

Cactus version:    4.18.0
Compile date:      Aug 21 2025 (18:22:05)
Run date:          Aug 21 2025 (18:39:26+0000)
Run host:          pkrvmqc4gcfdwos.yo2jsnv3aaiufmiidgoerdg2xa.bx.internal.cloudapp.net (pid=136101)
Working directory: /home/runner/simulations/TestJob01_temp_2/output-0000/TEST/sim/BoxInBox
Executable:        /home/runner/simulations/TestJob01_temp_2/SIMFACTORY/exe/cactus_sim
Parameter file:    /home/runner/simulations/TestJob01_temp_2/output-0000/arrangements/CarpetX/BoxInBox/test/regions3.par
--------------------------------------------------------------------------------

Activating thorn Cactus...Success -> active implementation Cactus
Activation requested for 
--->BoxInBox CarpetX CarpetXRegrid CoordinatesX IOUtil<---
Thorn BoxInBox requests automatic activation of Loop
Thorn CarpetX requests automatic activation of AMReX
Thorn CarpetX requests automatic activation of MPI
Thorn CarpetX requests automatic activation of yaml_cpp
Thorn CarpetX requests automatic activation of zlib
Thorn CarpetX requests automatic activation of Arith
Thorn CarpetX requests automatic activation of ADIOS2
Thorn CarpetX requests automatic activation of openPMD
Thorn CarpetX requests automatic activation of Silo
Thorn ADIOS2 requests automatic activation of CMake
Thorn Arith requests automatic activation of NSIMD
Thorn MPI requests automatic activation of hwloc
Thorn openPMD requests automatic activation of HDF5
Activating thorn ADIOS2...Success -> active implementation ADIOS2
Activating thorn AMReX...Success -> active implementation AMReX
Activating thorn Arith...Success -> active implementation Arith
Activating thorn BoxInBox...Success -> active implementation BoxInBox
Activating thorn CarpetX...Success -> active implementation Driver
Activating thorn CarpetXRegrid...Success -> active implementation CarpetXRegrid
Activating thorn CMake...Success -> active implementation CMake
Activating thorn CoordinatesX...Success -> active implementation CoordinatesX
Activating thorn HDF5...Success -> active implementation HDF5
Activating thorn hwloc...Success -> active implementation hwloc
Activating thorn IOUtil...Success -> active implementation IO
Activating thorn Loop...Success -> active implementation Loop
Activating thorn MPI...Success -> active implementation MPI
Activating thorn NSIMD...Success -> active implementation NSIMD
Activating thorn openPMD...Success -> active implementation openPMD
Activating thorn Silo...Success -> active implementation Silo
Activating thorn yaml_cpp...Success -> active implementation yaml_cpp
Activating thorn zlib...Success -> active implementation zlib
INFO (hwloc): library version 2.10.0, API version 0x20800
--------------------------------------------------------------------------------

  [34m  ▕▏  [34m  ▕▏  [34m  ▕▏  [34m  ▕▏  [34m  ▕▏  [34m  ▕▏  [34m  ▕▏  [34m  ▕▏  [34m  ▕▏  [39m  
  [34m──██──[34m──██──[34m──██──[34m──██──[34m──██──[34m──██──[34m──██──[34m──██──[34m──██──[39m  
  [34m  ▕▏  [34m  ▕▏  [34m  ▕▏  [34m  ▕▏  [34m  ▕▏  [34m  ▕▏  [34m  ▕▏  [34m  ▕▏  [34m  ▕▏  [39m  
  [34m  ▕▏  [32m██████[34m  ▕▏  [34m  ▕▏  [32m██████[34m  ▕▏  [34m  ▕▏  [32m██████[34m  ▕▏  [39m  
  [34m──██──[32m██████[34m──██──[34m──██──[32m██████[34m──██──[34m──██──[32m██████[34m──██──[39m  
  [34m  ▕▏  [32m██████[34m  ▕▏  [34m  ▕▏  [32m██████[34m  ▕▏  [34m  ▕▏  [32m██████[34m  ▕▏  [39m  
  [34m  ▕▏  [34m  ▕▏  [34m  ▕▏  [34m  ▕▏  [34m  ▕▏  [34m  ▕▏  [34m  ▕▏  [34m  ▕▏  [34m  ▕▏  [39m  
  [34m──██──[34m──██──[34m──██──[34m──██──[34m──██──[34m──██──[34m──██──[34m──██──[34m──██──[39m  
  [34m  ▕▏  [34m  ▕▏  [34m  ▕▏  [34m  ▕▏  [34m  ▕▏  [34m  ▕▏  [34m  ▕▏  [34m  ▕▏  [34m  ▕▏  [39m  
  [34m  ▕▏  [34m  ▕▏  [34m  ▕▏  [31m██████[31m██████[31m██████[34m  ▕▏  [34m  ▕▏  [34m  ▕▏  [39m  
  [34m──██──[34m──██──[34m──██──[31m██████[31m██████[31m██████[34m──██──[34m──██──[34m──██──[39m  
  [34m  ▕▏  [34m  ▕▏  [34m  ▕▏  [31m██████[31m██████[31m██████[34m  ▕▏  [34m  ▕▏  [34m  ▕▏  [39m  
  [34m  ▕▏  [32m██████[34m  ▕▏  [31m██████[31m██████[31m██████[34m  ▕▏  [32m██████[34m  ▕▏  [39m  
  [34m──██──[32m██████[34m──██──[31m██████[31m██████[31m██████[34m──██──[32m██████[34m──██──[39m  
  [34m  ▕▏  [32m██████[34m  ▕▏  [31m██████[31m██████[31m██████[34m  ▕▏  [32m██████[34m  ▕▏  [39m  
  [34m  ▕▏  [34m  ▕▏  [34m  ▕▏  [31m██████[31m██████[31m██████[34m  ▕▏  [34m  ▕▏  [34m  ▕▏  [39m  
  [34m──██──[34m──██──[34m──██──[31m██████[31m██████[31m██████[34m──██──[34m──██──[34m──██──[39m  
  [34m  ▕▏  [34m  ▕▏  [34m  ▕▏  [31m██████[31m██████[31m██████[34m  ▕▏  [34m  ▕▏  [34m  ▕▏  [39m  
  [34m  ▕▏  [34m  ▕▏  [34m  ▕▏  [34m  ▕▏  [34m  ▕▏  [34m  ▕▏  [34m  ▕▏  [34m  ▕▏  [34m  ▕▏  [39m  
  [34m──██──[34m──██──[34m──██──[34m──██──[34m──██──[34m──██──[34m──██──[34m──██──[34m──██──[39m  
  [34m  ▕▏  [34m  ▕▏  [34m  ▕▏  [34m  ▕▏  [34m  ▕▏  [34m  ▕▏  [34m  ▕▏  [34m  ▕▏  [34m  ▕▏  [39m  
  [34m  ▕▏  [32m██████[34m  ▕▏  [34m  ▕▏  [32m██████[34m  ▕▏  [34m  ▕▏  [32m██████[34m  ▕▏  [39m  
  [34m──██──[32m██████[34m──██──[34m──██──[32m██████[34m──██──[34m──██──[32m██████[34m──██──[39m  
  [34m  ▕▏  [32m██████[34m  ▕▏  [34m  ▕▏  [32m██████[34m  ▕▏  [34m  ▕▏  [32m██████[34m  ▕▏  [39m  
  [34m  ▕▏  [34m  ▕▏  [34m  ▕▏  [34m  ▕▏  [34m  ▕▏  [34m  ▕▏  [34m  ▕▏  [34m  ▕▏  [34m  ▕▏  [39m  
  [34m──██──[34m──██──[34m──██──[34m──██──[34m──██──[34m──██──[34m──██──[34m──██──[34m──██──[39m  
  [34m  ▕▏  [34m  ▕▏  [34m  ▕▏  [34m  ▕▏  [34m  ▕▏  [34m  ▕▏  [34m  ▕▏  [34m  ▕▏  [34m  ▕▏  [39m  

AMR driver provided by CarpetX,
using AMReX 24.10 (MPI, OpenMP, no accelerators, debug)
--------------------------------------------------------------------------------

Initializing AMReX (24.10)...
MPI initialized with 2 MPI processes
MPI initialized with thread support level 2
OMP initialized with 1 OMP threads
AMReX (24.10) initialized
INFO (CarpetX): 
Symmetries:
  lower x: none
  lower y: none
  lower z: none
  upper x: none
  upper y: none
  upper z: none
Default boundaries:
  lower x: dirichlet
  lower y: dirichlet
  lower z: dirichlet
  upper x: dirichlet
  upper y: dirichlet
  upper z: dirichlet
INFO (Arith): Test_smallvector
INFO (Arith): Test_spvect
INFO (CarpetX): Setting initial values for max_grid_size values for all levels
INFO (CarpetX): Setting up initial conditions...
INFO (CarpetX): Iteration: 0   time: 0   delta_time: 0.015625
INFO (CarpetX): Patch 0:
INFO (CarpetX):   Grid extent:
INFO (CarpetX):     gsh=[67,67,67]
INFO (CarpetX):     blocking_factor=[8,8,8]
INFO (CarpetX):     max_grid_size=[32,32,32]
INFO (CarpetX):     max_tile_size=[1024000,16,32]
INFO (CarpetX):   Domain extent:
INFO (CarpetX):     xmin=[-1,-1,-1]
INFO (CarpetX):     xmax=[1,1,1]
INFO (CarpetX):     base dx=[0.03125,0.03125,0.03125]
INFO (CarpetX): Initializing level 0...
INFO (CarpetX): Regridding...
INFO (CarpetX):   level 0: 8 boxes, 262144 cells (100%)
INFO (CarpetX):   level 1: 12 boxes, 393216 cells (18.75%, 19%)
INFO (CarpetX): Iteration: 0   time: 0   delta_time: 0.0078125
INFO (CarpetX): Initializing level 1...
INFO (CarpetX): Regridding...
INFO (CarpetX):   level 0: 8 boxes, 262144 cells (100%)
INFO (CarpetX):   level 1: 12 boxes, 393216 cells (18.75%, 19%)
INFO (CarpetX):   level 2: 2 boxes, 65536 cells (0.3906%, 2%)
INFO (CarpetX): Iteration: 0   time: 0   delta_time: 0.00390625
INFO (CarpetX): Initializing level 2...
INFO (CarpetX): Regridding...
INFO (CarpetX):   level 0: 8 boxes, 262144 cells (100%)
INFO (CarpetX):   level 1: 12 boxes, 393216 cells (18.75%, 19%)
INFO (CarpetX):   level 2: 2 boxes, 65536 cells (0.3906%, 2%)
INFO (CarpetX): Initialized 3 levels
INFO (CarpetX): OutputGH: iteration 0, time 0.000000, run time 2 s
INFO (CarpetX): OutputGH done.
INFO (CarpetX): Starting evolution...
INFO (CarpetX): Regridding...
INFO (CarpetX): Setting max_grid_size values for all levels before regridding
INFO (CarpetX):   old levels 3, new levels 3
INFO (CarpetX):   level 0: 8 boxes, 262144 cells (100%)
INFO (CarpetX):   level 1: 12 boxes, 393216 cells (18.75%, 19%)
INFO (CarpetX):   level 2: 2 boxes, 65536 cells (0.3906%, 2%)
INFO (CarpetX): OutputGH: iteration 1, time 0.003906, run time 3 s
INFO (CarpetX): OutputGH done.
INFO (CarpetX): Simulation time: 0.00390625   Iterations per second: 1.82723   Simulation time per second: 0.00713762
INFO (CarpetX): Grid cells: 720896   Grid cell updates per second: 1.31724e+06
INFO (CarpetX): Performance:
INFO (CarpetX):   total evolution time:            0.547276 sec
INFO (CarpetX):   total evolution compute time:    0.547251 sec
INFO (CarpetX):   total evolution output time:     2.5034e-05 sec
INFO (CarpetX):   total iterations:                1
INFO (CarpetX):   total cells updated:             720896
INFO (CarpetX):   average iterations per second: 1.82723
INFO (CarpetX):   average cell updates per second: 1.31724e+06
INFO (CarpetX): Regridding...
INFO (CarpetX): Setting max_grid_size values for all levels before regridding
INFO (CarpetX):   old levels 3, new levels 3
INFO (CarpetX):   level 0: 8 boxes, 262144 cells (100%)
INFO (CarpetX):   level 1: 12 boxes, 393216 cells (18.75%, 19%)
INFO (CarpetX):   level 2: 2 boxes, 65536 cells (0.3906%, 2%)
INFO (CarpetX): OutputGH: iteration 2, time 0.007812, run time 3 s
INFO (CarpetX): OutputGH done.
INFO (CarpetX): Simulation time: 0.0078125   Iterations per second: 1.82957   Simulation time per second: 0.00714674
INFO (CarpetX): Grid cells: 720896   Grid cell updates per second: 1.31893e+06
INFO (CarpetX): Performance:
INFO (CarpetX):   total evolution time:            1.09385 sec
INFO (CarpetX):   total evolution compute time:    1.0938 sec
INFO (CarpetX):   total evolution output time:     5.10216e-05 sec
INFO (CarpetX):   total iterations:                2
INFO (CarpetX):   total cells updated:             1.44179e+06
INFO (CarpetX):   average iterations per second: 1.8284
INFO (CarpetX):   average cell updates per second: 1.31808e+06
INFO (CarpetX): Regridding...
INFO (CarpetX): Setting max_grid_size values for all levels before regridding
INFO (CarpetX):   old levels 3, new levels 3
INFO (CarpetX):   level 0: 8 boxes, 262144 cells (100%)
INFO (CarpetX):   level 1: 12 boxes, 393216 cells (18.75%, 19%)
INFO (CarpetX):   level 2: 2 boxes, 65536 cells (0.3906%, 2%)
INFO (CarpetX): OutputGH: iteration 3, time 0.011719, run time 4 s
INFO (CarpetX): OutputGH done.
INFO (CarpetX): Simulation time: 0.0117188   Iterations per second: 1.82636   Simulation time per second: 0.00713422
INFO (CarpetX): Grid cells: 720896   Grid cell updates per second: 1.31662e+06
INFO (CarpetX): Performance:
INFO (CarpetX):   total evolution time:            1.64139 sec
INFO (CarpetX):   total evolution compute time:    1.64131 sec
INFO (CarpetX):   total evolution output time:     7.79629e-05 sec
INFO (CarpetX):   total iterations:                3
INFO (CarpetX):   total cells updated:             2.16269e+06
INFO (CarpetX):   average iterations per second: 1.82772
INFO (CarpetX):   average cell updates per second: 1.31759e+06
INFO (CarpetX): Regridding...
INFO (CarpetX): Setting max_grid_size values for all levels before regridding
INFO (CarpetX):   old levels 3, new levels 3
INFO (CarpetX):   level 0: 8 boxes, 262144 cells (100%)
INFO (CarpetX):   level 1: 12 boxes, 393216 cells (18.75%, 19%)
INFO (CarpetX):   level 2: 2 boxes, 65536 cells (0.3906%, 2%)
INFO (CarpetX): OutputGH: iteration 4, time 0.015625, run time 4 s
INFO (CarpetX): OutputGH done.
INFO (CarpetX): Simulation time: 0.015625   Iterations per second: 1.83046   Simulation time per second: 0.00715024
INFO (CarpetX): Grid cells: 720896   Grid cell updates per second: 1.31957e+06
INFO (CarpetX): Performance:
INFO (CarpetX):   total evolution time:            2.1877 sec
INFO (CarpetX):   total evolution compute time:    2.18759 sec
INFO (CarpetX):   total evolution output time:     0.00010705 sec
INFO (CarpetX):   total iterations:                4
INFO (CarpetX):   total cells updated:             2.88358e+06
INFO (CarpetX):   average iterations per second: 1.8284
INFO (CarpetX):   average cell updates per second: 1.31809e+06
INFO (CarpetX): Regridding...
INFO (CarpetX): Setting max_grid_size values for all levels before regridding
INFO (CarpetX):   old levels 3, new levels 3
INFO (CarpetX):   level 0: 8 boxes, 262144 cells (100%)
INFO (CarpetX):   level 1: 12 boxes, 393216 cells (18.75%, 19%)
INFO (CarpetX):   level 2: 2 boxes, 65536 cells (0.3906%, 2%)
INFO (CarpetX): OutputGH: iteration 5, time 0.019531, run time 5 s
INFO (CarpetX): OutputGH done.
INFO (CarpetX): Simulation time: 0.0195312   Iterations per second: 1.82893   Simulation time per second: 0.00714424
INFO (CarpetX): Grid cells: 720896   Grid cell updates per second: 1.31847e+06
INFO (CarpetX): Performance:
INFO (CarpetX):   total evolution time:            2.73447 sec
INFO (CarpetX):   total evolution compute time:    2.73434 sec
INFO (CarpetX):   total evolution output time:     0.000132084 sec
INFO (CarpetX):   total iterations:                5
INFO (CarpetX):   total cells updated:             3.60448e+06
INFO (CarpetX):   average iterations per second: 1.82851
INFO (CarpetX):   average cell updates per second: 1.31816e+06
INFO (CarpetX): Regridding...
INFO (CarpetX): Setting max_grid_size values for all levels before regridding
INFO (CarpetX):   old levels 3, new levels 3
INFO (CarpetX):   level 0: 8 boxes, 262144 cells (100%)
INFO (CarpetX):   level 1: 12 boxes, 393216 cells (18.75%, 19%)
INFO (CarpetX):   level 2: 2 boxes, 65536 cells (0.3906%, 2%)
INFO (CarpetX): OutputGH: iteration 6, time 0.023438, run time 5 s
INFO (CarpetX): OutputGH done.
INFO (CarpetX): Simulation time: 0.0234375   Iterations per second: 1.82917   Simulation time per second: 0.00714518
INFO (CarpetX): Grid cells: 720896   Grid cell updates per second: 1.31864e+06
INFO (CarpetX): Performance:
INFO (CarpetX):   total evolution time:            3.28117 sec
INFO (CarpetX):   total evolution compute time:    3.28101 sec
INFO (CarpetX):   total evolution output time:     0.000158072 sec
INFO (CarpetX):   total iterations:                6
INFO (CarpetX):   total cells updated:             4.32538e+06
INFO (CarpetX):   average iterations per second: 1.82862
INFO (CarpetX):   average cell updates per second: 1.31824e+06
INFO (CarpetX): Regridding...
INFO (CarpetX): Setting max_grid_size values for all levels before regridding
INFO (CarpetX):   old levels 3, new levels 3
INFO (CarpetX):   level 0: 8 boxes, 262144 cells (100%)
INFO (CarpetX):   level 1: 12 boxes, 393216 cells (18.75%, 19%)
INFO (CarpetX):   level 2: 2 boxes, 65536 cells (0.3906%, 2%)
INFO (CarpetX): OutputGH: iteration 7, time 0.027344, run time 6 s
INFO (CarpetX): OutputGH done.
INFO (CarpetX): Simulation time: 0.0273438   Iterations per second: 1.82552   Simulation time per second: 0.00713094
INFO (CarpetX): Grid cells: 720896   Grid cell updates per second: 1.31601e+06
INFO (CarpetX): Performance:
INFO (CarpetX):   total evolution time:            3.82896 sec
INFO (CarpetX):   total evolution compute time:    3.82877 sec
INFO (CarpetX):   total evolution output time:     0.000189066 sec
INFO (CarpetX):   total iterations:                7
INFO (CarpetX):   total cells updated:             5.04627e+06
INFO (CarpetX):   average iterations per second: 1.82817
INFO (CarpetX):   average cell updates per second: 1.31792e+06
INFO (CarpetX): Regridding...
INFO (CarpetX): Setting max_grid_size values for all levels before regridding
INFO (CarpetX):   old levels 3, new levels 3
INFO (CarpetX):   level 0: 8 boxes, 262144 cells (100%)
INFO (CarpetX):   level 1: 12 boxes, 393216 cells (18.75%, 19%)
INFO (CarpetX):   level 2: 2 boxes, 65536 cells (0.3906%, 2%)
INFO (CarpetX): OutputGH: iteration 8, time 0.031250, run time 7 s
INFO (CarpetX): OutputGH done.
INFO (CarpetX): Simulation time: 0.03125   Iterations per second: 1.83001   Simulation time per second: 0.00714846
INFO (CarpetX): Grid cells: 720896   Grid cell updates per second: 1.31924e+06
INFO (CarpetX): Performance:
INFO (CarpetX):   total evolution time:            4.3754 sec
INFO (CarpetX):   total evolution compute time:    4.37517 sec
INFO (CarpetX):   total evolution output time:     0.000231981 sec
INFO (CarpetX):   total iterations:                8
INFO (CarpetX):   total cells updated:             5.76717e+06
INFO (CarpetX):   average iterations per second: 1.8284
INFO (CarpetX):   average cell updates per second: 1.31809e+06
INFO (CarpetX): Regridding...
INFO (CarpetX): Setting max_grid_size values for all levels before regridding
INFO (CarpetX):   old levels 3, new levels 3
INFO (CarpetX):   level 0: 8 boxes, 262144 cells (100%)
INFO (CarpetX):   level 1: 12 boxes, 393216 cells (18.75%, 19%)
INFO (CarpetX):   level 2: 2 boxes, 65536 cells (0.3906%, 2%)
INFO (CarpetX): OutputGH: iteration 9, time 0.035156, run time 7 s
INFO (CarpetX): OutputGH done.
INFO (CarpetX): Simulation time: 0.0351562   Iterations per second: 1.82696   Simulation time per second: 0.00713658
INFO (CarpetX): Grid cells: 720896   Grid cell updates per second: 1.31705e+06
INFO (CarpetX): Performance:
INFO (CarpetX):   total evolution time:            4.92276 sec
INFO (CarpetX):   total evolution compute time:    4.9225 sec
INFO (CarpetX):   total evolution output time:     0.000262976 sec
INFO (CarpetX):   total iterations:                9
INFO (CarpetX):   total cells updated:             6.48806e+06
INFO (CarpetX):   average iterations per second: 1.82824
INFO (CarpetX):   average cell updates per second: 1.31797e+06
INFO (CarpetX): Regridding...
INFO (CarpetX): Setting max_grid_size values for all levels before regridding
INFO (CarpetX):   old levels 3, new levels 3
INFO (CarpetX):   level 0: 8 boxes, 262144 cells (100%)
INFO (CarpetX):   level 1: 12 boxes, 393216 cells (18.75%, 19%)
INFO (CarpetX):   level 2: 2 boxes, 65536 cells (0.3906%, 2%)
INFO (CarpetX): OutputGH: iteration 10, time 0.039062, run time 8 s
INFO (CarpetX): OutputGH done.
INFO (CarpetX): Simulation time: 0.0390625   Iterations per second: 1.64868   Simulation time per second: 0.00644018
INFO (CarpetX): Grid cells: 720896   Grid cell updates per second: 1.18853e+06
INFO (CarpetX): Performance:
INFO (CarpetX):   total evolution time:            5.5293 sec
INFO (CarpetX):   total evolution compute time:    5.46929 sec
INFO (CarpetX):   total evolution output time:     0.0600121 sec
INFO (CarpetX):   total iterations:                10
INFO (CarpetX):   total cells updated:             7.20896e+06
INFO (CarpetX):   average iterations per second: 1.80855
INFO (CarpetX):   average cell updates per second: 1.30377e+06
INFO (CarpetX): Shutting down...
AMReX (24.10) finalized
--------------------------------------------------------------------------------
Done.
+ echo Stopping:
Stopping:
+ date
Thu Aug 21 18:39:33 UTC 2025
+ echo Done.
Done.
  Elapsed time: 7.6 s
